[2024-07-14T16:33:17.351+0000] {processor.py:161} INFO - Started process (PID=45) to work on /home/airflow/.local/lib/python3.12/site-packages/airflow/example_dags/example_kubernetes_executor.py
[2024-07-14T16:33:17.358+0000] {processor.py:830} INFO - Processing file /home/airflow/.local/lib/python3.12/site-packages/airflow/example_dags/example_kubernetes_executor.py for tasks to queue
[2024-07-14T16:33:17.381+0000] {logging_mixin.py:188} INFO - [2024-07-14T16:33:17.380+0000] {dagbag.py:545} INFO - Filling up the DagBag from /home/airflow/.local/lib/python3.12/site-packages/airflow/example_dags/example_kubernetes_executor.py
[2024-07-14T16:33:17.539+0000] {processor.py:840} INFO - DAG(s) 'example_kubernetes_executor' retrieved from /home/airflow/.local/lib/python3.12/site-packages/airflow/example_dags/example_kubernetes_executor.py
[2024-07-14T16:33:18.984+0000] {logging_mixin.py:188} INFO - [2024-07-14T16:33:18.984+0000] {dag.py:3096} INFO - Sync 1 DAGs
[2024-07-14T16:33:19.098+0000] {logging_mixin.py:188} INFO - [2024-07-14T16:33:19.097+0000] {dag.py:3954} INFO - Setting next_dagrun for example_kubernetes_executor to None, run_after=None
[2024-07-14T16:33:19.284+0000] {processor.py:183} INFO - Processing /home/airflow/.local/lib/python3.12/site-packages/airflow/example_dags/example_kubernetes_executor.py took 2.007 seconds
[2024-07-14T16:33:49.998+0000] {processor.py:161} INFO - Started process (PID=103) to work on /home/airflow/.local/lib/python3.12/site-packages/airflow/example_dags/example_kubernetes_executor.py
[2024-07-14T16:33:50.000+0000] {processor.py:830} INFO - Processing file /home/airflow/.local/lib/python3.12/site-packages/airflow/example_dags/example_kubernetes_executor.py for tasks to queue
[2024-07-14T16:33:50.023+0000] {logging_mixin.py:188} INFO - [2024-07-14T16:33:50.022+0000] {dagbag.py:545} INFO - Filling up the DagBag from /home/airflow/.local/lib/python3.12/site-packages/airflow/example_dags/example_kubernetes_executor.py
[2024-07-14T16:33:50.068+0000] {processor.py:840} INFO - DAG(s) 'example_kubernetes_executor' retrieved from /home/airflow/.local/lib/python3.12/site-packages/airflow/example_dags/example_kubernetes_executor.py
[2024-07-14T16:33:50.199+0000] {logging_mixin.py:188} INFO - [2024-07-14T16:33:50.199+0000] {dag.py:3096} INFO - Sync 1 DAGs
[2024-07-14T16:33:50.230+0000] {logging_mixin.py:188} INFO - [2024-07-14T16:33:50.230+0000] {dag.py:3954} INFO - Setting next_dagrun for example_kubernetes_executor to None, run_after=None
[2024-07-14T16:33:50.279+0000] {processor.py:183} INFO - Processing /home/airflow/.local/lib/python3.12/site-packages/airflow/example_dags/example_kubernetes_executor.py took 0.292 seconds
[2024-07-14T16:34:20.716+0000] {processor.py:161} INFO - Started process (PID=160) to work on /home/airflow/.local/lib/python3.12/site-packages/airflow/example_dags/example_kubernetes_executor.py
[2024-07-14T16:34:20.722+0000] {processor.py:830} INFO - Processing file /home/airflow/.local/lib/python3.12/site-packages/airflow/example_dags/example_kubernetes_executor.py for tasks to queue
[2024-07-14T16:34:20.728+0000] {logging_mixin.py:188} INFO - [2024-07-14T16:34:20.728+0000] {dagbag.py:545} INFO - Filling up the DagBag from /home/airflow/.local/lib/python3.12/site-packages/airflow/example_dags/example_kubernetes_executor.py
[2024-07-14T16:34:20.750+0000] {processor.py:840} INFO - DAG(s) 'example_kubernetes_executor' retrieved from /home/airflow/.local/lib/python3.12/site-packages/airflow/example_dags/example_kubernetes_executor.py
[2024-07-14T16:34:20.826+0000] {logging_mixin.py:188} INFO - [2024-07-14T16:34:20.824+0000] {dag.py:3096} INFO - Sync 1 DAGs
[2024-07-14T16:34:20.855+0000] {logging_mixin.py:188} INFO - [2024-07-14T16:34:20.855+0000] {dag.py:3954} INFO - Setting next_dagrun for example_kubernetes_executor to None, run_after=None
[2024-07-14T16:34:20.901+0000] {processor.py:183} INFO - Processing /home/airflow/.local/lib/python3.12/site-packages/airflow/example_dags/example_kubernetes_executor.py took 0.200 seconds
[2024-07-14T16:34:51.796+0000] {processor.py:161} INFO - Started process (PID=218) to work on /home/airflow/.local/lib/python3.12/site-packages/airflow/example_dags/example_kubernetes_executor.py
[2024-07-14T16:34:51.799+0000] {processor.py:830} INFO - Processing file /home/airflow/.local/lib/python3.12/site-packages/airflow/example_dags/example_kubernetes_executor.py for tasks to queue
[2024-07-14T16:34:51.804+0000] {logging_mixin.py:188} INFO - [2024-07-14T16:34:51.803+0000] {dagbag.py:545} INFO - Filling up the DagBag from /home/airflow/.local/lib/python3.12/site-packages/airflow/example_dags/example_kubernetes_executor.py
[2024-07-14T16:34:51.834+0000] {processor.py:840} INFO - DAG(s) 'example_kubernetes_executor' retrieved from /home/airflow/.local/lib/python3.12/site-packages/airflow/example_dags/example_kubernetes_executor.py
[2024-07-14T16:34:51.914+0000] {logging_mixin.py:188} INFO - [2024-07-14T16:34:51.914+0000] {dag.py:3096} INFO - Sync 1 DAGs
[2024-07-14T16:34:51.947+0000] {logging_mixin.py:188} INFO - [2024-07-14T16:34:51.947+0000] {dag.py:3954} INFO - Setting next_dagrun for example_kubernetes_executor to None, run_after=None
[2024-07-14T16:34:51.990+0000] {processor.py:183} INFO - Processing /home/airflow/.local/lib/python3.12/site-packages/airflow/example_dags/example_kubernetes_executor.py took 0.205 seconds
[2024-07-14T16:35:22.143+0000] {processor.py:161} INFO - Started process (PID=276) to work on /home/airflow/.local/lib/python3.12/site-packages/airflow/example_dags/example_kubernetes_executor.py
[2024-07-14T16:35:22.145+0000] {processor.py:830} INFO - Processing file /home/airflow/.local/lib/python3.12/site-packages/airflow/example_dags/example_kubernetes_executor.py for tasks to queue
[2024-07-14T16:35:22.149+0000] {logging_mixin.py:188} INFO - [2024-07-14T16:35:22.148+0000] {dagbag.py:545} INFO - Filling up the DagBag from /home/airflow/.local/lib/python3.12/site-packages/airflow/example_dags/example_kubernetes_executor.py
[2024-07-14T16:35:22.190+0000] {processor.py:840} INFO - DAG(s) 'example_kubernetes_executor' retrieved from /home/airflow/.local/lib/python3.12/site-packages/airflow/example_dags/example_kubernetes_executor.py
[2024-07-14T16:35:22.358+0000] {logging_mixin.py:188} INFO - [2024-07-14T16:35:22.357+0000] {dag.py:3096} INFO - Sync 1 DAGs
[2024-07-14T16:35:22.397+0000] {logging_mixin.py:188} INFO - [2024-07-14T16:35:22.397+0000] {dag.py:3954} INFO - Setting next_dagrun for example_kubernetes_executor to None, run_after=None
[2024-07-14T16:35:22.449+0000] {processor.py:183} INFO - Processing /home/airflow/.local/lib/python3.12/site-packages/airflow/example_dags/example_kubernetes_executor.py took 0.320 seconds
[2024-07-14T16:35:52.729+0000] {processor.py:161} INFO - Started process (PID=334) to work on /home/airflow/.local/lib/python3.12/site-packages/airflow/example_dags/example_kubernetes_executor.py
[2024-07-14T16:35:52.730+0000] {processor.py:830} INFO - Processing file /home/airflow/.local/lib/python3.12/site-packages/airflow/example_dags/example_kubernetes_executor.py for tasks to queue
[2024-07-14T16:35:52.733+0000] {logging_mixin.py:188} INFO - [2024-07-14T16:35:52.733+0000] {dagbag.py:545} INFO - Filling up the DagBag from /home/airflow/.local/lib/python3.12/site-packages/airflow/example_dags/example_kubernetes_executor.py
[2024-07-14T16:35:52.751+0000] {processor.py:840} INFO - DAG(s) 'example_kubernetes_executor' retrieved from /home/airflow/.local/lib/python3.12/site-packages/airflow/example_dags/example_kubernetes_executor.py
[2024-07-14T16:35:52.842+0000] {logging_mixin.py:188} INFO - [2024-07-14T16:35:52.841+0000] {dag.py:3096} INFO - Sync 1 DAGs
[2024-07-14T16:35:52.872+0000] {logging_mixin.py:188} INFO - [2024-07-14T16:35:52.871+0000] {dag.py:3954} INFO - Setting next_dagrun for example_kubernetes_executor to None, run_after=None
[2024-07-14T16:35:52.907+0000] {processor.py:183} INFO - Processing /home/airflow/.local/lib/python3.12/site-packages/airflow/example_dags/example_kubernetes_executor.py took 0.201 seconds
[2024-07-14T16:36:23.094+0000] {processor.py:161} INFO - Started process (PID=391) to work on /home/airflow/.local/lib/python3.12/site-packages/airflow/example_dags/example_kubernetes_executor.py
[2024-07-14T16:36:23.096+0000] {processor.py:830} INFO - Processing file /home/airflow/.local/lib/python3.12/site-packages/airflow/example_dags/example_kubernetes_executor.py for tasks to queue
[2024-07-14T16:36:23.100+0000] {logging_mixin.py:188} INFO - [2024-07-14T16:36:23.099+0000] {dagbag.py:545} INFO - Filling up the DagBag from /home/airflow/.local/lib/python3.12/site-packages/airflow/example_dags/example_kubernetes_executor.py
[2024-07-14T16:36:23.130+0000] {processor.py:840} INFO - DAG(s) 'example_kubernetes_executor' retrieved from /home/airflow/.local/lib/python3.12/site-packages/airflow/example_dags/example_kubernetes_executor.py
[2024-07-14T16:36:23.248+0000] {logging_mixin.py:188} INFO - [2024-07-14T16:36:23.248+0000] {dag.py:3096} INFO - Sync 1 DAGs
[2024-07-14T16:36:23.286+0000] {logging_mixin.py:188} INFO - [2024-07-14T16:36:23.286+0000] {dag.py:3954} INFO - Setting next_dagrun for example_kubernetes_executor to None, run_after=None
[2024-07-14T16:36:23.335+0000] {processor.py:183} INFO - Processing /home/airflow/.local/lib/python3.12/site-packages/airflow/example_dags/example_kubernetes_executor.py took 0.253 seconds
[2024-07-14T16:36:54.137+0000] {processor.py:161} INFO - Started process (PID=448) to work on /home/airflow/.local/lib/python3.12/site-packages/airflow/example_dags/example_kubernetes_executor.py
[2024-07-14T16:36:54.140+0000] {processor.py:830} INFO - Processing file /home/airflow/.local/lib/python3.12/site-packages/airflow/example_dags/example_kubernetes_executor.py for tasks to queue
[2024-07-14T16:36:54.144+0000] {logging_mixin.py:188} INFO - [2024-07-14T16:36:54.143+0000] {dagbag.py:545} INFO - Filling up the DagBag from /home/airflow/.local/lib/python3.12/site-packages/airflow/example_dags/example_kubernetes_executor.py
[2024-07-14T16:36:54.197+0000] {processor.py:840} INFO - DAG(s) 'example_kubernetes_executor' retrieved from /home/airflow/.local/lib/python3.12/site-packages/airflow/example_dags/example_kubernetes_executor.py
[2024-07-14T16:36:54.303+0000] {logging_mixin.py:188} INFO - [2024-07-14T16:36:54.303+0000] {dag.py:3096} INFO - Sync 1 DAGs
[2024-07-14T16:36:54.337+0000] {logging_mixin.py:188} INFO - [2024-07-14T16:36:54.337+0000] {dag.py:3954} INFO - Setting next_dagrun for example_kubernetes_executor to None, run_after=None
[2024-07-14T16:36:54.389+0000] {processor.py:183} INFO - Processing /home/airflow/.local/lib/python3.12/site-packages/airflow/example_dags/example_kubernetes_executor.py took 0.261 seconds
[2024-07-14T16:37:25.234+0000] {processor.py:161} INFO - Started process (PID=505) to work on /home/airflow/.local/lib/python3.12/site-packages/airflow/example_dags/example_kubernetes_executor.py
[2024-07-14T16:37:25.237+0000] {processor.py:830} INFO - Processing file /home/airflow/.local/lib/python3.12/site-packages/airflow/example_dags/example_kubernetes_executor.py for tasks to queue
[2024-07-14T16:37:25.241+0000] {logging_mixin.py:188} INFO - [2024-07-14T16:37:25.240+0000] {dagbag.py:545} INFO - Filling up the DagBag from /home/airflow/.local/lib/python3.12/site-packages/airflow/example_dags/example_kubernetes_executor.py
[2024-07-14T16:37:25.348+0000] {processor.py:840} INFO - DAG(s) 'example_kubernetes_executor' retrieved from /home/airflow/.local/lib/python3.12/site-packages/airflow/example_dags/example_kubernetes_executor.py
[2024-07-14T16:37:25.502+0000] {logging_mixin.py:188} INFO - [2024-07-14T16:37:25.501+0000] {dag.py:3096} INFO - Sync 1 DAGs
[2024-07-14T16:37:25.546+0000] {logging_mixin.py:188} INFO - [2024-07-14T16:37:25.546+0000] {dag.py:3954} INFO - Setting next_dagrun for example_kubernetes_executor to None, run_after=None
[2024-07-14T16:37:25.820+0000] {processor.py:183} INFO - Processing /home/airflow/.local/lib/python3.12/site-packages/airflow/example_dags/example_kubernetes_executor.py took 0.616 seconds
[2024-07-14T16:38:04.611+0000] {processor.py:161} INFO - Started process (PID=563) to work on /home/airflow/.local/lib/python3.12/site-packages/airflow/example_dags/example_kubernetes_executor.py
[2024-07-14T16:38:04.643+0000] {processor.py:830} INFO - Processing file /home/airflow/.local/lib/python3.12/site-packages/airflow/example_dags/example_kubernetes_executor.py for tasks to queue
[2024-07-14T16:38:04.647+0000] {logging_mixin.py:188} INFO - [2024-07-14T16:38:04.646+0000] {dagbag.py:545} INFO - Filling up the DagBag from /home/airflow/.local/lib/python3.12/site-packages/airflow/example_dags/example_kubernetes_executor.py
[2024-07-14T16:38:04.817+0000] {processor.py:840} INFO - DAG(s) 'example_kubernetes_executor' retrieved from /home/airflow/.local/lib/python3.12/site-packages/airflow/example_dags/example_kubernetes_executor.py
[2024-07-14T16:38:05.589+0000] {logging_mixin.py:188} INFO - [2024-07-14T16:38:05.578+0000] {dag.py:3096} INFO - Sync 1 DAGs
[2024-07-14T16:38:07.569+0000] {logging_mixin.py:188} INFO - [2024-07-14T16:38:07.564+0000] {dag.py:3954} INFO - Setting next_dagrun for example_kubernetes_executor to None, run_after=None
[2024-07-14T16:38:09.042+0000] {processor.py:183} INFO - Processing /home/airflow/.local/lib/python3.12/site-packages/airflow/example_dags/example_kubernetes_executor.py took 4.466 seconds
[2024-07-14T16:39:07.305+0000] {processor.py:161} INFO - Started process (PID=599) to work on /home/airflow/.local/lib/python3.12/site-packages/airflow/example_dags/example_kubernetes_executor.py
[2024-07-14T16:39:07.325+0000] {processor.py:830} INFO - Processing file /home/airflow/.local/lib/python3.12/site-packages/airflow/example_dags/example_kubernetes_executor.py for tasks to queue
[2024-07-14T16:39:07.327+0000] {logging_mixin.py:188} INFO - [2024-07-14T16:39:07.327+0000] {dagbag.py:545} INFO - Filling up the DagBag from /home/airflow/.local/lib/python3.12/site-packages/airflow/example_dags/example_kubernetes_executor.py
[2024-07-14T16:39:07.707+0000] {processor.py:840} INFO - DAG(s) 'example_kubernetes_executor' retrieved from /home/airflow/.local/lib/python3.12/site-packages/airflow/example_dags/example_kubernetes_executor.py
[2024-07-14T16:39:09.220+0000] {logging_mixin.py:188} INFO - [2024-07-14T16:39:09.216+0000] {dag.py:3096} INFO - Sync 1 DAGs
[2024-07-14T16:39:09.445+0000] {logging_mixin.py:188} INFO - [2024-07-14T16:39:09.444+0000] {dag.py:3954} INFO - Setting next_dagrun for example_kubernetes_executor to None, run_after=None
[2024-07-14T16:39:10.045+0000] {processor.py:183} INFO - Processing /home/airflow/.local/lib/python3.12/site-packages/airflow/example_dags/example_kubernetes_executor.py took 3.111 seconds
[2024-07-14T16:39:40.451+0000] {processor.py:161} INFO - Started process (PID=659) to work on /home/airflow/.local/lib/python3.12/site-packages/airflow/example_dags/example_kubernetes_executor.py
[2024-07-14T16:39:40.454+0000] {processor.py:830} INFO - Processing file /home/airflow/.local/lib/python3.12/site-packages/airflow/example_dags/example_kubernetes_executor.py for tasks to queue
[2024-07-14T16:39:40.456+0000] {logging_mixin.py:188} INFO - [2024-07-14T16:39:40.456+0000] {dagbag.py:545} INFO - Filling up the DagBag from /home/airflow/.local/lib/python3.12/site-packages/airflow/example_dags/example_kubernetes_executor.py
[2024-07-14T16:39:40.499+0000] {processor.py:840} INFO - DAG(s) 'example_kubernetes_executor' retrieved from /home/airflow/.local/lib/python3.12/site-packages/airflow/example_dags/example_kubernetes_executor.py
[2024-07-14T16:39:40.599+0000] {logging_mixin.py:188} INFO - [2024-07-14T16:39:40.598+0000] {dag.py:3096} INFO - Sync 1 DAGs
[2024-07-14T16:39:40.640+0000] {logging_mixin.py:188} INFO - [2024-07-14T16:39:40.640+0000] {dag.py:3954} INFO - Setting next_dagrun for example_kubernetes_executor to None, run_after=None
[2024-07-14T16:39:40.678+0000] {processor.py:183} INFO - Processing /home/airflow/.local/lib/python3.12/site-packages/airflow/example_dags/example_kubernetes_executor.py took 0.245 seconds
[2024-07-14T16:40:11.825+0000] {processor.py:161} INFO - Started process (PID=718) to work on /home/airflow/.local/lib/python3.12/site-packages/airflow/example_dags/example_kubernetes_executor.py
[2024-07-14T16:40:11.839+0000] {processor.py:830} INFO - Processing file /home/airflow/.local/lib/python3.12/site-packages/airflow/example_dags/example_kubernetes_executor.py for tasks to queue
[2024-07-14T16:40:11.842+0000] {logging_mixin.py:188} INFO - [2024-07-14T16:40:11.841+0000] {dagbag.py:545} INFO - Filling up the DagBag from /home/airflow/.local/lib/python3.12/site-packages/airflow/example_dags/example_kubernetes_executor.py
[2024-07-14T16:40:11.895+0000] {processor.py:840} INFO - DAG(s) 'example_kubernetes_executor' retrieved from /home/airflow/.local/lib/python3.12/site-packages/airflow/example_dags/example_kubernetes_executor.py
[2024-07-14T16:40:12.263+0000] {logging_mixin.py:188} INFO - [2024-07-14T16:40:12.262+0000] {dag.py:3096} INFO - Sync 1 DAGs
[2024-07-14T16:40:12.345+0000] {logging_mixin.py:188} INFO - [2024-07-14T16:40:12.345+0000] {dag.py:3954} INFO - Setting next_dagrun for example_kubernetes_executor to None, run_after=None
[2024-07-14T16:40:12.433+0000] {processor.py:183} INFO - Processing /home/airflow/.local/lib/python3.12/site-packages/airflow/example_dags/example_kubernetes_executor.py took 0.620 seconds
[2024-07-14T16:40:42.536+0000] {processor.py:161} INFO - Started process (PID=774) to work on /home/airflow/.local/lib/python3.12/site-packages/airflow/example_dags/example_kubernetes_executor.py
[2024-07-14T16:40:42.547+0000] {processor.py:830} INFO - Processing file /home/airflow/.local/lib/python3.12/site-packages/airflow/example_dags/example_kubernetes_executor.py for tasks to queue
[2024-07-14T16:40:42.552+0000] {logging_mixin.py:188} INFO - [2024-07-14T16:40:42.551+0000] {dagbag.py:545} INFO - Filling up the DagBag from /home/airflow/.local/lib/python3.12/site-packages/airflow/example_dags/example_kubernetes_executor.py
[2024-07-14T16:40:42.641+0000] {processor.py:840} INFO - DAG(s) 'example_kubernetes_executor' retrieved from /home/airflow/.local/lib/python3.12/site-packages/airflow/example_dags/example_kubernetes_executor.py
[2024-07-14T16:40:42.744+0000] {logging_mixin.py:188} INFO - [2024-07-14T16:40:42.744+0000] {dag.py:3096} INFO - Sync 1 DAGs
[2024-07-14T16:40:42.787+0000] {logging_mixin.py:188} INFO - [2024-07-14T16:40:42.786+0000] {dag.py:3954} INFO - Setting next_dagrun for example_kubernetes_executor to None, run_after=None
[2024-07-14T16:40:42.847+0000] {processor.py:183} INFO - Processing /home/airflow/.local/lib/python3.12/site-packages/airflow/example_dags/example_kubernetes_executor.py took 0.339 seconds
[2024-07-14T16:41:13.156+0000] {processor.py:161} INFO - Started process (PID=832) to work on /home/airflow/.local/lib/python3.12/site-packages/airflow/example_dags/example_kubernetes_executor.py
[2024-07-14T16:41:13.159+0000] {processor.py:830} INFO - Processing file /home/airflow/.local/lib/python3.12/site-packages/airflow/example_dags/example_kubernetes_executor.py for tasks to queue
[2024-07-14T16:41:13.170+0000] {logging_mixin.py:188} INFO - [2024-07-14T16:41:13.162+0000] {dagbag.py:545} INFO - Filling up the DagBag from /home/airflow/.local/lib/python3.12/site-packages/airflow/example_dags/example_kubernetes_executor.py
[2024-07-14T16:41:13.196+0000] {processor.py:840} INFO - DAG(s) 'example_kubernetes_executor' retrieved from /home/airflow/.local/lib/python3.12/site-packages/airflow/example_dags/example_kubernetes_executor.py
[2024-07-14T16:41:13.276+0000] {logging_mixin.py:188} INFO - [2024-07-14T16:41:13.270+0000] {dag.py:3096} INFO - Sync 1 DAGs
[2024-07-14T16:41:13.297+0000] {logging_mixin.py:188} INFO - [2024-07-14T16:41:13.297+0000] {dag.py:3954} INFO - Setting next_dagrun for example_kubernetes_executor to None, run_after=None
[2024-07-14T16:41:13.344+0000] {processor.py:183} INFO - Processing /home/airflow/.local/lib/python3.12/site-packages/airflow/example_dags/example_kubernetes_executor.py took 0.199 seconds
[2024-07-14T16:41:43.417+0000] {processor.py:161} INFO - Started process (PID=891) to work on /home/airflow/.local/lib/python3.12/site-packages/airflow/example_dags/example_kubernetes_executor.py
[2024-07-14T16:41:43.421+0000] {processor.py:830} INFO - Processing file /home/airflow/.local/lib/python3.12/site-packages/airflow/example_dags/example_kubernetes_executor.py for tasks to queue
[2024-07-14T16:41:43.457+0000] {logging_mixin.py:188} INFO - [2024-07-14T16:41:43.457+0000] {dagbag.py:545} INFO - Filling up the DagBag from /home/airflow/.local/lib/python3.12/site-packages/airflow/example_dags/example_kubernetes_executor.py
[2024-07-14T16:41:43.485+0000] {processor.py:840} INFO - DAG(s) 'example_kubernetes_executor' retrieved from /home/airflow/.local/lib/python3.12/site-packages/airflow/example_dags/example_kubernetes_executor.py
[2024-07-14T16:41:43.581+0000] {logging_mixin.py:188} INFO - [2024-07-14T16:41:43.581+0000] {dag.py:3096} INFO - Sync 1 DAGs
[2024-07-14T16:41:43.603+0000] {logging_mixin.py:188} INFO - [2024-07-14T16:41:43.602+0000] {dag.py:3954} INFO - Setting next_dagrun for example_kubernetes_executor to None, run_after=None
[2024-07-14T16:41:43.642+0000] {processor.py:183} INFO - Processing /home/airflow/.local/lib/python3.12/site-packages/airflow/example_dags/example_kubernetes_executor.py took 0.236 seconds
[2024-07-14T16:42:14.080+0000] {processor.py:161} INFO - Started process (PID=950) to work on /home/airflow/.local/lib/python3.12/site-packages/airflow/example_dags/example_kubernetes_executor.py
[2024-07-14T16:42:14.082+0000] {processor.py:830} INFO - Processing file /home/airflow/.local/lib/python3.12/site-packages/airflow/example_dags/example_kubernetes_executor.py for tasks to queue
[2024-07-14T16:42:14.085+0000] {logging_mixin.py:188} INFO - [2024-07-14T16:42:14.084+0000] {dagbag.py:545} INFO - Filling up the DagBag from /home/airflow/.local/lib/python3.12/site-packages/airflow/example_dags/example_kubernetes_executor.py
[2024-07-14T16:42:14.109+0000] {processor.py:840} INFO - DAG(s) 'example_kubernetes_executor' retrieved from /home/airflow/.local/lib/python3.12/site-packages/airflow/example_dags/example_kubernetes_executor.py
[2024-07-14T16:42:14.209+0000] {logging_mixin.py:188} INFO - [2024-07-14T16:42:14.208+0000] {dag.py:3096} INFO - Sync 1 DAGs
[2024-07-14T16:42:14.244+0000] {logging_mixin.py:188} INFO - [2024-07-14T16:42:14.244+0000] {dag.py:3954} INFO - Setting next_dagrun for example_kubernetes_executor to None, run_after=None
[2024-07-14T16:42:14.440+0000] {processor.py:183} INFO - Processing /home/airflow/.local/lib/python3.12/site-packages/airflow/example_dags/example_kubernetes_executor.py took 0.386 seconds
[2024-07-14T16:42:44.853+0000] {processor.py:161} INFO - Started process (PID=1008) to work on /home/airflow/.local/lib/python3.12/site-packages/airflow/example_dags/example_kubernetes_executor.py
[2024-07-14T16:42:44.866+0000] {processor.py:830} INFO - Processing file /home/airflow/.local/lib/python3.12/site-packages/airflow/example_dags/example_kubernetes_executor.py for tasks to queue
[2024-07-14T16:42:45.027+0000] {logging_mixin.py:188} INFO - [2024-07-14T16:42:45.026+0000] {dagbag.py:545} INFO - Filling up the DagBag from /home/airflow/.local/lib/python3.12/site-packages/airflow/example_dags/example_kubernetes_executor.py
[2024-07-14T16:42:45.185+0000] {processor.py:840} INFO - DAG(s) 'example_kubernetes_executor' retrieved from /home/airflow/.local/lib/python3.12/site-packages/airflow/example_dags/example_kubernetes_executor.py
[2024-07-14T16:42:45.652+0000] {logging_mixin.py:188} INFO - [2024-07-14T16:42:45.651+0000] {dag.py:3096} INFO - Sync 1 DAGs
[2024-07-14T16:42:45.812+0000] {logging_mixin.py:188} INFO - [2024-07-14T16:42:45.811+0000] {dag.py:3954} INFO - Setting next_dagrun for example_kubernetes_executor to None, run_after=None
[2024-07-14T16:42:45.928+0000] {processor.py:183} INFO - Processing /home/airflow/.local/lib/python3.12/site-packages/airflow/example_dags/example_kubernetes_executor.py took 1.221 seconds
[2024-07-14T16:43:16.035+0000] {processor.py:161} INFO - Started process (PID=1067) to work on /home/airflow/.local/lib/python3.12/site-packages/airflow/example_dags/example_kubernetes_executor.py
[2024-07-14T16:43:16.038+0000] {processor.py:830} INFO - Processing file /home/airflow/.local/lib/python3.12/site-packages/airflow/example_dags/example_kubernetes_executor.py for tasks to queue
[2024-07-14T16:43:16.042+0000] {logging_mixin.py:188} INFO - [2024-07-14T16:43:16.041+0000] {dagbag.py:545} INFO - Filling up the DagBag from /home/airflow/.local/lib/python3.12/site-packages/airflow/example_dags/example_kubernetes_executor.py
[2024-07-14T16:43:16.076+0000] {processor.py:840} INFO - DAG(s) 'example_kubernetes_executor' retrieved from /home/airflow/.local/lib/python3.12/site-packages/airflow/example_dags/example_kubernetes_executor.py
[2024-07-14T16:43:16.195+0000] {logging_mixin.py:188} INFO - [2024-07-14T16:43:16.194+0000] {dag.py:3096} INFO - Sync 1 DAGs
[2024-07-14T16:43:16.231+0000] {logging_mixin.py:188} INFO - [2024-07-14T16:43:16.231+0000] {dag.py:3954} INFO - Setting next_dagrun for example_kubernetes_executor to None, run_after=None
[2024-07-14T16:43:16.270+0000] {processor.py:183} INFO - Processing /home/airflow/.local/lib/python3.12/site-packages/airflow/example_dags/example_kubernetes_executor.py took 0.250 seconds
[2024-07-14T16:43:46.377+0000] {processor.py:161} INFO - Started process (PID=1126) to work on /home/airflow/.local/lib/python3.12/site-packages/airflow/example_dags/example_kubernetes_executor.py
[2024-07-14T16:43:46.381+0000] {processor.py:830} INFO - Processing file /home/airflow/.local/lib/python3.12/site-packages/airflow/example_dags/example_kubernetes_executor.py for tasks to queue
[2024-07-14T16:43:46.384+0000] {logging_mixin.py:188} INFO - [2024-07-14T16:43:46.383+0000] {dagbag.py:545} INFO - Filling up the DagBag from /home/airflow/.local/lib/python3.12/site-packages/airflow/example_dags/example_kubernetes_executor.py
[2024-07-14T16:43:46.436+0000] {processor.py:840} INFO - DAG(s) 'example_kubernetes_executor' retrieved from /home/airflow/.local/lib/python3.12/site-packages/airflow/example_dags/example_kubernetes_executor.py
[2024-07-14T16:43:46.543+0000] {logging_mixin.py:188} INFO - [2024-07-14T16:43:46.543+0000] {dag.py:3096} INFO - Sync 1 DAGs
[2024-07-14T16:43:46.567+0000] {logging_mixin.py:188} INFO - [2024-07-14T16:43:46.567+0000] {dag.py:3954} INFO - Setting next_dagrun for example_kubernetes_executor to None, run_after=None
[2024-07-14T16:43:46.613+0000] {processor.py:183} INFO - Processing /home/airflow/.local/lib/python3.12/site-packages/airflow/example_dags/example_kubernetes_executor.py took 0.252 seconds
[2024-07-14T16:44:16.941+0000] {processor.py:161} INFO - Started process (PID=1184) to work on /home/airflow/.local/lib/python3.12/site-packages/airflow/example_dags/example_kubernetes_executor.py
[2024-07-14T16:44:16.943+0000] {processor.py:830} INFO - Processing file /home/airflow/.local/lib/python3.12/site-packages/airflow/example_dags/example_kubernetes_executor.py for tasks to queue
[2024-07-14T16:44:16.945+0000] {logging_mixin.py:188} INFO - [2024-07-14T16:44:16.944+0000] {dagbag.py:545} INFO - Filling up the DagBag from /home/airflow/.local/lib/python3.12/site-packages/airflow/example_dags/example_kubernetes_executor.py
[2024-07-14T16:44:16.976+0000] {processor.py:840} INFO - DAG(s) 'example_kubernetes_executor' retrieved from /home/airflow/.local/lib/python3.12/site-packages/airflow/example_dags/example_kubernetes_executor.py
[2024-07-14T16:44:17.060+0000] {logging_mixin.py:188} INFO - [2024-07-14T16:44:17.060+0000] {dag.py:3096} INFO - Sync 1 DAGs
[2024-07-14T16:44:17.091+0000] {logging_mixin.py:188} INFO - [2024-07-14T16:44:17.091+0000] {dag.py:3954} INFO - Setting next_dagrun for example_kubernetes_executor to None, run_after=None
[2024-07-14T16:44:17.132+0000] {processor.py:183} INFO - Processing /home/airflow/.local/lib/python3.12/site-packages/airflow/example_dags/example_kubernetes_executor.py took 0.202 seconds
[2024-07-14T16:44:47.544+0000] {processor.py:161} INFO - Started process (PID=1243) to work on /home/airflow/.local/lib/python3.12/site-packages/airflow/example_dags/example_kubernetes_executor.py
[2024-07-14T16:44:47.546+0000] {processor.py:830} INFO - Processing file /home/airflow/.local/lib/python3.12/site-packages/airflow/example_dags/example_kubernetes_executor.py for tasks to queue
[2024-07-14T16:44:47.548+0000] {logging_mixin.py:188} INFO - [2024-07-14T16:44:47.548+0000] {dagbag.py:545} INFO - Filling up the DagBag from /home/airflow/.local/lib/python3.12/site-packages/airflow/example_dags/example_kubernetes_executor.py
[2024-07-14T16:44:47.578+0000] {processor.py:840} INFO - DAG(s) 'example_kubernetes_executor' retrieved from /home/airflow/.local/lib/python3.12/site-packages/airflow/example_dags/example_kubernetes_executor.py
[2024-07-14T16:44:47.658+0000] {logging_mixin.py:188} INFO - [2024-07-14T16:44:47.658+0000] {dag.py:3096} INFO - Sync 1 DAGs
[2024-07-14T16:44:47.683+0000] {logging_mixin.py:188} INFO - [2024-07-14T16:44:47.683+0000] {dag.py:3954} INFO - Setting next_dagrun for example_kubernetes_executor to None, run_after=None
[2024-07-14T16:44:47.734+0000] {processor.py:183} INFO - Processing /home/airflow/.local/lib/python3.12/site-packages/airflow/example_dags/example_kubernetes_executor.py took 0.201 seconds
[2024-07-14T16:45:18.718+0000] {processor.py:161} INFO - Started process (PID=1301) to work on /home/airflow/.local/lib/python3.12/site-packages/airflow/example_dags/example_kubernetes_executor.py
[2024-07-14T16:45:18.728+0000] {processor.py:830} INFO - Processing file /home/airflow/.local/lib/python3.12/site-packages/airflow/example_dags/example_kubernetes_executor.py for tasks to queue
[2024-07-14T16:45:18.731+0000] {logging_mixin.py:188} INFO - [2024-07-14T16:45:18.730+0000] {dagbag.py:545} INFO - Filling up the DagBag from /home/airflow/.local/lib/python3.12/site-packages/airflow/example_dags/example_kubernetes_executor.py
[2024-07-14T16:45:18.790+0000] {processor.py:840} INFO - DAG(s) 'example_kubernetes_executor' retrieved from /home/airflow/.local/lib/python3.12/site-packages/airflow/example_dags/example_kubernetes_executor.py
[2024-07-14T16:45:18.994+0000] {logging_mixin.py:188} INFO - [2024-07-14T16:45:18.994+0000] {dag.py:3096} INFO - Sync 1 DAGs
[2024-07-14T16:45:19.057+0000] {logging_mixin.py:188} INFO - [2024-07-14T16:45:19.056+0000] {dag.py:3954} INFO - Setting next_dagrun for example_kubernetes_executor to None, run_after=None
[2024-07-14T16:45:19.106+0000] {processor.py:183} INFO - Processing /home/airflow/.local/lib/python3.12/site-packages/airflow/example_dags/example_kubernetes_executor.py took 0.401 seconds
[2024-07-14T16:45:49.688+0000] {processor.py:161} INFO - Started process (PID=1360) to work on /home/airflow/.local/lib/python3.12/site-packages/airflow/example_dags/example_kubernetes_executor.py
[2024-07-14T16:45:49.702+0000] {processor.py:830} INFO - Processing file /home/airflow/.local/lib/python3.12/site-packages/airflow/example_dags/example_kubernetes_executor.py for tasks to queue
[2024-07-14T16:45:49.719+0000] {logging_mixin.py:188} INFO - [2024-07-14T16:45:49.714+0000] {dagbag.py:545} INFO - Filling up the DagBag from /home/airflow/.local/lib/python3.12/site-packages/airflow/example_dags/example_kubernetes_executor.py
[2024-07-14T16:45:49.801+0000] {processor.py:840} INFO - DAG(s) 'example_kubernetes_executor' retrieved from /home/airflow/.local/lib/python3.12/site-packages/airflow/example_dags/example_kubernetes_executor.py
[2024-07-14T16:45:50.013+0000] {logging_mixin.py:188} INFO - [2024-07-14T16:45:50.012+0000] {dag.py:3096} INFO - Sync 1 DAGs
[2024-07-14T16:45:50.227+0000] {logging_mixin.py:188} INFO - [2024-07-14T16:45:50.226+0000] {dag.py:3954} INFO - Setting next_dagrun for example_kubernetes_executor to None, run_after=None
[2024-07-14T16:45:50.401+0000] {processor.py:183} INFO - Processing /home/airflow/.local/lib/python3.12/site-packages/airflow/example_dags/example_kubernetes_executor.py took 0.785 seconds
[2024-07-14T16:46:21.074+0000] {processor.py:161} INFO - Started process (PID=1419) to work on /home/airflow/.local/lib/python3.12/site-packages/airflow/example_dags/example_kubernetes_executor.py
[2024-07-14T16:46:21.081+0000] {processor.py:830} INFO - Processing file /home/airflow/.local/lib/python3.12/site-packages/airflow/example_dags/example_kubernetes_executor.py for tasks to queue
[2024-07-14T16:46:21.087+0000] {logging_mixin.py:188} INFO - [2024-07-14T16:46:21.084+0000] {dagbag.py:545} INFO - Filling up the DagBag from /home/airflow/.local/lib/python3.12/site-packages/airflow/example_dags/example_kubernetes_executor.py
[2024-07-14T16:46:21.111+0000] {processor.py:840} INFO - DAG(s) 'example_kubernetes_executor' retrieved from /home/airflow/.local/lib/python3.12/site-packages/airflow/example_dags/example_kubernetes_executor.py
[2024-07-14T16:46:21.206+0000] {logging_mixin.py:188} INFO - [2024-07-14T16:46:21.205+0000] {dag.py:3096} INFO - Sync 1 DAGs
[2024-07-14T16:46:21.234+0000] {logging_mixin.py:188} INFO - [2024-07-14T16:46:21.233+0000] {dag.py:3954} INFO - Setting next_dagrun for example_kubernetes_executor to None, run_after=None
[2024-07-14T16:46:21.283+0000] {processor.py:183} INFO - Processing /home/airflow/.local/lib/python3.12/site-packages/airflow/example_dags/example_kubernetes_executor.py took 0.222 seconds
[2024-07-14T16:46:52.032+0000] {processor.py:161} INFO - Started process (PID=1478) to work on /home/airflow/.local/lib/python3.12/site-packages/airflow/example_dags/example_kubernetes_executor.py
[2024-07-14T16:46:52.035+0000] {processor.py:830} INFO - Processing file /home/airflow/.local/lib/python3.12/site-packages/airflow/example_dags/example_kubernetes_executor.py for tasks to queue
[2024-07-14T16:46:52.036+0000] {logging_mixin.py:188} INFO - [2024-07-14T16:46:52.036+0000] {dagbag.py:545} INFO - Filling up the DagBag from /home/airflow/.local/lib/python3.12/site-packages/airflow/example_dags/example_kubernetes_executor.py
[2024-07-14T16:46:52.109+0000] {processor.py:840} INFO - DAG(s) 'example_kubernetes_executor' retrieved from /home/airflow/.local/lib/python3.12/site-packages/airflow/example_dags/example_kubernetes_executor.py
[2024-07-14T16:46:52.213+0000] {logging_mixin.py:188} INFO - [2024-07-14T16:46:52.212+0000] {dag.py:3096} INFO - Sync 1 DAGs
[2024-07-14T16:46:52.257+0000] {logging_mixin.py:188} INFO - [2024-07-14T16:46:52.256+0000] {dag.py:3954} INFO - Setting next_dagrun for example_kubernetes_executor to None, run_after=None
[2024-07-14T16:46:52.304+0000] {processor.py:183} INFO - Processing /home/airflow/.local/lib/python3.12/site-packages/airflow/example_dags/example_kubernetes_executor.py took 0.288 seconds
[2024-07-14T16:47:22.835+0000] {processor.py:161} INFO - Started process (PID=1537) to work on /home/airflow/.local/lib/python3.12/site-packages/airflow/example_dags/example_kubernetes_executor.py
[2024-07-14T16:47:22.837+0000] {processor.py:830} INFO - Processing file /home/airflow/.local/lib/python3.12/site-packages/airflow/example_dags/example_kubernetes_executor.py for tasks to queue
[2024-07-14T16:47:22.839+0000] {logging_mixin.py:188} INFO - [2024-07-14T16:47:22.838+0000] {dagbag.py:545} INFO - Filling up the DagBag from /home/airflow/.local/lib/python3.12/site-packages/airflow/example_dags/example_kubernetes_executor.py
[2024-07-14T16:47:22.858+0000] {processor.py:840} INFO - DAG(s) 'example_kubernetes_executor' retrieved from /home/airflow/.local/lib/python3.12/site-packages/airflow/example_dags/example_kubernetes_executor.py
[2024-07-14T16:47:22.948+0000] {logging_mixin.py:188} INFO - [2024-07-14T16:47:22.948+0000] {dag.py:3096} INFO - Sync 1 DAGs
[2024-07-14T16:47:22.980+0000] {logging_mixin.py:188} INFO - [2024-07-14T16:47:22.980+0000] {dag.py:3954} INFO - Setting next_dagrun for example_kubernetes_executor to None, run_after=None
[2024-07-14T16:47:23.027+0000] {processor.py:183} INFO - Processing /home/airflow/.local/lib/python3.12/site-packages/airflow/example_dags/example_kubernetes_executor.py took 0.211 seconds
[2024-07-14T16:47:53.917+0000] {processor.py:161} INFO - Started process (PID=1596) to work on /home/airflow/.local/lib/python3.12/site-packages/airflow/example_dags/example_kubernetes_executor.py
[2024-07-14T16:47:53.919+0000] {processor.py:830} INFO - Processing file /home/airflow/.local/lib/python3.12/site-packages/airflow/example_dags/example_kubernetes_executor.py for tasks to queue
[2024-07-14T16:47:53.921+0000] {logging_mixin.py:188} INFO - [2024-07-14T16:47:53.921+0000] {dagbag.py:545} INFO - Filling up the DagBag from /home/airflow/.local/lib/python3.12/site-packages/airflow/example_dags/example_kubernetes_executor.py
[2024-07-14T16:47:53.986+0000] {processor.py:840} INFO - DAG(s) 'example_kubernetes_executor' retrieved from /home/airflow/.local/lib/python3.12/site-packages/airflow/example_dags/example_kubernetes_executor.py
[2024-07-14T16:47:54.177+0000] {logging_mixin.py:188} INFO - [2024-07-14T16:47:54.168+0000] {dag.py:3096} INFO - Sync 1 DAGs
[2024-07-14T16:47:54.315+0000] {logging_mixin.py:188} INFO - [2024-07-14T16:47:54.315+0000] {dag.py:3954} INFO - Setting next_dagrun for example_kubernetes_executor to None, run_after=None
[2024-07-14T16:47:54.398+0000] {processor.py:183} INFO - Processing /home/airflow/.local/lib/python3.12/site-packages/airflow/example_dags/example_kubernetes_executor.py took 0.591 seconds
[2024-07-14T16:48:25.035+0000] {processor.py:161} INFO - Started process (PID=1655) to work on /home/airflow/.local/lib/python3.12/site-packages/airflow/example_dags/example_kubernetes_executor.py
[2024-07-14T16:48:25.037+0000] {processor.py:830} INFO - Processing file /home/airflow/.local/lib/python3.12/site-packages/airflow/example_dags/example_kubernetes_executor.py for tasks to queue
[2024-07-14T16:48:25.039+0000] {logging_mixin.py:188} INFO - [2024-07-14T16:48:25.038+0000] {dagbag.py:545} INFO - Filling up the DagBag from /home/airflow/.local/lib/python3.12/site-packages/airflow/example_dags/example_kubernetes_executor.py
[2024-07-14T16:48:25.061+0000] {processor.py:840} INFO - DAG(s) 'example_kubernetes_executor' retrieved from /home/airflow/.local/lib/python3.12/site-packages/airflow/example_dags/example_kubernetes_executor.py
[2024-07-14T16:48:25.144+0000] {logging_mixin.py:188} INFO - [2024-07-14T16:48:25.143+0000] {dag.py:3096} INFO - Sync 1 DAGs
[2024-07-14T16:48:25.164+0000] {logging_mixin.py:188} INFO - [2024-07-14T16:48:25.163+0000] {dag.py:3954} INFO - Setting next_dagrun for example_kubernetes_executor to None, run_after=None
[2024-07-14T16:48:25.208+0000] {processor.py:183} INFO - Processing /home/airflow/.local/lib/python3.12/site-packages/airflow/example_dags/example_kubernetes_executor.py took 0.197 seconds
[2024-07-14T16:48:55.586+0000] {processor.py:161} INFO - Started process (PID=1714) to work on /home/airflow/.local/lib/python3.12/site-packages/airflow/example_dags/example_kubernetes_executor.py
[2024-07-14T16:48:55.588+0000] {processor.py:830} INFO - Processing file /home/airflow/.local/lib/python3.12/site-packages/airflow/example_dags/example_kubernetes_executor.py for tasks to queue
[2024-07-14T16:48:55.591+0000] {logging_mixin.py:188} INFO - [2024-07-14T16:48:55.590+0000] {dagbag.py:545} INFO - Filling up the DagBag from /home/airflow/.local/lib/python3.12/site-packages/airflow/example_dags/example_kubernetes_executor.py
[2024-07-14T16:48:55.618+0000] {processor.py:840} INFO - DAG(s) 'example_kubernetes_executor' retrieved from /home/airflow/.local/lib/python3.12/site-packages/airflow/example_dags/example_kubernetes_executor.py
[2024-07-14T16:48:55.714+0000] {logging_mixin.py:188} INFO - [2024-07-14T16:48:55.714+0000] {dag.py:3096} INFO - Sync 1 DAGs
[2024-07-14T16:48:55.752+0000] {logging_mixin.py:188} INFO - [2024-07-14T16:48:55.750+0000] {dag.py:3954} INFO - Setting next_dagrun for example_kubernetes_executor to None, run_after=None
[2024-07-14T16:48:56.113+0000] {processor.py:183} INFO - Processing /home/airflow/.local/lib/python3.12/site-packages/airflow/example_dags/example_kubernetes_executor.py took 0.550 seconds
[2024-07-14T16:49:26.835+0000] {processor.py:161} INFO - Started process (PID=1779) to work on /home/airflow/.local/lib/python3.12/site-packages/airflow/example_dags/example_kubernetes_executor.py
[2024-07-14T16:49:26.837+0000] {processor.py:830} INFO - Processing file /home/airflow/.local/lib/python3.12/site-packages/airflow/example_dags/example_kubernetes_executor.py for tasks to queue
[2024-07-14T16:49:26.839+0000] {logging_mixin.py:188} INFO - [2024-07-14T16:49:26.838+0000] {dagbag.py:545} INFO - Filling up the DagBag from /home/airflow/.local/lib/python3.12/site-packages/airflow/example_dags/example_kubernetes_executor.py
[2024-07-14T16:49:26.898+0000] {processor.py:840} INFO - DAG(s) 'example_kubernetes_executor' retrieved from /home/airflow/.local/lib/python3.12/site-packages/airflow/example_dags/example_kubernetes_executor.py
[2024-07-14T16:49:27.048+0000] {logging_mixin.py:188} INFO - [2024-07-14T16:49:27.047+0000] {dag.py:3096} INFO - Sync 1 DAGs
[2024-07-14T16:49:27.094+0000] {logging_mixin.py:188} INFO - [2024-07-14T16:49:27.093+0000] {dag.py:3954} INFO - Setting next_dagrun for example_kubernetes_executor to None, run_after=None
[2024-07-14T16:49:27.145+0000] {processor.py:183} INFO - Processing /home/airflow/.local/lib/python3.12/site-packages/airflow/example_dags/example_kubernetes_executor.py took 0.324 seconds
[2024-07-14T16:49:57.991+0000] {processor.py:161} INFO - Started process (PID=1838) to work on /home/airflow/.local/lib/python3.12/site-packages/airflow/example_dags/example_kubernetes_executor.py
[2024-07-14T16:49:57.993+0000] {processor.py:830} INFO - Processing file /home/airflow/.local/lib/python3.12/site-packages/airflow/example_dags/example_kubernetes_executor.py for tasks to queue
[2024-07-14T16:49:57.995+0000] {logging_mixin.py:188} INFO - [2024-07-14T16:49:57.994+0000] {dagbag.py:545} INFO - Filling up the DagBag from /home/airflow/.local/lib/python3.12/site-packages/airflow/example_dags/example_kubernetes_executor.py
[2024-07-14T16:49:58.016+0000] {processor.py:840} INFO - DAG(s) 'example_kubernetes_executor' retrieved from /home/airflow/.local/lib/python3.12/site-packages/airflow/example_dags/example_kubernetes_executor.py
[2024-07-14T16:49:58.086+0000] {logging_mixin.py:188} INFO - [2024-07-14T16:49:58.086+0000] {dag.py:3096} INFO - Sync 1 DAGs
[2024-07-14T16:49:58.120+0000] {logging_mixin.py:188} INFO - [2024-07-14T16:49:58.120+0000] {dag.py:3954} INFO - Setting next_dagrun for example_kubernetes_executor to None, run_after=None
[2024-07-14T16:49:58.159+0000] {processor.py:183} INFO - Processing /home/airflow/.local/lib/python3.12/site-packages/airflow/example_dags/example_kubernetes_executor.py took 0.181 seconds
[2024-07-14T16:50:28.268+0000] {processor.py:161} INFO - Started process (PID=1896) to work on /home/airflow/.local/lib/python3.12/site-packages/airflow/example_dags/example_kubernetes_executor.py
[2024-07-14T16:50:28.270+0000] {processor.py:830} INFO - Processing file /home/airflow/.local/lib/python3.12/site-packages/airflow/example_dags/example_kubernetes_executor.py for tasks to queue
[2024-07-14T16:50:28.273+0000] {logging_mixin.py:188} INFO - [2024-07-14T16:50:28.272+0000] {dagbag.py:545} INFO - Filling up the DagBag from /home/airflow/.local/lib/python3.12/site-packages/airflow/example_dags/example_kubernetes_executor.py
[2024-07-14T16:50:28.295+0000] {processor.py:840} INFO - DAG(s) 'example_kubernetes_executor' retrieved from /home/airflow/.local/lib/python3.12/site-packages/airflow/example_dags/example_kubernetes_executor.py
[2024-07-14T16:50:28.596+0000] {logging_mixin.py:188} INFO - [2024-07-14T16:50:28.595+0000] {dag.py:3096} INFO - Sync 1 DAGs
[2024-07-14T16:50:28.617+0000] {logging_mixin.py:188} INFO - [2024-07-14T16:50:28.616+0000] {dag.py:3954} INFO - Setting next_dagrun for example_kubernetes_executor to None, run_after=None
[2024-07-14T16:50:28.650+0000] {processor.py:183} INFO - Processing /home/airflow/.local/lib/python3.12/site-packages/airflow/example_dags/example_kubernetes_executor.py took 0.393 seconds
[2024-07-14T16:50:59.103+0000] {processor.py:161} INFO - Started process (PID=1954) to work on /home/airflow/.local/lib/python3.12/site-packages/airflow/example_dags/example_kubernetes_executor.py
[2024-07-14T16:50:59.208+0000] {processor.py:830} INFO - Processing file /home/airflow/.local/lib/python3.12/site-packages/airflow/example_dags/example_kubernetes_executor.py for tasks to queue
[2024-07-14T16:50:59.233+0000] {logging_mixin.py:188} INFO - [2024-07-14T16:50:59.232+0000] {dagbag.py:545} INFO - Filling up the DagBag from /home/airflow/.local/lib/python3.12/site-packages/airflow/example_dags/example_kubernetes_executor.py
[2024-07-14T16:50:59.339+0000] {processor.py:840} INFO - DAG(s) 'example_kubernetes_executor' retrieved from /home/airflow/.local/lib/python3.12/site-packages/airflow/example_dags/example_kubernetes_executor.py
[2024-07-14T16:50:59.685+0000] {logging_mixin.py:188} INFO - [2024-07-14T16:50:59.685+0000] {dag.py:3096} INFO - Sync 1 DAGs
[2024-07-14T16:50:59.818+0000] {logging_mixin.py:188} INFO - [2024-07-14T16:50:59.816+0000] {dag.py:3954} INFO - Setting next_dagrun for example_kubernetes_executor to None, run_after=None
[2024-07-14T16:50:59.895+0000] {processor.py:183} INFO - Processing /home/airflow/.local/lib/python3.12/site-packages/airflow/example_dags/example_kubernetes_executor.py took 1.012 seconds
[2024-07-14T16:51:30.419+0000] {processor.py:161} INFO - Started process (PID=2013) to work on /home/airflow/.local/lib/python3.12/site-packages/airflow/example_dags/example_kubernetes_executor.py
[2024-07-14T16:51:30.422+0000] {processor.py:830} INFO - Processing file /home/airflow/.local/lib/python3.12/site-packages/airflow/example_dags/example_kubernetes_executor.py for tasks to queue
[2024-07-14T16:51:30.424+0000] {logging_mixin.py:188} INFO - [2024-07-14T16:51:30.423+0000] {dagbag.py:545} INFO - Filling up the DagBag from /home/airflow/.local/lib/python3.12/site-packages/airflow/example_dags/example_kubernetes_executor.py
[2024-07-14T16:51:30.449+0000] {processor.py:840} INFO - DAG(s) 'example_kubernetes_executor' retrieved from /home/airflow/.local/lib/python3.12/site-packages/airflow/example_dags/example_kubernetes_executor.py
[2024-07-14T16:51:30.528+0000] {logging_mixin.py:188} INFO - [2024-07-14T16:51:30.528+0000] {dag.py:3096} INFO - Sync 1 DAGs
[2024-07-14T16:51:30.548+0000] {logging_mixin.py:188} INFO - [2024-07-14T16:51:30.548+0000] {dag.py:3954} INFO - Setting next_dagrun for example_kubernetes_executor to None, run_after=None
[2024-07-14T16:51:30.598+0000] {processor.py:183} INFO - Processing /home/airflow/.local/lib/python3.12/site-packages/airflow/example_dags/example_kubernetes_executor.py took 0.191 seconds
[2024-07-14T16:55:16.214+0000] {processor.py:161} INFO - Started process (PID=53) to work on /home/airflow/.local/lib/python3.12/site-packages/airflow/example_dags/example_kubernetes_executor.py
[2024-07-14T16:55:16.221+0000] {processor.py:830} INFO - Processing file /home/airflow/.local/lib/python3.12/site-packages/airflow/example_dags/example_kubernetes_executor.py for tasks to queue
[2024-07-14T16:55:16.271+0000] {logging_mixin.py:188} INFO - [2024-07-14T16:55:16.238+0000] {dagbag.py:545} INFO - Filling up the DagBag from /home/airflow/.local/lib/python3.12/site-packages/airflow/example_dags/example_kubernetes_executor.py
[2024-07-14T16:55:16.490+0000] {processor.py:840} INFO - DAG(s) 'example_kubernetes_executor' retrieved from /home/airflow/.local/lib/python3.12/site-packages/airflow/example_dags/example_kubernetes_executor.py
[2024-07-14T16:55:19.342+0000] {logging_mixin.py:188} INFO - [2024-07-14T16:55:19.341+0000] {dag.py:3096} INFO - Sync 1 DAGs
[2024-07-14T16:55:19.569+0000] {logging_mixin.py:188} INFO - [2024-07-14T16:55:19.568+0000] {dag.py:3954} INFO - Setting next_dagrun for example_kubernetes_executor to None, run_after=None
[2024-07-14T16:55:20.158+0000] {processor.py:183} INFO - Processing /home/airflow/.local/lib/python3.12/site-packages/airflow/example_dags/example_kubernetes_executor.py took 4.073 seconds
[2024-07-14T16:56:25.803+0000] {processor.py:161} INFO - Started process (PID=118) to work on /home/airflow/.local/lib/python3.12/site-packages/airflow/example_dags/example_kubernetes_executor.py
[2024-07-14T16:56:25.805+0000] {processor.py:830} INFO - Processing file /home/airflow/.local/lib/python3.12/site-packages/airflow/example_dags/example_kubernetes_executor.py for tasks to queue
[2024-07-14T16:56:25.810+0000] {logging_mixin.py:188} INFO - [2024-07-14T16:56:25.809+0000] {dagbag.py:545} INFO - Filling up the DagBag from /home/airflow/.local/lib/python3.12/site-packages/airflow/example_dags/example_kubernetes_executor.py
[2024-07-14T16:56:25.837+0000] {processor.py:840} INFO - DAG(s) 'example_kubernetes_executor' retrieved from /home/airflow/.local/lib/python3.12/site-packages/airflow/example_dags/example_kubernetes_executor.py
[2024-07-14T16:56:26.085+0000] {logging_mixin.py:188} INFO - [2024-07-14T16:56:26.082+0000] {dag.py:3096} INFO - Sync 1 DAGs
[2024-07-14T16:56:26.164+0000] {logging_mixin.py:188} INFO - [2024-07-14T16:56:26.163+0000] {dag.py:3954} INFO - Setting next_dagrun for example_kubernetes_executor to None, run_after=None
[2024-07-14T16:56:26.220+0000] {processor.py:183} INFO - Processing /home/airflow/.local/lib/python3.12/site-packages/airflow/example_dags/example_kubernetes_executor.py took 0.436 seconds
