[2024-07-14T16:33:34.432+0000] {processor.py:161} INFO - Started process (PID=70) to work on /home/airflow/.local/lib/python3.12/site-packages/airflow/example_dags/example_latest_only_with_trigger.py
[2024-07-14T16:33:34.434+0000] {processor.py:830} INFO - Processing file /home/airflow/.local/lib/python3.12/site-packages/airflow/example_dags/example_latest_only_with_trigger.py for tasks to queue
[2024-07-14T16:33:34.438+0000] {logging_mixin.py:188} INFO - [2024-07-14T16:33:34.437+0000] {dagbag.py:545} INFO - Filling up the DagBag from /home/airflow/.local/lib/python3.12/site-packages/airflow/example_dags/example_latest_only_with_trigger.py
[2024-07-14T16:33:34.450+0000] {processor.py:840} INFO - DAG(s) 'latest_only_with_trigger' retrieved from /home/airflow/.local/lib/python3.12/site-packages/airflow/example_dags/example_latest_only_with_trigger.py
[2024-07-14T16:33:34.931+0000] {logging_mixin.py:188} INFO - [2024-07-14T16:33:34.931+0000] {dag.py:3096} INFO - Sync 1 DAGs
[2024-07-14T16:33:34.967+0000] {logging_mixin.py:188} INFO - [2024-07-14T16:33:34.966+0000] {dag.py:3954} INFO - Setting next_dagrun for latest_only_with_trigger to 2024-07-14 12:00:00+00:00, run_after=2024-07-14 16:00:00+00:00
[2024-07-14T16:33:35.018+0000] {processor.py:183} INFO - Processing /home/airflow/.local/lib/python3.12/site-packages/airflow/example_dags/example_latest_only_with_trigger.py took 0.599 seconds
[2024-07-14T16:34:05.353+0000] {processor.py:161} INFO - Started process (PID=127) to work on /home/airflow/.local/lib/python3.12/site-packages/airflow/example_dags/example_latest_only_with_trigger.py
[2024-07-14T16:34:05.360+0000] {processor.py:830} INFO - Processing file /home/airflow/.local/lib/python3.12/site-packages/airflow/example_dags/example_latest_only_with_trigger.py for tasks to queue
[2024-07-14T16:34:05.379+0000] {logging_mixin.py:188} INFO - [2024-07-14T16:34:05.378+0000] {dagbag.py:545} INFO - Filling up the DagBag from /home/airflow/.local/lib/python3.12/site-packages/airflow/example_dags/example_latest_only_with_trigger.py
[2024-07-14T16:34:05.391+0000] {processor.py:840} INFO - DAG(s) 'latest_only_with_trigger' retrieved from /home/airflow/.local/lib/python3.12/site-packages/airflow/example_dags/example_latest_only_with_trigger.py
[2024-07-14T16:34:05.488+0000] {logging_mixin.py:188} INFO - [2024-07-14T16:34:05.488+0000] {dag.py:3096} INFO - Sync 1 DAGs
[2024-07-14T16:34:05.572+0000] {logging_mixin.py:188} INFO - [2024-07-14T16:34:05.572+0000] {dag.py:3954} INFO - Setting next_dagrun for latest_only_with_trigger to 2024-07-14 12:00:00+00:00, run_after=2024-07-14 16:00:00+00:00
[2024-07-14T16:34:05.649+0000] {processor.py:183} INFO - Processing /home/airflow/.local/lib/python3.12/site-packages/airflow/example_dags/example_latest_only_with_trigger.py took 0.320 seconds
[2024-07-14T16:34:35.710+0000] {processor.py:161} INFO - Started process (PID=184) to work on /home/airflow/.local/lib/python3.12/site-packages/airflow/example_dags/example_latest_only_with_trigger.py
[2024-07-14T16:34:35.712+0000] {processor.py:830} INFO - Processing file /home/airflow/.local/lib/python3.12/site-packages/airflow/example_dags/example_latest_only_with_trigger.py for tasks to queue
[2024-07-14T16:34:35.720+0000] {logging_mixin.py:188} INFO - [2024-07-14T16:34:35.717+0000] {dagbag.py:545} INFO - Filling up the DagBag from /home/airflow/.local/lib/python3.12/site-packages/airflow/example_dags/example_latest_only_with_trigger.py
[2024-07-14T16:34:35.733+0000] {processor.py:840} INFO - DAG(s) 'latest_only_with_trigger' retrieved from /home/airflow/.local/lib/python3.12/site-packages/airflow/example_dags/example_latest_only_with_trigger.py
[2024-07-14T16:34:35.771+0000] {logging_mixin.py:188} INFO - [2024-07-14T16:34:35.770+0000] {dag.py:3096} INFO - Sync 1 DAGs
[2024-07-14T16:34:35.808+0000] {logging_mixin.py:188} INFO - [2024-07-14T16:34:35.807+0000] {dag.py:3954} INFO - Setting next_dagrun for latest_only_with_trigger to 2024-07-14 12:00:00+00:00, run_after=2024-07-14 16:00:00+00:00
[2024-07-14T16:34:35.853+0000] {processor.py:183} INFO - Processing /home/airflow/.local/lib/python3.12/site-packages/airflow/example_dags/example_latest_only_with_trigger.py took 0.151 seconds
[2024-07-14T16:35:06.210+0000] {processor.py:161} INFO - Started process (PID=242) to work on /home/airflow/.local/lib/python3.12/site-packages/airflow/example_dags/example_latest_only_with_trigger.py
[2024-07-14T16:35:06.223+0000] {processor.py:830} INFO - Processing file /home/airflow/.local/lib/python3.12/site-packages/airflow/example_dags/example_latest_only_with_trigger.py for tasks to queue
[2024-07-14T16:35:06.232+0000] {logging_mixin.py:188} INFO - [2024-07-14T16:35:06.231+0000] {dagbag.py:545} INFO - Filling up the DagBag from /home/airflow/.local/lib/python3.12/site-packages/airflow/example_dags/example_latest_only_with_trigger.py
[2024-07-14T16:35:06.244+0000] {processor.py:840} INFO - DAG(s) 'latest_only_with_trigger' retrieved from /home/airflow/.local/lib/python3.12/site-packages/airflow/example_dags/example_latest_only_with_trigger.py
[2024-07-14T16:35:06.294+0000] {logging_mixin.py:188} INFO - [2024-07-14T16:35:06.294+0000] {dag.py:3096} INFO - Sync 1 DAGs
[2024-07-14T16:35:06.342+0000] {logging_mixin.py:188} INFO - [2024-07-14T16:35:06.342+0000] {dag.py:3954} INFO - Setting next_dagrun for latest_only_with_trigger to 2024-07-14 12:00:00+00:00, run_after=2024-07-14 16:00:00+00:00
[2024-07-14T16:35:06.380+0000] {processor.py:183} INFO - Processing /home/airflow/.local/lib/python3.12/site-packages/airflow/example_dags/example_latest_only_with_trigger.py took 0.180 seconds
[2024-07-14T16:35:37.029+0000] {processor.py:161} INFO - Started process (PID=300) to work on /home/airflow/.local/lib/python3.12/site-packages/airflow/example_dags/example_latest_only_with_trigger.py
[2024-07-14T16:35:37.031+0000] {processor.py:830} INFO - Processing file /home/airflow/.local/lib/python3.12/site-packages/airflow/example_dags/example_latest_only_with_trigger.py for tasks to queue
[2024-07-14T16:35:37.034+0000] {logging_mixin.py:188} INFO - [2024-07-14T16:35:37.034+0000] {dagbag.py:545} INFO - Filling up the DagBag from /home/airflow/.local/lib/python3.12/site-packages/airflow/example_dags/example_latest_only_with_trigger.py
[2024-07-14T16:35:37.042+0000] {processor.py:840} INFO - DAG(s) 'latest_only_with_trigger' retrieved from /home/airflow/.local/lib/python3.12/site-packages/airflow/example_dags/example_latest_only_with_trigger.py
[2024-07-14T16:35:37.087+0000] {logging_mixin.py:188} INFO - [2024-07-14T16:35:37.087+0000] {dag.py:3096} INFO - Sync 1 DAGs
[2024-07-14T16:35:37.137+0000] {logging_mixin.py:188} INFO - [2024-07-14T16:35:37.137+0000] {dag.py:3954} INFO - Setting next_dagrun for latest_only_with_trigger to 2024-07-14 12:00:00+00:00, run_after=2024-07-14 16:00:00+00:00
[2024-07-14T16:35:37.181+0000] {processor.py:183} INFO - Processing /home/airflow/.local/lib/python3.12/site-packages/airflow/example_dags/example_latest_only_with_trigger.py took 0.172 seconds
[2024-07-14T16:36:07.357+0000] {processor.py:161} INFO - Started process (PID=358) to work on /home/airflow/.local/lib/python3.12/site-packages/airflow/example_dags/example_latest_only_with_trigger.py
[2024-07-14T16:36:07.360+0000] {processor.py:830} INFO - Processing file /home/airflow/.local/lib/python3.12/site-packages/airflow/example_dags/example_latest_only_with_trigger.py for tasks to queue
[2024-07-14T16:36:07.379+0000] {logging_mixin.py:188} INFO - [2024-07-14T16:36:07.378+0000] {dagbag.py:545} INFO - Filling up the DagBag from /home/airflow/.local/lib/python3.12/site-packages/airflow/example_dags/example_latest_only_with_trigger.py
[2024-07-14T16:36:07.389+0000] {processor.py:840} INFO - DAG(s) 'latest_only_with_trigger' retrieved from /home/airflow/.local/lib/python3.12/site-packages/airflow/example_dags/example_latest_only_with_trigger.py
[2024-07-14T16:36:07.432+0000] {logging_mixin.py:188} INFO - [2024-07-14T16:36:07.431+0000] {dag.py:3096} INFO - Sync 1 DAGs
[2024-07-14T16:36:07.479+0000] {logging_mixin.py:188} INFO - [2024-07-14T16:36:07.478+0000] {dag.py:3954} INFO - Setting next_dagrun for latest_only_with_trigger to 2024-07-14 12:00:00+00:00, run_after=2024-07-14 16:00:00+00:00
[2024-07-14T16:36:07.510+0000] {processor.py:183} INFO - Processing /home/airflow/.local/lib/python3.12/site-packages/airflow/example_dags/example_latest_only_with_trigger.py took 0.162 seconds
[2024-07-14T16:36:42.495+0000] {processor.py:161} INFO - Started process (PID=422) to work on /home/airflow/.local/lib/python3.12/site-packages/airflow/example_dags/example_latest_only_with_trigger.py
[2024-07-14T16:36:42.547+0000] {processor.py:830} INFO - Processing file /home/airflow/.local/lib/python3.12/site-packages/airflow/example_dags/example_latest_only_with_trigger.py for tasks to queue
[2024-07-14T16:36:42.570+0000] {logging_mixin.py:188} INFO - [2024-07-14T16:36:42.569+0000] {dagbag.py:545} INFO - Filling up the DagBag from /home/airflow/.local/lib/python3.12/site-packages/airflow/example_dags/example_latest_only_with_trigger.py
[2024-07-14T16:36:42.622+0000] {processor.py:840} INFO - DAG(s) 'latest_only_with_trigger' retrieved from /home/airflow/.local/lib/python3.12/site-packages/airflow/example_dags/example_latest_only_with_trigger.py
[2024-07-14T16:36:42.841+0000] {logging_mixin.py:188} INFO - [2024-07-14T16:36:42.841+0000] {dag.py:3096} INFO - Sync 1 DAGs
[2024-07-14T16:36:43.148+0000] {logging_mixin.py:188} INFO - [2024-07-14T16:36:43.148+0000] {dag.py:3954} INFO - Setting next_dagrun for latest_only_with_trigger to 2024-07-14 12:00:00+00:00, run_after=2024-07-14 16:00:00+00:00
[2024-07-14T16:36:43.269+0000] {processor.py:183} INFO - Processing /home/airflow/.local/lib/python3.12/site-packages/airflow/example_dags/example_latest_only_with_trigger.py took 0.817 seconds
[2024-07-14T16:37:13.363+0000] {processor.py:161} INFO - Started process (PID=479) to work on /home/airflow/.local/lib/python3.12/site-packages/airflow/example_dags/example_latest_only_with_trigger.py
[2024-07-14T16:37:13.366+0000] {processor.py:830} INFO - Processing file /home/airflow/.local/lib/python3.12/site-packages/airflow/example_dags/example_latest_only_with_trigger.py for tasks to queue
[2024-07-14T16:37:13.371+0000] {logging_mixin.py:188} INFO - [2024-07-14T16:37:13.370+0000] {dagbag.py:545} INFO - Filling up the DagBag from /home/airflow/.local/lib/python3.12/site-packages/airflow/example_dags/example_latest_only_with_trigger.py
[2024-07-14T16:37:13.382+0000] {processor.py:840} INFO - DAG(s) 'latest_only_with_trigger' retrieved from /home/airflow/.local/lib/python3.12/site-packages/airflow/example_dags/example_latest_only_with_trigger.py
[2024-07-14T16:37:13.421+0000] {logging_mixin.py:188} INFO - [2024-07-14T16:37:13.421+0000] {dag.py:3096} INFO - Sync 1 DAGs
[2024-07-14T16:37:13.459+0000] {logging_mixin.py:188} INFO - [2024-07-14T16:37:13.459+0000] {dag.py:3954} INFO - Setting next_dagrun for latest_only_with_trigger to 2024-07-14 12:00:00+00:00, run_after=2024-07-14 16:00:00+00:00
[2024-07-14T16:37:13.506+0000] {processor.py:183} INFO - Processing /home/airflow/.local/lib/python3.12/site-packages/airflow/example_dags/example_latest_only_with_trigger.py took 0.157 seconds
[2024-07-14T16:37:46.695+0000] {processor.py:161} INFO - Started process (PID=537) to work on /home/airflow/.local/lib/python3.12/site-packages/airflow/example_dags/example_latest_only_with_trigger.py
[2024-07-14T16:37:46.700+0000] {processor.py:830} INFO - Processing file /home/airflow/.local/lib/python3.12/site-packages/airflow/example_dags/example_latest_only_with_trigger.py for tasks to queue
[2024-07-14T16:37:46.729+0000] {logging_mixin.py:188} INFO - [2024-07-14T16:37:46.728+0000] {dagbag.py:545} INFO - Filling up the DagBag from /home/airflow/.local/lib/python3.12/site-packages/airflow/example_dags/example_latest_only_with_trigger.py
[2024-07-14T16:37:46.748+0000] {processor.py:840} INFO - DAG(s) 'latest_only_with_trigger' retrieved from /home/airflow/.local/lib/python3.12/site-packages/airflow/example_dags/example_latest_only_with_trigger.py
[2024-07-14T16:37:46.934+0000] {logging_mixin.py:188} INFO - [2024-07-14T16:37:46.933+0000] {dag.py:3096} INFO - Sync 1 DAGs
[2024-07-14T16:37:47.037+0000] {logging_mixin.py:188} INFO - [2024-07-14T16:37:47.037+0000] {dag.py:3954} INFO - Setting next_dagrun for latest_only_with_trigger to 2024-07-14 12:00:00+00:00, run_after=2024-07-14 16:00:00+00:00
[2024-07-14T16:37:47.200+0000] {processor.py:183} INFO - Processing /home/airflow/.local/lib/python3.12/site-packages/airflow/example_dags/example_latest_only_with_trigger.py took 0.559 seconds
[2024-07-14T16:39:15.030+0000] {processor.py:161} INFO - Started process (PID=612) to work on /home/airflow/.local/lib/python3.12/site-packages/airflow/example_dags/example_latest_only_with_trigger.py
[2024-07-14T16:39:15.032+0000] {processor.py:830} INFO - Processing file /home/airflow/.local/lib/python3.12/site-packages/airflow/example_dags/example_latest_only_with_trigger.py for tasks to queue
[2024-07-14T16:39:15.035+0000] {logging_mixin.py:188} INFO - [2024-07-14T16:39:15.033+0000] {dagbag.py:545} INFO - Filling up the DagBag from /home/airflow/.local/lib/python3.12/site-packages/airflow/example_dags/example_latest_only_with_trigger.py
[2024-07-14T16:39:15.049+0000] {processor.py:840} INFO - DAG(s) 'latest_only_with_trigger' retrieved from /home/airflow/.local/lib/python3.12/site-packages/airflow/example_dags/example_latest_only_with_trigger.py
[2024-07-14T16:39:15.151+0000] {logging_mixin.py:188} INFO - [2024-07-14T16:39:15.151+0000] {dag.py:3096} INFO - Sync 1 DAGs
[2024-07-14T16:39:15.289+0000] {logging_mixin.py:188} INFO - [2024-07-14T16:39:15.289+0000] {dag.py:3954} INFO - Setting next_dagrun for latest_only_with_trigger to 2024-07-14 12:00:00+00:00, run_after=2024-07-14 16:00:00+00:00
[2024-07-14T16:39:15.348+0000] {processor.py:183} INFO - Processing /home/airflow/.local/lib/python3.12/site-packages/airflow/example_dags/example_latest_only_with_trigger.py took 0.345 seconds
[2024-07-14T16:39:45.600+0000] {processor.py:161} INFO - Started process (PID=670) to work on /home/airflow/.local/lib/python3.12/site-packages/airflow/example_dags/example_latest_only_with_trigger.py
[2024-07-14T16:39:45.605+0000] {processor.py:830} INFO - Processing file /home/airflow/.local/lib/python3.12/site-packages/airflow/example_dags/example_latest_only_with_trigger.py for tasks to queue
[2024-07-14T16:39:45.607+0000] {logging_mixin.py:188} INFO - [2024-07-14T16:39:45.606+0000] {dagbag.py:545} INFO - Filling up the DagBag from /home/airflow/.local/lib/python3.12/site-packages/airflow/example_dags/example_latest_only_with_trigger.py
[2024-07-14T16:39:45.630+0000] {processor.py:840} INFO - DAG(s) 'latest_only_with_trigger' retrieved from /home/airflow/.local/lib/python3.12/site-packages/airflow/example_dags/example_latest_only_with_trigger.py
[2024-07-14T16:39:45.675+0000] {logging_mixin.py:188} INFO - [2024-07-14T16:39:45.674+0000] {dag.py:3096} INFO - Sync 1 DAGs
[2024-07-14T16:39:45.721+0000] {logging_mixin.py:188} INFO - [2024-07-14T16:39:45.721+0000] {dag.py:3954} INFO - Setting next_dagrun for latest_only_with_trigger to 2024-07-14 12:00:00+00:00, run_after=2024-07-14 16:00:00+00:00
[2024-07-14T16:39:45.760+0000] {processor.py:183} INFO - Processing /home/airflow/.local/lib/python3.12/site-packages/airflow/example_dags/example_latest_only_with_trigger.py took 0.170 seconds
[2024-07-14T16:40:16.340+0000] {processor.py:161} INFO - Started process (PID=729) to work on /home/airflow/.local/lib/python3.12/site-packages/airflow/example_dags/example_latest_only_with_trigger.py
[2024-07-14T16:40:16.343+0000] {processor.py:830} INFO - Processing file /home/airflow/.local/lib/python3.12/site-packages/airflow/example_dags/example_latest_only_with_trigger.py for tasks to queue
[2024-07-14T16:40:16.345+0000] {logging_mixin.py:188} INFO - [2024-07-14T16:40:16.344+0000] {dagbag.py:545} INFO - Filling up the DagBag from /home/airflow/.local/lib/python3.12/site-packages/airflow/example_dags/example_latest_only_with_trigger.py
[2024-07-14T16:40:16.354+0000] {processor.py:840} INFO - DAG(s) 'latest_only_with_trigger' retrieved from /home/airflow/.local/lib/python3.12/site-packages/airflow/example_dags/example_latest_only_with_trigger.py
[2024-07-14T16:40:16.412+0000] {logging_mixin.py:188} INFO - [2024-07-14T16:40:16.412+0000] {dag.py:3096} INFO - Sync 1 DAGs
[2024-07-14T16:40:16.454+0000] {logging_mixin.py:188} INFO - [2024-07-14T16:40:16.454+0000] {dag.py:3954} INFO - Setting next_dagrun for latest_only_with_trigger to 2024-07-14 12:00:00+00:00, run_after=2024-07-14 16:00:00+00:00
[2024-07-14T16:40:16.503+0000] {processor.py:183} INFO - Processing /home/airflow/.local/lib/python3.12/site-packages/airflow/example_dags/example_latest_only_with_trigger.py took 0.175 seconds
[2024-07-14T16:40:47.504+0000] {processor.py:161} INFO - Started process (PID=788) to work on /home/airflow/.local/lib/python3.12/site-packages/airflow/example_dags/example_latest_only_with_trigger.py
[2024-07-14T16:40:47.531+0000] {processor.py:830} INFO - Processing file /home/airflow/.local/lib/python3.12/site-packages/airflow/example_dags/example_latest_only_with_trigger.py for tasks to queue
[2024-07-14T16:40:47.534+0000] {logging_mixin.py:188} INFO - [2024-07-14T16:40:47.534+0000] {dagbag.py:545} INFO - Filling up the DagBag from /home/airflow/.local/lib/python3.12/site-packages/airflow/example_dags/example_latest_only_with_trigger.py
[2024-07-14T16:40:47.552+0000] {processor.py:840} INFO - DAG(s) 'latest_only_with_trigger' retrieved from /home/airflow/.local/lib/python3.12/site-packages/airflow/example_dags/example_latest_only_with_trigger.py
[2024-07-14T16:40:47.633+0000] {logging_mixin.py:188} INFO - [2024-07-14T16:40:47.633+0000] {dag.py:3096} INFO - Sync 1 DAGs
[2024-07-14T16:40:47.692+0000] {logging_mixin.py:188} INFO - [2024-07-14T16:40:47.691+0000] {dag.py:3954} INFO - Setting next_dagrun for latest_only_with_trigger to 2024-07-14 12:00:00+00:00, run_after=2024-07-14 16:00:00+00:00
[2024-07-14T16:40:48.120+0000] {processor.py:183} INFO - Processing /home/airflow/.local/lib/python3.12/site-packages/airflow/example_dags/example_latest_only_with_trigger.py took 0.638 seconds
[2024-07-14T16:41:18.608+0000] {processor.py:161} INFO - Started process (PID=846) to work on /home/airflow/.local/lib/python3.12/site-packages/airflow/example_dags/example_latest_only_with_trigger.py
[2024-07-14T16:41:18.645+0000] {processor.py:830} INFO - Processing file /home/airflow/.local/lib/python3.12/site-packages/airflow/example_dags/example_latest_only_with_trigger.py for tasks to queue
[2024-07-14T16:41:18.648+0000] {logging_mixin.py:188} INFO - [2024-07-14T16:41:18.647+0000] {dagbag.py:545} INFO - Filling up the DagBag from /home/airflow/.local/lib/python3.12/site-packages/airflow/example_dags/example_latest_only_with_trigger.py
[2024-07-14T16:41:18.694+0000] {processor.py:840} INFO - DAG(s) 'latest_only_with_trigger' retrieved from /home/airflow/.local/lib/python3.12/site-packages/airflow/example_dags/example_latest_only_with_trigger.py
[2024-07-14T16:41:18.759+0000] {logging_mixin.py:188} INFO - [2024-07-14T16:41:18.759+0000] {dag.py:3096} INFO - Sync 1 DAGs
[2024-07-14T16:41:18.833+0000] {logging_mixin.py:188} INFO - [2024-07-14T16:41:18.832+0000] {dag.py:3954} INFO - Setting next_dagrun for latest_only_with_trigger to 2024-07-14 12:00:00+00:00, run_after=2024-07-14 16:00:00+00:00
[2024-07-14T16:41:18.910+0000] {processor.py:183} INFO - Processing /home/airflow/.local/lib/python3.12/site-packages/airflow/example_dags/example_latest_only_with_trigger.py took 0.329 seconds
[2024-07-14T16:41:49.134+0000] {processor.py:161} INFO - Started process (PID=903) to work on /home/airflow/.local/lib/python3.12/site-packages/airflow/example_dags/example_latest_only_with_trigger.py
[2024-07-14T16:41:49.136+0000] {processor.py:830} INFO - Processing file /home/airflow/.local/lib/python3.12/site-packages/airflow/example_dags/example_latest_only_with_trigger.py for tasks to queue
[2024-07-14T16:41:49.139+0000] {logging_mixin.py:188} INFO - [2024-07-14T16:41:49.138+0000] {dagbag.py:545} INFO - Filling up the DagBag from /home/airflow/.local/lib/python3.12/site-packages/airflow/example_dags/example_latest_only_with_trigger.py
[2024-07-14T16:41:49.150+0000] {processor.py:840} INFO - DAG(s) 'latest_only_with_trigger' retrieved from /home/airflow/.local/lib/python3.12/site-packages/airflow/example_dags/example_latest_only_with_trigger.py
[2024-07-14T16:41:49.207+0000] {logging_mixin.py:188} INFO - [2024-07-14T16:41:49.207+0000] {dag.py:3096} INFO - Sync 1 DAGs
[2024-07-14T16:41:49.262+0000] {logging_mixin.py:188} INFO - [2024-07-14T16:41:49.262+0000] {dag.py:3954} INFO - Setting next_dagrun for latest_only_with_trigger to 2024-07-14 12:00:00+00:00, run_after=2024-07-14 16:00:00+00:00
[2024-07-14T16:41:49.323+0000] {processor.py:183} INFO - Processing /home/airflow/.local/lib/python3.12/site-packages/airflow/example_dags/example_latest_only_with_trigger.py took 0.215 seconds
[2024-07-14T16:42:19.679+0000] {processor.py:161} INFO - Started process (PID=962) to work on /home/airflow/.local/lib/python3.12/site-packages/airflow/example_dags/example_latest_only_with_trigger.py
[2024-07-14T16:42:19.681+0000] {processor.py:830} INFO - Processing file /home/airflow/.local/lib/python3.12/site-packages/airflow/example_dags/example_latest_only_with_trigger.py for tasks to queue
[2024-07-14T16:42:19.683+0000] {logging_mixin.py:188} INFO - [2024-07-14T16:42:19.682+0000] {dagbag.py:545} INFO - Filling up the DagBag from /home/airflow/.local/lib/python3.12/site-packages/airflow/example_dags/example_latest_only_with_trigger.py
[2024-07-14T16:42:19.700+0000] {processor.py:840} INFO - DAG(s) 'latest_only_with_trigger' retrieved from /home/airflow/.local/lib/python3.12/site-packages/airflow/example_dags/example_latest_only_with_trigger.py
[2024-07-14T16:42:19.783+0000] {logging_mixin.py:188} INFO - [2024-07-14T16:42:19.782+0000] {dag.py:3096} INFO - Sync 1 DAGs
[2024-07-14T16:42:19.839+0000] {logging_mixin.py:188} INFO - [2024-07-14T16:42:19.839+0000] {dag.py:3954} INFO - Setting next_dagrun for latest_only_with_trigger to 2024-07-14 12:00:00+00:00, run_after=2024-07-14 16:00:00+00:00
[2024-07-14T16:42:19.888+0000] {processor.py:183} INFO - Processing /home/airflow/.local/lib/python3.12/site-packages/airflow/example_dags/example_latest_only_with_trigger.py took 0.226 seconds
[2024-07-14T16:42:50.297+0000] {processor.py:161} INFO - Started process (PID=1020) to work on /home/airflow/.local/lib/python3.12/site-packages/airflow/example_dags/example_latest_only_with_trigger.py
[2024-07-14T16:42:50.302+0000] {processor.py:830} INFO - Processing file /home/airflow/.local/lib/python3.12/site-packages/airflow/example_dags/example_latest_only_with_trigger.py for tasks to queue
[2024-07-14T16:42:50.304+0000] {logging_mixin.py:188} INFO - [2024-07-14T16:42:50.303+0000] {dagbag.py:545} INFO - Filling up the DagBag from /home/airflow/.local/lib/python3.12/site-packages/airflow/example_dags/example_latest_only_with_trigger.py
[2024-07-14T16:42:50.333+0000] {processor.py:840} INFO - DAG(s) 'latest_only_with_trigger' retrieved from /home/airflow/.local/lib/python3.12/site-packages/airflow/example_dags/example_latest_only_with_trigger.py
[2024-07-14T16:42:50.383+0000] {logging_mixin.py:188} INFO - [2024-07-14T16:42:50.382+0000] {dag.py:3096} INFO - Sync 1 DAGs
[2024-07-14T16:42:50.449+0000] {logging_mixin.py:188} INFO - [2024-07-14T16:42:50.449+0000] {dag.py:3954} INFO - Setting next_dagrun for latest_only_with_trigger to 2024-07-14 12:00:00+00:00, run_after=2024-07-14 16:00:00+00:00
[2024-07-14T16:42:50.501+0000] {processor.py:183} INFO - Processing /home/airflow/.local/lib/python3.12/site-packages/airflow/example_dags/example_latest_only_with_trigger.py took 0.229 seconds
[2024-07-14T16:43:21.449+0000] {processor.py:161} INFO - Started process (PID=1079) to work on /home/airflow/.local/lib/python3.12/site-packages/airflow/example_dags/example_latest_only_with_trigger.py
[2024-07-14T16:43:21.453+0000] {processor.py:830} INFO - Processing file /home/airflow/.local/lib/python3.12/site-packages/airflow/example_dags/example_latest_only_with_trigger.py for tasks to queue
[2024-07-14T16:43:21.455+0000] {logging_mixin.py:188} INFO - [2024-07-14T16:43:21.455+0000] {dagbag.py:545} INFO - Filling up the DagBag from /home/airflow/.local/lib/python3.12/site-packages/airflow/example_dags/example_latest_only_with_trigger.py
[2024-07-14T16:43:21.496+0000] {processor.py:840} INFO - DAG(s) 'latest_only_with_trigger' retrieved from /home/airflow/.local/lib/python3.12/site-packages/airflow/example_dags/example_latest_only_with_trigger.py
[2024-07-14T16:43:21.581+0000] {logging_mixin.py:188} INFO - [2024-07-14T16:43:21.580+0000] {dag.py:3096} INFO - Sync 1 DAGs
[2024-07-14T16:43:21.745+0000] {logging_mixin.py:188} INFO - [2024-07-14T16:43:21.744+0000] {dag.py:3954} INFO - Setting next_dagrun for latest_only_with_trigger to 2024-07-14 12:00:00+00:00, run_after=2024-07-14 16:00:00+00:00
[2024-07-14T16:43:21.852+0000] {processor.py:183} INFO - Processing /home/airflow/.local/lib/python3.12/site-packages/airflow/example_dags/example_latest_only_with_trigger.py took 0.419 seconds
[2024-07-14T16:43:52.211+0000] {processor.py:161} INFO - Started process (PID=1138) to work on /home/airflow/.local/lib/python3.12/site-packages/airflow/example_dags/example_latest_only_with_trigger.py
[2024-07-14T16:43:52.216+0000] {processor.py:830} INFO - Processing file /home/airflow/.local/lib/python3.12/site-packages/airflow/example_dags/example_latest_only_with_trigger.py for tasks to queue
[2024-07-14T16:43:52.229+0000] {logging_mixin.py:188} INFO - [2024-07-14T16:43:52.229+0000] {dagbag.py:545} INFO - Filling up the DagBag from /home/airflow/.local/lib/python3.12/site-packages/airflow/example_dags/example_latest_only_with_trigger.py
[2024-07-14T16:43:52.247+0000] {processor.py:840} INFO - DAG(s) 'latest_only_with_trigger' retrieved from /home/airflow/.local/lib/python3.12/site-packages/airflow/example_dags/example_latest_only_with_trigger.py
[2024-07-14T16:43:52.342+0000] {logging_mixin.py:188} INFO - [2024-07-14T16:43:52.341+0000] {dag.py:3096} INFO - Sync 1 DAGs
[2024-07-14T16:43:52.405+0000] {logging_mixin.py:188} INFO - [2024-07-14T16:43:52.404+0000] {dag.py:3954} INFO - Setting next_dagrun for latest_only_with_trigger to 2024-07-14 12:00:00+00:00, run_after=2024-07-14 16:00:00+00:00
[2024-07-14T16:43:52.477+0000] {processor.py:183} INFO - Processing /home/airflow/.local/lib/python3.12/site-packages/airflow/example_dags/example_latest_only_with_trigger.py took 0.282 seconds
[2024-07-14T16:44:22.740+0000] {processor.py:161} INFO - Started process (PID=1196) to work on /home/airflow/.local/lib/python3.12/site-packages/airflow/example_dags/example_latest_only_with_trigger.py
[2024-07-14T16:44:22.741+0000] {processor.py:830} INFO - Processing file /home/airflow/.local/lib/python3.12/site-packages/airflow/example_dags/example_latest_only_with_trigger.py for tasks to queue
[2024-07-14T16:44:22.743+0000] {logging_mixin.py:188} INFO - [2024-07-14T16:44:22.742+0000] {dagbag.py:545} INFO - Filling up the DagBag from /home/airflow/.local/lib/python3.12/site-packages/airflow/example_dags/example_latest_only_with_trigger.py
[2024-07-14T16:44:22.754+0000] {processor.py:840} INFO - DAG(s) 'latest_only_with_trigger' retrieved from /home/airflow/.local/lib/python3.12/site-packages/airflow/example_dags/example_latest_only_with_trigger.py
[2024-07-14T16:44:22.796+0000] {logging_mixin.py:188} INFO - [2024-07-14T16:44:22.795+0000] {dag.py:3096} INFO - Sync 1 DAGs
[2024-07-14T16:44:22.852+0000] {logging_mixin.py:188} INFO - [2024-07-14T16:44:22.852+0000] {dag.py:3954} INFO - Setting next_dagrun for latest_only_with_trigger to 2024-07-14 12:00:00+00:00, run_after=2024-07-14 16:00:00+00:00
[2024-07-14T16:44:22.899+0000] {processor.py:183} INFO - Processing /home/airflow/.local/lib/python3.12/site-packages/airflow/example_dags/example_latest_only_with_trigger.py took 0.170 seconds
[2024-07-14T16:44:53.237+0000] {processor.py:161} INFO - Started process (PID=1255) to work on /home/airflow/.local/lib/python3.12/site-packages/airflow/example_dags/example_latest_only_with_trigger.py
[2024-07-14T16:44:53.243+0000] {processor.py:830} INFO - Processing file /home/airflow/.local/lib/python3.12/site-packages/airflow/example_dags/example_latest_only_with_trigger.py for tasks to queue
[2024-07-14T16:44:53.248+0000] {logging_mixin.py:188} INFO - [2024-07-14T16:44:53.248+0000] {dagbag.py:545} INFO - Filling up the DagBag from /home/airflow/.local/lib/python3.12/site-packages/airflow/example_dags/example_latest_only_with_trigger.py
[2024-07-14T16:44:53.275+0000] {processor.py:840} INFO - DAG(s) 'latest_only_with_trigger' retrieved from /home/airflow/.local/lib/python3.12/site-packages/airflow/example_dags/example_latest_only_with_trigger.py
[2024-07-14T16:44:53.355+0000] {logging_mixin.py:188} INFO - [2024-07-14T16:44:53.355+0000] {dag.py:3096} INFO - Sync 1 DAGs
[2024-07-14T16:44:53.421+0000] {logging_mixin.py:188} INFO - [2024-07-14T16:44:53.420+0000] {dag.py:3954} INFO - Setting next_dagrun for latest_only_with_trigger to 2024-07-14 12:00:00+00:00, run_after=2024-07-14 16:00:00+00:00
[2024-07-14T16:44:53.463+0000] {processor.py:183} INFO - Processing /home/airflow/.local/lib/python3.12/site-packages/airflow/example_dags/example_latest_only_with_trigger.py took 0.244 seconds
[2024-07-14T16:45:24.111+0000] {processor.py:161} INFO - Started process (PID=1313) to work on /home/airflow/.local/lib/python3.12/site-packages/airflow/example_dags/example_latest_only_with_trigger.py
[2024-07-14T16:45:24.114+0000] {processor.py:830} INFO - Processing file /home/airflow/.local/lib/python3.12/site-packages/airflow/example_dags/example_latest_only_with_trigger.py for tasks to queue
[2024-07-14T16:45:24.116+0000] {logging_mixin.py:188} INFO - [2024-07-14T16:45:24.116+0000] {dagbag.py:545} INFO - Filling up the DagBag from /home/airflow/.local/lib/python3.12/site-packages/airflow/example_dags/example_latest_only_with_trigger.py
[2024-07-14T16:45:24.128+0000] {processor.py:840} INFO - DAG(s) 'latest_only_with_trigger' retrieved from /home/airflow/.local/lib/python3.12/site-packages/airflow/example_dags/example_latest_only_with_trigger.py
[2024-07-14T16:45:24.166+0000] {logging_mixin.py:188} INFO - [2024-07-14T16:45:24.166+0000] {dag.py:3096} INFO - Sync 1 DAGs
[2024-07-14T16:45:24.209+0000] {logging_mixin.py:188} INFO - [2024-07-14T16:45:24.209+0000] {dag.py:3954} INFO - Setting next_dagrun for latest_only_with_trigger to 2024-07-14 12:00:00+00:00, run_after=2024-07-14 16:00:00+00:00
[2024-07-14T16:45:24.264+0000] {processor.py:183} INFO - Processing /home/airflow/.local/lib/python3.12/site-packages/airflow/example_dags/example_latest_only_with_trigger.py took 0.164 seconds
[2024-07-14T16:45:54.560+0000] {processor.py:161} INFO - Started process (PID=1372) to work on /home/airflow/.local/lib/python3.12/site-packages/airflow/example_dags/example_latest_only_with_trigger.py
[2024-07-14T16:45:54.562+0000] {processor.py:830} INFO - Processing file /home/airflow/.local/lib/python3.12/site-packages/airflow/example_dags/example_latest_only_with_trigger.py for tasks to queue
[2024-07-14T16:45:54.564+0000] {logging_mixin.py:188} INFO - [2024-07-14T16:45:54.563+0000] {dagbag.py:545} INFO - Filling up the DagBag from /home/airflow/.local/lib/python3.12/site-packages/airflow/example_dags/example_latest_only_with_trigger.py
[2024-07-14T16:45:54.587+0000] {processor.py:840} INFO - DAG(s) 'latest_only_with_trigger' retrieved from /home/airflow/.local/lib/python3.12/site-packages/airflow/example_dags/example_latest_only_with_trigger.py
[2024-07-14T16:45:54.643+0000] {logging_mixin.py:188} INFO - [2024-07-14T16:45:54.643+0000] {dag.py:3096} INFO - Sync 1 DAGs
[2024-07-14T16:45:54.703+0000] {logging_mixin.py:188} INFO - [2024-07-14T16:45:54.703+0000] {dag.py:3954} INFO - Setting next_dagrun for latest_only_with_trigger to 2024-07-14 12:00:00+00:00, run_after=2024-07-14 16:00:00+00:00
[2024-07-14T16:45:54.775+0000] {processor.py:183} INFO - Processing /home/airflow/.local/lib/python3.12/site-packages/airflow/example_dags/example_latest_only_with_trigger.py took 0.228 seconds
[2024-07-14T16:46:25.708+0000] {processor.py:161} INFO - Started process (PID=1431) to work on /home/airflow/.local/lib/python3.12/site-packages/airflow/example_dags/example_latest_only_with_trigger.py
[2024-07-14T16:46:25.710+0000] {processor.py:830} INFO - Processing file /home/airflow/.local/lib/python3.12/site-packages/airflow/example_dags/example_latest_only_with_trigger.py for tasks to queue
[2024-07-14T16:46:25.713+0000] {logging_mixin.py:188} INFO - [2024-07-14T16:46:25.712+0000] {dagbag.py:545} INFO - Filling up the DagBag from /home/airflow/.local/lib/python3.12/site-packages/airflow/example_dags/example_latest_only_with_trigger.py
[2024-07-14T16:46:25.733+0000] {processor.py:840} INFO - DAG(s) 'latest_only_with_trigger' retrieved from /home/airflow/.local/lib/python3.12/site-packages/airflow/example_dags/example_latest_only_with_trigger.py
[2024-07-14T16:46:25.842+0000] {logging_mixin.py:188} INFO - [2024-07-14T16:46:25.840+0000] {dag.py:3096} INFO - Sync 1 DAGs
[2024-07-14T16:46:26.037+0000] {logging_mixin.py:188} INFO - [2024-07-14T16:46:26.032+0000] {dag.py:3954} INFO - Setting next_dagrun for latest_only_with_trigger to 2024-07-14 12:00:00+00:00, run_after=2024-07-14 16:00:00+00:00
[2024-07-14T16:46:26.135+0000] {processor.py:183} INFO - Processing /home/airflow/.local/lib/python3.12/site-packages/airflow/example_dags/example_latest_only_with_trigger.py took 0.440 seconds
[2024-07-14T16:46:56.256+0000] {processor.py:161} INFO - Started process (PID=1496) to work on /home/airflow/.local/lib/python3.12/site-packages/airflow/example_dags/example_latest_only_with_trigger.py
[2024-07-14T16:46:56.257+0000] {processor.py:830} INFO - Processing file /home/airflow/.local/lib/python3.12/site-packages/airflow/example_dags/example_latest_only_with_trigger.py for tasks to queue
[2024-07-14T16:46:56.259+0000] {logging_mixin.py:188} INFO - [2024-07-14T16:46:56.259+0000] {dagbag.py:545} INFO - Filling up the DagBag from /home/airflow/.local/lib/python3.12/site-packages/airflow/example_dags/example_latest_only_with_trigger.py
[2024-07-14T16:46:56.269+0000] {processor.py:840} INFO - DAG(s) 'latest_only_with_trigger' retrieved from /home/airflow/.local/lib/python3.12/site-packages/airflow/example_dags/example_latest_only_with_trigger.py
[2024-07-14T16:46:56.312+0000] {logging_mixin.py:188} INFO - [2024-07-14T16:46:56.312+0000] {dag.py:3096} INFO - Sync 1 DAGs
[2024-07-14T16:46:56.364+0000] {logging_mixin.py:188} INFO - [2024-07-14T16:46:56.364+0000] {dag.py:3954} INFO - Setting next_dagrun for latest_only_with_trigger to 2024-07-14 12:00:00+00:00, run_after=2024-07-14 16:00:00+00:00
[2024-07-14T16:46:56.414+0000] {processor.py:183} INFO - Processing /home/airflow/.local/lib/python3.12/site-packages/airflow/example_dags/example_latest_only_with_trigger.py took 0.168 seconds
[2024-07-14T16:47:26.560+0000] {processor.py:161} INFO - Started process (PID=1555) to work on /home/airflow/.local/lib/python3.12/site-packages/airflow/example_dags/example_latest_only_with_trigger.py
[2024-07-14T16:47:26.564+0000] {processor.py:830} INFO - Processing file /home/airflow/.local/lib/python3.12/site-packages/airflow/example_dags/example_latest_only_with_trigger.py for tasks to queue
[2024-07-14T16:47:26.566+0000] {logging_mixin.py:188} INFO - [2024-07-14T16:47:26.565+0000] {dagbag.py:545} INFO - Filling up the DagBag from /home/airflow/.local/lib/python3.12/site-packages/airflow/example_dags/example_latest_only_with_trigger.py
[2024-07-14T16:47:26.589+0000] {processor.py:840} INFO - DAG(s) 'latest_only_with_trigger' retrieved from /home/airflow/.local/lib/python3.12/site-packages/airflow/example_dags/example_latest_only_with_trigger.py
[2024-07-14T16:47:26.639+0000] {logging_mixin.py:188} INFO - [2024-07-14T16:47:26.639+0000] {dag.py:3096} INFO - Sync 1 DAGs
[2024-07-14T16:47:26.695+0000] {logging_mixin.py:188} INFO - [2024-07-14T16:47:26.695+0000] {dag.py:3954} INFO - Setting next_dagrun for latest_only_with_trigger to 2024-07-14 12:00:00+00:00, run_after=2024-07-14 16:00:00+00:00
[2024-07-14T16:47:26.746+0000] {processor.py:183} INFO - Processing /home/airflow/.local/lib/python3.12/site-packages/airflow/example_dags/example_latest_only_with_trigger.py took 0.198 seconds
[2024-07-14T16:47:57.925+0000] {processor.py:161} INFO - Started process (PID=1614) to work on /home/airflow/.local/lib/python3.12/site-packages/airflow/example_dags/example_latest_only_with_trigger.py
[2024-07-14T16:47:57.941+0000] {processor.py:830} INFO - Processing file /home/airflow/.local/lib/python3.12/site-packages/airflow/example_dags/example_latest_only_with_trigger.py for tasks to queue
[2024-07-14T16:47:57.953+0000] {logging_mixin.py:188} INFO - [2024-07-14T16:47:57.953+0000] {dagbag.py:545} INFO - Filling up the DagBag from /home/airflow/.local/lib/python3.12/site-packages/airflow/example_dags/example_latest_only_with_trigger.py
[2024-07-14T16:47:58.085+0000] {processor.py:840} INFO - DAG(s) 'latest_only_with_trigger' retrieved from /home/airflow/.local/lib/python3.12/site-packages/airflow/example_dags/example_latest_only_with_trigger.py
[2024-07-14T16:47:58.166+0000] {logging_mixin.py:188} INFO - [2024-07-14T16:47:58.166+0000] {dag.py:3096} INFO - Sync 1 DAGs
[2024-07-14T16:47:58.248+0000] {logging_mixin.py:188} INFO - [2024-07-14T16:47:58.248+0000] {dag.py:3954} INFO - Setting next_dagrun for latest_only_with_trigger to 2024-07-14 12:00:00+00:00, run_after=2024-07-14 16:00:00+00:00
[2024-07-14T16:47:58.370+0000] {processor.py:183} INFO - Processing /home/airflow/.local/lib/python3.12/site-packages/airflow/example_dags/example_latest_only_with_trigger.py took 0.498 seconds
[2024-07-14T16:48:28.471+0000] {processor.py:161} INFO - Started process (PID=1673) to work on /home/airflow/.local/lib/python3.12/site-packages/airflow/example_dags/example_latest_only_with_trigger.py
[2024-07-14T16:48:28.484+0000] {processor.py:830} INFO - Processing file /home/airflow/.local/lib/python3.12/site-packages/airflow/example_dags/example_latest_only_with_trigger.py for tasks to queue
[2024-07-14T16:48:28.495+0000] {logging_mixin.py:188} INFO - [2024-07-14T16:48:28.494+0000] {dagbag.py:545} INFO - Filling up the DagBag from /home/airflow/.local/lib/python3.12/site-packages/airflow/example_dags/example_latest_only_with_trigger.py
[2024-07-14T16:48:28.503+0000] {processor.py:840} INFO - DAG(s) 'latest_only_with_trigger' retrieved from /home/airflow/.local/lib/python3.12/site-packages/airflow/example_dags/example_latest_only_with_trigger.py
[2024-07-14T16:48:28.546+0000] {logging_mixin.py:188} INFO - [2024-07-14T16:48:28.545+0000] {dag.py:3096} INFO - Sync 1 DAGs
[2024-07-14T16:48:28.591+0000] {logging_mixin.py:188} INFO - [2024-07-14T16:48:28.590+0000] {dag.py:3954} INFO - Setting next_dagrun for latest_only_with_trigger to 2024-07-14 12:00:00+00:00, run_after=2024-07-14 16:00:00+00:00
[2024-07-14T16:48:28.643+0000] {processor.py:183} INFO - Processing /home/airflow/.local/lib/python3.12/site-packages/airflow/example_dags/example_latest_only_with_trigger.py took 0.183 seconds
[2024-07-14T16:49:00.011+0000] {processor.py:161} INFO - Started process (PID=1732) to work on /home/airflow/.local/lib/python3.12/site-packages/airflow/example_dags/example_latest_only_with_trigger.py
[2024-07-14T16:49:00.013+0000] {processor.py:830} INFO - Processing file /home/airflow/.local/lib/python3.12/site-packages/airflow/example_dags/example_latest_only_with_trigger.py for tasks to queue
[2024-07-14T16:49:00.014+0000] {logging_mixin.py:188} INFO - [2024-07-14T16:49:00.014+0000] {dagbag.py:545} INFO - Filling up the DagBag from /home/airflow/.local/lib/python3.12/site-packages/airflow/example_dags/example_latest_only_with_trigger.py
[2024-07-14T16:49:00.029+0000] {processor.py:840} INFO - DAG(s) 'latest_only_with_trigger' retrieved from /home/airflow/.local/lib/python3.12/site-packages/airflow/example_dags/example_latest_only_with_trigger.py
[2024-07-14T16:49:00.084+0000] {logging_mixin.py:188} INFO - [2024-07-14T16:49:00.084+0000] {dag.py:3096} INFO - Sync 1 DAGs
[2024-07-14T16:49:00.139+0000] {logging_mixin.py:188} INFO - [2024-07-14T16:49:00.139+0000] {dag.py:3954} INFO - Setting next_dagrun for latest_only_with_trigger to 2024-07-14 12:00:00+00:00, run_after=2024-07-14 16:00:00+00:00
[2024-07-14T16:49:00.513+0000] {processor.py:183} INFO - Processing /home/airflow/.local/lib/python3.12/site-packages/airflow/example_dags/example_latest_only_with_trigger.py took 0.515 seconds
[2024-07-14T16:49:30.607+0000] {processor.py:161} INFO - Started process (PID=1791) to work on /home/airflow/.local/lib/python3.12/site-packages/airflow/example_dags/example_latest_only_with_trigger.py
[2024-07-14T16:49:30.612+0000] {processor.py:830} INFO - Processing file /home/airflow/.local/lib/python3.12/site-packages/airflow/example_dags/example_latest_only_with_trigger.py for tasks to queue
[2024-07-14T16:49:30.614+0000] {logging_mixin.py:188} INFO - [2024-07-14T16:49:30.613+0000] {dagbag.py:545} INFO - Filling up the DagBag from /home/airflow/.local/lib/python3.12/site-packages/airflow/example_dags/example_latest_only_with_trigger.py
[2024-07-14T16:49:30.644+0000] {processor.py:840} INFO - DAG(s) 'latest_only_with_trigger' retrieved from /home/airflow/.local/lib/python3.12/site-packages/airflow/example_dags/example_latest_only_with_trigger.py
[2024-07-14T16:49:30.732+0000] {logging_mixin.py:188} INFO - [2024-07-14T16:49:30.731+0000] {dag.py:3096} INFO - Sync 1 DAGs
[2024-07-14T16:49:30.835+0000] {logging_mixin.py:188} INFO - [2024-07-14T16:49:30.834+0000] {dag.py:3954} INFO - Setting next_dagrun for latest_only_with_trigger to 2024-07-14 12:00:00+00:00, run_after=2024-07-14 16:00:00+00:00
[2024-07-14T16:49:30.897+0000] {processor.py:183} INFO - Processing /home/airflow/.local/lib/python3.12/site-packages/airflow/example_dags/example_latest_only_with_trigger.py took 0.314 seconds
[2024-07-14T16:50:01.260+0000] {processor.py:161} INFO - Started process (PID=1850) to work on /home/airflow/.local/lib/python3.12/site-packages/airflow/example_dags/example_latest_only_with_trigger.py
[2024-07-14T16:50:01.262+0000] {processor.py:830} INFO - Processing file /home/airflow/.local/lib/python3.12/site-packages/airflow/example_dags/example_latest_only_with_trigger.py for tasks to queue
[2024-07-14T16:50:01.267+0000] {logging_mixin.py:188} INFO - [2024-07-14T16:50:01.267+0000] {dagbag.py:545} INFO - Filling up the DagBag from /home/airflow/.local/lib/python3.12/site-packages/airflow/example_dags/example_latest_only_with_trigger.py
[2024-07-14T16:50:01.282+0000] {processor.py:840} INFO - DAG(s) 'latest_only_with_trigger' retrieved from /home/airflow/.local/lib/python3.12/site-packages/airflow/example_dags/example_latest_only_with_trigger.py
[2024-07-14T16:50:01.348+0000] {logging_mixin.py:188} INFO - [2024-07-14T16:50:01.347+0000] {dag.py:3096} INFO - Sync 1 DAGs
[2024-07-14T16:50:01.406+0000] {logging_mixin.py:188} INFO - [2024-07-14T16:50:01.405+0000] {dag.py:3954} INFO - Setting next_dagrun for latest_only_with_trigger to 2024-07-14 12:00:00+00:00, run_after=2024-07-14 16:00:00+00:00
[2024-07-14T16:50:01.440+0000] {processor.py:183} INFO - Processing /home/airflow/.local/lib/python3.12/site-packages/airflow/example_dags/example_latest_only_with_trigger.py took 0.192 seconds
[2024-07-14T16:50:32.558+0000] {processor.py:161} INFO - Started process (PID=1908) to work on /home/airflow/.local/lib/python3.12/site-packages/airflow/example_dags/example_latest_only_with_trigger.py
[2024-07-14T16:50:32.559+0000] {processor.py:830} INFO - Processing file /home/airflow/.local/lib/python3.12/site-packages/airflow/example_dags/example_latest_only_with_trigger.py for tasks to queue
[2024-07-14T16:50:32.561+0000] {logging_mixin.py:188} INFO - [2024-07-14T16:50:32.561+0000] {dagbag.py:545} INFO - Filling up the DagBag from /home/airflow/.local/lib/python3.12/site-packages/airflow/example_dags/example_latest_only_with_trigger.py
[2024-07-14T16:50:32.575+0000] {processor.py:840} INFO - DAG(s) 'latest_only_with_trigger' retrieved from /home/airflow/.local/lib/python3.12/site-packages/airflow/example_dags/example_latest_only_with_trigger.py
[2024-07-14T16:50:32.832+0000] {logging_mixin.py:188} INFO - [2024-07-14T16:50:32.832+0000] {dag.py:3096} INFO - Sync 1 DAGs
[2024-07-14T16:50:32.875+0000] {logging_mixin.py:188} INFO - [2024-07-14T16:50:32.874+0000] {dag.py:3954} INFO - Setting next_dagrun for latest_only_with_trigger to 2024-07-14 12:00:00+00:00, run_after=2024-07-14 16:00:00+00:00
[2024-07-14T16:50:32.907+0000] {processor.py:183} INFO - Processing /home/airflow/.local/lib/python3.12/site-packages/airflow/example_dags/example_latest_only_with_trigger.py took 0.358 seconds
[2024-07-14T16:51:03.835+0000] {processor.py:161} INFO - Started process (PID=1966) to work on /home/airflow/.local/lib/python3.12/site-packages/airflow/example_dags/example_latest_only_with_trigger.py
[2024-07-14T16:51:03.836+0000] {processor.py:830} INFO - Processing file /home/airflow/.local/lib/python3.12/site-packages/airflow/example_dags/example_latest_only_with_trigger.py for tasks to queue
[2024-07-14T16:51:03.838+0000] {logging_mixin.py:188} INFO - [2024-07-14T16:51:03.838+0000] {dagbag.py:545} INFO - Filling up the DagBag from /home/airflow/.local/lib/python3.12/site-packages/airflow/example_dags/example_latest_only_with_trigger.py
[2024-07-14T16:51:03.851+0000] {processor.py:840} INFO - DAG(s) 'latest_only_with_trigger' retrieved from /home/airflow/.local/lib/python3.12/site-packages/airflow/example_dags/example_latest_only_with_trigger.py
[2024-07-14T16:51:03.906+0000] {logging_mixin.py:188} INFO - [2024-07-14T16:51:03.906+0000] {dag.py:3096} INFO - Sync 1 DAGs
[2024-07-14T16:51:03.954+0000] {logging_mixin.py:188} INFO - [2024-07-14T16:51:03.954+0000] {dag.py:3954} INFO - Setting next_dagrun for latest_only_with_trigger to 2024-07-14 12:00:00+00:00, run_after=2024-07-14 16:00:00+00:00
[2024-07-14T16:51:04.014+0000] {processor.py:183} INFO - Processing /home/airflow/.local/lib/python3.12/site-packages/airflow/example_dags/example_latest_only_with_trigger.py took 0.190 seconds
[2024-07-14T16:51:34.801+0000] {processor.py:161} INFO - Started process (PID=2025) to work on /home/airflow/.local/lib/python3.12/site-packages/airflow/example_dags/example_latest_only_with_trigger.py
[2024-07-14T16:51:34.803+0000] {processor.py:830} INFO - Processing file /home/airflow/.local/lib/python3.12/site-packages/airflow/example_dags/example_latest_only_with_trigger.py for tasks to queue
[2024-07-14T16:51:34.805+0000] {logging_mixin.py:188} INFO - [2024-07-14T16:51:34.804+0000] {dagbag.py:545} INFO - Filling up the DagBag from /home/airflow/.local/lib/python3.12/site-packages/airflow/example_dags/example_latest_only_with_trigger.py
[2024-07-14T16:51:34.817+0000] {processor.py:840} INFO - DAG(s) 'latest_only_with_trigger' retrieved from /home/airflow/.local/lib/python3.12/site-packages/airflow/example_dags/example_latest_only_with_trigger.py
[2024-07-14T16:51:34.853+0000] {logging_mixin.py:188} INFO - [2024-07-14T16:51:34.852+0000] {dag.py:3096} INFO - Sync 1 DAGs
[2024-07-14T16:51:34.894+0000] {logging_mixin.py:188} INFO - [2024-07-14T16:51:34.894+0000] {dag.py:3954} INFO - Setting next_dagrun for latest_only_with_trigger to 2024-07-14 12:00:00+00:00, run_after=2024-07-14 16:00:00+00:00
[2024-07-14T16:51:34.932+0000] {processor.py:183} INFO - Processing /home/airflow/.local/lib/python3.12/site-packages/airflow/example_dags/example_latest_only_with_trigger.py took 0.140 seconds
[2024-07-14T16:56:11.432+0000] {processor.py:161} INFO - Started process (PID=90) to work on /home/airflow/.local/lib/python3.12/site-packages/airflow/example_dags/example_latest_only_with_trigger.py
[2024-07-14T16:56:11.499+0000] {processor.py:830} INFO - Processing file /home/airflow/.local/lib/python3.12/site-packages/airflow/example_dags/example_latest_only_with_trigger.py for tasks to queue
[2024-07-14T16:56:11.538+0000] {logging_mixin.py:188} INFO - [2024-07-14T16:56:11.520+0000] {dagbag.py:545} INFO - Filling up the DagBag from /home/airflow/.local/lib/python3.12/site-packages/airflow/example_dags/example_latest_only_with_trigger.py
[2024-07-14T16:56:11.573+0000] {processor.py:840} INFO - DAG(s) 'latest_only_with_trigger' retrieved from /home/airflow/.local/lib/python3.12/site-packages/airflow/example_dags/example_latest_only_with_trigger.py
[2024-07-14T16:56:13.018+0000] {logging_mixin.py:188} INFO - [2024-07-14T16:56:13.018+0000] {dag.py:3096} INFO - Sync 1 DAGs
[2024-07-14T16:56:13.128+0000] {logging_mixin.py:188} INFO - [2024-07-14T16:56:13.127+0000] {dag.py:3954} INFO - Setting next_dagrun for latest_only_with_trigger to 2024-07-14 12:00:00+00:00, run_after=2024-07-14 16:00:00+00:00
[2024-07-14T16:56:13.278+0000] {processor.py:183} INFO - Processing /home/airflow/.local/lib/python3.12/site-packages/airflow/example_dags/example_latest_only_with_trigger.py took 1.879 seconds
[2024-07-14T16:56:44.158+0000] {processor.py:161} INFO - Started process (PID=148) to work on /home/airflow/.local/lib/python3.12/site-packages/airflow/example_dags/example_latest_only_with_trigger.py
[2024-07-14T16:56:44.161+0000] {processor.py:830} INFO - Processing file /home/airflow/.local/lib/python3.12/site-packages/airflow/example_dags/example_latest_only_with_trigger.py for tasks to queue
[2024-07-14T16:56:44.165+0000] {logging_mixin.py:188} INFO - [2024-07-14T16:56:44.164+0000] {dagbag.py:545} INFO - Filling up the DagBag from /home/airflow/.local/lib/python3.12/site-packages/airflow/example_dags/example_latest_only_with_trigger.py
[2024-07-14T16:56:44.176+0000] {processor.py:840} INFO - DAG(s) 'latest_only_with_trigger' retrieved from /home/airflow/.local/lib/python3.12/site-packages/airflow/example_dags/example_latest_only_with_trigger.py
[2024-07-14T16:56:44.230+0000] {logging_mixin.py:188} INFO - [2024-07-14T16:56:44.229+0000] {dag.py:3096} INFO - Sync 1 DAGs
[2024-07-14T16:56:44.398+0000] {logging_mixin.py:188} INFO - [2024-07-14T16:56:44.398+0000] {dag.py:3954} INFO - Setting next_dagrun for latest_only_with_trigger to 2024-07-14 12:00:00+00:00, run_after=2024-07-14 16:00:00+00:00
[2024-07-14T16:56:44.453+0000] {processor.py:183} INFO - Processing /home/airflow/.local/lib/python3.12/site-packages/airflow/example_dags/example_latest_only_with_trigger.py took 0.308 seconds
