[2024-07-14T16:33:15.839+0000] {processor.py:161} INFO - Started process (PID=41) to work on /home/airflow/.local/lib/python3.12/site-packages/airflow/example_dags/example_branch_python_dop_operator_3.py
[2024-07-14T16:33:15.841+0000] {processor.py:830} INFO - Processing file /home/airflow/.local/lib/python3.12/site-packages/airflow/example_dags/example_branch_python_dop_operator_3.py for tasks to queue
[2024-07-14T16:33:15.845+0000] {logging_mixin.py:188} INFO - [2024-07-14T16:33:15.844+0000] {dagbag.py:545} INFO - Filling up the DagBag from /home/airflow/.local/lib/python3.12/site-packages/airflow/example_dags/example_branch_python_dop_operator_3.py
[2024-07-14T16:33:15.869+0000] {processor.py:840} INFO - DAG(s) 'example_branch_dop_operator_v3' retrieved from /home/airflow/.local/lib/python3.12/site-packages/airflow/example_dags/example_branch_python_dop_operator_3.py
[2024-07-14T16:33:16.193+0000] {logging_mixin.py:188} INFO - [2024-07-14T16:33:16.192+0000] {dag.py:3096} INFO - Sync 1 DAGs
[2024-07-14T16:33:16.269+0000] {logging_mixin.py:188} INFO - [2024-07-14T16:33:16.268+0000] {dag.py:3954} INFO - Setting next_dagrun for example_branch_dop_operator_v3 to 2024-07-14 16:32:00+00:00, run_after=2024-07-14 16:33:00+00:00
[2024-07-14T16:33:16.383+0000] {processor.py:183} INFO - Processing /home/airflow/.local/lib/python3.12/site-packages/airflow/example_dags/example_branch_python_dop_operator_3.py took 0.558 seconds
[2024-07-14T16:33:46.578+0000] {processor.py:161} INFO - Started process (PID=99) to work on /home/airflow/.local/lib/python3.12/site-packages/airflow/example_dags/example_branch_python_dop_operator_3.py
[2024-07-14T16:33:46.580+0000] {processor.py:830} INFO - Processing file /home/airflow/.local/lib/python3.12/site-packages/airflow/example_dags/example_branch_python_dop_operator_3.py for tasks to queue
[2024-07-14T16:33:46.583+0000] {logging_mixin.py:188} INFO - [2024-07-14T16:33:46.583+0000] {dagbag.py:545} INFO - Filling up the DagBag from /home/airflow/.local/lib/python3.12/site-packages/airflow/example_dags/example_branch_python_dop_operator_3.py
[2024-07-14T16:33:46.596+0000] {processor.py:840} INFO - DAG(s) 'example_branch_dop_operator_v3' retrieved from /home/airflow/.local/lib/python3.12/site-packages/airflow/example_dags/example_branch_python_dop_operator_3.py
[2024-07-14T16:33:46.635+0000] {logging_mixin.py:188} INFO - [2024-07-14T16:33:46.634+0000] {dag.py:3096} INFO - Sync 1 DAGs
[2024-07-14T16:33:46.687+0000] {logging_mixin.py:188} INFO - [2024-07-14T16:33:46.686+0000] {dag.py:3954} INFO - Setting next_dagrun for example_branch_dop_operator_v3 to 2024-07-14 16:32:00+00:00, run_after=2024-07-14 16:33:00+00:00
[2024-07-14T16:33:46.719+0000] {processor.py:183} INFO - Processing /home/airflow/.local/lib/python3.12/site-packages/airflow/example_dags/example_branch_python_dop_operator_3.py took 0.157 seconds
[2024-07-14T16:34:17.189+0000] {processor.py:161} INFO - Started process (PID=156) to work on /home/airflow/.local/lib/python3.12/site-packages/airflow/example_dags/example_branch_python_dop_operator_3.py
[2024-07-14T16:34:17.191+0000] {processor.py:830} INFO - Processing file /home/airflow/.local/lib/python3.12/site-packages/airflow/example_dags/example_branch_python_dop_operator_3.py for tasks to queue
[2024-07-14T16:34:17.194+0000] {logging_mixin.py:188} INFO - [2024-07-14T16:34:17.194+0000] {dagbag.py:545} INFO - Filling up the DagBag from /home/airflow/.local/lib/python3.12/site-packages/airflow/example_dags/example_branch_python_dop_operator_3.py
[2024-07-14T16:34:17.211+0000] {processor.py:840} INFO - DAG(s) 'example_branch_dop_operator_v3' retrieved from /home/airflow/.local/lib/python3.12/site-packages/airflow/example_dags/example_branch_python_dop_operator_3.py
[2024-07-14T16:34:17.261+0000] {logging_mixin.py:188} INFO - [2024-07-14T16:34:17.261+0000] {dag.py:3096} INFO - Sync 1 DAGs
[2024-07-14T16:34:17.311+0000] {logging_mixin.py:188} INFO - [2024-07-14T16:34:17.311+0000] {dag.py:3954} INFO - Setting next_dagrun for example_branch_dop_operator_v3 to 2024-07-14 16:33:00+00:00, run_after=2024-07-14 16:34:00+00:00
[2024-07-14T16:34:17.354+0000] {processor.py:183} INFO - Processing /home/airflow/.local/lib/python3.12/site-packages/airflow/example_dags/example_branch_python_dop_operator_3.py took 0.178 seconds
[2024-07-14T16:34:48.236+0000] {processor.py:161} INFO - Started process (PID=214) to work on /home/airflow/.local/lib/python3.12/site-packages/airflow/example_dags/example_branch_python_dop_operator_3.py
[2024-07-14T16:34:48.242+0000] {processor.py:830} INFO - Processing file /home/airflow/.local/lib/python3.12/site-packages/airflow/example_dags/example_branch_python_dop_operator_3.py for tasks to queue
[2024-07-14T16:34:48.246+0000] {logging_mixin.py:188} INFO - [2024-07-14T16:34:48.245+0000] {dagbag.py:545} INFO - Filling up the DagBag from /home/airflow/.local/lib/python3.12/site-packages/airflow/example_dags/example_branch_python_dop_operator_3.py
[2024-07-14T16:34:48.268+0000] {processor.py:840} INFO - DAG(s) 'example_branch_dop_operator_v3' retrieved from /home/airflow/.local/lib/python3.12/site-packages/airflow/example_dags/example_branch_python_dop_operator_3.py
[2024-07-14T16:34:48.344+0000] {logging_mixin.py:188} INFO - [2024-07-14T16:34:48.344+0000] {dag.py:3096} INFO - Sync 1 DAGs
[2024-07-14T16:34:48.408+0000] {logging_mixin.py:188} INFO - [2024-07-14T16:34:48.407+0000] {dag.py:3954} INFO - Setting next_dagrun for example_branch_dop_operator_v3 to 2024-07-14 16:33:00+00:00, run_after=2024-07-14 16:34:00+00:00
[2024-07-14T16:34:48.480+0000] {processor.py:183} INFO - Processing /home/airflow/.local/lib/python3.12/site-packages/airflow/example_dags/example_branch_python_dop_operator_3.py took 0.264 seconds
[2024-07-14T16:35:19.457+0000] {processor.py:161} INFO - Started process (PID=272) to work on /home/airflow/.local/lib/python3.12/site-packages/airflow/example_dags/example_branch_python_dop_operator_3.py
[2024-07-14T16:35:19.458+0000] {processor.py:830} INFO - Processing file /home/airflow/.local/lib/python3.12/site-packages/airflow/example_dags/example_branch_python_dop_operator_3.py for tasks to queue
[2024-07-14T16:35:19.461+0000] {logging_mixin.py:188} INFO - [2024-07-14T16:35:19.461+0000] {dagbag.py:545} INFO - Filling up the DagBag from /home/airflow/.local/lib/python3.12/site-packages/airflow/example_dags/example_branch_python_dop_operator_3.py
[2024-07-14T16:35:19.485+0000] {processor.py:840} INFO - DAG(s) 'example_branch_dop_operator_v3' retrieved from /home/airflow/.local/lib/python3.12/site-packages/airflow/example_dags/example_branch_python_dop_operator_3.py
[2024-07-14T16:35:19.530+0000] {logging_mixin.py:188} INFO - [2024-07-14T16:35:19.530+0000] {dag.py:3096} INFO - Sync 1 DAGs
[2024-07-14T16:35:19.626+0000] {logging_mixin.py:188} INFO - [2024-07-14T16:35:19.626+0000] {dag.py:3954} INFO - Setting next_dagrun for example_branch_dop_operator_v3 to 2024-07-14 16:34:00+00:00, run_after=2024-07-14 16:35:00+00:00
[2024-07-14T16:35:19.742+0000] {processor.py:183} INFO - Processing /home/airflow/.local/lib/python3.12/site-packages/airflow/example_dags/example_branch_python_dop_operator_3.py took 0.297 seconds
[2024-07-14T16:35:50.308+0000] {processor.py:161} INFO - Started process (PID=328) to work on /home/airflow/.local/lib/python3.12/site-packages/airflow/example_dags/example_branch_python_dop_operator_3.py
[2024-07-14T16:35:50.330+0000] {processor.py:830} INFO - Processing file /home/airflow/.local/lib/python3.12/site-packages/airflow/example_dags/example_branch_python_dop_operator_3.py for tasks to queue
[2024-07-14T16:35:50.335+0000] {logging_mixin.py:188} INFO - [2024-07-14T16:35:50.335+0000] {dagbag.py:545} INFO - Filling up the DagBag from /home/airflow/.local/lib/python3.12/site-packages/airflow/example_dags/example_branch_python_dop_operator_3.py
[2024-07-14T16:35:50.588+0000] {processor.py:840} INFO - DAG(s) 'example_branch_dop_operator_v3' retrieved from /home/airflow/.local/lib/python3.12/site-packages/airflow/example_dags/example_branch_python_dop_operator_3.py
[2024-07-14T16:35:50.830+0000] {logging_mixin.py:188} INFO - [2024-07-14T16:35:50.829+0000] {dag.py:3096} INFO - Sync 1 DAGs
[2024-07-14T16:35:50.929+0000] {logging_mixin.py:188} INFO - [2024-07-14T16:35:50.928+0000] {dag.py:3954} INFO - Setting next_dagrun for example_branch_dop_operator_v3 to 2024-07-14 16:34:00+00:00, run_after=2024-07-14 16:35:00+00:00
[2024-07-14T16:35:51.000+0000] {processor.py:183} INFO - Processing /home/airflow/.local/lib/python3.12/site-packages/airflow/example_dags/example_branch_python_dop_operator_3.py took 0.721 seconds
[2024-07-14T16:36:21.477+0000] {processor.py:161} INFO - Started process (PID=386) to work on /home/airflow/.local/lib/python3.12/site-packages/airflow/example_dags/example_branch_python_dop_operator_3.py
[2024-07-14T16:36:21.479+0000] {processor.py:830} INFO - Processing file /home/airflow/.local/lib/python3.12/site-packages/airflow/example_dags/example_branch_python_dop_operator_3.py for tasks to queue
[2024-07-14T16:36:21.483+0000] {logging_mixin.py:188} INFO - [2024-07-14T16:36:21.482+0000] {dagbag.py:545} INFO - Filling up the DagBag from /home/airflow/.local/lib/python3.12/site-packages/airflow/example_dags/example_branch_python_dop_operator_3.py
[2024-07-14T16:36:21.496+0000] {processor.py:840} INFO - DAG(s) 'example_branch_dop_operator_v3' retrieved from /home/airflow/.local/lib/python3.12/site-packages/airflow/example_dags/example_branch_python_dop_operator_3.py
[2024-07-14T16:36:21.536+0000] {logging_mixin.py:188} INFO - [2024-07-14T16:36:21.536+0000] {dag.py:3096} INFO - Sync 1 DAGs
[2024-07-14T16:36:21.585+0000] {logging_mixin.py:188} INFO - [2024-07-14T16:36:21.585+0000] {dag.py:3954} INFO - Setting next_dagrun for example_branch_dop_operator_v3 to 2024-07-14 16:35:00+00:00, run_after=2024-07-14 16:36:00+00:00
[2024-07-14T16:36:21.630+0000] {processor.py:183} INFO - Processing /home/airflow/.local/lib/python3.12/site-packages/airflow/example_dags/example_branch_python_dop_operator_3.py took 0.170 seconds
[2024-07-14T16:36:52.469+0000] {processor.py:161} INFO - Started process (PID=444) to work on /home/airflow/.local/lib/python3.12/site-packages/airflow/example_dags/example_branch_python_dop_operator_3.py
[2024-07-14T16:36:52.476+0000] {processor.py:830} INFO - Processing file /home/airflow/.local/lib/python3.12/site-packages/airflow/example_dags/example_branch_python_dop_operator_3.py for tasks to queue
[2024-07-14T16:36:52.483+0000] {logging_mixin.py:188} INFO - [2024-07-14T16:36:52.483+0000] {dagbag.py:545} INFO - Filling up the DagBag from /home/airflow/.local/lib/python3.12/site-packages/airflow/example_dags/example_branch_python_dop_operator_3.py
[2024-07-14T16:36:52.504+0000] {processor.py:840} INFO - DAG(s) 'example_branch_dop_operator_v3' retrieved from /home/airflow/.local/lib/python3.12/site-packages/airflow/example_dags/example_branch_python_dop_operator_3.py
[2024-07-14T16:36:52.556+0000] {logging_mixin.py:188} INFO - [2024-07-14T16:36:52.555+0000] {dag.py:3096} INFO - Sync 1 DAGs
[2024-07-14T16:36:52.637+0000] {logging_mixin.py:188} INFO - [2024-07-14T16:36:52.636+0000] {dag.py:3954} INFO - Setting next_dagrun for example_branch_dop_operator_v3 to 2024-07-14 16:35:00+00:00, run_after=2024-07-14 16:36:00+00:00
[2024-07-14T16:36:52.691+0000] {processor.py:183} INFO - Processing /home/airflow/.local/lib/python3.12/site-packages/airflow/example_dags/example_branch_python_dop_operator_3.py took 0.235 seconds
[2024-07-14T16:37:22.928+0000] {processor.py:161} INFO - Started process (PID=501) to work on /home/airflow/.local/lib/python3.12/site-packages/airflow/example_dags/example_branch_python_dop_operator_3.py
[2024-07-14T16:37:22.945+0000] {processor.py:830} INFO - Processing file /home/airflow/.local/lib/python3.12/site-packages/airflow/example_dags/example_branch_python_dop_operator_3.py for tasks to queue
[2024-07-14T16:37:23.025+0000] {logging_mixin.py:188} INFO - [2024-07-14T16:37:23.010+0000] {dagbag.py:545} INFO - Filling up the DagBag from /home/airflow/.local/lib/python3.12/site-packages/airflow/example_dags/example_branch_python_dop_operator_3.py
[2024-07-14T16:37:23.188+0000] {processor.py:840} INFO - DAG(s) 'example_branch_dop_operator_v3' retrieved from /home/airflow/.local/lib/python3.12/site-packages/airflow/example_dags/example_branch_python_dop_operator_3.py
[2024-07-14T16:37:23.621+0000] {logging_mixin.py:188} INFO - [2024-07-14T16:37:23.621+0000] {dag.py:3096} INFO - Sync 1 DAGs
[2024-07-14T16:37:23.811+0000] {logging_mixin.py:188} INFO - [2024-07-14T16:37:23.810+0000] {dag.py:3954} INFO - Setting next_dagrun for example_branch_dop_operator_v3 to 2024-07-14 16:36:00+00:00, run_after=2024-07-14 16:37:00+00:00
[2024-07-14T16:37:24.021+0000] {processor.py:183} INFO - Processing /home/airflow/.local/lib/python3.12/site-packages/airflow/example_dags/example_branch_python_dop_operator_3.py took 1.129 seconds
[2024-07-14T16:38:00.981+0000] {processor.py:161} INFO - Started process (PID=559) to work on /home/airflow/.local/lib/python3.12/site-packages/airflow/example_dags/example_branch_python_dop_operator_3.py
[2024-07-14T16:38:00.984+0000] {processor.py:830} INFO - Processing file /home/airflow/.local/lib/python3.12/site-packages/airflow/example_dags/example_branch_python_dop_operator_3.py for tasks to queue
[2024-07-14T16:38:00.991+0000] {logging_mixin.py:188} INFO - [2024-07-14T16:38:00.990+0000] {dagbag.py:545} INFO - Filling up the DagBag from /home/airflow/.local/lib/python3.12/site-packages/airflow/example_dags/example_branch_python_dop_operator_3.py
[2024-07-14T16:38:01.041+0000] {processor.py:840} INFO - DAG(s) 'example_branch_dop_operator_v3' retrieved from /home/airflow/.local/lib/python3.12/site-packages/airflow/example_dags/example_branch_python_dop_operator_3.py
[2024-07-14T16:38:01.147+0000] {logging_mixin.py:188} INFO - [2024-07-14T16:38:01.147+0000] {dag.py:3096} INFO - Sync 1 DAGs
[2024-07-14T16:38:01.321+0000] {logging_mixin.py:188} INFO - [2024-07-14T16:38:01.320+0000] {dag.py:3954} INFO - Setting next_dagrun for example_branch_dop_operator_v3 to 2024-07-14 16:37:00+00:00, run_after=2024-07-14 16:38:00+00:00
[2024-07-14T16:38:01.617+0000] {processor.py:183} INFO - Processing /home/airflow/.local/lib/python3.12/site-packages/airflow/example_dags/example_branch_python_dop_operator_3.py took 0.678 seconds
[2024-07-14T16:38:55.763+0000] {processor.py:161} INFO - Started process (PID=595) to work on /home/airflow/.local/lib/python3.12/site-packages/airflow/example_dags/example_branch_python_dop_operator_3.py
[2024-07-14T16:38:55.861+0000] {processor.py:830} INFO - Processing file /home/airflow/.local/lib/python3.12/site-packages/airflow/example_dags/example_branch_python_dop_operator_3.py for tasks to queue
[2024-07-14T16:38:55.864+0000] {logging_mixin.py:188} INFO - [2024-07-14T16:38:55.863+0000] {dagbag.py:545} INFO - Filling up the DagBag from /home/airflow/.local/lib/python3.12/site-packages/airflow/example_dags/example_branch_python_dop_operator_3.py
[2024-07-14T16:38:56.603+0000] {processor.py:840} INFO - DAG(s) 'example_branch_dop_operator_v3' retrieved from /home/airflow/.local/lib/python3.12/site-packages/airflow/example_dags/example_branch_python_dop_operator_3.py
[2024-07-14T16:38:57.107+0000] {logging_mixin.py:188} INFO - [2024-07-14T16:38:57.107+0000] {dag.py:3096} INFO - Sync 1 DAGs
[2024-07-14T16:38:58.375+0000] {logging_mixin.py:188} INFO - [2024-07-14T16:38:58.374+0000] {dag.py:3954} INFO - Setting next_dagrun for example_branch_dop_operator_v3 to 2024-07-14 16:37:00+00:00, run_after=2024-07-14 16:38:00+00:00
[2024-07-14T16:38:59.021+0000] {processor.py:183} INFO - Processing /home/airflow/.local/lib/python3.12/site-packages/airflow/example_dags/example_branch_python_dop_operator_3.py took 3.377 seconds
[2024-07-14T16:39:29.671+0000] {processor.py:161} INFO - Started process (PID=652) to work on /home/airflow/.local/lib/python3.12/site-packages/airflow/example_dags/example_branch_python_dop_operator_3.py
[2024-07-14T16:39:29.675+0000] {processor.py:830} INFO - Processing file /home/airflow/.local/lib/python3.12/site-packages/airflow/example_dags/example_branch_python_dop_operator_3.py for tasks to queue
[2024-07-14T16:39:29.678+0000] {logging_mixin.py:188} INFO - [2024-07-14T16:39:29.677+0000] {dagbag.py:545} INFO - Filling up the DagBag from /home/airflow/.local/lib/python3.12/site-packages/airflow/example_dags/example_branch_python_dop_operator_3.py
[2024-07-14T16:39:29.695+0000] {processor.py:840} INFO - DAG(s) 'example_branch_dop_operator_v3' retrieved from /home/airflow/.local/lib/python3.12/site-packages/airflow/example_dags/example_branch_python_dop_operator_3.py
[2024-07-14T16:39:29.815+0000] {logging_mixin.py:188} INFO - [2024-07-14T16:39:29.814+0000] {dag.py:3096} INFO - Sync 1 DAGs
[2024-07-14T16:39:29.923+0000] {logging_mixin.py:188} INFO - [2024-07-14T16:39:29.922+0000] {dag.py:3954} INFO - Setting next_dagrun for example_branch_dop_operator_v3 to 2024-07-14 16:38:00+00:00, run_after=2024-07-14 16:39:00+00:00
[2024-07-14T16:39:29.989+0000] {processor.py:183} INFO - Processing /home/airflow/.local/lib/python3.12/site-packages/airflow/example_dags/example_branch_python_dop_operator_3.py took 0.331 seconds
[2024-07-14T16:40:00.541+0000] {processor.py:161} INFO - Started process (PID=711) to work on /home/airflow/.local/lib/python3.12/site-packages/airflow/example_dags/example_branch_python_dop_operator_3.py
[2024-07-14T16:40:00.543+0000] {processor.py:830} INFO - Processing file /home/airflow/.local/lib/python3.12/site-packages/airflow/example_dags/example_branch_python_dop_operator_3.py for tasks to queue
[2024-07-14T16:40:00.545+0000] {logging_mixin.py:188} INFO - [2024-07-14T16:40:00.545+0000] {dagbag.py:545} INFO - Filling up the DagBag from /home/airflow/.local/lib/python3.12/site-packages/airflow/example_dags/example_branch_python_dop_operator_3.py
[2024-07-14T16:40:00.579+0000] {processor.py:840} INFO - DAG(s) 'example_branch_dop_operator_v3' retrieved from /home/airflow/.local/lib/python3.12/site-packages/airflow/example_dags/example_branch_python_dop_operator_3.py
[2024-07-14T16:40:00.848+0000] {logging_mixin.py:188} INFO - [2024-07-14T16:40:00.848+0000] {dag.py:3096} INFO - Sync 1 DAGs
[2024-07-14T16:40:01.057+0000] {logging_mixin.py:188} INFO - [2024-07-14T16:40:01.056+0000] {dag.py:3954} INFO - Setting next_dagrun for example_branch_dop_operator_v3 to 2024-07-14 16:39:00+00:00, run_after=2024-07-14 16:40:00+00:00
[2024-07-14T16:40:01.128+0000] {processor.py:183} INFO - Processing /home/airflow/.local/lib/python3.12/site-packages/airflow/example_dags/example_branch_python_dop_operator_3.py took 0.619 seconds
[2024-07-14T16:40:31.765+0000] {processor.py:161} INFO - Started process (PID=770) to work on /home/airflow/.local/lib/python3.12/site-packages/airflow/example_dags/example_branch_python_dop_operator_3.py
[2024-07-14T16:40:31.767+0000] {processor.py:830} INFO - Processing file /home/airflow/.local/lib/python3.12/site-packages/airflow/example_dags/example_branch_python_dop_operator_3.py for tasks to queue
[2024-07-14T16:40:31.770+0000] {logging_mixin.py:188} INFO - [2024-07-14T16:40:31.769+0000] {dagbag.py:545} INFO - Filling up the DagBag from /home/airflow/.local/lib/python3.12/site-packages/airflow/example_dags/example_branch_python_dop_operator_3.py
[2024-07-14T16:40:31.787+0000] {processor.py:840} INFO - DAG(s) 'example_branch_dop_operator_v3' retrieved from /home/airflow/.local/lib/python3.12/site-packages/airflow/example_dags/example_branch_python_dop_operator_3.py
[2024-07-14T16:40:31.829+0000] {logging_mixin.py:188} INFO - [2024-07-14T16:40:31.828+0000] {dag.py:3096} INFO - Sync 1 DAGs
[2024-07-14T16:40:31.875+0000] {logging_mixin.py:188} INFO - [2024-07-14T16:40:31.875+0000] {dag.py:3954} INFO - Setting next_dagrun for example_branch_dop_operator_v3 to 2024-07-14 16:39:00+00:00, run_after=2024-07-14 16:40:00+00:00
[2024-07-14T16:40:31.910+0000] {processor.py:183} INFO - Processing /home/airflow/.local/lib/python3.12/site-packages/airflow/example_dags/example_branch_python_dop_operator_3.py took 0.156 seconds
[2024-07-14T16:41:02.609+0000] {processor.py:161} INFO - Started process (PID=828) to work on /home/airflow/.local/lib/python3.12/site-packages/airflow/example_dags/example_branch_python_dop_operator_3.py
[2024-07-14T16:41:02.620+0000] {processor.py:830} INFO - Processing file /home/airflow/.local/lib/python3.12/site-packages/airflow/example_dags/example_branch_python_dop_operator_3.py for tasks to queue
[2024-07-14T16:41:02.629+0000] {logging_mixin.py:188} INFO - [2024-07-14T16:41:02.629+0000] {dagbag.py:545} INFO - Filling up the DagBag from /home/airflow/.local/lib/python3.12/site-packages/airflow/example_dags/example_branch_python_dop_operator_3.py
[2024-07-14T16:41:02.645+0000] {processor.py:840} INFO - DAG(s) 'example_branch_dop_operator_v3' retrieved from /home/airflow/.local/lib/python3.12/site-packages/airflow/example_dags/example_branch_python_dop_operator_3.py
[2024-07-14T16:41:02.709+0000] {logging_mixin.py:188} INFO - [2024-07-14T16:41:02.709+0000] {dag.py:3096} INFO - Sync 1 DAGs
[2024-07-14T16:41:02.780+0000] {logging_mixin.py:188} INFO - [2024-07-14T16:41:02.779+0000] {dag.py:3954} INFO - Setting next_dagrun for example_branch_dop_operator_v3 to 2024-07-14 16:40:00+00:00, run_after=2024-07-14 16:41:00+00:00
[2024-07-14T16:41:02.824+0000] {processor.py:183} INFO - Processing /home/airflow/.local/lib/python3.12/site-packages/airflow/example_dags/example_branch_python_dop_operator_3.py took 0.238 seconds
[2024-07-14T16:41:33.448+0000] {processor.py:161} INFO - Started process (PID=887) to work on /home/airflow/.local/lib/python3.12/site-packages/airflow/example_dags/example_branch_python_dop_operator_3.py
[2024-07-14T16:41:33.451+0000] {processor.py:830} INFO - Processing file /home/airflow/.local/lib/python3.12/site-packages/airflow/example_dags/example_branch_python_dop_operator_3.py for tasks to queue
[2024-07-14T16:41:33.454+0000] {logging_mixin.py:188} INFO - [2024-07-14T16:41:33.453+0000] {dagbag.py:545} INFO - Filling up the DagBag from /home/airflow/.local/lib/python3.12/site-packages/airflow/example_dags/example_branch_python_dop_operator_3.py
[2024-07-14T16:41:33.477+0000] {processor.py:840} INFO - DAG(s) 'example_branch_dop_operator_v3' retrieved from /home/airflow/.local/lib/python3.12/site-packages/airflow/example_dags/example_branch_python_dop_operator_3.py
[2024-07-14T16:41:33.577+0000] {logging_mixin.py:188} INFO - [2024-07-14T16:41:33.576+0000] {dag.py:3096} INFO - Sync 1 DAGs
[2024-07-14T16:41:33.660+0000] {logging_mixin.py:188} INFO - [2024-07-14T16:41:33.660+0000] {dag.py:3954} INFO - Setting next_dagrun for example_branch_dop_operator_v3 to 2024-07-14 16:40:00+00:00, run_after=2024-07-14 16:41:00+00:00
[2024-07-14T16:41:33.729+0000] {processor.py:183} INFO - Processing /home/airflow/.local/lib/python3.12/site-packages/airflow/example_dags/example_branch_python_dop_operator_3.py took 0.295 seconds
[2024-07-14T16:42:03.964+0000] {processor.py:161} INFO - Started process (PID=946) to work on /home/airflow/.local/lib/python3.12/site-packages/airflow/example_dags/example_branch_python_dop_operator_3.py
[2024-07-14T16:42:03.978+0000] {processor.py:830} INFO - Processing file /home/airflow/.local/lib/python3.12/site-packages/airflow/example_dags/example_branch_python_dop_operator_3.py for tasks to queue
[2024-07-14T16:42:03.996+0000] {logging_mixin.py:188} INFO - [2024-07-14T16:42:03.983+0000] {dagbag.py:545} INFO - Filling up the DagBag from /home/airflow/.local/lib/python3.12/site-packages/airflow/example_dags/example_branch_python_dop_operator_3.py
[2024-07-14T16:42:04.040+0000] {processor.py:840} INFO - DAG(s) 'example_branch_dop_operator_v3' retrieved from /home/airflow/.local/lib/python3.12/site-packages/airflow/example_dags/example_branch_python_dop_operator_3.py
[2024-07-14T16:42:04.144+0000] {logging_mixin.py:188} INFO - [2024-07-14T16:42:04.144+0000] {dag.py:3096} INFO - Sync 1 DAGs
[2024-07-14T16:42:04.202+0000] {logging_mixin.py:188} INFO - [2024-07-14T16:42:04.202+0000] {dag.py:3954} INFO - Setting next_dagrun for example_branch_dop_operator_v3 to 2024-07-14 16:41:00+00:00, run_after=2024-07-14 16:42:00+00:00
[2024-07-14T16:42:04.265+0000] {processor.py:183} INFO - Processing /home/airflow/.local/lib/python3.12/site-packages/airflow/example_dags/example_branch_python_dop_operator_3.py took 0.325 seconds
[2024-07-14T16:42:34.872+0000] {processor.py:161} INFO - Started process (PID=1004) to work on /home/airflow/.local/lib/python3.12/site-packages/airflow/example_dags/example_branch_python_dop_operator_3.py
[2024-07-14T16:42:34.877+0000] {processor.py:830} INFO - Processing file /home/airflow/.local/lib/python3.12/site-packages/airflow/example_dags/example_branch_python_dop_operator_3.py for tasks to queue
[2024-07-14T16:42:34.879+0000] {logging_mixin.py:188} INFO - [2024-07-14T16:42:34.878+0000] {dagbag.py:545} INFO - Filling up the DagBag from /home/airflow/.local/lib/python3.12/site-packages/airflow/example_dags/example_branch_python_dop_operator_3.py
[2024-07-14T16:42:34.898+0000] {processor.py:840} INFO - DAG(s) 'example_branch_dop_operator_v3' retrieved from /home/airflow/.local/lib/python3.12/site-packages/airflow/example_dags/example_branch_python_dop_operator_3.py
[2024-07-14T16:42:34.947+0000] {logging_mixin.py:188} INFO - [2024-07-14T16:42:34.947+0000] {dag.py:3096} INFO - Sync 1 DAGs
[2024-07-14T16:42:35.000+0000] {logging_mixin.py:188} INFO - [2024-07-14T16:42:35.000+0000] {dag.py:3954} INFO - Setting next_dagrun for example_branch_dop_operator_v3 to 2024-07-14 16:41:00+00:00, run_after=2024-07-14 16:42:00+00:00
[2024-07-14T16:42:35.049+0000] {processor.py:183} INFO - Processing /home/airflow/.local/lib/python3.12/site-packages/airflow/example_dags/example_branch_python_dop_operator_3.py took 0.192 seconds
[2024-07-14T16:43:05.438+0000] {processor.py:161} INFO - Started process (PID=1063) to work on /home/airflow/.local/lib/python3.12/site-packages/airflow/example_dags/example_branch_python_dop_operator_3.py
[2024-07-14T16:43:05.440+0000] {processor.py:830} INFO - Processing file /home/airflow/.local/lib/python3.12/site-packages/airflow/example_dags/example_branch_python_dop_operator_3.py for tasks to queue
[2024-07-14T16:43:05.441+0000] {logging_mixin.py:188} INFO - [2024-07-14T16:43:05.441+0000] {dagbag.py:545} INFO - Filling up the DagBag from /home/airflow/.local/lib/python3.12/site-packages/airflow/example_dags/example_branch_python_dop_operator_3.py
[2024-07-14T16:43:05.455+0000] {processor.py:840} INFO - DAG(s) 'example_branch_dop_operator_v3' retrieved from /home/airflow/.local/lib/python3.12/site-packages/airflow/example_dags/example_branch_python_dop_operator_3.py
[2024-07-14T16:43:05.507+0000] {logging_mixin.py:188} INFO - [2024-07-14T16:43:05.507+0000] {dag.py:3096} INFO - Sync 1 DAGs
[2024-07-14T16:43:05.555+0000] {logging_mixin.py:188} INFO - [2024-07-14T16:43:05.555+0000] {dag.py:3954} INFO - Setting next_dagrun for example_branch_dop_operator_v3 to 2024-07-14 16:42:00+00:00, run_after=2024-07-14 16:43:00+00:00
[2024-07-14T16:43:05.597+0000] {processor.py:183} INFO - Processing /home/airflow/.local/lib/python3.12/site-packages/airflow/example_dags/example_branch_python_dop_operator_3.py took 0.169 seconds
[2024-07-14T16:43:35.880+0000] {processor.py:161} INFO - Started process (PID=1122) to work on /home/airflow/.local/lib/python3.12/site-packages/airflow/example_dags/example_branch_python_dop_operator_3.py
[2024-07-14T16:43:35.883+0000] {processor.py:830} INFO - Processing file /home/airflow/.local/lib/python3.12/site-packages/airflow/example_dags/example_branch_python_dop_operator_3.py for tasks to queue
[2024-07-14T16:43:35.884+0000] {logging_mixin.py:188} INFO - [2024-07-14T16:43:35.884+0000] {dagbag.py:545} INFO - Filling up the DagBag from /home/airflow/.local/lib/python3.12/site-packages/airflow/example_dags/example_branch_python_dop_operator_3.py
[2024-07-14T16:43:35.899+0000] {processor.py:840} INFO - DAG(s) 'example_branch_dop_operator_v3' retrieved from /home/airflow/.local/lib/python3.12/site-packages/airflow/example_dags/example_branch_python_dop_operator_3.py
[2024-07-14T16:43:35.943+0000] {logging_mixin.py:188} INFO - [2024-07-14T16:43:35.943+0000] {dag.py:3096} INFO - Sync 1 DAGs
[2024-07-14T16:43:35.991+0000] {logging_mixin.py:188} INFO - [2024-07-14T16:43:35.990+0000] {dag.py:3954} INFO - Setting next_dagrun for example_branch_dop_operator_v3 to 2024-07-14 16:42:00+00:00, run_after=2024-07-14 16:43:00+00:00
[2024-07-14T16:43:36.030+0000] {processor.py:183} INFO - Processing /home/airflow/.local/lib/python3.12/site-packages/airflow/example_dags/example_branch_python_dop_operator_3.py took 0.170 seconds
[2024-07-14T16:44:06.575+0000] {processor.py:161} INFO - Started process (PID=1180) to work on /home/airflow/.local/lib/python3.12/site-packages/airflow/example_dags/example_branch_python_dop_operator_3.py
[2024-07-14T16:44:06.577+0000] {processor.py:830} INFO - Processing file /home/airflow/.local/lib/python3.12/site-packages/airflow/example_dags/example_branch_python_dop_operator_3.py for tasks to queue
[2024-07-14T16:44:06.582+0000] {logging_mixin.py:188} INFO - [2024-07-14T16:44:06.581+0000] {dagbag.py:545} INFO - Filling up the DagBag from /home/airflow/.local/lib/python3.12/site-packages/airflow/example_dags/example_branch_python_dop_operator_3.py
[2024-07-14T16:44:06.610+0000] {processor.py:840} INFO - DAG(s) 'example_branch_dop_operator_v3' retrieved from /home/airflow/.local/lib/python3.12/site-packages/airflow/example_dags/example_branch_python_dop_operator_3.py
[2024-07-14T16:44:06.671+0000] {logging_mixin.py:188} INFO - [2024-07-14T16:44:06.670+0000] {dag.py:3096} INFO - Sync 1 DAGs
[2024-07-14T16:44:06.744+0000] {logging_mixin.py:188} INFO - [2024-07-14T16:44:06.744+0000] {dag.py:3954} INFO - Setting next_dagrun for example_branch_dop_operator_v3 to 2024-07-14 16:43:00+00:00, run_after=2024-07-14 16:44:00+00:00
[2024-07-14T16:44:06.801+0000] {processor.py:183} INFO - Processing /home/airflow/.local/lib/python3.12/site-packages/airflow/example_dags/example_branch_python_dop_operator_3.py took 0.258 seconds
[2024-07-14T16:44:37.046+0000] {processor.py:161} INFO - Started process (PID=1239) to work on /home/airflow/.local/lib/python3.12/site-packages/airflow/example_dags/example_branch_python_dop_operator_3.py
[2024-07-14T16:44:37.048+0000] {processor.py:830} INFO - Processing file /home/airflow/.local/lib/python3.12/site-packages/airflow/example_dags/example_branch_python_dop_operator_3.py for tasks to queue
[2024-07-14T16:44:37.051+0000] {logging_mixin.py:188} INFO - [2024-07-14T16:44:37.050+0000] {dagbag.py:545} INFO - Filling up the DagBag from /home/airflow/.local/lib/python3.12/site-packages/airflow/example_dags/example_branch_python_dop_operator_3.py
[2024-07-14T16:44:37.068+0000] {processor.py:840} INFO - DAG(s) 'example_branch_dop_operator_v3' retrieved from /home/airflow/.local/lib/python3.12/site-packages/airflow/example_dags/example_branch_python_dop_operator_3.py
[2024-07-14T16:44:37.108+0000] {logging_mixin.py:188} INFO - [2024-07-14T16:44:37.108+0000] {dag.py:3096} INFO - Sync 1 DAGs
[2024-07-14T16:44:37.176+0000] {logging_mixin.py:188} INFO - [2024-07-14T16:44:37.175+0000] {dag.py:3954} INFO - Setting next_dagrun for example_branch_dop_operator_v3 to 2024-07-14 16:43:00+00:00, run_after=2024-07-14 16:44:00+00:00
[2024-07-14T16:44:37.210+0000] {processor.py:183} INFO - Processing /home/airflow/.local/lib/python3.12/site-packages/airflow/example_dags/example_branch_python_dop_operator_3.py took 0.179 seconds
[2024-07-14T16:45:07.583+0000] {processor.py:161} INFO - Started process (PID=1297) to work on /home/airflow/.local/lib/python3.12/site-packages/airflow/example_dags/example_branch_python_dop_operator_3.py
[2024-07-14T16:45:07.585+0000] {processor.py:830} INFO - Processing file /home/airflow/.local/lib/python3.12/site-packages/airflow/example_dags/example_branch_python_dop_operator_3.py for tasks to queue
[2024-07-14T16:45:07.588+0000] {logging_mixin.py:188} INFO - [2024-07-14T16:45:07.588+0000] {dagbag.py:545} INFO - Filling up the DagBag from /home/airflow/.local/lib/python3.12/site-packages/airflow/example_dags/example_branch_python_dop_operator_3.py
[2024-07-14T16:45:07.609+0000] {processor.py:840} INFO - DAG(s) 'example_branch_dop_operator_v3' retrieved from /home/airflow/.local/lib/python3.12/site-packages/airflow/example_dags/example_branch_python_dop_operator_3.py
[2024-07-14T16:45:07.656+0000] {logging_mixin.py:188} INFO - [2024-07-14T16:45:07.655+0000] {dag.py:3096} INFO - Sync 1 DAGs
[2024-07-14T16:45:07.709+0000] {logging_mixin.py:188} INFO - [2024-07-14T16:45:07.708+0000] {dag.py:3954} INFO - Setting next_dagrun for example_branch_dop_operator_v3 to 2024-07-14 16:44:00+00:00, run_after=2024-07-14 16:45:00+00:00
[2024-07-14T16:45:07.744+0000] {processor.py:183} INFO - Processing /home/airflow/.local/lib/python3.12/site-packages/airflow/example_dags/example_branch_python_dop_operator_3.py took 0.175 seconds
[2024-07-14T16:45:38.298+0000] {processor.py:161} INFO - Started process (PID=1356) to work on /home/airflow/.local/lib/python3.12/site-packages/airflow/example_dags/example_branch_python_dop_operator_3.py
[2024-07-14T16:45:38.300+0000] {processor.py:830} INFO - Processing file /home/airflow/.local/lib/python3.12/site-packages/airflow/example_dags/example_branch_python_dop_operator_3.py for tasks to queue
[2024-07-14T16:45:38.302+0000] {logging_mixin.py:188} INFO - [2024-07-14T16:45:38.302+0000] {dagbag.py:545} INFO - Filling up the DagBag from /home/airflow/.local/lib/python3.12/site-packages/airflow/example_dags/example_branch_python_dop_operator_3.py
[2024-07-14T16:45:38.317+0000] {processor.py:840} INFO - DAG(s) 'example_branch_dop_operator_v3' retrieved from /home/airflow/.local/lib/python3.12/site-packages/airflow/example_dags/example_branch_python_dop_operator_3.py
[2024-07-14T16:45:38.355+0000] {logging_mixin.py:188} INFO - [2024-07-14T16:45:38.355+0000] {dag.py:3096} INFO - Sync 1 DAGs
[2024-07-14T16:45:38.399+0000] {logging_mixin.py:188} INFO - [2024-07-14T16:45:38.398+0000] {dag.py:3954} INFO - Setting next_dagrun for example_branch_dop_operator_v3 to 2024-07-14 16:44:00+00:00, run_after=2024-07-14 16:45:00+00:00
[2024-07-14T16:45:38.435+0000] {processor.py:183} INFO - Processing /home/airflow/.local/lib/python3.12/site-packages/airflow/example_dags/example_branch_python_dop_operator_3.py took 0.147 seconds
[2024-07-14T16:46:08.568+0000] {processor.py:161} INFO - Started process (PID=1415) to work on /home/airflow/.local/lib/python3.12/site-packages/airflow/example_dags/example_branch_python_dop_operator_3.py
[2024-07-14T16:46:08.569+0000] {processor.py:830} INFO - Processing file /home/airflow/.local/lib/python3.12/site-packages/airflow/example_dags/example_branch_python_dop_operator_3.py for tasks to queue
[2024-07-14T16:46:08.571+0000] {logging_mixin.py:188} INFO - [2024-07-14T16:46:08.570+0000] {dagbag.py:545} INFO - Filling up the DagBag from /home/airflow/.local/lib/python3.12/site-packages/airflow/example_dags/example_branch_python_dop_operator_3.py
[2024-07-14T16:46:08.592+0000] {processor.py:840} INFO - DAG(s) 'example_branch_dop_operator_v3' retrieved from /home/airflow/.local/lib/python3.12/site-packages/airflow/example_dags/example_branch_python_dop_operator_3.py
[2024-07-14T16:46:08.630+0000] {logging_mixin.py:188} INFO - [2024-07-14T16:46:08.629+0000] {dag.py:3096} INFO - Sync 1 DAGs
[2024-07-14T16:46:08.678+0000] {logging_mixin.py:188} INFO - [2024-07-14T16:46:08.678+0000] {dag.py:3954} INFO - Setting next_dagrun for example_branch_dop_operator_v3 to 2024-07-14 16:45:00+00:00, run_after=2024-07-14 16:46:00+00:00
[2024-07-14T16:46:08.715+0000] {processor.py:183} INFO - Processing /home/airflow/.local/lib/python3.12/site-packages/airflow/example_dags/example_branch_python_dop_operator_3.py took 0.157 seconds
[2024-07-14T16:46:39.572+0000] {processor.py:161} INFO - Started process (PID=1474) to work on /home/airflow/.local/lib/python3.12/site-packages/airflow/example_dags/example_branch_python_dop_operator_3.py
[2024-07-14T16:46:39.575+0000] {processor.py:830} INFO - Processing file /home/airflow/.local/lib/python3.12/site-packages/airflow/example_dags/example_branch_python_dop_operator_3.py for tasks to queue
[2024-07-14T16:46:39.578+0000] {logging_mixin.py:188} INFO - [2024-07-14T16:46:39.577+0000] {dagbag.py:545} INFO - Filling up the DagBag from /home/airflow/.local/lib/python3.12/site-packages/airflow/example_dags/example_branch_python_dop_operator_3.py
[2024-07-14T16:46:39.594+0000] {processor.py:840} INFO - DAG(s) 'example_branch_dop_operator_v3' retrieved from /home/airflow/.local/lib/python3.12/site-packages/airflow/example_dags/example_branch_python_dop_operator_3.py
[2024-07-14T16:46:39.631+0000] {logging_mixin.py:188} INFO - [2024-07-14T16:46:39.631+0000] {dag.py:3096} INFO - Sync 1 DAGs
[2024-07-14T16:46:39.675+0000] {logging_mixin.py:188} INFO - [2024-07-14T16:46:39.674+0000] {dag.py:3954} INFO - Setting next_dagrun for example_branch_dop_operator_v3 to 2024-07-14 16:45:00+00:00, run_after=2024-07-14 16:46:00+00:00
[2024-07-14T16:46:39.704+0000] {processor.py:183} INFO - Processing /home/airflow/.local/lib/python3.12/site-packages/airflow/example_dags/example_branch_python_dop_operator_3.py took 0.145 seconds
[2024-07-14T16:47:10.144+0000] {processor.py:161} INFO - Started process (PID=1533) to work on /home/airflow/.local/lib/python3.12/site-packages/airflow/example_dags/example_branch_python_dop_operator_3.py
[2024-07-14T16:47:10.146+0000] {processor.py:830} INFO - Processing file /home/airflow/.local/lib/python3.12/site-packages/airflow/example_dags/example_branch_python_dop_operator_3.py for tasks to queue
[2024-07-14T16:47:10.148+0000] {logging_mixin.py:188} INFO - [2024-07-14T16:47:10.148+0000] {dagbag.py:545} INFO - Filling up the DagBag from /home/airflow/.local/lib/python3.12/site-packages/airflow/example_dags/example_branch_python_dop_operator_3.py
[2024-07-14T16:47:10.163+0000] {processor.py:840} INFO - DAG(s) 'example_branch_dop_operator_v3' retrieved from /home/airflow/.local/lib/python3.12/site-packages/airflow/example_dags/example_branch_python_dop_operator_3.py
[2024-07-14T16:47:10.226+0000] {logging_mixin.py:188} INFO - [2024-07-14T16:47:10.226+0000] {dag.py:3096} INFO - Sync 1 DAGs
[2024-07-14T16:47:10.295+0000] {logging_mixin.py:188} INFO - [2024-07-14T16:47:10.295+0000] {dag.py:3954} INFO - Setting next_dagrun for example_branch_dop_operator_v3 to 2024-07-14 16:46:00+00:00, run_after=2024-07-14 16:47:00+00:00
[2024-07-14T16:47:10.339+0000] {processor.py:183} INFO - Processing /home/airflow/.local/lib/python3.12/site-packages/airflow/example_dags/example_branch_python_dop_operator_3.py took 0.225 seconds
[2024-07-14T16:47:40.767+0000] {processor.py:161} INFO - Started process (PID=1589) to work on /home/airflow/.local/lib/python3.12/site-packages/airflow/example_dags/example_branch_python_dop_operator_3.py
[2024-07-14T16:47:40.774+0000] {processor.py:830} INFO - Processing file /home/airflow/.local/lib/python3.12/site-packages/airflow/example_dags/example_branch_python_dop_operator_3.py for tasks to queue
[2024-07-14T16:47:40.778+0000] {logging_mixin.py:188} INFO - [2024-07-14T16:47:40.776+0000] {dagbag.py:545} INFO - Filling up the DagBag from /home/airflow/.local/lib/python3.12/site-packages/airflow/example_dags/example_branch_python_dop_operator_3.py
[2024-07-14T16:47:40.819+0000] {processor.py:840} INFO - DAG(s) 'example_branch_dop_operator_v3' retrieved from /home/airflow/.local/lib/python3.12/site-packages/airflow/example_dags/example_branch_python_dop_operator_3.py
[2024-07-14T16:47:40.957+0000] {logging_mixin.py:188} INFO - [2024-07-14T16:47:40.957+0000] {dag.py:3096} INFO - Sync 1 DAGs
[2024-07-14T16:47:41.041+0000] {logging_mixin.py:188} INFO - [2024-07-14T16:47:41.041+0000] {dag.py:3954} INFO - Setting next_dagrun for example_branch_dop_operator_v3 to 2024-07-14 16:46:00+00:00, run_after=2024-07-14 16:47:00+00:00
[2024-07-14T16:47:41.096+0000] {processor.py:183} INFO - Processing /home/airflow/.local/lib/python3.12/site-packages/airflow/example_dags/example_branch_python_dop_operator_3.py took 0.344 seconds
[2024-07-14T16:48:11.303+0000] {processor.py:161} INFO - Started process (PID=1648) to work on /home/airflow/.local/lib/python3.12/site-packages/airflow/example_dags/example_branch_python_dop_operator_3.py
[2024-07-14T16:48:11.320+0000] {processor.py:830} INFO - Processing file /home/airflow/.local/lib/python3.12/site-packages/airflow/example_dags/example_branch_python_dop_operator_3.py for tasks to queue
[2024-07-14T16:48:11.337+0000] {logging_mixin.py:188} INFO - [2024-07-14T16:48:11.335+0000] {dagbag.py:545} INFO - Filling up the DagBag from /home/airflow/.local/lib/python3.12/site-packages/airflow/example_dags/example_branch_python_dop_operator_3.py
[2024-07-14T16:48:11.372+0000] {processor.py:840} INFO - DAG(s) 'example_branch_dop_operator_v3' retrieved from /home/airflow/.local/lib/python3.12/site-packages/airflow/example_dags/example_branch_python_dop_operator_3.py
[2024-07-14T16:48:11.426+0000] {logging_mixin.py:188} INFO - [2024-07-14T16:48:11.426+0000] {dag.py:3096} INFO - Sync 1 DAGs
[2024-07-14T16:48:11.490+0000] {logging_mixin.py:188} INFO - [2024-07-14T16:48:11.490+0000] {dag.py:3954} INFO - Setting next_dagrun for example_branch_dop_operator_v3 to 2024-07-14 16:47:00+00:00, run_after=2024-07-14 16:48:00+00:00
[2024-07-14T16:48:11.534+0000] {processor.py:183} INFO - Processing /home/airflow/.local/lib/python3.12/site-packages/airflow/example_dags/example_branch_python_dop_operator_3.py took 0.243 seconds
[2024-07-14T16:48:42.017+0000] {processor.py:161} INFO - Started process (PID=1707) to work on /home/airflow/.local/lib/python3.12/site-packages/airflow/example_dags/example_branch_python_dop_operator_3.py
[2024-07-14T16:48:42.021+0000] {processor.py:830} INFO - Processing file /home/airflow/.local/lib/python3.12/site-packages/airflow/example_dags/example_branch_python_dop_operator_3.py for tasks to queue
[2024-07-14T16:48:42.023+0000] {logging_mixin.py:188} INFO - [2024-07-14T16:48:42.023+0000] {dagbag.py:545} INFO - Filling up the DagBag from /home/airflow/.local/lib/python3.12/site-packages/airflow/example_dags/example_branch_python_dop_operator_3.py
[2024-07-14T16:48:42.045+0000] {processor.py:840} INFO - DAG(s) 'example_branch_dop_operator_v3' retrieved from /home/airflow/.local/lib/python3.12/site-packages/airflow/example_dags/example_branch_python_dop_operator_3.py
[2024-07-14T16:48:42.095+0000] {logging_mixin.py:188} INFO - [2024-07-14T16:48:42.094+0000] {dag.py:3096} INFO - Sync 1 DAGs
[2024-07-14T16:48:42.148+0000] {logging_mixin.py:188} INFO - [2024-07-14T16:48:42.147+0000] {dag.py:3954} INFO - Setting next_dagrun for example_branch_dop_operator_v3 to 2024-07-14 16:47:00+00:00, run_after=2024-07-14 16:48:00+00:00
[2024-07-14T16:48:42.196+0000] {processor.py:183} INFO - Processing /home/airflow/.local/lib/python3.12/site-packages/airflow/example_dags/example_branch_python_dop_operator_3.py took 0.192 seconds
[2024-07-14T16:49:12.368+0000] {processor.py:161} INFO - Started process (PID=1766) to work on /home/airflow/.local/lib/python3.12/site-packages/airflow/example_dags/example_branch_python_dop_operator_3.py
[2024-07-14T16:49:12.374+0000] {processor.py:830} INFO - Processing file /home/airflow/.local/lib/python3.12/site-packages/airflow/example_dags/example_branch_python_dop_operator_3.py for tasks to queue
[2024-07-14T16:49:12.381+0000] {logging_mixin.py:188} INFO - [2024-07-14T16:49:12.380+0000] {dagbag.py:545} INFO - Filling up the DagBag from /home/airflow/.local/lib/python3.12/site-packages/airflow/example_dags/example_branch_python_dop_operator_3.py
[2024-07-14T16:49:12.400+0000] {processor.py:840} INFO - DAG(s) 'example_branch_dop_operator_v3' retrieved from /home/airflow/.local/lib/python3.12/site-packages/airflow/example_dags/example_branch_python_dop_operator_3.py
[2024-07-14T16:49:12.444+0000] {logging_mixin.py:188} INFO - [2024-07-14T16:49:12.444+0000] {dag.py:3096} INFO - Sync 1 DAGs
[2024-07-14T16:49:12.494+0000] {logging_mixin.py:188} INFO - [2024-07-14T16:49:12.494+0000] {dag.py:3954} INFO - Setting next_dagrun for example_branch_dop_operator_v3 to 2024-07-14 16:48:00+00:00, run_after=2024-07-14 16:49:00+00:00
[2024-07-14T16:49:12.547+0000] {processor.py:183} INFO - Processing /home/airflow/.local/lib/python3.12/site-packages/airflow/example_dags/example_branch_python_dop_operator_3.py took 0.188 seconds
[2024-07-14T16:49:43.250+0000] {processor.py:161} INFO - Started process (PID=1825) to work on /home/airflow/.local/lib/python3.12/site-packages/airflow/example_dags/example_branch_python_dop_operator_3.py
[2024-07-14T16:49:43.251+0000] {processor.py:830} INFO - Processing file /home/airflow/.local/lib/python3.12/site-packages/airflow/example_dags/example_branch_python_dop_operator_3.py for tasks to queue
[2024-07-14T16:49:43.253+0000] {logging_mixin.py:188} INFO - [2024-07-14T16:49:43.253+0000] {dagbag.py:545} INFO - Filling up the DagBag from /home/airflow/.local/lib/python3.12/site-packages/airflow/example_dags/example_branch_python_dop_operator_3.py
[2024-07-14T16:49:43.271+0000] {processor.py:840} INFO - DAG(s) 'example_branch_dop_operator_v3' retrieved from /home/airflow/.local/lib/python3.12/site-packages/airflow/example_dags/example_branch_python_dop_operator_3.py
[2024-07-14T16:49:43.312+0000] {logging_mixin.py:188} INFO - [2024-07-14T16:49:43.311+0000] {dag.py:3096} INFO - Sync 1 DAGs
[2024-07-14T16:49:43.364+0000] {logging_mixin.py:188} INFO - [2024-07-14T16:49:43.364+0000] {dag.py:3954} INFO - Setting next_dagrun for example_branch_dop_operator_v3 to 2024-07-14 16:48:00+00:00, run_after=2024-07-14 16:49:00+00:00
[2024-07-14T16:49:43.405+0000] {processor.py:183} INFO - Processing /home/airflow/.local/lib/python3.12/site-packages/airflow/example_dags/example_branch_python_dop_operator_3.py took 0.167 seconds
[2024-07-14T16:50:15.005+0000] {processor.py:161} INFO - Started process (PID=1884) to work on /home/airflow/.local/lib/python3.12/site-packages/airflow/example_dags/example_branch_python_dop_operator_3.py
[2024-07-14T16:50:15.011+0000] {processor.py:830} INFO - Processing file /home/airflow/.local/lib/python3.12/site-packages/airflow/example_dags/example_branch_python_dop_operator_3.py for tasks to queue
[2024-07-14T16:50:15.013+0000] {logging_mixin.py:188} INFO - [2024-07-14T16:50:15.013+0000] {dagbag.py:545} INFO - Filling up the DagBag from /home/airflow/.local/lib/python3.12/site-packages/airflow/example_dags/example_branch_python_dop_operator_3.py
[2024-07-14T16:50:15.060+0000] {processor.py:840} INFO - DAG(s) 'example_branch_dop_operator_v3' retrieved from /home/airflow/.local/lib/python3.12/site-packages/airflow/example_dags/example_branch_python_dop_operator_3.py
[2024-07-14T16:50:15.108+0000] {logging_mixin.py:188} INFO - [2024-07-14T16:50:15.107+0000] {dag.py:3096} INFO - Sync 1 DAGs
[2024-07-14T16:50:15.654+0000] {logging_mixin.py:188} INFO - [2024-07-14T16:50:15.649+0000] {dag.py:3954} INFO - Setting next_dagrun for example_branch_dop_operator_v3 to 2024-07-14 16:49:00+00:00, run_after=2024-07-14 16:50:00+00:00
[2024-07-14T16:50:15.987+0000] {processor.py:183} INFO - Processing /home/airflow/.local/lib/python3.12/site-packages/airflow/example_dags/example_branch_python_dop_operator_3.py took 1.035 seconds
[2024-07-14T16:50:46.599+0000] {processor.py:161} INFO - Started process (PID=1942) to work on /home/airflow/.local/lib/python3.12/site-packages/airflow/example_dags/example_branch_python_dop_operator_3.py
[2024-07-14T16:50:46.600+0000] {processor.py:830} INFO - Processing file /home/airflow/.local/lib/python3.12/site-packages/airflow/example_dags/example_branch_python_dop_operator_3.py for tasks to queue
[2024-07-14T16:50:46.603+0000] {logging_mixin.py:188} INFO - [2024-07-14T16:50:46.602+0000] {dagbag.py:545} INFO - Filling up the DagBag from /home/airflow/.local/lib/python3.12/site-packages/airflow/example_dags/example_branch_python_dop_operator_3.py
[2024-07-14T16:50:46.619+0000] {processor.py:840} INFO - DAG(s) 'example_branch_dop_operator_v3' retrieved from /home/airflow/.local/lib/python3.12/site-packages/airflow/example_dags/example_branch_python_dop_operator_3.py
[2024-07-14T16:50:46.672+0000] {logging_mixin.py:188} INFO - [2024-07-14T16:50:46.670+0000] {dag.py:3096} INFO - Sync 1 DAGs
[2024-07-14T16:50:46.732+0000] {logging_mixin.py:188} INFO - [2024-07-14T16:50:46.732+0000] {dag.py:3954} INFO - Setting next_dagrun for example_branch_dop_operator_v3 to 2024-07-14 16:49:00+00:00, run_after=2024-07-14 16:50:00+00:00
[2024-07-14T16:50:46.779+0000] {processor.py:183} INFO - Processing /home/airflow/.local/lib/python3.12/site-packages/airflow/example_dags/example_branch_python_dop_operator_3.py took 0.192 seconds
[2024-07-14T16:51:17.108+0000] {processor.py:161} INFO - Started process (PID=2000) to work on /home/airflow/.local/lib/python3.12/site-packages/airflow/example_dags/example_branch_python_dop_operator_3.py
[2024-07-14T16:51:17.110+0000] {processor.py:830} INFO - Processing file /home/airflow/.local/lib/python3.12/site-packages/airflow/example_dags/example_branch_python_dop_operator_3.py for tasks to queue
[2024-07-14T16:51:17.114+0000] {logging_mixin.py:188} INFO - [2024-07-14T16:51:17.113+0000] {dagbag.py:545} INFO - Filling up the DagBag from /home/airflow/.local/lib/python3.12/site-packages/airflow/example_dags/example_branch_python_dop_operator_3.py
[2024-07-14T16:51:17.141+0000] {processor.py:840} INFO - DAG(s) 'example_branch_dop_operator_v3' retrieved from /home/airflow/.local/lib/python3.12/site-packages/airflow/example_dags/example_branch_python_dop_operator_3.py
[2024-07-14T16:51:17.204+0000] {logging_mixin.py:188} INFO - [2024-07-14T16:51:17.203+0000] {dag.py:3096} INFO - Sync 1 DAGs
[2024-07-14T16:51:17.278+0000] {logging_mixin.py:188} INFO - [2024-07-14T16:51:17.278+0000] {dag.py:3954} INFO - Setting next_dagrun for example_branch_dop_operator_v3 to 2024-07-14 16:50:00+00:00, run_after=2024-07-14 16:51:00+00:00
[2024-07-14T16:51:17.331+0000] {processor.py:183} INFO - Processing /home/airflow/.local/lib/python3.12/site-packages/airflow/example_dags/example_branch_python_dop_operator_3.py took 0.242 seconds
[2024-07-14T16:51:48.009+0000] {processor.py:161} INFO - Started process (PID=2059) to work on /home/airflow/.local/lib/python3.12/site-packages/airflow/example_dags/example_branch_python_dop_operator_3.py
[2024-07-14T16:51:48.014+0000] {processor.py:830} INFO - Processing file /home/airflow/.local/lib/python3.12/site-packages/airflow/example_dags/example_branch_python_dop_operator_3.py for tasks to queue
[2024-07-14T16:51:48.024+0000] {logging_mixin.py:188} INFO - [2024-07-14T16:51:48.023+0000] {dagbag.py:545} INFO - Filling up the DagBag from /home/airflow/.local/lib/python3.12/site-packages/airflow/example_dags/example_branch_python_dop_operator_3.py
[2024-07-14T16:51:48.042+0000] {processor.py:840} INFO - DAG(s) 'example_branch_dop_operator_v3' retrieved from /home/airflow/.local/lib/python3.12/site-packages/airflow/example_dags/example_branch_python_dop_operator_3.py
[2024-07-14T16:51:48.099+0000] {logging_mixin.py:188} INFO - [2024-07-14T16:51:48.099+0000] {dag.py:3096} INFO - Sync 1 DAGs
[2024-07-14T16:51:48.194+0000] {logging_mixin.py:188} INFO - [2024-07-14T16:51:48.193+0000] {dag.py:3954} INFO - Setting next_dagrun for example_branch_dop_operator_v3 to 2024-07-14 16:50:00+00:00, run_after=2024-07-14 16:51:00+00:00
[2024-07-14T16:51:48.278+0000] {processor.py:183} INFO - Processing /home/airflow/.local/lib/python3.12/site-packages/airflow/example_dags/example_branch_python_dop_operator_3.py took 0.278 seconds
[2024-07-14T16:55:09.802+0000] {processor.py:161} INFO - Started process (PID=49) to work on /home/airflow/.local/lib/python3.12/site-packages/airflow/example_dags/example_branch_python_dop_operator_3.py
[2024-07-14T16:55:09.817+0000] {processor.py:830} INFO - Processing file /home/airflow/.local/lib/python3.12/site-packages/airflow/example_dags/example_branch_python_dop_operator_3.py for tasks to queue
[2024-07-14T16:55:09.873+0000] {logging_mixin.py:188} INFO - [2024-07-14T16:55:09.867+0000] {dagbag.py:545} INFO - Filling up the DagBag from /home/airflow/.local/lib/python3.12/site-packages/airflow/example_dags/example_branch_python_dop_operator_3.py
[2024-07-14T16:55:10.027+0000] {processor.py:840} INFO - DAG(s) 'example_branch_dop_operator_v3' retrieved from /home/airflow/.local/lib/python3.12/site-packages/airflow/example_dags/example_branch_python_dop_operator_3.py
[2024-07-14T16:55:11.099+0000] {logging_mixin.py:188} INFO - [2024-07-14T16:55:11.099+0000] {dag.py:3096} INFO - Sync 1 DAGs
[2024-07-14T16:55:11.277+0000] {logging_mixin.py:188} INFO - [2024-07-14T16:55:11.277+0000] {dag.py:3954} INFO - Setting next_dagrun for example_branch_dop_operator_v3 to 2024-07-14 16:54:00+00:00, run_after=2024-07-14 16:55:00+00:00
[2024-07-14T16:55:11.482+0000] {processor.py:183} INFO - Processing /home/airflow/.local/lib/python3.12/site-packages/airflow/example_dags/example_branch_python_dop_operator_3.py took 1.698 seconds
[2024-07-14T16:56:24.635+0000] {processor.py:161} INFO - Started process (PID=114) to work on /home/airflow/.local/lib/python3.12/site-packages/airflow/example_dags/example_branch_python_dop_operator_3.py
[2024-07-14T16:56:24.639+0000] {processor.py:830} INFO - Processing file /home/airflow/.local/lib/python3.12/site-packages/airflow/example_dags/example_branch_python_dop_operator_3.py for tasks to queue
[2024-07-14T16:56:24.644+0000] {logging_mixin.py:188} INFO - [2024-07-14T16:56:24.643+0000] {dagbag.py:545} INFO - Filling up the DagBag from /home/airflow/.local/lib/python3.12/site-packages/airflow/example_dags/example_branch_python_dop_operator_3.py
[2024-07-14T16:56:24.684+0000] {processor.py:840} INFO - DAG(s) 'example_branch_dop_operator_v3' retrieved from /home/airflow/.local/lib/python3.12/site-packages/airflow/example_dags/example_branch_python_dop_operator_3.py
[2024-07-14T16:56:24.771+0000] {logging_mixin.py:188} INFO - [2024-07-14T16:56:24.771+0000] {dag.py:3096} INFO - Sync 1 DAGs
[2024-07-14T16:56:24.863+0000] {logging_mixin.py:188} INFO - [2024-07-14T16:56:24.862+0000] {dag.py:3954} INFO - Setting next_dagrun for example_branch_dop_operator_v3 to 2024-07-14 16:55:00+00:00, run_after=2024-07-14 16:56:00+00:00
[2024-07-14T16:56:24.975+0000] {processor.py:183} INFO - Processing /home/airflow/.local/lib/python3.12/site-packages/airflow/example_dags/example_branch_python_dop_operator_3.py took 0.361 seconds
[2024-07-14T16:56:55.267+0000] {processor.py:161} INFO - Started process (PID=171) to work on /home/airflow/.local/lib/python3.12/site-packages/airflow/example_dags/example_branch_python_dop_operator_3.py
[2024-07-14T16:56:55.270+0000] {processor.py:830} INFO - Processing file /home/airflow/.local/lib/python3.12/site-packages/airflow/example_dags/example_branch_python_dop_operator_3.py for tasks to queue
[2024-07-14T16:56:55.274+0000] {logging_mixin.py:188} INFO - [2024-07-14T16:56:55.273+0000] {dagbag.py:545} INFO - Filling up the DagBag from /home/airflow/.local/lib/python3.12/site-packages/airflow/example_dags/example_branch_python_dop_operator_3.py
[2024-07-14T16:56:55.311+0000] {processor.py:840} INFO - DAG(s) 'example_branch_dop_operator_v3' retrieved from /home/airflow/.local/lib/python3.12/site-packages/airflow/example_dags/example_branch_python_dop_operator_3.py
[2024-07-14T16:56:55.419+0000] {logging_mixin.py:188} INFO - [2024-07-14T16:56:55.418+0000] {dag.py:3096} INFO - Sync 1 DAGs
[2024-07-14T16:56:55.581+0000] {logging_mixin.py:188} INFO - [2024-07-14T16:56:55.581+0000] {dag.py:3954} INFO - Setting next_dagrun for example_branch_dop_operator_v3 to 2024-07-14 16:55:00+00:00, run_after=2024-07-14 16:56:00+00:00
[2024-07-14T16:56:55.673+0000] {processor.py:183} INFO - Processing /home/airflow/.local/lib/python3.12/site-packages/airflow/example_dags/example_branch_python_dop_operator_3.py took 0.439 seconds
