[2024-07-14T16:33:33.528+0000] {processor.py:161} INFO - Started process (PID=67) to work on /home/airflow/.local/lib/python3.12/site-packages/airflow/example_dags/example_xcomargs.py
[2024-07-14T16:33:33.530+0000] {processor.py:830} INFO - Processing file /home/airflow/.local/lib/python3.12/site-packages/airflow/example_dags/example_xcomargs.py for tasks to queue
[2024-07-14T16:33:33.534+0000] {logging_mixin.py:188} INFO - [2024-07-14T16:33:33.534+0000] {dagbag.py:545} INFO - Filling up the DagBag from /home/airflow/.local/lib/python3.12/site-packages/airflow/example_dags/example_xcomargs.py
[2024-07-14T16:33:33.553+0000] {processor.py:840} INFO - DAG(s) 'example_xcom_args_with_operators', 'example_xcom_args' retrieved from /home/airflow/.local/lib/python3.12/site-packages/airflow/example_dags/example_xcomargs.py
[2024-07-14T16:33:33.837+0000] {logging_mixin.py:188} INFO - [2024-07-14T16:33:33.837+0000] {dag.py:3096} INFO - Sync 2 DAGs
[2024-07-14T16:33:33.859+0000] {logging_mixin.py:188} INFO - [2024-07-14T16:33:33.859+0000] {dag.py:3954} INFO - Setting next_dagrun for example_xcom_args to None, run_after=None
[2024-07-14T16:33:33.877+0000] {logging_mixin.py:188} INFO - [2024-07-14T16:33:33.877+0000] {dag.py:3954} INFO - Setting next_dagrun for example_xcom_args_with_operators to None, run_after=None
[2024-07-14T16:33:33.911+0000] {processor.py:183} INFO - Processing /home/airflow/.local/lib/python3.12/site-packages/airflow/example_dags/example_xcomargs.py took 0.412 seconds
[2024-07-14T16:34:04.828+0000] {processor.py:161} INFO - Started process (PID=125) to work on /home/airflow/.local/lib/python3.12/site-packages/airflow/example_dags/example_xcomargs.py
[2024-07-14T16:34:04.831+0000] {processor.py:830} INFO - Processing file /home/airflow/.local/lib/python3.12/site-packages/airflow/example_dags/example_xcomargs.py for tasks to queue
[2024-07-14T16:34:04.846+0000] {logging_mixin.py:188} INFO - [2024-07-14T16:34:04.840+0000] {dagbag.py:545} INFO - Filling up the DagBag from /home/airflow/.local/lib/python3.12/site-packages/airflow/example_dags/example_xcomargs.py
[2024-07-14T16:34:04.955+0000] {processor.py:840} INFO - DAG(s) 'example_xcom_args', 'example_xcom_args_with_operators' retrieved from /home/airflow/.local/lib/python3.12/site-packages/airflow/example_dags/example_xcomargs.py
[2024-07-14T16:34:05.082+0000] {logging_mixin.py:188} INFO - [2024-07-14T16:34:05.078+0000] {dag.py:3096} INFO - Sync 2 DAGs
[2024-07-14T16:34:05.226+0000] {logging_mixin.py:188} INFO - [2024-07-14T16:34:05.225+0000] {dag.py:3954} INFO - Setting next_dagrun for example_xcom_args to None, run_after=None
[2024-07-14T16:34:05.239+0000] {logging_mixin.py:188} INFO - [2024-07-14T16:34:05.238+0000] {dag.py:3954} INFO - Setting next_dagrun for example_xcom_args_with_operators to None, run_after=None
[2024-07-14T16:34:05.328+0000] {processor.py:183} INFO - Processing /home/airflow/.local/lib/python3.12/site-packages/airflow/example_dags/example_xcomargs.py took 0.530 seconds
[2024-07-14T16:34:35.490+0000] {processor.py:161} INFO - Started process (PID=182) to work on /home/airflow/.local/lib/python3.12/site-packages/airflow/example_dags/example_xcomargs.py
[2024-07-14T16:34:35.492+0000] {processor.py:830} INFO - Processing file /home/airflow/.local/lib/python3.12/site-packages/airflow/example_dags/example_xcomargs.py for tasks to queue
[2024-07-14T16:34:35.495+0000] {logging_mixin.py:188} INFO - [2024-07-14T16:34:35.495+0000] {dagbag.py:545} INFO - Filling up the DagBag from /home/airflow/.local/lib/python3.12/site-packages/airflow/example_dags/example_xcomargs.py
[2024-07-14T16:34:35.508+0000] {processor.py:840} INFO - DAG(s) 'example_xcom_args_with_operators', 'example_xcom_args' retrieved from /home/airflow/.local/lib/python3.12/site-packages/airflow/example_dags/example_xcomargs.py
[2024-07-14T16:34:35.563+0000] {logging_mixin.py:188} INFO - [2024-07-14T16:34:35.562+0000] {dag.py:3096} INFO - Sync 2 DAGs
[2024-07-14T16:34:35.597+0000] {logging_mixin.py:188} INFO - [2024-07-14T16:34:35.597+0000] {dag.py:3954} INFO - Setting next_dagrun for example_xcom_args to None, run_after=None
[2024-07-14T16:34:35.603+0000] {logging_mixin.py:188} INFO - [2024-07-14T16:34:35.603+0000] {dag.py:3954} INFO - Setting next_dagrun for example_xcom_args_with_operators to None, run_after=None
[2024-07-14T16:34:35.649+0000] {processor.py:183} INFO - Processing /home/airflow/.local/lib/python3.12/site-packages/airflow/example_dags/example_xcomargs.py took 0.170 seconds
[2024-07-14T16:35:05.905+0000] {processor.py:161} INFO - Started process (PID=240) to work on /home/airflow/.local/lib/python3.12/site-packages/airflow/example_dags/example_xcomargs.py
[2024-07-14T16:35:05.907+0000] {processor.py:830} INFO - Processing file /home/airflow/.local/lib/python3.12/site-packages/airflow/example_dags/example_xcomargs.py for tasks to queue
[2024-07-14T16:35:05.911+0000] {logging_mixin.py:188} INFO - [2024-07-14T16:35:05.910+0000] {dagbag.py:545} INFO - Filling up the DagBag from /home/airflow/.local/lib/python3.12/site-packages/airflow/example_dags/example_xcomargs.py
[2024-07-14T16:35:05.937+0000] {processor.py:840} INFO - DAG(s) 'example_xcom_args_with_operators', 'example_xcom_args' retrieved from /home/airflow/.local/lib/python3.12/site-packages/airflow/example_dags/example_xcomargs.py
[2024-07-14T16:35:05.996+0000] {logging_mixin.py:188} INFO - [2024-07-14T16:35:05.996+0000] {dag.py:3096} INFO - Sync 2 DAGs
[2024-07-14T16:35:06.033+0000] {logging_mixin.py:188} INFO - [2024-07-14T16:35:06.032+0000] {dag.py:3954} INFO - Setting next_dagrun for example_xcom_args to None, run_after=None
[2024-07-14T16:35:06.039+0000] {logging_mixin.py:188} INFO - [2024-07-14T16:35:06.039+0000] {dag.py:3954} INFO - Setting next_dagrun for example_xcom_args_with_operators to None, run_after=None
[2024-07-14T16:35:06.085+0000] {processor.py:183} INFO - Processing /home/airflow/.local/lib/python3.12/site-packages/airflow/example_dags/example_xcomargs.py took 0.191 seconds
[2024-07-14T16:35:36.565+0000] {processor.py:161} INFO - Started process (PID=298) to work on /home/airflow/.local/lib/python3.12/site-packages/airflow/example_dags/example_xcomargs.py
[2024-07-14T16:35:36.576+0000] {processor.py:830} INFO - Processing file /home/airflow/.local/lib/python3.12/site-packages/airflow/example_dags/example_xcomargs.py for tasks to queue
[2024-07-14T16:35:36.580+0000] {logging_mixin.py:188} INFO - [2024-07-14T16:35:36.579+0000] {dagbag.py:545} INFO - Filling up the DagBag from /home/airflow/.local/lib/python3.12/site-packages/airflow/example_dags/example_xcomargs.py
[2024-07-14T16:35:36.599+0000] {processor.py:840} INFO - DAG(s) 'example_xcom_args_with_operators', 'example_xcom_args' retrieved from /home/airflow/.local/lib/python3.12/site-packages/airflow/example_dags/example_xcomargs.py
[2024-07-14T16:35:36.682+0000] {logging_mixin.py:188} INFO - [2024-07-14T16:35:36.682+0000] {dag.py:3096} INFO - Sync 2 DAGs
[2024-07-14T16:35:36.739+0000] {logging_mixin.py:188} INFO - [2024-07-14T16:35:36.738+0000] {dag.py:3954} INFO - Setting next_dagrun for example_xcom_args to None, run_after=None
[2024-07-14T16:35:36.746+0000] {logging_mixin.py:188} INFO - [2024-07-14T16:35:36.746+0000] {dag.py:3954} INFO - Setting next_dagrun for example_xcom_args_with_operators to None, run_after=None
[2024-07-14T16:35:36.790+0000] {processor.py:183} INFO - Processing /home/airflow/.local/lib/python3.12/site-packages/airflow/example_dags/example_xcomargs.py took 0.236 seconds
[2024-07-14T16:36:06.914+0000] {processor.py:161} INFO - Started process (PID=356) to work on /home/airflow/.local/lib/python3.12/site-packages/airflow/example_dags/example_xcomargs.py
[2024-07-14T16:36:06.926+0000] {processor.py:830} INFO - Processing file /home/airflow/.local/lib/python3.12/site-packages/airflow/example_dags/example_xcomargs.py for tasks to queue
[2024-07-14T16:36:06.930+0000] {logging_mixin.py:188} INFO - [2024-07-14T16:36:06.930+0000] {dagbag.py:545} INFO - Filling up the DagBag from /home/airflow/.local/lib/python3.12/site-packages/airflow/example_dags/example_xcomargs.py
[2024-07-14T16:36:06.950+0000] {processor.py:840} INFO - DAG(s) 'example_xcom_args_with_operators', 'example_xcom_args' retrieved from /home/airflow/.local/lib/python3.12/site-packages/airflow/example_dags/example_xcomargs.py
[2024-07-14T16:36:07.021+0000] {logging_mixin.py:188} INFO - [2024-07-14T16:36:07.021+0000] {dag.py:3096} INFO - Sync 2 DAGs
[2024-07-14T16:36:07.053+0000] {logging_mixin.py:188} INFO - [2024-07-14T16:36:07.053+0000] {dag.py:3954} INFO - Setting next_dagrun for example_xcom_args to None, run_after=None
[2024-07-14T16:36:07.060+0000] {logging_mixin.py:188} INFO - [2024-07-14T16:36:07.060+0000] {dag.py:3954} INFO - Setting next_dagrun for example_xcom_args_with_operators to None, run_after=None
[2024-07-14T16:36:07.101+0000] {processor.py:183} INFO - Processing /home/airflow/.local/lib/python3.12/site-packages/airflow/example_dags/example_xcomargs.py took 0.198 seconds
[2024-07-14T16:36:41.668+0000] {processor.py:161} INFO - Started process (PID=420) to work on /home/airflow/.local/lib/python3.12/site-packages/airflow/example_dags/example_xcomargs.py
[2024-07-14T16:36:41.687+0000] {processor.py:830} INFO - Processing file /home/airflow/.local/lib/python3.12/site-packages/airflow/example_dags/example_xcomargs.py for tasks to queue
[2024-07-14T16:36:41.705+0000] {logging_mixin.py:188} INFO - [2024-07-14T16:36:41.703+0000] {dagbag.py:545} INFO - Filling up the DagBag from /home/airflow/.local/lib/python3.12/site-packages/airflow/example_dags/example_xcomargs.py
[2024-07-14T16:36:41.829+0000] {processor.py:840} INFO - DAG(s) 'example_xcom_args', 'example_xcom_args_with_operators' retrieved from /home/airflow/.local/lib/python3.12/site-packages/airflow/example_dags/example_xcomargs.py
[2024-07-14T16:36:42.018+0000] {logging_mixin.py:188} INFO - [2024-07-14T16:36:42.018+0000] {dag.py:3096} INFO - Sync 2 DAGs
[2024-07-14T16:36:42.145+0000] {logging_mixin.py:188} INFO - [2024-07-14T16:36:42.144+0000] {dag.py:3954} INFO - Setting next_dagrun for example_xcom_args to None, run_after=None
[2024-07-14T16:36:42.169+0000] {logging_mixin.py:188} INFO - [2024-07-14T16:36:42.169+0000] {dag.py:3954} INFO - Setting next_dagrun for example_xcom_args_with_operators to None, run_after=None
[2024-07-14T16:36:42.283+0000] {processor.py:183} INFO - Processing /home/airflow/.local/lib/python3.12/site-packages/airflow/example_dags/example_xcomargs.py took 0.647 seconds
[2024-07-14T16:37:13.042+0000] {processor.py:161} INFO - Started process (PID=477) to work on /home/airflow/.local/lib/python3.12/site-packages/airflow/example_dags/example_xcomargs.py
[2024-07-14T16:37:13.044+0000] {processor.py:830} INFO - Processing file /home/airflow/.local/lib/python3.12/site-packages/airflow/example_dags/example_xcomargs.py for tasks to queue
[2024-07-14T16:37:13.047+0000] {logging_mixin.py:188} INFO - [2024-07-14T16:37:13.046+0000] {dagbag.py:545} INFO - Filling up the DagBag from /home/airflow/.local/lib/python3.12/site-packages/airflow/example_dags/example_xcomargs.py
[2024-07-14T16:37:13.073+0000] {processor.py:840} INFO - DAG(s) 'example_xcom_args_with_operators', 'example_xcom_args' retrieved from /home/airflow/.local/lib/python3.12/site-packages/airflow/example_dags/example_xcomargs.py
[2024-07-14T16:37:13.155+0000] {logging_mixin.py:188} INFO - [2024-07-14T16:37:13.155+0000] {dag.py:3096} INFO - Sync 2 DAGs
[2024-07-14T16:37:13.202+0000] {logging_mixin.py:188} INFO - [2024-07-14T16:37:13.202+0000] {dag.py:3954} INFO - Setting next_dagrun for example_xcom_args to None, run_after=None
[2024-07-14T16:37:13.234+0000] {logging_mixin.py:188} INFO - [2024-07-14T16:37:13.228+0000] {dag.py:3954} INFO - Setting next_dagrun for example_xcom_args_with_operators to None, run_after=None
[2024-07-14T16:37:13.289+0000] {processor.py:183} INFO - Processing /home/airflow/.local/lib/python3.12/site-packages/airflow/example_dags/example_xcomargs.py took 0.258 seconds
[2024-07-14T16:37:45.909+0000] {processor.py:161} INFO - Started process (PID=535) to work on /home/airflow/.local/lib/python3.12/site-packages/airflow/example_dags/example_xcomargs.py
[2024-07-14T16:37:45.925+0000] {processor.py:830} INFO - Processing file /home/airflow/.local/lib/python3.12/site-packages/airflow/example_dags/example_xcomargs.py for tasks to queue
[2024-07-14T16:37:45.934+0000] {logging_mixin.py:188} INFO - [2024-07-14T16:37:45.933+0000] {dagbag.py:545} INFO - Filling up the DagBag from /home/airflow/.local/lib/python3.12/site-packages/airflow/example_dags/example_xcomargs.py
[2024-07-14T16:37:45.987+0000] {processor.py:840} INFO - DAG(s) 'example_xcom_args_with_operators', 'example_xcom_args' retrieved from /home/airflow/.local/lib/python3.12/site-packages/airflow/example_dags/example_xcomargs.py
[2024-07-14T16:37:46.201+0000] {logging_mixin.py:188} INFO - [2024-07-14T16:37:46.200+0000] {dag.py:3096} INFO - Sync 2 DAGs
[2024-07-14T16:37:46.261+0000] {logging_mixin.py:188} INFO - [2024-07-14T16:37:46.261+0000] {dag.py:3954} INFO - Setting next_dagrun for example_xcom_args to None, run_after=None
[2024-07-14T16:37:46.291+0000] {logging_mixin.py:188} INFO - [2024-07-14T16:37:46.290+0000] {dag.py:3954} INFO - Setting next_dagrun for example_xcom_args_with_operators to None, run_after=None
[2024-07-14T16:37:46.540+0000] {processor.py:183} INFO - Processing /home/airflow/.local/lib/python3.12/site-packages/airflow/example_dags/example_xcomargs.py took 0.653 seconds
[2024-07-14T16:39:14.091+0000] {processor.py:161} INFO - Started process (PID=609) to work on /home/airflow/.local/lib/python3.12/site-packages/airflow/example_dags/example_xcomargs.py
[2024-07-14T16:39:14.095+0000] {processor.py:830} INFO - Processing file /home/airflow/.local/lib/python3.12/site-packages/airflow/example_dags/example_xcomargs.py for tasks to queue
[2024-07-14T16:39:14.099+0000] {logging_mixin.py:188} INFO - [2024-07-14T16:39:14.097+0000] {dagbag.py:545} INFO - Filling up the DagBag from /home/airflow/.local/lib/python3.12/site-packages/airflow/example_dags/example_xcomargs.py
[2024-07-14T16:39:14.146+0000] {processor.py:840} INFO - DAG(s) 'example_xcom_args_with_operators', 'example_xcom_args' retrieved from /home/airflow/.local/lib/python3.12/site-packages/airflow/example_dags/example_xcomargs.py
[2024-07-14T16:39:14.281+0000] {logging_mixin.py:188} INFO - [2024-07-14T16:39:14.280+0000] {dag.py:3096} INFO - Sync 2 DAGs
[2024-07-14T16:39:14.344+0000] {logging_mixin.py:188} INFO - [2024-07-14T16:39:14.344+0000] {dag.py:3954} INFO - Setting next_dagrun for example_xcom_args to None, run_after=None
[2024-07-14T16:39:14.379+0000] {logging_mixin.py:188} INFO - [2024-07-14T16:39:14.378+0000] {dag.py:3954} INFO - Setting next_dagrun for example_xcom_args_with_operators to None, run_after=None
[2024-07-14T16:39:14.448+0000] {processor.py:183} INFO - Processing /home/airflow/.local/lib/python3.12/site-packages/airflow/example_dags/example_xcomargs.py took 0.370 seconds
[2024-07-14T16:39:44.581+0000] {processor.py:161} INFO - Started process (PID=668) to work on /home/airflow/.local/lib/python3.12/site-packages/airflow/example_dags/example_xcomargs.py
[2024-07-14T16:39:44.583+0000] {processor.py:830} INFO - Processing file /home/airflow/.local/lib/python3.12/site-packages/airflow/example_dags/example_xcomargs.py for tasks to queue
[2024-07-14T16:39:44.585+0000] {logging_mixin.py:188} INFO - [2024-07-14T16:39:44.584+0000] {dagbag.py:545} INFO - Filling up the DagBag from /home/airflow/.local/lib/python3.12/site-packages/airflow/example_dags/example_xcomargs.py
[2024-07-14T16:39:44.613+0000] {processor.py:840} INFO - DAG(s) 'example_xcom_args', 'example_xcom_args_with_operators' retrieved from /home/airflow/.local/lib/python3.12/site-packages/airflow/example_dags/example_xcomargs.py
[2024-07-14T16:39:44.703+0000] {logging_mixin.py:188} INFO - [2024-07-14T16:39:44.703+0000] {dag.py:3096} INFO - Sync 2 DAGs
[2024-07-14T16:39:44.796+0000] {logging_mixin.py:188} INFO - [2024-07-14T16:39:44.795+0000] {dag.py:3954} INFO - Setting next_dagrun for example_xcom_args to None, run_after=None
[2024-07-14T16:39:44.803+0000] {logging_mixin.py:188} INFO - [2024-07-14T16:39:44.803+0000] {dag.py:3954} INFO - Setting next_dagrun for example_xcom_args_with_operators to None, run_after=None
[2024-07-14T16:39:44.848+0000] {processor.py:183} INFO - Processing /home/airflow/.local/lib/python3.12/site-packages/airflow/example_dags/example_xcomargs.py took 0.291 seconds
[2024-07-14T16:40:15.320+0000] {processor.py:161} INFO - Started process (PID=727) to work on /home/airflow/.local/lib/python3.12/site-packages/airflow/example_dags/example_xcomargs.py
[2024-07-14T16:40:15.327+0000] {processor.py:830} INFO - Processing file /home/airflow/.local/lib/python3.12/site-packages/airflow/example_dags/example_xcomargs.py for tasks to queue
[2024-07-14T16:40:15.329+0000] {logging_mixin.py:188} INFO - [2024-07-14T16:40:15.328+0000] {dagbag.py:545} INFO - Filling up the DagBag from /home/airflow/.local/lib/python3.12/site-packages/airflow/example_dags/example_xcomargs.py
[2024-07-14T16:40:15.345+0000] {processor.py:840} INFO - DAG(s) 'example_xcom_args', 'example_xcom_args_with_operators' retrieved from /home/airflow/.local/lib/python3.12/site-packages/airflow/example_dags/example_xcomargs.py
[2024-07-14T16:40:15.406+0000] {logging_mixin.py:188} INFO - [2024-07-14T16:40:15.405+0000] {dag.py:3096} INFO - Sync 2 DAGs
[2024-07-14T16:40:15.435+0000] {logging_mixin.py:188} INFO - [2024-07-14T16:40:15.434+0000] {dag.py:3954} INFO - Setting next_dagrun for example_xcom_args to None, run_after=None
[2024-07-14T16:40:15.444+0000] {logging_mixin.py:188} INFO - [2024-07-14T16:40:15.444+0000] {dag.py:3954} INFO - Setting next_dagrun for example_xcom_args_with_operators to None, run_after=None
[2024-07-14T16:40:15.495+0000] {processor.py:183} INFO - Processing /home/airflow/.local/lib/python3.12/site-packages/airflow/example_dags/example_xcomargs.py took 0.191 seconds
[2024-07-14T16:40:47.133+0000] {processor.py:161} INFO - Started process (PID=786) to work on /home/airflow/.local/lib/python3.12/site-packages/airflow/example_dags/example_xcomargs.py
[2024-07-14T16:40:47.138+0000] {processor.py:830} INFO - Processing file /home/airflow/.local/lib/python3.12/site-packages/airflow/example_dags/example_xcomargs.py for tasks to queue
[2024-07-14T16:40:47.143+0000] {logging_mixin.py:188} INFO - [2024-07-14T16:40:47.143+0000] {dagbag.py:545} INFO - Filling up the DagBag from /home/airflow/.local/lib/python3.12/site-packages/airflow/example_dags/example_xcomargs.py
[2024-07-14T16:40:47.206+0000] {processor.py:840} INFO - DAG(s) 'example_xcom_args_with_operators', 'example_xcom_args' retrieved from /home/airflow/.local/lib/python3.12/site-packages/airflow/example_dags/example_xcomargs.py
[2024-07-14T16:40:47.297+0000] {logging_mixin.py:188} INFO - [2024-07-14T16:40:47.296+0000] {dag.py:3096} INFO - Sync 2 DAGs
[2024-07-14T16:40:47.343+0000] {logging_mixin.py:188} INFO - [2024-07-14T16:40:47.343+0000] {dag.py:3954} INFO - Setting next_dagrun for example_xcom_args to None, run_after=None
[2024-07-14T16:40:47.355+0000] {logging_mixin.py:188} INFO - [2024-07-14T16:40:47.355+0000] {dag.py:3954} INFO - Setting next_dagrun for example_xcom_args_with_operators to None, run_after=None
[2024-07-14T16:40:47.410+0000] {processor.py:183} INFO - Processing /home/airflow/.local/lib/python3.12/site-packages/airflow/example_dags/example_xcomargs.py took 0.307 seconds
[2024-07-14T16:41:18.052+0000] {processor.py:161} INFO - Started process (PID=844) to work on /home/airflow/.local/lib/python3.12/site-packages/airflow/example_dags/example_xcomargs.py
[2024-07-14T16:41:18.054+0000] {processor.py:830} INFO - Processing file /home/airflow/.local/lib/python3.12/site-packages/airflow/example_dags/example_xcomargs.py for tasks to queue
[2024-07-14T16:41:18.056+0000] {logging_mixin.py:188} INFO - [2024-07-14T16:41:18.055+0000] {dagbag.py:545} INFO - Filling up the DagBag from /home/airflow/.local/lib/python3.12/site-packages/airflow/example_dags/example_xcomargs.py
[2024-07-14T16:41:18.089+0000] {processor.py:840} INFO - DAG(s) 'example_xcom_args', 'example_xcom_args_with_operators' retrieved from /home/airflow/.local/lib/python3.12/site-packages/airflow/example_dags/example_xcomargs.py
[2024-07-14T16:41:18.153+0000] {logging_mixin.py:188} INFO - [2024-07-14T16:41:18.152+0000] {dag.py:3096} INFO - Sync 2 DAGs
[2024-07-14T16:41:18.200+0000] {logging_mixin.py:188} INFO - [2024-07-14T16:41:18.199+0000] {dag.py:3954} INFO - Setting next_dagrun for example_xcom_args to None, run_after=None
[2024-07-14T16:41:18.208+0000] {logging_mixin.py:188} INFO - [2024-07-14T16:41:18.208+0000] {dag.py:3954} INFO - Setting next_dagrun for example_xcom_args_with_operators to None, run_after=None
[2024-07-14T16:41:18.250+0000] {processor.py:183} INFO - Processing /home/airflow/.local/lib/python3.12/site-packages/airflow/example_dags/example_xcomargs.py took 0.209 seconds
[2024-07-14T16:41:48.813+0000] {processor.py:161} INFO - Started process (PID=901) to work on /home/airflow/.local/lib/python3.12/site-packages/airflow/example_dags/example_xcomargs.py
[2024-07-14T16:41:48.826+0000] {processor.py:830} INFO - Processing file /home/airflow/.local/lib/python3.12/site-packages/airflow/example_dags/example_xcomargs.py for tasks to queue
[2024-07-14T16:41:48.830+0000] {logging_mixin.py:188} INFO - [2024-07-14T16:41:48.829+0000] {dagbag.py:545} INFO - Filling up the DagBag from /home/airflow/.local/lib/python3.12/site-packages/airflow/example_dags/example_xcomargs.py
[2024-07-14T16:41:48.852+0000] {processor.py:840} INFO - DAG(s) 'example_xcom_args_with_operators', 'example_xcom_args' retrieved from /home/airflow/.local/lib/python3.12/site-packages/airflow/example_dags/example_xcomargs.py
[2024-07-14T16:41:48.939+0000] {logging_mixin.py:188} INFO - [2024-07-14T16:41:48.939+0000] {dag.py:3096} INFO - Sync 2 DAGs
[2024-07-14T16:41:49.003+0000] {logging_mixin.py:188} INFO - [2024-07-14T16:41:49.002+0000] {dag.py:3954} INFO - Setting next_dagrun for example_xcom_args to None, run_after=None
[2024-07-14T16:41:49.029+0000] {logging_mixin.py:188} INFO - [2024-07-14T16:41:49.028+0000] {dag.py:3954} INFO - Setting next_dagrun for example_xcom_args_with_operators to None, run_after=None
[2024-07-14T16:41:49.073+0000] {processor.py:183} INFO - Processing /home/airflow/.local/lib/python3.12/site-packages/airflow/example_dags/example_xcomargs.py took 0.288 seconds
[2024-07-14T16:42:19.388+0000] {processor.py:161} INFO - Started process (PID=960) to work on /home/airflow/.local/lib/python3.12/site-packages/airflow/example_dags/example_xcomargs.py
[2024-07-14T16:42:19.390+0000] {processor.py:830} INFO - Processing file /home/airflow/.local/lib/python3.12/site-packages/airflow/example_dags/example_xcomargs.py for tasks to queue
[2024-07-14T16:42:19.392+0000] {logging_mixin.py:188} INFO - [2024-07-14T16:42:19.391+0000] {dagbag.py:545} INFO - Filling up the DagBag from /home/airflow/.local/lib/python3.12/site-packages/airflow/example_dags/example_xcomargs.py
[2024-07-14T16:42:19.409+0000] {processor.py:840} INFO - DAG(s) 'example_xcom_args', 'example_xcom_args_with_operators' retrieved from /home/airflow/.local/lib/python3.12/site-packages/airflow/example_dags/example_xcomargs.py
[2024-07-14T16:42:19.473+0000] {logging_mixin.py:188} INFO - [2024-07-14T16:42:19.473+0000] {dag.py:3096} INFO - Sync 2 DAGs
[2024-07-14T16:42:19.506+0000] {logging_mixin.py:188} INFO - [2024-07-14T16:42:19.505+0000] {dag.py:3954} INFO - Setting next_dagrun for example_xcom_args to None, run_after=None
[2024-07-14T16:42:19.515+0000] {logging_mixin.py:188} INFO - [2024-07-14T16:42:19.514+0000] {dag.py:3954} INFO - Setting next_dagrun for example_xcom_args_with_operators to None, run_after=None
[2024-07-14T16:42:19.564+0000] {processor.py:183} INFO - Processing /home/airflow/.local/lib/python3.12/site-packages/airflow/example_dags/example_xcomargs.py took 0.186 seconds
[2024-07-14T16:42:50.006+0000] {processor.py:161} INFO - Started process (PID=1018) to work on /home/airflow/.local/lib/python3.12/site-packages/airflow/example_dags/example_xcomargs.py
[2024-07-14T16:42:50.008+0000] {processor.py:830} INFO - Processing file /home/airflow/.local/lib/python3.12/site-packages/airflow/example_dags/example_xcomargs.py for tasks to queue
[2024-07-14T16:42:50.010+0000] {logging_mixin.py:188} INFO - [2024-07-14T16:42:50.009+0000] {dagbag.py:545} INFO - Filling up the DagBag from /home/airflow/.local/lib/python3.12/site-packages/airflow/example_dags/example_xcomargs.py
[2024-07-14T16:42:50.039+0000] {processor.py:840} INFO - DAG(s) 'example_xcom_args', 'example_xcom_args_with_operators' retrieved from /home/airflow/.local/lib/python3.12/site-packages/airflow/example_dags/example_xcomargs.py
[2024-07-14T16:42:50.107+0000] {logging_mixin.py:188} INFO - [2024-07-14T16:42:50.106+0000] {dag.py:3096} INFO - Sync 2 DAGs
[2024-07-14T16:42:50.149+0000] {logging_mixin.py:188} INFO - [2024-07-14T16:42:50.149+0000] {dag.py:3954} INFO - Setting next_dagrun for example_xcom_args to None, run_after=None
[2024-07-14T16:42:50.179+0000] {logging_mixin.py:188} INFO - [2024-07-14T16:42:50.178+0000] {dag.py:3954} INFO - Setting next_dagrun for example_xcom_args_with_operators to None, run_after=None
[2024-07-14T16:42:50.224+0000] {processor.py:183} INFO - Processing /home/airflow/.local/lib/python3.12/site-packages/airflow/example_dags/example_xcomargs.py took 0.229 seconds
[2024-07-14T16:43:21.000+0000] {processor.py:161} INFO - Started process (PID=1077) to work on /home/airflow/.local/lib/python3.12/site-packages/airflow/example_dags/example_xcomargs.py
[2024-07-14T16:43:21.002+0000] {processor.py:830} INFO - Processing file /home/airflow/.local/lib/python3.12/site-packages/airflow/example_dags/example_xcomargs.py for tasks to queue
[2024-07-14T16:43:21.005+0000] {logging_mixin.py:188} INFO - [2024-07-14T16:43:21.004+0000] {dagbag.py:545} INFO - Filling up the DagBag from /home/airflow/.local/lib/python3.12/site-packages/airflow/example_dags/example_xcomargs.py
[2024-07-14T16:43:21.046+0000] {processor.py:840} INFO - DAG(s) 'example_xcom_args', 'example_xcom_args_with_operators' retrieved from /home/airflow/.local/lib/python3.12/site-packages/airflow/example_dags/example_xcomargs.py
[2024-07-14T16:43:21.191+0000] {logging_mixin.py:188} INFO - [2024-07-14T16:43:21.190+0000] {dag.py:3096} INFO - Sync 2 DAGs
[2024-07-14T16:43:21.236+0000] {logging_mixin.py:188} INFO - [2024-07-14T16:43:21.236+0000] {dag.py:3954} INFO - Setting next_dagrun for example_xcom_args to None, run_after=None
[2024-07-14T16:43:21.263+0000] {logging_mixin.py:188} INFO - [2024-07-14T16:43:21.263+0000] {dag.py:3954} INFO - Setting next_dagrun for example_xcom_args_with_operators to None, run_after=None
[2024-07-14T16:43:21.350+0000] {processor.py:183} INFO - Processing /home/airflow/.local/lib/python3.12/site-packages/airflow/example_dags/example_xcomargs.py took 0.368 seconds
[2024-07-14T16:43:51.807+0000] {processor.py:161} INFO - Started process (PID=1136) to work on /home/airflow/.local/lib/python3.12/site-packages/airflow/example_dags/example_xcomargs.py
[2024-07-14T16:43:51.809+0000] {processor.py:830} INFO - Processing file /home/airflow/.local/lib/python3.12/site-packages/airflow/example_dags/example_xcomargs.py for tasks to queue
[2024-07-14T16:43:51.820+0000] {logging_mixin.py:188} INFO - [2024-07-14T16:43:51.819+0000] {dagbag.py:545} INFO - Filling up the DagBag from /home/airflow/.local/lib/python3.12/site-packages/airflow/example_dags/example_xcomargs.py
[2024-07-14T16:43:51.846+0000] {processor.py:840} INFO - DAG(s) 'example_xcom_args', 'example_xcom_args_with_operators' retrieved from /home/airflow/.local/lib/python3.12/site-packages/airflow/example_dags/example_xcomargs.py
[2024-07-14T16:43:51.903+0000] {logging_mixin.py:188} INFO - [2024-07-14T16:43:51.902+0000] {dag.py:3096} INFO - Sync 2 DAGs
[2024-07-14T16:43:51.946+0000] {logging_mixin.py:188} INFO - [2024-07-14T16:43:51.946+0000] {dag.py:3954} INFO - Setting next_dagrun for example_xcom_args to None, run_after=None
[2024-07-14T16:43:51.952+0000] {logging_mixin.py:188} INFO - [2024-07-14T16:43:51.951+0000] {dag.py:3954} INFO - Setting next_dagrun for example_xcom_args_with_operators to None, run_after=None
[2024-07-14T16:43:52.130+0000] {processor.py:183} INFO - Processing /home/airflow/.local/lib/python3.12/site-packages/airflow/example_dags/example_xcomargs.py took 0.333 seconds
[2024-07-14T16:44:22.295+0000] {processor.py:161} INFO - Started process (PID=1194) to work on /home/airflow/.local/lib/python3.12/site-packages/airflow/example_dags/example_xcomargs.py
[2024-07-14T16:44:22.301+0000] {processor.py:830} INFO - Processing file /home/airflow/.local/lib/python3.12/site-packages/airflow/example_dags/example_xcomargs.py for tasks to queue
[2024-07-14T16:44:22.303+0000] {logging_mixin.py:188} INFO - [2024-07-14T16:44:22.302+0000] {dagbag.py:545} INFO - Filling up the DagBag from /home/airflow/.local/lib/python3.12/site-packages/airflow/example_dags/example_xcomargs.py
[2024-07-14T16:44:22.330+0000] {processor.py:840} INFO - DAG(s) 'example_xcom_args_with_operators', 'example_xcom_args' retrieved from /home/airflow/.local/lib/python3.12/site-packages/airflow/example_dags/example_xcomargs.py
[2024-07-14T16:44:22.385+0000] {logging_mixin.py:188} INFO - [2024-07-14T16:44:22.384+0000] {dag.py:3096} INFO - Sync 2 DAGs
[2024-07-14T16:44:22.411+0000] {logging_mixin.py:188} INFO - [2024-07-14T16:44:22.411+0000] {dag.py:3954} INFO - Setting next_dagrun for example_xcom_args to None, run_after=None
[2024-07-14T16:44:22.424+0000] {logging_mixin.py:188} INFO - [2024-07-14T16:44:22.424+0000] {dag.py:3954} INFO - Setting next_dagrun for example_xcom_args_with_operators to None, run_after=None
[2024-07-14T16:44:22.461+0000] {processor.py:183} INFO - Processing /home/airflow/.local/lib/python3.12/site-packages/airflow/example_dags/example_xcomargs.py took 0.177 seconds
[2024-07-14T16:44:53.004+0000] {processor.py:161} INFO - Started process (PID=1253) to work on /home/airflow/.local/lib/python3.12/site-packages/airflow/example_dags/example_xcomargs.py
[2024-07-14T16:44:53.005+0000] {processor.py:830} INFO - Processing file /home/airflow/.local/lib/python3.12/site-packages/airflow/example_dags/example_xcomargs.py for tasks to queue
[2024-07-14T16:44:53.007+0000] {logging_mixin.py:188} INFO - [2024-07-14T16:44:53.007+0000] {dagbag.py:545} INFO - Filling up the DagBag from /home/airflow/.local/lib/python3.12/site-packages/airflow/example_dags/example_xcomargs.py
[2024-07-14T16:44:53.021+0000] {processor.py:840} INFO - DAG(s) 'example_xcom_args_with_operators', 'example_xcom_args' retrieved from /home/airflow/.local/lib/python3.12/site-packages/airflow/example_dags/example_xcomargs.py
[2024-07-14T16:44:53.100+0000] {logging_mixin.py:188} INFO - [2024-07-14T16:44:53.100+0000] {dag.py:3096} INFO - Sync 2 DAGs
[2024-07-14T16:44:53.135+0000] {logging_mixin.py:188} INFO - [2024-07-14T16:44:53.135+0000] {dag.py:3954} INFO - Setting next_dagrun for example_xcom_args to None, run_after=None
[2024-07-14T16:44:53.145+0000] {logging_mixin.py:188} INFO - [2024-07-14T16:44:53.145+0000] {dag.py:3954} INFO - Setting next_dagrun for example_xcom_args_with_operators to None, run_after=None
[2024-07-14T16:44:53.188+0000] {processor.py:183} INFO - Processing /home/airflow/.local/lib/python3.12/site-packages/airflow/example_dags/example_xcomargs.py took 0.193 seconds
[2024-07-14T16:45:23.879+0000] {processor.py:161} INFO - Started process (PID=1311) to work on /home/airflow/.local/lib/python3.12/site-packages/airflow/example_dags/example_xcomargs.py
[2024-07-14T16:45:23.881+0000] {processor.py:830} INFO - Processing file /home/airflow/.local/lib/python3.12/site-packages/airflow/example_dags/example_xcomargs.py for tasks to queue
[2024-07-14T16:45:23.884+0000] {logging_mixin.py:188} INFO - [2024-07-14T16:45:23.883+0000] {dagbag.py:545} INFO - Filling up the DagBag from /home/airflow/.local/lib/python3.12/site-packages/airflow/example_dags/example_xcomargs.py
[2024-07-14T16:45:23.905+0000] {processor.py:840} INFO - DAG(s) 'example_xcom_args', 'example_xcom_args_with_operators' retrieved from /home/airflow/.local/lib/python3.12/site-packages/airflow/example_dags/example_xcomargs.py
[2024-07-14T16:45:23.959+0000] {logging_mixin.py:188} INFO - [2024-07-14T16:45:23.959+0000] {dag.py:3096} INFO - Sync 2 DAGs
[2024-07-14T16:45:23.998+0000] {logging_mixin.py:188} INFO - [2024-07-14T16:45:23.997+0000] {dag.py:3954} INFO - Setting next_dagrun for example_xcom_args to None, run_after=None
[2024-07-14T16:45:24.005+0000] {logging_mixin.py:188} INFO - [2024-07-14T16:45:24.004+0000] {dag.py:3954} INFO - Setting next_dagrun for example_xcom_args_with_operators to None, run_after=None
[2024-07-14T16:45:24.053+0000] {processor.py:183} INFO - Processing /home/airflow/.local/lib/python3.12/site-packages/airflow/example_dags/example_xcomargs.py took 0.186 seconds
[2024-07-14T16:45:54.316+0000] {processor.py:161} INFO - Started process (PID=1370) to work on /home/airflow/.local/lib/python3.12/site-packages/airflow/example_dags/example_xcomargs.py
[2024-07-14T16:45:54.318+0000] {processor.py:830} INFO - Processing file /home/airflow/.local/lib/python3.12/site-packages/airflow/example_dags/example_xcomargs.py for tasks to queue
[2024-07-14T16:45:54.320+0000] {logging_mixin.py:188} INFO - [2024-07-14T16:45:54.319+0000] {dagbag.py:545} INFO - Filling up the DagBag from /home/airflow/.local/lib/python3.12/site-packages/airflow/example_dags/example_xcomargs.py
[2024-07-14T16:45:54.352+0000] {processor.py:840} INFO - DAG(s) 'example_xcom_args', 'example_xcom_args_with_operators' retrieved from /home/airflow/.local/lib/python3.12/site-packages/airflow/example_dags/example_xcomargs.py
[2024-07-14T16:45:54.411+0000] {logging_mixin.py:188} INFO - [2024-07-14T16:45:54.410+0000] {dag.py:3096} INFO - Sync 2 DAGs
[2024-07-14T16:45:54.451+0000] {logging_mixin.py:188} INFO - [2024-07-14T16:45:54.450+0000] {dag.py:3954} INFO - Setting next_dagrun for example_xcom_args to None, run_after=None
[2024-07-14T16:45:54.459+0000] {logging_mixin.py:188} INFO - [2024-07-14T16:45:54.459+0000] {dag.py:3954} INFO - Setting next_dagrun for example_xcom_args_with_operators to None, run_after=None
[2024-07-14T16:45:54.512+0000] {processor.py:183} INFO - Processing /home/airflow/.local/lib/python3.12/site-packages/airflow/example_dags/example_xcomargs.py took 0.210 seconds
[2024-07-14T16:46:25.353+0000] {processor.py:161} INFO - Started process (PID=1429) to work on /home/airflow/.local/lib/python3.12/site-packages/airflow/example_dags/example_xcomargs.py
[2024-07-14T16:46:25.355+0000] {processor.py:830} INFO - Processing file /home/airflow/.local/lib/python3.12/site-packages/airflow/example_dags/example_xcomargs.py for tasks to queue
[2024-07-14T16:46:25.357+0000] {logging_mixin.py:188} INFO - [2024-07-14T16:46:25.356+0000] {dagbag.py:545} INFO - Filling up the DagBag from /home/airflow/.local/lib/python3.12/site-packages/airflow/example_dags/example_xcomargs.py
[2024-07-14T16:46:25.391+0000] {processor.py:840} INFO - DAG(s) 'example_xcom_args', 'example_xcom_args_with_operators' retrieved from /home/airflow/.local/lib/python3.12/site-packages/airflow/example_dags/example_xcomargs.py
[2024-07-14T16:46:25.459+0000] {logging_mixin.py:188} INFO - [2024-07-14T16:46:25.459+0000] {dag.py:3096} INFO - Sync 2 DAGs
[2024-07-14T16:46:25.551+0000] {logging_mixin.py:188} INFO - [2024-07-14T16:46:25.551+0000] {dag.py:3954} INFO - Setting next_dagrun for example_xcom_args to None, run_after=None
[2024-07-14T16:46:25.563+0000] {logging_mixin.py:188} INFO - [2024-07-14T16:46:25.562+0000] {dag.py:3954} INFO - Setting next_dagrun for example_xcom_args_with_operators to None, run_after=None
[2024-07-14T16:46:25.617+0000] {processor.py:183} INFO - Processing /home/airflow/.local/lib/python3.12/site-packages/airflow/example_dags/example_xcomargs.py took 0.283 seconds
[2024-07-14T16:46:55.856+0000] {processor.py:161} INFO - Started process (PID=1488) to work on /home/airflow/.local/lib/python3.12/site-packages/airflow/example_dags/example_xcomargs.py
[2024-07-14T16:46:55.858+0000] {processor.py:830} INFO - Processing file /home/airflow/.local/lib/python3.12/site-packages/airflow/example_dags/example_xcomargs.py for tasks to queue
[2024-07-14T16:46:55.860+0000] {logging_mixin.py:188} INFO - [2024-07-14T16:46:55.859+0000] {dagbag.py:545} INFO - Filling up the DagBag from /home/airflow/.local/lib/python3.12/site-packages/airflow/example_dags/example_xcomargs.py
[2024-07-14T16:46:55.891+0000] {processor.py:840} INFO - DAG(s) 'example_xcom_args_with_operators', 'example_xcom_args' retrieved from /home/airflow/.local/lib/python3.12/site-packages/airflow/example_dags/example_xcomargs.py
[2024-07-14T16:46:55.964+0000] {logging_mixin.py:188} INFO - [2024-07-14T16:46:55.964+0000] {dag.py:3096} INFO - Sync 2 DAGs
[2024-07-14T16:46:55.999+0000] {logging_mixin.py:188} INFO - [2024-07-14T16:46:55.999+0000] {dag.py:3954} INFO - Setting next_dagrun for example_xcom_args to None, run_after=None
[2024-07-14T16:46:56.006+0000] {logging_mixin.py:188} INFO - [2024-07-14T16:46:56.006+0000] {dag.py:3954} INFO - Setting next_dagrun for example_xcom_args_with_operators to None, run_after=None
[2024-07-14T16:46:56.073+0000] {processor.py:183} INFO - Processing /home/airflow/.local/lib/python3.12/site-packages/airflow/example_dags/example_xcomargs.py took 0.235 seconds
[2024-07-14T16:47:26.227+0000] {processor.py:161} INFO - Started process (PID=1553) to work on /home/airflow/.local/lib/python3.12/site-packages/airflow/example_dags/example_xcomargs.py
[2024-07-14T16:47:26.238+0000] {processor.py:830} INFO - Processing file /home/airflow/.local/lib/python3.12/site-packages/airflow/example_dags/example_xcomargs.py for tasks to queue
[2024-07-14T16:47:26.241+0000] {logging_mixin.py:188} INFO - [2024-07-14T16:47:26.240+0000] {dagbag.py:545} INFO - Filling up the DagBag from /home/airflow/.local/lib/python3.12/site-packages/airflow/example_dags/example_xcomargs.py
[2024-07-14T16:47:26.293+0000] {processor.py:840} INFO - DAG(s) 'example_xcom_args_with_operators', 'example_xcom_args' retrieved from /home/airflow/.local/lib/python3.12/site-packages/airflow/example_dags/example_xcomargs.py
[2024-07-14T16:47:26.408+0000] {logging_mixin.py:188} INFO - [2024-07-14T16:47:26.407+0000] {dag.py:3096} INFO - Sync 2 DAGs
[2024-07-14T16:47:26.446+0000] {logging_mixin.py:188} INFO - [2024-07-14T16:47:26.444+0000] {dag.py:3954} INFO - Setting next_dagrun for example_xcom_args to None, run_after=None
[2024-07-14T16:47:26.455+0000] {logging_mixin.py:188} INFO - [2024-07-14T16:47:26.454+0000] {dag.py:3954} INFO - Setting next_dagrun for example_xcom_args_with_operators to None, run_after=None
[2024-07-14T16:47:26.504+0000] {processor.py:183} INFO - Processing /home/airflow/.local/lib/python3.12/site-packages/airflow/example_dags/example_xcomargs.py took 0.295 seconds
[2024-07-14T16:47:56.957+0000] {processor.py:161} INFO - Started process (PID=1612) to work on /home/airflow/.local/lib/python3.12/site-packages/airflow/example_dags/example_xcomargs.py
[2024-07-14T16:47:56.962+0000] {processor.py:830} INFO - Processing file /home/airflow/.local/lib/python3.12/site-packages/airflow/example_dags/example_xcomargs.py for tasks to queue
[2024-07-14T16:47:56.966+0000] {logging_mixin.py:188} INFO - [2024-07-14T16:47:56.965+0000] {dagbag.py:545} INFO - Filling up the DagBag from /home/airflow/.local/lib/python3.12/site-packages/airflow/example_dags/example_xcomargs.py
[2024-07-14T16:47:57.036+0000] {processor.py:840} INFO - DAG(s) 'example_xcom_args', 'example_xcom_args_with_operators' retrieved from /home/airflow/.local/lib/python3.12/site-packages/airflow/example_dags/example_xcomargs.py
[2024-07-14T16:47:57.139+0000] {logging_mixin.py:188} INFO - [2024-07-14T16:47:57.139+0000] {dag.py:3096} INFO - Sync 2 DAGs
[2024-07-14T16:47:57.182+0000] {logging_mixin.py:188} INFO - [2024-07-14T16:47:57.181+0000] {dag.py:3954} INFO - Setting next_dagrun for example_xcom_args to None, run_after=None
[2024-07-14T16:47:57.246+0000] {logging_mixin.py:188} INFO - [2024-07-14T16:47:57.245+0000] {dag.py:3954} INFO - Setting next_dagrun for example_xcom_args_with_operators to None, run_after=None
[2024-07-14T16:47:57.347+0000] {processor.py:183} INFO - Processing /home/airflow/.local/lib/python3.12/site-packages/airflow/example_dags/example_xcomargs.py took 0.433 seconds
[2024-07-14T16:48:27.917+0000] {processor.py:161} INFO - Started process (PID=1670) to work on /home/airflow/.local/lib/python3.12/site-packages/airflow/example_dags/example_xcomargs.py
[2024-07-14T16:48:27.920+0000] {processor.py:830} INFO - Processing file /home/airflow/.local/lib/python3.12/site-packages/airflow/example_dags/example_xcomargs.py for tasks to queue
[2024-07-14T16:48:27.925+0000] {logging_mixin.py:188} INFO - [2024-07-14T16:48:27.924+0000] {dagbag.py:545} INFO - Filling up the DagBag from /home/airflow/.local/lib/python3.12/site-packages/airflow/example_dags/example_xcomargs.py
[2024-07-14T16:48:27.942+0000] {processor.py:840} INFO - DAG(s) 'example_xcom_args', 'example_xcom_args_with_operators' retrieved from /home/airflow/.local/lib/python3.12/site-packages/airflow/example_dags/example_xcomargs.py
[2024-07-14T16:48:27.992+0000] {logging_mixin.py:188} INFO - [2024-07-14T16:48:27.992+0000] {dag.py:3096} INFO - Sync 2 DAGs
[2024-07-14T16:48:28.022+0000] {logging_mixin.py:188} INFO - [2024-07-14T16:48:28.021+0000] {dag.py:3954} INFO - Setting next_dagrun for example_xcom_args to None, run_after=None
[2024-07-14T16:48:28.036+0000] {logging_mixin.py:188} INFO - [2024-07-14T16:48:28.036+0000] {dag.py:3954} INFO - Setting next_dagrun for example_xcom_args_with_operators to None, run_after=None
[2024-07-14T16:48:28.067+0000] {processor.py:183} INFO - Processing /home/airflow/.local/lib/python3.12/site-packages/airflow/example_dags/example_xcomargs.py took 0.163 seconds
[2024-07-14T16:48:59.515+0000] {processor.py:161} INFO - Started process (PID=1730) to work on /home/airflow/.local/lib/python3.12/site-packages/airflow/example_dags/example_xcomargs.py
[2024-07-14T16:48:59.527+0000] {processor.py:830} INFO - Processing file /home/airflow/.local/lib/python3.12/site-packages/airflow/example_dags/example_xcomargs.py for tasks to queue
[2024-07-14T16:48:59.533+0000] {logging_mixin.py:188} INFO - [2024-07-14T16:48:59.532+0000] {dagbag.py:545} INFO - Filling up the DagBag from /home/airflow/.local/lib/python3.12/site-packages/airflow/example_dags/example_xcomargs.py
[2024-07-14T16:48:59.553+0000] {processor.py:840} INFO - DAG(s) 'example_xcom_args_with_operators', 'example_xcom_args' retrieved from /home/airflow/.local/lib/python3.12/site-packages/airflow/example_dags/example_xcomargs.py
[2024-07-14T16:48:59.608+0000] {logging_mixin.py:188} INFO - [2024-07-14T16:48:59.607+0000] {dag.py:3096} INFO - Sync 2 DAGs
[2024-07-14T16:48:59.647+0000] {logging_mixin.py:188} INFO - [2024-07-14T16:48:59.647+0000] {dag.py:3954} INFO - Setting next_dagrun for example_xcom_args to None, run_after=None
[2024-07-14T16:48:59.660+0000] {logging_mixin.py:188} INFO - [2024-07-14T16:48:59.659+0000] {dag.py:3954} INFO - Setting next_dagrun for example_xcom_args_with_operators to None, run_after=None
[2024-07-14T16:48:59.953+0000] {processor.py:183} INFO - Processing /home/airflow/.local/lib/python3.12/site-packages/airflow/example_dags/example_xcomargs.py took 0.449 seconds
[2024-07-14T16:49:30.236+0000] {processor.py:161} INFO - Started process (PID=1789) to work on /home/airflow/.local/lib/python3.12/site-packages/airflow/example_dags/example_xcomargs.py
[2024-07-14T16:49:30.238+0000] {processor.py:830} INFO - Processing file /home/airflow/.local/lib/python3.12/site-packages/airflow/example_dags/example_xcomargs.py for tasks to queue
[2024-07-14T16:49:30.243+0000] {logging_mixin.py:188} INFO - [2024-07-14T16:49:30.240+0000] {dagbag.py:545} INFO - Filling up the DagBag from /home/airflow/.local/lib/python3.12/site-packages/airflow/example_dags/example_xcomargs.py
[2024-07-14T16:49:30.264+0000] {processor.py:840} INFO - DAG(s) 'example_xcom_args_with_operators', 'example_xcom_args' retrieved from /home/airflow/.local/lib/python3.12/site-packages/airflow/example_dags/example_xcomargs.py
[2024-07-14T16:49:30.389+0000] {logging_mixin.py:188} INFO - [2024-07-14T16:49:30.389+0000] {dag.py:3096} INFO - Sync 2 DAGs
[2024-07-14T16:49:30.425+0000] {logging_mixin.py:188} INFO - [2024-07-14T16:49:30.424+0000] {dag.py:3954} INFO - Setting next_dagrun for example_xcom_args to None, run_after=None
[2024-07-14T16:49:30.443+0000] {logging_mixin.py:188} INFO - [2024-07-14T16:49:30.442+0000] {dag.py:3954} INFO - Setting next_dagrun for example_xcom_args_with_operators to None, run_after=None
[2024-07-14T16:49:30.497+0000] {processor.py:183} INFO - Processing /home/airflow/.local/lib/python3.12/site-packages/airflow/example_dags/example_xcomargs.py took 0.276 seconds
[2024-07-14T16:50:01.017+0000] {processor.py:161} INFO - Started process (PID=1848) to work on /home/airflow/.local/lib/python3.12/site-packages/airflow/example_dags/example_xcomargs.py
[2024-07-14T16:50:01.022+0000] {processor.py:830} INFO - Processing file /home/airflow/.local/lib/python3.12/site-packages/airflow/example_dags/example_xcomargs.py for tasks to queue
[2024-07-14T16:50:01.025+0000] {logging_mixin.py:188} INFO - [2024-07-14T16:50:01.024+0000] {dagbag.py:545} INFO - Filling up the DagBag from /home/airflow/.local/lib/python3.12/site-packages/airflow/example_dags/example_xcomargs.py
[2024-07-14T16:50:01.044+0000] {processor.py:840} INFO - DAG(s) 'example_xcom_args', 'example_xcom_args_with_operators' retrieved from /home/airflow/.local/lib/python3.12/site-packages/airflow/example_dags/example_xcomargs.py
[2024-07-14T16:50:01.126+0000] {logging_mixin.py:188} INFO - [2024-07-14T16:50:01.125+0000] {dag.py:3096} INFO - Sync 2 DAGs
[2024-07-14T16:50:01.158+0000] {logging_mixin.py:188} INFO - [2024-07-14T16:50:01.158+0000] {dag.py:3954} INFO - Setting next_dagrun for example_xcom_args to None, run_after=None
[2024-07-14T16:50:01.168+0000] {logging_mixin.py:188} INFO - [2024-07-14T16:50:01.167+0000] {dag.py:3954} INFO - Setting next_dagrun for example_xcom_args_with_operators to None, run_after=None
[2024-07-14T16:50:01.209+0000] {processor.py:183} INFO - Processing /home/airflow/.local/lib/python3.12/site-packages/airflow/example_dags/example_xcomargs.py took 0.203 seconds
[2024-07-14T16:50:32.085+0000] {processor.py:161} INFO - Started process (PID=1906) to work on /home/airflow/.local/lib/python3.12/site-packages/airflow/example_dags/example_xcomargs.py
[2024-07-14T16:50:32.089+0000] {processor.py:830} INFO - Processing file /home/airflow/.local/lib/python3.12/site-packages/airflow/example_dags/example_xcomargs.py for tasks to queue
[2024-07-14T16:50:32.091+0000] {logging_mixin.py:188} INFO - [2024-07-14T16:50:32.091+0000] {dagbag.py:545} INFO - Filling up the DagBag from /home/airflow/.local/lib/python3.12/site-packages/airflow/example_dags/example_xcomargs.py
[2024-07-14T16:50:32.113+0000] {processor.py:840} INFO - DAG(s) 'example_xcom_args_with_operators', 'example_xcom_args' retrieved from /home/airflow/.local/lib/python3.12/site-packages/airflow/example_dags/example_xcomargs.py
[2024-07-14T16:50:32.380+0000] {logging_mixin.py:188} INFO - [2024-07-14T16:50:32.379+0000] {dag.py:3096} INFO - Sync 2 DAGs
[2024-07-14T16:50:32.476+0000] {logging_mixin.py:188} INFO - [2024-07-14T16:50:32.475+0000] {dag.py:3954} INFO - Setting next_dagrun for example_xcom_args to None, run_after=None
[2024-07-14T16:50:32.485+0000] {logging_mixin.py:188} INFO - [2024-07-14T16:50:32.485+0000] {dag.py:3954} INFO - Setting next_dagrun for example_xcom_args_with_operators to None, run_after=None
[2024-07-14T16:50:32.512+0000] {processor.py:183} INFO - Processing /home/airflow/.local/lib/python3.12/site-packages/airflow/example_dags/example_xcomargs.py took 0.441 seconds
[2024-07-14T16:51:03.441+0000] {processor.py:161} INFO - Started process (PID=1964) to work on /home/airflow/.local/lib/python3.12/site-packages/airflow/example_dags/example_xcomargs.py
[2024-07-14T16:51:03.443+0000] {processor.py:830} INFO - Processing file /home/airflow/.local/lib/python3.12/site-packages/airflow/example_dags/example_xcomargs.py for tasks to queue
[2024-07-14T16:51:03.445+0000] {logging_mixin.py:188} INFO - [2024-07-14T16:51:03.445+0000] {dagbag.py:545} INFO - Filling up the DagBag from /home/airflow/.local/lib/python3.12/site-packages/airflow/example_dags/example_xcomargs.py
[2024-07-14T16:51:03.463+0000] {processor.py:840} INFO - DAG(s) 'example_xcom_args_with_operators', 'example_xcom_args' retrieved from /home/airflow/.local/lib/python3.12/site-packages/airflow/example_dags/example_xcomargs.py
[2024-07-14T16:51:03.522+0000] {logging_mixin.py:188} INFO - [2024-07-14T16:51:03.521+0000] {dag.py:3096} INFO - Sync 2 DAGs
[2024-07-14T16:51:03.556+0000] {logging_mixin.py:188} INFO - [2024-07-14T16:51:03.555+0000] {dag.py:3954} INFO - Setting next_dagrun for example_xcom_args to None, run_after=None
[2024-07-14T16:51:03.569+0000] {logging_mixin.py:188} INFO - [2024-07-14T16:51:03.568+0000] {dag.py:3954} INFO - Setting next_dagrun for example_xcom_args_with_operators to None, run_after=None
[2024-07-14T16:51:03.783+0000] {processor.py:183} INFO - Processing /home/airflow/.local/lib/python3.12/site-packages/airflow/example_dags/example_xcomargs.py took 0.355 seconds
[2024-07-14T16:51:34.617+0000] {processor.py:161} INFO - Started process (PID=2023) to work on /home/airflow/.local/lib/python3.12/site-packages/airflow/example_dags/example_xcomargs.py
[2024-07-14T16:51:34.619+0000] {processor.py:830} INFO - Processing file /home/airflow/.local/lib/python3.12/site-packages/airflow/example_dags/example_xcomargs.py for tasks to queue
[2024-07-14T16:51:34.623+0000] {logging_mixin.py:188} INFO - [2024-07-14T16:51:34.622+0000] {dagbag.py:545} INFO - Filling up the DagBag from /home/airflow/.local/lib/python3.12/site-packages/airflow/example_dags/example_xcomargs.py
[2024-07-14T16:51:34.637+0000] {processor.py:840} INFO - DAG(s) 'example_xcom_args', 'example_xcom_args_with_operators' retrieved from /home/airflow/.local/lib/python3.12/site-packages/airflow/example_dags/example_xcomargs.py
[2024-07-14T16:51:34.683+0000] {logging_mixin.py:188} INFO - [2024-07-14T16:51:34.683+0000] {dag.py:3096} INFO - Sync 2 DAGs
[2024-07-14T16:51:34.705+0000] {logging_mixin.py:188} INFO - [2024-07-14T16:51:34.704+0000] {dag.py:3954} INFO - Setting next_dagrun for example_xcom_args to None, run_after=None
[2024-07-14T16:51:34.716+0000] {logging_mixin.py:188} INFO - [2024-07-14T16:51:34.711+0000] {dag.py:3954} INFO - Setting next_dagrun for example_xcom_args_with_operators to None, run_after=None
[2024-07-14T16:51:34.753+0000] {processor.py:183} INFO - Processing /home/airflow/.local/lib/python3.12/site-packages/airflow/example_dags/example_xcomargs.py took 0.148 seconds
[2024-07-14T16:56:09.154+0000] {processor.py:161} INFO - Started process (PID=87) to work on /home/airflow/.local/lib/python3.12/site-packages/airflow/example_dags/example_xcomargs.py
[2024-07-14T16:56:09.397+0000] {processor.py:830} INFO - Processing file /home/airflow/.local/lib/python3.12/site-packages/airflow/example_dags/example_xcomargs.py for tasks to queue
[2024-07-14T16:56:09.484+0000] {logging_mixin.py:188} INFO - [2024-07-14T16:56:09.483+0000] {dagbag.py:545} INFO - Filling up the DagBag from /home/airflow/.local/lib/python3.12/site-packages/airflow/example_dags/example_xcomargs.py
[2024-07-14T16:56:09.528+0000] {processor.py:840} INFO - DAG(s) 'example_xcom_args_with_operators', 'example_xcom_args' retrieved from /home/airflow/.local/lib/python3.12/site-packages/airflow/example_dags/example_xcomargs.py
[2024-07-14T16:56:10.906+0000] {logging_mixin.py:188} INFO - [2024-07-14T16:56:10.903+0000] {dag.py:3096} INFO - Sync 2 DAGs
[2024-07-14T16:56:10.962+0000] {logging_mixin.py:188} INFO - [2024-07-14T16:56:10.960+0000] {dag.py:3954} INFO - Setting next_dagrun for example_xcom_args to None, run_after=None
[2024-07-14T16:56:10.987+0000] {logging_mixin.py:188} INFO - [2024-07-14T16:56:10.986+0000] {dag.py:3954} INFO - Setting next_dagrun for example_xcom_args_with_operators to None, run_after=None
[2024-07-14T16:56:11.143+0000] {processor.py:183} INFO - Processing /home/airflow/.local/lib/python3.12/site-packages/airflow/example_dags/example_xcomargs.py took 2.065 seconds
[2024-07-14T16:56:41.679+0000] {processor.py:161} INFO - Started process (PID=146) to work on /home/airflow/.local/lib/python3.12/site-packages/airflow/example_dags/example_xcomargs.py
[2024-07-14T16:56:41.687+0000] {processor.py:830} INFO - Processing file /home/airflow/.local/lib/python3.12/site-packages/airflow/example_dags/example_xcomargs.py for tasks to queue
[2024-07-14T16:56:41.693+0000] {logging_mixin.py:188} INFO - [2024-07-14T16:56:41.692+0000] {dagbag.py:545} INFO - Filling up the DagBag from /home/airflow/.local/lib/python3.12/site-packages/airflow/example_dags/example_xcomargs.py
[2024-07-14T16:56:41.762+0000] {processor.py:840} INFO - DAG(s) 'example_xcom_args_with_operators', 'example_xcom_args' retrieved from /home/airflow/.local/lib/python3.12/site-packages/airflow/example_dags/example_xcomargs.py
[2024-07-14T16:56:41.961+0000] {logging_mixin.py:188} INFO - [2024-07-14T16:56:41.960+0000] {dag.py:3096} INFO - Sync 2 DAGs
[2024-07-14T16:56:41.998+0000] {logging_mixin.py:188} INFO - [2024-07-14T16:56:41.998+0000] {dag.py:3954} INFO - Setting next_dagrun for example_xcom_args to None, run_after=None
[2024-07-14T16:56:42.012+0000] {logging_mixin.py:188} INFO - [2024-07-14T16:56:42.011+0000] {dag.py:3954} INFO - Setting next_dagrun for example_xcom_args_with_operators to None, run_after=None
[2024-07-14T16:56:42.109+0000] {processor.py:183} INFO - Processing /home/airflow/.local/lib/python3.12/site-packages/airflow/example_dags/example_xcomargs.py took 0.472 seconds
