[2024-07-14T16:33:37.728+0000] {processor.py:161} INFO - Started process (PID=80) to work on /home/airflow/.local/lib/python3.12/site-packages/airflow/example_dags/example_latest_only.py
[2024-07-14T16:33:37.736+0000] {processor.py:830} INFO - Processing file /home/airflow/.local/lib/python3.12/site-packages/airflow/example_dags/example_latest_only.py for tasks to queue
[2024-07-14T16:33:37.739+0000] {logging_mixin.py:188} INFO - [2024-07-14T16:33:37.739+0000] {dagbag.py:545} INFO - Filling up the DagBag from /home/airflow/.local/lib/python3.12/site-packages/airflow/example_dags/example_latest_only.py
[2024-07-14T16:33:37.750+0000] {processor.py:840} INFO - DAG(s) 'latest_only' retrieved from /home/airflow/.local/lib/python3.12/site-packages/airflow/example_dags/example_latest_only.py
[2024-07-14T16:33:38.125+0000] {logging_mixin.py:188} INFO - [2024-07-14T16:33:38.125+0000] {dag.py:3096} INFO - Sync 1 DAGs
[2024-07-14T16:33:38.165+0000] {logging_mixin.py:188} INFO - [2024-07-14T16:33:38.164+0000] {dag.py:3954} INFO - Setting next_dagrun for latest_only to 2024-07-14 12:00:00+00:00, run_after=2024-07-14 16:00:00+00:00
[2024-07-14T16:33:38.210+0000] {processor.py:183} INFO - Processing /home/airflow/.local/lib/python3.12/site-packages/airflow/example_dags/example_latest_only.py took 0.522 seconds
[2024-07-14T16:34:09.996+0000] {processor.py:161} INFO - Started process (PID=143) to work on /home/airflow/.local/lib/python3.12/site-packages/airflow/example_dags/example_latest_only.py
[2024-07-14T16:34:09.998+0000] {processor.py:830} INFO - Processing file /home/airflow/.local/lib/python3.12/site-packages/airflow/example_dags/example_latest_only.py for tasks to queue
[2024-07-14T16:34:10.002+0000] {logging_mixin.py:188} INFO - [2024-07-14T16:34:10.002+0000] {dagbag.py:545} INFO - Filling up the DagBag from /home/airflow/.local/lib/python3.12/site-packages/airflow/example_dags/example_latest_only.py
[2024-07-14T16:34:10.013+0000] {processor.py:840} INFO - DAG(s) 'latest_only' retrieved from /home/airflow/.local/lib/python3.12/site-packages/airflow/example_dags/example_latest_only.py
[2024-07-14T16:34:10.076+0000] {logging_mixin.py:188} INFO - [2024-07-14T16:34:10.076+0000] {dag.py:3096} INFO - Sync 1 DAGs
[2024-07-14T16:34:10.126+0000] {logging_mixin.py:188} INFO - [2024-07-14T16:34:10.126+0000] {dag.py:3954} INFO - Setting next_dagrun for latest_only to 2024-07-14 12:00:00+00:00, run_after=2024-07-14 16:00:00+00:00
[2024-07-14T16:34:10.160+0000] {processor.py:183} INFO - Processing /home/airflow/.local/lib/python3.12/site-packages/airflow/example_dags/example_latest_only.py took 0.176 seconds
[2024-07-14T16:34:40.883+0000] {processor.py:161} INFO - Started process (PID=201) to work on /home/airflow/.local/lib/python3.12/site-packages/airflow/example_dags/example_latest_only.py
[2024-07-14T16:34:40.889+0000] {processor.py:830} INFO - Processing file /home/airflow/.local/lib/python3.12/site-packages/airflow/example_dags/example_latest_only.py for tasks to queue
[2024-07-14T16:34:40.896+0000] {logging_mixin.py:188} INFO - [2024-07-14T16:34:40.896+0000] {dagbag.py:545} INFO - Filling up the DagBag from /home/airflow/.local/lib/python3.12/site-packages/airflow/example_dags/example_latest_only.py
[2024-07-14T16:34:40.909+0000] {processor.py:840} INFO - DAG(s) 'latest_only' retrieved from /home/airflow/.local/lib/python3.12/site-packages/airflow/example_dags/example_latest_only.py
[2024-07-14T16:34:40.980+0000] {logging_mixin.py:188} INFO - [2024-07-14T16:34:40.980+0000] {dag.py:3096} INFO - Sync 1 DAGs
[2024-07-14T16:34:41.048+0000] {logging_mixin.py:188} INFO - [2024-07-14T16:34:41.048+0000] {dag.py:3954} INFO - Setting next_dagrun for latest_only to 2024-07-14 12:00:00+00:00, run_after=2024-07-14 16:00:00+00:00
[2024-07-14T16:34:41.103+0000] {processor.py:183} INFO - Processing /home/airflow/.local/lib/python3.12/site-packages/airflow/example_dags/example_latest_only.py took 0.245 seconds
[2024-07-14T16:35:11.206+0000] {processor.py:161} INFO - Started process (PID=259) to work on /home/airflow/.local/lib/python3.12/site-packages/airflow/example_dags/example_latest_only.py
[2024-07-14T16:35:11.209+0000] {processor.py:830} INFO - Processing file /home/airflow/.local/lib/python3.12/site-packages/airflow/example_dags/example_latest_only.py for tasks to queue
[2024-07-14T16:35:11.223+0000] {logging_mixin.py:188} INFO - [2024-07-14T16:35:11.212+0000] {dagbag.py:545} INFO - Filling up the DagBag from /home/airflow/.local/lib/python3.12/site-packages/airflow/example_dags/example_latest_only.py
[2024-07-14T16:35:11.234+0000] {processor.py:840} INFO - DAG(s) 'latest_only' retrieved from /home/airflow/.local/lib/python3.12/site-packages/airflow/example_dags/example_latest_only.py
[2024-07-14T16:35:11.283+0000] {logging_mixin.py:188} INFO - [2024-07-14T16:35:11.283+0000] {dag.py:3096} INFO - Sync 1 DAGs
[2024-07-14T16:35:11.336+0000] {logging_mixin.py:188} INFO - [2024-07-14T16:35:11.336+0000] {dag.py:3954} INFO - Setting next_dagrun for latest_only to 2024-07-14 12:00:00+00:00, run_after=2024-07-14 16:00:00+00:00
[2024-07-14T16:35:11.387+0000] {processor.py:183} INFO - Processing /home/airflow/.local/lib/python3.12/site-packages/airflow/example_dags/example_latest_only.py took 0.203 seconds
[2024-07-14T16:35:42.046+0000] {processor.py:161} INFO - Started process (PID=317) to work on /home/airflow/.local/lib/python3.12/site-packages/airflow/example_dags/example_latest_only.py
[2024-07-14T16:35:42.048+0000] {processor.py:830} INFO - Processing file /home/airflow/.local/lib/python3.12/site-packages/airflow/example_dags/example_latest_only.py for tasks to queue
[2024-07-14T16:35:42.052+0000] {logging_mixin.py:188} INFO - [2024-07-14T16:35:42.051+0000] {dagbag.py:545} INFO - Filling up the DagBag from /home/airflow/.local/lib/python3.12/site-packages/airflow/example_dags/example_latest_only.py
[2024-07-14T16:35:42.060+0000] {processor.py:840} INFO - DAG(s) 'latest_only' retrieved from /home/airflow/.local/lib/python3.12/site-packages/airflow/example_dags/example_latest_only.py
[2024-07-14T16:35:42.109+0000] {logging_mixin.py:188} INFO - [2024-07-14T16:35:42.109+0000] {dag.py:3096} INFO - Sync 1 DAGs
[2024-07-14T16:35:42.159+0000] {logging_mixin.py:188} INFO - [2024-07-14T16:35:42.159+0000] {dag.py:3954} INFO - Setting next_dagrun for latest_only to 2024-07-14 12:00:00+00:00, run_after=2024-07-14 16:00:00+00:00
[2024-07-14T16:35:42.206+0000] {processor.py:183} INFO - Processing /home/airflow/.local/lib/python3.12/site-packages/airflow/example_dags/example_latest_only.py took 0.171 seconds
[2024-07-14T16:36:12.524+0000] {processor.py:161} INFO - Started process (PID=375) to work on /home/airflow/.local/lib/python3.12/site-packages/airflow/example_dags/example_latest_only.py
[2024-07-14T16:36:12.529+0000] {processor.py:830} INFO - Processing file /home/airflow/.local/lib/python3.12/site-packages/airflow/example_dags/example_latest_only.py for tasks to queue
[2024-07-14T16:36:12.532+0000] {logging_mixin.py:188} INFO - [2024-07-14T16:36:12.531+0000] {dagbag.py:545} INFO - Filling up the DagBag from /home/airflow/.local/lib/python3.12/site-packages/airflow/example_dags/example_latest_only.py
[2024-07-14T16:36:12.541+0000] {processor.py:840} INFO - DAG(s) 'latest_only' retrieved from /home/airflow/.local/lib/python3.12/site-packages/airflow/example_dags/example_latest_only.py
[2024-07-14T16:36:12.589+0000] {logging_mixin.py:188} INFO - [2024-07-14T16:36:12.589+0000] {dag.py:3096} INFO - Sync 1 DAGs
[2024-07-14T16:36:12.641+0000] {logging_mixin.py:188} INFO - [2024-07-14T16:36:12.639+0000] {dag.py:3954} INFO - Setting next_dagrun for latest_only to 2024-07-14 12:00:00+00:00, run_after=2024-07-14 16:00:00+00:00
[2024-07-14T16:36:12.696+0000] {processor.py:183} INFO - Processing /home/airflow/.local/lib/python3.12/site-packages/airflow/example_dags/example_latest_only.py took 0.184 seconds
[2024-07-14T16:36:47.639+0000] {processor.py:161} INFO - Started process (PID=433) to work on /home/airflow/.local/lib/python3.12/site-packages/airflow/example_dags/example_latest_only.py
[2024-07-14T16:36:47.657+0000] {processor.py:830} INFO - Processing file /home/airflow/.local/lib/python3.12/site-packages/airflow/example_dags/example_latest_only.py for tasks to queue
[2024-07-14T16:36:47.733+0000] {logging_mixin.py:188} INFO - [2024-07-14T16:36:47.715+0000] {dagbag.py:545} INFO - Filling up the DagBag from /home/airflow/.local/lib/python3.12/site-packages/airflow/example_dags/example_latest_only.py
[2024-07-14T16:36:47.771+0000] {processor.py:840} INFO - DAG(s) 'latest_only' retrieved from /home/airflow/.local/lib/python3.12/site-packages/airflow/example_dags/example_latest_only.py
[2024-07-14T16:36:47.985+0000] {logging_mixin.py:188} INFO - [2024-07-14T16:36:47.984+0000] {dag.py:3096} INFO - Sync 1 DAGs
[2024-07-14T16:36:48.105+0000] {logging_mixin.py:188} INFO - [2024-07-14T16:36:48.104+0000] {dag.py:3954} INFO - Setting next_dagrun for latest_only to 2024-07-14 12:00:00+00:00, run_after=2024-07-14 16:00:00+00:00
[2024-07-14T16:36:48.180+0000] {processor.py:183} INFO - Processing /home/airflow/.local/lib/python3.12/site-packages/airflow/example_dags/example_latest_only.py took 0.596 seconds
[2024-07-14T16:37:19.333+0000] {processor.py:161} INFO - Started process (PID=490) to work on /home/airflow/.local/lib/python3.12/site-packages/airflow/example_dags/example_latest_only.py
[2024-07-14T16:37:19.335+0000] {processor.py:830} INFO - Processing file /home/airflow/.local/lib/python3.12/site-packages/airflow/example_dags/example_latest_only.py for tasks to queue
[2024-07-14T16:37:19.339+0000] {logging_mixin.py:188} INFO - [2024-07-14T16:37:19.338+0000] {dagbag.py:545} INFO - Filling up the DagBag from /home/airflow/.local/lib/python3.12/site-packages/airflow/example_dags/example_latest_only.py
[2024-07-14T16:37:19.352+0000] {processor.py:840} INFO - DAG(s) 'latest_only' retrieved from /home/airflow/.local/lib/python3.12/site-packages/airflow/example_dags/example_latest_only.py
[2024-07-14T16:37:19.407+0000] {logging_mixin.py:188} INFO - [2024-07-14T16:37:19.406+0000] {dag.py:3096} INFO - Sync 1 DAGs
[2024-07-14T16:37:19.470+0000] {logging_mixin.py:188} INFO - [2024-07-14T16:37:19.470+0000] {dag.py:3954} INFO - Setting next_dagrun for latest_only to 2024-07-14 12:00:00+00:00, run_after=2024-07-14 16:00:00+00:00
[2024-07-14T16:37:19.532+0000] {processor.py:183} INFO - Processing /home/airflow/.local/lib/python3.12/site-packages/airflow/example_dags/example_latest_only.py took 0.222 seconds
[2024-07-14T16:37:51.507+0000] {processor.py:161} INFO - Started process (PID=548) to work on /home/airflow/.local/lib/python3.12/site-packages/airflow/example_dags/example_latest_only.py
[2024-07-14T16:37:51.512+0000] {processor.py:830} INFO - Processing file /home/airflow/.local/lib/python3.12/site-packages/airflow/example_dags/example_latest_only.py for tasks to queue
[2024-07-14T16:37:51.531+0000] {logging_mixin.py:188} INFO - [2024-07-14T16:37:51.530+0000] {dagbag.py:545} INFO - Filling up the DagBag from /home/airflow/.local/lib/python3.12/site-packages/airflow/example_dags/example_latest_only.py
[2024-07-14T16:37:51.591+0000] {processor.py:840} INFO - DAG(s) 'latest_only' retrieved from /home/airflow/.local/lib/python3.12/site-packages/airflow/example_dags/example_latest_only.py
[2024-07-14T16:37:51.754+0000] {logging_mixin.py:188} INFO - [2024-07-14T16:37:51.753+0000] {dag.py:3096} INFO - Sync 1 DAGs
[2024-07-14T16:37:51.898+0000] {logging_mixin.py:188} INFO - [2024-07-14T16:37:51.898+0000] {dag.py:3954} INFO - Setting next_dagrun for latest_only to 2024-07-14 12:00:00+00:00, run_after=2024-07-14 16:00:00+00:00
[2024-07-14T16:37:51.978+0000] {processor.py:183} INFO - Processing /home/airflow/.local/lib/python3.12/site-packages/airflow/example_dags/example_latest_only.py took 0.491 seconds
[2024-07-14T16:39:19.457+0000] {processor.py:161} INFO - Started process (PID=622) to work on /home/airflow/.local/lib/python3.12/site-packages/airflow/example_dags/example_latest_only.py
[2024-07-14T16:39:19.479+0000] {processor.py:830} INFO - Processing file /home/airflow/.local/lib/python3.12/site-packages/airflow/example_dags/example_latest_only.py for tasks to queue
[2024-07-14T16:39:19.482+0000] {logging_mixin.py:188} INFO - [2024-07-14T16:39:19.481+0000] {dagbag.py:545} INFO - Filling up the DagBag from /home/airflow/.local/lib/python3.12/site-packages/airflow/example_dags/example_latest_only.py
[2024-07-14T16:39:19.496+0000] {processor.py:840} INFO - DAG(s) 'latest_only' retrieved from /home/airflow/.local/lib/python3.12/site-packages/airflow/example_dags/example_latest_only.py
[2024-07-14T16:39:19.584+0000] {logging_mixin.py:188} INFO - [2024-07-14T16:39:19.583+0000] {dag.py:3096} INFO - Sync 1 DAGs
[2024-07-14T16:39:19.696+0000] {logging_mixin.py:188} INFO - [2024-07-14T16:39:19.695+0000] {dag.py:3954} INFO - Setting next_dagrun for latest_only to 2024-07-14 12:00:00+00:00, run_after=2024-07-14 16:00:00+00:00
[2024-07-14T16:39:19.796+0000] {processor.py:183} INFO - Processing /home/airflow/.local/lib/python3.12/site-packages/airflow/example_dags/example_latest_only.py took 0.354 seconds
[2024-07-14T16:39:50.288+0000] {processor.py:161} INFO - Started process (PID=681) to work on /home/airflow/.local/lib/python3.12/site-packages/airflow/example_dags/example_latest_only.py
[2024-07-14T16:39:50.291+0000] {processor.py:830} INFO - Processing file /home/airflow/.local/lib/python3.12/site-packages/airflow/example_dags/example_latest_only.py for tasks to queue
[2024-07-14T16:39:50.293+0000] {logging_mixin.py:188} INFO - [2024-07-14T16:39:50.292+0000] {dagbag.py:545} INFO - Filling up the DagBag from /home/airflow/.local/lib/python3.12/site-packages/airflow/example_dags/example_latest_only.py
[2024-07-14T16:39:50.305+0000] {processor.py:840} INFO - DAG(s) 'latest_only' retrieved from /home/airflow/.local/lib/python3.12/site-packages/airflow/example_dags/example_latest_only.py
[2024-07-14T16:39:50.360+0000] {logging_mixin.py:188} INFO - [2024-07-14T16:39:50.360+0000] {dag.py:3096} INFO - Sync 1 DAGs
[2024-07-14T16:39:50.431+0000] {logging_mixin.py:188} INFO - [2024-07-14T16:39:50.430+0000] {dag.py:3954} INFO - Setting next_dagrun for latest_only to 2024-07-14 12:00:00+00:00, run_after=2024-07-14 16:00:00+00:00
[2024-07-14T16:39:50.481+0000] {processor.py:183} INFO - Processing /home/airflow/.local/lib/python3.12/site-packages/airflow/example_dags/example_latest_only.py took 0.210 seconds
[2024-07-14T16:40:20.847+0000] {processor.py:161} INFO - Started process (PID=740) to work on /home/airflow/.local/lib/python3.12/site-packages/airflow/example_dags/example_latest_only.py
[2024-07-14T16:40:20.849+0000] {processor.py:830} INFO - Processing file /home/airflow/.local/lib/python3.12/site-packages/airflow/example_dags/example_latest_only.py for tasks to queue
[2024-07-14T16:40:20.851+0000] {logging_mixin.py:188} INFO - [2024-07-14T16:40:20.850+0000] {dagbag.py:545} INFO - Filling up the DagBag from /home/airflow/.local/lib/python3.12/site-packages/airflow/example_dags/example_latest_only.py
[2024-07-14T16:40:20.865+0000] {processor.py:840} INFO - DAG(s) 'latest_only' retrieved from /home/airflow/.local/lib/python3.12/site-packages/airflow/example_dags/example_latest_only.py
[2024-07-14T16:40:20.921+0000] {logging_mixin.py:188} INFO - [2024-07-14T16:40:20.921+0000] {dag.py:3096} INFO - Sync 1 DAGs
[2024-07-14T16:40:20.981+0000] {logging_mixin.py:188} INFO - [2024-07-14T16:40:20.980+0000] {dag.py:3954} INFO - Setting next_dagrun for latest_only to 2024-07-14 12:00:00+00:00, run_after=2024-07-14 16:00:00+00:00
[2024-07-14T16:40:21.023+0000] {processor.py:183} INFO - Processing /home/airflow/.local/lib/python3.12/site-packages/airflow/example_dags/example_latest_only.py took 0.193 seconds
[2024-07-14T16:40:51.779+0000] {processor.py:161} INFO - Started process (PID=799) to work on /home/airflow/.local/lib/python3.12/site-packages/airflow/example_dags/example_latest_only.py
[2024-07-14T16:40:51.786+0000] {processor.py:830} INFO - Processing file /home/airflow/.local/lib/python3.12/site-packages/airflow/example_dags/example_latest_only.py for tasks to queue
[2024-07-14T16:40:51.789+0000] {logging_mixin.py:188} INFO - [2024-07-14T16:40:51.789+0000] {dagbag.py:545} INFO - Filling up the DagBag from /home/airflow/.local/lib/python3.12/site-packages/airflow/example_dags/example_latest_only.py
[2024-07-14T16:40:51.805+0000] {processor.py:840} INFO - DAG(s) 'latest_only' retrieved from /home/airflow/.local/lib/python3.12/site-packages/airflow/example_dags/example_latest_only.py
[2024-07-14T16:40:51.874+0000] {logging_mixin.py:188} INFO - [2024-07-14T16:40:51.874+0000] {dag.py:3096} INFO - Sync 1 DAGs
[2024-07-14T16:40:51.945+0000] {logging_mixin.py:188} INFO - [2024-07-14T16:40:51.945+0000] {dag.py:3954} INFO - Setting next_dagrun for latest_only to 2024-07-14 12:00:00+00:00, run_after=2024-07-14 16:00:00+00:00
[2024-07-14T16:40:52.008+0000] {processor.py:183} INFO - Processing /home/airflow/.local/lib/python3.12/site-packages/airflow/example_dags/example_latest_only.py took 0.264 seconds
[2024-07-14T16:41:22.927+0000] {processor.py:161} INFO - Started process (PID=857) to work on /home/airflow/.local/lib/python3.12/site-packages/airflow/example_dags/example_latest_only.py
[2024-07-14T16:41:22.930+0000] {processor.py:830} INFO - Processing file /home/airflow/.local/lib/python3.12/site-packages/airflow/example_dags/example_latest_only.py for tasks to queue
[2024-07-14T16:41:22.933+0000] {logging_mixin.py:188} INFO - [2024-07-14T16:41:22.932+0000] {dagbag.py:545} INFO - Filling up the DagBag from /home/airflow/.local/lib/python3.12/site-packages/airflow/example_dags/example_latest_only.py
[2024-07-14T16:41:22.946+0000] {processor.py:840} INFO - DAG(s) 'latest_only' retrieved from /home/airflow/.local/lib/python3.12/site-packages/airflow/example_dags/example_latest_only.py
[2024-07-14T16:41:23.002+0000] {logging_mixin.py:188} INFO - [2024-07-14T16:41:23.001+0000] {dag.py:3096} INFO - Sync 1 DAGs
[2024-07-14T16:41:23.092+0000] {logging_mixin.py:188} INFO - [2024-07-14T16:41:23.092+0000] {dag.py:3954} INFO - Setting next_dagrun for latest_only to 2024-07-14 12:00:00+00:00, run_after=2024-07-14 16:00:00+00:00
[2024-07-14T16:41:23.156+0000] {processor.py:183} INFO - Processing /home/airflow/.local/lib/python3.12/site-packages/airflow/example_dags/example_latest_only.py took 0.267 seconds
[2024-07-14T16:41:53.758+0000] {processor.py:161} INFO - Started process (PID=916) to work on /home/airflow/.local/lib/python3.12/site-packages/airflow/example_dags/example_latest_only.py
[2024-07-14T16:41:53.760+0000] {processor.py:830} INFO - Processing file /home/airflow/.local/lib/python3.12/site-packages/airflow/example_dags/example_latest_only.py for tasks to queue
[2024-07-14T16:41:53.775+0000] {logging_mixin.py:188} INFO - [2024-07-14T16:41:53.764+0000] {dagbag.py:545} INFO - Filling up the DagBag from /home/airflow/.local/lib/python3.12/site-packages/airflow/example_dags/example_latest_only.py
[2024-07-14T16:41:53.785+0000] {processor.py:840} INFO - DAG(s) 'latest_only' retrieved from /home/airflow/.local/lib/python3.12/site-packages/airflow/example_dags/example_latest_only.py
[2024-07-14T16:41:53.844+0000] {logging_mixin.py:188} INFO - [2024-07-14T16:41:53.843+0000] {dag.py:3096} INFO - Sync 1 DAGs
[2024-07-14T16:41:53.903+0000] {logging_mixin.py:188} INFO - [2024-07-14T16:41:53.902+0000] {dag.py:3954} INFO - Setting next_dagrun for latest_only to 2024-07-14 12:00:00+00:00, run_after=2024-07-14 16:00:00+00:00
[2024-07-14T16:41:53.953+0000] {processor.py:183} INFO - Processing /home/airflow/.local/lib/python3.12/site-packages/airflow/example_dags/example_latest_only.py took 0.207 seconds
[2024-07-14T16:42:24.401+0000] {processor.py:161} INFO - Started process (PID=975) to work on /home/airflow/.local/lib/python3.12/site-packages/airflow/example_dags/example_latest_only.py
[2024-07-14T16:42:24.403+0000] {processor.py:830} INFO - Processing file /home/airflow/.local/lib/python3.12/site-packages/airflow/example_dags/example_latest_only.py for tasks to queue
[2024-07-14T16:42:24.405+0000] {logging_mixin.py:188} INFO - [2024-07-14T16:42:24.404+0000] {dagbag.py:545} INFO - Filling up the DagBag from /home/airflow/.local/lib/python3.12/site-packages/airflow/example_dags/example_latest_only.py
[2024-07-14T16:42:24.439+0000] {processor.py:840} INFO - DAG(s) 'latest_only' retrieved from /home/airflow/.local/lib/python3.12/site-packages/airflow/example_dags/example_latest_only.py
[2024-07-14T16:42:24.508+0000] {logging_mixin.py:188} INFO - [2024-07-14T16:42:24.507+0000] {dag.py:3096} INFO - Sync 1 DAGs
[2024-07-14T16:42:24.607+0000] {logging_mixin.py:188} INFO - [2024-07-14T16:42:24.607+0000] {dag.py:3954} INFO - Setting next_dagrun for latest_only to 2024-07-14 12:00:00+00:00, run_after=2024-07-14 16:00:00+00:00
[2024-07-14T16:42:24.650+0000] {processor.py:183} INFO - Processing /home/airflow/.local/lib/python3.12/site-packages/airflow/example_dags/example_latest_only.py took 0.263 seconds
[2024-07-14T16:42:55.019+0000] {processor.py:161} INFO - Started process (PID=1038) to work on /home/airflow/.local/lib/python3.12/site-packages/airflow/example_dags/example_latest_only.py
[2024-07-14T16:42:55.029+0000] {processor.py:830} INFO - Processing file /home/airflow/.local/lib/python3.12/site-packages/airflow/example_dags/example_latest_only.py for tasks to queue
[2024-07-14T16:42:55.031+0000] {logging_mixin.py:188} INFO - [2024-07-14T16:42:55.031+0000] {dagbag.py:545} INFO - Filling up the DagBag from /home/airflow/.local/lib/python3.12/site-packages/airflow/example_dags/example_latest_only.py
[2024-07-14T16:42:55.041+0000] {processor.py:840} INFO - DAG(s) 'latest_only' retrieved from /home/airflow/.local/lib/python3.12/site-packages/airflow/example_dags/example_latest_only.py
[2024-07-14T16:42:55.096+0000] {logging_mixin.py:188} INFO - [2024-07-14T16:42:55.096+0000] {dag.py:3096} INFO - Sync 1 DAGs
[2024-07-14T16:42:55.144+0000] {logging_mixin.py:188} INFO - [2024-07-14T16:42:55.144+0000] {dag.py:3954} INFO - Setting next_dagrun for latest_only to 2024-07-14 12:00:00+00:00, run_after=2024-07-14 16:00:00+00:00
[2024-07-14T16:42:55.198+0000] {processor.py:183} INFO - Processing /home/airflow/.local/lib/python3.12/site-packages/airflow/example_dags/example_latest_only.py took 0.190 seconds
[2024-07-14T16:43:26.085+0000] {processor.py:161} INFO - Started process (PID=1097) to work on /home/airflow/.local/lib/python3.12/site-packages/airflow/example_dags/example_latest_only.py
[2024-07-14T16:43:26.087+0000] {processor.py:830} INFO - Processing file /home/airflow/.local/lib/python3.12/site-packages/airflow/example_dags/example_latest_only.py for tasks to queue
[2024-07-14T16:43:26.088+0000] {logging_mixin.py:188} INFO - [2024-07-14T16:43:26.088+0000] {dagbag.py:545} INFO - Filling up the DagBag from /home/airflow/.local/lib/python3.12/site-packages/airflow/example_dags/example_latest_only.py
[2024-07-14T16:43:26.109+0000] {processor.py:840} INFO - DAG(s) 'latest_only' retrieved from /home/airflow/.local/lib/python3.12/site-packages/airflow/example_dags/example_latest_only.py
[2024-07-14T16:43:26.183+0000] {logging_mixin.py:188} INFO - [2024-07-14T16:43:26.183+0000] {dag.py:3096} INFO - Sync 1 DAGs
[2024-07-14T16:43:26.253+0000] {logging_mixin.py:188} INFO - [2024-07-14T16:43:26.252+0000] {dag.py:3954} INFO - Setting next_dagrun for latest_only to 2024-07-14 12:00:00+00:00, run_after=2024-07-14 16:00:00+00:00
[2024-07-14T16:43:26.329+0000] {processor.py:183} INFO - Processing /home/airflow/.local/lib/python3.12/site-packages/airflow/example_dags/example_latest_only.py took 0.274 seconds
[2024-07-14T16:43:56.843+0000] {processor.py:161} INFO - Started process (PID=1153) to work on /home/airflow/.local/lib/python3.12/site-packages/airflow/example_dags/example_latest_only.py
[2024-07-14T16:43:56.845+0000] {processor.py:830} INFO - Processing file /home/airflow/.local/lib/python3.12/site-packages/airflow/example_dags/example_latest_only.py for tasks to queue
[2024-07-14T16:43:56.847+0000] {logging_mixin.py:188} INFO - [2024-07-14T16:43:56.846+0000] {dagbag.py:545} INFO - Filling up the DagBag from /home/airflow/.local/lib/python3.12/site-packages/airflow/example_dags/example_latest_only.py
[2024-07-14T16:43:56.858+0000] {processor.py:840} INFO - DAG(s) 'latest_only' retrieved from /home/airflow/.local/lib/python3.12/site-packages/airflow/example_dags/example_latest_only.py
[2024-07-14T16:43:56.909+0000] {logging_mixin.py:188} INFO - [2024-07-14T16:43:56.908+0000] {dag.py:3096} INFO - Sync 1 DAGs
[2024-07-14T16:43:57.000+0000] {logging_mixin.py:188} INFO - [2024-07-14T16:43:56.998+0000] {dag.py:3954} INFO - Setting next_dagrun for latest_only to 2024-07-14 12:00:00+00:00, run_after=2024-07-14 16:00:00+00:00
[2024-07-14T16:43:57.057+0000] {processor.py:183} INFO - Processing /home/airflow/.local/lib/python3.12/site-packages/airflow/example_dags/example_latest_only.py took 0.226 seconds
[2024-07-14T16:44:27.228+0000] {processor.py:161} INFO - Started process (PID=1212) to work on /home/airflow/.local/lib/python3.12/site-packages/airflow/example_dags/example_latest_only.py
[2024-07-14T16:44:27.230+0000] {processor.py:830} INFO - Processing file /home/airflow/.local/lib/python3.12/site-packages/airflow/example_dags/example_latest_only.py for tasks to queue
[2024-07-14T16:44:27.232+0000] {logging_mixin.py:188} INFO - [2024-07-14T16:44:27.231+0000] {dagbag.py:545} INFO - Filling up the DagBag from /home/airflow/.local/lib/python3.12/site-packages/airflow/example_dags/example_latest_only.py
[2024-07-14T16:44:27.244+0000] {processor.py:840} INFO - DAG(s) 'latest_only' retrieved from /home/airflow/.local/lib/python3.12/site-packages/airflow/example_dags/example_latest_only.py
[2024-07-14T16:44:27.302+0000] {logging_mixin.py:188} INFO - [2024-07-14T16:44:27.301+0000] {dag.py:3096} INFO - Sync 1 DAGs
[2024-07-14T16:44:27.356+0000] {logging_mixin.py:188} INFO - [2024-07-14T16:44:27.356+0000] {dag.py:3954} INFO - Setting next_dagrun for latest_only to 2024-07-14 12:00:00+00:00, run_after=2024-07-14 16:00:00+00:00
[2024-07-14T16:44:27.408+0000] {processor.py:183} INFO - Processing /home/airflow/.local/lib/python3.12/site-packages/airflow/example_dags/example_latest_only.py took 0.197 seconds
[2024-07-14T16:44:57.784+0000] {processor.py:161} INFO - Started process (PID=1270) to work on /home/airflow/.local/lib/python3.12/site-packages/airflow/example_dags/example_latest_only.py
[2024-07-14T16:44:57.789+0000] {processor.py:830} INFO - Processing file /home/airflow/.local/lib/python3.12/site-packages/airflow/example_dags/example_latest_only.py for tasks to queue
[2024-07-14T16:44:57.791+0000] {logging_mixin.py:188} INFO - [2024-07-14T16:44:57.790+0000] {dagbag.py:545} INFO - Filling up the DagBag from /home/airflow/.local/lib/python3.12/site-packages/airflow/example_dags/example_latest_only.py
[2024-07-14T16:44:57.800+0000] {processor.py:840} INFO - DAG(s) 'latest_only' retrieved from /home/airflow/.local/lib/python3.12/site-packages/airflow/example_dags/example_latest_only.py
[2024-07-14T16:44:57.941+0000] {logging_mixin.py:188} INFO - [2024-07-14T16:44:57.940+0000] {dag.py:3096} INFO - Sync 1 DAGs
[2024-07-14T16:44:57.987+0000] {logging_mixin.py:188} INFO - [2024-07-14T16:44:57.986+0000] {dag.py:3954} INFO - Setting next_dagrun for latest_only to 2024-07-14 12:00:00+00:00, run_after=2024-07-14 16:00:00+00:00
[2024-07-14T16:44:58.020+0000] {processor.py:183} INFO - Processing /home/airflow/.local/lib/python3.12/site-packages/airflow/example_dags/example_latest_only.py took 0.254 seconds
[2024-07-14T16:45:28.502+0000] {processor.py:161} INFO - Started process (PID=1329) to work on /home/airflow/.local/lib/python3.12/site-packages/airflow/example_dags/example_latest_only.py
[2024-07-14T16:45:28.504+0000] {processor.py:830} INFO - Processing file /home/airflow/.local/lib/python3.12/site-packages/airflow/example_dags/example_latest_only.py for tasks to queue
[2024-07-14T16:45:28.506+0000] {logging_mixin.py:188} INFO - [2024-07-14T16:45:28.506+0000] {dagbag.py:545} INFO - Filling up the DagBag from /home/airflow/.local/lib/python3.12/site-packages/airflow/example_dags/example_latest_only.py
[2024-07-14T16:45:28.516+0000] {processor.py:840} INFO - DAG(s) 'latest_only' retrieved from /home/airflow/.local/lib/python3.12/site-packages/airflow/example_dags/example_latest_only.py
[2024-07-14T16:45:28.569+0000] {logging_mixin.py:188} INFO - [2024-07-14T16:45:28.568+0000] {dag.py:3096} INFO - Sync 1 DAGs
[2024-07-14T16:45:28.663+0000] {logging_mixin.py:188} INFO - [2024-07-14T16:45:28.663+0000] {dag.py:3954} INFO - Setting next_dagrun for latest_only to 2024-07-14 12:00:00+00:00, run_after=2024-07-14 16:00:00+00:00
[2024-07-14T16:45:28.716+0000] {processor.py:183} INFO - Processing /home/airflow/.local/lib/python3.12/site-packages/airflow/example_dags/example_latest_only.py took 0.226 seconds
[2024-07-14T16:45:59.014+0000] {processor.py:161} INFO - Started process (PID=1388) to work on /home/airflow/.local/lib/python3.12/site-packages/airflow/example_dags/example_latest_only.py
[2024-07-14T16:45:59.016+0000] {processor.py:830} INFO - Processing file /home/airflow/.local/lib/python3.12/site-packages/airflow/example_dags/example_latest_only.py for tasks to queue
[2024-07-14T16:45:59.018+0000] {logging_mixin.py:188} INFO - [2024-07-14T16:45:59.017+0000] {dagbag.py:545} INFO - Filling up the DagBag from /home/airflow/.local/lib/python3.12/site-packages/airflow/example_dags/example_latest_only.py
[2024-07-14T16:45:59.040+0000] {processor.py:840} INFO - DAG(s) 'latest_only' retrieved from /home/airflow/.local/lib/python3.12/site-packages/airflow/example_dags/example_latest_only.py
[2024-07-14T16:45:59.085+0000] {logging_mixin.py:188} INFO - [2024-07-14T16:45:59.084+0000] {dag.py:3096} INFO - Sync 1 DAGs
[2024-07-14T16:45:59.150+0000] {logging_mixin.py:188} INFO - [2024-07-14T16:45:59.150+0000] {dag.py:3954} INFO - Setting next_dagrun for latest_only to 2024-07-14 12:00:00+00:00, run_after=2024-07-14 16:00:00+00:00
[2024-07-14T16:45:59.215+0000] {processor.py:183} INFO - Processing /home/airflow/.local/lib/python3.12/site-packages/airflow/example_dags/example_latest_only.py took 0.212 seconds
[2024-07-14T16:46:30.193+0000] {processor.py:161} INFO - Started process (PID=1447) to work on /home/airflow/.local/lib/python3.12/site-packages/airflow/example_dags/example_latest_only.py
[2024-07-14T16:46:30.196+0000] {processor.py:830} INFO - Processing file /home/airflow/.local/lib/python3.12/site-packages/airflow/example_dags/example_latest_only.py for tasks to queue
[2024-07-14T16:46:30.199+0000] {logging_mixin.py:188} INFO - [2024-07-14T16:46:30.198+0000] {dagbag.py:545} INFO - Filling up the DagBag from /home/airflow/.local/lib/python3.12/site-packages/airflow/example_dags/example_latest_only.py
[2024-07-14T16:46:30.214+0000] {processor.py:840} INFO - DAG(s) 'latest_only' retrieved from /home/airflow/.local/lib/python3.12/site-packages/airflow/example_dags/example_latest_only.py
[2024-07-14T16:46:30.296+0000] {logging_mixin.py:188} INFO - [2024-07-14T16:46:30.296+0000] {dag.py:3096} INFO - Sync 1 DAGs
[2024-07-14T16:46:30.365+0000] {logging_mixin.py:188} INFO - [2024-07-14T16:46:30.365+0000] {dag.py:3954} INFO - Setting next_dagrun for latest_only to 2024-07-14 12:00:00+00:00, run_after=2024-07-14 16:00:00+00:00
[2024-07-14T16:46:30.408+0000] {processor.py:183} INFO - Processing /home/airflow/.local/lib/python3.12/site-packages/airflow/example_dags/example_latest_only.py took 0.242 seconds
[2024-07-14T16:47:00.562+0000] {processor.py:161} INFO - Started process (PID=1506) to work on /home/airflow/.local/lib/python3.12/site-packages/airflow/example_dags/example_latest_only.py
[2024-07-14T16:47:00.566+0000] {processor.py:830} INFO - Processing file /home/airflow/.local/lib/python3.12/site-packages/airflow/example_dags/example_latest_only.py for tasks to queue
[2024-07-14T16:47:00.569+0000] {logging_mixin.py:188} INFO - [2024-07-14T16:47:00.568+0000] {dagbag.py:545} INFO - Filling up the DagBag from /home/airflow/.local/lib/python3.12/site-packages/airflow/example_dags/example_latest_only.py
[2024-07-14T16:47:00.591+0000] {processor.py:840} INFO - DAG(s) 'latest_only' retrieved from /home/airflow/.local/lib/python3.12/site-packages/airflow/example_dags/example_latest_only.py
[2024-07-14T16:47:00.648+0000] {logging_mixin.py:188} INFO - [2024-07-14T16:47:00.648+0000] {dag.py:3096} INFO - Sync 1 DAGs
[2024-07-14T16:47:00.711+0000] {logging_mixin.py:188} INFO - [2024-07-14T16:47:00.711+0000] {dag.py:3954} INFO - Setting next_dagrun for latest_only to 2024-07-14 12:00:00+00:00, run_after=2024-07-14 16:00:00+00:00
[2024-07-14T16:47:00.993+0000] {processor.py:183} INFO - Processing /home/airflow/.local/lib/python3.12/site-packages/airflow/example_dags/example_latest_only.py took 0.446 seconds
[2024-07-14T16:47:31.110+0000] {processor.py:161} INFO - Started process (PID=1565) to work on /home/airflow/.local/lib/python3.12/site-packages/airflow/example_dags/example_latest_only.py
[2024-07-14T16:47:31.112+0000] {processor.py:830} INFO - Processing file /home/airflow/.local/lib/python3.12/site-packages/airflow/example_dags/example_latest_only.py for tasks to queue
[2024-07-14T16:47:31.113+0000] {logging_mixin.py:188} INFO - [2024-07-14T16:47:31.113+0000] {dagbag.py:545} INFO - Filling up the DagBag from /home/airflow/.local/lib/python3.12/site-packages/airflow/example_dags/example_latest_only.py
[2024-07-14T16:47:31.126+0000] {processor.py:840} INFO - DAG(s) 'latest_only' retrieved from /home/airflow/.local/lib/python3.12/site-packages/airflow/example_dags/example_latest_only.py
[2024-07-14T16:47:31.160+0000] {logging_mixin.py:188} INFO - [2024-07-14T16:47:31.160+0000] {dag.py:3096} INFO - Sync 1 DAGs
[2024-07-14T16:47:31.205+0000] {logging_mixin.py:188} INFO - [2024-07-14T16:47:31.205+0000] {dag.py:3954} INFO - Setting next_dagrun for latest_only to 2024-07-14 12:00:00+00:00, run_after=2024-07-14 16:00:00+00:00
[2024-07-14T16:47:31.248+0000] {processor.py:183} INFO - Processing /home/airflow/.local/lib/python3.12/site-packages/airflow/example_dags/example_latest_only.py took 0.146 seconds
[2024-07-14T16:48:01.688+0000] {processor.py:161} INFO - Started process (PID=1624) to work on /home/airflow/.local/lib/python3.12/site-packages/airflow/example_dags/example_latest_only.py
[2024-07-14T16:48:01.690+0000] {processor.py:830} INFO - Processing file /home/airflow/.local/lib/python3.12/site-packages/airflow/example_dags/example_latest_only.py for tasks to queue
[2024-07-14T16:48:01.692+0000] {logging_mixin.py:188} INFO - [2024-07-14T16:48:01.691+0000] {dagbag.py:545} INFO - Filling up the DagBag from /home/airflow/.local/lib/python3.12/site-packages/airflow/example_dags/example_latest_only.py
[2024-07-14T16:48:01.712+0000] {processor.py:840} INFO - DAG(s) 'latest_only' retrieved from /home/airflow/.local/lib/python3.12/site-packages/airflow/example_dags/example_latest_only.py
[2024-07-14T16:48:01.765+0000] {logging_mixin.py:188} INFO - [2024-07-14T16:48:01.764+0000] {dag.py:3096} INFO - Sync 1 DAGs
[2024-07-14T16:48:01.815+0000] {logging_mixin.py:188} INFO - [2024-07-14T16:48:01.815+0000] {dag.py:3954} INFO - Setting next_dagrun for latest_only to 2024-07-14 12:00:00+00:00, run_after=2024-07-14 16:00:00+00:00
[2024-07-14T16:48:01.861+0000] {processor.py:183} INFO - Processing /home/airflow/.local/lib/python3.12/site-packages/airflow/example_dags/example_latest_only.py took 0.194 seconds
[2024-07-14T16:48:32.275+0000] {processor.py:161} INFO - Started process (PID=1683) to work on /home/airflow/.local/lib/python3.12/site-packages/airflow/example_dags/example_latest_only.py
[2024-07-14T16:48:32.283+0000] {processor.py:830} INFO - Processing file /home/airflow/.local/lib/python3.12/site-packages/airflow/example_dags/example_latest_only.py for tasks to queue
[2024-07-14T16:48:32.286+0000] {logging_mixin.py:188} INFO - [2024-07-14T16:48:32.285+0000] {dagbag.py:545} INFO - Filling up the DagBag from /home/airflow/.local/lib/python3.12/site-packages/airflow/example_dags/example_latest_only.py
[2024-07-14T16:48:32.300+0000] {processor.py:840} INFO - DAG(s) 'latest_only' retrieved from /home/airflow/.local/lib/python3.12/site-packages/airflow/example_dags/example_latest_only.py
[2024-07-14T16:48:32.340+0000] {logging_mixin.py:188} INFO - [2024-07-14T16:48:32.340+0000] {dag.py:3096} INFO - Sync 1 DAGs
[2024-07-14T16:48:32.389+0000] {logging_mixin.py:188} INFO - [2024-07-14T16:48:32.388+0000] {dag.py:3954} INFO - Setting next_dagrun for latest_only to 2024-07-14 12:00:00+00:00, run_after=2024-07-14 16:00:00+00:00
[2024-07-14T16:48:32.436+0000] {processor.py:183} INFO - Processing /home/airflow/.local/lib/python3.12/site-packages/airflow/example_dags/example_latest_only.py took 0.175 seconds
[2024-07-14T16:49:02.864+0000] {processor.py:161} INFO - Started process (PID=1742) to work on /home/airflow/.local/lib/python3.12/site-packages/airflow/example_dags/example_latest_only.py
[2024-07-14T16:49:02.865+0000] {processor.py:830} INFO - Processing file /home/airflow/.local/lib/python3.12/site-packages/airflow/example_dags/example_latest_only.py for tasks to queue
[2024-07-14T16:49:02.874+0000] {logging_mixin.py:188} INFO - [2024-07-14T16:49:02.873+0000] {dagbag.py:545} INFO - Filling up the DagBag from /home/airflow/.local/lib/python3.12/site-packages/airflow/example_dags/example_latest_only.py
[2024-07-14T16:49:02.890+0000] {processor.py:840} INFO - DAG(s) 'latest_only' retrieved from /home/airflow/.local/lib/python3.12/site-packages/airflow/example_dags/example_latest_only.py
[2024-07-14T16:49:02.935+0000] {logging_mixin.py:188} INFO - [2024-07-14T16:49:02.935+0000] {dag.py:3096} INFO - Sync 1 DAGs
[2024-07-14T16:49:02.990+0000] {logging_mixin.py:188} INFO - [2024-07-14T16:49:02.990+0000] {dag.py:3954} INFO - Setting next_dagrun for latest_only to 2024-07-14 12:00:00+00:00, run_after=2024-07-14 16:00:00+00:00
[2024-07-14T16:49:03.032+0000] {processor.py:183} INFO - Processing /home/airflow/.local/lib/python3.12/site-packages/airflow/example_dags/example_latest_only.py took 0.179 seconds
[2024-07-14T16:49:34.500+0000] {processor.py:161} INFO - Started process (PID=1801) to work on /home/airflow/.local/lib/python3.12/site-packages/airflow/example_dags/example_latest_only.py
[2024-07-14T16:49:34.502+0000] {processor.py:830} INFO - Processing file /home/airflow/.local/lib/python3.12/site-packages/airflow/example_dags/example_latest_only.py for tasks to queue
[2024-07-14T16:49:34.504+0000] {logging_mixin.py:188} INFO - [2024-07-14T16:49:34.503+0000] {dagbag.py:545} INFO - Filling up the DagBag from /home/airflow/.local/lib/python3.12/site-packages/airflow/example_dags/example_latest_only.py
[2024-07-14T16:49:34.519+0000] {processor.py:840} INFO - DAG(s) 'latest_only' retrieved from /home/airflow/.local/lib/python3.12/site-packages/airflow/example_dags/example_latest_only.py
[2024-07-14T16:49:34.564+0000] {logging_mixin.py:188} INFO - [2024-07-14T16:49:34.563+0000] {dag.py:3096} INFO - Sync 1 DAGs
[2024-07-14T16:49:35.105+0000] {logging_mixin.py:188} INFO - [2024-07-14T16:49:35.104+0000] {dag.py:3954} INFO - Setting next_dagrun for latest_only to 2024-07-14 12:00:00+00:00, run_after=2024-07-14 16:00:00+00:00
[2024-07-14T16:49:35.204+0000] {processor.py:183} INFO - Processing /home/airflow/.local/lib/python3.12/site-packages/airflow/example_dags/example_latest_only.py took 0.716 seconds
[2024-07-14T16:50:06.234+0000] {processor.py:161} INFO - Started process (PID=1862) to work on /home/airflow/.local/lib/python3.12/site-packages/airflow/example_dags/example_latest_only.py
[2024-07-14T16:50:06.236+0000] {processor.py:830} INFO - Processing file /home/airflow/.local/lib/python3.12/site-packages/airflow/example_dags/example_latest_only.py for tasks to queue
[2024-07-14T16:50:06.238+0000] {logging_mixin.py:188} INFO - [2024-07-14T16:50:06.237+0000] {dagbag.py:545} INFO - Filling up the DagBag from /home/airflow/.local/lib/python3.12/site-packages/airflow/example_dags/example_latest_only.py
[2024-07-14T16:50:06.250+0000] {processor.py:840} INFO - DAG(s) 'latest_only' retrieved from /home/airflow/.local/lib/python3.12/site-packages/airflow/example_dags/example_latest_only.py
[2024-07-14T16:50:06.293+0000] {logging_mixin.py:188} INFO - [2024-07-14T16:50:06.293+0000] {dag.py:3096} INFO - Sync 1 DAGs
[2024-07-14T16:50:06.362+0000] {logging_mixin.py:188} INFO - [2024-07-14T16:50:06.361+0000] {dag.py:3954} INFO - Setting next_dagrun for latest_only to 2024-07-14 12:00:00+00:00, run_after=2024-07-14 16:00:00+00:00
[2024-07-14T16:50:06.406+0000] {processor.py:183} INFO - Processing /home/airflow/.local/lib/python3.12/site-packages/airflow/example_dags/example_latest_only.py took 0.186 seconds
[2024-07-14T16:50:36.506+0000] {processor.py:161} INFO - Started process (PID=1920) to work on /home/airflow/.local/lib/python3.12/site-packages/airflow/example_dags/example_latest_only.py
[2024-07-14T16:50:36.508+0000] {processor.py:830} INFO - Processing file /home/airflow/.local/lib/python3.12/site-packages/airflow/example_dags/example_latest_only.py for tasks to queue
[2024-07-14T16:50:36.510+0000] {logging_mixin.py:188} INFO - [2024-07-14T16:50:36.510+0000] {dagbag.py:545} INFO - Filling up the DagBag from /home/airflow/.local/lib/python3.12/site-packages/airflow/example_dags/example_latest_only.py
[2024-07-14T16:50:36.522+0000] {processor.py:840} INFO - DAG(s) 'latest_only' retrieved from /home/airflow/.local/lib/python3.12/site-packages/airflow/example_dags/example_latest_only.py
[2024-07-14T16:50:36.561+0000] {logging_mixin.py:188} INFO - [2024-07-14T16:50:36.561+0000] {dag.py:3096} INFO - Sync 1 DAGs
[2024-07-14T16:50:36.606+0000] {logging_mixin.py:188} INFO - [2024-07-14T16:50:36.605+0000] {dag.py:3954} INFO - Setting next_dagrun for latest_only to 2024-07-14 12:00:00+00:00, run_after=2024-07-14 16:00:00+00:00
[2024-07-14T16:50:36.647+0000] {processor.py:183} INFO - Processing /home/airflow/.local/lib/python3.12/site-packages/airflow/example_dags/example_latest_only.py took 0.151 seconds
[2024-07-14T16:51:07.512+0000] {processor.py:161} INFO - Started process (PID=1979) to work on /home/airflow/.local/lib/python3.12/site-packages/airflow/example_dags/example_latest_only.py
[2024-07-14T16:51:07.524+0000] {processor.py:830} INFO - Processing file /home/airflow/.local/lib/python3.12/site-packages/airflow/example_dags/example_latest_only.py for tasks to queue
[2024-07-14T16:51:07.526+0000] {logging_mixin.py:188} INFO - [2024-07-14T16:51:07.526+0000] {dagbag.py:545} INFO - Filling up the DagBag from /home/airflow/.local/lib/python3.12/site-packages/airflow/example_dags/example_latest_only.py
[2024-07-14T16:51:07.549+0000] {processor.py:840} INFO - DAG(s) 'latest_only' retrieved from /home/airflow/.local/lib/python3.12/site-packages/airflow/example_dags/example_latest_only.py
[2024-07-14T16:51:07.624+0000] {logging_mixin.py:188} INFO - [2024-07-14T16:51:07.624+0000] {dag.py:3096} INFO - Sync 1 DAGs
[2024-07-14T16:51:07.684+0000] {logging_mixin.py:188} INFO - [2024-07-14T16:51:07.683+0000] {dag.py:3954} INFO - Setting next_dagrun for latest_only to 2024-07-14 12:00:00+00:00, run_after=2024-07-14 16:00:00+00:00
[2024-07-14T16:51:07.751+0000] {processor.py:183} INFO - Processing /home/airflow/.local/lib/python3.12/site-packages/airflow/example_dags/example_latest_only.py took 0.259 seconds
[2024-07-14T16:51:38.131+0000] {processor.py:161} INFO - Started process (PID=2038) to work on /home/airflow/.local/lib/python3.12/site-packages/airflow/example_dags/example_latest_only.py
[2024-07-14T16:51:38.133+0000] {processor.py:830} INFO - Processing file /home/airflow/.local/lib/python3.12/site-packages/airflow/example_dags/example_latest_only.py for tasks to queue
[2024-07-14T16:51:38.135+0000] {logging_mixin.py:188} INFO - [2024-07-14T16:51:38.134+0000] {dagbag.py:545} INFO - Filling up the DagBag from /home/airflow/.local/lib/python3.12/site-packages/airflow/example_dags/example_latest_only.py
[2024-07-14T16:51:38.146+0000] {processor.py:840} INFO - DAG(s) 'latest_only' retrieved from /home/airflow/.local/lib/python3.12/site-packages/airflow/example_dags/example_latest_only.py
[2024-07-14T16:51:38.197+0000] {logging_mixin.py:188} INFO - [2024-07-14T16:51:38.197+0000] {dag.py:3096} INFO - Sync 1 DAGs
[2024-07-14T16:51:38.247+0000] {logging_mixin.py:188} INFO - [2024-07-14T16:51:38.247+0000] {dag.py:3954} INFO - Setting next_dagrun for latest_only to 2024-07-14 12:00:00+00:00, run_after=2024-07-14 16:00:00+00:00
[2024-07-14T16:51:38.292+0000] {processor.py:183} INFO - Processing /home/airflow/.local/lib/python3.12/site-packages/airflow/example_dags/example_latest_only.py took 0.183 seconds
[2024-07-14T16:56:19.932+0000] {processor.py:161} INFO - Started process (PID=100) to work on /home/airflow/.local/lib/python3.12/site-packages/airflow/example_dags/example_latest_only.py
[2024-07-14T16:56:19.937+0000] {processor.py:830} INFO - Processing file /home/airflow/.local/lib/python3.12/site-packages/airflow/example_dags/example_latest_only.py for tasks to queue
[2024-07-14T16:56:19.941+0000] {logging_mixin.py:188} INFO - [2024-07-14T16:56:19.940+0000] {dagbag.py:545} INFO - Filling up the DagBag from /home/airflow/.local/lib/python3.12/site-packages/airflow/example_dags/example_latest_only.py
[2024-07-14T16:56:20.007+0000] {processor.py:840} INFO - DAG(s) 'latest_only' retrieved from /home/airflow/.local/lib/python3.12/site-packages/airflow/example_dags/example_latest_only.py
[2024-07-14T16:56:20.463+0000] {logging_mixin.py:188} INFO - [2024-07-14T16:56:20.462+0000] {dag.py:3096} INFO - Sync 1 DAGs
[2024-07-14T16:56:20.505+0000] {logging_mixin.py:188} INFO - [2024-07-14T16:56:20.504+0000] {dag.py:3954} INFO - Setting next_dagrun for latest_only to 2024-07-14 12:00:00+00:00, run_after=2024-07-14 16:00:00+00:00
[2024-07-14T16:56:20.591+0000] {processor.py:183} INFO - Processing /home/airflow/.local/lib/python3.12/site-packages/airflow/example_dags/example_latest_only.py took 0.683 seconds
[2024-07-14T16:56:50.777+0000] {processor.py:161} INFO - Started process (PID=159) to work on /home/airflow/.local/lib/python3.12/site-packages/airflow/example_dags/example_latest_only.py
[2024-07-14T16:56:50.782+0000] {processor.py:830} INFO - Processing file /home/airflow/.local/lib/python3.12/site-packages/airflow/example_dags/example_latest_only.py for tasks to queue
[2024-07-14T16:56:50.787+0000] {logging_mixin.py:188} INFO - [2024-07-14T16:56:50.786+0000] {dagbag.py:545} INFO - Filling up the DagBag from /home/airflow/.local/lib/python3.12/site-packages/airflow/example_dags/example_latest_only.py
[2024-07-14T16:56:50.813+0000] {processor.py:840} INFO - DAG(s) 'latest_only' retrieved from /home/airflow/.local/lib/python3.12/site-packages/airflow/example_dags/example_latest_only.py
[2024-07-14T16:56:50.862+0000] {logging_mixin.py:188} INFO - [2024-07-14T16:56:50.862+0000] {dag.py:3096} INFO - Sync 1 DAGs
[2024-07-14T16:56:50.916+0000] {logging_mixin.py:188} INFO - [2024-07-14T16:56:50.916+0000] {dag.py:3954} INFO - Setting next_dagrun for latest_only to 2024-07-14 12:00:00+00:00, run_after=2024-07-14 16:00:00+00:00
[2024-07-14T16:56:50.962+0000] {processor.py:183} INFO - Processing /home/airflow/.local/lib/python3.12/site-packages/airflow/example_dags/example_latest_only.py took 0.197 seconds
