[2024-07-14T16:33:15.320+0000] {processor.py:161} INFO - Started process (PID=39) to work on /home/airflow/.local/lib/python3.12/site-packages/airflow/example_dags/example_task_group.py
[2024-07-14T16:33:15.326+0000] {processor.py:830} INFO - Processing file /home/airflow/.local/lib/python3.12/site-packages/airflow/example_dags/example_task_group.py for tasks to queue
[2024-07-14T16:33:15.331+0000] {logging_mixin.py:188} INFO - [2024-07-14T16:33:15.331+0000] {dagbag.py:545} INFO - Filling up the DagBag from /home/airflow/.local/lib/python3.12/site-packages/airflow/example_dags/example_task_group.py
[2024-07-14T16:33:15.355+0000] {processor.py:840} INFO - DAG(s) 'example_task_group' retrieved from /home/airflow/.local/lib/python3.12/site-packages/airflow/example_dags/example_task_group.py
[2024-07-14T16:33:15.683+0000] {logging_mixin.py:188} INFO - [2024-07-14T16:33:15.682+0000] {dag.py:3096} INFO - Sync 1 DAGs
[2024-07-14T16:33:15.734+0000] {logging_mixin.py:188} INFO - [2024-07-14T16:33:15.733+0000] {dag.py:3954} INFO - Setting next_dagrun for example_task_group to 2024-07-13 00:00:00+00:00, run_after=2024-07-14 00:00:00+00:00
[2024-07-14T16:33:15.778+0000] {processor.py:183} INFO - Processing /home/airflow/.local/lib/python3.12/site-packages/airflow/example_dags/example_task_group.py took 0.473 seconds
[2024-07-14T16:33:46.182+0000] {processor.py:161} INFO - Started process (PID=97) to work on /home/airflow/.local/lib/python3.12/site-packages/airflow/example_dags/example_task_group.py
[2024-07-14T16:33:46.184+0000] {processor.py:830} INFO - Processing file /home/airflow/.local/lib/python3.12/site-packages/airflow/example_dags/example_task_group.py for tasks to queue
[2024-07-14T16:33:46.188+0000] {logging_mixin.py:188} INFO - [2024-07-14T16:33:46.187+0000] {dagbag.py:545} INFO - Filling up the DagBag from /home/airflow/.local/lib/python3.12/site-packages/airflow/example_dags/example_task_group.py
[2024-07-14T16:33:46.199+0000] {processor.py:840} INFO - DAG(s) 'example_task_group' retrieved from /home/airflow/.local/lib/python3.12/site-packages/airflow/example_dags/example_task_group.py
[2024-07-14T16:33:46.246+0000] {logging_mixin.py:188} INFO - [2024-07-14T16:33:46.246+0000] {dag.py:3096} INFO - Sync 1 DAGs
[2024-07-14T16:33:46.291+0000] {logging_mixin.py:188} INFO - [2024-07-14T16:33:46.291+0000] {dag.py:3954} INFO - Setting next_dagrun for example_task_group to 2024-07-13 00:00:00+00:00, run_after=2024-07-14 00:00:00+00:00
[2024-07-14T16:33:46.334+0000] {processor.py:183} INFO - Processing /home/airflow/.local/lib/python3.12/site-packages/airflow/example_dags/example_task_group.py took 0.164 seconds
[2024-07-14T16:34:16.974+0000] {processor.py:161} INFO - Started process (PID=154) to work on /home/airflow/.local/lib/python3.12/site-packages/airflow/example_dags/example_task_group.py
[2024-07-14T16:34:16.977+0000] {processor.py:830} INFO - Processing file /home/airflow/.local/lib/python3.12/site-packages/airflow/example_dags/example_task_group.py for tasks to queue
[2024-07-14T16:34:16.981+0000] {logging_mixin.py:188} INFO - [2024-07-14T16:34:16.980+0000] {dagbag.py:545} INFO - Filling up the DagBag from /home/airflow/.local/lib/python3.12/site-packages/airflow/example_dags/example_task_group.py
[2024-07-14T16:34:16.992+0000] {processor.py:840} INFO - DAG(s) 'example_task_group' retrieved from /home/airflow/.local/lib/python3.12/site-packages/airflow/example_dags/example_task_group.py
[2024-07-14T16:34:17.045+0000] {logging_mixin.py:188} INFO - [2024-07-14T16:34:17.044+0000] {dag.py:3096} INFO - Sync 1 DAGs
[2024-07-14T16:34:17.091+0000] {logging_mixin.py:188} INFO - [2024-07-14T16:34:17.091+0000] {dag.py:3954} INFO - Setting next_dagrun for example_task_group to 2024-07-13 00:00:00+00:00, run_after=2024-07-14 00:00:00+00:00
[2024-07-14T16:34:17.131+0000] {processor.py:183} INFO - Processing /home/airflow/.local/lib/python3.12/site-packages/airflow/example_dags/example_task_group.py took 0.170 seconds
[2024-07-14T16:34:47.652+0000] {processor.py:161} INFO - Started process (PID=212) to work on /home/airflow/.local/lib/python3.12/site-packages/airflow/example_dags/example_task_group.py
[2024-07-14T16:34:47.655+0000] {processor.py:830} INFO - Processing file /home/airflow/.local/lib/python3.12/site-packages/airflow/example_dags/example_task_group.py for tasks to queue
[2024-07-14T16:34:47.658+0000] {logging_mixin.py:188} INFO - [2024-07-14T16:34:47.658+0000] {dagbag.py:545} INFO - Filling up the DagBag from /home/airflow/.local/lib/python3.12/site-packages/airflow/example_dags/example_task_group.py
[2024-07-14T16:34:47.694+0000] {processor.py:840} INFO - DAG(s) 'example_task_group' retrieved from /home/airflow/.local/lib/python3.12/site-packages/airflow/example_dags/example_task_group.py
[2024-07-14T16:34:47.765+0000] {logging_mixin.py:188} INFO - [2024-07-14T16:34:47.764+0000] {dag.py:3096} INFO - Sync 1 DAGs
[2024-07-14T16:34:47.830+0000] {logging_mixin.py:188} INFO - [2024-07-14T16:34:47.829+0000] {dag.py:3954} INFO - Setting next_dagrun for example_task_group to 2024-07-13 00:00:00+00:00, run_after=2024-07-14 00:00:00+00:00
[2024-07-14T16:34:47.884+0000] {processor.py:183} INFO - Processing /home/airflow/.local/lib/python3.12/site-packages/airflow/example_dags/example_task_group.py took 0.243 seconds
[2024-07-14T16:35:18.225+0000] {processor.py:161} INFO - Started process (PID=268) to work on /home/airflow/.local/lib/python3.12/site-packages/airflow/example_dags/example_task_group.py
[2024-07-14T16:35:18.228+0000] {processor.py:830} INFO - Processing file /home/airflow/.local/lib/python3.12/site-packages/airflow/example_dags/example_task_group.py for tasks to queue
[2024-07-14T16:35:18.231+0000] {logging_mixin.py:188} INFO - [2024-07-14T16:35:18.231+0000] {dagbag.py:545} INFO - Filling up the DagBag from /home/airflow/.local/lib/python3.12/site-packages/airflow/example_dags/example_task_group.py
[2024-07-14T16:35:18.244+0000] {processor.py:840} INFO - DAG(s) 'example_task_group' retrieved from /home/airflow/.local/lib/python3.12/site-packages/airflow/example_dags/example_task_group.py
[2024-07-14T16:35:18.293+0000] {logging_mixin.py:188} INFO - [2024-07-14T16:35:18.292+0000] {dag.py:3096} INFO - Sync 1 DAGs
[2024-07-14T16:35:18.346+0000] {logging_mixin.py:188} INFO - [2024-07-14T16:35:18.346+0000] {dag.py:3954} INFO - Setting next_dagrun for example_task_group to 2024-07-13 00:00:00+00:00, run_after=2024-07-14 00:00:00+00:00
[2024-07-14T16:35:18.395+0000] {processor.py:183} INFO - Processing /home/airflow/.local/lib/python3.12/site-packages/airflow/example_dags/example_task_group.py took 0.186 seconds
[2024-07-14T16:35:48.892+0000] {processor.py:161} INFO - Started process (PID=326) to work on /home/airflow/.local/lib/python3.12/site-packages/airflow/example_dags/example_task_group.py
[2024-07-14T16:35:48.894+0000] {processor.py:830} INFO - Processing file /home/airflow/.local/lib/python3.12/site-packages/airflow/example_dags/example_task_group.py for tasks to queue
[2024-07-14T16:35:48.897+0000] {logging_mixin.py:188} INFO - [2024-07-14T16:35:48.897+0000] {dagbag.py:545} INFO - Filling up the DagBag from /home/airflow/.local/lib/python3.12/site-packages/airflow/example_dags/example_task_group.py
[2024-07-14T16:35:48.911+0000] {processor.py:840} INFO - DAG(s) 'example_task_group' retrieved from /home/airflow/.local/lib/python3.12/site-packages/airflow/example_dags/example_task_group.py
[2024-07-14T16:35:49.053+0000] {logging_mixin.py:188} INFO - [2024-07-14T16:35:49.050+0000] {dag.py:3096} INFO - Sync 1 DAGs
[2024-07-14T16:35:49.120+0000] {logging_mixin.py:188} INFO - [2024-07-14T16:35:49.119+0000] {dag.py:3954} INFO - Setting next_dagrun for example_task_group to 2024-07-13 00:00:00+00:00, run_after=2024-07-14 00:00:00+00:00
[2024-07-14T16:35:49.189+0000] {processor.py:183} INFO - Processing /home/airflow/.local/lib/python3.12/site-packages/airflow/example_dags/example_task_group.py took 0.306 seconds
[2024-07-14T16:36:19.418+0000] {processor.py:161} INFO - Started process (PID=384) to work on /home/airflow/.local/lib/python3.12/site-packages/airflow/example_dags/example_task_group.py
[2024-07-14T16:36:19.428+0000] {processor.py:830} INFO - Processing file /home/airflow/.local/lib/python3.12/site-packages/airflow/example_dags/example_task_group.py for tasks to queue
[2024-07-14T16:36:19.431+0000] {logging_mixin.py:188} INFO - [2024-07-14T16:36:19.431+0000] {dagbag.py:545} INFO - Filling up the DagBag from /home/airflow/.local/lib/python3.12/site-packages/airflow/example_dags/example_task_group.py
[2024-07-14T16:36:19.442+0000] {processor.py:840} INFO - DAG(s) 'example_task_group' retrieved from /home/airflow/.local/lib/python3.12/site-packages/airflow/example_dags/example_task_group.py
[2024-07-14T16:36:19.485+0000] {logging_mixin.py:188} INFO - [2024-07-14T16:36:19.484+0000] {dag.py:3096} INFO - Sync 1 DAGs
[2024-07-14T16:36:19.530+0000] {logging_mixin.py:188} INFO - [2024-07-14T16:36:19.530+0000] {dag.py:3954} INFO - Setting next_dagrun for example_task_group to 2024-07-13 00:00:00+00:00, run_after=2024-07-14 00:00:00+00:00
[2024-07-14T16:36:19.561+0000] {processor.py:183} INFO - Processing /home/airflow/.local/lib/python3.12/site-packages/airflow/example_dags/example_task_group.py took 0.156 seconds
[2024-07-14T16:36:50.422+0000] {processor.py:161} INFO - Started process (PID=442) to work on /home/airflow/.local/lib/python3.12/site-packages/airflow/example_dags/example_task_group.py
[2024-07-14T16:36:50.424+0000] {processor.py:830} INFO - Processing file /home/airflow/.local/lib/python3.12/site-packages/airflow/example_dags/example_task_group.py for tasks to queue
[2024-07-14T16:36:50.428+0000] {logging_mixin.py:188} INFO - [2024-07-14T16:36:50.427+0000] {dagbag.py:545} INFO - Filling up the DagBag from /home/airflow/.local/lib/python3.12/site-packages/airflow/example_dags/example_task_group.py
[2024-07-14T16:36:50.439+0000] {processor.py:840} INFO - DAG(s) 'example_task_group' retrieved from /home/airflow/.local/lib/python3.12/site-packages/airflow/example_dags/example_task_group.py
[2024-07-14T16:36:50.479+0000] {logging_mixin.py:188} INFO - [2024-07-14T16:36:50.479+0000] {dag.py:3096} INFO - Sync 1 DAGs
[2024-07-14T16:36:50.512+0000] {logging_mixin.py:188} INFO - [2024-07-14T16:36:50.512+0000] {dag.py:3954} INFO - Setting next_dagrun for example_task_group to 2024-07-13 00:00:00+00:00, run_after=2024-07-14 00:00:00+00:00
[2024-07-14T16:36:50.545+0000] {processor.py:183} INFO - Processing /home/airflow/.local/lib/python3.12/site-packages/airflow/example_dags/example_task_group.py took 0.136 seconds
[2024-07-14T16:37:21.505+0000] {processor.py:161} INFO - Started process (PID=499) to work on /home/airflow/.local/lib/python3.12/site-packages/airflow/example_dags/example_task_group.py
[2024-07-14T16:37:21.507+0000] {processor.py:830} INFO - Processing file /home/airflow/.local/lib/python3.12/site-packages/airflow/example_dags/example_task_group.py for tasks to queue
[2024-07-14T16:37:21.511+0000] {logging_mixin.py:188} INFO - [2024-07-14T16:37:21.510+0000] {dagbag.py:545} INFO - Filling up the DagBag from /home/airflow/.local/lib/python3.12/site-packages/airflow/example_dags/example_task_group.py
[2024-07-14T16:37:21.532+0000] {processor.py:840} INFO - DAG(s) 'example_task_group' retrieved from /home/airflow/.local/lib/python3.12/site-packages/airflow/example_dags/example_task_group.py
[2024-07-14T16:37:21.589+0000] {logging_mixin.py:188} INFO - [2024-07-14T16:37:21.588+0000] {dag.py:3096} INFO - Sync 1 DAGs
[2024-07-14T16:37:21.642+0000] {logging_mixin.py:188} INFO - [2024-07-14T16:37:21.641+0000] {dag.py:3954} INFO - Setting next_dagrun for example_task_group to 2024-07-13 00:00:00+00:00, run_after=2024-07-14 00:00:00+00:00
[2024-07-14T16:37:21.762+0000] {processor.py:183} INFO - Processing /home/airflow/.local/lib/python3.12/site-packages/airflow/example_dags/example_task_group.py took 0.269 seconds
[2024-07-14T16:37:58.299+0000] {processor.py:161} INFO - Started process (PID=557) to work on /home/airflow/.local/lib/python3.12/site-packages/airflow/example_dags/example_task_group.py
[2024-07-14T16:37:58.340+0000] {processor.py:830} INFO - Processing file /home/airflow/.local/lib/python3.12/site-packages/airflow/example_dags/example_task_group.py for tasks to queue
[2024-07-14T16:37:58.392+0000] {logging_mixin.py:188} INFO - [2024-07-14T16:37:58.392+0000] {dagbag.py:545} INFO - Filling up the DagBag from /home/airflow/.local/lib/python3.12/site-packages/airflow/example_dags/example_task_group.py
[2024-07-14T16:37:58.527+0000] {processor.py:840} INFO - DAG(s) 'example_task_group' retrieved from /home/airflow/.local/lib/python3.12/site-packages/airflow/example_dags/example_task_group.py
[2024-07-14T16:37:59.713+0000] {logging_mixin.py:188} INFO - [2024-07-14T16:37:59.712+0000] {dag.py:3096} INFO - Sync 1 DAGs
[2024-07-14T16:38:00.082+0000] {logging_mixin.py:188} INFO - [2024-07-14T16:38:00.082+0000] {dag.py:3954} INFO - Setting next_dagrun for example_task_group to 2024-07-13 00:00:00+00:00, run_after=2024-07-14 00:00:00+00:00
[2024-07-14T16:38:00.482+0000] {processor.py:183} INFO - Processing /home/airflow/.local/lib/python3.12/site-packages/airflow/example_dags/example_task_group.py took 2.662 seconds
[2024-07-14T16:38:50.797+0000] {processor.py:161} INFO - Started process (PID=587) to work on /home/airflow/.local/lib/python3.12/site-packages/airflow/example_dags/example_task_group.py
[2024-07-14T16:38:50.835+0000] {processor.py:830} INFO - Processing file /home/airflow/.local/lib/python3.12/site-packages/airflow/example_dags/example_task_group.py for tasks to queue
[2024-07-14T16:38:50.959+0000] {logging_mixin.py:188} INFO - [2024-07-14T16:38:50.840+0000] {dagbag.py:545} INFO - Filling up the DagBag from /home/airflow/.local/lib/python3.12/site-packages/airflow/example_dags/example_task_group.py
[2024-07-14T16:38:51.999+0000] {processor.py:840} INFO - DAG(s) 'example_task_group' retrieved from /home/airflow/.local/lib/python3.12/site-packages/airflow/example_dags/example_task_group.py
[2024-07-14T16:38:52.372+0000] {logging_mixin.py:188} INFO - [2024-07-14T16:38:52.371+0000] {dag.py:3096} INFO - Sync 1 DAGs
[2024-07-14T16:38:52.724+0000] {logging_mixin.py:188} INFO - [2024-07-14T16:38:52.723+0000] {dag.py:3954} INFO - Setting next_dagrun for example_task_group to 2024-07-13 00:00:00+00:00, run_after=2024-07-14 00:00:00+00:00
[2024-07-14T16:38:53.588+0000] {processor.py:183} INFO - Processing /home/airflow/.local/lib/python3.12/site-packages/airflow/example_dags/example_task_group.py took 3.640 seconds
[2024-07-14T16:39:24.181+0000] {processor.py:161} INFO - Started process (PID=650) to work on /home/airflow/.local/lib/python3.12/site-packages/airflow/example_dags/example_task_group.py
[2024-07-14T16:39:24.185+0000] {processor.py:830} INFO - Processing file /home/airflow/.local/lib/python3.12/site-packages/airflow/example_dags/example_task_group.py for tasks to queue
[2024-07-14T16:39:24.188+0000] {logging_mixin.py:188} INFO - [2024-07-14T16:39:24.187+0000] {dagbag.py:545} INFO - Filling up the DagBag from /home/airflow/.local/lib/python3.12/site-packages/airflow/example_dags/example_task_group.py
[2024-07-14T16:39:24.239+0000] {processor.py:840} INFO - DAG(s) 'example_task_group' retrieved from /home/airflow/.local/lib/python3.12/site-packages/airflow/example_dags/example_task_group.py
[2024-07-14T16:39:24.334+0000] {logging_mixin.py:188} INFO - [2024-07-14T16:39:24.333+0000] {dag.py:3096} INFO - Sync 1 DAGs
[2024-07-14T16:39:24.411+0000] {logging_mixin.py:188} INFO - [2024-07-14T16:39:24.411+0000] {dag.py:3954} INFO - Setting next_dagrun for example_task_group to 2024-07-13 00:00:00+00:00, run_after=2024-07-14 00:00:00+00:00
[2024-07-14T16:39:24.519+0000] {processor.py:183} INFO - Processing /home/airflow/.local/lib/python3.12/site-packages/airflow/example_dags/example_task_group.py took 0.376 seconds
[2024-07-14T16:39:54.623+0000] {processor.py:161} INFO - Started process (PID=701) to work on /home/airflow/.local/lib/python3.12/site-packages/airflow/example_dags/example_task_group.py
[2024-07-14T16:39:54.626+0000] {processor.py:830} INFO - Processing file /home/airflow/.local/lib/python3.12/site-packages/airflow/example_dags/example_task_group.py for tasks to queue
[2024-07-14T16:39:54.629+0000] {logging_mixin.py:188} INFO - [2024-07-14T16:39:54.628+0000] {dagbag.py:545} INFO - Filling up the DagBag from /home/airflow/.local/lib/python3.12/site-packages/airflow/example_dags/example_task_group.py
[2024-07-14T16:39:54.645+0000] {processor.py:840} INFO - DAG(s) 'example_task_group' retrieved from /home/airflow/.local/lib/python3.12/site-packages/airflow/example_dags/example_task_group.py
[2024-07-14T16:39:54.697+0000] {logging_mixin.py:188} INFO - [2024-07-14T16:39:54.697+0000] {dag.py:3096} INFO - Sync 1 DAGs
[2024-07-14T16:39:54.753+0000] {logging_mixin.py:188} INFO - [2024-07-14T16:39:54.752+0000] {dag.py:3954} INFO - Setting next_dagrun for example_task_group to 2024-07-13 00:00:00+00:00, run_after=2024-07-14 00:00:00+00:00
[2024-07-14T16:39:54.807+0000] {processor.py:183} INFO - Processing /home/airflow/.local/lib/python3.12/site-packages/airflow/example_dags/example_task_group.py took 0.196 seconds
[2024-07-14T16:40:25.109+0000] {processor.py:161} INFO - Started process (PID=757) to work on /home/airflow/.local/lib/python3.12/site-packages/airflow/example_dags/example_task_group.py
[2024-07-14T16:40:25.111+0000] {processor.py:830} INFO - Processing file /home/airflow/.local/lib/python3.12/site-packages/airflow/example_dags/example_task_group.py for tasks to queue
[2024-07-14T16:40:25.124+0000] {logging_mixin.py:188} INFO - [2024-07-14T16:40:25.123+0000] {dagbag.py:545} INFO - Filling up the DagBag from /home/airflow/.local/lib/python3.12/site-packages/airflow/example_dags/example_task_group.py
[2024-07-14T16:40:25.141+0000] {processor.py:840} INFO - DAG(s) 'example_task_group' retrieved from /home/airflow/.local/lib/python3.12/site-packages/airflow/example_dags/example_task_group.py
[2024-07-14T16:40:25.184+0000] {logging_mixin.py:188} INFO - [2024-07-14T16:40:25.183+0000] {dag.py:3096} INFO - Sync 1 DAGs
[2024-07-14T16:40:25.236+0000] {logging_mixin.py:188} INFO - [2024-07-14T16:40:25.236+0000] {dag.py:3954} INFO - Setting next_dagrun for example_task_group to 2024-07-13 00:00:00+00:00, run_after=2024-07-14 00:00:00+00:00
[2024-07-14T16:40:25.282+0000] {processor.py:183} INFO - Processing /home/airflow/.local/lib/python3.12/site-packages/airflow/example_dags/example_task_group.py took 0.183 seconds
[2024-07-14T16:40:55.537+0000] {processor.py:161} INFO - Started process (PID=815) to work on /home/airflow/.local/lib/python3.12/site-packages/airflow/example_dags/example_task_group.py
[2024-07-14T16:40:55.540+0000] {processor.py:830} INFO - Processing file /home/airflow/.local/lib/python3.12/site-packages/airflow/example_dags/example_task_group.py for tasks to queue
[2024-07-14T16:40:55.542+0000] {logging_mixin.py:188} INFO - [2024-07-14T16:40:55.541+0000] {dagbag.py:545} INFO - Filling up the DagBag from /home/airflow/.local/lib/python3.12/site-packages/airflow/example_dags/example_task_group.py
[2024-07-14T16:40:55.558+0000] {processor.py:840} INFO - DAG(s) 'example_task_group' retrieved from /home/airflow/.local/lib/python3.12/site-packages/airflow/example_dags/example_task_group.py
[2024-07-14T16:40:55.626+0000] {logging_mixin.py:188} INFO - [2024-07-14T16:40:55.625+0000] {dag.py:3096} INFO - Sync 1 DAGs
[2024-07-14T16:40:55.822+0000] {logging_mixin.py:188} INFO - [2024-07-14T16:40:55.822+0000] {dag.py:3954} INFO - Setting next_dagrun for example_task_group to 2024-07-13 00:00:00+00:00, run_after=2024-07-14 00:00:00+00:00
[2024-07-14T16:40:55.872+0000] {processor.py:183} INFO - Processing /home/airflow/.local/lib/python3.12/site-packages/airflow/example_dags/example_task_group.py took 0.362 seconds
[2024-07-14T16:41:26.332+0000] {processor.py:161} INFO - Started process (PID=874) to work on /home/airflow/.local/lib/python3.12/site-packages/airflow/example_dags/example_task_group.py
[2024-07-14T16:41:26.343+0000] {processor.py:830} INFO - Processing file /home/airflow/.local/lib/python3.12/site-packages/airflow/example_dags/example_task_group.py for tasks to queue
[2024-07-14T16:41:26.346+0000] {logging_mixin.py:188} INFO - [2024-07-14T16:41:26.345+0000] {dagbag.py:545} INFO - Filling up the DagBag from /home/airflow/.local/lib/python3.12/site-packages/airflow/example_dags/example_task_group.py
[2024-07-14T16:41:26.392+0000] {processor.py:840} INFO - DAG(s) 'example_task_group' retrieved from /home/airflow/.local/lib/python3.12/site-packages/airflow/example_dags/example_task_group.py
[2024-07-14T16:41:26.488+0000] {logging_mixin.py:188} INFO - [2024-07-14T16:41:26.488+0000] {dag.py:3096} INFO - Sync 1 DAGs
[2024-07-14T16:41:26.561+0000] {logging_mixin.py:188} INFO - [2024-07-14T16:41:26.561+0000] {dag.py:3954} INFO - Setting next_dagrun for example_task_group to 2024-07-13 00:00:00+00:00, run_after=2024-07-14 00:00:00+00:00
[2024-07-14T16:41:26.626+0000] {processor.py:183} INFO - Processing /home/airflow/.local/lib/python3.12/site-packages/airflow/example_dags/example_task_group.py took 0.319 seconds
[2024-07-14T16:41:57.072+0000] {processor.py:161} INFO - Started process (PID=933) to work on /home/airflow/.local/lib/python3.12/site-packages/airflow/example_dags/example_task_group.py
[2024-07-14T16:41:57.077+0000] {processor.py:830} INFO - Processing file /home/airflow/.local/lib/python3.12/site-packages/airflow/example_dags/example_task_group.py for tasks to queue
[2024-07-14T16:41:57.080+0000] {logging_mixin.py:188} INFO - [2024-07-14T16:41:57.079+0000] {dagbag.py:545} INFO - Filling up the DagBag from /home/airflow/.local/lib/python3.12/site-packages/airflow/example_dags/example_task_group.py
[2024-07-14T16:41:57.096+0000] {processor.py:840} INFO - DAG(s) 'example_task_group' retrieved from /home/airflow/.local/lib/python3.12/site-packages/airflow/example_dags/example_task_group.py
[2024-07-14T16:41:57.165+0000] {logging_mixin.py:188} INFO - [2024-07-14T16:41:57.164+0000] {dag.py:3096} INFO - Sync 1 DAGs
[2024-07-14T16:41:57.237+0000] {logging_mixin.py:188} INFO - [2024-07-14T16:41:57.236+0000] {dag.py:3954} INFO - Setting next_dagrun for example_task_group to 2024-07-13 00:00:00+00:00, run_after=2024-07-14 00:00:00+00:00
[2024-07-14T16:41:57.283+0000] {processor.py:183} INFO - Processing /home/airflow/.local/lib/python3.12/site-packages/airflow/example_dags/example_task_group.py took 0.229 seconds
[2024-07-14T16:42:27.716+0000] {processor.py:161} INFO - Started process (PID=991) to work on /home/airflow/.local/lib/python3.12/site-packages/airflow/example_dags/example_task_group.py
[2024-07-14T16:42:27.718+0000] {processor.py:830} INFO - Processing file /home/airflow/.local/lib/python3.12/site-packages/airflow/example_dags/example_task_group.py for tasks to queue
[2024-07-14T16:42:27.724+0000] {logging_mixin.py:188} INFO - [2024-07-14T16:42:27.723+0000] {dagbag.py:545} INFO - Filling up the DagBag from /home/airflow/.local/lib/python3.12/site-packages/airflow/example_dags/example_task_group.py
[2024-07-14T16:42:27.740+0000] {processor.py:840} INFO - DAG(s) 'example_task_group' retrieved from /home/airflow/.local/lib/python3.12/site-packages/airflow/example_dags/example_task_group.py
[2024-07-14T16:42:27.798+0000] {logging_mixin.py:188} INFO - [2024-07-14T16:42:27.798+0000] {dag.py:3096} INFO - Sync 1 DAGs
[2024-07-14T16:42:27.872+0000] {logging_mixin.py:188} INFO - [2024-07-14T16:42:27.872+0000] {dag.py:3954} INFO - Setting next_dagrun for example_task_group to 2024-07-13 00:00:00+00:00, run_after=2024-07-14 00:00:00+00:00
[2024-07-14T16:42:27.937+0000] {processor.py:183} INFO - Processing /home/airflow/.local/lib/python3.12/site-packages/airflow/example_dags/example_task_group.py took 0.235 seconds
[2024-07-14T16:42:58.379+0000] {processor.py:161} INFO - Started process (PID=1050) to work on /home/airflow/.local/lib/python3.12/site-packages/airflow/example_dags/example_task_group.py
[2024-07-14T16:42:58.381+0000] {processor.py:830} INFO - Processing file /home/airflow/.local/lib/python3.12/site-packages/airflow/example_dags/example_task_group.py for tasks to queue
[2024-07-14T16:42:58.383+0000] {logging_mixin.py:188} INFO - [2024-07-14T16:42:58.382+0000] {dagbag.py:545} INFO - Filling up the DagBag from /home/airflow/.local/lib/python3.12/site-packages/airflow/example_dags/example_task_group.py
[2024-07-14T16:42:58.402+0000] {processor.py:840} INFO - DAG(s) 'example_task_group' retrieved from /home/airflow/.local/lib/python3.12/site-packages/airflow/example_dags/example_task_group.py
[2024-07-14T16:42:58.455+0000] {logging_mixin.py:188} INFO - [2024-07-14T16:42:58.454+0000] {dag.py:3096} INFO - Sync 1 DAGs
[2024-07-14T16:42:58.530+0000] {logging_mixin.py:188} INFO - [2024-07-14T16:42:58.530+0000] {dag.py:3954} INFO - Setting next_dagrun for example_task_group to 2024-07-13 00:00:00+00:00, run_after=2024-07-14 00:00:00+00:00
[2024-07-14T16:42:58.582+0000] {processor.py:183} INFO - Processing /home/airflow/.local/lib/python3.12/site-packages/airflow/example_dags/example_task_group.py took 0.234 seconds
[2024-07-14T16:43:28.799+0000] {processor.py:161} INFO - Started process (PID=1109) to work on /home/airflow/.local/lib/python3.12/site-packages/airflow/example_dags/example_task_group.py
[2024-07-14T16:43:28.800+0000] {processor.py:830} INFO - Processing file /home/airflow/.local/lib/python3.12/site-packages/airflow/example_dags/example_task_group.py for tasks to queue
[2024-07-14T16:43:28.802+0000] {logging_mixin.py:188} INFO - [2024-07-14T16:43:28.801+0000] {dagbag.py:545} INFO - Filling up the DagBag from /home/airflow/.local/lib/python3.12/site-packages/airflow/example_dags/example_task_group.py
[2024-07-14T16:43:28.819+0000] {processor.py:840} INFO - DAG(s) 'example_task_group' retrieved from /home/airflow/.local/lib/python3.12/site-packages/airflow/example_dags/example_task_group.py
[2024-07-14T16:43:28.888+0000] {logging_mixin.py:188} INFO - [2024-07-14T16:43:28.888+0000] {dag.py:3096} INFO - Sync 1 DAGs
[2024-07-14T16:43:28.951+0000] {logging_mixin.py:188} INFO - [2024-07-14T16:43:28.951+0000] {dag.py:3954} INFO - Setting next_dagrun for example_task_group to 2024-07-13 00:00:00+00:00, run_after=2024-07-14 00:00:00+00:00
[2024-07-14T16:43:29.002+0000] {processor.py:183} INFO - Processing /home/airflow/.local/lib/python3.12/site-packages/airflow/example_dags/example_task_group.py took 0.214 seconds
[2024-07-14T16:43:59.446+0000] {processor.py:161} INFO - Started process (PID=1167) to work on /home/airflow/.local/lib/python3.12/site-packages/airflow/example_dags/example_task_group.py
[2024-07-14T16:43:59.448+0000] {processor.py:830} INFO - Processing file /home/airflow/.local/lib/python3.12/site-packages/airflow/example_dags/example_task_group.py for tasks to queue
[2024-07-14T16:43:59.451+0000] {logging_mixin.py:188} INFO - [2024-07-14T16:43:59.450+0000] {dagbag.py:545} INFO - Filling up the DagBag from /home/airflow/.local/lib/python3.12/site-packages/airflow/example_dags/example_task_group.py
[2024-07-14T16:43:59.472+0000] {processor.py:840} INFO - DAG(s) 'example_task_group' retrieved from /home/airflow/.local/lib/python3.12/site-packages/airflow/example_dags/example_task_group.py
[2024-07-14T16:43:59.541+0000] {logging_mixin.py:188} INFO - [2024-07-14T16:43:59.541+0000] {dag.py:3096} INFO - Sync 1 DAGs
[2024-07-14T16:43:59.607+0000] {logging_mixin.py:188} INFO - [2024-07-14T16:43:59.606+0000] {dag.py:3954} INFO - Setting next_dagrun for example_task_group to 2024-07-13 00:00:00+00:00, run_after=2024-07-14 00:00:00+00:00
[2024-07-14T16:43:59.649+0000] {processor.py:183} INFO - Processing /home/airflow/.local/lib/python3.12/site-packages/airflow/example_dags/example_task_group.py took 0.220 seconds
[2024-07-14T16:44:29.997+0000] {processor.py:161} INFO - Started process (PID=1225) to work on /home/airflow/.local/lib/python3.12/site-packages/airflow/example_dags/example_task_group.py
[2024-07-14T16:44:30.000+0000] {processor.py:830} INFO - Processing file /home/airflow/.local/lib/python3.12/site-packages/airflow/example_dags/example_task_group.py for tasks to queue
[2024-07-14T16:44:30.002+0000] {logging_mixin.py:188} INFO - [2024-07-14T16:44:30.001+0000] {dagbag.py:545} INFO - Filling up the DagBag from /home/airflow/.local/lib/python3.12/site-packages/airflow/example_dags/example_task_group.py
[2024-07-14T16:44:30.018+0000] {processor.py:840} INFO - DAG(s) 'example_task_group' retrieved from /home/airflow/.local/lib/python3.12/site-packages/airflow/example_dags/example_task_group.py
[2024-07-14T16:44:30.079+0000] {logging_mixin.py:188} INFO - [2024-07-14T16:44:30.078+0000] {dag.py:3096} INFO - Sync 1 DAGs
[2024-07-14T16:44:30.137+0000] {logging_mixin.py:188} INFO - [2024-07-14T16:44:30.136+0000] {dag.py:3954} INFO - Setting next_dagrun for example_task_group to 2024-07-13 00:00:00+00:00, run_after=2024-07-14 00:00:00+00:00
[2024-07-14T16:44:30.188+0000] {processor.py:183} INFO - Processing /home/airflow/.local/lib/python3.12/site-packages/airflow/example_dags/example_task_group.py took 0.200 seconds
[2024-07-14T16:45:00.810+0000] {processor.py:161} INFO - Started process (PID=1281) to work on /home/airflow/.local/lib/python3.12/site-packages/airflow/example_dags/example_task_group.py
[2024-07-14T16:45:00.812+0000] {processor.py:830} INFO - Processing file /home/airflow/.local/lib/python3.12/site-packages/airflow/example_dags/example_task_group.py for tasks to queue
[2024-07-14T16:45:00.813+0000] {logging_mixin.py:188} INFO - [2024-07-14T16:45:00.813+0000] {dagbag.py:545} INFO - Filling up the DagBag from /home/airflow/.local/lib/python3.12/site-packages/airflow/example_dags/example_task_group.py
[2024-07-14T16:45:00.835+0000] {processor.py:840} INFO - DAG(s) 'example_task_group' retrieved from /home/airflow/.local/lib/python3.12/site-packages/airflow/example_dags/example_task_group.py
[2024-07-14T16:45:00.888+0000] {logging_mixin.py:188} INFO - [2024-07-14T16:45:00.887+0000] {dag.py:3096} INFO - Sync 1 DAGs
[2024-07-14T16:45:00.963+0000] {logging_mixin.py:188} INFO - [2024-07-14T16:45:00.963+0000] {dag.py:3954} INFO - Setting next_dagrun for example_task_group to 2024-07-13 00:00:00+00:00, run_after=2024-07-14 00:00:00+00:00
[2024-07-14T16:45:01.148+0000] {processor.py:183} INFO - Processing /home/airflow/.local/lib/python3.12/site-packages/airflow/example_dags/example_task_group.py took 0.347 seconds
[2024-07-14T16:45:31.444+0000] {processor.py:161} INFO - Started process (PID=1340) to work on /home/airflow/.local/lib/python3.12/site-packages/airflow/example_dags/example_task_group.py
[2024-07-14T16:45:31.445+0000] {processor.py:830} INFO - Processing file /home/airflow/.local/lib/python3.12/site-packages/airflow/example_dags/example_task_group.py for tasks to queue
[2024-07-14T16:45:31.447+0000] {logging_mixin.py:188} INFO - [2024-07-14T16:45:31.447+0000] {dagbag.py:545} INFO - Filling up the DagBag from /home/airflow/.local/lib/python3.12/site-packages/airflow/example_dags/example_task_group.py
[2024-07-14T16:45:31.463+0000] {processor.py:840} INFO - DAG(s) 'example_task_group' retrieved from /home/airflow/.local/lib/python3.12/site-packages/airflow/example_dags/example_task_group.py
[2024-07-14T16:45:31.515+0000] {logging_mixin.py:188} INFO - [2024-07-14T16:45:31.514+0000] {dag.py:3096} INFO - Sync 1 DAGs
[2024-07-14T16:45:31.564+0000] {logging_mixin.py:188} INFO - [2024-07-14T16:45:31.564+0000] {dag.py:3954} INFO - Setting next_dagrun for example_task_group to 2024-07-13 00:00:00+00:00, run_after=2024-07-14 00:00:00+00:00
[2024-07-14T16:45:31.601+0000] {processor.py:183} INFO - Processing /home/airflow/.local/lib/python3.12/site-packages/airflow/example_dags/example_task_group.py took 0.168 seconds
[2024-07-14T16:46:01.995+0000] {processor.py:161} INFO - Started process (PID=1399) to work on /home/airflow/.local/lib/python3.12/site-packages/airflow/example_dags/example_task_group.py
[2024-07-14T16:46:01.997+0000] {processor.py:830} INFO - Processing file /home/airflow/.local/lib/python3.12/site-packages/airflow/example_dags/example_task_group.py for tasks to queue
[2024-07-14T16:46:01.999+0000] {logging_mixin.py:188} INFO - [2024-07-14T16:46:01.999+0000] {dagbag.py:545} INFO - Filling up the DagBag from /home/airflow/.local/lib/python3.12/site-packages/airflow/example_dags/example_task_group.py
[2024-07-14T16:46:02.013+0000] {processor.py:840} INFO - DAG(s) 'example_task_group' retrieved from /home/airflow/.local/lib/python3.12/site-packages/airflow/example_dags/example_task_group.py
[2024-07-14T16:46:02.066+0000] {logging_mixin.py:188} INFO - [2024-07-14T16:46:02.065+0000] {dag.py:3096} INFO - Sync 1 DAGs
[2024-07-14T16:46:02.121+0000] {logging_mixin.py:188} INFO - [2024-07-14T16:46:02.121+0000] {dag.py:3954} INFO - Setting next_dagrun for example_task_group to 2024-07-13 00:00:00+00:00, run_after=2024-07-14 00:00:00+00:00
[2024-07-14T16:46:02.165+0000] {processor.py:183} INFO - Processing /home/airflow/.local/lib/python3.12/site-packages/airflow/example_dags/example_task_group.py took 0.183 seconds
[2024-07-14T16:46:32.409+0000] {processor.py:161} INFO - Started process (PID=1458) to work on /home/airflow/.local/lib/python3.12/site-packages/airflow/example_dags/example_task_group.py
[2024-07-14T16:46:32.410+0000] {processor.py:830} INFO - Processing file /home/airflow/.local/lib/python3.12/site-packages/airflow/example_dags/example_task_group.py for tasks to queue
[2024-07-14T16:46:32.412+0000] {logging_mixin.py:188} INFO - [2024-07-14T16:46:32.412+0000] {dagbag.py:545} INFO - Filling up the DagBag from /home/airflow/.local/lib/python3.12/site-packages/airflow/example_dags/example_task_group.py
[2024-07-14T16:46:32.432+0000] {processor.py:840} INFO - DAG(s) 'example_task_group' retrieved from /home/airflow/.local/lib/python3.12/site-packages/airflow/example_dags/example_task_group.py
[2024-07-14T16:46:32.507+0000] {logging_mixin.py:188} INFO - [2024-07-14T16:46:32.507+0000] {dag.py:3096} INFO - Sync 1 DAGs
[2024-07-14T16:46:32.588+0000] {logging_mixin.py:188} INFO - [2024-07-14T16:46:32.587+0000] {dag.py:3954} INFO - Setting next_dagrun for example_task_group to 2024-07-13 00:00:00+00:00, run_after=2024-07-14 00:00:00+00:00
[2024-07-14T16:46:32.735+0000] {processor.py:183} INFO - Processing /home/airflow/.local/lib/python3.12/site-packages/airflow/example_dags/example_task_group.py took 0.338 seconds
[2024-07-14T16:47:03.037+0000] {processor.py:161} INFO - Started process (PID=1517) to work on /home/airflow/.local/lib/python3.12/site-packages/airflow/example_dags/example_task_group.py
[2024-07-14T16:47:03.040+0000] {processor.py:830} INFO - Processing file /home/airflow/.local/lib/python3.12/site-packages/airflow/example_dags/example_task_group.py for tasks to queue
[2024-07-14T16:47:03.042+0000] {logging_mixin.py:188} INFO - [2024-07-14T16:47:03.041+0000] {dagbag.py:545} INFO - Filling up the DagBag from /home/airflow/.local/lib/python3.12/site-packages/airflow/example_dags/example_task_group.py
[2024-07-14T16:47:03.061+0000] {processor.py:840} INFO - DAG(s) 'example_task_group' retrieved from /home/airflow/.local/lib/python3.12/site-packages/airflow/example_dags/example_task_group.py
[2024-07-14T16:47:03.155+0000] {logging_mixin.py:188} INFO - [2024-07-14T16:47:03.154+0000] {dag.py:3096} INFO - Sync 1 DAGs
[2024-07-14T16:47:03.234+0000] {logging_mixin.py:188} INFO - [2024-07-14T16:47:03.232+0000] {dag.py:3954} INFO - Setting next_dagrun for example_task_group to 2024-07-13 00:00:00+00:00, run_after=2024-07-14 00:00:00+00:00
[2024-07-14T16:47:03.292+0000] {processor.py:183} INFO - Processing /home/airflow/.local/lib/python3.12/site-packages/airflow/example_dags/example_task_group.py took 0.281 seconds
[2024-07-14T16:47:34.050+0000] {processor.py:161} INFO - Started process (PID=1576) to work on /home/airflow/.local/lib/python3.12/site-packages/airflow/example_dags/example_task_group.py
[2024-07-14T16:47:34.054+0000] {processor.py:830} INFO - Processing file /home/airflow/.local/lib/python3.12/site-packages/airflow/example_dags/example_task_group.py for tasks to queue
[2024-07-14T16:47:34.057+0000] {logging_mixin.py:188} INFO - [2024-07-14T16:47:34.056+0000] {dagbag.py:545} INFO - Filling up the DagBag from /home/airflow/.local/lib/python3.12/site-packages/airflow/example_dags/example_task_group.py
[2024-07-14T16:47:34.082+0000] {processor.py:840} INFO - DAG(s) 'example_task_group' retrieved from /home/airflow/.local/lib/python3.12/site-packages/airflow/example_dags/example_task_group.py
[2024-07-14T16:47:34.128+0000] {logging_mixin.py:188} INFO - [2024-07-14T16:47:34.126+0000] {dag.py:3096} INFO - Sync 1 DAGs
[2024-07-14T16:47:34.178+0000] {logging_mixin.py:188} INFO - [2024-07-14T16:47:34.177+0000] {dag.py:3954} INFO - Setting next_dagrun for example_task_group to 2024-07-13 00:00:00+00:00, run_after=2024-07-14 00:00:00+00:00
[2024-07-14T16:47:34.485+0000] {processor.py:183} INFO - Processing /home/airflow/.local/lib/python3.12/site-packages/airflow/example_dags/example_task_group.py took 0.445 seconds
[2024-07-14T16:48:04.590+0000] {processor.py:161} INFO - Started process (PID=1635) to work on /home/airflow/.local/lib/python3.12/site-packages/airflow/example_dags/example_task_group.py
[2024-07-14T16:48:04.592+0000] {processor.py:830} INFO - Processing file /home/airflow/.local/lib/python3.12/site-packages/airflow/example_dags/example_task_group.py for tasks to queue
[2024-07-14T16:48:04.594+0000] {logging_mixin.py:188} INFO - [2024-07-14T16:48:04.594+0000] {dagbag.py:545} INFO - Filling up the DagBag from /home/airflow/.local/lib/python3.12/site-packages/airflow/example_dags/example_task_group.py
[2024-07-14T16:48:04.612+0000] {processor.py:840} INFO - DAG(s) 'example_task_group' retrieved from /home/airflow/.local/lib/python3.12/site-packages/airflow/example_dags/example_task_group.py
[2024-07-14T16:48:04.664+0000] {logging_mixin.py:188} INFO - [2024-07-14T16:48:04.664+0000] {dag.py:3096} INFO - Sync 1 DAGs
[2024-07-14T16:48:04.711+0000] {logging_mixin.py:188} INFO - [2024-07-14T16:48:04.710+0000] {dag.py:3954} INFO - Setting next_dagrun for example_task_group to 2024-07-13 00:00:00+00:00, run_after=2024-07-14 00:00:00+00:00
[2024-07-14T16:48:04.751+0000] {processor.py:183} INFO - Processing /home/airflow/.local/lib/python3.12/site-packages/airflow/example_dags/example_task_group.py took 0.185 seconds
[2024-07-14T16:48:35.437+0000] {processor.py:161} INFO - Started process (PID=1694) to work on /home/airflow/.local/lib/python3.12/site-packages/airflow/example_dags/example_task_group.py
[2024-07-14T16:48:35.439+0000] {processor.py:830} INFO - Processing file /home/airflow/.local/lib/python3.12/site-packages/airflow/example_dags/example_task_group.py for tasks to queue
[2024-07-14T16:48:35.441+0000] {logging_mixin.py:188} INFO - [2024-07-14T16:48:35.441+0000] {dagbag.py:545} INFO - Filling up the DagBag from /home/airflow/.local/lib/python3.12/site-packages/airflow/example_dags/example_task_group.py
[2024-07-14T16:48:35.463+0000] {processor.py:840} INFO - DAG(s) 'example_task_group' retrieved from /home/airflow/.local/lib/python3.12/site-packages/airflow/example_dags/example_task_group.py
[2024-07-14T16:48:35.516+0000] {logging_mixin.py:188} INFO - [2024-07-14T16:48:35.516+0000] {dag.py:3096} INFO - Sync 1 DAGs
[2024-07-14T16:48:35.563+0000] {logging_mixin.py:188} INFO - [2024-07-14T16:48:35.563+0000] {dag.py:3954} INFO - Setting next_dagrun for example_task_group to 2024-07-13 00:00:00+00:00, run_after=2024-07-14 00:00:00+00:00
[2024-07-14T16:48:35.605+0000] {processor.py:183} INFO - Processing /home/airflow/.local/lib/python3.12/site-packages/airflow/example_dags/example_task_group.py took 0.184 seconds
[2024-07-14T16:49:05.855+0000] {processor.py:161} INFO - Started process (PID=1753) to work on /home/airflow/.local/lib/python3.12/site-packages/airflow/example_dags/example_task_group.py
[2024-07-14T16:49:05.857+0000] {processor.py:830} INFO - Processing file /home/airflow/.local/lib/python3.12/site-packages/airflow/example_dags/example_task_group.py for tasks to queue
[2024-07-14T16:49:05.858+0000] {logging_mixin.py:188} INFO - [2024-07-14T16:49:05.858+0000] {dagbag.py:545} INFO - Filling up the DagBag from /home/airflow/.local/lib/python3.12/site-packages/airflow/example_dags/example_task_group.py
[2024-07-14T16:49:05.874+0000] {processor.py:840} INFO - DAG(s) 'example_task_group' retrieved from /home/airflow/.local/lib/python3.12/site-packages/airflow/example_dags/example_task_group.py
[2024-07-14T16:49:05.930+0000] {logging_mixin.py:188} INFO - [2024-07-14T16:49:05.929+0000] {dag.py:3096} INFO - Sync 1 DAGs
[2024-07-14T16:49:05.984+0000] {logging_mixin.py:188} INFO - [2024-07-14T16:49:05.983+0000] {dag.py:3954} INFO - Setting next_dagrun for example_task_group to 2024-07-13 00:00:00+00:00, run_after=2024-07-14 00:00:00+00:00
[2024-07-14T16:49:06.034+0000] {processor.py:183} INFO - Processing /home/airflow/.local/lib/python3.12/site-packages/airflow/example_dags/example_task_group.py took 0.193 seconds
[2024-07-14T16:49:37.545+0000] {processor.py:161} INFO - Started process (PID=1812) to work on /home/airflow/.local/lib/python3.12/site-packages/airflow/example_dags/example_task_group.py
[2024-07-14T16:49:37.547+0000] {processor.py:830} INFO - Processing file /home/airflow/.local/lib/python3.12/site-packages/airflow/example_dags/example_task_group.py for tasks to queue
[2024-07-14T16:49:37.548+0000] {logging_mixin.py:188} INFO - [2024-07-14T16:49:37.548+0000] {dagbag.py:545} INFO - Filling up the DagBag from /home/airflow/.local/lib/python3.12/site-packages/airflow/example_dags/example_task_group.py
[2024-07-14T16:49:37.562+0000] {processor.py:840} INFO - DAG(s) 'example_task_group' retrieved from /home/airflow/.local/lib/python3.12/site-packages/airflow/example_dags/example_task_group.py
[2024-07-14T16:49:37.606+0000] {logging_mixin.py:188} INFO - [2024-07-14T16:49:37.606+0000] {dag.py:3096} INFO - Sync 1 DAGs
[2024-07-14T16:49:37.955+0000] {logging_mixin.py:188} INFO - [2024-07-14T16:49:37.955+0000] {dag.py:3954} INFO - Setting next_dagrun for example_task_group to 2024-07-13 00:00:00+00:00, run_after=2024-07-14 00:00:00+00:00
[2024-07-14T16:49:38.000+0000] {processor.py:183} INFO - Processing /home/airflow/.local/lib/python3.12/site-packages/airflow/example_dags/example_task_group.py took 0.468 seconds
[2024-07-14T16:50:08.706+0000] {processor.py:161} INFO - Started process (PID=1871) to work on /home/airflow/.local/lib/python3.12/site-packages/airflow/example_dags/example_task_group.py
[2024-07-14T16:50:08.708+0000] {processor.py:830} INFO - Processing file /home/airflow/.local/lib/python3.12/site-packages/airflow/example_dags/example_task_group.py for tasks to queue
[2024-07-14T16:50:08.711+0000] {logging_mixin.py:188} INFO - [2024-07-14T16:50:08.710+0000] {dagbag.py:545} INFO - Filling up the DagBag from /home/airflow/.local/lib/python3.12/site-packages/airflow/example_dags/example_task_group.py
[2024-07-14T16:50:08.761+0000] {processor.py:840} INFO - DAG(s) 'example_task_group' retrieved from /home/airflow/.local/lib/python3.12/site-packages/airflow/example_dags/example_task_group.py
[2024-07-14T16:50:08.900+0000] {logging_mixin.py:188} INFO - [2024-07-14T16:50:08.899+0000] {dag.py:3096} INFO - Sync 1 DAGs
[2024-07-14T16:50:09.014+0000] {logging_mixin.py:188} INFO - [2024-07-14T16:50:09.014+0000] {dag.py:3954} INFO - Setting next_dagrun for example_task_group to 2024-07-13 00:00:00+00:00, run_after=2024-07-14 00:00:00+00:00
[2024-07-14T16:50:09.507+0000] {processor.py:183} INFO - Processing /home/airflow/.local/lib/python3.12/site-packages/airflow/example_dags/example_task_group.py took 0.817 seconds
[2024-07-14T16:50:40.271+0000] {processor.py:161} INFO - Started process (PID=1929) to work on /home/airflow/.local/lib/python3.12/site-packages/airflow/example_dags/example_task_group.py
[2024-07-14T16:50:40.275+0000] {processor.py:830} INFO - Processing file /home/airflow/.local/lib/python3.12/site-packages/airflow/example_dags/example_task_group.py for tasks to queue
[2024-07-14T16:50:40.279+0000] {logging_mixin.py:188} INFO - [2024-07-14T16:50:40.278+0000] {dagbag.py:545} INFO - Filling up the DagBag from /home/airflow/.local/lib/python3.12/site-packages/airflow/example_dags/example_task_group.py
[2024-07-14T16:50:40.297+0000] {processor.py:840} INFO - DAG(s) 'example_task_group' retrieved from /home/airflow/.local/lib/python3.12/site-packages/airflow/example_dags/example_task_group.py
[2024-07-14T16:50:40.347+0000] {logging_mixin.py:188} INFO - [2024-07-14T16:50:40.346+0000] {dag.py:3096} INFO - Sync 1 DAGs
[2024-07-14T16:50:40.403+0000] {logging_mixin.py:188} INFO - [2024-07-14T16:50:40.403+0000] {dag.py:3954} INFO - Setting next_dagrun for example_task_group to 2024-07-13 00:00:00+00:00, run_after=2024-07-14 00:00:00+00:00
[2024-07-14T16:50:40.456+0000] {processor.py:183} INFO - Processing /home/airflow/.local/lib/python3.12/site-packages/airflow/example_dags/example_task_group.py took 0.203 seconds
[2024-07-14T16:51:11.249+0000] {processor.py:161} INFO - Started process (PID=1987) to work on /home/airflow/.local/lib/python3.12/site-packages/airflow/example_dags/example_task_group.py
[2024-07-14T16:51:11.250+0000] {processor.py:830} INFO - Processing file /home/airflow/.local/lib/python3.12/site-packages/airflow/example_dags/example_task_group.py for tasks to queue
[2024-07-14T16:51:11.252+0000] {logging_mixin.py:188} INFO - [2024-07-14T16:51:11.252+0000] {dagbag.py:545} INFO - Filling up the DagBag from /home/airflow/.local/lib/python3.12/site-packages/airflow/example_dags/example_task_group.py
[2024-07-14T16:51:11.280+0000] {processor.py:840} INFO - DAG(s) 'example_task_group' retrieved from /home/airflow/.local/lib/python3.12/site-packages/airflow/example_dags/example_task_group.py
[2024-07-14T16:51:11.344+0000] {logging_mixin.py:188} INFO - [2024-07-14T16:51:11.344+0000] {dag.py:3096} INFO - Sync 1 DAGs
[2024-07-14T16:51:11.422+0000] {logging_mixin.py:188} INFO - [2024-07-14T16:51:11.422+0000] {dag.py:3954} INFO - Setting next_dagrun for example_task_group to 2024-07-13 00:00:00+00:00, run_after=2024-07-14 00:00:00+00:00
[2024-07-14T16:51:11.488+0000] {processor.py:183} INFO - Processing /home/airflow/.local/lib/python3.12/site-packages/airflow/example_dags/example_task_group.py took 0.253 seconds
[2024-07-14T16:51:41.948+0000] {processor.py:161} INFO - Started process (PID=2046) to work on /home/airflow/.local/lib/python3.12/site-packages/airflow/example_dags/example_task_group.py
[2024-07-14T16:51:41.972+0000] {processor.py:830} INFO - Processing file /home/airflow/.local/lib/python3.12/site-packages/airflow/example_dags/example_task_group.py for tasks to queue
[2024-07-14T16:51:42.008+0000] {logging_mixin.py:188} INFO - [2024-07-14T16:51:41.974+0000] {dagbag.py:545} INFO - Filling up the DagBag from /home/airflow/.local/lib/python3.12/site-packages/airflow/example_dags/example_task_group.py
[2024-07-14T16:51:42.041+0000] {processor.py:840} INFO - DAG(s) 'example_task_group' retrieved from /home/airflow/.local/lib/python3.12/site-packages/airflow/example_dags/example_task_group.py
[2024-07-14T16:51:42.098+0000] {logging_mixin.py:188} INFO - [2024-07-14T16:51:42.098+0000] {dag.py:3096} INFO - Sync 1 DAGs
[2024-07-14T16:51:42.156+0000] {logging_mixin.py:188} INFO - [2024-07-14T16:51:42.155+0000] {dag.py:3954} INFO - Setting next_dagrun for example_task_group to 2024-07-13 00:00:00+00:00, run_after=2024-07-14 00:00:00+00:00
[2024-07-14T16:51:42.197+0000] {processor.py:183} INFO - Processing /home/airflow/.local/lib/python3.12/site-packages/airflow/example_dags/example_task_group.py took 0.313 seconds
[2024-07-14T16:55:06.821+0000] {processor.py:161} INFO - Started process (PID=47) to work on /home/airflow/.local/lib/python3.12/site-packages/airflow/example_dags/example_task_group.py
[2024-07-14T16:55:06.824+0000] {processor.py:830} INFO - Processing file /home/airflow/.local/lib/python3.12/site-packages/airflow/example_dags/example_task_group.py for tasks to queue
[2024-07-14T16:55:06.829+0000] {logging_mixin.py:188} INFO - [2024-07-14T16:55:06.828+0000] {dagbag.py:545} INFO - Filling up the DagBag from /home/airflow/.local/lib/python3.12/site-packages/airflow/example_dags/example_task_group.py
[2024-07-14T16:55:06.918+0000] {processor.py:840} INFO - DAG(s) 'example_task_group' retrieved from /home/airflow/.local/lib/python3.12/site-packages/airflow/example_dags/example_task_group.py
[2024-07-14T16:55:08.646+0000] {logging_mixin.py:188} INFO - [2024-07-14T16:55:08.645+0000] {dag.py:3096} INFO - Sync 1 DAGs
[2024-07-14T16:55:08.839+0000] {logging_mixin.py:188} INFO - [2024-07-14T16:55:08.839+0000] {dag.py:3954} INFO - Setting next_dagrun for example_task_group to 2024-07-13 00:00:00+00:00, run_after=2024-07-14 00:00:00+00:00
[2024-07-14T16:55:08.995+0000] {processor.py:183} INFO - Processing /home/airflow/.local/lib/python3.12/site-packages/airflow/example_dags/example_task_group.py took 2.336 seconds
[2024-07-14T16:56:23.848+0000] {processor.py:161} INFO - Started process (PID=112) to work on /home/airflow/.local/lib/python3.12/site-packages/airflow/example_dags/example_task_group.py
[2024-07-14T16:56:23.857+0000] {processor.py:830} INFO - Processing file /home/airflow/.local/lib/python3.12/site-packages/airflow/example_dags/example_task_group.py for tasks to queue
[2024-07-14T16:56:23.862+0000] {logging_mixin.py:188} INFO - [2024-07-14T16:56:23.861+0000] {dagbag.py:545} INFO - Filling up the DagBag from /home/airflow/.local/lib/python3.12/site-packages/airflow/example_dags/example_task_group.py
[2024-07-14T16:56:23.876+0000] {processor.py:840} INFO - DAG(s) 'example_task_group' retrieved from /home/airflow/.local/lib/python3.12/site-packages/airflow/example_dags/example_task_group.py
[2024-07-14T16:56:23.960+0000] {logging_mixin.py:188} INFO - [2024-07-14T16:56:23.960+0000] {dag.py:3096} INFO - Sync 1 DAGs
[2024-07-14T16:56:24.034+0000] {logging_mixin.py:188} INFO - [2024-07-14T16:56:24.033+0000] {dag.py:3954} INFO - Setting next_dagrun for example_task_group to 2024-07-13 00:00:00+00:00, run_after=2024-07-14 00:00:00+00:00
[2024-07-14T16:56:24.094+0000] {processor.py:183} INFO - Processing /home/airflow/.local/lib/python3.12/site-packages/airflow/example_dags/example_task_group.py took 0.260 seconds
[2024-07-14T16:56:54.622+0000] {processor.py:161} INFO - Started process (PID=169) to work on /home/airflow/.local/lib/python3.12/site-packages/airflow/example_dags/example_task_group.py
[2024-07-14T16:56:54.627+0000] {processor.py:830} INFO - Processing file /home/airflow/.local/lib/python3.12/site-packages/airflow/example_dags/example_task_group.py for tasks to queue
[2024-07-14T16:56:54.631+0000] {logging_mixin.py:188} INFO - [2024-07-14T16:56:54.631+0000] {dagbag.py:545} INFO - Filling up the DagBag from /home/airflow/.local/lib/python3.12/site-packages/airflow/example_dags/example_task_group.py
[2024-07-14T16:56:54.664+0000] {processor.py:840} INFO - DAG(s) 'example_task_group' retrieved from /home/airflow/.local/lib/python3.12/site-packages/airflow/example_dags/example_task_group.py
[2024-07-14T16:56:54.770+0000] {logging_mixin.py:188} INFO - [2024-07-14T16:56:54.769+0000] {dag.py:3096} INFO - Sync 1 DAGs
[2024-07-14T16:56:54.914+0000] {logging_mixin.py:188} INFO - [2024-07-14T16:56:54.914+0000] {dag.py:3954} INFO - Setting next_dagrun for example_task_group to 2024-07-13 00:00:00+00:00, run_after=2024-07-14 00:00:00+00:00
[2024-07-14T16:56:54.982+0000] {processor.py:183} INFO - Processing /home/airflow/.local/lib/python3.12/site-packages/airflow/example_dags/example_task_group.py took 0.384 seconds
