[2024-07-14T16:33:19.841+0000] {processor.py:161} INFO - Started process (PID=48) to work on /home/airflow/.local/lib/python3.12/site-packages/airflow/example_dags/example_params_trigger_ui.py
[2024-07-14T16:33:19.846+0000] {processor.py:830} INFO - Processing file /home/airflow/.local/lib/python3.12/site-packages/airflow/example_dags/example_params_trigger_ui.py for tasks to queue
[2024-07-14T16:33:19.856+0000] {logging_mixin.py:188} INFO - [2024-07-14T16:33:19.855+0000] {dagbag.py:545} INFO - Filling up the DagBag from /home/airflow/.local/lib/python3.12/site-packages/airflow/example_dags/example_params_trigger_ui.py
[2024-07-14T16:33:20.035+0000] {processor.py:840} INFO - DAG(s) 'example_params_trigger_ui' retrieved from /home/airflow/.local/lib/python3.12/site-packages/airflow/example_dags/example_params_trigger_ui.py
[2024-07-14T16:33:21.913+0000] {logging_mixin.py:188} INFO - [2024-07-14T16:33:21.913+0000] {dag.py:3096} INFO - Sync 1 DAGs
[2024-07-14T16:33:22.039+0000] {logging_mixin.py:188} INFO - [2024-07-14T16:33:22.039+0000] {dag.py:3954} INFO - Setting next_dagrun for example_params_trigger_ui to None, run_after=None
[2024-07-14T16:33:22.209+0000] {processor.py:183} INFO - Processing /home/airflow/.local/lib/python3.12/site-packages/airflow/example_dags/example_params_trigger_ui.py took 2.465 seconds
[2024-07-14T16:33:53.603+0000] {processor.py:161} INFO - Started process (PID=106) to work on /home/airflow/.local/lib/python3.12/site-packages/airflow/example_dags/example_params_trigger_ui.py
[2024-07-14T16:33:53.622+0000] {processor.py:830} INFO - Processing file /home/airflow/.local/lib/python3.12/site-packages/airflow/example_dags/example_params_trigger_ui.py for tasks to queue
[2024-07-14T16:33:53.639+0000] {logging_mixin.py:188} INFO - [2024-07-14T16:33:53.639+0000] {dagbag.py:545} INFO - Filling up the DagBag from /home/airflow/.local/lib/python3.12/site-packages/airflow/example_dags/example_params_trigger_ui.py
[2024-07-14T16:33:53.794+0000] {processor.py:840} INFO - DAG(s) 'example_params_trigger_ui' retrieved from /home/airflow/.local/lib/python3.12/site-packages/airflow/example_dags/example_params_trigger_ui.py
[2024-07-14T16:33:54.119+0000] {logging_mixin.py:188} INFO - [2024-07-14T16:33:54.117+0000] {dag.py:3096} INFO - Sync 1 DAGs
[2024-07-14T16:33:54.247+0000] {logging_mixin.py:188} INFO - [2024-07-14T16:33:54.247+0000] {dag.py:3954} INFO - Setting next_dagrun for example_params_trigger_ui to None, run_after=None
[2024-07-14T16:33:54.455+0000] {processor.py:183} INFO - Processing /home/airflow/.local/lib/python3.12/site-packages/airflow/example_dags/example_params_trigger_ui.py took 1.052 seconds
[2024-07-14T16:34:24.990+0000] {processor.py:161} INFO - Started process (PID=163) to work on /home/airflow/.local/lib/python3.12/site-packages/airflow/example_dags/example_params_trigger_ui.py
[2024-07-14T16:34:24.992+0000] {processor.py:830} INFO - Processing file /home/airflow/.local/lib/python3.12/site-packages/airflow/example_dags/example_params_trigger_ui.py for tasks to queue
[2024-07-14T16:34:24.995+0000] {logging_mixin.py:188} INFO - [2024-07-14T16:34:24.995+0000] {dagbag.py:545} INFO - Filling up the DagBag from /home/airflow/.local/lib/python3.12/site-packages/airflow/example_dags/example_params_trigger_ui.py
[2024-07-14T16:34:25.031+0000] {processor.py:840} INFO - DAG(s) 'example_params_trigger_ui' retrieved from /home/airflow/.local/lib/python3.12/site-packages/airflow/example_dags/example_params_trigger_ui.py
[2024-07-14T16:34:25.134+0000] {logging_mixin.py:188} INFO - [2024-07-14T16:34:25.134+0000] {dag.py:3096} INFO - Sync 1 DAGs
[2024-07-14T16:34:25.157+0000] {logging_mixin.py:188} INFO - [2024-07-14T16:34:25.157+0000] {dag.py:3954} INFO - Setting next_dagrun for example_params_trigger_ui to None, run_after=None
[2024-07-14T16:34:25.194+0000] {processor.py:183} INFO - Processing /home/airflow/.local/lib/python3.12/site-packages/airflow/example_dags/example_params_trigger_ui.py took 0.214 seconds
[2024-07-14T16:34:55.358+0000] {processor.py:161} INFO - Started process (PID=221) to work on /home/airflow/.local/lib/python3.12/site-packages/airflow/example_dags/example_params_trigger_ui.py
[2024-07-14T16:34:55.361+0000] {processor.py:830} INFO - Processing file /home/airflow/.local/lib/python3.12/site-packages/airflow/example_dags/example_params_trigger_ui.py for tasks to queue
[2024-07-14T16:34:55.365+0000] {logging_mixin.py:188} INFO - [2024-07-14T16:34:55.364+0000] {dagbag.py:545} INFO - Filling up the DagBag from /home/airflow/.local/lib/python3.12/site-packages/airflow/example_dags/example_params_trigger_ui.py
[2024-07-14T16:34:55.392+0000] {processor.py:840} INFO - DAG(s) 'example_params_trigger_ui' retrieved from /home/airflow/.local/lib/python3.12/site-packages/airflow/example_dags/example_params_trigger_ui.py
[2024-07-14T16:34:55.488+0000] {logging_mixin.py:188} INFO - [2024-07-14T16:34:55.487+0000] {dag.py:3096} INFO - Sync 1 DAGs
[2024-07-14T16:34:55.509+0000] {logging_mixin.py:188} INFO - [2024-07-14T16:34:55.508+0000] {dag.py:3954} INFO - Setting next_dagrun for example_params_trigger_ui to None, run_after=None
[2024-07-14T16:34:55.547+0000] {processor.py:183} INFO - Processing /home/airflow/.local/lib/python3.12/site-packages/airflow/example_dags/example_params_trigger_ui.py took 0.198 seconds
[2024-07-14T16:35:25.656+0000] {processor.py:161} INFO - Started process (PID=279) to work on /home/airflow/.local/lib/python3.12/site-packages/airflow/example_dags/example_params_trigger_ui.py
[2024-07-14T16:35:25.658+0000] {processor.py:830} INFO - Processing file /home/airflow/.local/lib/python3.12/site-packages/airflow/example_dags/example_params_trigger_ui.py for tasks to queue
[2024-07-14T16:35:25.671+0000] {logging_mixin.py:188} INFO - [2024-07-14T16:35:25.670+0000] {dagbag.py:545} INFO - Filling up the DagBag from /home/airflow/.local/lib/python3.12/site-packages/airflow/example_dags/example_params_trigger_ui.py
[2024-07-14T16:35:25.729+0000] {processor.py:840} INFO - DAG(s) 'example_params_trigger_ui' retrieved from /home/airflow/.local/lib/python3.12/site-packages/airflow/example_dags/example_params_trigger_ui.py
[2024-07-14T16:35:25.886+0000] {logging_mixin.py:188} INFO - [2024-07-14T16:35:25.886+0000] {dag.py:3096} INFO - Sync 1 DAGs
[2024-07-14T16:35:25.920+0000] {logging_mixin.py:188} INFO - [2024-07-14T16:35:25.919+0000] {dag.py:3954} INFO - Setting next_dagrun for example_params_trigger_ui to None, run_after=None
[2024-07-14T16:35:25.980+0000] {processor.py:183} INFO - Processing /home/airflow/.local/lib/python3.12/site-packages/airflow/example_dags/example_params_trigger_ui.py took 0.337 seconds
[2024-07-14T16:35:56.120+0000] {processor.py:161} INFO - Started process (PID=337) to work on /home/airflow/.local/lib/python3.12/site-packages/airflow/example_dags/example_params_trigger_ui.py
[2024-07-14T16:35:56.122+0000] {processor.py:830} INFO - Processing file /home/airflow/.local/lib/python3.12/site-packages/airflow/example_dags/example_params_trigger_ui.py for tasks to queue
[2024-07-14T16:35:56.126+0000] {logging_mixin.py:188} INFO - [2024-07-14T16:35:56.125+0000] {dagbag.py:545} INFO - Filling up the DagBag from /home/airflow/.local/lib/python3.12/site-packages/airflow/example_dags/example_params_trigger_ui.py
[2024-07-14T16:35:56.147+0000] {processor.py:840} INFO - DAG(s) 'example_params_trigger_ui' retrieved from /home/airflow/.local/lib/python3.12/site-packages/airflow/example_dags/example_params_trigger_ui.py
[2024-07-14T16:35:56.229+0000] {logging_mixin.py:188} INFO - [2024-07-14T16:35:56.229+0000] {dag.py:3096} INFO - Sync 1 DAGs
[2024-07-14T16:35:56.248+0000] {logging_mixin.py:188} INFO - [2024-07-14T16:35:56.248+0000] {dag.py:3954} INFO - Setting next_dagrun for example_params_trigger_ui to None, run_after=None
[2024-07-14T16:35:56.288+0000] {processor.py:183} INFO - Processing /home/airflow/.local/lib/python3.12/site-packages/airflow/example_dags/example_params_trigger_ui.py took 0.181 seconds
[2024-07-14T16:36:26.496+0000] {processor.py:161} INFO - Started process (PID=395) to work on /home/airflow/.local/lib/python3.12/site-packages/airflow/example_dags/example_params_trigger_ui.py
[2024-07-14T16:36:26.498+0000] {processor.py:830} INFO - Processing file /home/airflow/.local/lib/python3.12/site-packages/airflow/example_dags/example_params_trigger_ui.py for tasks to queue
[2024-07-14T16:36:26.502+0000] {logging_mixin.py:188} INFO - [2024-07-14T16:36:26.501+0000] {dagbag.py:545} INFO - Filling up the DagBag from /home/airflow/.local/lib/python3.12/site-packages/airflow/example_dags/example_params_trigger_ui.py
[2024-07-14T16:36:26.529+0000] {processor.py:840} INFO - DAG(s) 'example_params_trigger_ui' retrieved from /home/airflow/.local/lib/python3.12/site-packages/airflow/example_dags/example_params_trigger_ui.py
[2024-07-14T16:36:26.628+0000] {logging_mixin.py:188} INFO - [2024-07-14T16:36:26.627+0000] {dag.py:3096} INFO - Sync 1 DAGs
[2024-07-14T16:36:26.650+0000] {logging_mixin.py:188} INFO - [2024-07-14T16:36:26.650+0000] {dag.py:3954} INFO - Setting next_dagrun for example_params_trigger_ui to None, run_after=None
[2024-07-14T16:36:26.689+0000] {processor.py:183} INFO - Processing /home/airflow/.local/lib/python3.12/site-packages/airflow/example_dags/example_params_trigger_ui.py took 0.206 seconds
[2024-07-14T16:36:56.916+0000] {processor.py:161} INFO - Started process (PID=453) to work on /home/airflow/.local/lib/python3.12/site-packages/airflow/example_dags/example_params_trigger_ui.py
[2024-07-14T16:36:56.922+0000] {processor.py:830} INFO - Processing file /home/airflow/.local/lib/python3.12/site-packages/airflow/example_dags/example_params_trigger_ui.py for tasks to queue
[2024-07-14T16:36:56.929+0000] {logging_mixin.py:188} INFO - [2024-07-14T16:36:56.928+0000] {dagbag.py:545} INFO - Filling up the DagBag from /home/airflow/.local/lib/python3.12/site-packages/airflow/example_dags/example_params_trigger_ui.py
[2024-07-14T16:36:56.953+0000] {processor.py:840} INFO - DAG(s) 'example_params_trigger_ui' retrieved from /home/airflow/.local/lib/python3.12/site-packages/airflow/example_dags/example_params_trigger_ui.py
[2024-07-14T16:36:57.048+0000] {logging_mixin.py:188} INFO - [2024-07-14T16:36:57.047+0000] {dag.py:3096} INFO - Sync 1 DAGs
[2024-07-14T16:36:57.088+0000] {logging_mixin.py:188} INFO - [2024-07-14T16:36:57.087+0000] {dag.py:3954} INFO - Setting next_dagrun for example_params_trigger_ui to None, run_after=None
[2024-07-14T16:36:57.135+0000] {processor.py:183} INFO - Processing /home/airflow/.local/lib/python3.12/site-packages/airflow/example_dags/example_params_trigger_ui.py took 0.230 seconds
[2024-07-14T16:37:27.549+0000] {processor.py:161} INFO - Started process (PID=510) to work on /home/airflow/.local/lib/python3.12/site-packages/airflow/example_dags/example_params_trigger_ui.py
[2024-07-14T16:37:27.564+0000] {processor.py:830} INFO - Processing file /home/airflow/.local/lib/python3.12/site-packages/airflow/example_dags/example_params_trigger_ui.py for tasks to queue
[2024-07-14T16:37:27.578+0000] {logging_mixin.py:188} INFO - [2024-07-14T16:37:27.578+0000] {dagbag.py:545} INFO - Filling up the DagBag from /home/airflow/.local/lib/python3.12/site-packages/airflow/example_dags/example_params_trigger_ui.py
[2024-07-14T16:37:27.637+0000] {processor.py:840} INFO - DAG(s) 'example_params_trigger_ui' retrieved from /home/airflow/.local/lib/python3.12/site-packages/airflow/example_dags/example_params_trigger_ui.py
[2024-07-14T16:37:28.353+0000] {logging_mixin.py:188} INFO - [2024-07-14T16:37:28.352+0000] {dag.py:3096} INFO - Sync 1 DAGs
[2024-07-14T16:37:28.422+0000] {logging_mixin.py:188} INFO - [2024-07-14T16:37:28.422+0000] {dag.py:3954} INFO - Setting next_dagrun for example_params_trigger_ui to None, run_after=None
[2024-07-14T16:37:28.636+0000] {processor.py:183} INFO - Processing /home/airflow/.local/lib/python3.12/site-packages/airflow/example_dags/example_params_trigger_ui.py took 1.193 seconds
[2024-07-14T16:38:21.327+0000] {processor.py:161} INFO - Started process (PID=573) to work on /home/airflow/.local/lib/python3.12/site-packages/airflow/example_dags/example_params_trigger_ui.py
[2024-07-14T16:38:21.362+0000] {processor.py:830} INFO - Processing file /home/airflow/.local/lib/python3.12/site-packages/airflow/example_dags/example_params_trigger_ui.py for tasks to queue
[2024-07-14T16:38:21.402+0000] {logging_mixin.py:188} INFO - [2024-07-14T16:38:21.365+0000] {dagbag.py:545} INFO - Filling up the DagBag from /home/airflow/.local/lib/python3.12/site-packages/airflow/example_dags/example_params_trigger_ui.py
[2024-07-14T16:38:21.550+0000] {processor.py:840} INFO - DAG(s) 'example_params_trigger_ui' retrieved from /home/airflow/.local/lib/python3.12/site-packages/airflow/example_dags/example_params_trigger_ui.py
[2024-07-14T16:38:22.677+0000] {logging_mixin.py:188} INFO - [2024-07-14T16:38:22.677+0000] {dag.py:3096} INFO - Sync 1 DAGs
[2024-07-14T16:38:22.765+0000] {logging_mixin.py:188} INFO - [2024-07-14T16:38:22.764+0000] {dag.py:3954} INFO - Setting next_dagrun for example_params_trigger_ui to None, run_after=None
[2024-07-14T16:38:23.714+0000] {processor.py:183} INFO - Processing /home/airflow/.local/lib/python3.12/site-packages/airflow/example_dags/example_params_trigger_ui.py took 2.481 seconds
[2024-07-14T16:39:21.529+0000] {processor.py:161} INFO - Started process (PID=634) to work on /home/airflow/.local/lib/python3.12/site-packages/airflow/example_dags/example_params_trigger_ui.py
[2024-07-14T16:39:21.531+0000] {processor.py:830} INFO - Processing file /home/airflow/.local/lib/python3.12/site-packages/airflow/example_dags/example_params_trigger_ui.py for tasks to queue
[2024-07-14T16:39:21.533+0000] {logging_mixin.py:188} INFO - [2024-07-14T16:39:21.532+0000] {dagbag.py:545} INFO - Filling up the DagBag from /home/airflow/.local/lib/python3.12/site-packages/airflow/example_dags/example_params_trigger_ui.py
[2024-07-14T16:39:21.579+0000] {processor.py:840} INFO - DAG(s) 'example_params_trigger_ui' retrieved from /home/airflow/.local/lib/python3.12/site-packages/airflow/example_dags/example_params_trigger_ui.py
[2024-07-14T16:39:21.735+0000] {logging_mixin.py:188} INFO - [2024-07-14T16:39:21.734+0000] {dag.py:3096} INFO - Sync 1 DAGs
[2024-07-14T16:39:21.785+0000] {logging_mixin.py:188} INFO - [2024-07-14T16:39:21.784+0000] {dag.py:3954} INFO - Setting next_dagrun for example_params_trigger_ui to None, run_after=None
[2024-07-14T16:39:21.838+0000] {processor.py:183} INFO - Processing /home/airflow/.local/lib/python3.12/site-packages/airflow/example_dags/example_params_trigger_ui.py took 0.333 seconds
[2024-07-14T16:39:53.724+0000] {processor.py:161} INFO - Started process (PID=699) to work on /home/airflow/.local/lib/python3.12/site-packages/airflow/example_dags/example_params_trigger_ui.py
[2024-07-14T16:39:53.731+0000] {processor.py:830} INFO - Processing file /home/airflow/.local/lib/python3.12/site-packages/airflow/example_dags/example_params_trigger_ui.py for tasks to queue
[2024-07-14T16:39:53.736+0000] {logging_mixin.py:188} INFO - [2024-07-14T16:39:53.735+0000] {dagbag.py:545} INFO - Filling up the DagBag from /home/airflow/.local/lib/python3.12/site-packages/airflow/example_dags/example_params_trigger_ui.py
[2024-07-14T16:39:53.794+0000] {processor.py:840} INFO - DAG(s) 'example_params_trigger_ui' retrieved from /home/airflow/.local/lib/python3.12/site-packages/airflow/example_dags/example_params_trigger_ui.py
[2024-07-14T16:39:54.230+0000] {logging_mixin.py:188} INFO - [2024-07-14T16:39:54.223+0000] {dag.py:3096} INFO - Sync 1 DAGs
[2024-07-14T16:39:54.296+0000] {logging_mixin.py:188} INFO - [2024-07-14T16:39:54.295+0000] {dag.py:3954} INFO - Setting next_dagrun for example_params_trigger_ui to None, run_after=None
[2024-07-14T16:39:54.561+0000] {processor.py:183} INFO - Processing /home/airflow/.local/lib/python3.12/site-packages/airflow/example_dags/example_params_trigger_ui.py took 0.858 seconds
[2024-07-14T16:40:25.305+0000] {processor.py:161} INFO - Started process (PID=759) to work on /home/airflow/.local/lib/python3.12/site-packages/airflow/example_dags/example_params_trigger_ui.py
[2024-07-14T16:40:25.307+0000] {processor.py:830} INFO - Processing file /home/airflow/.local/lib/python3.12/site-packages/airflow/example_dags/example_params_trigger_ui.py for tasks to queue
[2024-07-14T16:40:25.312+0000] {logging_mixin.py:188} INFO - [2024-07-14T16:40:25.310+0000] {dagbag.py:545} INFO - Filling up the DagBag from /home/airflow/.local/lib/python3.12/site-packages/airflow/example_dags/example_params_trigger_ui.py
[2024-07-14T16:40:25.354+0000] {processor.py:840} INFO - DAG(s) 'example_params_trigger_ui' retrieved from /home/airflow/.local/lib/python3.12/site-packages/airflow/example_dags/example_params_trigger_ui.py
[2024-07-14T16:40:25.470+0000] {logging_mixin.py:188} INFO - [2024-07-14T16:40:25.470+0000] {dag.py:3096} INFO - Sync 1 DAGs
[2024-07-14T16:40:25.499+0000] {logging_mixin.py:188} INFO - [2024-07-14T16:40:25.498+0000] {dag.py:3954} INFO - Setting next_dagrun for example_params_trigger_ui to None, run_after=None
[2024-07-14T16:40:25.546+0000] {processor.py:183} INFO - Processing /home/airflow/.local/lib/python3.12/site-packages/airflow/example_dags/example_params_trigger_ui.py took 0.263 seconds
[2024-07-14T16:40:56.060+0000] {processor.py:161} INFO - Started process (PID=818) to work on /home/airflow/.local/lib/python3.12/site-packages/airflow/example_dags/example_params_trigger_ui.py
[2024-07-14T16:40:56.063+0000] {processor.py:830} INFO - Processing file /home/airflow/.local/lib/python3.12/site-packages/airflow/example_dags/example_params_trigger_ui.py for tasks to queue
[2024-07-14T16:40:56.078+0000] {logging_mixin.py:188} INFO - [2024-07-14T16:40:56.076+0000] {dagbag.py:545} INFO - Filling up the DagBag from /home/airflow/.local/lib/python3.12/site-packages/airflow/example_dags/example_params_trigger_ui.py
[2024-07-14T16:40:56.130+0000] {processor.py:840} INFO - DAG(s) 'example_params_trigger_ui' retrieved from /home/airflow/.local/lib/python3.12/site-packages/airflow/example_dags/example_params_trigger_ui.py
[2024-07-14T16:40:56.247+0000] {logging_mixin.py:188} INFO - [2024-07-14T16:40:56.247+0000] {dag.py:3096} INFO - Sync 1 DAGs
[2024-07-14T16:40:56.274+0000] {logging_mixin.py:188} INFO - [2024-07-14T16:40:56.274+0000] {dag.py:3954} INFO - Setting next_dagrun for example_params_trigger_ui to None, run_after=None
[2024-07-14T16:40:56.307+0000] {processor.py:183} INFO - Processing /home/airflow/.local/lib/python3.12/site-packages/airflow/example_dags/example_params_trigger_ui.py took 0.272 seconds
[2024-07-14T16:41:27.007+0000] {processor.py:161} INFO - Started process (PID=877) to work on /home/airflow/.local/lib/python3.12/site-packages/airflow/example_dags/example_params_trigger_ui.py
[2024-07-14T16:41:27.011+0000] {processor.py:830} INFO - Processing file /home/airflow/.local/lib/python3.12/site-packages/airflow/example_dags/example_params_trigger_ui.py for tasks to queue
[2024-07-14T16:41:27.026+0000] {logging_mixin.py:188} INFO - [2024-07-14T16:41:27.025+0000] {dagbag.py:545} INFO - Filling up the DagBag from /home/airflow/.local/lib/python3.12/site-packages/airflow/example_dags/example_params_trigger_ui.py
[2024-07-14T16:41:27.081+0000] {processor.py:840} INFO - DAG(s) 'example_params_trigger_ui' retrieved from /home/airflow/.local/lib/python3.12/site-packages/airflow/example_dags/example_params_trigger_ui.py
[2024-07-14T16:41:27.332+0000] {logging_mixin.py:188} INFO - [2024-07-14T16:41:27.331+0000] {dag.py:3096} INFO - Sync 1 DAGs
[2024-07-14T16:41:27.363+0000] {logging_mixin.py:188} INFO - [2024-07-14T16:41:27.362+0000] {dag.py:3954} INFO - Setting next_dagrun for example_params_trigger_ui to None, run_after=None
[2024-07-14T16:41:27.423+0000] {processor.py:183} INFO - Processing /home/airflow/.local/lib/python3.12/site-packages/airflow/example_dags/example_params_trigger_ui.py took 0.429 seconds
[2024-07-14T16:41:58.089+0000] {processor.py:161} INFO - Started process (PID=936) to work on /home/airflow/.local/lib/python3.12/site-packages/airflow/example_dags/example_params_trigger_ui.py
[2024-07-14T16:41:58.103+0000] {processor.py:830} INFO - Processing file /home/airflow/.local/lib/python3.12/site-packages/airflow/example_dags/example_params_trigger_ui.py for tasks to queue
[2024-07-14T16:41:58.109+0000] {logging_mixin.py:188} INFO - [2024-07-14T16:41:58.108+0000] {dagbag.py:545} INFO - Filling up the DagBag from /home/airflow/.local/lib/python3.12/site-packages/airflow/example_dags/example_params_trigger_ui.py
[2024-07-14T16:41:58.193+0000] {processor.py:840} INFO - DAG(s) 'example_params_trigger_ui' retrieved from /home/airflow/.local/lib/python3.12/site-packages/airflow/example_dags/example_params_trigger_ui.py
[2024-07-14T16:41:58.441+0000] {logging_mixin.py:188} INFO - [2024-07-14T16:41:58.441+0000] {dag.py:3096} INFO - Sync 1 DAGs
[2024-07-14T16:41:58.500+0000] {logging_mixin.py:188} INFO - [2024-07-14T16:41:58.496+0000] {dag.py:3954} INFO - Setting next_dagrun for example_params_trigger_ui to None, run_after=None
[2024-07-14T16:41:58.588+0000] {processor.py:183} INFO - Processing /home/airflow/.local/lib/python3.12/site-packages/airflow/example_dags/example_params_trigger_ui.py took 0.608 seconds
[2024-07-14T16:42:29.040+0000] {processor.py:161} INFO - Started process (PID=995) to work on /home/airflow/.local/lib/python3.12/site-packages/airflow/example_dags/example_params_trigger_ui.py
[2024-07-14T16:42:29.045+0000] {processor.py:830} INFO - Processing file /home/airflow/.local/lib/python3.12/site-packages/airflow/example_dags/example_params_trigger_ui.py for tasks to queue
[2024-07-14T16:42:29.074+0000] {logging_mixin.py:188} INFO - [2024-07-14T16:42:29.073+0000] {dagbag.py:545} INFO - Filling up the DagBag from /home/airflow/.local/lib/python3.12/site-packages/airflow/example_dags/example_params_trigger_ui.py
[2024-07-14T16:42:29.152+0000] {processor.py:840} INFO - DAG(s) 'example_params_trigger_ui' retrieved from /home/airflow/.local/lib/python3.12/site-packages/airflow/example_dags/example_params_trigger_ui.py
[2024-07-14T16:42:29.476+0000] {logging_mixin.py:188} INFO - [2024-07-14T16:42:29.475+0000] {dag.py:3096} INFO - Sync 1 DAGs
[2024-07-14T16:42:29.516+0000] {logging_mixin.py:188} INFO - [2024-07-14T16:42:29.515+0000] {dag.py:3954} INFO - Setting next_dagrun for example_params_trigger_ui to None, run_after=None
[2024-07-14T16:42:29.615+0000] {processor.py:183} INFO - Processing /home/airflow/.local/lib/python3.12/site-packages/airflow/example_dags/example_params_trigger_ui.py took 0.590 seconds
[2024-07-14T16:42:59.888+0000] {processor.py:161} INFO - Started process (PID=1054) to work on /home/airflow/.local/lib/python3.12/site-packages/airflow/example_dags/example_params_trigger_ui.py
[2024-07-14T16:42:59.898+0000] {processor.py:830} INFO - Processing file /home/airflow/.local/lib/python3.12/site-packages/airflow/example_dags/example_params_trigger_ui.py for tasks to queue
[2024-07-14T16:42:59.901+0000] {logging_mixin.py:188} INFO - [2024-07-14T16:42:59.900+0000] {dagbag.py:545} INFO - Filling up the DagBag from /home/airflow/.local/lib/python3.12/site-packages/airflow/example_dags/example_params_trigger_ui.py
[2024-07-14T16:42:59.938+0000] {processor.py:840} INFO - DAG(s) 'example_params_trigger_ui' retrieved from /home/airflow/.local/lib/python3.12/site-packages/airflow/example_dags/example_params_trigger_ui.py
[2024-07-14T16:43:00.056+0000] {logging_mixin.py:188} INFO - [2024-07-14T16:43:00.055+0000] {dag.py:3096} INFO - Sync 1 DAGs
[2024-07-14T16:43:00.089+0000] {logging_mixin.py:188} INFO - [2024-07-14T16:43:00.088+0000] {dag.py:3954} INFO - Setting next_dagrun for example_params_trigger_ui to None, run_after=None
[2024-07-14T16:43:00.138+0000] {processor.py:183} INFO - Processing /home/airflow/.local/lib/python3.12/site-packages/airflow/example_dags/example_params_trigger_ui.py took 0.260 seconds
[2024-07-14T16:43:30.247+0000] {processor.py:161} INFO - Started process (PID=1113) to work on /home/airflow/.local/lib/python3.12/site-packages/airflow/example_dags/example_params_trigger_ui.py
[2024-07-14T16:43:30.251+0000] {processor.py:830} INFO - Processing file /home/airflow/.local/lib/python3.12/site-packages/airflow/example_dags/example_params_trigger_ui.py for tasks to queue
[2024-07-14T16:43:30.253+0000] {logging_mixin.py:188} INFO - [2024-07-14T16:43:30.252+0000] {dagbag.py:545} INFO - Filling up the DagBag from /home/airflow/.local/lib/python3.12/site-packages/airflow/example_dags/example_params_trigger_ui.py
[2024-07-14T16:43:30.297+0000] {processor.py:840} INFO - DAG(s) 'example_params_trigger_ui' retrieved from /home/airflow/.local/lib/python3.12/site-packages/airflow/example_dags/example_params_trigger_ui.py
[2024-07-14T16:43:30.395+0000] {logging_mixin.py:188} INFO - [2024-07-14T16:43:30.395+0000] {dag.py:3096} INFO - Sync 1 DAGs
[2024-07-14T16:43:30.422+0000] {logging_mixin.py:188} INFO - [2024-07-14T16:43:30.421+0000] {dag.py:3954} INFO - Setting next_dagrun for example_params_trigger_ui to None, run_after=None
[2024-07-14T16:43:30.456+0000] {processor.py:183} INFO - Processing /home/airflow/.local/lib/python3.12/site-packages/airflow/example_dags/example_params_trigger_ui.py took 0.225 seconds
[2024-07-14T16:44:00.689+0000] {processor.py:161} INFO - Started process (PID=1171) to work on /home/airflow/.local/lib/python3.12/site-packages/airflow/example_dags/example_params_trigger_ui.py
[2024-07-14T16:44:00.691+0000] {processor.py:830} INFO - Processing file /home/airflow/.local/lib/python3.12/site-packages/airflow/example_dags/example_params_trigger_ui.py for tasks to queue
[2024-07-14T16:44:00.693+0000] {logging_mixin.py:188} INFO - [2024-07-14T16:44:00.692+0000] {dagbag.py:545} INFO - Filling up the DagBag from /home/airflow/.local/lib/python3.12/site-packages/airflow/example_dags/example_params_trigger_ui.py
[2024-07-14T16:44:00.731+0000] {processor.py:840} INFO - DAG(s) 'example_params_trigger_ui' retrieved from /home/airflow/.local/lib/python3.12/site-packages/airflow/example_dags/example_params_trigger_ui.py
[2024-07-14T16:44:00.849+0000] {logging_mixin.py:188} INFO - [2024-07-14T16:44:00.849+0000] {dag.py:3096} INFO - Sync 1 DAGs
[2024-07-14T16:44:00.881+0000] {logging_mixin.py:188} INFO - [2024-07-14T16:44:00.881+0000] {dag.py:3954} INFO - Setting next_dagrun for example_params_trigger_ui to None, run_after=None
[2024-07-14T16:44:00.931+0000] {processor.py:183} INFO - Processing /home/airflow/.local/lib/python3.12/site-packages/airflow/example_dags/example_params_trigger_ui.py took 0.254 seconds
[2024-07-14T16:44:31.304+0000] {processor.py:161} INFO - Started process (PID=1229) to work on /home/airflow/.local/lib/python3.12/site-packages/airflow/example_dags/example_params_trigger_ui.py
[2024-07-14T16:44:31.306+0000] {processor.py:830} INFO - Processing file /home/airflow/.local/lib/python3.12/site-packages/airflow/example_dags/example_params_trigger_ui.py for tasks to queue
[2024-07-14T16:44:31.308+0000] {logging_mixin.py:188} INFO - [2024-07-14T16:44:31.308+0000] {dagbag.py:545} INFO - Filling up the DagBag from /home/airflow/.local/lib/python3.12/site-packages/airflow/example_dags/example_params_trigger_ui.py
[2024-07-14T16:44:31.367+0000] {processor.py:840} INFO - DAG(s) 'example_params_trigger_ui' retrieved from /home/airflow/.local/lib/python3.12/site-packages/airflow/example_dags/example_params_trigger_ui.py
[2024-07-14T16:44:31.573+0000] {logging_mixin.py:188} INFO - [2024-07-14T16:44:31.561+0000] {dag.py:3096} INFO - Sync 1 DAGs
[2024-07-14T16:44:31.603+0000] {logging_mixin.py:188} INFO - [2024-07-14T16:44:31.603+0000] {dag.py:3954} INFO - Setting next_dagrun for example_params_trigger_ui to None, run_after=None
[2024-07-14T16:44:31.648+0000] {processor.py:183} INFO - Processing /home/airflow/.local/lib/python3.12/site-packages/airflow/example_dags/example_params_trigger_ui.py took 0.364 seconds
[2024-07-14T16:45:02.511+0000] {processor.py:161} INFO - Started process (PID=1287) to work on /home/airflow/.local/lib/python3.12/site-packages/airflow/example_dags/example_params_trigger_ui.py
[2024-07-14T16:45:02.513+0000] {processor.py:830} INFO - Processing file /home/airflow/.local/lib/python3.12/site-packages/airflow/example_dags/example_params_trigger_ui.py for tasks to queue
[2024-07-14T16:45:02.515+0000] {logging_mixin.py:188} INFO - [2024-07-14T16:45:02.514+0000] {dagbag.py:545} INFO - Filling up the DagBag from /home/airflow/.local/lib/python3.12/site-packages/airflow/example_dags/example_params_trigger_ui.py
[2024-07-14T16:45:02.545+0000] {processor.py:840} INFO - DAG(s) 'example_params_trigger_ui' retrieved from /home/airflow/.local/lib/python3.12/site-packages/airflow/example_dags/example_params_trigger_ui.py
[2024-07-14T16:45:02.644+0000] {logging_mixin.py:188} INFO - [2024-07-14T16:45:02.643+0000] {dag.py:3096} INFO - Sync 1 DAGs
[2024-07-14T16:45:02.676+0000] {logging_mixin.py:188} INFO - [2024-07-14T16:45:02.676+0000] {dag.py:3954} INFO - Setting next_dagrun for example_params_trigger_ui to None, run_after=None
[2024-07-14T16:45:02.745+0000] {processor.py:183} INFO - Processing /home/airflow/.local/lib/python3.12/site-packages/airflow/example_dags/example_params_trigger_ui.py took 0.246 seconds
[2024-07-14T16:45:33.970+0000] {processor.py:161} INFO - Started process (PID=1346) to work on /home/airflow/.local/lib/python3.12/site-packages/airflow/example_dags/example_params_trigger_ui.py
[2024-07-14T16:45:33.975+0000] {processor.py:830} INFO - Processing file /home/airflow/.local/lib/python3.12/site-packages/airflow/example_dags/example_params_trigger_ui.py for tasks to queue
[2024-07-14T16:45:33.977+0000] {logging_mixin.py:188} INFO - [2024-07-14T16:45:33.976+0000] {dagbag.py:545} INFO - Filling up the DagBag from /home/airflow/.local/lib/python3.12/site-packages/airflow/example_dags/example_params_trigger_ui.py
[2024-07-14T16:45:34.003+0000] {processor.py:840} INFO - DAG(s) 'example_params_trigger_ui' retrieved from /home/airflow/.local/lib/python3.12/site-packages/airflow/example_dags/example_params_trigger_ui.py
[2024-07-14T16:45:34.099+0000] {logging_mixin.py:188} INFO - [2024-07-14T16:45:34.098+0000] {dag.py:3096} INFO - Sync 1 DAGs
[2024-07-14T16:45:34.120+0000] {logging_mixin.py:188} INFO - [2024-07-14T16:45:34.120+0000] {dag.py:3954} INFO - Setting next_dagrun for example_params_trigger_ui to None, run_after=None
[2024-07-14T16:45:34.162+0000] {processor.py:183} INFO - Processing /home/airflow/.local/lib/python3.12/site-packages/airflow/example_dags/example_params_trigger_ui.py took 0.201 seconds
[2024-07-14T16:46:04.417+0000] {processor.py:161} INFO - Started process (PID=1402) to work on /home/airflow/.local/lib/python3.12/site-packages/airflow/example_dags/example_params_trigger_ui.py
[2024-07-14T16:46:04.419+0000] {processor.py:830} INFO - Processing file /home/airflow/.local/lib/python3.12/site-packages/airflow/example_dags/example_params_trigger_ui.py for tasks to queue
[2024-07-14T16:46:04.421+0000] {logging_mixin.py:188} INFO - [2024-07-14T16:46:04.420+0000] {dagbag.py:545} INFO - Filling up the DagBag from /home/airflow/.local/lib/python3.12/site-packages/airflow/example_dags/example_params_trigger_ui.py
[2024-07-14T16:46:04.455+0000] {processor.py:840} INFO - DAG(s) 'example_params_trigger_ui' retrieved from /home/airflow/.local/lib/python3.12/site-packages/airflow/example_dags/example_params_trigger_ui.py
[2024-07-14T16:46:04.567+0000] {logging_mixin.py:188} INFO - [2024-07-14T16:46:04.566+0000] {dag.py:3096} INFO - Sync 1 DAGs
[2024-07-14T16:46:04.599+0000] {logging_mixin.py:188} INFO - [2024-07-14T16:46:04.598+0000] {dag.py:3954} INFO - Setting next_dagrun for example_params_trigger_ui to None, run_after=None
[2024-07-14T16:46:04.649+0000] {processor.py:183} INFO - Processing /home/airflow/.local/lib/python3.12/site-packages/airflow/example_dags/example_params_trigger_ui.py took 0.246 seconds
[2024-07-14T16:46:34.811+0000] {processor.py:161} INFO - Started process (PID=1461) to work on /home/airflow/.local/lib/python3.12/site-packages/airflow/example_dags/example_params_trigger_ui.py
[2024-07-14T16:46:34.814+0000] {processor.py:830} INFO - Processing file /home/airflow/.local/lib/python3.12/site-packages/airflow/example_dags/example_params_trigger_ui.py for tasks to queue
[2024-07-14T16:46:34.816+0000] {logging_mixin.py:188} INFO - [2024-07-14T16:46:34.815+0000] {dagbag.py:545} INFO - Filling up the DagBag from /home/airflow/.local/lib/python3.12/site-packages/airflow/example_dags/example_params_trigger_ui.py
[2024-07-14T16:46:34.851+0000] {processor.py:840} INFO - DAG(s) 'example_params_trigger_ui' retrieved from /home/airflow/.local/lib/python3.12/site-packages/airflow/example_dags/example_params_trigger_ui.py
[2024-07-14T16:46:35.075+0000] {logging_mixin.py:188} INFO - [2024-07-14T16:46:35.075+0000] {dag.py:3096} INFO - Sync 1 DAGs
[2024-07-14T16:46:35.108+0000] {logging_mixin.py:188} INFO - [2024-07-14T16:46:35.107+0000] {dag.py:3954} INFO - Setting next_dagrun for example_params_trigger_ui to None, run_after=None
[2024-07-14T16:46:35.167+0000] {processor.py:183} INFO - Processing /home/airflow/.local/lib/python3.12/site-packages/airflow/example_dags/example_params_trigger_ui.py took 0.366 seconds
[2024-07-14T16:47:05.500+0000] {processor.py:161} INFO - Started process (PID=1520) to work on /home/airflow/.local/lib/python3.12/site-packages/airflow/example_dags/example_params_trigger_ui.py
[2024-07-14T16:47:05.505+0000] {processor.py:830} INFO - Processing file /home/airflow/.local/lib/python3.12/site-packages/airflow/example_dags/example_params_trigger_ui.py for tasks to queue
[2024-07-14T16:47:05.508+0000] {logging_mixin.py:188} INFO - [2024-07-14T16:47:05.507+0000] {dagbag.py:545} INFO - Filling up the DagBag from /home/airflow/.local/lib/python3.12/site-packages/airflow/example_dags/example_params_trigger_ui.py
[2024-07-14T16:47:05.560+0000] {processor.py:840} INFO - DAG(s) 'example_params_trigger_ui' retrieved from /home/airflow/.local/lib/python3.12/site-packages/airflow/example_dags/example_params_trigger_ui.py
[2024-07-14T16:47:05.736+0000] {logging_mixin.py:188} INFO - [2024-07-14T16:47:05.735+0000] {dag.py:3096} INFO - Sync 1 DAGs
[2024-07-14T16:47:05.767+0000] {logging_mixin.py:188} INFO - [2024-07-14T16:47:05.767+0000] {dag.py:3954} INFO - Setting next_dagrun for example_params_trigger_ui to None, run_after=None
[2024-07-14T16:47:05.836+0000] {processor.py:183} INFO - Processing /home/airflow/.local/lib/python3.12/site-packages/airflow/example_dags/example_params_trigger_ui.py took 0.349 seconds
[2024-07-14T16:47:36.688+0000] {processor.py:161} INFO - Started process (PID=1579) to work on /home/airflow/.local/lib/python3.12/site-packages/airflow/example_dags/example_params_trigger_ui.py
[2024-07-14T16:47:36.692+0000] {processor.py:830} INFO - Processing file /home/airflow/.local/lib/python3.12/site-packages/airflow/example_dags/example_params_trigger_ui.py for tasks to queue
[2024-07-14T16:47:36.694+0000] {logging_mixin.py:188} INFO - [2024-07-14T16:47:36.694+0000] {dagbag.py:545} INFO - Filling up the DagBag from /home/airflow/.local/lib/python3.12/site-packages/airflow/example_dags/example_params_trigger_ui.py
[2024-07-14T16:47:36.746+0000] {processor.py:840} INFO - DAG(s) 'example_params_trigger_ui' retrieved from /home/airflow/.local/lib/python3.12/site-packages/airflow/example_dags/example_params_trigger_ui.py
[2024-07-14T16:47:36.869+0000] {logging_mixin.py:188} INFO - [2024-07-14T16:47:36.869+0000] {dag.py:3096} INFO - Sync 1 DAGs
[2024-07-14T16:47:36.908+0000] {logging_mixin.py:188} INFO - [2024-07-14T16:47:36.908+0000] {dag.py:3954} INFO - Setting next_dagrun for example_params_trigger_ui to None, run_after=None
[2024-07-14T16:47:36.959+0000] {processor.py:183} INFO - Processing /home/airflow/.local/lib/python3.12/site-packages/airflow/example_dags/example_params_trigger_ui.py took 0.296 seconds
[2024-07-14T16:48:07.143+0000] {processor.py:161} INFO - Started process (PID=1639) to work on /home/airflow/.local/lib/python3.12/site-packages/airflow/example_dags/example_params_trigger_ui.py
[2024-07-14T16:48:07.144+0000] {processor.py:830} INFO - Processing file /home/airflow/.local/lib/python3.12/site-packages/airflow/example_dags/example_params_trigger_ui.py for tasks to queue
[2024-07-14T16:48:07.146+0000] {logging_mixin.py:188} INFO - [2024-07-14T16:48:07.146+0000] {dagbag.py:545} INFO - Filling up the DagBag from /home/airflow/.local/lib/python3.12/site-packages/airflow/example_dags/example_params_trigger_ui.py
[2024-07-14T16:48:07.170+0000] {processor.py:840} INFO - DAG(s) 'example_params_trigger_ui' retrieved from /home/airflow/.local/lib/python3.12/site-packages/airflow/example_dags/example_params_trigger_ui.py
[2024-07-14T16:48:07.281+0000] {logging_mixin.py:188} INFO - [2024-07-14T16:48:07.279+0000] {dag.py:3096} INFO - Sync 1 DAGs
[2024-07-14T16:48:07.305+0000] {logging_mixin.py:188} INFO - [2024-07-14T16:48:07.305+0000] {dag.py:3954} INFO - Setting next_dagrun for example_params_trigger_ui to None, run_after=None
[2024-07-14T16:48:07.344+0000] {processor.py:183} INFO - Processing /home/airflow/.local/lib/python3.12/site-packages/airflow/example_dags/example_params_trigger_ui.py took 0.210 seconds
[2024-07-14T16:48:37.846+0000] {processor.py:161} INFO - Started process (PID=1697) to work on /home/airflow/.local/lib/python3.12/site-packages/airflow/example_dags/example_params_trigger_ui.py
[2024-07-14T16:48:37.848+0000] {processor.py:830} INFO - Processing file /home/airflow/.local/lib/python3.12/site-packages/airflow/example_dags/example_params_trigger_ui.py for tasks to queue
[2024-07-14T16:48:37.849+0000] {logging_mixin.py:188} INFO - [2024-07-14T16:48:37.849+0000] {dagbag.py:545} INFO - Filling up the DagBag from /home/airflow/.local/lib/python3.12/site-packages/airflow/example_dags/example_params_trigger_ui.py
[2024-07-14T16:48:37.885+0000] {processor.py:840} INFO - DAG(s) 'example_params_trigger_ui' retrieved from /home/airflow/.local/lib/python3.12/site-packages/airflow/example_dags/example_params_trigger_ui.py
[2024-07-14T16:48:37.977+0000] {logging_mixin.py:188} INFO - [2024-07-14T16:48:37.976+0000] {dag.py:3096} INFO - Sync 1 DAGs
[2024-07-14T16:48:38.002+0000] {logging_mixin.py:188} INFO - [2024-07-14T16:48:38.002+0000] {dag.py:3954} INFO - Setting next_dagrun for example_params_trigger_ui to None, run_after=None
[2024-07-14T16:48:38.039+0000] {processor.py:183} INFO - Processing /home/airflow/.local/lib/python3.12/site-packages/airflow/example_dags/example_params_trigger_ui.py took 0.204 seconds
[2024-07-14T16:49:08.267+0000] {processor.py:161} INFO - Started process (PID=1756) to work on /home/airflow/.local/lib/python3.12/site-packages/airflow/example_dags/example_params_trigger_ui.py
[2024-07-14T16:49:08.271+0000] {processor.py:830} INFO - Processing file /home/airflow/.local/lib/python3.12/site-packages/airflow/example_dags/example_params_trigger_ui.py for tasks to queue
[2024-07-14T16:49:08.274+0000] {logging_mixin.py:188} INFO - [2024-07-14T16:49:08.273+0000] {dagbag.py:545} INFO - Filling up the DagBag from /home/airflow/.local/lib/python3.12/site-packages/airflow/example_dags/example_params_trigger_ui.py
[2024-07-14T16:49:08.303+0000] {processor.py:840} INFO - DAG(s) 'example_params_trigger_ui' retrieved from /home/airflow/.local/lib/python3.12/site-packages/airflow/example_dags/example_params_trigger_ui.py
[2024-07-14T16:49:08.433+0000] {logging_mixin.py:188} INFO - [2024-07-14T16:49:08.433+0000] {dag.py:3096} INFO - Sync 1 DAGs
[2024-07-14T16:49:08.458+0000] {logging_mixin.py:188} INFO - [2024-07-14T16:49:08.458+0000] {dag.py:3954} INFO - Setting next_dagrun for example_params_trigger_ui to None, run_after=None
[2024-07-14T16:49:08.498+0000] {processor.py:183} INFO - Processing /home/airflow/.local/lib/python3.12/site-packages/airflow/example_dags/example_params_trigger_ui.py took 0.241 seconds
[2024-07-14T16:49:39.067+0000] {processor.py:161} INFO - Started process (PID=1815) to work on /home/airflow/.local/lib/python3.12/site-packages/airflow/example_dags/example_params_trigger_ui.py
[2024-07-14T16:49:39.070+0000] {processor.py:830} INFO - Processing file /home/airflow/.local/lib/python3.12/site-packages/airflow/example_dags/example_params_trigger_ui.py for tasks to queue
[2024-07-14T16:49:39.072+0000] {logging_mixin.py:188} INFO - [2024-07-14T16:49:39.071+0000] {dagbag.py:545} INFO - Filling up the DagBag from /home/airflow/.local/lib/python3.12/site-packages/airflow/example_dags/example_params_trigger_ui.py
[2024-07-14T16:49:39.109+0000] {processor.py:840} INFO - DAG(s) 'example_params_trigger_ui' retrieved from /home/airflow/.local/lib/python3.12/site-packages/airflow/example_dags/example_params_trigger_ui.py
[2024-07-14T16:49:39.213+0000] {logging_mixin.py:188} INFO - [2024-07-14T16:49:39.213+0000] {dag.py:3096} INFO - Sync 1 DAGs
[2024-07-14T16:49:39.252+0000] {logging_mixin.py:188} INFO - [2024-07-14T16:49:39.251+0000] {dag.py:3954} INFO - Setting next_dagrun for example_params_trigger_ui to None, run_after=None
[2024-07-14T16:49:39.297+0000] {processor.py:183} INFO - Processing /home/airflow/.local/lib/python3.12/site-packages/airflow/example_dags/example_params_trigger_ui.py took 0.242 seconds
[2024-07-14T16:50:09.591+0000] {processor.py:161} INFO - Started process (PID=1874) to work on /home/airflow/.local/lib/python3.12/site-packages/airflow/example_dags/example_params_trigger_ui.py
[2024-07-14T16:50:09.594+0000] {processor.py:830} INFO - Processing file /home/airflow/.local/lib/python3.12/site-packages/airflow/example_dags/example_params_trigger_ui.py for tasks to queue
[2024-07-14T16:50:09.595+0000] {logging_mixin.py:188} INFO - [2024-07-14T16:50:09.595+0000] {dagbag.py:545} INFO - Filling up the DagBag from /home/airflow/.local/lib/python3.12/site-packages/airflow/example_dags/example_params_trigger_ui.py
[2024-07-14T16:50:09.635+0000] {processor.py:840} INFO - DAG(s) 'example_params_trigger_ui' retrieved from /home/airflow/.local/lib/python3.12/site-packages/airflow/example_dags/example_params_trigger_ui.py
[2024-07-14T16:50:09.791+0000] {logging_mixin.py:188} INFO - [2024-07-14T16:50:09.791+0000] {dag.py:3096} INFO - Sync 1 DAGs
[2024-07-14T16:50:10.235+0000] {logging_mixin.py:188} INFO - [2024-07-14T16:50:10.235+0000] {dag.py:3954} INFO - Setting next_dagrun for example_params_trigger_ui to None, run_after=None
[2024-07-14T16:50:10.345+0000] {processor.py:183} INFO - Processing /home/airflow/.local/lib/python3.12/site-packages/airflow/example_dags/example_params_trigger_ui.py took 0.767 seconds
[2024-07-14T16:50:40.548+0000] {processor.py:161} INFO - Started process (PID=1932) to work on /home/airflow/.local/lib/python3.12/site-packages/airflow/example_dags/example_params_trigger_ui.py
[2024-07-14T16:50:40.550+0000] {processor.py:830} INFO - Processing file /home/airflow/.local/lib/python3.12/site-packages/airflow/example_dags/example_params_trigger_ui.py for tasks to queue
[2024-07-14T16:50:40.552+0000] {logging_mixin.py:188} INFO - [2024-07-14T16:50:40.552+0000] {dagbag.py:545} INFO - Filling up the DagBag from /home/airflow/.local/lib/python3.12/site-packages/airflow/example_dags/example_params_trigger_ui.py
[2024-07-14T16:50:40.587+0000] {processor.py:840} INFO - DAG(s) 'example_params_trigger_ui' retrieved from /home/airflow/.local/lib/python3.12/site-packages/airflow/example_dags/example_params_trigger_ui.py
[2024-07-14T16:50:40.778+0000] {logging_mixin.py:188} INFO - [2024-07-14T16:50:40.777+0000] {dag.py:3096} INFO - Sync 1 DAGs
[2024-07-14T16:50:40.819+0000] {logging_mixin.py:188} INFO - [2024-07-14T16:50:40.818+0000] {dag.py:3954} INFO - Setting next_dagrun for example_params_trigger_ui to None, run_after=None
[2024-07-14T16:50:40.861+0000] {processor.py:183} INFO - Processing /home/airflow/.local/lib/python3.12/site-packages/airflow/example_dags/example_params_trigger_ui.py took 0.327 seconds
[2024-07-14T16:51:11.797+0000] {processor.py:161} INFO - Started process (PID=1990) to work on /home/airflow/.local/lib/python3.12/site-packages/airflow/example_dags/example_params_trigger_ui.py
[2024-07-14T16:51:11.799+0000] {processor.py:830} INFO - Processing file /home/airflow/.local/lib/python3.12/site-packages/airflow/example_dags/example_params_trigger_ui.py for tasks to queue
[2024-07-14T16:51:11.801+0000] {logging_mixin.py:188} INFO - [2024-07-14T16:51:11.800+0000] {dagbag.py:545} INFO - Filling up the DagBag from /home/airflow/.local/lib/python3.12/site-packages/airflow/example_dags/example_params_trigger_ui.py
[2024-07-14T16:51:11.836+0000] {processor.py:840} INFO - DAG(s) 'example_params_trigger_ui' retrieved from /home/airflow/.local/lib/python3.12/site-packages/airflow/example_dags/example_params_trigger_ui.py
[2024-07-14T16:51:11.968+0000] {logging_mixin.py:188} INFO - [2024-07-14T16:51:11.968+0000] {dag.py:3096} INFO - Sync 1 DAGs
[2024-07-14T16:51:12.003+0000] {logging_mixin.py:188} INFO - [2024-07-14T16:51:12.003+0000] {dag.py:3954} INFO - Setting next_dagrun for example_params_trigger_ui to None, run_after=None
[2024-07-14T16:51:12.047+0000] {processor.py:183} INFO - Processing /home/airflow/.local/lib/python3.12/site-packages/airflow/example_dags/example_params_trigger_ui.py took 0.265 seconds
[2024-07-14T16:51:42.684+0000] {processor.py:161} INFO - Started process (PID=2049) to work on /home/airflow/.local/lib/python3.12/site-packages/airflow/example_dags/example_params_trigger_ui.py
[2024-07-14T16:51:42.686+0000] {processor.py:830} INFO - Processing file /home/airflow/.local/lib/python3.12/site-packages/airflow/example_dags/example_params_trigger_ui.py for tasks to queue
[2024-07-14T16:51:42.688+0000] {logging_mixin.py:188} INFO - [2024-07-14T16:51:42.687+0000] {dagbag.py:545} INFO - Filling up the DagBag from /home/airflow/.local/lib/python3.12/site-packages/airflow/example_dags/example_params_trigger_ui.py
[2024-07-14T16:51:42.721+0000] {processor.py:840} INFO - DAG(s) 'example_params_trigger_ui' retrieved from /home/airflow/.local/lib/python3.12/site-packages/airflow/example_dags/example_params_trigger_ui.py
[2024-07-14T16:51:42.821+0000] {logging_mixin.py:188} INFO - [2024-07-14T16:51:42.820+0000] {dag.py:3096} INFO - Sync 1 DAGs
[2024-07-14T16:51:42.866+0000] {logging_mixin.py:188} INFO - [2024-07-14T16:51:42.866+0000] {dag.py:3954} INFO - Setting next_dagrun for example_params_trigger_ui to None, run_after=None
[2024-07-14T16:51:42.960+0000] {processor.py:183} INFO - Processing /home/airflow/.local/lib/python3.12/site-packages/airflow/example_dags/example_params_trigger_ui.py took 0.302 seconds
[2024-07-14T16:55:24.992+0000] {processor.py:161} INFO - Started process (PID=56) to work on /home/airflow/.local/lib/python3.12/site-packages/airflow/example_dags/example_params_trigger_ui.py
[2024-07-14T16:55:25.067+0000] {processor.py:830} INFO - Processing file /home/airflow/.local/lib/python3.12/site-packages/airflow/example_dags/example_params_trigger_ui.py for tasks to queue
[2024-07-14T16:55:25.148+0000] {logging_mixin.py:188} INFO - [2024-07-14T16:55:25.147+0000] {dagbag.py:545} INFO - Filling up the DagBag from /home/airflow/.local/lib/python3.12/site-packages/airflow/example_dags/example_params_trigger_ui.py
[2024-07-14T16:55:26.233+0000] {processor.py:840} INFO - DAG(s) 'example_params_trigger_ui' retrieved from /home/airflow/.local/lib/python3.12/site-packages/airflow/example_dags/example_params_trigger_ui.py
[2024-07-14T16:55:32.432+0000] {logging_mixin.py:188} INFO - [2024-07-14T16:55:32.410+0000] {dag.py:3096} INFO - Sync 1 DAGs
[2024-07-14T16:55:32.669+0000] {logging_mixin.py:188} INFO - [2024-07-14T16:55:32.669+0000] {dag.py:3954} INFO - Setting next_dagrun for example_params_trigger_ui to None, run_after=None
[2024-07-14T16:55:32.994+0000] {processor.py:183} INFO - Processing /home/airflow/.local/lib/python3.12/site-packages/airflow/example_dags/example_params_trigger_ui.py took 8.112 seconds
[2024-07-14T16:56:27.047+0000] {processor.py:161} INFO - Started process (PID=121) to work on /home/airflow/.local/lib/python3.12/site-packages/airflow/example_dags/example_params_trigger_ui.py
[2024-07-14T16:56:27.052+0000] {processor.py:830} INFO - Processing file /home/airflow/.local/lib/python3.12/site-packages/airflow/example_dags/example_params_trigger_ui.py for tasks to queue
[2024-07-14T16:56:27.057+0000] {logging_mixin.py:188} INFO - [2024-07-14T16:56:27.057+0000] {dagbag.py:545} INFO - Filling up the DagBag from /home/airflow/.local/lib/python3.12/site-packages/airflow/example_dags/example_params_trigger_ui.py
[2024-07-14T16:56:27.088+0000] {processor.py:840} INFO - DAG(s) 'example_params_trigger_ui' retrieved from /home/airflow/.local/lib/python3.12/site-packages/airflow/example_dags/example_params_trigger_ui.py
[2024-07-14T16:56:27.294+0000] {logging_mixin.py:188} INFO - [2024-07-14T16:56:27.293+0000] {dag.py:3096} INFO - Sync 1 DAGs
[2024-07-14T16:56:27.383+0000] {logging_mixin.py:188} INFO - [2024-07-14T16:56:27.382+0000] {dag.py:3954} INFO - Setting next_dagrun for example_params_trigger_ui to None, run_after=None
[2024-07-14T16:56:27.498+0000] {processor.py:183} INFO - Processing /home/airflow/.local/lib/python3.12/site-packages/airflow/example_dags/example_params_trigger_ui.py took 0.478 seconds
