[2024-07-14T16:33:33.035+0000] {processor.py:161} INFO - Started process (PID=65) to work on /home/airflow/.local/lib/python3.12/site-packages/airflow/example_dags/example_display_name.py
[2024-07-14T16:33:33.037+0000] {processor.py:830} INFO - Processing file /home/airflow/.local/lib/python3.12/site-packages/airflow/example_dags/example_display_name.py for tasks to queue
[2024-07-14T16:33:33.041+0000] {logging_mixin.py:188} INFO - [2024-07-14T16:33:33.040+0000] {dagbag.py:545} INFO - Filling up the DagBag from /home/airflow/.local/lib/python3.12/site-packages/airflow/example_dags/example_display_name.py
[2024-07-14T16:33:33.053+0000] {processor.py:840} INFO - DAG(s) 'example_display_name' retrieved from /home/airflow/.local/lib/python3.12/site-packages/airflow/example_dags/example_display_name.py
[2024-07-14T16:33:33.358+0000] {logging_mixin.py:188} INFO - [2024-07-14T16:33:33.358+0000] {dag.py:3096} INFO - Sync 1 DAGs
[2024-07-14T16:33:33.392+0000] {logging_mixin.py:188} INFO - [2024-07-14T16:33:33.391+0000] {dag.py:3954} INFO - Setting next_dagrun for example_display_name to None, run_after=None
[2024-07-14T16:33:33.447+0000] {processor.py:183} INFO - Processing /home/airflow/.local/lib/python3.12/site-packages/airflow/example_dags/example_display_name.py took 0.428 seconds
[2024-07-14T16:34:03.630+0000] {processor.py:161} INFO - Started process (PID=123) to work on /home/airflow/.local/lib/python3.12/site-packages/airflow/example_dags/example_display_name.py
[2024-07-14T16:34:03.633+0000] {processor.py:830} INFO - Processing file /home/airflow/.local/lib/python3.12/site-packages/airflow/example_dags/example_display_name.py for tasks to queue
[2024-07-14T16:34:03.637+0000] {logging_mixin.py:188} INFO - [2024-07-14T16:34:03.637+0000] {dagbag.py:545} INFO - Filling up the DagBag from /home/airflow/.local/lib/python3.12/site-packages/airflow/example_dags/example_display_name.py
[2024-07-14T16:34:03.652+0000] {processor.py:840} INFO - DAG(s) 'example_display_name' retrieved from /home/airflow/.local/lib/python3.12/site-packages/airflow/example_dags/example_display_name.py
[2024-07-14T16:34:03.730+0000] {logging_mixin.py:188} INFO - [2024-07-14T16:34:03.729+0000] {dag.py:3096} INFO - Sync 1 DAGs
[2024-07-14T16:34:03.956+0000] {logging_mixin.py:188} INFO - [2024-07-14T16:34:03.948+0000] {dag.py:3954} INFO - Setting next_dagrun for example_display_name to None, run_after=None
[2024-07-14T16:34:04.123+0000] {processor.py:183} INFO - Processing /home/airflow/.local/lib/python3.12/site-packages/airflow/example_dags/example_display_name.py took 0.510 seconds
[2024-07-14T16:34:35.034+0000] {processor.py:161} INFO - Started process (PID=180) to work on /home/airflow/.local/lib/python3.12/site-packages/airflow/example_dags/example_display_name.py
[2024-07-14T16:34:35.036+0000] {processor.py:830} INFO - Processing file /home/airflow/.local/lib/python3.12/site-packages/airflow/example_dags/example_display_name.py for tasks to queue
[2024-07-14T16:34:35.039+0000] {logging_mixin.py:188} INFO - [2024-07-14T16:34:35.039+0000] {dagbag.py:545} INFO - Filling up the DagBag from /home/airflow/.local/lib/python3.12/site-packages/airflow/example_dags/example_display_name.py
[2024-07-14T16:34:35.051+0000] {processor.py:840} INFO - DAG(s) 'example_display_name' retrieved from /home/airflow/.local/lib/python3.12/site-packages/airflow/example_dags/example_display_name.py
[2024-07-14T16:34:35.101+0000] {logging_mixin.py:188} INFO - [2024-07-14T16:34:35.101+0000] {dag.py:3096} INFO - Sync 1 DAGs
[2024-07-14T16:34:35.132+0000] {logging_mixin.py:188} INFO - [2024-07-14T16:34:35.132+0000] {dag.py:3954} INFO - Setting next_dagrun for example_display_name to None, run_after=None
[2024-07-14T16:34:35.190+0000] {processor.py:183} INFO - Processing /home/airflow/.local/lib/python3.12/site-packages/airflow/example_dags/example_display_name.py took 0.182 seconds
[2024-07-14T16:35:05.604+0000] {processor.py:161} INFO - Started process (PID=238) to work on /home/airflow/.local/lib/python3.12/site-packages/airflow/example_dags/example_display_name.py
[2024-07-14T16:35:05.607+0000] {processor.py:830} INFO - Processing file /home/airflow/.local/lib/python3.12/site-packages/airflow/example_dags/example_display_name.py for tasks to queue
[2024-07-14T16:35:05.611+0000] {logging_mixin.py:188} INFO - [2024-07-14T16:35:05.610+0000] {dagbag.py:545} INFO - Filling up the DagBag from /home/airflow/.local/lib/python3.12/site-packages/airflow/example_dags/example_display_name.py
[2024-07-14T16:35:05.629+0000] {processor.py:840} INFO - DAG(s) 'example_display_name' retrieved from /home/airflow/.local/lib/python3.12/site-packages/airflow/example_dags/example_display_name.py
[2024-07-14T16:35:05.713+0000] {logging_mixin.py:188} INFO - [2024-07-14T16:35:05.713+0000] {dag.py:3096} INFO - Sync 1 DAGs
[2024-07-14T16:35:05.786+0000] {logging_mixin.py:188} INFO - [2024-07-14T16:35:05.785+0000] {dag.py:3954} INFO - Setting next_dagrun for example_display_name to None, run_after=None
[2024-07-14T16:35:05.833+0000] {processor.py:183} INFO - Processing /home/airflow/.local/lib/python3.12/site-packages/airflow/example_dags/example_display_name.py took 0.243 seconds
[2024-07-14T16:35:36.307+0000] {processor.py:161} INFO - Started process (PID=296) to work on /home/airflow/.local/lib/python3.12/site-packages/airflow/example_dags/example_display_name.py
[2024-07-14T16:35:36.309+0000] {processor.py:830} INFO - Processing file /home/airflow/.local/lib/python3.12/site-packages/airflow/example_dags/example_display_name.py for tasks to queue
[2024-07-14T16:35:36.322+0000] {logging_mixin.py:188} INFO - [2024-07-14T16:35:36.322+0000] {dagbag.py:545} INFO - Filling up the DagBag from /home/airflow/.local/lib/python3.12/site-packages/airflow/example_dags/example_display_name.py
[2024-07-14T16:35:36.333+0000] {processor.py:840} INFO - DAG(s) 'example_display_name' retrieved from /home/airflow/.local/lib/python3.12/site-packages/airflow/example_dags/example_display_name.py
[2024-07-14T16:35:36.379+0000] {logging_mixin.py:188} INFO - [2024-07-14T16:35:36.378+0000] {dag.py:3096} INFO - Sync 1 DAGs
[2024-07-14T16:35:36.435+0000] {logging_mixin.py:188} INFO - [2024-07-14T16:35:36.434+0000] {dag.py:3954} INFO - Setting next_dagrun for example_display_name to None, run_after=None
[2024-07-14T16:35:36.491+0000] {processor.py:183} INFO - Processing /home/airflow/.local/lib/python3.12/site-packages/airflow/example_dags/example_display_name.py took 0.193 seconds
[2024-07-14T16:36:06.545+0000] {processor.py:161} INFO - Started process (PID=353) to work on /home/airflow/.local/lib/python3.12/site-packages/airflow/example_dags/example_display_name.py
[2024-07-14T16:36:06.547+0000] {processor.py:830} INFO - Processing file /home/airflow/.local/lib/python3.12/site-packages/airflow/example_dags/example_display_name.py for tasks to queue
[2024-07-14T16:36:06.550+0000] {logging_mixin.py:188} INFO - [2024-07-14T16:36:06.550+0000] {dagbag.py:545} INFO - Filling up the DagBag from /home/airflow/.local/lib/python3.12/site-packages/airflow/example_dags/example_display_name.py
[2024-07-14T16:36:06.559+0000] {processor.py:840} INFO - DAG(s) 'example_display_name' retrieved from /home/airflow/.local/lib/python3.12/site-packages/airflow/example_dags/example_display_name.py
[2024-07-14T16:36:06.605+0000] {logging_mixin.py:188} INFO - [2024-07-14T16:36:06.605+0000] {dag.py:3096} INFO - Sync 1 DAGs
[2024-07-14T16:36:06.637+0000] {logging_mixin.py:188} INFO - [2024-07-14T16:36:06.637+0000] {dag.py:3954} INFO - Setting next_dagrun for example_display_name to None, run_after=None
[2024-07-14T16:36:06.672+0000] {processor.py:183} INFO - Processing /home/airflow/.local/lib/python3.12/site-packages/airflow/example_dags/example_display_name.py took 0.137 seconds
[2024-07-14T16:36:40.685+0000] {processor.py:161} INFO - Started process (PID=412) to work on /home/airflow/.local/lib/python3.12/site-packages/airflow/example_dags/example_display_name.py
[2024-07-14T16:36:40.804+0000] {processor.py:830} INFO - Processing file /home/airflow/.local/lib/python3.12/site-packages/airflow/example_dags/example_display_name.py for tasks to queue
[2024-07-14T16:36:40.945+0000] {logging_mixin.py:188} INFO - [2024-07-14T16:36:40.944+0000] {dagbag.py:545} INFO - Filling up the DagBag from /home/airflow/.local/lib/python3.12/site-packages/airflow/example_dags/example_display_name.py
[2024-07-14T16:36:41.038+0000] {processor.py:840} INFO - DAG(s) 'example_display_name' retrieved from /home/airflow/.local/lib/python3.12/site-packages/airflow/example_dags/example_display_name.py
[2024-07-14T16:36:41.180+0000] {logging_mixin.py:188} INFO - [2024-07-14T16:36:41.180+0000] {dag.py:3096} INFO - Sync 1 DAGs
[2024-07-14T16:36:41.313+0000] {logging_mixin.py:188} INFO - [2024-07-14T16:36:41.313+0000] {dag.py:3954} INFO - Setting next_dagrun for example_display_name to None, run_after=None
[2024-07-14T16:36:41.475+0000] {processor.py:183} INFO - Processing /home/airflow/.local/lib/python3.12/site-packages/airflow/example_dags/example_display_name.py took 0.946 seconds
[2024-07-14T16:37:12.286+0000] {processor.py:161} INFO - Started process (PID=475) to work on /home/airflow/.local/lib/python3.12/site-packages/airflow/example_dags/example_display_name.py
[2024-07-14T16:37:12.289+0000] {processor.py:830} INFO - Processing file /home/airflow/.local/lib/python3.12/site-packages/airflow/example_dags/example_display_name.py for tasks to queue
[2024-07-14T16:37:12.292+0000] {logging_mixin.py:188} INFO - [2024-07-14T16:37:12.292+0000] {dagbag.py:545} INFO - Filling up the DagBag from /home/airflow/.local/lib/python3.12/site-packages/airflow/example_dags/example_display_name.py
[2024-07-14T16:37:12.302+0000] {processor.py:840} INFO - DAG(s) 'example_display_name' retrieved from /home/airflow/.local/lib/python3.12/site-packages/airflow/example_dags/example_display_name.py
[2024-07-14T16:37:12.350+0000] {logging_mixin.py:188} INFO - [2024-07-14T16:37:12.349+0000] {dag.py:3096} INFO - Sync 1 DAGs
[2024-07-14T16:37:12.382+0000] {logging_mixin.py:188} INFO - [2024-07-14T16:37:12.382+0000] {dag.py:3954} INFO - Setting next_dagrun for example_display_name to None, run_after=None
[2024-07-14T16:37:12.428+0000] {processor.py:183} INFO - Processing /home/airflow/.local/lib/python3.12/site-packages/airflow/example_dags/example_display_name.py took 0.167 seconds
[2024-07-14T16:37:45.291+0000] {processor.py:161} INFO - Started process (PID=533) to work on /home/airflow/.local/lib/python3.12/site-packages/airflow/example_dags/example_display_name.py
[2024-07-14T16:37:45.300+0000] {processor.py:830} INFO - Processing file /home/airflow/.local/lib/python3.12/site-packages/airflow/example_dags/example_display_name.py for tasks to queue
[2024-07-14T16:37:45.305+0000] {logging_mixin.py:188} INFO - [2024-07-14T16:37:45.304+0000] {dagbag.py:545} INFO - Filling up the DagBag from /home/airflow/.local/lib/python3.12/site-packages/airflow/example_dags/example_display_name.py
[2024-07-14T16:37:45.345+0000] {processor.py:840} INFO - DAG(s) 'example_display_name' retrieved from /home/airflow/.local/lib/python3.12/site-packages/airflow/example_dags/example_display_name.py
[2024-07-14T16:37:45.460+0000] {logging_mixin.py:188} INFO - [2024-07-14T16:37:45.459+0000] {dag.py:3096} INFO - Sync 1 DAGs
[2024-07-14T16:37:45.540+0000] {logging_mixin.py:188} INFO - [2024-07-14T16:37:45.539+0000] {dag.py:3954} INFO - Setting next_dagrun for example_display_name to None, run_after=None
[2024-07-14T16:37:45.708+0000] {processor.py:183} INFO - Processing /home/airflow/.local/lib/python3.12/site-packages/airflow/example_dags/example_display_name.py took 0.434 seconds
[2024-07-14T16:39:13.648+0000] {processor.py:161} INFO - Started process (PID=607) to work on /home/airflow/.local/lib/python3.12/site-packages/airflow/example_dags/example_display_name.py
[2024-07-14T16:39:13.652+0000] {processor.py:830} INFO - Processing file /home/airflow/.local/lib/python3.12/site-packages/airflow/example_dags/example_display_name.py for tasks to queue
[2024-07-14T16:39:13.654+0000] {logging_mixin.py:188} INFO - [2024-07-14T16:39:13.653+0000] {dagbag.py:545} INFO - Filling up the DagBag from /home/airflow/.local/lib/python3.12/site-packages/airflow/example_dags/example_display_name.py
[2024-07-14T16:39:13.693+0000] {processor.py:840} INFO - DAG(s) 'example_display_name' retrieved from /home/airflow/.local/lib/python3.12/site-packages/airflow/example_dags/example_display_name.py
[2024-07-14T16:39:13.809+0000] {logging_mixin.py:188} INFO - [2024-07-14T16:39:13.808+0000] {dag.py:3096} INFO - Sync 1 DAGs
[2024-07-14T16:39:13.883+0000] {logging_mixin.py:188} INFO - [2024-07-14T16:39:13.883+0000] {dag.py:3954} INFO - Setting next_dagrun for example_display_name to None, run_after=None
[2024-07-14T16:39:13.946+0000] {processor.py:183} INFO - Processing /home/airflow/.local/lib/python3.12/site-packages/airflow/example_dags/example_display_name.py took 0.322 seconds
[2024-07-14T16:39:44.357+0000] {processor.py:161} INFO - Started process (PID=666) to work on /home/airflow/.local/lib/python3.12/site-packages/airflow/example_dags/example_display_name.py
[2024-07-14T16:39:44.360+0000] {processor.py:830} INFO - Processing file /home/airflow/.local/lib/python3.12/site-packages/airflow/example_dags/example_display_name.py for tasks to queue
[2024-07-14T16:39:44.364+0000] {logging_mixin.py:188} INFO - [2024-07-14T16:39:44.364+0000] {dagbag.py:545} INFO - Filling up the DagBag from /home/airflow/.local/lib/python3.12/site-packages/airflow/example_dags/example_display_name.py
[2024-07-14T16:39:44.382+0000] {processor.py:840} INFO - DAG(s) 'example_display_name' retrieved from /home/airflow/.local/lib/python3.12/site-packages/airflow/example_dags/example_display_name.py
[2024-07-14T16:39:44.435+0000] {logging_mixin.py:188} INFO - [2024-07-14T16:39:44.435+0000] {dag.py:3096} INFO - Sync 1 DAGs
[2024-07-14T16:39:44.463+0000] {logging_mixin.py:188} INFO - [2024-07-14T16:39:44.463+0000] {dag.py:3954} INFO - Setting next_dagrun for example_display_name to None, run_after=None
[2024-07-14T16:39:44.507+0000] {processor.py:183} INFO - Processing /home/airflow/.local/lib/python3.12/site-packages/airflow/example_dags/example_display_name.py took 0.167 seconds
[2024-07-14T16:40:14.904+0000] {processor.py:161} INFO - Started process (PID=725) to work on /home/airflow/.local/lib/python3.12/site-packages/airflow/example_dags/example_display_name.py
[2024-07-14T16:40:14.906+0000] {processor.py:830} INFO - Processing file /home/airflow/.local/lib/python3.12/site-packages/airflow/example_dags/example_display_name.py for tasks to queue
[2024-07-14T16:40:14.908+0000] {logging_mixin.py:188} INFO - [2024-07-14T16:40:14.907+0000] {dagbag.py:545} INFO - Filling up the DagBag from /home/airflow/.local/lib/python3.12/site-packages/airflow/example_dags/example_display_name.py
[2024-07-14T16:40:14.931+0000] {processor.py:840} INFO - DAG(s) 'example_display_name' retrieved from /home/airflow/.local/lib/python3.12/site-packages/airflow/example_dags/example_display_name.py
[2024-07-14T16:40:14.977+0000] {logging_mixin.py:188} INFO - [2024-07-14T16:40:14.977+0000] {dag.py:3096} INFO - Sync 1 DAGs
[2024-07-14T16:40:15.002+0000] {logging_mixin.py:188} INFO - [2024-07-14T16:40:15.002+0000] {dag.py:3954} INFO - Setting next_dagrun for example_display_name to None, run_after=None
[2024-07-14T16:40:15.040+0000] {processor.py:183} INFO - Processing /home/airflow/.local/lib/python3.12/site-packages/airflow/example_dags/example_display_name.py took 0.148 seconds
[2024-07-14T16:40:46.760+0000] {processor.py:161} INFO - Started process (PID=784) to work on /home/airflow/.local/lib/python3.12/site-packages/airflow/example_dags/example_display_name.py
[2024-07-14T16:40:46.779+0000] {processor.py:830} INFO - Processing file /home/airflow/.local/lib/python3.12/site-packages/airflow/example_dags/example_display_name.py for tasks to queue
[2024-07-14T16:40:46.783+0000] {logging_mixin.py:188} INFO - [2024-07-14T16:40:46.782+0000] {dagbag.py:545} INFO - Filling up the DagBag from /home/airflow/.local/lib/python3.12/site-packages/airflow/example_dags/example_display_name.py
[2024-07-14T16:40:46.822+0000] {processor.py:840} INFO - DAG(s) 'example_display_name' retrieved from /home/airflow/.local/lib/python3.12/site-packages/airflow/example_dags/example_display_name.py
[2024-07-14T16:40:46.902+0000] {logging_mixin.py:188} INFO - [2024-07-14T16:40:46.901+0000] {dag.py:3096} INFO - Sync 1 DAGs
[2024-07-14T16:40:46.939+0000] {logging_mixin.py:188} INFO - [2024-07-14T16:40:46.939+0000] {dag.py:3954} INFO - Setting next_dagrun for example_display_name to None, run_after=None
[2024-07-14T16:40:47.026+0000] {processor.py:183} INFO - Processing /home/airflow/.local/lib/python3.12/site-packages/airflow/example_dags/example_display_name.py took 0.301 seconds
[2024-07-14T16:41:17.345+0000] {processor.py:161} INFO - Started process (PID=842) to work on /home/airflow/.local/lib/python3.12/site-packages/airflow/example_dags/example_display_name.py
[2024-07-14T16:41:17.352+0000] {processor.py:830} INFO - Processing file /home/airflow/.local/lib/python3.12/site-packages/airflow/example_dags/example_display_name.py for tasks to queue
[2024-07-14T16:41:17.356+0000] {logging_mixin.py:188} INFO - [2024-07-14T16:41:17.356+0000] {dagbag.py:545} INFO - Filling up the DagBag from /home/airflow/.local/lib/python3.12/site-packages/airflow/example_dags/example_display_name.py
[2024-07-14T16:41:17.368+0000] {processor.py:840} INFO - DAG(s) 'example_display_name' retrieved from /home/airflow/.local/lib/python3.12/site-packages/airflow/example_dags/example_display_name.py
[2024-07-14T16:41:17.429+0000] {logging_mixin.py:188} INFO - [2024-07-14T16:41:17.428+0000] {dag.py:3096} INFO - Sync 1 DAGs
[2024-07-14T16:41:17.458+0000] {logging_mixin.py:188} INFO - [2024-07-14T16:41:17.455+0000] {dag.py:3954} INFO - Setting next_dagrun for example_display_name to None, run_after=None
[2024-07-14T16:41:17.565+0000] {processor.py:183} INFO - Processing /home/airflow/.local/lib/python3.12/site-packages/airflow/example_dags/example_display_name.py took 0.244 seconds
[2024-07-14T16:41:48.490+0000] {processor.py:161} INFO - Started process (PID=899) to work on /home/airflow/.local/lib/python3.12/site-packages/airflow/example_dags/example_display_name.py
[2024-07-14T16:41:48.492+0000] {processor.py:830} INFO - Processing file /home/airflow/.local/lib/python3.12/site-packages/airflow/example_dags/example_display_name.py for tasks to queue
[2024-07-14T16:41:48.494+0000] {logging_mixin.py:188} INFO - [2024-07-14T16:41:48.493+0000] {dagbag.py:545} INFO - Filling up the DagBag from /home/airflow/.local/lib/python3.12/site-packages/airflow/example_dags/example_display_name.py
[2024-07-14T16:41:48.506+0000] {processor.py:840} INFO - DAG(s) 'example_display_name' retrieved from /home/airflow/.local/lib/python3.12/site-packages/airflow/example_dags/example_display_name.py
[2024-07-14T16:41:48.574+0000] {logging_mixin.py:188} INFO - [2024-07-14T16:41:48.573+0000] {dag.py:3096} INFO - Sync 1 DAGs
[2024-07-14T16:41:48.633+0000] {logging_mixin.py:188} INFO - [2024-07-14T16:41:48.633+0000] {dag.py:3954} INFO - Setting next_dagrun for example_display_name to None, run_after=None
[2024-07-14T16:41:48.700+0000] {processor.py:183} INFO - Processing /home/airflow/.local/lib/python3.12/site-packages/airflow/example_dags/example_display_name.py took 0.227 seconds
[2024-07-14T16:42:19.192+0000] {processor.py:161} INFO - Started process (PID=958) to work on /home/airflow/.local/lib/python3.12/site-packages/airflow/example_dags/example_display_name.py
[2024-07-14T16:42:19.194+0000] {processor.py:830} INFO - Processing file /home/airflow/.local/lib/python3.12/site-packages/airflow/example_dags/example_display_name.py for tasks to queue
[2024-07-14T16:42:19.197+0000] {logging_mixin.py:188} INFO - [2024-07-14T16:42:19.197+0000] {dagbag.py:545} INFO - Filling up the DagBag from /home/airflow/.local/lib/python3.12/site-packages/airflow/example_dags/example_display_name.py
[2024-07-14T16:42:19.209+0000] {processor.py:840} INFO - DAG(s) 'example_display_name' retrieved from /home/airflow/.local/lib/python3.12/site-packages/airflow/example_dags/example_display_name.py
[2024-07-14T16:42:19.256+0000] {logging_mixin.py:188} INFO - [2024-07-14T16:42:19.256+0000] {dag.py:3096} INFO - Sync 1 DAGs
[2024-07-14T16:42:19.288+0000] {logging_mixin.py:188} INFO - [2024-07-14T16:42:19.287+0000] {dag.py:3954} INFO - Setting next_dagrun for example_display_name to None, run_after=None
[2024-07-14T16:42:19.338+0000] {processor.py:183} INFO - Processing /home/airflow/.local/lib/python3.12/site-packages/airflow/example_dags/example_display_name.py took 0.157 seconds
[2024-07-14T16:42:49.752+0000] {processor.py:161} INFO - Started process (PID=1016) to work on /home/airflow/.local/lib/python3.12/site-packages/airflow/example_dags/example_display_name.py
[2024-07-14T16:42:49.764+0000] {processor.py:830} INFO - Processing file /home/airflow/.local/lib/python3.12/site-packages/airflow/example_dags/example_display_name.py for tasks to queue
[2024-07-14T16:42:49.778+0000] {logging_mixin.py:188} INFO - [2024-07-14T16:42:49.778+0000] {dagbag.py:545} INFO - Filling up the DagBag from /home/airflow/.local/lib/python3.12/site-packages/airflow/example_dags/example_display_name.py
[2024-07-14T16:42:49.794+0000] {processor.py:840} INFO - DAG(s) 'example_display_name' retrieved from /home/airflow/.local/lib/python3.12/site-packages/airflow/example_dags/example_display_name.py
[2024-07-14T16:42:49.844+0000] {logging_mixin.py:188} INFO - [2024-07-14T16:42:49.843+0000] {dag.py:3096} INFO - Sync 1 DAGs
[2024-07-14T16:42:49.877+0000] {logging_mixin.py:188} INFO - [2024-07-14T16:42:49.877+0000] {dag.py:3954} INFO - Setting next_dagrun for example_display_name to None, run_after=None
[2024-07-14T16:42:49.932+0000] {processor.py:183} INFO - Processing /home/airflow/.local/lib/python3.12/site-packages/airflow/example_dags/example_display_name.py took 0.192 seconds
[2024-07-14T16:43:20.705+0000] {processor.py:161} INFO - Started process (PID=1075) to work on /home/airflow/.local/lib/python3.12/site-packages/airflow/example_dags/example_display_name.py
[2024-07-14T16:43:20.709+0000] {processor.py:830} INFO - Processing file /home/airflow/.local/lib/python3.12/site-packages/airflow/example_dags/example_display_name.py for tasks to queue
[2024-07-14T16:43:20.711+0000] {logging_mixin.py:188} INFO - [2024-07-14T16:43:20.710+0000] {dagbag.py:545} INFO - Filling up the DagBag from /home/airflow/.local/lib/python3.12/site-packages/airflow/example_dags/example_display_name.py
[2024-07-14T16:43:20.731+0000] {processor.py:840} INFO - DAG(s) 'example_display_name' retrieved from /home/airflow/.local/lib/python3.12/site-packages/airflow/example_dags/example_display_name.py
[2024-07-14T16:43:20.792+0000] {logging_mixin.py:188} INFO - [2024-07-14T16:43:20.792+0000] {dag.py:3096} INFO - Sync 1 DAGs
[2024-07-14T16:43:20.846+0000] {logging_mixin.py:188} INFO - [2024-07-14T16:43:20.845+0000] {dag.py:3954} INFO - Setting next_dagrun for example_display_name to None, run_after=None
[2024-07-14T16:43:20.902+0000] {processor.py:183} INFO - Processing /home/airflow/.local/lib/python3.12/site-packages/airflow/example_dags/example_display_name.py took 0.212 seconds
[2024-07-14T16:43:51.580+0000] {processor.py:161} INFO - Started process (PID=1134) to work on /home/airflow/.local/lib/python3.12/site-packages/airflow/example_dags/example_display_name.py
[2024-07-14T16:43:51.585+0000] {processor.py:830} INFO - Processing file /home/airflow/.local/lib/python3.12/site-packages/airflow/example_dags/example_display_name.py for tasks to queue
[2024-07-14T16:43:51.591+0000] {logging_mixin.py:188} INFO - [2024-07-14T16:43:51.591+0000] {dagbag.py:545} INFO - Filling up the DagBag from /home/airflow/.local/lib/python3.12/site-packages/airflow/example_dags/example_display_name.py
[2024-07-14T16:43:51.610+0000] {processor.py:840} INFO - DAG(s) 'example_display_name' retrieved from /home/airflow/.local/lib/python3.12/site-packages/airflow/example_dags/example_display_name.py
[2024-07-14T16:43:51.672+0000] {logging_mixin.py:188} INFO - [2024-07-14T16:43:51.670+0000] {dag.py:3096} INFO - Sync 1 DAGs
[2024-07-14T16:43:51.705+0000] {logging_mixin.py:188} INFO - [2024-07-14T16:43:51.704+0000] {dag.py:3954} INFO - Setting next_dagrun for example_display_name to None, run_after=None
[2024-07-14T16:43:51.753+0000] {processor.py:183} INFO - Processing /home/airflow/.local/lib/python3.12/site-packages/airflow/example_dags/example_display_name.py took 0.202 seconds
[2024-07-14T16:44:22.081+0000] {processor.py:161} INFO - Started process (PID=1192) to work on /home/airflow/.local/lib/python3.12/site-packages/airflow/example_dags/example_display_name.py
[2024-07-14T16:44:22.085+0000] {processor.py:830} INFO - Processing file /home/airflow/.local/lib/python3.12/site-packages/airflow/example_dags/example_display_name.py for tasks to queue
[2024-07-14T16:44:22.087+0000] {logging_mixin.py:188} INFO - [2024-07-14T16:44:22.086+0000] {dagbag.py:545} INFO - Filling up the DagBag from /home/airflow/.local/lib/python3.12/site-packages/airflow/example_dags/example_display_name.py
[2024-07-14T16:44:22.098+0000] {processor.py:840} INFO - DAG(s) 'example_display_name' retrieved from /home/airflow/.local/lib/python3.12/site-packages/airflow/example_dags/example_display_name.py
[2024-07-14T16:44:22.154+0000] {logging_mixin.py:188} INFO - [2024-07-14T16:44:22.154+0000] {dag.py:3096} INFO - Sync 1 DAGs
[2024-07-14T16:44:22.188+0000] {logging_mixin.py:188} INFO - [2024-07-14T16:44:22.188+0000] {dag.py:3954} INFO - Setting next_dagrun for example_display_name to None, run_after=None
[2024-07-14T16:44:22.235+0000] {processor.py:183} INFO - Processing /home/airflow/.local/lib/python3.12/site-packages/airflow/example_dags/example_display_name.py took 0.175 seconds
[2024-07-14T16:44:52.825+0000] {processor.py:161} INFO - Started process (PID=1251) to work on /home/airflow/.local/lib/python3.12/site-packages/airflow/example_dags/example_display_name.py
[2024-07-14T16:44:52.827+0000] {processor.py:830} INFO - Processing file /home/airflow/.local/lib/python3.12/site-packages/airflow/example_dags/example_display_name.py for tasks to queue
[2024-07-14T16:44:52.829+0000] {logging_mixin.py:188} INFO - [2024-07-14T16:44:52.828+0000] {dagbag.py:545} INFO - Filling up the DagBag from /home/airflow/.local/lib/python3.12/site-packages/airflow/example_dags/example_display_name.py
[2024-07-14T16:44:52.845+0000] {processor.py:840} INFO - DAG(s) 'example_display_name' retrieved from /home/airflow/.local/lib/python3.12/site-packages/airflow/example_dags/example_display_name.py
[2024-07-14T16:44:52.887+0000] {logging_mixin.py:188} INFO - [2024-07-14T16:44:52.887+0000] {dag.py:3096} INFO - Sync 1 DAGs
[2024-07-14T16:44:52.912+0000] {logging_mixin.py:188} INFO - [2024-07-14T16:44:52.912+0000] {dag.py:3954} INFO - Setting next_dagrun for example_display_name to None, run_after=None
[2024-07-14T16:44:52.959+0000] {processor.py:183} INFO - Processing /home/airflow/.local/lib/python3.12/site-packages/airflow/example_dags/example_display_name.py took 0.145 seconds
[2024-07-14T16:45:23.698+0000] {processor.py:161} INFO - Started process (PID=1309) to work on /home/airflow/.local/lib/python3.12/site-packages/airflow/example_dags/example_display_name.py
[2024-07-14T16:45:23.700+0000] {processor.py:830} INFO - Processing file /home/airflow/.local/lib/python3.12/site-packages/airflow/example_dags/example_display_name.py for tasks to queue
[2024-07-14T16:45:23.702+0000] {logging_mixin.py:188} INFO - [2024-07-14T16:45:23.701+0000] {dagbag.py:545} INFO - Filling up the DagBag from /home/airflow/.local/lib/python3.12/site-packages/airflow/example_dags/example_display_name.py
[2024-07-14T16:45:23.713+0000] {processor.py:840} INFO - DAG(s) 'example_display_name' retrieved from /home/airflow/.local/lib/python3.12/site-packages/airflow/example_dags/example_display_name.py
[2024-07-14T16:45:23.766+0000] {logging_mixin.py:188} INFO - [2024-07-14T16:45:23.765+0000] {dag.py:3096} INFO - Sync 1 DAGs
[2024-07-14T16:45:23.795+0000] {logging_mixin.py:188} INFO - [2024-07-14T16:45:23.795+0000] {dag.py:3954} INFO - Setting next_dagrun for example_display_name to None, run_after=None
[2024-07-14T16:45:23.838+0000] {processor.py:183} INFO - Processing /home/airflow/.local/lib/python3.12/site-packages/airflow/example_dags/example_display_name.py took 0.149 seconds
[2024-07-14T16:45:54.086+0000] {processor.py:161} INFO - Started process (PID=1368) to work on /home/airflow/.local/lib/python3.12/site-packages/airflow/example_dags/example_display_name.py
[2024-07-14T16:45:54.089+0000] {processor.py:830} INFO - Processing file /home/airflow/.local/lib/python3.12/site-packages/airflow/example_dags/example_display_name.py for tasks to queue
[2024-07-14T16:45:54.093+0000] {logging_mixin.py:188} INFO - [2024-07-14T16:45:54.092+0000] {dagbag.py:545} INFO - Filling up the DagBag from /home/airflow/.local/lib/python3.12/site-packages/airflow/example_dags/example_display_name.py
[2024-07-14T16:45:54.108+0000] {processor.py:840} INFO - DAG(s) 'example_display_name' retrieved from /home/airflow/.local/lib/python3.12/site-packages/airflow/example_dags/example_display_name.py
[2024-07-14T16:45:54.164+0000] {logging_mixin.py:188} INFO - [2024-07-14T16:45:54.164+0000] {dag.py:3096} INFO - Sync 1 DAGs
[2024-07-14T16:45:54.209+0000] {logging_mixin.py:188} INFO - [2024-07-14T16:45:54.207+0000] {dag.py:3954} INFO - Setting next_dagrun for example_display_name to None, run_after=None
[2024-07-14T16:45:54.253+0000] {processor.py:183} INFO - Processing /home/airflow/.local/lib/python3.12/site-packages/airflow/example_dags/example_display_name.py took 0.184 seconds
[2024-07-14T16:46:25.106+0000] {processor.py:161} INFO - Started process (PID=1427) to work on /home/airflow/.local/lib/python3.12/site-packages/airflow/example_dags/example_display_name.py
[2024-07-14T16:46:25.108+0000] {processor.py:830} INFO - Processing file /home/airflow/.local/lib/python3.12/site-packages/airflow/example_dags/example_display_name.py for tasks to queue
[2024-07-14T16:46:25.111+0000] {logging_mixin.py:188} INFO - [2024-07-14T16:46:25.110+0000] {dagbag.py:545} INFO - Filling up the DagBag from /home/airflow/.local/lib/python3.12/site-packages/airflow/example_dags/example_display_name.py
[2024-07-14T16:46:25.124+0000] {processor.py:840} INFO - DAG(s) 'example_display_name' retrieved from /home/airflow/.local/lib/python3.12/site-packages/airflow/example_dags/example_display_name.py
[2024-07-14T16:46:25.178+0000] {logging_mixin.py:188} INFO - [2024-07-14T16:46:25.177+0000] {dag.py:3096} INFO - Sync 1 DAGs
[2024-07-14T16:46:25.216+0000] {logging_mixin.py:188} INFO - [2024-07-14T16:46:25.216+0000] {dag.py:3954} INFO - Setting next_dagrun for example_display_name to None, run_after=None
[2024-07-14T16:46:25.265+0000] {processor.py:183} INFO - Processing /home/airflow/.local/lib/python3.12/site-packages/airflow/example_dags/example_display_name.py took 0.174 seconds
[2024-07-14T16:46:55.643+0000] {processor.py:161} INFO - Started process (PID=1486) to work on /home/airflow/.local/lib/python3.12/site-packages/airflow/example_dags/example_display_name.py
[2024-07-14T16:46:55.645+0000] {processor.py:830} INFO - Processing file /home/airflow/.local/lib/python3.12/site-packages/airflow/example_dags/example_display_name.py for tasks to queue
[2024-07-14T16:46:55.646+0000] {logging_mixin.py:188} INFO - [2024-07-14T16:46:55.646+0000] {dagbag.py:545} INFO - Filling up the DagBag from /home/airflow/.local/lib/python3.12/site-packages/airflow/example_dags/example_display_name.py
[2024-07-14T16:46:55.656+0000] {processor.py:840} INFO - DAG(s) 'example_display_name' retrieved from /home/airflow/.local/lib/python3.12/site-packages/airflow/example_dags/example_display_name.py
[2024-07-14T16:46:55.708+0000] {logging_mixin.py:188} INFO - [2024-07-14T16:46:55.707+0000] {dag.py:3096} INFO - Sync 1 DAGs
[2024-07-14T16:46:55.737+0000] {logging_mixin.py:188} INFO - [2024-07-14T16:46:55.737+0000] {dag.py:3954} INFO - Setting next_dagrun for example_display_name to None, run_after=None
[2024-07-14T16:46:55.766+0000] {processor.py:183} INFO - Processing /home/airflow/.local/lib/python3.12/site-packages/airflow/example_dags/example_display_name.py took 0.134 seconds
[2024-07-14T16:47:25.965+0000] {processor.py:161} INFO - Started process (PID=1545) to work on /home/airflow/.local/lib/python3.12/site-packages/airflow/example_dags/example_display_name.py
[2024-07-14T16:47:25.967+0000] {processor.py:830} INFO - Processing file /home/airflow/.local/lib/python3.12/site-packages/airflow/example_dags/example_display_name.py for tasks to queue
[2024-07-14T16:47:25.971+0000] {logging_mixin.py:188} INFO - [2024-07-14T16:47:25.970+0000] {dagbag.py:545} INFO - Filling up the DagBag from /home/airflow/.local/lib/python3.12/site-packages/airflow/example_dags/example_display_name.py
[2024-07-14T16:47:25.991+0000] {processor.py:840} INFO - DAG(s) 'example_display_name' retrieved from /home/airflow/.local/lib/python3.12/site-packages/airflow/example_dags/example_display_name.py
[2024-07-14T16:47:26.057+0000] {logging_mixin.py:188} INFO - [2024-07-14T16:47:26.057+0000] {dag.py:3096} INFO - Sync 1 DAGs
[2024-07-14T16:47:26.091+0000] {logging_mixin.py:188} INFO - [2024-07-14T16:47:26.090+0000] {dag.py:3954} INFO - Setting next_dagrun for example_display_name to None, run_after=None
[2024-07-14T16:47:26.163+0000] {processor.py:183} INFO - Processing /home/airflow/.local/lib/python3.12/site-packages/airflow/example_dags/example_display_name.py took 0.210 seconds
[2024-07-14T16:47:56.687+0000] {processor.py:161} INFO - Started process (PID=1610) to work on /home/airflow/.local/lib/python3.12/site-packages/airflow/example_dags/example_display_name.py
[2024-07-14T16:47:56.689+0000] {processor.py:830} INFO - Processing file /home/airflow/.local/lib/python3.12/site-packages/airflow/example_dags/example_display_name.py for tasks to queue
[2024-07-14T16:47:56.692+0000] {logging_mixin.py:188} INFO - [2024-07-14T16:47:56.691+0000] {dagbag.py:545} INFO - Filling up the DagBag from /home/airflow/.local/lib/python3.12/site-packages/airflow/example_dags/example_display_name.py
[2024-07-14T16:47:56.709+0000] {processor.py:840} INFO - DAG(s) 'example_display_name' retrieved from /home/airflow/.local/lib/python3.12/site-packages/airflow/example_dags/example_display_name.py
[2024-07-14T16:47:56.763+0000] {logging_mixin.py:188} INFO - [2024-07-14T16:47:56.763+0000] {dag.py:3096} INFO - Sync 1 DAGs
[2024-07-14T16:47:56.792+0000] {logging_mixin.py:188} INFO - [2024-07-14T16:47:56.791+0000] {dag.py:3954} INFO - Setting next_dagrun for example_display_name to None, run_after=None
[2024-07-14T16:47:56.857+0000] {processor.py:183} INFO - Processing /home/airflow/.local/lib/python3.12/site-packages/airflow/example_dags/example_display_name.py took 0.194 seconds
[2024-07-14T16:48:27.829+0000] {processor.py:161} INFO - Started process (PID=1669) to work on /home/airflow/.local/lib/python3.12/site-packages/airflow/example_dags/example_display_name.py
[2024-07-14T16:48:27.831+0000] {processor.py:830} INFO - Processing file /home/airflow/.local/lib/python3.12/site-packages/airflow/example_dags/example_display_name.py for tasks to queue
[2024-07-14T16:48:27.835+0000] {logging_mixin.py:188} INFO - [2024-07-14T16:48:27.834+0000] {dagbag.py:545} INFO - Filling up the DagBag from /home/airflow/.local/lib/python3.12/site-packages/airflow/example_dags/example_display_name.py
[2024-07-14T16:48:27.856+0000] {processor.py:840} INFO - DAG(s) 'example_display_name' retrieved from /home/airflow/.local/lib/python3.12/site-packages/airflow/example_dags/example_display_name.py
[2024-07-14T16:48:27.909+0000] {logging_mixin.py:188} INFO - [2024-07-14T16:48:27.908+0000] {dag.py:3096} INFO - Sync 1 DAGs
[2024-07-14T16:48:27.941+0000] {logging_mixin.py:188} INFO - [2024-07-14T16:48:27.940+0000] {dag.py:3954} INFO - Setting next_dagrun for example_display_name to None, run_after=None
[2024-07-14T16:48:27.975+0000] {processor.py:183} INFO - Processing /home/airflow/.local/lib/python3.12/site-packages/airflow/example_dags/example_display_name.py took 0.158 seconds
[2024-07-14T16:48:59.306+0000] {processor.py:161} INFO - Started process (PID=1728) to work on /home/airflow/.local/lib/python3.12/site-packages/airflow/example_dags/example_display_name.py
[2024-07-14T16:48:59.307+0000] {processor.py:830} INFO - Processing file /home/airflow/.local/lib/python3.12/site-packages/airflow/example_dags/example_display_name.py for tasks to queue
[2024-07-14T16:48:59.312+0000] {logging_mixin.py:188} INFO - [2024-07-14T16:48:59.311+0000] {dagbag.py:545} INFO - Filling up the DagBag from /home/airflow/.local/lib/python3.12/site-packages/airflow/example_dags/example_display_name.py
[2024-07-14T16:48:59.349+0000] {processor.py:840} INFO - DAG(s) 'example_display_name' retrieved from /home/airflow/.local/lib/python3.12/site-packages/airflow/example_dags/example_display_name.py
[2024-07-14T16:48:59.391+0000] {logging_mixin.py:188} INFO - [2024-07-14T16:48:59.390+0000] {dag.py:3096} INFO - Sync 1 DAGs
[2024-07-14T16:48:59.414+0000] {logging_mixin.py:188} INFO - [2024-07-14T16:48:59.413+0000] {dag.py:3954} INFO - Setting next_dagrun for example_display_name to None, run_after=None
[2024-07-14T16:48:59.456+0000] {processor.py:183} INFO - Processing /home/airflow/.local/lib/python3.12/site-packages/airflow/example_dags/example_display_name.py took 0.160 seconds
[2024-07-14T16:49:29.964+0000] {processor.py:161} INFO - Started process (PID=1787) to work on /home/airflow/.local/lib/python3.12/site-packages/airflow/example_dags/example_display_name.py
[2024-07-14T16:49:29.983+0000] {processor.py:830} INFO - Processing file /home/airflow/.local/lib/python3.12/site-packages/airflow/example_dags/example_display_name.py for tasks to queue
[2024-07-14T16:49:29.986+0000] {logging_mixin.py:188} INFO - [2024-07-14T16:49:29.986+0000] {dagbag.py:545} INFO - Filling up the DagBag from /home/airflow/.local/lib/python3.12/site-packages/airflow/example_dags/example_display_name.py
[2024-07-14T16:49:30.001+0000] {processor.py:840} INFO - DAG(s) 'example_display_name' retrieved from /home/airflow/.local/lib/python3.12/site-packages/airflow/example_dags/example_display_name.py
[2024-07-14T16:49:30.059+0000] {logging_mixin.py:188} INFO - [2024-07-14T16:49:30.058+0000] {dag.py:3096} INFO - Sync 1 DAGs
[2024-07-14T16:49:30.112+0000] {logging_mixin.py:188} INFO - [2024-07-14T16:49:30.106+0000] {dag.py:3954} INFO - Setting next_dagrun for example_display_name to None, run_after=None
[2024-07-14T16:49:30.163+0000] {processor.py:183} INFO - Processing /home/airflow/.local/lib/python3.12/site-packages/airflow/example_dags/example_display_name.py took 0.211 seconds
[2024-07-14T16:50:00.714+0000] {processor.py:161} INFO - Started process (PID=1846) to work on /home/airflow/.local/lib/python3.12/site-packages/airflow/example_dags/example_display_name.py
[2024-07-14T16:50:00.727+0000] {processor.py:830} INFO - Processing file /home/airflow/.local/lib/python3.12/site-packages/airflow/example_dags/example_display_name.py for tasks to queue
[2024-07-14T16:50:00.731+0000] {logging_mixin.py:188} INFO - [2024-07-14T16:50:00.730+0000] {dagbag.py:545} INFO - Filling up the DagBag from /home/airflow/.local/lib/python3.12/site-packages/airflow/example_dags/example_display_name.py
[2024-07-14T16:50:00.756+0000] {processor.py:840} INFO - DAG(s) 'example_display_name' retrieved from /home/airflow/.local/lib/python3.12/site-packages/airflow/example_dags/example_display_name.py
[2024-07-14T16:50:00.867+0000] {logging_mixin.py:188} INFO - [2024-07-14T16:50:00.867+0000] {dag.py:3096} INFO - Sync 1 DAGs
[2024-07-14T16:50:00.914+0000] {logging_mixin.py:188} INFO - [2024-07-14T16:50:00.914+0000] {dag.py:3954} INFO - Setting next_dagrun for example_display_name to None, run_after=None
[2024-07-14T16:50:00.967+0000] {processor.py:183} INFO - Processing /home/airflow/.local/lib/python3.12/site-packages/airflow/example_dags/example_display_name.py took 0.271 seconds
[2024-07-14T16:50:31.677+0000] {processor.py:161} INFO - Started process (PID=1904) to work on /home/airflow/.local/lib/python3.12/site-packages/airflow/example_dags/example_display_name.py
[2024-07-14T16:50:31.682+0000] {processor.py:830} INFO - Processing file /home/airflow/.local/lib/python3.12/site-packages/airflow/example_dags/example_display_name.py for tasks to queue
[2024-07-14T16:50:31.684+0000] {logging_mixin.py:188} INFO - [2024-07-14T16:50:31.684+0000] {dagbag.py:545} INFO - Filling up the DagBag from /home/airflow/.local/lib/python3.12/site-packages/airflow/example_dags/example_display_name.py
[2024-07-14T16:50:31.694+0000] {processor.py:840} INFO - DAG(s) 'example_display_name' retrieved from /home/airflow/.local/lib/python3.12/site-packages/airflow/example_dags/example_display_name.py
[2024-07-14T16:50:31.969+0000] {logging_mixin.py:188} INFO - [2024-07-14T16:50:31.968+0000] {dag.py:3096} INFO - Sync 1 DAGs
[2024-07-14T16:50:31.994+0000] {logging_mixin.py:188} INFO - [2024-07-14T16:50:31.994+0000] {dag.py:3954} INFO - Setting next_dagrun for example_display_name to None, run_after=None
[2024-07-14T16:50:32.030+0000] {processor.py:183} INFO - Processing /home/airflow/.local/lib/python3.12/site-packages/airflow/example_dags/example_display_name.py took 0.366 seconds
[2024-07-14T16:51:02.235+0000] {processor.py:161} INFO - Started process (PID=1962) to work on /home/airflow/.local/lib/python3.12/site-packages/airflow/example_dags/example_display_name.py
[2024-07-14T16:51:02.237+0000] {processor.py:830} INFO - Processing file /home/airflow/.local/lib/python3.12/site-packages/airflow/example_dags/example_display_name.py for tasks to queue
[2024-07-14T16:51:02.239+0000] {logging_mixin.py:188} INFO - [2024-07-14T16:51:02.238+0000] {dagbag.py:545} INFO - Filling up the DagBag from /home/airflow/.local/lib/python3.12/site-packages/airflow/example_dags/example_display_name.py
[2024-07-14T16:51:02.249+0000] {processor.py:840} INFO - DAG(s) 'example_display_name' retrieved from /home/airflow/.local/lib/python3.12/site-packages/airflow/example_dags/example_display_name.py
[2024-07-14T16:51:02.292+0000] {logging_mixin.py:188} INFO - [2024-07-14T16:51:02.292+0000] {dag.py:3096} INFO - Sync 1 DAGs
[2024-07-14T16:51:02.328+0000] {logging_mixin.py:188} INFO - [2024-07-14T16:51:02.327+0000] {dag.py:3954} INFO - Setting next_dagrun for example_display_name to None, run_after=None
[2024-07-14T16:51:02.382+0000] {processor.py:183} INFO - Processing /home/airflow/.local/lib/python3.12/site-packages/airflow/example_dags/example_display_name.py took 0.164 seconds
[2024-07-14T16:51:32.444+0000] {processor.py:161} INFO - Started process (PID=2021) to work on /home/airflow/.local/lib/python3.12/site-packages/airflow/example_dags/example_display_name.py
[2024-07-14T16:51:32.446+0000] {processor.py:830} INFO - Processing file /home/airflow/.local/lib/python3.12/site-packages/airflow/example_dags/example_display_name.py for tasks to queue
[2024-07-14T16:51:32.447+0000] {logging_mixin.py:188} INFO - [2024-07-14T16:51:32.447+0000] {dagbag.py:545} INFO - Filling up the DagBag from /home/airflow/.local/lib/python3.12/site-packages/airflow/example_dags/example_display_name.py
[2024-07-14T16:51:32.456+0000] {processor.py:840} INFO - DAG(s) 'example_display_name' retrieved from /home/airflow/.local/lib/python3.12/site-packages/airflow/example_dags/example_display_name.py
[2024-07-14T16:51:32.494+0000] {logging_mixin.py:188} INFO - [2024-07-14T16:51:32.493+0000] {dag.py:3096} INFO - Sync 1 DAGs
[2024-07-14T16:51:32.514+0000] {logging_mixin.py:188} INFO - [2024-07-14T16:51:32.514+0000] {dag.py:3954} INFO - Setting next_dagrun for example_display_name to None, run_after=None
[2024-07-14T16:51:32.549+0000] {processor.py:183} INFO - Processing /home/airflow/.local/lib/python3.12/site-packages/airflow/example_dags/example_display_name.py took 0.117 seconds
[2024-07-14T16:56:04.241+0000] {processor.py:161} INFO - Started process (PID=85) to work on /home/airflow/.local/lib/python3.12/site-packages/airflow/example_dags/example_display_name.py
[2024-07-14T16:56:04.271+0000] {processor.py:830} INFO - Processing file /home/airflow/.local/lib/python3.12/site-packages/airflow/example_dags/example_display_name.py for tasks to queue
[2024-07-14T16:56:04.293+0000] {logging_mixin.py:188} INFO - [2024-07-14T16:56:04.288+0000] {dagbag.py:545} INFO - Filling up the DagBag from /home/airflow/.local/lib/python3.12/site-packages/airflow/example_dags/example_display_name.py
[2024-07-14T16:56:04.376+0000] {processor.py:840} INFO - DAG(s) 'example_display_name' retrieved from /home/airflow/.local/lib/python3.12/site-packages/airflow/example_dags/example_display_name.py
[2024-07-14T16:56:06.838+0000] {logging_mixin.py:188} INFO - [2024-07-14T16:56:06.838+0000] {dag.py:3096} INFO - Sync 1 DAGs
[2024-07-14T16:56:07.003+0000] {logging_mixin.py:188} INFO - [2024-07-14T16:56:07.002+0000] {dag.py:3954} INFO - Setting next_dagrun for example_display_name to None, run_after=None
[2024-07-14T16:56:08.028+0000] {processor.py:183} INFO - Processing /home/airflow/.local/lib/python3.12/site-packages/airflow/example_dags/example_display_name.py took 3.948 seconds
[2024-07-14T16:56:39.924+0000] {processor.py:161} INFO - Started process (PID=144) to work on /home/airflow/.local/lib/python3.12/site-packages/airflow/example_dags/example_display_name.py
[2024-07-14T16:56:39.967+0000] {processor.py:830} INFO - Processing file /home/airflow/.local/lib/python3.12/site-packages/airflow/example_dags/example_display_name.py for tasks to queue
[2024-07-14T16:56:40.010+0000] {logging_mixin.py:188} INFO - [2024-07-14T16:56:40.001+0000] {dagbag.py:545} INFO - Filling up the DagBag from /home/airflow/.local/lib/python3.12/site-packages/airflow/example_dags/example_display_name.py
[2024-07-14T16:56:40.101+0000] {processor.py:840} INFO - DAG(s) 'example_display_name' retrieved from /home/airflow/.local/lib/python3.12/site-packages/airflow/example_dags/example_display_name.py
[2024-07-14T16:56:40.217+0000] {logging_mixin.py:188} INFO - [2024-07-14T16:56:40.214+0000] {dag.py:3096} INFO - Sync 1 DAGs
[2024-07-14T16:56:40.328+0000] {logging_mixin.py:188} INFO - [2024-07-14T16:56:40.328+0000] {dag.py:3954} INFO - Setting next_dagrun for example_display_name to None, run_after=None
[2024-07-14T16:56:40.492+0000] {processor.py:183} INFO - Processing /home/airflow/.local/lib/python3.12/site-packages/airflow/example_dags/example_display_name.py took 0.679 seconds
