[2024-07-14T16:33:33.460+0000] {processor.py:161} INFO - Started process (PID=66) to work on /home/airflow/.local/lib/python3.12/site-packages/airflow/example_dags/example_branch_datetime_operator.py
[2024-07-14T16:33:33.461+0000] {processor.py:830} INFO - Processing file /home/airflow/.local/lib/python3.12/site-packages/airflow/example_dags/example_branch_datetime_operator.py for tasks to queue
[2024-07-14T16:33:33.482+0000] {logging_mixin.py:188} INFO - [2024-07-14T16:33:33.481+0000] {dagbag.py:545} INFO - Filling up the DagBag from /home/airflow/.local/lib/python3.12/site-packages/airflow/example_dags/example_branch_datetime_operator.py
[2024-07-14T16:33:33.508+0000] {processor.py:840} INFO - DAG(s) 'example_branch_datetime_operator_2', 'example_branch_datetime_operator_3', 'example_branch_datetime_operator' retrieved from /home/airflow/.local/lib/python3.12/site-packages/airflow/example_dags/example_branch_datetime_operator.py
[2024-07-14T16:33:33.830+0000] {logging_mixin.py:188} INFO - [2024-07-14T16:33:33.829+0000] {dag.py:3096} INFO - Sync 3 DAGs
[2024-07-14T16:33:33.887+0000] {logging_mixin.py:188} INFO - [2024-07-14T16:33:33.886+0000] {dag.py:3954} INFO - Setting next_dagrun for example_branch_datetime_operator to 2024-07-13 00:00:00+00:00, run_after=2024-07-14 00:00:00+00:00
[2024-07-14T16:33:33.899+0000] {logging_mixin.py:188} INFO - [2024-07-14T16:33:33.899+0000] {dag.py:3954} INFO - Setting next_dagrun for example_branch_datetime_operator_2 to 2024-07-13 00:00:00+00:00, run_after=2024-07-14 00:00:00+00:00
[2024-07-14T16:33:33.905+0000] {logging_mixin.py:188} INFO - [2024-07-14T16:33:33.905+0000] {dag.py:3954} INFO - Setting next_dagrun for example_branch_datetime_operator_3 to 2024-07-13 00:00:00+00:00, run_after=2024-07-14 00:00:00+00:00
[2024-07-14T16:33:33.950+0000] {processor.py:183} INFO - Processing /home/airflow/.local/lib/python3.12/site-packages/airflow/example_dags/example_branch_datetime_operator.py took 0.503 seconds
[2024-07-14T16:34:04.241+0000] {processor.py:161} INFO - Started process (PID=124) to work on /home/airflow/.local/lib/python3.12/site-packages/airflow/example_dags/example_branch_datetime_operator.py
[2024-07-14T16:34:04.244+0000] {processor.py:830} INFO - Processing file /home/airflow/.local/lib/python3.12/site-packages/airflow/example_dags/example_branch_datetime_operator.py for tasks to queue
[2024-07-14T16:34:04.248+0000] {logging_mixin.py:188} INFO - [2024-07-14T16:34:04.247+0000] {dagbag.py:545} INFO - Filling up the DagBag from /home/airflow/.local/lib/python3.12/site-packages/airflow/example_dags/example_branch_datetime_operator.py
[2024-07-14T16:34:04.297+0000] {processor.py:840} INFO - DAG(s) 'example_branch_datetime_operator_3', 'example_branch_datetime_operator_2', 'example_branch_datetime_operator' retrieved from /home/airflow/.local/lib/python3.12/site-packages/airflow/example_dags/example_branch_datetime_operator.py
[2024-07-14T16:34:04.443+0000] {logging_mixin.py:188} INFO - [2024-07-14T16:34:04.442+0000] {dag.py:3096} INFO - Sync 3 DAGs
[2024-07-14T16:34:04.666+0000] {logging_mixin.py:188} INFO - [2024-07-14T16:34:04.663+0000] {dag.py:3954} INFO - Setting next_dagrun for example_branch_datetime_operator to 2024-07-13 00:00:00+00:00, run_after=2024-07-14 00:00:00+00:00
[2024-07-14T16:34:04.724+0000] {logging_mixin.py:188} INFO - [2024-07-14T16:34:04.724+0000] {dag.py:3954} INFO - Setting next_dagrun for example_branch_datetime_operator_2 to 2024-07-13 00:00:00+00:00, run_after=2024-07-14 00:00:00+00:00
[2024-07-14T16:34:04.742+0000] {logging_mixin.py:188} INFO - [2024-07-14T16:34:04.741+0000] {dag.py:3954} INFO - Setting next_dagrun for example_branch_datetime_operator_3 to 2024-07-13 00:00:00+00:00, run_after=2024-07-14 00:00:00+00:00
[2024-07-14T16:34:04.799+0000] {processor.py:183} INFO - Processing /home/airflow/.local/lib/python3.12/site-packages/airflow/example_dags/example_branch_datetime_operator.py took 0.574 seconds
[2024-07-14T16:34:35.257+0000] {processor.py:161} INFO - Started process (PID=181) to work on /home/airflow/.local/lib/python3.12/site-packages/airflow/example_dags/example_branch_datetime_operator.py
[2024-07-14T16:34:35.259+0000] {processor.py:830} INFO - Processing file /home/airflow/.local/lib/python3.12/site-packages/airflow/example_dags/example_branch_datetime_operator.py for tasks to queue
[2024-07-14T16:34:35.265+0000] {logging_mixin.py:188} INFO - [2024-07-14T16:34:35.264+0000] {dagbag.py:545} INFO - Filling up the DagBag from /home/airflow/.local/lib/python3.12/site-packages/airflow/example_dags/example_branch_datetime_operator.py
[2024-07-14T16:34:35.286+0000] {processor.py:840} INFO - DAG(s) 'example_branch_datetime_operator_2', 'example_branch_datetime_operator_3', 'example_branch_datetime_operator' retrieved from /home/airflow/.local/lib/python3.12/site-packages/airflow/example_dags/example_branch_datetime_operator.py
[2024-07-14T16:34:35.343+0000] {logging_mixin.py:188} INFO - [2024-07-14T16:34:35.343+0000] {dag.py:3096} INFO - Sync 3 DAGs
[2024-07-14T16:34:35.391+0000] {logging_mixin.py:188} INFO - [2024-07-14T16:34:35.390+0000] {dag.py:3954} INFO - Setting next_dagrun for example_branch_datetime_operator to 2024-07-13 00:00:00+00:00, run_after=2024-07-14 00:00:00+00:00
[2024-07-14T16:34:35.402+0000] {logging_mixin.py:188} INFO - [2024-07-14T16:34:35.401+0000] {dag.py:3954} INFO - Setting next_dagrun for example_branch_datetime_operator_2 to 2024-07-13 00:00:00+00:00, run_after=2024-07-14 00:00:00+00:00
[2024-07-14T16:34:35.406+0000] {logging_mixin.py:188} INFO - [2024-07-14T16:34:35.406+0000] {dag.py:3954} INFO - Setting next_dagrun for example_branch_datetime_operator_3 to 2024-07-13 00:00:00+00:00, run_after=2024-07-14 00:00:00+00:00
[2024-07-14T16:34:35.448+0000] {processor.py:183} INFO - Processing /home/airflow/.local/lib/python3.12/site-packages/airflow/example_dags/example_branch_datetime_operator.py took 0.200 seconds
[2024-07-14T16:35:05.890+0000] {processor.py:161} INFO - Started process (PID=239) to work on /home/airflow/.local/lib/python3.12/site-packages/airflow/example_dags/example_branch_datetime_operator.py
[2024-07-14T16:35:05.893+0000] {processor.py:830} INFO - Processing file /home/airflow/.local/lib/python3.12/site-packages/airflow/example_dags/example_branch_datetime_operator.py for tasks to queue
[2024-07-14T16:35:05.896+0000] {logging_mixin.py:188} INFO - [2024-07-14T16:35:05.895+0000] {dagbag.py:545} INFO - Filling up the DagBag from /home/airflow/.local/lib/python3.12/site-packages/airflow/example_dags/example_branch_datetime_operator.py
[2024-07-14T16:35:05.927+0000] {processor.py:840} INFO - DAG(s) 'example_branch_datetime_operator_3', 'example_branch_datetime_operator', 'example_branch_datetime_operator_2' retrieved from /home/airflow/.local/lib/python3.12/site-packages/airflow/example_dags/example_branch_datetime_operator.py
[2024-07-14T16:35:05.994+0000] {logging_mixin.py:188} INFO - [2024-07-14T16:35:05.993+0000] {dag.py:3096} INFO - Sync 3 DAGs
[2024-07-14T16:35:06.052+0000] {logging_mixin.py:188} INFO - [2024-07-14T16:35:06.052+0000] {dag.py:3954} INFO - Setting next_dagrun for example_branch_datetime_operator to 2024-07-13 00:00:00+00:00, run_after=2024-07-14 00:00:00+00:00
[2024-07-14T16:35:06.063+0000] {logging_mixin.py:188} INFO - [2024-07-14T16:35:06.063+0000] {dag.py:3954} INFO - Setting next_dagrun for example_branch_datetime_operator_2 to 2024-07-13 00:00:00+00:00, run_after=2024-07-14 00:00:00+00:00
[2024-07-14T16:35:06.087+0000] {logging_mixin.py:188} INFO - [2024-07-14T16:35:06.085+0000] {dag.py:3954} INFO - Setting next_dagrun for example_branch_datetime_operator_3 to 2024-07-13 00:00:00+00:00, run_after=2024-07-14 00:00:00+00:00
[2024-07-14T16:35:06.154+0000] {processor.py:183} INFO - Processing /home/airflow/.local/lib/python3.12/site-packages/airflow/example_dags/example_branch_datetime_operator.py took 0.274 seconds
[2024-07-14T16:35:36.543+0000] {processor.py:161} INFO - Started process (PID=297) to work on /home/airflow/.local/lib/python3.12/site-packages/airflow/example_dags/example_branch_datetime_operator.py
[2024-07-14T16:35:36.545+0000] {processor.py:830} INFO - Processing file /home/airflow/.local/lib/python3.12/site-packages/airflow/example_dags/example_branch_datetime_operator.py for tasks to queue
[2024-07-14T16:35:36.548+0000] {logging_mixin.py:188} INFO - [2024-07-14T16:35:36.548+0000] {dagbag.py:545} INFO - Filling up the DagBag from /home/airflow/.local/lib/python3.12/site-packages/airflow/example_dags/example_branch_datetime_operator.py
[2024-07-14T16:35:36.578+0000] {processor.py:840} INFO - DAG(s) 'example_branch_datetime_operator_3', 'example_branch_datetime_operator', 'example_branch_datetime_operator_2' retrieved from /home/airflow/.local/lib/python3.12/site-packages/airflow/example_dags/example_branch_datetime_operator.py
[2024-07-14T16:35:36.635+0000] {logging_mixin.py:188} INFO - [2024-07-14T16:35:36.634+0000] {dag.py:3096} INFO - Sync 3 DAGs
[2024-07-14T16:35:36.718+0000] {logging_mixin.py:188} INFO - [2024-07-14T16:35:36.717+0000] {dag.py:3954} INFO - Setting next_dagrun for example_branch_datetime_operator to 2024-07-13 00:00:00+00:00, run_after=2024-07-14 00:00:00+00:00
[2024-07-14T16:35:36.736+0000] {logging_mixin.py:188} INFO - [2024-07-14T16:35:36.736+0000] {dag.py:3954} INFO - Setting next_dagrun for example_branch_datetime_operator_2 to 2024-07-13 00:00:00+00:00, run_after=2024-07-14 00:00:00+00:00
[2024-07-14T16:35:36.741+0000] {logging_mixin.py:188} INFO - [2024-07-14T16:35:36.740+0000] {dag.py:3954} INFO - Setting next_dagrun for example_branch_datetime_operator_3 to 2024-07-13 00:00:00+00:00, run_after=2024-07-14 00:00:00+00:00
[2024-07-14T16:35:36.783+0000] {processor.py:183} INFO - Processing /home/airflow/.local/lib/python3.12/site-packages/airflow/example_dags/example_branch_datetime_operator.py took 0.253 seconds
[2024-07-14T16:36:06.903+0000] {processor.py:161} INFO - Started process (PID=355) to work on /home/airflow/.local/lib/python3.12/site-packages/airflow/example_dags/example_branch_datetime_operator.py
[2024-07-14T16:36:06.905+0000] {processor.py:830} INFO - Processing file /home/airflow/.local/lib/python3.12/site-packages/airflow/example_dags/example_branch_datetime_operator.py for tasks to queue
[2024-07-14T16:36:06.909+0000] {logging_mixin.py:188} INFO - [2024-07-14T16:36:06.908+0000] {dagbag.py:545} INFO - Filling up the DagBag from /home/airflow/.local/lib/python3.12/site-packages/airflow/example_dags/example_branch_datetime_operator.py
[2024-07-14T16:36:06.939+0000] {processor.py:840} INFO - DAG(s) 'example_branch_datetime_operator_3', 'example_branch_datetime_operator', 'example_branch_datetime_operator_2' retrieved from /home/airflow/.local/lib/python3.12/site-packages/airflow/example_dags/example_branch_datetime_operator.py
[2024-07-14T16:36:07.027+0000] {logging_mixin.py:188} INFO - [2024-07-14T16:36:07.024+0000] {dag.py:3096} INFO - Sync 3 DAGs
[2024-07-14T16:36:07.087+0000] {logging_mixin.py:188} INFO - [2024-07-14T16:36:07.086+0000] {dag.py:3954} INFO - Setting next_dagrun for example_branch_datetime_operator to 2024-07-13 00:00:00+00:00, run_after=2024-07-14 00:00:00+00:00
[2024-07-14T16:36:07.095+0000] {logging_mixin.py:188} INFO - [2024-07-14T16:36:07.095+0000] {dag.py:3954} INFO - Setting next_dagrun for example_branch_datetime_operator_2 to 2024-07-13 00:00:00+00:00, run_after=2024-07-14 00:00:00+00:00
[2024-07-14T16:36:07.100+0000] {logging_mixin.py:188} INFO - [2024-07-14T16:36:07.100+0000] {dag.py:3954} INFO - Setting next_dagrun for example_branch_datetime_operator_3 to 2024-07-13 00:00:00+00:00, run_after=2024-07-14 00:00:00+00:00
[2024-07-14T16:36:07.145+0000] {processor.py:183} INFO - Processing /home/airflow/.local/lib/python3.12/site-packages/airflow/example_dags/example_branch_datetime_operator.py took 0.252 seconds
[2024-07-14T16:36:40.846+0000] {processor.py:161} INFO - Started process (PID=413) to work on /home/airflow/.local/lib/python3.12/site-packages/airflow/example_dags/example_branch_datetime_operator.py
[2024-07-14T16:36:40.854+0000] {processor.py:830} INFO - Processing file /home/airflow/.local/lib/python3.12/site-packages/airflow/example_dags/example_branch_datetime_operator.py for tasks to queue
[2024-07-14T16:36:40.862+0000] {logging_mixin.py:188} INFO - [2024-07-14T16:36:40.861+0000] {dagbag.py:545} INFO - Filling up the DagBag from /home/airflow/.local/lib/python3.12/site-packages/airflow/example_dags/example_branch_datetime_operator.py
[2024-07-14T16:36:41.028+0000] {processor.py:840} INFO - DAG(s) 'example_branch_datetime_operator_3', 'example_branch_datetime_operator_2', 'example_branch_datetime_operator' retrieved from /home/airflow/.local/lib/python3.12/site-packages/airflow/example_dags/example_branch_datetime_operator.py
[2024-07-14T16:36:41.357+0000] {logging_mixin.py:188} INFO - [2024-07-14T16:36:41.357+0000] {dag.py:3096} INFO - Sync 3 DAGs
[2024-07-14T16:36:41.530+0000] {logging_mixin.py:188} INFO - [2024-07-14T16:36:41.529+0000] {dag.py:3954} INFO - Setting next_dagrun for example_branch_datetime_operator to 2024-07-13 00:00:00+00:00, run_after=2024-07-14 00:00:00+00:00
[2024-07-14T16:36:41.626+0000] {logging_mixin.py:188} INFO - [2024-07-14T16:36:41.625+0000] {dag.py:3954} INFO - Setting next_dagrun for example_branch_datetime_operator_2 to 2024-07-13 00:00:00+00:00, run_after=2024-07-14 00:00:00+00:00
[2024-07-14T16:36:41.638+0000] {logging_mixin.py:188} INFO - [2024-07-14T16:36:41.638+0000] {dag.py:3954} INFO - Setting next_dagrun for example_branch_datetime_operator_3 to 2024-07-13 00:00:00+00:00, run_after=2024-07-14 00:00:00+00:00
[2024-07-14T16:36:41.868+0000] {processor.py:183} INFO - Processing /home/airflow/.local/lib/python3.12/site-packages/airflow/example_dags/example_branch_datetime_operator.py took 1.123 seconds
[2024-07-14T16:37:12.464+0000] {processor.py:161} INFO - Started process (PID=476) to work on /home/airflow/.local/lib/python3.12/site-packages/airflow/example_dags/example_branch_datetime_operator.py
[2024-07-14T16:37:12.466+0000] {processor.py:830} INFO - Processing file /home/airflow/.local/lib/python3.12/site-packages/airflow/example_dags/example_branch_datetime_operator.py for tasks to queue
[2024-07-14T16:37:12.470+0000] {logging_mixin.py:188} INFO - [2024-07-14T16:37:12.470+0000] {dagbag.py:545} INFO - Filling up the DagBag from /home/airflow/.local/lib/python3.12/site-packages/airflow/example_dags/example_branch_datetime_operator.py
[2024-07-14T16:37:12.718+0000] {processor.py:840} INFO - DAG(s) 'example_branch_datetime_operator_3', 'example_branch_datetime_operator', 'example_branch_datetime_operator_2' retrieved from /home/airflow/.local/lib/python3.12/site-packages/airflow/example_dags/example_branch_datetime_operator.py
[2024-07-14T16:37:12.881+0000] {logging_mixin.py:188} INFO - [2024-07-14T16:37:12.880+0000] {dag.py:3096} INFO - Sync 3 DAGs
[2024-07-14T16:37:12.944+0000] {logging_mixin.py:188} INFO - [2024-07-14T16:37:12.943+0000] {dag.py:3954} INFO - Setting next_dagrun for example_branch_datetime_operator to 2024-07-13 00:00:00+00:00, run_after=2024-07-14 00:00:00+00:00
[2024-07-14T16:37:12.954+0000] {logging_mixin.py:188} INFO - [2024-07-14T16:37:12.953+0000] {dag.py:3954} INFO - Setting next_dagrun for example_branch_datetime_operator_2 to 2024-07-13 00:00:00+00:00, run_after=2024-07-14 00:00:00+00:00
[2024-07-14T16:37:12.957+0000] {logging_mixin.py:188} INFO - [2024-07-14T16:37:12.957+0000] {dag.py:3954} INFO - Setting next_dagrun for example_branch_datetime_operator_3 to 2024-07-13 00:00:00+00:00, run_after=2024-07-14 00:00:00+00:00
[2024-07-14T16:37:12.998+0000] {processor.py:183} INFO - Processing /home/airflow/.local/lib/python3.12/site-packages/airflow/example_dags/example_branch_datetime_operator.py took 0.545 seconds
[2024-07-14T16:37:45.750+0000] {processor.py:161} INFO - Started process (PID=534) to work on /home/airflow/.local/lib/python3.12/site-packages/airflow/example_dags/example_branch_datetime_operator.py
[2024-07-14T16:37:45.828+0000] {processor.py:830} INFO - Processing file /home/airflow/.local/lib/python3.12/site-packages/airflow/example_dags/example_branch_datetime_operator.py for tasks to queue
[2024-07-14T16:37:45.858+0000] {logging_mixin.py:188} INFO - [2024-07-14T16:37:45.857+0000] {dagbag.py:545} INFO - Filling up the DagBag from /home/airflow/.local/lib/python3.12/site-packages/airflow/example_dags/example_branch_datetime_operator.py
[2024-07-14T16:37:45.909+0000] {processor.py:840} INFO - DAG(s) 'example_branch_datetime_operator', 'example_branch_datetime_operator_2', 'example_branch_datetime_operator_3' retrieved from /home/airflow/.local/lib/python3.12/site-packages/airflow/example_dags/example_branch_datetime_operator.py
[2024-07-14T16:37:46.053+0000] {logging_mixin.py:188} INFO - [2024-07-14T16:37:46.052+0000] {dag.py:3096} INFO - Sync 3 DAGs
[2024-07-14T16:37:46.206+0000] {logging_mixin.py:188} INFO - [2024-07-14T16:37:46.203+0000] {dag.py:3954} INFO - Setting next_dagrun for example_branch_datetime_operator to 2024-07-13 00:00:00+00:00, run_after=2024-07-14 00:00:00+00:00
[2024-07-14T16:37:46.226+0000] {logging_mixin.py:188} INFO - [2024-07-14T16:37:46.226+0000] {dag.py:3954} INFO - Setting next_dagrun for example_branch_datetime_operator_2 to 2024-07-13 00:00:00+00:00, run_after=2024-07-14 00:00:00+00:00
[2024-07-14T16:37:46.245+0000] {logging_mixin.py:188} INFO - [2024-07-14T16:37:46.244+0000] {dag.py:3954} INFO - Setting next_dagrun for example_branch_datetime_operator_3 to 2024-07-13 00:00:00+00:00, run_after=2024-07-14 00:00:00+00:00
[2024-07-14T16:37:46.377+0000] {processor.py:183} INFO - Processing /home/airflow/.local/lib/python3.12/site-packages/airflow/example_dags/example_branch_datetime_operator.py took 0.685 seconds
[2024-07-14T16:39:13.988+0000] {processor.py:161} INFO - Started process (PID=608) to work on /home/airflow/.local/lib/python3.12/site-packages/airflow/example_dags/example_branch_datetime_operator.py
[2024-07-14T16:39:14.023+0000] {processor.py:830} INFO - Processing file /home/airflow/.local/lib/python3.12/site-packages/airflow/example_dags/example_branch_datetime_operator.py for tasks to queue
[2024-07-14T16:39:14.040+0000] {logging_mixin.py:188} INFO - [2024-07-14T16:39:14.040+0000] {dagbag.py:545} INFO - Filling up the DagBag from /home/airflow/.local/lib/python3.12/site-packages/airflow/example_dags/example_branch_datetime_operator.py
[2024-07-14T16:39:14.080+0000] {processor.py:840} INFO - DAG(s) 'example_branch_datetime_operator', 'example_branch_datetime_operator_3', 'example_branch_datetime_operator_2' retrieved from /home/airflow/.local/lib/python3.12/site-packages/airflow/example_dags/example_branch_datetime_operator.py
[2024-07-14T16:39:14.197+0000] {logging_mixin.py:188} INFO - [2024-07-14T16:39:14.196+0000] {dag.py:3096} INFO - Sync 3 DAGs
[2024-07-14T16:39:14.308+0000] {logging_mixin.py:188} INFO - [2024-07-14T16:39:14.307+0000] {dag.py:3954} INFO - Setting next_dagrun for example_branch_datetime_operator to 2024-07-13 00:00:00+00:00, run_after=2024-07-14 00:00:00+00:00
[2024-07-14T16:39:14.338+0000] {logging_mixin.py:188} INFO - [2024-07-14T16:39:14.337+0000] {dag.py:3954} INFO - Setting next_dagrun for example_branch_datetime_operator_2 to 2024-07-13 00:00:00+00:00, run_after=2024-07-14 00:00:00+00:00
[2024-07-14T16:39:14.346+0000] {logging_mixin.py:188} INFO - [2024-07-14T16:39:14.345+0000] {dag.py:3954} INFO - Setting next_dagrun for example_branch_datetime_operator_3 to 2024-07-13 00:00:00+00:00, run_after=2024-07-14 00:00:00+00:00
[2024-07-14T16:39:14.407+0000] {processor.py:183} INFO - Processing /home/airflow/.local/lib/python3.12/site-packages/airflow/example_dags/example_branch_datetime_operator.py took 0.455 seconds
[2024-07-14T16:39:44.541+0000] {processor.py:161} INFO - Started process (PID=667) to work on /home/airflow/.local/lib/python3.12/site-packages/airflow/example_dags/example_branch_datetime_operator.py
[2024-07-14T16:39:44.544+0000] {processor.py:830} INFO - Processing file /home/airflow/.local/lib/python3.12/site-packages/airflow/example_dags/example_branch_datetime_operator.py for tasks to queue
[2024-07-14T16:39:44.548+0000] {logging_mixin.py:188} INFO - [2024-07-14T16:39:44.547+0000] {dagbag.py:545} INFO - Filling up the DagBag from /home/airflow/.local/lib/python3.12/site-packages/airflow/example_dags/example_branch_datetime_operator.py
[2024-07-14T16:39:44.573+0000] {processor.py:840} INFO - DAG(s) 'example_branch_datetime_operator_2', 'example_branch_datetime_operator', 'example_branch_datetime_operator_3' retrieved from /home/airflow/.local/lib/python3.12/site-packages/airflow/example_dags/example_branch_datetime_operator.py
[2024-07-14T16:39:44.657+0000] {logging_mixin.py:188} INFO - [2024-07-14T16:39:44.657+0000] {dag.py:3096} INFO - Sync 3 DAGs
[2024-07-14T16:39:44.802+0000] {logging_mixin.py:188} INFO - [2024-07-14T16:39:44.802+0000] {dag.py:3954} INFO - Setting next_dagrun for example_branch_datetime_operator to 2024-07-13 00:00:00+00:00, run_after=2024-07-14 00:00:00+00:00
[2024-07-14T16:39:44.811+0000] {logging_mixin.py:188} INFO - [2024-07-14T16:39:44.811+0000] {dag.py:3954} INFO - Setting next_dagrun for example_branch_datetime_operator_2 to 2024-07-13 00:00:00+00:00, run_after=2024-07-14 00:00:00+00:00
[2024-07-14T16:39:44.828+0000] {logging_mixin.py:188} INFO - [2024-07-14T16:39:44.828+0000] {dag.py:3954} INFO - Setting next_dagrun for example_branch_datetime_operator_3 to 2024-07-13 00:00:00+00:00, run_after=2024-07-14 00:00:00+00:00
[2024-07-14T16:39:44.859+0000] {processor.py:183} INFO - Processing /home/airflow/.local/lib/python3.12/site-packages/airflow/example_dags/example_branch_datetime_operator.py took 0.330 seconds
[2024-07-14T16:40:15.075+0000] {processor.py:161} INFO - Started process (PID=726) to work on /home/airflow/.local/lib/python3.12/site-packages/airflow/example_dags/example_branch_datetime_operator.py
[2024-07-14T16:40:15.078+0000] {processor.py:830} INFO - Processing file /home/airflow/.local/lib/python3.12/site-packages/airflow/example_dags/example_branch_datetime_operator.py for tasks to queue
[2024-07-14T16:40:15.080+0000] {logging_mixin.py:188} INFO - [2024-07-14T16:40:15.080+0000] {dagbag.py:545} INFO - Filling up the DagBag from /home/airflow/.local/lib/python3.12/site-packages/airflow/example_dags/example_branch_datetime_operator.py
[2024-07-14T16:40:15.101+0000] {processor.py:840} INFO - DAG(s) 'example_branch_datetime_operator', 'example_branch_datetime_operator_3', 'example_branch_datetime_operator_2' retrieved from /home/airflow/.local/lib/python3.12/site-packages/airflow/example_dags/example_branch_datetime_operator.py
[2024-07-14T16:40:15.163+0000] {logging_mixin.py:188} INFO - [2024-07-14T16:40:15.162+0000] {dag.py:3096} INFO - Sync 3 DAGs
[2024-07-14T16:40:15.216+0000] {logging_mixin.py:188} INFO - [2024-07-14T16:40:15.215+0000] {dag.py:3954} INFO - Setting next_dagrun for example_branch_datetime_operator to 2024-07-13 00:00:00+00:00, run_after=2024-07-14 00:00:00+00:00
[2024-07-14T16:40:15.234+0000] {logging_mixin.py:188} INFO - [2024-07-14T16:40:15.234+0000] {dag.py:3954} INFO - Setting next_dagrun for example_branch_datetime_operator_2 to 2024-07-13 00:00:00+00:00, run_after=2024-07-14 00:00:00+00:00
[2024-07-14T16:40:15.239+0000] {logging_mixin.py:188} INFO - [2024-07-14T16:40:15.239+0000] {dag.py:3954} INFO - Setting next_dagrun for example_branch_datetime_operator_3 to 2024-07-13 00:00:00+00:00, run_after=2024-07-14 00:00:00+00:00
[2024-07-14T16:40:15.278+0000] {processor.py:183} INFO - Processing /home/airflow/.local/lib/python3.12/site-packages/airflow/example_dags/example_branch_datetime_operator.py took 0.220 seconds
[2024-07-14T16:40:46.828+0000] {processor.py:161} INFO - Started process (PID=785) to work on /home/airflow/.local/lib/python3.12/site-packages/airflow/example_dags/example_branch_datetime_operator.py
[2024-07-14T16:40:46.831+0000] {processor.py:830} INFO - Processing file /home/airflow/.local/lib/python3.12/site-packages/airflow/example_dags/example_branch_datetime_operator.py for tasks to queue
[2024-07-14T16:40:46.835+0000] {logging_mixin.py:188} INFO - [2024-07-14T16:40:46.834+0000] {dagbag.py:545} INFO - Filling up the DagBag from /home/airflow/.local/lib/python3.12/site-packages/airflow/example_dags/example_branch_datetime_operator.py
[2024-07-14T16:40:46.869+0000] {processor.py:840} INFO - DAG(s) 'example_branch_datetime_operator_3', 'example_branch_datetime_operator', 'example_branch_datetime_operator_2' retrieved from /home/airflow/.local/lib/python3.12/site-packages/airflow/example_dags/example_branch_datetime_operator.py
[2024-07-14T16:40:46.981+0000] {logging_mixin.py:188} INFO - [2024-07-14T16:40:46.981+0000] {dag.py:3096} INFO - Sync 3 DAGs
[2024-07-14T16:40:47.117+0000] {logging_mixin.py:188} INFO - [2024-07-14T16:40:47.116+0000] {dag.py:3954} INFO - Setting next_dagrun for example_branch_datetime_operator to 2024-07-13 00:00:00+00:00, run_after=2024-07-14 00:00:00+00:00
[2024-07-14T16:40:47.150+0000] {logging_mixin.py:188} INFO - [2024-07-14T16:40:47.141+0000] {dag.py:3954} INFO - Setting next_dagrun for example_branch_datetime_operator_2 to 2024-07-13 00:00:00+00:00, run_after=2024-07-14 00:00:00+00:00
[2024-07-14T16:40:47.163+0000] {logging_mixin.py:188} INFO - [2024-07-14T16:40:47.162+0000] {dag.py:3954} INFO - Setting next_dagrun for example_branch_datetime_operator_3 to 2024-07-13 00:00:00+00:00, run_after=2024-07-14 00:00:00+00:00
[2024-07-14T16:40:47.239+0000] {processor.py:183} INFO - Processing /home/airflow/.local/lib/python3.12/site-packages/airflow/example_dags/example_branch_datetime_operator.py took 0.432 seconds
[2024-07-14T16:41:17.677+0000] {processor.py:161} INFO - Started process (PID=843) to work on /home/airflow/.local/lib/python3.12/site-packages/airflow/example_dags/example_branch_datetime_operator.py
[2024-07-14T16:41:17.680+0000] {processor.py:830} INFO - Processing file /home/airflow/.local/lib/python3.12/site-packages/airflow/example_dags/example_branch_datetime_operator.py for tasks to queue
[2024-07-14T16:41:17.682+0000] {logging_mixin.py:188} INFO - [2024-07-14T16:41:17.681+0000] {dagbag.py:545} INFO - Filling up the DagBag from /home/airflow/.local/lib/python3.12/site-packages/airflow/example_dags/example_branch_datetime_operator.py
[2024-07-14T16:41:17.709+0000] {processor.py:840} INFO - DAG(s) 'example_branch_datetime_operator', 'example_branch_datetime_operator_2', 'example_branch_datetime_operator_3' retrieved from /home/airflow/.local/lib/python3.12/site-packages/airflow/example_dags/example_branch_datetime_operator.py
[2024-07-14T16:41:17.810+0000] {logging_mixin.py:188} INFO - [2024-07-14T16:41:17.810+0000] {dag.py:3096} INFO - Sync 3 DAGs
[2024-07-14T16:41:17.888+0000] {logging_mixin.py:188} INFO - [2024-07-14T16:41:17.888+0000] {dag.py:3954} INFO - Setting next_dagrun for example_branch_datetime_operator to 2024-07-13 00:00:00+00:00, run_after=2024-07-14 00:00:00+00:00
[2024-07-14T16:41:17.902+0000] {logging_mixin.py:188} INFO - [2024-07-14T16:41:17.901+0000] {dag.py:3954} INFO - Setting next_dagrun for example_branch_datetime_operator_2 to 2024-07-13 00:00:00+00:00, run_after=2024-07-14 00:00:00+00:00
[2024-07-14T16:41:17.908+0000] {logging_mixin.py:188} INFO - [2024-07-14T16:41:17.908+0000] {dag.py:3954} INFO - Setting next_dagrun for example_branch_datetime_operator_3 to 2024-07-13 00:00:00+00:00, run_after=2024-07-14 00:00:00+00:00
[2024-07-14T16:41:17.981+0000] {processor.py:183} INFO - Processing /home/airflow/.local/lib/python3.12/site-packages/airflow/example_dags/example_branch_datetime_operator.py took 0.330 seconds
[2024-07-14T16:41:48.511+0000] {processor.py:161} INFO - Started process (PID=900) to work on /home/airflow/.local/lib/python3.12/site-packages/airflow/example_dags/example_branch_datetime_operator.py
[2024-07-14T16:41:48.514+0000] {processor.py:830} INFO - Processing file /home/airflow/.local/lib/python3.12/site-packages/airflow/example_dags/example_branch_datetime_operator.py for tasks to queue
[2024-07-14T16:41:48.517+0000] {logging_mixin.py:188} INFO - [2024-07-14T16:41:48.516+0000] {dagbag.py:545} INFO - Filling up the DagBag from /home/airflow/.local/lib/python3.12/site-packages/airflow/example_dags/example_branch_datetime_operator.py
[2024-07-14T16:41:48.559+0000] {processor.py:840} INFO - DAG(s) 'example_branch_datetime_operator_3', 'example_branch_datetime_operator', 'example_branch_datetime_operator_2' retrieved from /home/airflow/.local/lib/python3.12/site-packages/airflow/example_dags/example_branch_datetime_operator.py
[2024-07-14T16:41:48.691+0000] {logging_mixin.py:188} INFO - [2024-07-14T16:41:48.691+0000] {dag.py:3096} INFO - Sync 3 DAGs
[2024-07-14T16:41:48.833+0000] {logging_mixin.py:188} INFO - [2024-07-14T16:41:48.832+0000] {dag.py:3954} INFO - Setting next_dagrun for example_branch_datetime_operator to 2024-07-13 00:00:00+00:00, run_after=2024-07-14 00:00:00+00:00
[2024-07-14T16:41:48.852+0000] {logging_mixin.py:188} INFO - [2024-07-14T16:41:48.852+0000] {dag.py:3954} INFO - Setting next_dagrun for example_branch_datetime_operator_2 to 2024-07-13 00:00:00+00:00, run_after=2024-07-14 00:00:00+00:00
[2024-07-14T16:41:48.885+0000] {logging_mixin.py:188} INFO - [2024-07-14T16:41:48.885+0000] {dag.py:3954} INFO - Setting next_dagrun for example_branch_datetime_operator_3 to 2024-07-13 00:00:00+00:00, run_after=2024-07-14 00:00:00+00:00
[2024-07-14T16:41:48.943+0000] {processor.py:183} INFO - Processing /home/airflow/.local/lib/python3.12/site-packages/airflow/example_dags/example_branch_datetime_operator.py took 0.445 seconds
[2024-07-14T16:42:19.258+0000] {processor.py:161} INFO - Started process (PID=959) to work on /home/airflow/.local/lib/python3.12/site-packages/airflow/example_dags/example_branch_datetime_operator.py
[2024-07-14T16:42:19.261+0000] {processor.py:830} INFO - Processing file /home/airflow/.local/lib/python3.12/site-packages/airflow/example_dags/example_branch_datetime_operator.py for tasks to queue
[2024-07-14T16:42:19.263+0000] {logging_mixin.py:188} INFO - [2024-07-14T16:42:19.263+0000] {dagbag.py:545} INFO - Filling up the DagBag from /home/airflow/.local/lib/python3.12/site-packages/airflow/example_dags/example_branch_datetime_operator.py
[2024-07-14T16:42:19.290+0000] {processor.py:840} INFO - DAG(s) 'example_branch_datetime_operator_2', 'example_branch_datetime_operator_3', 'example_branch_datetime_operator' retrieved from /home/airflow/.local/lib/python3.12/site-packages/airflow/example_dags/example_branch_datetime_operator.py
[2024-07-14T16:42:19.348+0000] {logging_mixin.py:188} INFO - [2024-07-14T16:42:19.348+0000] {dag.py:3096} INFO - Sync 3 DAGs
[2024-07-14T16:42:19.402+0000] {logging_mixin.py:188} INFO - [2024-07-14T16:42:19.402+0000] {dag.py:3954} INFO - Setting next_dagrun for example_branch_datetime_operator to 2024-07-13 00:00:00+00:00, run_after=2024-07-14 00:00:00+00:00
[2024-07-14T16:42:19.420+0000] {logging_mixin.py:188} INFO - [2024-07-14T16:42:19.420+0000] {dag.py:3954} INFO - Setting next_dagrun for example_branch_datetime_operator_2 to 2024-07-13 00:00:00+00:00, run_after=2024-07-14 00:00:00+00:00
[2024-07-14T16:42:19.432+0000] {logging_mixin.py:188} INFO - [2024-07-14T16:42:19.431+0000] {dag.py:3954} INFO - Setting next_dagrun for example_branch_datetime_operator_3 to 2024-07-13 00:00:00+00:00, run_after=2024-07-14 00:00:00+00:00
[2024-07-14T16:42:19.471+0000] {processor.py:183} INFO - Processing /home/airflow/.local/lib/python3.12/site-packages/airflow/example_dags/example_branch_datetime_operator.py took 0.222 seconds
[2024-07-14T16:42:49.847+0000] {processor.py:161} INFO - Started process (PID=1017) to work on /home/airflow/.local/lib/python3.12/site-packages/airflow/example_dags/example_branch_datetime_operator.py
[2024-07-14T16:42:49.851+0000] {processor.py:830} INFO - Processing file /home/airflow/.local/lib/python3.12/site-packages/airflow/example_dags/example_branch_datetime_operator.py for tasks to queue
[2024-07-14T16:42:49.856+0000] {logging_mixin.py:188} INFO - [2024-07-14T16:42:49.852+0000] {dagbag.py:545} INFO - Filling up the DagBag from /home/airflow/.local/lib/python3.12/site-packages/airflow/example_dags/example_branch_datetime_operator.py
[2024-07-14T16:42:49.885+0000] {processor.py:840} INFO - DAG(s) 'example_branch_datetime_operator_3', 'example_branch_datetime_operator', 'example_branch_datetime_operator_2' retrieved from /home/airflow/.local/lib/python3.12/site-packages/airflow/example_dags/example_branch_datetime_operator.py
[2024-07-14T16:42:49.953+0000] {logging_mixin.py:188} INFO - [2024-07-14T16:42:49.952+0000] {dag.py:3096} INFO - Sync 3 DAGs
[2024-07-14T16:42:50.041+0000] {logging_mixin.py:188} INFO - [2024-07-14T16:42:50.041+0000] {dag.py:3954} INFO - Setting next_dagrun for example_branch_datetime_operator to 2024-07-13 00:00:00+00:00, run_after=2024-07-14 00:00:00+00:00
[2024-07-14T16:42:50.050+0000] {logging_mixin.py:188} INFO - [2024-07-14T16:42:50.050+0000] {dag.py:3954} INFO - Setting next_dagrun for example_branch_datetime_operator_2 to 2024-07-13 00:00:00+00:00, run_after=2024-07-14 00:00:00+00:00
[2024-07-14T16:42:50.060+0000] {logging_mixin.py:188} INFO - [2024-07-14T16:42:50.060+0000] {dag.py:3954} INFO - Setting next_dagrun for example_branch_datetime_operator_3 to 2024-07-13 00:00:00+00:00, run_after=2024-07-14 00:00:00+00:00
[2024-07-14T16:42:50.108+0000] {processor.py:183} INFO - Processing /home/airflow/.local/lib/python3.12/site-packages/airflow/example_dags/example_branch_datetime_operator.py took 0.271 seconds
[2024-07-14T16:43:20.812+0000] {processor.py:161} INFO - Started process (PID=1076) to work on /home/airflow/.local/lib/python3.12/site-packages/airflow/example_dags/example_branch_datetime_operator.py
[2024-07-14T16:43:20.813+0000] {processor.py:830} INFO - Processing file /home/airflow/.local/lib/python3.12/site-packages/airflow/example_dags/example_branch_datetime_operator.py for tasks to queue
[2024-07-14T16:43:20.830+0000] {logging_mixin.py:188} INFO - [2024-07-14T16:43:20.829+0000] {dagbag.py:545} INFO - Filling up the DagBag from /home/airflow/.local/lib/python3.12/site-packages/airflow/example_dags/example_branch_datetime_operator.py
[2024-07-14T16:43:20.863+0000] {processor.py:840} INFO - DAG(s) 'example_branch_datetime_operator_3', 'example_branch_datetime_operator', 'example_branch_datetime_operator_2' retrieved from /home/airflow/.local/lib/python3.12/site-packages/airflow/example_dags/example_branch_datetime_operator.py
[2024-07-14T16:43:21.004+0000] {logging_mixin.py:188} INFO - [2024-07-14T16:43:21.004+0000] {dag.py:3096} INFO - Sync 3 DAGs
[2024-07-14T16:43:21.161+0000] {logging_mixin.py:188} INFO - [2024-07-14T16:43:21.160+0000] {dag.py:3954} INFO - Setting next_dagrun for example_branch_datetime_operator to 2024-07-13 00:00:00+00:00, run_after=2024-07-14 00:00:00+00:00
[2024-07-14T16:43:21.178+0000] {logging_mixin.py:188} INFO - [2024-07-14T16:43:21.177+0000] {dag.py:3954} INFO - Setting next_dagrun for example_branch_datetime_operator_2 to 2024-07-13 00:00:00+00:00, run_after=2024-07-14 00:00:00+00:00
[2024-07-14T16:43:21.186+0000] {logging_mixin.py:188} INFO - [2024-07-14T16:43:21.185+0000] {dag.py:3954} INFO - Setting next_dagrun for example_branch_datetime_operator_3 to 2024-07-13 00:00:00+00:00, run_after=2024-07-14 00:00:00+00:00
[2024-07-14T16:43:21.227+0000] {processor.py:183} INFO - Processing /home/airflow/.local/lib/python3.12/site-packages/airflow/example_dags/example_branch_datetime_operator.py took 0.431 seconds
[2024-07-14T16:43:51.677+0000] {processor.py:161} INFO - Started process (PID=1135) to work on /home/airflow/.local/lib/python3.12/site-packages/airflow/example_dags/example_branch_datetime_operator.py
[2024-07-14T16:43:51.679+0000] {processor.py:830} INFO - Processing file /home/airflow/.local/lib/python3.12/site-packages/airflow/example_dags/example_branch_datetime_operator.py for tasks to queue
[2024-07-14T16:43:51.681+0000] {logging_mixin.py:188} INFO - [2024-07-14T16:43:51.681+0000] {dagbag.py:545} INFO - Filling up the DagBag from /home/airflow/.local/lib/python3.12/site-packages/airflow/example_dags/example_branch_datetime_operator.py
[2024-07-14T16:43:51.702+0000] {processor.py:840} INFO - DAG(s) 'example_branch_datetime_operator_2', 'example_branch_datetime_operator_3', 'example_branch_datetime_operator' retrieved from /home/airflow/.local/lib/python3.12/site-packages/airflow/example_dags/example_branch_datetime_operator.py
[2024-07-14T16:43:51.789+0000] {logging_mixin.py:188} INFO - [2024-07-14T16:43:51.786+0000] {dag.py:3096} INFO - Sync 3 DAGs
[2024-07-14T16:43:51.849+0000] {logging_mixin.py:188} INFO - [2024-07-14T16:43:51.849+0000] {dag.py:3954} INFO - Setting next_dagrun for example_branch_datetime_operator to 2024-07-13 00:00:00+00:00, run_after=2024-07-14 00:00:00+00:00
[2024-07-14T16:43:51.860+0000] {logging_mixin.py:188} INFO - [2024-07-14T16:43:51.859+0000] {dag.py:3954} INFO - Setting next_dagrun for example_branch_datetime_operator_2 to 2024-07-13 00:00:00+00:00, run_after=2024-07-14 00:00:00+00:00
[2024-07-14T16:43:51.866+0000] {logging_mixin.py:188} INFO - [2024-07-14T16:43:51.866+0000] {dag.py:3954} INFO - Setting next_dagrun for example_branch_datetime_operator_3 to 2024-07-13 00:00:00+00:00, run_after=2024-07-14 00:00:00+00:00
[2024-07-14T16:43:51.902+0000] {processor.py:183} INFO - Processing /home/airflow/.local/lib/python3.12/site-packages/airflow/example_dags/example_branch_datetime_operator.py took 0.253 seconds
[2024-07-14T16:44:22.091+0000] {processor.py:161} INFO - Started process (PID=1193) to work on /home/airflow/.local/lib/python3.12/site-packages/airflow/example_dags/example_branch_datetime_operator.py
[2024-07-14T16:44:22.093+0000] {processor.py:830} INFO - Processing file /home/airflow/.local/lib/python3.12/site-packages/airflow/example_dags/example_branch_datetime_operator.py for tasks to queue
[2024-07-14T16:44:22.097+0000] {logging_mixin.py:188} INFO - [2024-07-14T16:44:22.095+0000] {dagbag.py:545} INFO - Filling up the DagBag from /home/airflow/.local/lib/python3.12/site-packages/airflow/example_dags/example_branch_datetime_operator.py
[2024-07-14T16:44:22.128+0000] {processor.py:840} INFO - DAG(s) 'example_branch_datetime_operator', 'example_branch_datetime_operator_3', 'example_branch_datetime_operator_2' retrieved from /home/airflow/.local/lib/python3.12/site-packages/airflow/example_dags/example_branch_datetime_operator.py
[2024-07-14T16:44:22.187+0000] {logging_mixin.py:188} INFO - [2024-07-14T16:44:22.187+0000] {dag.py:3096} INFO - Sync 3 DAGs
[2024-07-14T16:44:22.235+0000] {logging_mixin.py:188} INFO - [2024-07-14T16:44:22.235+0000] {dag.py:3954} INFO - Setting next_dagrun for example_branch_datetime_operator to 2024-07-13 00:00:00+00:00, run_after=2024-07-14 00:00:00+00:00
[2024-07-14T16:44:22.244+0000] {logging_mixin.py:188} INFO - [2024-07-14T16:44:22.244+0000] {dag.py:3954} INFO - Setting next_dagrun for example_branch_datetime_operator_2 to 2024-07-13 00:00:00+00:00, run_after=2024-07-14 00:00:00+00:00
[2024-07-14T16:44:22.249+0000] {logging_mixin.py:188} INFO - [2024-07-14T16:44:22.249+0000] {dag.py:3954} INFO - Setting next_dagrun for example_branch_datetime_operator_3 to 2024-07-13 00:00:00+00:00, run_after=2024-07-14 00:00:00+00:00
[2024-07-14T16:44:22.302+0000] {processor.py:183} INFO - Processing /home/airflow/.local/lib/python3.12/site-packages/airflow/example_dags/example_branch_datetime_operator.py took 0.222 seconds
[2024-07-14T16:44:52.905+0000] {processor.py:161} INFO - Started process (PID=1252) to work on /home/airflow/.local/lib/python3.12/site-packages/airflow/example_dags/example_branch_datetime_operator.py
[2024-07-14T16:44:52.906+0000] {processor.py:830} INFO - Processing file /home/airflow/.local/lib/python3.12/site-packages/airflow/example_dags/example_branch_datetime_operator.py for tasks to queue
[2024-07-14T16:44:52.908+0000] {logging_mixin.py:188} INFO - [2024-07-14T16:44:52.908+0000] {dagbag.py:545} INFO - Filling up the DagBag from /home/airflow/.local/lib/python3.12/site-packages/airflow/example_dags/example_branch_datetime_operator.py
[2024-07-14T16:44:52.939+0000] {processor.py:840} INFO - DAG(s) 'example_branch_datetime_operator_3', 'example_branch_datetime_operator', 'example_branch_datetime_operator_2' retrieved from /home/airflow/.local/lib/python3.12/site-packages/airflow/example_dags/example_branch_datetime_operator.py
[2024-07-14T16:44:53.000+0000] {logging_mixin.py:188} INFO - [2024-07-14T16:44:53.000+0000] {dag.py:3096} INFO - Sync 3 DAGs
[2024-07-14T16:44:53.054+0000] {logging_mixin.py:188} INFO - [2024-07-14T16:44:53.053+0000] {dag.py:3954} INFO - Setting next_dagrun for example_branch_datetime_operator to 2024-07-13 00:00:00+00:00, run_after=2024-07-14 00:00:00+00:00
[2024-07-14T16:44:53.063+0000] {logging_mixin.py:188} INFO - [2024-07-14T16:44:53.063+0000] {dag.py:3954} INFO - Setting next_dagrun for example_branch_datetime_operator_2 to 2024-07-13 00:00:00+00:00, run_after=2024-07-14 00:00:00+00:00
[2024-07-14T16:44:53.068+0000] {logging_mixin.py:188} INFO - [2024-07-14T16:44:53.068+0000] {dag.py:3954} INFO - Setting next_dagrun for example_branch_datetime_operator_3 to 2024-07-13 00:00:00+00:00, run_after=2024-07-14 00:00:00+00:00
[2024-07-14T16:44:53.110+0000] {processor.py:183} INFO - Processing /home/airflow/.local/lib/python3.12/site-packages/airflow/example_dags/example_branch_datetime_operator.py took 0.216 seconds
[2024-07-14T16:45:23.746+0000] {processor.py:161} INFO - Started process (PID=1310) to work on /home/airflow/.local/lib/python3.12/site-packages/airflow/example_dags/example_branch_datetime_operator.py
[2024-07-14T16:45:23.758+0000] {processor.py:830} INFO - Processing file /home/airflow/.local/lib/python3.12/site-packages/airflow/example_dags/example_branch_datetime_operator.py for tasks to queue
[2024-07-14T16:45:23.760+0000] {logging_mixin.py:188} INFO - [2024-07-14T16:45:23.760+0000] {dagbag.py:545} INFO - Filling up the DagBag from /home/airflow/.local/lib/python3.12/site-packages/airflow/example_dags/example_branch_datetime_operator.py
[2024-07-14T16:45:23.784+0000] {processor.py:840} INFO - DAG(s) 'example_branch_datetime_operator_3', 'example_branch_datetime_operator', 'example_branch_datetime_operator_2' retrieved from /home/airflow/.local/lib/python3.12/site-packages/airflow/example_dags/example_branch_datetime_operator.py
[2024-07-14T16:45:23.846+0000] {logging_mixin.py:188} INFO - [2024-07-14T16:45:23.846+0000] {dag.py:3096} INFO - Sync 3 DAGs
[2024-07-14T16:45:23.902+0000] {logging_mixin.py:188} INFO - [2024-07-14T16:45:23.902+0000] {dag.py:3954} INFO - Setting next_dagrun for example_branch_datetime_operator to 2024-07-13 00:00:00+00:00, run_after=2024-07-14 00:00:00+00:00
[2024-07-14T16:45:23.912+0000] {logging_mixin.py:188} INFO - [2024-07-14T16:45:23.912+0000] {dag.py:3954} INFO - Setting next_dagrun for example_branch_datetime_operator_2 to 2024-07-13 00:00:00+00:00, run_after=2024-07-14 00:00:00+00:00
[2024-07-14T16:45:23.917+0000] {logging_mixin.py:188} INFO - [2024-07-14T16:45:23.916+0000] {dag.py:3954} INFO - Setting next_dagrun for example_branch_datetime_operator_3 to 2024-07-13 00:00:00+00:00, run_after=2024-07-14 00:00:00+00:00
[2024-07-14T16:45:23.954+0000] {processor.py:183} INFO - Processing /home/airflow/.local/lib/python3.12/site-packages/airflow/example_dags/example_branch_datetime_operator.py took 0.217 seconds
[2024-07-14T16:45:54.154+0000] {processor.py:161} INFO - Started process (PID=1369) to work on /home/airflow/.local/lib/python3.12/site-packages/airflow/example_dags/example_branch_datetime_operator.py
[2024-07-14T16:45:54.158+0000] {processor.py:830} INFO - Processing file /home/airflow/.local/lib/python3.12/site-packages/airflow/example_dags/example_branch_datetime_operator.py for tasks to queue
[2024-07-14T16:45:54.160+0000] {logging_mixin.py:188} INFO - [2024-07-14T16:45:54.160+0000] {dagbag.py:545} INFO - Filling up the DagBag from /home/airflow/.local/lib/python3.12/site-packages/airflow/example_dags/example_branch_datetime_operator.py
[2024-07-14T16:45:54.196+0000] {processor.py:840} INFO - DAG(s) 'example_branch_datetime_operator_2', 'example_branch_datetime_operator', 'example_branch_datetime_operator_3' retrieved from /home/airflow/.local/lib/python3.12/site-packages/airflow/example_dags/example_branch_datetime_operator.py
[2024-07-14T16:45:54.268+0000] {logging_mixin.py:188} INFO - [2024-07-14T16:45:54.268+0000] {dag.py:3096} INFO - Sync 3 DAGs
[2024-07-14T16:45:54.345+0000] {logging_mixin.py:188} INFO - [2024-07-14T16:45:54.345+0000] {dag.py:3954} INFO - Setting next_dagrun for example_branch_datetime_operator to 2024-07-13 00:00:00+00:00, run_after=2024-07-14 00:00:00+00:00
[2024-07-14T16:45:54.359+0000] {logging_mixin.py:188} INFO - [2024-07-14T16:45:54.359+0000] {dag.py:3954} INFO - Setting next_dagrun for example_branch_datetime_operator_2 to 2024-07-13 00:00:00+00:00, run_after=2024-07-14 00:00:00+00:00
[2024-07-14T16:45:54.365+0000] {logging_mixin.py:188} INFO - [2024-07-14T16:45:54.365+0000] {dag.py:3954} INFO - Setting next_dagrun for example_branch_datetime_operator_3 to 2024-07-13 00:00:00+00:00, run_after=2024-07-14 00:00:00+00:00
[2024-07-14T16:45:54.406+0000] {processor.py:183} INFO - Processing /home/airflow/.local/lib/python3.12/site-packages/airflow/example_dags/example_branch_datetime_operator.py took 0.265 seconds
[2024-07-14T16:46:25.165+0000] {processor.py:161} INFO - Started process (PID=1428) to work on /home/airflow/.local/lib/python3.12/site-packages/airflow/example_dags/example_branch_datetime_operator.py
[2024-07-14T16:46:25.167+0000] {processor.py:830} INFO - Processing file /home/airflow/.local/lib/python3.12/site-packages/airflow/example_dags/example_branch_datetime_operator.py for tasks to queue
[2024-07-14T16:46:25.181+0000] {logging_mixin.py:188} INFO - [2024-07-14T16:46:25.177+0000] {dagbag.py:545} INFO - Filling up the DagBag from /home/airflow/.local/lib/python3.12/site-packages/airflow/example_dags/example_branch_datetime_operator.py
[2024-07-14T16:46:25.213+0000] {processor.py:840} INFO - DAG(s) 'example_branch_datetime_operator_2', 'example_branch_datetime_operator', 'example_branch_datetime_operator_3' retrieved from /home/airflow/.local/lib/python3.12/site-packages/airflow/example_dags/example_branch_datetime_operator.py
[2024-07-14T16:46:25.314+0000] {logging_mixin.py:188} INFO - [2024-07-14T16:46:25.313+0000] {dag.py:3096} INFO - Sync 3 DAGs
[2024-07-14T16:46:25.398+0000] {logging_mixin.py:188} INFO - [2024-07-14T16:46:25.397+0000] {dag.py:3954} INFO - Setting next_dagrun for example_branch_datetime_operator to 2024-07-13 00:00:00+00:00, run_after=2024-07-14 00:00:00+00:00
[2024-07-14T16:46:25.410+0000] {logging_mixin.py:188} INFO - [2024-07-14T16:46:25.410+0000] {dag.py:3954} INFO - Setting next_dagrun for example_branch_datetime_operator_2 to 2024-07-13 00:00:00+00:00, run_after=2024-07-14 00:00:00+00:00
[2024-07-14T16:46:25.415+0000] {logging_mixin.py:188} INFO - [2024-07-14T16:46:25.414+0000] {dag.py:3954} INFO - Setting next_dagrun for example_branch_datetime_operator_3 to 2024-07-13 00:00:00+00:00, run_after=2024-07-14 00:00:00+00:00
[2024-07-14T16:46:25.464+0000] {processor.py:183} INFO - Processing /home/airflow/.local/lib/python3.12/site-packages/airflow/example_dags/example_branch_datetime_operator.py took 0.316 seconds
[2024-07-14T16:46:55.680+0000] {processor.py:161} INFO - Started process (PID=1487) to work on /home/airflow/.local/lib/python3.12/site-packages/airflow/example_dags/example_branch_datetime_operator.py
[2024-07-14T16:46:55.682+0000] {processor.py:830} INFO - Processing file /home/airflow/.local/lib/python3.12/site-packages/airflow/example_dags/example_branch_datetime_operator.py for tasks to queue
[2024-07-14T16:46:55.685+0000] {logging_mixin.py:188} INFO - [2024-07-14T16:46:55.685+0000] {dagbag.py:545} INFO - Filling up the DagBag from /home/airflow/.local/lib/python3.12/site-packages/airflow/example_dags/example_branch_datetime_operator.py
[2024-07-14T16:46:55.707+0000] {processor.py:840} INFO - DAG(s) 'example_branch_datetime_operator', 'example_branch_datetime_operator_2', 'example_branch_datetime_operator_3' retrieved from /home/airflow/.local/lib/python3.12/site-packages/airflow/example_dags/example_branch_datetime_operator.py
[2024-07-14T16:46:55.764+0000] {logging_mixin.py:188} INFO - [2024-07-14T16:46:55.763+0000] {dag.py:3096} INFO - Sync 3 DAGs
[2024-07-14T16:46:55.849+0000] {logging_mixin.py:188} INFO - [2024-07-14T16:46:55.848+0000] {dag.py:3954} INFO - Setting next_dagrun for example_branch_datetime_operator to 2024-07-13 00:00:00+00:00, run_after=2024-07-14 00:00:00+00:00
[2024-07-14T16:46:55.861+0000] {logging_mixin.py:188} INFO - [2024-07-14T16:46:55.860+0000] {dag.py:3954} INFO - Setting next_dagrun for example_branch_datetime_operator_2 to 2024-07-13 00:00:00+00:00, run_after=2024-07-14 00:00:00+00:00
[2024-07-14T16:46:55.868+0000] {logging_mixin.py:188} INFO - [2024-07-14T16:46:55.868+0000] {dag.py:3954} INFO - Setting next_dagrun for example_branch_datetime_operator_3 to 2024-07-13 00:00:00+00:00, run_after=2024-07-14 00:00:00+00:00
[2024-07-14T16:46:55.937+0000] {processor.py:183} INFO - Processing /home/airflow/.local/lib/python3.12/site-packages/airflow/example_dags/example_branch_datetime_operator.py took 0.272 seconds
[2024-07-14T16:47:26.062+0000] {processor.py:161} INFO - Started process (PID=1546) to work on /home/airflow/.local/lib/python3.12/site-packages/airflow/example_dags/example_branch_datetime_operator.py
[2024-07-14T16:47:26.068+0000] {processor.py:830} INFO - Processing file /home/airflow/.local/lib/python3.12/site-packages/airflow/example_dags/example_branch_datetime_operator.py for tasks to queue
[2024-07-14T16:47:26.074+0000] {logging_mixin.py:188} INFO - [2024-07-14T16:47:26.073+0000] {dagbag.py:545} INFO - Filling up the DagBag from /home/airflow/.local/lib/python3.12/site-packages/airflow/example_dags/example_branch_datetime_operator.py
[2024-07-14T16:47:26.098+0000] {processor.py:840} INFO - DAG(s) 'example_branch_datetime_operator', 'example_branch_datetime_operator_2', 'example_branch_datetime_operator_3' retrieved from /home/airflow/.local/lib/python3.12/site-packages/airflow/example_dags/example_branch_datetime_operator.py
[2024-07-14T16:47:26.211+0000] {logging_mixin.py:188} INFO - [2024-07-14T16:47:26.210+0000] {dag.py:3096} INFO - Sync 3 DAGs
[2024-07-14T16:47:26.359+0000] {logging_mixin.py:188} INFO - [2024-07-14T16:47:26.359+0000] {dag.py:3954} INFO - Setting next_dagrun for example_branch_datetime_operator to 2024-07-13 00:00:00+00:00, run_after=2024-07-14 00:00:00+00:00
[2024-07-14T16:47:26.375+0000] {logging_mixin.py:188} INFO - [2024-07-14T16:47:26.370+0000] {dag.py:3954} INFO - Setting next_dagrun for example_branch_datetime_operator_2 to 2024-07-13 00:00:00+00:00, run_after=2024-07-14 00:00:00+00:00
[2024-07-14T16:47:26.389+0000] {logging_mixin.py:188} INFO - [2024-07-14T16:47:26.388+0000] {dag.py:3954} INFO - Setting next_dagrun for example_branch_datetime_operator_3 to 2024-07-13 00:00:00+00:00, run_after=2024-07-14 00:00:00+00:00
[2024-07-14T16:47:26.418+0000] {processor.py:183} INFO - Processing /home/airflow/.local/lib/python3.12/site-packages/airflow/example_dags/example_branch_datetime_operator.py took 0.377 seconds
[2024-07-14T16:47:56.921+0000] {processor.py:161} INFO - Started process (PID=1611) to work on /home/airflow/.local/lib/python3.12/site-packages/airflow/example_dags/example_branch_datetime_operator.py
[2024-07-14T16:47:56.953+0000] {processor.py:830} INFO - Processing file /home/airflow/.local/lib/python3.12/site-packages/airflow/example_dags/example_branch_datetime_operator.py for tasks to queue
[2024-07-14T16:47:56.980+0000] {logging_mixin.py:188} INFO - [2024-07-14T16:47:56.979+0000] {dagbag.py:545} INFO - Filling up the DagBag from /home/airflow/.local/lib/python3.12/site-packages/airflow/example_dags/example_branch_datetime_operator.py
[2024-07-14T16:47:57.056+0000] {processor.py:840} INFO - DAG(s) 'example_branch_datetime_operator_2', 'example_branch_datetime_operator', 'example_branch_datetime_operator_3' retrieved from /home/airflow/.local/lib/python3.12/site-packages/airflow/example_dags/example_branch_datetime_operator.py
[2024-07-14T16:47:57.248+0000] {logging_mixin.py:188} INFO - [2024-07-14T16:47:57.248+0000] {dag.py:3096} INFO - Sync 3 DAGs
[2024-07-14T16:47:57.513+0000] {logging_mixin.py:188} INFO - [2024-07-14T16:47:57.512+0000] {dag.py:3954} INFO - Setting next_dagrun for example_branch_datetime_operator to 2024-07-13 00:00:00+00:00, run_after=2024-07-14 00:00:00+00:00
[2024-07-14T16:47:57.527+0000] {logging_mixin.py:188} INFO - [2024-07-14T16:47:57.526+0000] {dag.py:3954} INFO - Setting next_dagrun for example_branch_datetime_operator_2 to 2024-07-13 00:00:00+00:00, run_after=2024-07-14 00:00:00+00:00
[2024-07-14T16:47:57.565+0000] {logging_mixin.py:188} INFO - [2024-07-14T16:47:57.565+0000] {dag.py:3954} INFO - Setting next_dagrun for example_branch_datetime_operator_3 to 2024-07-13 00:00:00+00:00, run_after=2024-07-14 00:00:00+00:00
[2024-07-14T16:47:57.687+0000] {processor.py:183} INFO - Processing /home/airflow/.local/lib/python3.12/site-packages/airflow/example_dags/example_branch_datetime_operator.py took 0.785 seconds
[2024-07-14T16:48:28.019+0000] {processor.py:161} INFO - Started process (PID=1671) to work on /home/airflow/.local/lib/python3.12/site-packages/airflow/example_dags/example_branch_datetime_operator.py
[2024-07-14T16:48:28.025+0000] {processor.py:830} INFO - Processing file /home/airflow/.local/lib/python3.12/site-packages/airflow/example_dags/example_branch_datetime_operator.py for tasks to queue
[2024-07-14T16:48:28.026+0000] {logging_mixin.py:188} INFO - [2024-07-14T16:48:28.026+0000] {dagbag.py:545} INFO - Filling up the DagBag from /home/airflow/.local/lib/python3.12/site-packages/airflow/example_dags/example_branch_datetime_operator.py
[2024-07-14T16:48:28.045+0000] {processor.py:840} INFO - DAG(s) 'example_branch_datetime_operator_2', 'example_branch_datetime_operator', 'example_branch_datetime_operator_3' retrieved from /home/airflow/.local/lib/python3.12/site-packages/airflow/example_dags/example_branch_datetime_operator.py
[2024-07-14T16:48:28.101+0000] {logging_mixin.py:188} INFO - [2024-07-14T16:48:28.101+0000] {dag.py:3096} INFO - Sync 3 DAGs
[2024-07-14T16:48:28.143+0000] {logging_mixin.py:188} INFO - [2024-07-14T16:48:28.143+0000] {dag.py:3954} INFO - Setting next_dagrun for example_branch_datetime_operator to 2024-07-13 00:00:00+00:00, run_after=2024-07-14 00:00:00+00:00
[2024-07-14T16:48:28.155+0000] {logging_mixin.py:188} INFO - [2024-07-14T16:48:28.154+0000] {dag.py:3954} INFO - Setting next_dagrun for example_branch_datetime_operator_2 to 2024-07-13 00:00:00+00:00, run_after=2024-07-14 00:00:00+00:00
[2024-07-14T16:48:28.159+0000] {logging_mixin.py:188} INFO - [2024-07-14T16:48:28.159+0000] {dag.py:3954} INFO - Setting next_dagrun for example_branch_datetime_operator_3 to 2024-07-13 00:00:00+00:00, run_after=2024-07-14 00:00:00+00:00
[2024-07-14T16:48:28.210+0000] {processor.py:183} INFO - Processing /home/airflow/.local/lib/python3.12/site-packages/airflow/example_dags/example_branch_datetime_operator.py took 0.201 seconds
[2024-07-14T16:48:59.361+0000] {processor.py:161} INFO - Started process (PID=1729) to work on /home/airflow/.local/lib/python3.12/site-packages/airflow/example_dags/example_branch_datetime_operator.py
[2024-07-14T16:48:59.363+0000] {processor.py:830} INFO - Processing file /home/airflow/.local/lib/python3.12/site-packages/airflow/example_dags/example_branch_datetime_operator.py for tasks to queue
[2024-07-14T16:48:59.365+0000] {logging_mixin.py:188} INFO - [2024-07-14T16:48:59.364+0000] {dagbag.py:545} INFO - Filling up the DagBag from /home/airflow/.local/lib/python3.12/site-packages/airflow/example_dags/example_branch_datetime_operator.py
[2024-07-14T16:48:59.388+0000] {processor.py:840} INFO - DAG(s) 'example_branch_datetime_operator_3', 'example_branch_datetime_operator_2', 'example_branch_datetime_operator' retrieved from /home/airflow/.local/lib/python3.12/site-packages/airflow/example_dags/example_branch_datetime_operator.py
[2024-07-14T16:48:59.441+0000] {logging_mixin.py:188} INFO - [2024-07-14T16:48:59.441+0000] {dag.py:3096} INFO - Sync 3 DAGs
[2024-07-14T16:48:59.503+0000] {logging_mixin.py:188} INFO - [2024-07-14T16:48:59.503+0000] {dag.py:3954} INFO - Setting next_dagrun for example_branch_datetime_operator to 2024-07-13 00:00:00+00:00, run_after=2024-07-14 00:00:00+00:00
[2024-07-14T16:48:59.514+0000] {logging_mixin.py:188} INFO - [2024-07-14T16:48:59.514+0000] {dag.py:3954} INFO - Setting next_dagrun for example_branch_datetime_operator_2 to 2024-07-13 00:00:00+00:00, run_after=2024-07-14 00:00:00+00:00
[2024-07-14T16:48:59.528+0000] {logging_mixin.py:188} INFO - [2024-07-14T16:48:59.527+0000] {dag.py:3954} INFO - Setting next_dagrun for example_branch_datetime_operator_3 to 2024-07-13 00:00:00+00:00, run_after=2024-07-14 00:00:00+00:00
[2024-07-14T16:48:59.813+0000] {processor.py:183} INFO - Processing /home/airflow/.local/lib/python3.12/site-packages/airflow/example_dags/example_branch_datetime_operator.py took 0.467 seconds
[2024-07-14T16:49:30.133+0000] {processor.py:161} INFO - Started process (PID=1788) to work on /home/airflow/.local/lib/python3.12/site-packages/airflow/example_dags/example_branch_datetime_operator.py
[2024-07-14T16:49:30.136+0000] {processor.py:830} INFO - Processing file /home/airflow/.local/lib/python3.12/site-packages/airflow/example_dags/example_branch_datetime_operator.py for tasks to queue
[2024-07-14T16:49:30.138+0000] {logging_mixin.py:188} INFO - [2024-07-14T16:49:30.137+0000] {dagbag.py:545} INFO - Filling up the DagBag from /home/airflow/.local/lib/python3.12/site-packages/airflow/example_dags/example_branch_datetime_operator.py
[2024-07-14T16:49:30.166+0000] {processor.py:840} INFO - DAG(s) 'example_branch_datetime_operator', 'example_branch_datetime_operator_2', 'example_branch_datetime_operator_3' retrieved from /home/airflow/.local/lib/python3.12/site-packages/airflow/example_dags/example_branch_datetime_operator.py
[2024-07-14T16:49:30.262+0000] {logging_mixin.py:188} INFO - [2024-07-14T16:49:30.261+0000] {dag.py:3096} INFO - Sync 3 DAGs
[2024-07-14T16:49:30.344+0000] {logging_mixin.py:188} INFO - [2024-07-14T16:49:30.343+0000] {dag.py:3954} INFO - Setting next_dagrun for example_branch_datetime_operator to 2024-07-13 00:00:00+00:00, run_after=2024-07-14 00:00:00+00:00
[2024-07-14T16:49:30.369+0000] {logging_mixin.py:188} INFO - [2024-07-14T16:49:30.369+0000] {dag.py:3954} INFO - Setting next_dagrun for example_branch_datetime_operator_2 to 2024-07-13 00:00:00+00:00, run_after=2024-07-14 00:00:00+00:00
[2024-07-14T16:49:30.385+0000] {logging_mixin.py:188} INFO - [2024-07-14T16:49:30.384+0000] {dag.py:3954} INFO - Setting next_dagrun for example_branch_datetime_operator_3 to 2024-07-13 00:00:00+00:00, run_after=2024-07-14 00:00:00+00:00
[2024-07-14T16:49:30.429+0000] {processor.py:183} INFO - Processing /home/airflow/.local/lib/python3.12/site-packages/airflow/example_dags/example_branch_datetime_operator.py took 0.328 seconds
[2024-07-14T16:50:00.773+0000] {processor.py:161} INFO - Started process (PID=1847) to work on /home/airflow/.local/lib/python3.12/site-packages/airflow/example_dags/example_branch_datetime_operator.py
[2024-07-14T16:50:00.781+0000] {processor.py:830} INFO - Processing file /home/airflow/.local/lib/python3.12/site-packages/airflow/example_dags/example_branch_datetime_operator.py for tasks to queue
[2024-07-14T16:50:00.784+0000] {logging_mixin.py:188} INFO - [2024-07-14T16:50:00.784+0000] {dagbag.py:545} INFO - Filling up the DagBag from /home/airflow/.local/lib/python3.12/site-packages/airflow/example_dags/example_branch_datetime_operator.py
[2024-07-14T16:50:00.855+0000] {processor.py:840} INFO - DAG(s) 'example_branch_datetime_operator_3', 'example_branch_datetime_operator', 'example_branch_datetime_operator_2' retrieved from /home/airflow/.local/lib/python3.12/site-packages/airflow/example_dags/example_branch_datetime_operator.py
[2024-07-14T16:50:00.959+0000] {logging_mixin.py:188} INFO - [2024-07-14T16:50:00.959+0000] {dag.py:3096} INFO - Sync 3 DAGs
[2024-07-14T16:50:01.025+0000] {logging_mixin.py:188} INFO - [2024-07-14T16:50:01.025+0000] {dag.py:3954} INFO - Setting next_dagrun for example_branch_datetime_operator to 2024-07-13 00:00:00+00:00, run_after=2024-07-14 00:00:00+00:00
[2024-07-14T16:50:01.039+0000] {logging_mixin.py:188} INFO - [2024-07-14T16:50:01.038+0000] {dag.py:3954} INFO - Setting next_dagrun for example_branch_datetime_operator_2 to 2024-07-13 00:00:00+00:00, run_after=2024-07-14 00:00:00+00:00
[2024-07-14T16:50:01.044+0000] {logging_mixin.py:188} INFO - [2024-07-14T16:50:01.043+0000] {dag.py:3954} INFO - Setting next_dagrun for example_branch_datetime_operator_3 to 2024-07-13 00:00:00+00:00, run_after=2024-07-14 00:00:00+00:00
[2024-07-14T16:50:01.102+0000] {processor.py:183} INFO - Processing /home/airflow/.local/lib/python3.12/site-packages/airflow/example_dags/example_branch_datetime_operator.py took 0.349 seconds
[2024-07-14T16:50:31.717+0000] {processor.py:161} INFO - Started process (PID=1905) to work on /home/airflow/.local/lib/python3.12/site-packages/airflow/example_dags/example_branch_datetime_operator.py
[2024-07-14T16:50:31.718+0000] {processor.py:830} INFO - Processing file /home/airflow/.local/lib/python3.12/site-packages/airflow/example_dags/example_branch_datetime_operator.py for tasks to queue
[2024-07-14T16:50:31.721+0000] {logging_mixin.py:188} INFO - [2024-07-14T16:50:31.720+0000] {dagbag.py:545} INFO - Filling up the DagBag from /home/airflow/.local/lib/python3.12/site-packages/airflow/example_dags/example_branch_datetime_operator.py
[2024-07-14T16:50:31.741+0000] {processor.py:840} INFO - DAG(s) 'example_branch_datetime_operator_3', 'example_branch_datetime_operator_2', 'example_branch_datetime_operator' retrieved from /home/airflow/.local/lib/python3.12/site-packages/airflow/example_dags/example_branch_datetime_operator.py
[2024-07-14T16:50:32.007+0000] {logging_mixin.py:188} INFO - [2024-07-14T16:50:32.007+0000] {dag.py:3096} INFO - Sync 3 DAGs
[2024-07-14T16:50:32.052+0000] {logging_mixin.py:188} INFO - [2024-07-14T16:50:32.052+0000] {dag.py:3954} INFO - Setting next_dagrun for example_branch_datetime_operator to 2024-07-13 00:00:00+00:00, run_after=2024-07-14 00:00:00+00:00
[2024-07-14T16:50:32.064+0000] {logging_mixin.py:188} INFO - [2024-07-14T16:50:32.063+0000] {dag.py:3954} INFO - Setting next_dagrun for example_branch_datetime_operator_2 to 2024-07-13 00:00:00+00:00, run_after=2024-07-14 00:00:00+00:00
[2024-07-14T16:50:32.075+0000] {logging_mixin.py:188} INFO - [2024-07-14T16:50:32.074+0000] {dag.py:3954} INFO - Setting next_dagrun for example_branch_datetime_operator_3 to 2024-07-13 00:00:00+00:00, run_after=2024-07-14 00:00:00+00:00
[2024-07-14T16:50:32.114+0000] {processor.py:183} INFO - Processing /home/airflow/.local/lib/python3.12/site-packages/airflow/example_dags/example_branch_datetime_operator.py took 0.408 seconds
[2024-07-14T16:51:02.260+0000] {processor.py:161} INFO - Started process (PID=1963) to work on /home/airflow/.local/lib/python3.12/site-packages/airflow/example_dags/example_branch_datetime_operator.py
[2024-07-14T16:51:02.264+0000] {processor.py:830} INFO - Processing file /home/airflow/.local/lib/python3.12/site-packages/airflow/example_dags/example_branch_datetime_operator.py for tasks to queue
[2024-07-14T16:51:02.269+0000] {logging_mixin.py:188} INFO - [2024-07-14T16:51:02.268+0000] {dagbag.py:545} INFO - Filling up the DagBag from /home/airflow/.local/lib/python3.12/site-packages/airflow/example_dags/example_branch_datetime_operator.py
[2024-07-14T16:51:02.290+0000] {processor.py:840} INFO - DAG(s) 'example_branch_datetime_operator', 'example_branch_datetime_operator_2', 'example_branch_datetime_operator_3' retrieved from /home/airflow/.local/lib/python3.12/site-packages/airflow/example_dags/example_branch_datetime_operator.py
[2024-07-14T16:51:02.362+0000] {logging_mixin.py:188} INFO - [2024-07-14T16:51:02.362+0000] {dag.py:3096} INFO - Sync 3 DAGs
[2024-07-14T16:51:02.416+0000] {logging_mixin.py:188} INFO - [2024-07-14T16:51:02.415+0000] {dag.py:3954} INFO - Setting next_dagrun for example_branch_datetime_operator to 2024-07-13 00:00:00+00:00, run_after=2024-07-14 00:00:00+00:00
[2024-07-14T16:51:02.426+0000] {logging_mixin.py:188} INFO - [2024-07-14T16:51:02.426+0000] {dag.py:3954} INFO - Setting next_dagrun for example_branch_datetime_operator_2 to 2024-07-13 00:00:00+00:00, run_after=2024-07-14 00:00:00+00:00
[2024-07-14T16:51:02.431+0000] {logging_mixin.py:188} INFO - [2024-07-14T16:51:02.430+0000] {dag.py:3954} INFO - Setting next_dagrun for example_branch_datetime_operator_3 to 2024-07-13 00:00:00+00:00, run_after=2024-07-14 00:00:00+00:00
[2024-07-14T16:51:02.467+0000] {processor.py:183} INFO - Processing /home/airflow/.local/lib/python3.12/site-packages/airflow/example_dags/example_branch_datetime_operator.py took 0.221 seconds
[2024-07-14T16:51:32.590+0000] {processor.py:161} INFO - Started process (PID=2022) to work on /home/airflow/.local/lib/python3.12/site-packages/airflow/example_dags/example_branch_datetime_operator.py
[2024-07-14T16:51:32.592+0000] {processor.py:830} INFO - Processing file /home/airflow/.local/lib/python3.12/site-packages/airflow/example_dags/example_branch_datetime_operator.py for tasks to queue
[2024-07-14T16:51:32.594+0000] {logging_mixin.py:188} INFO - [2024-07-14T16:51:32.593+0000] {dagbag.py:545} INFO - Filling up the DagBag from /home/airflow/.local/lib/python3.12/site-packages/airflow/example_dags/example_branch_datetime_operator.py
[2024-07-14T16:51:32.610+0000] {processor.py:840} INFO - DAG(s) 'example_branch_datetime_operator_3', 'example_branch_datetime_operator', 'example_branch_datetime_operator_2' retrieved from /home/airflow/.local/lib/python3.12/site-packages/airflow/example_dags/example_branch_datetime_operator.py
[2024-07-14T16:51:32.662+0000] {logging_mixin.py:188} INFO - [2024-07-14T16:51:32.662+0000] {dag.py:3096} INFO - Sync 3 DAGs
[2024-07-14T16:51:32.709+0000] {logging_mixin.py:188} INFO - [2024-07-14T16:51:32.709+0000] {dag.py:3954} INFO - Setting next_dagrun for example_branch_datetime_operator to 2024-07-13 00:00:00+00:00, run_after=2024-07-14 00:00:00+00:00
[2024-07-14T16:51:32.729+0000] {logging_mixin.py:188} INFO - [2024-07-14T16:51:32.729+0000] {dag.py:3954} INFO - Setting next_dagrun for example_branch_datetime_operator_2 to 2024-07-13 00:00:00+00:00, run_after=2024-07-14 00:00:00+00:00
[2024-07-14T16:51:32.733+0000] {logging_mixin.py:188} INFO - [2024-07-14T16:51:32.733+0000] {dag.py:3954} INFO - Setting next_dagrun for example_branch_datetime_operator_3 to 2024-07-13 00:00:00+00:00, run_after=2024-07-14 00:00:00+00:00
[2024-07-14T16:51:32.759+0000] {processor.py:183} INFO - Processing /home/airflow/.local/lib/python3.12/site-packages/airflow/example_dags/example_branch_datetime_operator.py took 0.179 seconds
[2024-07-14T16:56:04.372+0000] {processor.py:161} INFO - Started process (PID=86) to work on /home/airflow/.local/lib/python3.12/site-packages/airflow/example_dags/example_branch_datetime_operator.py
[2024-07-14T16:56:04.426+0000] {processor.py:830} INFO - Processing file /home/airflow/.local/lib/python3.12/site-packages/airflow/example_dags/example_branch_datetime_operator.py for tasks to queue
[2024-07-14T16:56:04.524+0000] {logging_mixin.py:188} INFO - [2024-07-14T16:56:04.520+0000] {dagbag.py:545} INFO - Filling up the DagBag from /home/airflow/.local/lib/python3.12/site-packages/airflow/example_dags/example_branch_datetime_operator.py
[2024-07-14T16:56:05.287+0000] {processor.py:840} INFO - DAG(s) 'example_branch_datetime_operator', 'example_branch_datetime_operator_3', 'example_branch_datetime_operator_2' retrieved from /home/airflow/.local/lib/python3.12/site-packages/airflow/example_dags/example_branch_datetime_operator.py
[2024-07-14T16:56:07.576+0000] {logging_mixin.py:188} INFO - [2024-07-14T16:56:07.575+0000] {dag.py:3096} INFO - Sync 3 DAGs
[2024-07-14T16:56:07.973+0000] {logging_mixin.py:188} INFO - [2024-07-14T16:56:07.973+0000] {dag.py:3954} INFO - Setting next_dagrun for example_branch_datetime_operator to 2024-07-13 00:00:00+00:00, run_after=2024-07-14 00:00:00+00:00
[2024-07-14T16:56:08.513+0000] {logging_mixin.py:188} INFO - [2024-07-14T16:56:08.512+0000] {dag.py:3954} INFO - Setting next_dagrun for example_branch_datetime_operator_2 to 2024-07-13 00:00:00+00:00, run_after=2024-07-14 00:00:00+00:00
[2024-07-14T16:56:08.720+0000] {logging_mixin.py:188} INFO - [2024-07-14T16:56:08.673+0000] {dag.py:3954} INFO - Setting next_dagrun for example_branch_datetime_operator_3 to 2024-07-13 00:00:00+00:00, run_after=2024-07-14 00:00:00+00:00
[2024-07-14T16:56:09.394+0000] {processor.py:183} INFO - Processing /home/airflow/.local/lib/python3.12/site-packages/airflow/example_dags/example_branch_datetime_operator.py took 5.146 seconds
[2024-07-14T16:56:39.929+0000] {processor.py:161} INFO - Started process (PID=145) to work on /home/airflow/.local/lib/python3.12/site-packages/airflow/example_dags/example_branch_datetime_operator.py
[2024-07-14T16:56:39.931+0000] {processor.py:830} INFO - Processing file /home/airflow/.local/lib/python3.12/site-packages/airflow/example_dags/example_branch_datetime_operator.py for tasks to queue
[2024-07-14T16:56:39.938+0000] {logging_mixin.py:188} INFO - [2024-07-14T16:56:39.936+0000] {dagbag.py:545} INFO - Filling up the DagBag from /home/airflow/.local/lib/python3.12/site-packages/airflow/example_dags/example_branch_datetime_operator.py
[2024-07-14T16:56:40.029+0000] {processor.py:840} INFO - DAG(s) 'example_branch_datetime_operator_2', 'example_branch_datetime_operator_3', 'example_branch_datetime_operator' retrieved from /home/airflow/.local/lib/python3.12/site-packages/airflow/example_dags/example_branch_datetime_operator.py
[2024-07-14T16:56:40.141+0000] {logging_mixin.py:188} INFO - [2024-07-14T16:56:40.140+0000] {dag.py:3096} INFO - Sync 3 DAGs
[2024-07-14T16:56:40.322+0000] {logging_mixin.py:188} INFO - [2024-07-14T16:56:40.321+0000] {dag.py:3954} INFO - Setting next_dagrun for example_branch_datetime_operator to 2024-07-13 00:00:00+00:00, run_after=2024-07-14 00:00:00+00:00
[2024-07-14T16:56:40.349+0000] {logging_mixin.py:188} INFO - [2024-07-14T16:56:40.348+0000] {dag.py:3954} INFO - Setting next_dagrun for example_branch_datetime_operator_2 to 2024-07-13 00:00:00+00:00, run_after=2024-07-14 00:00:00+00:00
[2024-07-14T16:56:40.399+0000] {logging_mixin.py:188} INFO - [2024-07-14T16:56:40.398+0000] {dag.py:3954} INFO - Setting next_dagrun for example_branch_datetime_operator_3 to 2024-07-13 00:00:00+00:00, run_after=2024-07-14 00:00:00+00:00
[2024-07-14T16:56:40.591+0000] {processor.py:183} INFO - Processing /home/airflow/.local/lib/python3.12/site-packages/airflow/example_dags/example_branch_datetime_operator.py took 0.684 seconds
