[2024-07-14T16:33:16.499+0000] {processor.py:161} INFO - Started process (PID=43) to work on /home/airflow/.local/lib/python3.12/site-packages/airflow/example_dags/example_setup_teardown.py
[2024-07-14T16:33:16.501+0000] {processor.py:830} INFO - Processing file /home/airflow/.local/lib/python3.12/site-packages/airflow/example_dags/example_setup_teardown.py for tasks to queue
[2024-07-14T16:33:16.505+0000] {logging_mixin.py:188} INFO - [2024-07-14T16:33:16.504+0000] {dagbag.py:545} INFO - Filling up the DagBag from /home/airflow/.local/lib/python3.12/site-packages/airflow/example_dags/example_setup_teardown.py
[2024-07-14T16:33:16.529+0000] {processor.py:840} INFO - DAG(s) 'example_setup_teardown' retrieved from /home/airflow/.local/lib/python3.12/site-packages/airflow/example_dags/example_setup_teardown.py
[2024-07-14T16:33:17.014+0000] {logging_mixin.py:188} INFO - [2024-07-14T16:33:17.014+0000] {dag.py:3096} INFO - Sync 1 DAGs
[2024-07-14T16:33:17.111+0000] {logging_mixin.py:188} INFO - [2024-07-14T16:33:17.111+0000] {dag.py:3954} INFO - Setting next_dagrun for example_setup_teardown to 2024-07-13 00:00:00+00:00, run_after=2024-07-14 00:00:00+00:00
[2024-07-14T16:33:17.174+0000] {processor.py:183} INFO - Processing /home/airflow/.local/lib/python3.12/site-packages/airflow/example_dags/example_setup_teardown.py took 0.689 seconds
[2024-07-14T16:33:47.780+0000] {processor.py:161} INFO - Started process (PID=101) to work on /home/airflow/.local/lib/python3.12/site-packages/airflow/example_dags/example_setup_teardown.py
[2024-07-14T16:33:47.782+0000] {processor.py:830} INFO - Processing file /home/airflow/.local/lib/python3.12/site-packages/airflow/example_dags/example_setup_teardown.py for tasks to queue
[2024-07-14T16:33:47.785+0000] {logging_mixin.py:188} INFO - [2024-07-14T16:33:47.784+0000] {dagbag.py:545} INFO - Filling up the DagBag from /home/airflow/.local/lib/python3.12/site-packages/airflow/example_dags/example_setup_teardown.py
[2024-07-14T16:33:47.796+0000] {processor.py:840} INFO - DAG(s) 'example_setup_teardown' retrieved from /home/airflow/.local/lib/python3.12/site-packages/airflow/example_dags/example_setup_teardown.py
[2024-07-14T16:33:47.837+0000] {logging_mixin.py:188} INFO - [2024-07-14T16:33:47.837+0000] {dag.py:3096} INFO - Sync 1 DAGs
[2024-07-14T16:33:47.883+0000] {logging_mixin.py:188} INFO - [2024-07-14T16:33:47.883+0000] {dag.py:3954} INFO - Setting next_dagrun for example_setup_teardown to 2024-07-13 00:00:00+00:00, run_after=2024-07-14 00:00:00+00:00
[2024-07-14T16:33:47.911+0000] {processor.py:183} INFO - Processing /home/airflow/.local/lib/python3.12/site-packages/airflow/example_dags/example_setup_teardown.py took 0.155 seconds
[2024-07-14T16:34:18.431+0000] {processor.py:161} INFO - Started process (PID=158) to work on /home/airflow/.local/lib/python3.12/site-packages/airflow/example_dags/example_setup_teardown.py
[2024-07-14T16:34:18.433+0000] {processor.py:830} INFO - Processing file /home/airflow/.local/lib/python3.12/site-packages/airflow/example_dags/example_setup_teardown.py for tasks to queue
[2024-07-14T16:34:18.437+0000] {logging_mixin.py:188} INFO - [2024-07-14T16:34:18.437+0000] {dagbag.py:545} INFO - Filling up the DagBag from /home/airflow/.local/lib/python3.12/site-packages/airflow/example_dags/example_setup_teardown.py
[2024-07-14T16:34:18.449+0000] {processor.py:840} INFO - DAG(s) 'example_setup_teardown' retrieved from /home/airflow/.local/lib/python3.12/site-packages/airflow/example_dags/example_setup_teardown.py
[2024-07-14T16:34:18.499+0000] {logging_mixin.py:188} INFO - [2024-07-14T16:34:18.499+0000] {dag.py:3096} INFO - Sync 1 DAGs
[2024-07-14T16:34:18.546+0000] {logging_mixin.py:188} INFO - [2024-07-14T16:34:18.546+0000] {dag.py:3954} INFO - Setting next_dagrun for example_setup_teardown to 2024-07-13 00:00:00+00:00, run_after=2024-07-14 00:00:00+00:00
[2024-07-14T16:34:18.607+0000] {processor.py:183} INFO - Processing /home/airflow/.local/lib/python3.12/site-packages/airflow/example_dags/example_setup_teardown.py took 0.196 seconds
[2024-07-14T16:34:49.542+0000] {processor.py:161} INFO - Started process (PID=216) to work on /home/airflow/.local/lib/python3.12/site-packages/airflow/example_dags/example_setup_teardown.py
[2024-07-14T16:34:49.545+0000] {processor.py:830} INFO - Processing file /home/airflow/.local/lib/python3.12/site-packages/airflow/example_dags/example_setup_teardown.py for tasks to queue
[2024-07-14T16:34:49.549+0000] {logging_mixin.py:188} INFO - [2024-07-14T16:34:49.548+0000] {dagbag.py:545} INFO - Filling up the DagBag from /home/airflow/.local/lib/python3.12/site-packages/airflow/example_dags/example_setup_teardown.py
[2024-07-14T16:34:49.580+0000] {processor.py:840} INFO - DAG(s) 'example_setup_teardown' retrieved from /home/airflow/.local/lib/python3.12/site-packages/airflow/example_dags/example_setup_teardown.py
[2024-07-14T16:34:49.631+0000] {logging_mixin.py:188} INFO - [2024-07-14T16:34:49.630+0000] {dag.py:3096} INFO - Sync 1 DAGs
[2024-07-14T16:34:49.684+0000] {logging_mixin.py:188} INFO - [2024-07-14T16:34:49.684+0000] {dag.py:3954} INFO - Setting next_dagrun for example_setup_teardown to 2024-07-13 00:00:00+00:00, run_after=2024-07-14 00:00:00+00:00
[2024-07-14T16:34:49.726+0000] {processor.py:183} INFO - Processing /home/airflow/.local/lib/python3.12/site-packages/airflow/example_dags/example_setup_teardown.py took 0.211 seconds
[2024-07-14T16:35:19.796+0000] {processor.py:161} INFO - Started process (PID=274) to work on /home/airflow/.local/lib/python3.12/site-packages/airflow/example_dags/example_setup_teardown.py
[2024-07-14T16:35:19.802+0000] {processor.py:830} INFO - Processing file /home/airflow/.local/lib/python3.12/site-packages/airflow/example_dags/example_setup_teardown.py for tasks to queue
[2024-07-14T16:35:19.823+0000] {logging_mixin.py:188} INFO - [2024-07-14T16:35:19.823+0000] {dagbag.py:545} INFO - Filling up the DagBag from /home/airflow/.local/lib/python3.12/site-packages/airflow/example_dags/example_setup_teardown.py
[2024-07-14T16:35:19.845+0000] {processor.py:840} INFO - DAG(s) 'example_setup_teardown' retrieved from /home/airflow/.local/lib/python3.12/site-packages/airflow/example_dags/example_setup_teardown.py
[2024-07-14T16:35:19.934+0000] {logging_mixin.py:188} INFO - [2024-07-14T16:35:19.933+0000] {dag.py:3096} INFO - Sync 1 DAGs
[2024-07-14T16:35:20.004+0000] {logging_mixin.py:188} INFO - [2024-07-14T16:35:20.003+0000] {dag.py:3954} INFO - Setting next_dagrun for example_setup_teardown to 2024-07-13 00:00:00+00:00, run_after=2024-07-14 00:00:00+00:00
[2024-07-14T16:35:20.046+0000] {processor.py:183} INFO - Processing /home/airflow/.local/lib/python3.12/site-packages/airflow/example_dags/example_setup_teardown.py took 0.266 seconds
[2024-07-14T16:35:51.309+0000] {processor.py:161} INFO - Started process (PID=332) to work on /home/airflow/.local/lib/python3.12/site-packages/airflow/example_dags/example_setup_teardown.py
[2024-07-14T16:35:51.311+0000] {processor.py:830} INFO - Processing file /home/airflow/.local/lib/python3.12/site-packages/airflow/example_dags/example_setup_teardown.py for tasks to queue
[2024-07-14T16:35:51.333+0000] {logging_mixin.py:188} INFO - [2024-07-14T16:35:51.333+0000] {dagbag.py:545} INFO - Filling up the DagBag from /home/airflow/.local/lib/python3.12/site-packages/airflow/example_dags/example_setup_teardown.py
[2024-07-14T16:35:51.353+0000] {processor.py:840} INFO - DAG(s) 'example_setup_teardown' retrieved from /home/airflow/.local/lib/python3.12/site-packages/airflow/example_dags/example_setup_teardown.py
[2024-07-14T16:35:51.453+0000] {logging_mixin.py:188} INFO - [2024-07-14T16:35:51.453+0000] {dag.py:3096} INFO - Sync 1 DAGs
[2024-07-14T16:35:51.508+0000] {logging_mixin.py:188} INFO - [2024-07-14T16:35:51.507+0000] {dag.py:3954} INFO - Setting next_dagrun for example_setup_teardown to 2024-07-13 00:00:00+00:00, run_after=2024-07-14 00:00:00+00:00
[2024-07-14T16:35:51.561+0000] {processor.py:183} INFO - Processing /home/airflow/.local/lib/python3.12/site-packages/airflow/example_dags/example_setup_teardown.py took 0.261 seconds
[2024-07-14T16:36:21.845+0000] {processor.py:161} INFO - Started process (PID=388) to work on /home/airflow/.local/lib/python3.12/site-packages/airflow/example_dags/example_setup_teardown.py
[2024-07-14T16:36:21.847+0000] {processor.py:830} INFO - Processing file /home/airflow/.local/lib/python3.12/site-packages/airflow/example_dags/example_setup_teardown.py for tasks to queue
[2024-07-14T16:36:21.850+0000] {logging_mixin.py:188} INFO - [2024-07-14T16:36:21.850+0000] {dagbag.py:545} INFO - Filling up the DagBag from /home/airflow/.local/lib/python3.12/site-packages/airflow/example_dags/example_setup_teardown.py
[2024-07-14T16:36:21.860+0000] {processor.py:840} INFO - DAG(s) 'example_setup_teardown' retrieved from /home/airflow/.local/lib/python3.12/site-packages/airflow/example_dags/example_setup_teardown.py
[2024-07-14T16:36:21.896+0000] {logging_mixin.py:188} INFO - [2024-07-14T16:36:21.895+0000] {dag.py:3096} INFO - Sync 1 DAGs
[2024-07-14T16:36:21.934+0000] {logging_mixin.py:188} INFO - [2024-07-14T16:36:21.934+0000] {dag.py:3954} INFO - Setting next_dagrun for example_setup_teardown to 2024-07-13 00:00:00+00:00, run_after=2024-07-14 00:00:00+00:00
[2024-07-14T16:36:21.983+0000] {processor.py:183} INFO - Processing /home/airflow/.local/lib/python3.12/site-packages/airflow/example_dags/example_setup_teardown.py took 0.148 seconds
[2024-07-14T16:36:52.755+0000] {processor.py:161} INFO - Started process (PID=446) to work on /home/airflow/.local/lib/python3.12/site-packages/airflow/example_dags/example_setup_teardown.py
[2024-07-14T16:36:52.758+0000] {processor.py:830} INFO - Processing file /home/airflow/.local/lib/python3.12/site-packages/airflow/example_dags/example_setup_teardown.py for tasks to queue
[2024-07-14T16:36:52.762+0000] {logging_mixin.py:188} INFO - [2024-07-14T16:36:52.761+0000] {dagbag.py:545} INFO - Filling up the DagBag from /home/airflow/.local/lib/python3.12/site-packages/airflow/example_dags/example_setup_teardown.py
[2024-07-14T16:36:52.785+0000] {processor.py:840} INFO - DAG(s) 'example_setup_teardown' retrieved from /home/airflow/.local/lib/python3.12/site-packages/airflow/example_dags/example_setup_teardown.py
[2024-07-14T16:36:52.838+0000] {logging_mixin.py:188} INFO - [2024-07-14T16:36:52.838+0000] {dag.py:3096} INFO - Sync 1 DAGs
[2024-07-14T16:36:52.978+0000] {logging_mixin.py:188} INFO - [2024-07-14T16:36:52.978+0000] {dag.py:3954} INFO - Setting next_dagrun for example_setup_teardown to 2024-07-13 00:00:00+00:00, run_after=2024-07-14 00:00:00+00:00
[2024-07-14T16:36:53.047+0000] {processor.py:183} INFO - Processing /home/airflow/.local/lib/python3.12/site-packages/airflow/example_dags/example_setup_teardown.py took 0.304 seconds
[2024-07-14T16:37:24.140+0000] {processor.py:161} INFO - Started process (PID=503) to work on /home/airflow/.local/lib/python3.12/site-packages/airflow/example_dags/example_setup_teardown.py
[2024-07-14T16:37:24.168+0000] {processor.py:830} INFO - Processing file /home/airflow/.local/lib/python3.12/site-packages/airflow/example_dags/example_setup_teardown.py for tasks to queue
[2024-07-14T16:37:24.187+0000] {logging_mixin.py:188} INFO - [2024-07-14T16:37:24.186+0000] {dagbag.py:545} INFO - Filling up the DagBag from /home/airflow/.local/lib/python3.12/site-packages/airflow/example_dags/example_setup_teardown.py
[2024-07-14T16:37:24.223+0000] {processor.py:840} INFO - DAG(s) 'example_setup_teardown' retrieved from /home/airflow/.local/lib/python3.12/site-packages/airflow/example_dags/example_setup_teardown.py
[2024-07-14T16:37:24.303+0000] {logging_mixin.py:188} INFO - [2024-07-14T16:37:24.302+0000] {dag.py:3096} INFO - Sync 1 DAGs
[2024-07-14T16:37:24.406+0000] {logging_mixin.py:188} INFO - [2024-07-14T16:37:24.405+0000] {dag.py:3954} INFO - Setting next_dagrun for example_setup_teardown to 2024-07-13 00:00:00+00:00, run_after=2024-07-14 00:00:00+00:00
[2024-07-14T16:37:24.497+0000] {processor.py:183} INFO - Processing /home/airflow/.local/lib/python3.12/site-packages/airflow/example_dags/example_setup_teardown.py took 0.387 seconds
[2024-07-14T16:38:02.145+0000] {processor.py:161} INFO - Started process (PID=561) to work on /home/airflow/.local/lib/python3.12/site-packages/airflow/example_dags/example_setup_teardown.py
[2024-07-14T16:38:02.153+0000] {processor.py:830} INFO - Processing file /home/airflow/.local/lib/python3.12/site-packages/airflow/example_dags/example_setup_teardown.py for tasks to queue
[2024-07-14T16:38:02.169+0000] {logging_mixin.py:188} INFO - [2024-07-14T16:38:02.168+0000] {dagbag.py:545} INFO - Filling up the DagBag from /home/airflow/.local/lib/python3.12/site-packages/airflow/example_dags/example_setup_teardown.py
[2024-07-14T16:38:02.245+0000] {processor.py:840} INFO - DAG(s) 'example_setup_teardown' retrieved from /home/airflow/.local/lib/python3.12/site-packages/airflow/example_dags/example_setup_teardown.py
[2024-07-14T16:38:02.349+0000] {logging_mixin.py:188} INFO - [2024-07-14T16:38:02.348+0000] {dag.py:3096} INFO - Sync 1 DAGs
[2024-07-14T16:38:02.715+0000] {logging_mixin.py:188} INFO - [2024-07-14T16:38:02.713+0000] {dag.py:3954} INFO - Setting next_dagrun for example_setup_teardown to 2024-07-13 00:00:00+00:00, run_after=2024-07-14 00:00:00+00:00
[2024-07-14T16:38:03.795+0000] {processor.py:183} INFO - Processing /home/airflow/.local/lib/python3.12/site-packages/airflow/example_dags/example_setup_teardown.py took 1.664 seconds
[2024-07-14T16:39:02.516+0000] {processor.py:161} INFO - Started process (PID=597) to work on /home/airflow/.local/lib/python3.12/site-packages/airflow/example_dags/example_setup_teardown.py
[2024-07-14T16:39:02.538+0000] {processor.py:830} INFO - Processing file /home/airflow/.local/lib/python3.12/site-packages/airflow/example_dags/example_setup_teardown.py for tasks to queue
[2024-07-14T16:39:02.564+0000] {logging_mixin.py:188} INFO - [2024-07-14T16:39:02.564+0000] {dagbag.py:545} INFO - Filling up the DagBag from /home/airflow/.local/lib/python3.12/site-packages/airflow/example_dags/example_setup_teardown.py
[2024-07-14T16:39:03.087+0000] {processor.py:840} INFO - DAG(s) 'example_setup_teardown' retrieved from /home/airflow/.local/lib/python3.12/site-packages/airflow/example_dags/example_setup_teardown.py
[2024-07-14T16:39:03.574+0000] {logging_mixin.py:188} INFO - [2024-07-14T16:39:03.574+0000] {dag.py:3096} INFO - Sync 1 DAGs
[2024-07-14T16:39:05.657+0000] {logging_mixin.py:188} INFO - [2024-07-14T16:39:05.429+0000] {dag.py:3954} INFO - Setting next_dagrun for example_setup_teardown to 2024-07-13 00:00:00+00:00, run_after=2024-07-14 00:00:00+00:00
[2024-07-14T16:39:06.070+0000] {processor.py:183} INFO - Processing /home/airflow/.local/lib/python3.12/site-packages/airflow/example_dags/example_setup_teardown.py took 3.670 seconds
[2024-07-14T16:39:36.309+0000] {processor.py:161} INFO - Started process (PID=654) to work on /home/airflow/.local/lib/python3.12/site-packages/airflow/example_dags/example_setup_teardown.py
[2024-07-14T16:39:36.312+0000] {processor.py:830} INFO - Processing file /home/airflow/.local/lib/python3.12/site-packages/airflow/example_dags/example_setup_teardown.py for tasks to queue
[2024-07-14T16:39:36.321+0000] {logging_mixin.py:188} INFO - [2024-07-14T16:39:36.320+0000] {dagbag.py:545} INFO - Filling up the DagBag from /home/airflow/.local/lib/python3.12/site-packages/airflow/example_dags/example_setup_teardown.py
[2024-07-14T16:39:36.344+0000] {processor.py:840} INFO - DAG(s) 'example_setup_teardown' retrieved from /home/airflow/.local/lib/python3.12/site-packages/airflow/example_dags/example_setup_teardown.py
[2024-07-14T16:39:36.407+0000] {logging_mixin.py:188} INFO - [2024-07-14T16:39:36.407+0000] {dag.py:3096} INFO - Sync 1 DAGs
[2024-07-14T16:39:36.487+0000] {logging_mixin.py:188} INFO - [2024-07-14T16:39:36.487+0000] {dag.py:3954} INFO - Setting next_dagrun for example_setup_teardown to 2024-07-13 00:00:00+00:00, run_after=2024-07-14 00:00:00+00:00
[2024-07-14T16:39:36.526+0000] {processor.py:183} INFO - Processing /home/airflow/.local/lib/python3.12/site-packages/airflow/example_dags/example_setup_teardown.py took 0.229 seconds
[2024-07-14T16:40:06.680+0000] {processor.py:161} INFO - Started process (PID=713) to work on /home/airflow/.local/lib/python3.12/site-packages/airflow/example_dags/example_setup_teardown.py
[2024-07-14T16:40:06.692+0000] {processor.py:830} INFO - Processing file /home/airflow/.local/lib/python3.12/site-packages/airflow/example_dags/example_setup_teardown.py for tasks to queue
[2024-07-14T16:40:06.697+0000] {logging_mixin.py:188} INFO - [2024-07-14T16:40:06.696+0000] {dagbag.py:545} INFO - Filling up the DagBag from /home/airflow/.local/lib/python3.12/site-packages/airflow/example_dags/example_setup_teardown.py
[2024-07-14T16:40:06.731+0000] {processor.py:840} INFO - DAG(s) 'example_setup_teardown' retrieved from /home/airflow/.local/lib/python3.12/site-packages/airflow/example_dags/example_setup_teardown.py
[2024-07-14T16:40:06.793+0000] {logging_mixin.py:188} INFO - [2024-07-14T16:40:06.792+0000] {dag.py:3096} INFO - Sync 1 DAGs
[2024-07-14T16:40:06.883+0000] {logging_mixin.py:188} INFO - [2024-07-14T16:40:06.880+0000] {dag.py:3954} INFO - Setting next_dagrun for example_setup_teardown to 2024-07-13 00:00:00+00:00, run_after=2024-07-14 00:00:00+00:00
[2024-07-14T16:40:06.955+0000] {processor.py:183} INFO - Processing /home/airflow/.local/lib/python3.12/site-packages/airflow/example_dags/example_setup_teardown.py took 0.310 seconds
[2024-07-14T16:40:37.017+0000] {processor.py:161} INFO - Started process (PID=772) to work on /home/airflow/.local/lib/python3.12/site-packages/airflow/example_dags/example_setup_teardown.py
[2024-07-14T16:40:37.047+0000] {processor.py:830} INFO - Processing file /home/airflow/.local/lib/python3.12/site-packages/airflow/example_dags/example_setup_teardown.py for tasks to queue
[2024-07-14T16:40:37.050+0000] {logging_mixin.py:188} INFO - [2024-07-14T16:40:37.050+0000] {dagbag.py:545} INFO - Filling up the DagBag from /home/airflow/.local/lib/python3.12/site-packages/airflow/example_dags/example_setup_teardown.py
[2024-07-14T16:40:37.070+0000] {processor.py:840} INFO - DAG(s) 'example_setup_teardown' retrieved from /home/airflow/.local/lib/python3.12/site-packages/airflow/example_dags/example_setup_teardown.py
[2024-07-14T16:40:37.139+0000] {logging_mixin.py:188} INFO - [2024-07-14T16:40:37.139+0000] {dag.py:3096} INFO - Sync 1 DAGs
[2024-07-14T16:40:37.202+0000] {logging_mixin.py:188} INFO - [2024-07-14T16:40:37.201+0000] {dag.py:3954} INFO - Setting next_dagrun for example_setup_teardown to 2024-07-13 00:00:00+00:00, run_after=2024-07-14 00:00:00+00:00
[2024-07-14T16:40:37.247+0000] {processor.py:183} INFO - Processing /home/airflow/.local/lib/python3.12/site-packages/airflow/example_dags/example_setup_teardown.py took 0.242 seconds
[2024-07-14T16:41:07.905+0000] {processor.py:161} INFO - Started process (PID=830) to work on /home/airflow/.local/lib/python3.12/site-packages/airflow/example_dags/example_setup_teardown.py
[2024-07-14T16:41:07.907+0000] {processor.py:830} INFO - Processing file /home/airflow/.local/lib/python3.12/site-packages/airflow/example_dags/example_setup_teardown.py for tasks to queue
[2024-07-14T16:41:07.908+0000] {logging_mixin.py:188} INFO - [2024-07-14T16:41:07.908+0000] {dagbag.py:545} INFO - Filling up the DagBag from /home/airflow/.local/lib/python3.12/site-packages/airflow/example_dags/example_setup_teardown.py
[2024-07-14T16:41:07.924+0000] {processor.py:840} INFO - DAG(s) 'example_setup_teardown' retrieved from /home/airflow/.local/lib/python3.12/site-packages/airflow/example_dags/example_setup_teardown.py
[2024-07-14T16:41:07.959+0000] {logging_mixin.py:188} INFO - [2024-07-14T16:41:07.959+0000] {dag.py:3096} INFO - Sync 1 DAGs
[2024-07-14T16:41:07.999+0000] {logging_mixin.py:188} INFO - [2024-07-14T16:41:07.998+0000] {dag.py:3954} INFO - Setting next_dagrun for example_setup_teardown to 2024-07-13 00:00:00+00:00, run_after=2024-07-14 00:00:00+00:00
[2024-07-14T16:41:08.037+0000] {processor.py:183} INFO - Processing /home/airflow/.local/lib/python3.12/site-packages/airflow/example_dags/example_setup_teardown.py took 0.140 seconds
[2024-07-14T16:41:38.190+0000] {processor.py:161} INFO - Started process (PID=889) to work on /home/airflow/.local/lib/python3.12/site-packages/airflow/example_dags/example_setup_teardown.py
[2024-07-14T16:41:38.192+0000] {processor.py:830} INFO - Processing file /home/airflow/.local/lib/python3.12/site-packages/airflow/example_dags/example_setup_teardown.py for tasks to queue
[2024-07-14T16:41:38.194+0000] {logging_mixin.py:188} INFO - [2024-07-14T16:41:38.193+0000] {dagbag.py:545} INFO - Filling up the DagBag from /home/airflow/.local/lib/python3.12/site-packages/airflow/example_dags/example_setup_teardown.py
[2024-07-14T16:41:38.208+0000] {processor.py:840} INFO - DAG(s) 'example_setup_teardown' retrieved from /home/airflow/.local/lib/python3.12/site-packages/airflow/example_dags/example_setup_teardown.py
[2024-07-14T16:41:38.262+0000] {logging_mixin.py:188} INFO - [2024-07-14T16:41:38.261+0000] {dag.py:3096} INFO - Sync 1 DAGs
[2024-07-14T16:41:38.380+0000] {logging_mixin.py:188} INFO - [2024-07-14T16:41:38.380+0000] {dag.py:3954} INFO - Setting next_dagrun for example_setup_teardown to 2024-07-13 00:00:00+00:00, run_after=2024-07-14 00:00:00+00:00
[2024-07-14T16:41:38.506+0000] {processor.py:183} INFO - Processing /home/airflow/.local/lib/python3.12/site-packages/airflow/example_dags/example_setup_teardown.py took 0.327 seconds
[2024-07-14T16:42:08.792+0000] {processor.py:161} INFO - Started process (PID=948) to work on /home/airflow/.local/lib/python3.12/site-packages/airflow/example_dags/example_setup_teardown.py
[2024-07-14T16:42:08.794+0000] {processor.py:830} INFO - Processing file /home/airflow/.local/lib/python3.12/site-packages/airflow/example_dags/example_setup_teardown.py for tasks to queue
[2024-07-14T16:42:08.796+0000] {logging_mixin.py:188} INFO - [2024-07-14T16:42:08.796+0000] {dagbag.py:545} INFO - Filling up the DagBag from /home/airflow/.local/lib/python3.12/site-packages/airflow/example_dags/example_setup_teardown.py
[2024-07-14T16:42:08.810+0000] {processor.py:840} INFO - DAG(s) 'example_setup_teardown' retrieved from /home/airflow/.local/lib/python3.12/site-packages/airflow/example_dags/example_setup_teardown.py
[2024-07-14T16:42:08.852+0000] {logging_mixin.py:188} INFO - [2024-07-14T16:42:08.851+0000] {dag.py:3096} INFO - Sync 1 DAGs
[2024-07-14T16:42:08.900+0000] {logging_mixin.py:188} INFO - [2024-07-14T16:42:08.900+0000] {dag.py:3954} INFO - Setting next_dagrun for example_setup_teardown to 2024-07-13 00:00:00+00:00, run_after=2024-07-14 00:00:00+00:00
[2024-07-14T16:42:08.948+0000] {processor.py:183} INFO - Processing /home/airflow/.local/lib/python3.12/site-packages/airflow/example_dags/example_setup_teardown.py took 0.165 seconds
[2024-07-14T16:42:39.159+0000] {processor.py:161} INFO - Started process (PID=1006) to work on /home/airflow/.local/lib/python3.12/site-packages/airflow/example_dags/example_setup_teardown.py
[2024-07-14T16:42:39.161+0000] {processor.py:830} INFO - Processing file /home/airflow/.local/lib/python3.12/site-packages/airflow/example_dags/example_setup_teardown.py for tasks to queue
[2024-07-14T16:42:39.175+0000] {logging_mixin.py:188} INFO - [2024-07-14T16:42:39.174+0000] {dagbag.py:545} INFO - Filling up the DagBag from /home/airflow/.local/lib/python3.12/site-packages/airflow/example_dags/example_setup_teardown.py
[2024-07-14T16:42:39.196+0000] {processor.py:840} INFO - DAG(s) 'example_setup_teardown' retrieved from /home/airflow/.local/lib/python3.12/site-packages/airflow/example_dags/example_setup_teardown.py
[2024-07-14T16:42:39.256+0000] {logging_mixin.py:188} INFO - [2024-07-14T16:42:39.255+0000] {dag.py:3096} INFO - Sync 1 DAGs
[2024-07-14T16:42:39.333+0000] {logging_mixin.py:188} INFO - [2024-07-14T16:42:39.332+0000] {dag.py:3954} INFO - Setting next_dagrun for example_setup_teardown to 2024-07-13 00:00:00+00:00, run_after=2024-07-14 00:00:00+00:00
[2024-07-14T16:42:39.396+0000] {processor.py:183} INFO - Processing /home/airflow/.local/lib/python3.12/site-packages/airflow/example_dags/example_setup_teardown.py took 0.253 seconds
[2024-07-14T16:43:09.681+0000] {processor.py:161} INFO - Started process (PID=1065) to work on /home/airflow/.local/lib/python3.12/site-packages/airflow/example_dags/example_setup_teardown.py
[2024-07-14T16:43:09.683+0000] {processor.py:830} INFO - Processing file /home/airflow/.local/lib/python3.12/site-packages/airflow/example_dags/example_setup_teardown.py for tasks to queue
[2024-07-14T16:43:09.685+0000] {logging_mixin.py:188} INFO - [2024-07-14T16:43:09.685+0000] {dagbag.py:545} INFO - Filling up the DagBag from /home/airflow/.local/lib/python3.12/site-packages/airflow/example_dags/example_setup_teardown.py
[2024-07-14T16:43:09.699+0000] {processor.py:840} INFO - DAG(s) 'example_setup_teardown' retrieved from /home/airflow/.local/lib/python3.12/site-packages/airflow/example_dags/example_setup_teardown.py
[2024-07-14T16:43:09.746+0000] {logging_mixin.py:188} INFO - [2024-07-14T16:43:09.745+0000] {dag.py:3096} INFO - Sync 1 DAGs
[2024-07-14T16:43:09.794+0000] {logging_mixin.py:188} INFO - [2024-07-14T16:43:09.793+0000] {dag.py:3954} INFO - Setting next_dagrun for example_setup_teardown to 2024-07-13 00:00:00+00:00, run_after=2024-07-14 00:00:00+00:00
[2024-07-14T16:43:09.834+0000] {processor.py:183} INFO - Processing /home/airflow/.local/lib/python3.12/site-packages/airflow/example_dags/example_setup_teardown.py took 0.176 seconds
[2024-07-14T16:43:40.117+0000] {processor.py:161} INFO - Started process (PID=1124) to work on /home/airflow/.local/lib/python3.12/site-packages/airflow/example_dags/example_setup_teardown.py
[2024-07-14T16:43:40.121+0000] {processor.py:830} INFO - Processing file /home/airflow/.local/lib/python3.12/site-packages/airflow/example_dags/example_setup_teardown.py for tasks to queue
[2024-07-14T16:43:40.126+0000] {logging_mixin.py:188} INFO - [2024-07-14T16:43:40.126+0000] {dagbag.py:545} INFO - Filling up the DagBag from /home/airflow/.local/lib/python3.12/site-packages/airflow/example_dags/example_setup_teardown.py
[2024-07-14T16:43:40.142+0000] {processor.py:840} INFO - DAG(s) 'example_setup_teardown' retrieved from /home/airflow/.local/lib/python3.12/site-packages/airflow/example_dags/example_setup_teardown.py
[2024-07-14T16:43:40.185+0000] {logging_mixin.py:188} INFO - [2024-07-14T16:43:40.185+0000] {dag.py:3096} INFO - Sync 1 DAGs
[2024-07-14T16:43:40.231+0000] {logging_mixin.py:188} INFO - [2024-07-14T16:43:40.230+0000] {dag.py:3954} INFO - Setting next_dagrun for example_setup_teardown to 2024-07-13 00:00:00+00:00, run_after=2024-07-14 00:00:00+00:00
[2024-07-14T16:43:40.279+0000] {processor.py:183} INFO - Processing /home/airflow/.local/lib/python3.12/site-packages/airflow/example_dags/example_setup_teardown.py took 0.179 seconds
[2024-07-14T16:44:10.583+0000] {processor.py:161} INFO - Started process (PID=1182) to work on /home/airflow/.local/lib/python3.12/site-packages/airflow/example_dags/example_setup_teardown.py
[2024-07-14T16:44:10.585+0000] {processor.py:830} INFO - Processing file /home/airflow/.local/lib/python3.12/site-packages/airflow/example_dags/example_setup_teardown.py for tasks to queue
[2024-07-14T16:44:10.588+0000] {logging_mixin.py:188} INFO - [2024-07-14T16:44:10.586+0000] {dagbag.py:545} INFO - Filling up the DagBag from /home/airflow/.local/lib/python3.12/site-packages/airflow/example_dags/example_setup_teardown.py
[2024-07-14T16:44:10.601+0000] {processor.py:840} INFO - DAG(s) 'example_setup_teardown' retrieved from /home/airflow/.local/lib/python3.12/site-packages/airflow/example_dags/example_setup_teardown.py
[2024-07-14T16:44:10.648+0000] {logging_mixin.py:188} INFO - [2024-07-14T16:44:10.648+0000] {dag.py:3096} INFO - Sync 1 DAGs
[2024-07-14T16:44:10.702+0000] {logging_mixin.py:188} INFO - [2024-07-14T16:44:10.702+0000] {dag.py:3954} INFO - Setting next_dagrun for example_setup_teardown to 2024-07-13 00:00:00+00:00, run_after=2024-07-14 00:00:00+00:00
[2024-07-14T16:44:10.802+0000] {processor.py:183} INFO - Processing /home/airflow/.local/lib/python3.12/site-packages/airflow/example_dags/example_setup_teardown.py took 0.231 seconds
[2024-07-14T16:44:41.303+0000] {processor.py:161} INFO - Started process (PID=1241) to work on /home/airflow/.local/lib/python3.12/site-packages/airflow/example_dags/example_setup_teardown.py
[2024-07-14T16:44:41.304+0000] {processor.py:830} INFO - Processing file /home/airflow/.local/lib/python3.12/site-packages/airflow/example_dags/example_setup_teardown.py for tasks to queue
[2024-07-14T16:44:41.306+0000] {logging_mixin.py:188} INFO - [2024-07-14T16:44:41.306+0000] {dagbag.py:545} INFO - Filling up the DagBag from /home/airflow/.local/lib/python3.12/site-packages/airflow/example_dags/example_setup_teardown.py
[2024-07-14T16:44:41.320+0000] {processor.py:840} INFO - DAG(s) 'example_setup_teardown' retrieved from /home/airflow/.local/lib/python3.12/site-packages/airflow/example_dags/example_setup_teardown.py
[2024-07-14T16:44:41.353+0000] {logging_mixin.py:188} INFO - [2024-07-14T16:44:41.352+0000] {dag.py:3096} INFO - Sync 1 DAGs
[2024-07-14T16:44:41.390+0000] {logging_mixin.py:188} INFO - [2024-07-14T16:44:41.390+0000] {dag.py:3954} INFO - Setting next_dagrun for example_setup_teardown to 2024-07-13 00:00:00+00:00, run_after=2024-07-14 00:00:00+00:00
[2024-07-14T16:44:41.438+0000] {processor.py:183} INFO - Processing /home/airflow/.local/lib/python3.12/site-packages/airflow/example_dags/example_setup_teardown.py took 0.143 seconds
[2024-07-14T16:45:11.849+0000] {processor.py:161} INFO - Started process (PID=1299) to work on /home/airflow/.local/lib/python3.12/site-packages/airflow/example_dags/example_setup_teardown.py
[2024-07-14T16:45:11.851+0000] {processor.py:830} INFO - Processing file /home/airflow/.local/lib/python3.12/site-packages/airflow/example_dags/example_setup_teardown.py for tasks to queue
[2024-07-14T16:45:11.853+0000] {logging_mixin.py:188} INFO - [2024-07-14T16:45:11.852+0000] {dagbag.py:545} INFO - Filling up the DagBag from /home/airflow/.local/lib/python3.12/site-packages/airflow/example_dags/example_setup_teardown.py
[2024-07-14T16:45:11.868+0000] {processor.py:840} INFO - DAG(s) 'example_setup_teardown' retrieved from /home/airflow/.local/lib/python3.12/site-packages/airflow/example_dags/example_setup_teardown.py
[2024-07-14T16:45:11.939+0000] {logging_mixin.py:188} INFO - [2024-07-14T16:45:11.938+0000] {dag.py:3096} INFO - Sync 1 DAGs
[2024-07-14T16:45:11.999+0000] {logging_mixin.py:188} INFO - [2024-07-14T16:45:11.999+0000] {dag.py:3954} INFO - Setting next_dagrun for example_setup_teardown to 2024-07-13 00:00:00+00:00, run_after=2024-07-14 00:00:00+00:00
[2024-07-14T16:45:12.053+0000] {processor.py:183} INFO - Processing /home/airflow/.local/lib/python3.12/site-packages/airflow/example_dags/example_setup_teardown.py took 0.218 seconds
[2024-07-14T16:45:42.510+0000] {processor.py:161} INFO - Started process (PID=1358) to work on /home/airflow/.local/lib/python3.12/site-packages/airflow/example_dags/example_setup_teardown.py
[2024-07-14T16:45:42.512+0000] {processor.py:830} INFO - Processing file /home/airflow/.local/lib/python3.12/site-packages/airflow/example_dags/example_setup_teardown.py for tasks to queue
[2024-07-14T16:45:42.515+0000] {logging_mixin.py:188} INFO - [2024-07-14T16:45:42.513+0000] {dagbag.py:545} INFO - Filling up the DagBag from /home/airflow/.local/lib/python3.12/site-packages/airflow/example_dags/example_setup_teardown.py
[2024-07-14T16:45:42.530+0000] {processor.py:840} INFO - DAG(s) 'example_setup_teardown' retrieved from /home/airflow/.local/lib/python3.12/site-packages/airflow/example_dags/example_setup_teardown.py
[2024-07-14T16:45:42.569+0000] {logging_mixin.py:188} INFO - [2024-07-14T16:45:42.569+0000] {dag.py:3096} INFO - Sync 1 DAGs
[2024-07-14T16:45:42.613+0000] {logging_mixin.py:188} INFO - [2024-07-14T16:45:42.612+0000] {dag.py:3954} INFO - Setting next_dagrun for example_setup_teardown to 2024-07-13 00:00:00+00:00, run_after=2024-07-14 00:00:00+00:00
[2024-07-14T16:45:42.652+0000] {processor.py:183} INFO - Processing /home/airflow/.local/lib/python3.12/site-packages/airflow/example_dags/example_setup_teardown.py took 0.153 seconds
[2024-07-14T16:46:12.811+0000] {processor.py:161} INFO - Started process (PID=1417) to work on /home/airflow/.local/lib/python3.12/site-packages/airflow/example_dags/example_setup_teardown.py
[2024-07-14T16:46:12.813+0000] {processor.py:830} INFO - Processing file /home/airflow/.local/lib/python3.12/site-packages/airflow/example_dags/example_setup_teardown.py for tasks to queue
[2024-07-14T16:46:12.815+0000] {logging_mixin.py:188} INFO - [2024-07-14T16:46:12.815+0000] {dagbag.py:545} INFO - Filling up the DagBag from /home/airflow/.local/lib/python3.12/site-packages/airflow/example_dags/example_setup_teardown.py
[2024-07-14T16:46:12.833+0000] {processor.py:840} INFO - DAG(s) 'example_setup_teardown' retrieved from /home/airflow/.local/lib/python3.12/site-packages/airflow/example_dags/example_setup_teardown.py
[2024-07-14T16:46:12.874+0000] {logging_mixin.py:188} INFO - [2024-07-14T16:46:12.873+0000] {dag.py:3096} INFO - Sync 1 DAGs
[2024-07-14T16:46:12.918+0000] {logging_mixin.py:188} INFO - [2024-07-14T16:46:12.918+0000] {dag.py:3954} INFO - Setting next_dagrun for example_setup_teardown to 2024-07-13 00:00:00+00:00, run_after=2024-07-14 00:00:00+00:00
[2024-07-14T16:46:12.960+0000] {processor.py:183} INFO - Processing /home/airflow/.local/lib/python3.12/site-packages/airflow/example_dags/example_setup_teardown.py took 0.159 seconds
[2024-07-14T16:46:43.772+0000] {processor.py:161} INFO - Started process (PID=1476) to work on /home/airflow/.local/lib/python3.12/site-packages/airflow/example_dags/example_setup_teardown.py
[2024-07-14T16:46:43.774+0000] {processor.py:830} INFO - Processing file /home/airflow/.local/lib/python3.12/site-packages/airflow/example_dags/example_setup_teardown.py for tasks to queue
[2024-07-14T16:46:43.777+0000] {logging_mixin.py:188} INFO - [2024-07-14T16:46:43.777+0000] {dagbag.py:545} INFO - Filling up the DagBag from /home/airflow/.local/lib/python3.12/site-packages/airflow/example_dags/example_setup_teardown.py
[2024-07-14T16:46:43.791+0000] {processor.py:840} INFO - DAG(s) 'example_setup_teardown' retrieved from /home/airflow/.local/lib/python3.12/site-packages/airflow/example_dags/example_setup_teardown.py
[2024-07-14T16:46:43.824+0000] {logging_mixin.py:188} INFO - [2024-07-14T16:46:43.824+0000] {dag.py:3096} INFO - Sync 1 DAGs
[2024-07-14T16:46:43.866+0000] {logging_mixin.py:188} INFO - [2024-07-14T16:46:43.866+0000] {dag.py:3954} INFO - Setting next_dagrun for example_setup_teardown to 2024-07-13 00:00:00+00:00, run_after=2024-07-14 00:00:00+00:00
[2024-07-14T16:46:43.903+0000] {processor.py:183} INFO - Processing /home/airflow/.local/lib/python3.12/site-packages/airflow/example_dags/example_setup_teardown.py took 0.141 seconds
[2024-07-14T16:47:14.557+0000] {processor.py:161} INFO - Started process (PID=1535) to work on /home/airflow/.local/lib/python3.12/site-packages/airflow/example_dags/example_setup_teardown.py
[2024-07-14T16:47:14.559+0000] {processor.py:830} INFO - Processing file /home/airflow/.local/lib/python3.12/site-packages/airflow/example_dags/example_setup_teardown.py for tasks to queue
[2024-07-14T16:47:14.560+0000] {logging_mixin.py:188} INFO - [2024-07-14T16:47:14.560+0000] {dagbag.py:545} INFO - Filling up the DagBag from /home/airflow/.local/lib/python3.12/site-packages/airflow/example_dags/example_setup_teardown.py
[2024-07-14T16:47:14.574+0000] {processor.py:840} INFO - DAG(s) 'example_setup_teardown' retrieved from /home/airflow/.local/lib/python3.12/site-packages/airflow/example_dags/example_setup_teardown.py
[2024-07-14T16:47:14.615+0000] {logging_mixin.py:188} INFO - [2024-07-14T16:47:14.615+0000] {dag.py:3096} INFO - Sync 1 DAGs
[2024-07-14T16:47:14.658+0000] {logging_mixin.py:188} INFO - [2024-07-14T16:47:14.658+0000] {dag.py:3954} INFO - Setting next_dagrun for example_setup_teardown to 2024-07-13 00:00:00+00:00, run_after=2024-07-14 00:00:00+00:00
[2024-07-14T16:47:14.691+0000] {processor.py:183} INFO - Processing /home/airflow/.local/lib/python3.12/site-packages/airflow/example_dags/example_setup_teardown.py took 0.145 seconds
[2024-07-14T16:47:45.476+0000] {processor.py:161} INFO - Started process (PID=1594) to work on /home/airflow/.local/lib/python3.12/site-packages/airflow/example_dags/example_setup_teardown.py
[2024-07-14T16:47:45.480+0000] {processor.py:830} INFO - Processing file /home/airflow/.local/lib/python3.12/site-packages/airflow/example_dags/example_setup_teardown.py for tasks to queue
[2024-07-14T16:47:45.485+0000] {logging_mixin.py:188} INFO - [2024-07-14T16:47:45.484+0000] {dagbag.py:545} INFO - Filling up the DagBag from /home/airflow/.local/lib/python3.12/site-packages/airflow/example_dags/example_setup_teardown.py
[2024-07-14T16:47:45.506+0000] {processor.py:840} INFO - DAG(s) 'example_setup_teardown' retrieved from /home/airflow/.local/lib/python3.12/site-packages/airflow/example_dags/example_setup_teardown.py
[2024-07-14T16:47:45.552+0000] {logging_mixin.py:188} INFO - [2024-07-14T16:47:45.551+0000] {dag.py:3096} INFO - Sync 1 DAGs
[2024-07-14T16:47:45.598+0000] {logging_mixin.py:188} INFO - [2024-07-14T16:47:45.598+0000] {dag.py:3954} INFO - Setting next_dagrun for example_setup_teardown to 2024-07-13 00:00:00+00:00, run_after=2024-07-14 00:00:00+00:00
[2024-07-14T16:47:45.642+0000] {processor.py:183} INFO - Processing /home/airflow/.local/lib/python3.12/site-packages/airflow/example_dags/example_setup_teardown.py took 0.184 seconds
[2024-07-14T16:48:16.408+0000] {processor.py:161} INFO - Started process (PID=1653) to work on /home/airflow/.local/lib/python3.12/site-packages/airflow/example_dags/example_setup_teardown.py
[2024-07-14T16:48:16.410+0000] {processor.py:830} INFO - Processing file /home/airflow/.local/lib/python3.12/site-packages/airflow/example_dags/example_setup_teardown.py for tasks to queue
[2024-07-14T16:48:16.411+0000] {logging_mixin.py:188} INFO - [2024-07-14T16:48:16.411+0000] {dagbag.py:545} INFO - Filling up the DagBag from /home/airflow/.local/lib/python3.12/site-packages/airflow/example_dags/example_setup_teardown.py
[2024-07-14T16:48:16.426+0000] {processor.py:840} INFO - DAG(s) 'example_setup_teardown' retrieved from /home/airflow/.local/lib/python3.12/site-packages/airflow/example_dags/example_setup_teardown.py
[2024-07-14T16:48:16.467+0000] {logging_mixin.py:188} INFO - [2024-07-14T16:48:16.466+0000] {dag.py:3096} INFO - Sync 1 DAGs
[2024-07-14T16:48:16.517+0000] {logging_mixin.py:188} INFO - [2024-07-14T16:48:16.517+0000] {dag.py:3954} INFO - Setting next_dagrun for example_setup_teardown to 2024-07-13 00:00:00+00:00, run_after=2024-07-14 00:00:00+00:00
[2024-07-14T16:48:16.857+0000] {processor.py:183} INFO - Processing /home/airflow/.local/lib/python3.12/site-packages/airflow/example_dags/example_setup_teardown.py took 0.458 seconds
[2024-07-14T16:48:47.143+0000] {processor.py:161} INFO - Started process (PID=1712) to work on /home/airflow/.local/lib/python3.12/site-packages/airflow/example_dags/example_setup_teardown.py
[2024-07-14T16:48:47.145+0000] {processor.py:830} INFO - Processing file /home/airflow/.local/lib/python3.12/site-packages/airflow/example_dags/example_setup_teardown.py for tasks to queue
[2024-07-14T16:48:47.149+0000] {logging_mixin.py:188} INFO - [2024-07-14T16:48:47.148+0000] {dagbag.py:545} INFO - Filling up the DagBag from /home/airflow/.local/lib/python3.12/site-packages/airflow/example_dags/example_setup_teardown.py
[2024-07-14T16:48:47.164+0000] {processor.py:840} INFO - DAG(s) 'example_setup_teardown' retrieved from /home/airflow/.local/lib/python3.12/site-packages/airflow/example_dags/example_setup_teardown.py
[2024-07-14T16:48:47.198+0000] {logging_mixin.py:188} INFO - [2024-07-14T16:48:47.198+0000] {dag.py:3096} INFO - Sync 1 DAGs
[2024-07-14T16:48:47.236+0000] {logging_mixin.py:188} INFO - [2024-07-14T16:48:47.235+0000] {dag.py:3954} INFO - Setting next_dagrun for example_setup_teardown to 2024-07-13 00:00:00+00:00, run_after=2024-07-14 00:00:00+00:00
[2024-07-14T16:48:47.265+0000] {processor.py:183} INFO - Processing /home/airflow/.local/lib/python3.12/site-packages/airflow/example_dags/example_setup_teardown.py took 0.138 seconds
[2024-07-14T16:49:17.552+0000] {processor.py:161} INFO - Started process (PID=1771) to work on /home/airflow/.local/lib/python3.12/site-packages/airflow/example_dags/example_setup_teardown.py
[2024-07-14T16:49:17.554+0000] {processor.py:830} INFO - Processing file /home/airflow/.local/lib/python3.12/site-packages/airflow/example_dags/example_setup_teardown.py for tasks to queue
[2024-07-14T16:49:17.556+0000] {logging_mixin.py:188} INFO - [2024-07-14T16:49:17.556+0000] {dagbag.py:545} INFO - Filling up the DagBag from /home/airflow/.local/lib/python3.12/site-packages/airflow/example_dags/example_setup_teardown.py
[2024-07-14T16:49:17.570+0000] {processor.py:840} INFO - DAG(s) 'example_setup_teardown' retrieved from /home/airflow/.local/lib/python3.12/site-packages/airflow/example_dags/example_setup_teardown.py
[2024-07-14T16:49:17.614+0000] {logging_mixin.py:188} INFO - [2024-07-14T16:49:17.613+0000] {dag.py:3096} INFO - Sync 1 DAGs
[2024-07-14T16:49:17.657+0000] {logging_mixin.py:188} INFO - [2024-07-14T16:49:17.656+0000] {dag.py:3954} INFO - Setting next_dagrun for example_setup_teardown to 2024-07-13 00:00:00+00:00, run_after=2024-07-14 00:00:00+00:00
[2024-07-14T16:49:17.691+0000] {processor.py:183} INFO - Processing /home/airflow/.local/lib/python3.12/site-packages/airflow/example_dags/example_setup_teardown.py took 0.151 seconds
[2024-07-14T16:49:48.401+0000] {processor.py:161} INFO - Started process (PID=1830) to work on /home/airflow/.local/lib/python3.12/site-packages/airflow/example_dags/example_setup_teardown.py
[2024-07-14T16:49:48.403+0000] {processor.py:830} INFO - Processing file /home/airflow/.local/lib/python3.12/site-packages/airflow/example_dags/example_setup_teardown.py for tasks to queue
[2024-07-14T16:49:48.404+0000] {logging_mixin.py:188} INFO - [2024-07-14T16:49:48.404+0000] {dagbag.py:545} INFO - Filling up the DagBag from /home/airflow/.local/lib/python3.12/site-packages/airflow/example_dags/example_setup_teardown.py
[2024-07-14T16:49:48.428+0000] {processor.py:840} INFO - DAG(s) 'example_setup_teardown' retrieved from /home/airflow/.local/lib/python3.12/site-packages/airflow/example_dags/example_setup_teardown.py
[2024-07-14T16:49:48.472+0000] {logging_mixin.py:188} INFO - [2024-07-14T16:49:48.471+0000] {dag.py:3096} INFO - Sync 1 DAGs
[2024-07-14T16:49:48.526+0000] {logging_mixin.py:188} INFO - [2024-07-14T16:49:48.525+0000] {dag.py:3954} INFO - Setting next_dagrun for example_setup_teardown to 2024-07-13 00:00:00+00:00, run_after=2024-07-14 00:00:00+00:00
[2024-07-14T16:49:48.566+0000] {processor.py:183} INFO - Processing /home/airflow/.local/lib/python3.12/site-packages/airflow/example_dags/example_setup_teardown.py took 0.174 seconds
[2024-07-14T16:50:19.087+0000] {processor.py:161} INFO - Started process (PID=1887) to work on /home/airflow/.local/lib/python3.12/site-packages/airflow/example_dags/example_setup_teardown.py
[2024-07-14T16:50:19.089+0000] {processor.py:830} INFO - Processing file /home/airflow/.local/lib/python3.12/site-packages/airflow/example_dags/example_setup_teardown.py for tasks to queue
[2024-07-14T16:50:19.092+0000] {logging_mixin.py:188} INFO - [2024-07-14T16:50:19.091+0000] {dagbag.py:545} INFO - Filling up the DagBag from /home/airflow/.local/lib/python3.12/site-packages/airflow/example_dags/example_setup_teardown.py
[2024-07-14T16:50:19.113+0000] {processor.py:840} INFO - DAG(s) 'example_setup_teardown' retrieved from /home/airflow/.local/lib/python3.12/site-packages/airflow/example_dags/example_setup_teardown.py
[2024-07-14T16:50:19.161+0000] {logging_mixin.py:188} INFO - [2024-07-14T16:50:19.160+0000] {dag.py:3096} INFO - Sync 1 DAGs
[2024-07-14T16:50:19.442+0000] {logging_mixin.py:188} INFO - [2024-07-14T16:50:19.442+0000] {dag.py:3954} INFO - Setting next_dagrun for example_setup_teardown to 2024-07-13 00:00:00+00:00, run_after=2024-07-14 00:00:00+00:00
[2024-07-14T16:50:19.494+0000] {processor.py:183} INFO - Processing /home/airflow/.local/lib/python3.12/site-packages/airflow/example_dags/example_setup_teardown.py took 0.420 seconds
[2024-07-14T16:50:49.891+0000] {processor.py:161} INFO - Started process (PID=1944) to work on /home/airflow/.local/lib/python3.12/site-packages/airflow/example_dags/example_setup_teardown.py
[2024-07-14T16:50:49.893+0000] {processor.py:830} INFO - Processing file /home/airflow/.local/lib/python3.12/site-packages/airflow/example_dags/example_setup_teardown.py for tasks to queue
[2024-07-14T16:50:49.897+0000] {logging_mixin.py:188} INFO - [2024-07-14T16:50:49.897+0000] {dagbag.py:545} INFO - Filling up the DagBag from /home/airflow/.local/lib/python3.12/site-packages/airflow/example_dags/example_setup_teardown.py
[2024-07-14T16:50:49.920+0000] {processor.py:840} INFO - DAG(s) 'example_setup_teardown' retrieved from /home/airflow/.local/lib/python3.12/site-packages/airflow/example_dags/example_setup_teardown.py
[2024-07-14T16:50:49.983+0000] {logging_mixin.py:188} INFO - [2024-07-14T16:50:49.983+0000] {dag.py:3096} INFO - Sync 1 DAGs
[2024-07-14T16:50:50.032+0000] {logging_mixin.py:188} INFO - [2024-07-14T16:50:50.031+0000] {dag.py:3954} INFO - Setting next_dagrun for example_setup_teardown to 2024-07-13 00:00:00+00:00, run_after=2024-07-14 00:00:00+00:00
[2024-07-14T16:50:50.064+0000] {processor.py:183} INFO - Processing /home/airflow/.local/lib/python3.12/site-packages/airflow/example_dags/example_setup_teardown.py took 0.202 seconds
[2024-07-14T16:51:20.408+0000] {processor.py:161} INFO - Started process (PID=2002) to work on /home/airflow/.local/lib/python3.12/site-packages/airflow/example_dags/example_setup_teardown.py
[2024-07-14T16:51:20.411+0000] {processor.py:830} INFO - Processing file /home/airflow/.local/lib/python3.12/site-packages/airflow/example_dags/example_setup_teardown.py for tasks to queue
[2024-07-14T16:51:20.416+0000] {logging_mixin.py:188} INFO - [2024-07-14T16:51:20.415+0000] {dagbag.py:545} INFO - Filling up the DagBag from /home/airflow/.local/lib/python3.12/site-packages/airflow/example_dags/example_setup_teardown.py
[2024-07-14T16:51:20.428+0000] {processor.py:840} INFO - DAG(s) 'example_setup_teardown' retrieved from /home/airflow/.local/lib/python3.12/site-packages/airflow/example_dags/example_setup_teardown.py
[2024-07-14T16:51:20.467+0000] {logging_mixin.py:188} INFO - [2024-07-14T16:51:20.466+0000] {dag.py:3096} INFO - Sync 1 DAGs
[2024-07-14T16:51:20.512+0000] {logging_mixin.py:188} INFO - [2024-07-14T16:51:20.512+0000] {dag.py:3954} INFO - Setting next_dagrun for example_setup_teardown to 2024-07-13 00:00:00+00:00, run_after=2024-07-14 00:00:00+00:00
[2024-07-14T16:51:20.558+0000] {processor.py:183} INFO - Processing /home/airflow/.local/lib/python3.12/site-packages/airflow/example_dags/example_setup_teardown.py took 0.157 seconds
[2024-07-14T16:51:51.381+0000] {processor.py:161} INFO - Started process (PID=2061) to work on /home/airflow/.local/lib/python3.12/site-packages/airflow/example_dags/example_setup_teardown.py
[2024-07-14T16:51:51.384+0000] {processor.py:830} INFO - Processing file /home/airflow/.local/lib/python3.12/site-packages/airflow/example_dags/example_setup_teardown.py for tasks to queue
[2024-07-14T16:51:51.394+0000] {logging_mixin.py:188} INFO - [2024-07-14T16:51:51.393+0000] {dagbag.py:545} INFO - Filling up the DagBag from /home/airflow/.local/lib/python3.12/site-packages/airflow/example_dags/example_setup_teardown.py
[2024-07-14T16:51:51.441+0000] {processor.py:840} INFO - DAG(s) 'example_setup_teardown' retrieved from /home/airflow/.local/lib/python3.12/site-packages/airflow/example_dags/example_setup_teardown.py
[2024-07-14T16:51:51.527+0000] {logging_mixin.py:188} INFO - [2024-07-14T16:51:51.526+0000] {dag.py:3096} INFO - Sync 1 DAGs
[2024-07-14T16:51:51.578+0000] {logging_mixin.py:188} INFO - [2024-07-14T16:51:51.578+0000] {dag.py:3954} INFO - Setting next_dagrun for example_setup_teardown to 2024-07-13 00:00:00+00:00, run_after=2024-07-14 00:00:00+00:00
[2024-07-14T16:51:51.608+0000] {processor.py:183} INFO - Processing /home/airflow/.local/lib/python3.12/site-packages/airflow/example_dags/example_setup_teardown.py took 0.255 seconds
[2024-07-14T16:55:11.568+0000] {processor.py:161} INFO - Started process (PID=51) to work on /home/airflow/.local/lib/python3.12/site-packages/airflow/example_dags/example_setup_teardown.py
[2024-07-14T16:55:11.580+0000] {processor.py:830} INFO - Processing file /home/airflow/.local/lib/python3.12/site-packages/airflow/example_dags/example_setup_teardown.py for tasks to queue
[2024-07-14T16:55:11.588+0000] {logging_mixin.py:188} INFO - [2024-07-14T16:55:11.587+0000] {dagbag.py:545} INFO - Filling up the DagBag from /home/airflow/.local/lib/python3.12/site-packages/airflow/example_dags/example_setup_teardown.py
[2024-07-14T16:55:11.674+0000] {processor.py:840} INFO - DAG(s) 'example_setup_teardown' retrieved from /home/airflow/.local/lib/python3.12/site-packages/airflow/example_dags/example_setup_teardown.py
[2024-07-14T16:55:14.655+0000] {logging_mixin.py:188} INFO - [2024-07-14T16:55:14.565+0000] {dag.py:3096} INFO - Sync 1 DAGs
[2024-07-14T16:55:15.354+0000] {logging_mixin.py:188} INFO - [2024-07-14T16:55:15.354+0000] {dag.py:3954} INFO - Setting next_dagrun for example_setup_teardown to 2024-07-13 00:00:00+00:00, run_after=2024-07-14 00:00:00+00:00
[2024-07-14T16:55:15.897+0000] {processor.py:183} INFO - Processing /home/airflow/.local/lib/python3.12/site-packages/airflow/example_dags/example_setup_teardown.py took 4.356 seconds
[2024-07-14T16:56:25.333+0000] {processor.py:161} INFO - Started process (PID=116) to work on /home/airflow/.local/lib/python3.12/site-packages/airflow/example_dags/example_setup_teardown.py
[2024-07-14T16:56:25.336+0000] {processor.py:830} INFO - Processing file /home/airflow/.local/lib/python3.12/site-packages/airflow/example_dags/example_setup_teardown.py for tasks to queue
[2024-07-14T16:56:25.341+0000] {logging_mixin.py:188} INFO - [2024-07-14T16:56:25.340+0000] {dagbag.py:545} INFO - Filling up the DagBag from /home/airflow/.local/lib/python3.12/site-packages/airflow/example_dags/example_setup_teardown.py
[2024-07-14T16:56:25.357+0000] {processor.py:840} INFO - DAG(s) 'example_setup_teardown' retrieved from /home/airflow/.local/lib/python3.12/site-packages/airflow/example_dags/example_setup_teardown.py
[2024-07-14T16:56:25.402+0000] {logging_mixin.py:188} INFO - [2024-07-14T16:56:25.401+0000] {dag.py:3096} INFO - Sync 1 DAGs
[2024-07-14T16:56:25.458+0000] {logging_mixin.py:188} INFO - [2024-07-14T16:56:25.458+0000] {dag.py:3954} INFO - Setting next_dagrun for example_setup_teardown to 2024-07-13 00:00:00+00:00, run_after=2024-07-14 00:00:00+00:00
[2024-07-14T16:56:25.499+0000] {processor.py:183} INFO - Processing /home/airflow/.local/lib/python3.12/site-packages/airflow/example_dags/example_setup_teardown.py took 0.176 seconds
[2024-07-14T16:56:55.985+0000] {processor.py:161} INFO - Started process (PID=173) to work on /home/airflow/.local/lib/python3.12/site-packages/airflow/example_dags/example_setup_teardown.py
[2024-07-14T16:56:56.037+0000] {processor.py:830} INFO - Processing file /home/airflow/.local/lib/python3.12/site-packages/airflow/example_dags/example_setup_teardown.py for tasks to queue
[2024-07-14T16:56:56.078+0000] {logging_mixin.py:188} INFO - [2024-07-14T16:56:56.075+0000] {dagbag.py:545} INFO - Filling up the DagBag from /home/airflow/.local/lib/python3.12/site-packages/airflow/example_dags/example_setup_teardown.py
[2024-07-14T16:56:56.128+0000] {processor.py:840} INFO - DAG(s) 'example_setup_teardown' retrieved from /home/airflow/.local/lib/python3.12/site-packages/airflow/example_dags/example_setup_teardown.py
[2024-07-14T16:56:56.244+0000] {logging_mixin.py:188} INFO - [2024-07-14T16:56:56.244+0000] {dag.py:3096} INFO - Sync 1 DAGs
[2024-07-14T16:56:59.429+0000] {logging_mixin.py:188} INFO - [2024-07-14T16:56:59.428+0000] {process_utils.py:263} INFO - Waiting up to 5 seconds for processes to exit...
