[2024-07-14T16:33:27.496+0000] {processor.py:161} INFO - Started process (PID=55) to work on /home/airflow/.local/lib/python3.12/site-packages/airflow/example_dags/example_local_kubernetes_executor.py
[2024-07-14T16:33:27.501+0000] {processor.py:830} INFO - Processing file /home/airflow/.local/lib/python3.12/site-packages/airflow/example_dags/example_local_kubernetes_executor.py for tasks to queue
[2024-07-14T16:33:27.530+0000] {logging_mixin.py:188} INFO - [2024-07-14T16:33:27.529+0000] {dagbag.py:545} INFO - Filling up the DagBag from /home/airflow/.local/lib/python3.12/site-packages/airflow/example_dags/example_local_kubernetes_executor.py
[2024-07-14T16:33:27.660+0000] {processor.py:840} INFO - DAG(s) 'example_local_kubernetes_executor' retrieved from /home/airflow/.local/lib/python3.12/site-packages/airflow/example_dags/example_local_kubernetes_executor.py
[2024-07-14T16:33:28.315+0000] {logging_mixin.py:188} INFO - [2024-07-14T16:33:28.315+0000] {dag.py:3096} INFO - Sync 1 DAGs
[2024-07-14T16:33:28.432+0000] {logging_mixin.py:188} INFO - [2024-07-14T16:33:28.431+0000] {dag.py:3954} INFO - Setting next_dagrun for example_local_kubernetes_executor to None, run_after=None
[2024-07-14T16:33:28.560+0000] {processor.py:183} INFO - Processing /home/airflow/.local/lib/python3.12/site-packages/airflow/example_dags/example_local_kubernetes_executor.py took 1.108 seconds
[2024-07-14T16:33:59.503+0000] {processor.py:161} INFO - Started process (PID=113) to work on /home/airflow/.local/lib/python3.12/site-packages/airflow/example_dags/example_local_kubernetes_executor.py
[2024-07-14T16:33:59.512+0000] {processor.py:830} INFO - Processing file /home/airflow/.local/lib/python3.12/site-packages/airflow/example_dags/example_local_kubernetes_executor.py for tasks to queue
[2024-07-14T16:33:59.516+0000] {logging_mixin.py:188} INFO - [2024-07-14T16:33:59.515+0000] {dagbag.py:545} INFO - Filling up the DagBag from /home/airflow/.local/lib/python3.12/site-packages/airflow/example_dags/example_local_kubernetes_executor.py
[2024-07-14T16:33:59.545+0000] {processor.py:840} INFO - DAG(s) 'example_local_kubernetes_executor' retrieved from /home/airflow/.local/lib/python3.12/site-packages/airflow/example_dags/example_local_kubernetes_executor.py
[2024-07-14T16:33:59.648+0000] {logging_mixin.py:188} INFO - [2024-07-14T16:33:59.647+0000] {dag.py:3096} INFO - Sync 1 DAGs
[2024-07-14T16:33:59.683+0000] {logging_mixin.py:188} INFO - [2024-07-14T16:33:59.682+0000] {dag.py:3954} INFO - Setting next_dagrun for example_local_kubernetes_executor to None, run_after=None
[2024-07-14T16:33:59.735+0000] {processor.py:183} INFO - Processing /home/airflow/.local/lib/python3.12/site-packages/airflow/example_dags/example_local_kubernetes_executor.py took 0.245 seconds
[2024-07-14T16:34:29.900+0000] {processor.py:161} INFO - Started process (PID=170) to work on /home/airflow/.local/lib/python3.12/site-packages/airflow/example_dags/example_local_kubernetes_executor.py
[2024-07-14T16:34:29.902+0000] {processor.py:830} INFO - Processing file /home/airflow/.local/lib/python3.12/site-packages/airflow/example_dags/example_local_kubernetes_executor.py for tasks to queue
[2024-07-14T16:34:29.905+0000] {logging_mixin.py:188} INFO - [2024-07-14T16:34:29.905+0000] {dagbag.py:545} INFO - Filling up the DagBag from /home/airflow/.local/lib/python3.12/site-packages/airflow/example_dags/example_local_kubernetes_executor.py
[2024-07-14T16:34:29.919+0000] {processor.py:840} INFO - DAG(s) 'example_local_kubernetes_executor' retrieved from /home/airflow/.local/lib/python3.12/site-packages/airflow/example_dags/example_local_kubernetes_executor.py
[2024-07-14T16:34:29.984+0000] {logging_mixin.py:188} INFO - [2024-07-14T16:34:29.984+0000] {dag.py:3096} INFO - Sync 1 DAGs
[2024-07-14T16:34:30.006+0000] {logging_mixin.py:188} INFO - [2024-07-14T16:34:30.005+0000] {dag.py:3954} INFO - Setting next_dagrun for example_local_kubernetes_executor to None, run_after=None
[2024-07-14T16:34:30.046+0000] {processor.py:183} INFO - Processing /home/airflow/.local/lib/python3.12/site-packages/airflow/example_dags/example_local_kubernetes_executor.py took 0.155 seconds
[2024-07-14T16:35:00.108+0000] {processor.py:161} INFO - Started process (PID=228) to work on /home/airflow/.local/lib/python3.12/site-packages/airflow/example_dags/example_local_kubernetes_executor.py
[2024-07-14T16:35:00.110+0000] {processor.py:830} INFO - Processing file /home/airflow/.local/lib/python3.12/site-packages/airflow/example_dags/example_local_kubernetes_executor.py for tasks to queue
[2024-07-14T16:35:00.117+0000] {logging_mixin.py:188} INFO - [2024-07-14T16:35:00.116+0000] {dagbag.py:545} INFO - Filling up the DagBag from /home/airflow/.local/lib/python3.12/site-packages/airflow/example_dags/example_local_kubernetes_executor.py
[2024-07-14T16:35:00.132+0000] {processor.py:840} INFO - DAG(s) 'example_local_kubernetes_executor' retrieved from /home/airflow/.local/lib/python3.12/site-packages/airflow/example_dags/example_local_kubernetes_executor.py
[2024-07-14T16:35:00.196+0000] {logging_mixin.py:188} INFO - [2024-07-14T16:35:00.195+0000] {dag.py:3096} INFO - Sync 1 DAGs
[2024-07-14T16:35:00.221+0000] {logging_mixin.py:188} INFO - [2024-07-14T16:35:00.220+0000] {dag.py:3954} INFO - Setting next_dagrun for example_local_kubernetes_executor to None, run_after=None
[2024-07-14T16:35:00.254+0000] {processor.py:183} INFO - Processing /home/airflow/.local/lib/python3.12/site-packages/airflow/example_dags/example_local_kubernetes_executor.py took 0.155 seconds
[2024-07-14T16:35:30.499+0000] {processor.py:161} INFO - Started process (PID=286) to work on /home/airflow/.local/lib/python3.12/site-packages/airflow/example_dags/example_local_kubernetes_executor.py
[2024-07-14T16:35:30.501+0000] {processor.py:830} INFO - Processing file /home/airflow/.local/lib/python3.12/site-packages/airflow/example_dags/example_local_kubernetes_executor.py for tasks to queue
[2024-07-14T16:35:30.504+0000] {logging_mixin.py:188} INFO - [2024-07-14T16:35:30.504+0000] {dagbag.py:545} INFO - Filling up the DagBag from /home/airflow/.local/lib/python3.12/site-packages/airflow/example_dags/example_local_kubernetes_executor.py
[2024-07-14T16:35:30.517+0000] {processor.py:840} INFO - DAG(s) 'example_local_kubernetes_executor' retrieved from /home/airflow/.local/lib/python3.12/site-packages/airflow/example_dags/example_local_kubernetes_executor.py
[2024-07-14T16:35:30.581+0000] {logging_mixin.py:188} INFO - [2024-07-14T16:35:30.581+0000] {dag.py:3096} INFO - Sync 1 DAGs
[2024-07-14T16:35:30.600+0000] {logging_mixin.py:188} INFO - [2024-07-14T16:35:30.600+0000] {dag.py:3954} INFO - Setting next_dagrun for example_local_kubernetes_executor to None, run_after=None
[2024-07-14T16:35:30.636+0000] {processor.py:183} INFO - Processing /home/airflow/.local/lib/python3.12/site-packages/airflow/example_dags/example_local_kubernetes_executor.py took 0.146 seconds
[2024-07-14T16:36:01.206+0000] {processor.py:161} INFO - Started process (PID=344) to work on /home/airflow/.local/lib/python3.12/site-packages/airflow/example_dags/example_local_kubernetes_executor.py
[2024-07-14T16:36:01.209+0000] {processor.py:830} INFO - Processing file /home/airflow/.local/lib/python3.12/site-packages/airflow/example_dags/example_local_kubernetes_executor.py for tasks to queue
[2024-07-14T16:36:01.230+0000] {logging_mixin.py:188} INFO - [2024-07-14T16:36:01.229+0000] {dagbag.py:545} INFO - Filling up the DagBag from /home/airflow/.local/lib/python3.12/site-packages/airflow/example_dags/example_local_kubernetes_executor.py
[2024-07-14T16:36:01.257+0000] {processor.py:840} INFO - DAG(s) 'example_local_kubernetes_executor' retrieved from /home/airflow/.local/lib/python3.12/site-packages/airflow/example_dags/example_local_kubernetes_executor.py
[2024-07-14T16:36:01.370+0000] {logging_mixin.py:188} INFO - [2024-07-14T16:36:01.370+0000] {dag.py:3096} INFO - Sync 1 DAGs
[2024-07-14T16:36:01.456+0000] {logging_mixin.py:188} INFO - [2024-07-14T16:36:01.456+0000] {dag.py:3954} INFO - Setting next_dagrun for example_local_kubernetes_executor to None, run_after=None
[2024-07-14T16:36:01.619+0000] {processor.py:183} INFO - Processing /home/airflow/.local/lib/python3.12/site-packages/airflow/example_dags/example_local_kubernetes_executor.py took 0.433 seconds
[2024-07-14T16:36:32.366+0000] {processor.py:161} INFO - Started process (PID=402) to work on /home/airflow/.local/lib/python3.12/site-packages/airflow/example_dags/example_local_kubernetes_executor.py
[2024-07-14T16:36:32.374+0000] {processor.py:830} INFO - Processing file /home/airflow/.local/lib/python3.12/site-packages/airflow/example_dags/example_local_kubernetes_executor.py for tasks to queue
[2024-07-14T16:36:32.379+0000] {logging_mixin.py:188} INFO - [2024-07-14T16:36:32.378+0000] {dagbag.py:545} INFO - Filling up the DagBag from /home/airflow/.local/lib/python3.12/site-packages/airflow/example_dags/example_local_kubernetes_executor.py
[2024-07-14T16:36:32.391+0000] {processor.py:840} INFO - DAG(s) 'example_local_kubernetes_executor' retrieved from /home/airflow/.local/lib/python3.12/site-packages/airflow/example_dags/example_local_kubernetes_executor.py
[2024-07-14T16:36:32.457+0000] {logging_mixin.py:188} INFO - [2024-07-14T16:36:32.457+0000] {dag.py:3096} INFO - Sync 1 DAGs
[2024-07-14T16:36:32.498+0000] {logging_mixin.py:188} INFO - [2024-07-14T16:36:32.497+0000] {dag.py:3954} INFO - Setting next_dagrun for example_local_kubernetes_executor to None, run_after=None
[2024-07-14T16:36:32.540+0000] {processor.py:183} INFO - Processing /home/airflow/.local/lib/python3.12/site-packages/airflow/example_dags/example_local_kubernetes_executor.py took 0.185 seconds
[2024-07-14T16:37:02.587+0000] {processor.py:161} INFO - Started process (PID=460) to work on /home/airflow/.local/lib/python3.12/site-packages/airflow/example_dags/example_local_kubernetes_executor.py
[2024-07-14T16:37:02.591+0000] {processor.py:830} INFO - Processing file /home/airflow/.local/lib/python3.12/site-packages/airflow/example_dags/example_local_kubernetes_executor.py for tasks to queue
[2024-07-14T16:37:02.594+0000] {logging_mixin.py:188} INFO - [2024-07-14T16:37:02.594+0000] {dagbag.py:545} INFO - Filling up the DagBag from /home/airflow/.local/lib/python3.12/site-packages/airflow/example_dags/example_local_kubernetes_executor.py
[2024-07-14T16:37:02.609+0000] {processor.py:840} INFO - DAG(s) 'example_local_kubernetes_executor' retrieved from /home/airflow/.local/lib/python3.12/site-packages/airflow/example_dags/example_local_kubernetes_executor.py
[2024-07-14T16:37:02.680+0000] {logging_mixin.py:188} INFO - [2024-07-14T16:37:02.679+0000] {dag.py:3096} INFO - Sync 1 DAGs
[2024-07-14T16:37:02.701+0000] {logging_mixin.py:188} INFO - [2024-07-14T16:37:02.701+0000] {dag.py:3954} INFO - Setting next_dagrun for example_local_kubernetes_executor to None, run_after=None
[2024-07-14T16:37:02.738+0000] {processor.py:183} INFO - Processing /home/airflow/.local/lib/python3.12/site-packages/airflow/example_dags/example_local_kubernetes_executor.py took 0.159 seconds
[2024-07-14T16:37:33.363+0000] {processor.py:161} INFO - Started process (PID=517) to work on /home/airflow/.local/lib/python3.12/site-packages/airflow/example_dags/example_local_kubernetes_executor.py
[2024-07-14T16:37:33.430+0000] {processor.py:830} INFO - Processing file /home/airflow/.local/lib/python3.12/site-packages/airflow/example_dags/example_local_kubernetes_executor.py for tasks to queue
[2024-07-14T16:37:33.468+0000] {logging_mixin.py:188} INFO - [2024-07-14T16:37:33.456+0000] {dagbag.py:545} INFO - Filling up the DagBag from /home/airflow/.local/lib/python3.12/site-packages/airflow/example_dags/example_local_kubernetes_executor.py
[2024-07-14T16:37:33.520+0000] {processor.py:840} INFO - DAG(s) 'example_local_kubernetes_executor' retrieved from /home/airflow/.local/lib/python3.12/site-packages/airflow/example_dags/example_local_kubernetes_executor.py
[2024-07-14T16:37:34.123+0000] {logging_mixin.py:188} INFO - [2024-07-14T16:37:34.109+0000] {dag.py:3096} INFO - Sync 1 DAGs
[2024-07-14T16:37:34.279+0000] {logging_mixin.py:188} INFO - [2024-07-14T16:37:34.279+0000] {dag.py:3954} INFO - Setting next_dagrun for example_local_kubernetes_executor to None, run_after=None
[2024-07-14T16:37:34.484+0000] {processor.py:183} INFO - Processing /home/airflow/.local/lib/python3.12/site-packages/airflow/example_dags/example_local_kubernetes_executor.py took 1.197 seconds
[2024-07-14T16:38:36.587+0000] {processor.py:161} INFO - Started process (PID=580) to work on /home/airflow/.local/lib/python3.12/site-packages/airflow/example_dags/example_local_kubernetes_executor.py
[2024-07-14T16:38:36.657+0000] {processor.py:830} INFO - Processing file /home/airflow/.local/lib/python3.12/site-packages/airflow/example_dags/example_local_kubernetes_executor.py for tasks to queue
[2024-07-14T16:38:36.662+0000] {logging_mixin.py:188} INFO - [2024-07-14T16:38:36.661+0000] {dagbag.py:545} INFO - Filling up the DagBag from /home/airflow/.local/lib/python3.12/site-packages/airflow/example_dags/example_local_kubernetes_executor.py
[2024-07-14T16:38:36.746+0000] {processor.py:840} INFO - DAG(s) 'example_local_kubernetes_executor' retrieved from /home/airflow/.local/lib/python3.12/site-packages/airflow/example_dags/example_local_kubernetes_executor.py
[2024-07-14T16:38:38.790+0000] {logging_mixin.py:188} INFO - [2024-07-14T16:38:38.788+0000] {dag.py:3096} INFO - Sync 1 DAGs
[2024-07-14T16:38:39.313+0000] {logging_mixin.py:188} INFO - [2024-07-14T16:38:39.313+0000] {dag.py:3954} INFO - Setting next_dagrun for example_local_kubernetes_executor to None, run_after=None
[2024-07-14T16:38:39.713+0000] {processor.py:183} INFO - Processing /home/airflow/.local/lib/python3.12/site-packages/airflow/example_dags/example_local_kubernetes_executor.py took 3.150 seconds
[2024-07-14T16:39:23.409+0000] {processor.py:161} INFO - Started process (PID=647) to work on /home/airflow/.local/lib/python3.12/site-packages/airflow/example_dags/example_local_kubernetes_executor.py
[2024-07-14T16:39:23.411+0000] {processor.py:830} INFO - Processing file /home/airflow/.local/lib/python3.12/site-packages/airflow/example_dags/example_local_kubernetes_executor.py for tasks to queue
[2024-07-14T16:39:23.430+0000] {logging_mixin.py:188} INFO - [2024-07-14T16:39:23.429+0000] {dagbag.py:545} INFO - Filling up the DagBag from /home/airflow/.local/lib/python3.12/site-packages/airflow/example_dags/example_local_kubernetes_executor.py
[2024-07-14T16:39:23.494+0000] {processor.py:840} INFO - DAG(s) 'example_local_kubernetes_executor' retrieved from /home/airflow/.local/lib/python3.12/site-packages/airflow/example_dags/example_local_kubernetes_executor.py
[2024-07-14T16:39:23.810+0000] {logging_mixin.py:188} INFO - [2024-07-14T16:39:23.808+0000] {dag.py:3096} INFO - Sync 1 DAGs
[2024-07-14T16:39:23.887+0000] {logging_mixin.py:188} INFO - [2024-07-14T16:39:23.887+0000] {dag.py:3954} INFO - Setting next_dagrun for example_local_kubernetes_executor to None, run_after=None
[2024-07-14T16:39:23.953+0000] {processor.py:183} INFO - Processing /home/airflow/.local/lib/python3.12/site-packages/airflow/example_dags/example_local_kubernetes_executor.py took 0.559 seconds
[2024-07-14T16:39:55.896+0000] {processor.py:161} INFO - Started process (PID=707) to work on /home/airflow/.local/lib/python3.12/site-packages/airflow/example_dags/example_local_kubernetes_executor.py
[2024-07-14T16:39:55.898+0000] {processor.py:830} INFO - Processing file /home/airflow/.local/lib/python3.12/site-packages/airflow/example_dags/example_local_kubernetes_executor.py for tasks to queue
[2024-07-14T16:39:55.901+0000] {logging_mixin.py:188} INFO - [2024-07-14T16:39:55.900+0000] {dagbag.py:545} INFO - Filling up the DagBag from /home/airflow/.local/lib/python3.12/site-packages/airflow/example_dags/example_local_kubernetes_executor.py
[2024-07-14T16:39:55.931+0000] {processor.py:840} INFO - DAG(s) 'example_local_kubernetes_executor' retrieved from /home/airflow/.local/lib/python3.12/site-packages/airflow/example_dags/example_local_kubernetes_executor.py
[2024-07-14T16:39:56.009+0000] {logging_mixin.py:188} INFO - [2024-07-14T16:39:56.009+0000] {dag.py:3096} INFO - Sync 1 DAGs
[2024-07-14T16:39:56.045+0000] {logging_mixin.py:188} INFO - [2024-07-14T16:39:56.045+0000] {dag.py:3954} INFO - Setting next_dagrun for example_local_kubernetes_executor to None, run_after=None
[2024-07-14T16:39:56.091+0000] {processor.py:183} INFO - Processing /home/airflow/.local/lib/python3.12/site-packages/airflow/example_dags/example_local_kubernetes_executor.py took 0.210 seconds
[2024-07-14T16:40:26.229+0000] {processor.py:161} INFO - Started process (PID=766) to work on /home/airflow/.local/lib/python3.12/site-packages/airflow/example_dags/example_local_kubernetes_executor.py
[2024-07-14T16:40:26.231+0000] {processor.py:830} INFO - Processing file /home/airflow/.local/lib/python3.12/site-packages/airflow/example_dags/example_local_kubernetes_executor.py for tasks to queue
[2024-07-14T16:40:26.233+0000] {logging_mixin.py:188} INFO - [2024-07-14T16:40:26.232+0000] {dagbag.py:545} INFO - Filling up the DagBag from /home/airflow/.local/lib/python3.12/site-packages/airflow/example_dags/example_local_kubernetes_executor.py
[2024-07-14T16:40:26.246+0000] {processor.py:840} INFO - DAG(s) 'example_local_kubernetes_executor' retrieved from /home/airflow/.local/lib/python3.12/site-packages/airflow/example_dags/example_local_kubernetes_executor.py
[2024-07-14T16:40:26.322+0000] {logging_mixin.py:188} INFO - [2024-07-14T16:40:26.322+0000] {dag.py:3096} INFO - Sync 1 DAGs
[2024-07-14T16:40:26.348+0000] {logging_mixin.py:188} INFO - [2024-07-14T16:40:26.348+0000] {dag.py:3954} INFO - Setting next_dagrun for example_local_kubernetes_executor to None, run_after=None
[2024-07-14T16:40:26.395+0000] {processor.py:183} INFO - Processing /home/airflow/.local/lib/python3.12/site-packages/airflow/example_dags/example_local_kubernetes_executor.py took 0.186 seconds
[2024-07-14T16:40:56.878+0000] {processor.py:161} INFO - Started process (PID=825) to work on /home/airflow/.local/lib/python3.12/site-packages/airflow/example_dags/example_local_kubernetes_executor.py
[2024-07-14T16:40:56.881+0000] {processor.py:830} INFO - Processing file /home/airflow/.local/lib/python3.12/site-packages/airflow/example_dags/example_local_kubernetes_executor.py for tasks to queue
[2024-07-14T16:40:56.883+0000] {logging_mixin.py:188} INFO - [2024-07-14T16:40:56.882+0000] {dagbag.py:545} INFO - Filling up the DagBag from /home/airflow/.local/lib/python3.12/site-packages/airflow/example_dags/example_local_kubernetes_executor.py
[2024-07-14T16:40:56.897+0000] {processor.py:840} INFO - DAG(s) 'example_local_kubernetes_executor' retrieved from /home/airflow/.local/lib/python3.12/site-packages/airflow/example_dags/example_local_kubernetes_executor.py
[2024-07-14T16:40:57.028+0000] {logging_mixin.py:188} INFO - [2024-07-14T16:40:57.028+0000] {dag.py:3096} INFO - Sync 1 DAGs
[2024-07-14T16:40:57.060+0000] {logging_mixin.py:188} INFO - [2024-07-14T16:40:57.060+0000] {dag.py:3954} INFO - Setting next_dagrun for example_local_kubernetes_executor to None, run_after=None
[2024-07-14T16:40:57.109+0000] {processor.py:183} INFO - Processing /home/airflow/.local/lib/python3.12/site-packages/airflow/example_dags/example_local_kubernetes_executor.py took 0.247 seconds
[2024-07-14T16:41:27.990+0000] {processor.py:161} INFO - Started process (PID=884) to work on /home/airflow/.local/lib/python3.12/site-packages/airflow/example_dags/example_local_kubernetes_executor.py
[2024-07-14T16:41:27.993+0000] {processor.py:830} INFO - Processing file /home/airflow/.local/lib/python3.12/site-packages/airflow/example_dags/example_local_kubernetes_executor.py for tasks to queue
[2024-07-14T16:41:27.994+0000] {logging_mixin.py:188} INFO - [2024-07-14T16:41:27.994+0000] {dagbag.py:545} INFO - Filling up the DagBag from /home/airflow/.local/lib/python3.12/site-packages/airflow/example_dags/example_local_kubernetes_executor.py
[2024-07-14T16:41:28.007+0000] {processor.py:840} INFO - DAG(s) 'example_local_kubernetes_executor' retrieved from /home/airflow/.local/lib/python3.12/site-packages/airflow/example_dags/example_local_kubernetes_executor.py
[2024-07-14T16:41:28.089+0000] {logging_mixin.py:188} INFO - [2024-07-14T16:41:28.089+0000] {dag.py:3096} INFO - Sync 1 DAGs
[2024-07-14T16:41:28.126+0000] {logging_mixin.py:188} INFO - [2024-07-14T16:41:28.125+0000] {dag.py:3954} INFO - Setting next_dagrun for example_local_kubernetes_executor to None, run_after=None
[2024-07-14T16:41:28.157+0000] {processor.py:183} INFO - Processing /home/airflow/.local/lib/python3.12/site-packages/airflow/example_dags/example_local_kubernetes_executor.py took 0.176 seconds
[2024-07-14T16:41:59.458+0000] {processor.py:161} INFO - Started process (PID=943) to work on /home/airflow/.local/lib/python3.12/site-packages/airflow/example_dags/example_local_kubernetes_executor.py
[2024-07-14T16:41:59.460+0000] {processor.py:830} INFO - Processing file /home/airflow/.local/lib/python3.12/site-packages/airflow/example_dags/example_local_kubernetes_executor.py for tasks to queue
[2024-07-14T16:41:59.479+0000] {logging_mixin.py:188} INFO - [2024-07-14T16:41:59.478+0000] {dagbag.py:545} INFO - Filling up the DagBag from /home/airflow/.local/lib/python3.12/site-packages/airflow/example_dags/example_local_kubernetes_executor.py
[2024-07-14T16:41:59.495+0000] {processor.py:840} INFO - DAG(s) 'example_local_kubernetes_executor' retrieved from /home/airflow/.local/lib/python3.12/site-packages/airflow/example_dags/example_local_kubernetes_executor.py
[2024-07-14T16:41:59.652+0000] {logging_mixin.py:188} INFO - [2024-07-14T16:41:59.652+0000] {dag.py:3096} INFO - Sync 1 DAGs
[2024-07-14T16:41:59.936+0000] {logging_mixin.py:188} INFO - [2024-07-14T16:41:59.935+0000] {dag.py:3954} INFO - Setting next_dagrun for example_local_kubernetes_executor to None, run_after=None
[2024-07-14T16:42:00.116+0000] {processor.py:183} INFO - Processing /home/airflow/.local/lib/python3.12/site-packages/airflow/example_dags/example_local_kubernetes_executor.py took 0.675 seconds
[2024-07-14T16:42:30.444+0000] {processor.py:161} INFO - Started process (PID=1001) to work on /home/airflow/.local/lib/python3.12/site-packages/airflow/example_dags/example_local_kubernetes_executor.py
[2024-07-14T16:42:30.446+0000] {processor.py:830} INFO - Processing file /home/airflow/.local/lib/python3.12/site-packages/airflow/example_dags/example_local_kubernetes_executor.py for tasks to queue
[2024-07-14T16:42:30.448+0000] {logging_mixin.py:188} INFO - [2024-07-14T16:42:30.447+0000] {dagbag.py:545} INFO - Filling up the DagBag from /home/airflow/.local/lib/python3.12/site-packages/airflow/example_dags/example_local_kubernetes_executor.py
[2024-07-14T16:42:30.459+0000] {processor.py:840} INFO - DAG(s) 'example_local_kubernetes_executor' retrieved from /home/airflow/.local/lib/python3.12/site-packages/airflow/example_dags/example_local_kubernetes_executor.py
[2024-07-14T16:42:30.539+0000] {logging_mixin.py:188} INFO - [2024-07-14T16:42:30.538+0000] {dag.py:3096} INFO - Sync 1 DAGs
[2024-07-14T16:42:30.581+0000] {logging_mixin.py:188} INFO - [2024-07-14T16:42:30.581+0000] {dag.py:3954} INFO - Setting next_dagrun for example_local_kubernetes_executor to None, run_after=None
[2024-07-14T16:42:30.627+0000] {processor.py:183} INFO - Processing /home/airflow/.local/lib/python3.12/site-packages/airflow/example_dags/example_local_kubernetes_executor.py took 0.192 seconds
[2024-07-14T16:43:00.901+0000] {processor.py:161} INFO - Started process (PID=1060) to work on /home/airflow/.local/lib/python3.12/site-packages/airflow/example_dags/example_local_kubernetes_executor.py
[2024-07-14T16:43:00.906+0000] {processor.py:830} INFO - Processing file /home/airflow/.local/lib/python3.12/site-packages/airflow/example_dags/example_local_kubernetes_executor.py for tasks to queue
[2024-07-14T16:43:00.910+0000] {logging_mixin.py:188} INFO - [2024-07-14T16:43:00.910+0000] {dagbag.py:545} INFO - Filling up the DagBag from /home/airflow/.local/lib/python3.12/site-packages/airflow/example_dags/example_local_kubernetes_executor.py
[2024-07-14T16:43:00.938+0000] {processor.py:840} INFO - DAG(s) 'example_local_kubernetes_executor' retrieved from /home/airflow/.local/lib/python3.12/site-packages/airflow/example_dags/example_local_kubernetes_executor.py
[2024-07-14T16:43:01.038+0000] {logging_mixin.py:188} INFO - [2024-07-14T16:43:01.038+0000] {dag.py:3096} INFO - Sync 1 DAGs
[2024-07-14T16:43:01.081+0000] {logging_mixin.py:188} INFO - [2024-07-14T16:43:01.080+0000] {dag.py:3954} INFO - Setting next_dagrun for example_local_kubernetes_executor to None, run_after=None
[2024-07-14T16:43:01.181+0000] {processor.py:183} INFO - Processing /home/airflow/.local/lib/python3.12/site-packages/airflow/example_dags/example_local_kubernetes_executor.py took 0.301 seconds
[2024-07-14T16:43:31.316+0000] {processor.py:161} INFO - Started process (PID=1119) to work on /home/airflow/.local/lib/python3.12/site-packages/airflow/example_dags/example_local_kubernetes_executor.py
[2024-07-14T16:43:31.318+0000] {processor.py:830} INFO - Processing file /home/airflow/.local/lib/python3.12/site-packages/airflow/example_dags/example_local_kubernetes_executor.py for tasks to queue
[2024-07-14T16:43:31.329+0000] {logging_mixin.py:188} INFO - [2024-07-14T16:43:31.329+0000] {dagbag.py:545} INFO - Filling up the DagBag from /home/airflow/.local/lib/python3.12/site-packages/airflow/example_dags/example_local_kubernetes_executor.py
[2024-07-14T16:43:31.346+0000] {processor.py:840} INFO - DAG(s) 'example_local_kubernetes_executor' retrieved from /home/airflow/.local/lib/python3.12/site-packages/airflow/example_dags/example_local_kubernetes_executor.py
[2024-07-14T16:43:31.480+0000] {logging_mixin.py:188} INFO - [2024-07-14T16:43:31.479+0000] {dag.py:3096} INFO - Sync 1 DAGs
[2024-07-14T16:43:31.508+0000] {logging_mixin.py:188} INFO - [2024-07-14T16:43:31.508+0000] {dag.py:3954} INFO - Setting next_dagrun for example_local_kubernetes_executor to None, run_after=None
[2024-07-14T16:43:31.558+0000] {processor.py:183} INFO - Processing /home/airflow/.local/lib/python3.12/site-packages/airflow/example_dags/example_local_kubernetes_executor.py took 0.254 seconds
[2024-07-14T16:44:02.002+0000] {processor.py:161} INFO - Started process (PID=1177) to work on /home/airflow/.local/lib/python3.12/site-packages/airflow/example_dags/example_local_kubernetes_executor.py
[2024-07-14T16:44:02.004+0000] {processor.py:830} INFO - Processing file /home/airflow/.local/lib/python3.12/site-packages/airflow/example_dags/example_local_kubernetes_executor.py for tasks to queue
[2024-07-14T16:44:02.006+0000] {logging_mixin.py:188} INFO - [2024-07-14T16:44:02.006+0000] {dagbag.py:545} INFO - Filling up the DagBag from /home/airflow/.local/lib/python3.12/site-packages/airflow/example_dags/example_local_kubernetes_executor.py
[2024-07-14T16:44:02.037+0000] {processor.py:840} INFO - DAG(s) 'example_local_kubernetes_executor' retrieved from /home/airflow/.local/lib/python3.12/site-packages/airflow/example_dags/example_local_kubernetes_executor.py
[2024-07-14T16:44:02.151+0000] {logging_mixin.py:188} INFO - [2024-07-14T16:44:02.151+0000] {dag.py:3096} INFO - Sync 1 DAGs
[2024-07-14T16:44:02.193+0000] {logging_mixin.py:188} INFO - [2024-07-14T16:44:02.192+0000] {dag.py:3954} INFO - Setting next_dagrun for example_local_kubernetes_executor to None, run_after=None
[2024-07-14T16:44:02.251+0000] {processor.py:183} INFO - Processing /home/airflow/.local/lib/python3.12/site-packages/airflow/example_dags/example_local_kubernetes_executor.py took 0.264 seconds
[2024-07-14T16:44:32.337+0000] {processor.py:161} INFO - Started process (PID=1236) to work on /home/airflow/.local/lib/python3.12/site-packages/airflow/example_dags/example_local_kubernetes_executor.py
[2024-07-14T16:44:32.339+0000] {processor.py:830} INFO - Processing file /home/airflow/.local/lib/python3.12/site-packages/airflow/example_dags/example_local_kubernetes_executor.py for tasks to queue
[2024-07-14T16:44:32.342+0000] {logging_mixin.py:188} INFO - [2024-07-14T16:44:32.341+0000] {dagbag.py:545} INFO - Filling up the DagBag from /home/airflow/.local/lib/python3.12/site-packages/airflow/example_dags/example_local_kubernetes_executor.py
[2024-07-14T16:44:32.358+0000] {processor.py:840} INFO - DAG(s) 'example_local_kubernetes_executor' retrieved from /home/airflow/.local/lib/python3.12/site-packages/airflow/example_dags/example_local_kubernetes_executor.py
[2024-07-14T16:44:32.447+0000] {logging_mixin.py:188} INFO - [2024-07-14T16:44:32.447+0000] {dag.py:3096} INFO - Sync 1 DAGs
[2024-07-14T16:44:32.491+0000] {logging_mixin.py:188} INFO - [2024-07-14T16:44:32.491+0000] {dag.py:3954} INFO - Setting next_dagrun for example_local_kubernetes_executor to None, run_after=None
[2024-07-14T16:44:32.529+0000] {processor.py:183} INFO - Processing /home/airflow/.local/lib/python3.12/site-packages/airflow/example_dags/example_local_kubernetes_executor.py took 0.203 seconds
[2024-07-14T16:45:03.217+0000] {processor.py:161} INFO - Started process (PID=1294) to work on /home/airflow/.local/lib/python3.12/site-packages/airflow/example_dags/example_local_kubernetes_executor.py
[2024-07-14T16:45:03.219+0000] {processor.py:830} INFO - Processing file /home/airflow/.local/lib/python3.12/site-packages/airflow/example_dags/example_local_kubernetes_executor.py for tasks to queue
[2024-07-14T16:45:03.221+0000] {logging_mixin.py:188} INFO - [2024-07-14T16:45:03.220+0000] {dagbag.py:545} INFO - Filling up the DagBag from /home/airflow/.local/lib/python3.12/site-packages/airflow/example_dags/example_local_kubernetes_executor.py
[2024-07-14T16:45:03.239+0000] {processor.py:840} INFO - DAG(s) 'example_local_kubernetes_executor' retrieved from /home/airflow/.local/lib/python3.12/site-packages/airflow/example_dags/example_local_kubernetes_executor.py
[2024-07-14T16:45:03.308+0000] {logging_mixin.py:188} INFO - [2024-07-14T16:45:03.307+0000] {dag.py:3096} INFO - Sync 1 DAGs
[2024-07-14T16:45:03.340+0000] {logging_mixin.py:188} INFO - [2024-07-14T16:45:03.340+0000] {dag.py:3954} INFO - Setting next_dagrun for example_local_kubernetes_executor to None, run_after=None
[2024-07-14T16:45:03.374+0000] {processor.py:183} INFO - Processing /home/airflow/.local/lib/python3.12/site-packages/airflow/example_dags/example_local_kubernetes_executor.py took 0.166 seconds
[2024-07-14T16:45:34.800+0000] {processor.py:161} INFO - Started process (PID=1353) to work on /home/airflow/.local/lib/python3.12/site-packages/airflow/example_dags/example_local_kubernetes_executor.py
[2024-07-14T16:45:34.802+0000] {processor.py:830} INFO - Processing file /home/airflow/.local/lib/python3.12/site-packages/airflow/example_dags/example_local_kubernetes_executor.py for tasks to queue
[2024-07-14T16:45:34.804+0000] {logging_mixin.py:188} INFO - [2024-07-14T16:45:34.803+0000] {dagbag.py:545} INFO - Filling up the DagBag from /home/airflow/.local/lib/python3.12/site-packages/airflow/example_dags/example_local_kubernetes_executor.py
[2024-07-14T16:45:34.815+0000] {processor.py:840} INFO - DAG(s) 'example_local_kubernetes_executor' retrieved from /home/airflow/.local/lib/python3.12/site-packages/airflow/example_dags/example_local_kubernetes_executor.py
[2024-07-14T16:45:34.889+0000] {logging_mixin.py:188} INFO - [2024-07-14T16:45:34.889+0000] {dag.py:3096} INFO - Sync 1 DAGs
[2024-07-14T16:45:35.066+0000] {logging_mixin.py:188} INFO - [2024-07-14T16:45:35.055+0000] {dag.py:3954} INFO - Setting next_dagrun for example_local_kubernetes_executor to None, run_after=None
[2024-07-14T16:45:35.112+0000] {processor.py:183} INFO - Processing /home/airflow/.local/lib/python3.12/site-packages/airflow/example_dags/example_local_kubernetes_executor.py took 0.321 seconds
[2024-07-14T16:46:06.189+0000] {processor.py:161} INFO - Started process (PID=1412) to work on /home/airflow/.local/lib/python3.12/site-packages/airflow/example_dags/example_local_kubernetes_executor.py
[2024-07-14T16:46:06.196+0000] {processor.py:830} INFO - Processing file /home/airflow/.local/lib/python3.12/site-packages/airflow/example_dags/example_local_kubernetes_executor.py for tasks to queue
[2024-07-14T16:46:06.198+0000] {logging_mixin.py:188} INFO - [2024-07-14T16:46:06.198+0000] {dagbag.py:545} INFO - Filling up the DagBag from /home/airflow/.local/lib/python3.12/site-packages/airflow/example_dags/example_local_kubernetes_executor.py
[2024-07-14T16:46:06.216+0000] {processor.py:840} INFO - DAG(s) 'example_local_kubernetes_executor' retrieved from /home/airflow/.local/lib/python3.12/site-packages/airflow/example_dags/example_local_kubernetes_executor.py
[2024-07-14T16:46:06.346+0000] {logging_mixin.py:188} INFO - [2024-07-14T16:46:06.345+0000] {dag.py:3096} INFO - Sync 1 DAGs
[2024-07-14T16:46:06.393+0000] {logging_mixin.py:188} INFO - [2024-07-14T16:46:06.393+0000] {dag.py:3954} INFO - Setting next_dagrun for example_local_kubernetes_executor to None, run_after=None
[2024-07-14T16:46:06.453+0000] {processor.py:183} INFO - Processing /home/airflow/.local/lib/python3.12/site-packages/airflow/example_dags/example_local_kubernetes_executor.py took 0.300 seconds
[2024-07-14T16:46:38.155+0000] {processor.py:161} INFO - Started process (PID=1471) to work on /home/airflow/.local/lib/python3.12/site-packages/airflow/example_dags/example_local_kubernetes_executor.py
[2024-07-14T16:46:38.157+0000] {processor.py:830} INFO - Processing file /home/airflow/.local/lib/python3.12/site-packages/airflow/example_dags/example_local_kubernetes_executor.py for tasks to queue
[2024-07-14T16:46:38.159+0000] {logging_mixin.py:188} INFO - [2024-07-14T16:46:38.158+0000] {dagbag.py:545} INFO - Filling up the DagBag from /home/airflow/.local/lib/python3.12/site-packages/airflow/example_dags/example_local_kubernetes_executor.py
[2024-07-14T16:46:38.173+0000] {processor.py:840} INFO - DAG(s) 'example_local_kubernetes_executor' retrieved from /home/airflow/.local/lib/python3.12/site-packages/airflow/example_dags/example_local_kubernetes_executor.py
[2024-07-14T16:46:38.238+0000] {logging_mixin.py:188} INFO - [2024-07-14T16:46:38.238+0000] {dag.py:3096} INFO - Sync 1 DAGs
[2024-07-14T16:46:38.258+0000] {logging_mixin.py:188} INFO - [2024-07-14T16:46:38.258+0000] {dag.py:3954} INFO - Setting next_dagrun for example_local_kubernetes_executor to None, run_after=None
[2024-07-14T16:46:38.296+0000] {processor.py:183} INFO - Processing /home/airflow/.local/lib/python3.12/site-packages/airflow/example_dags/example_local_kubernetes_executor.py took 0.150 seconds
[2024-07-14T16:47:08.760+0000] {processor.py:161} INFO - Started process (PID=1527) to work on /home/airflow/.local/lib/python3.12/site-packages/airflow/example_dags/example_local_kubernetes_executor.py
[2024-07-14T16:47:08.762+0000] {processor.py:830} INFO - Processing file /home/airflow/.local/lib/python3.12/site-packages/airflow/example_dags/example_local_kubernetes_executor.py for tasks to queue
[2024-07-14T16:47:08.764+0000] {logging_mixin.py:188} INFO - [2024-07-14T16:47:08.763+0000] {dagbag.py:545} INFO - Filling up the DagBag from /home/airflow/.local/lib/python3.12/site-packages/airflow/example_dags/example_local_kubernetes_executor.py
[2024-07-14T16:47:08.788+0000] {processor.py:840} INFO - DAG(s) 'example_local_kubernetes_executor' retrieved from /home/airflow/.local/lib/python3.12/site-packages/airflow/example_dags/example_local_kubernetes_executor.py
[2024-07-14T16:47:08.890+0000] {logging_mixin.py:188} INFO - [2024-07-14T16:47:08.890+0000] {dag.py:3096} INFO - Sync 1 DAGs
[2024-07-14T16:47:08.913+0000] {logging_mixin.py:188} INFO - [2024-07-14T16:47:08.913+0000] {dag.py:3954} INFO - Setting next_dagrun for example_local_kubernetes_executor to None, run_after=None
[2024-07-14T16:47:08.969+0000] {processor.py:183} INFO - Processing /home/airflow/.local/lib/python3.12/site-packages/airflow/example_dags/example_local_kubernetes_executor.py took 0.221 seconds
[2024-07-14T16:47:39.457+0000] {processor.py:161} INFO - Started process (PID=1586) to work on /home/airflow/.local/lib/python3.12/site-packages/airflow/example_dags/example_local_kubernetes_executor.py
[2024-07-14T16:47:39.460+0000] {processor.py:830} INFO - Processing file /home/airflow/.local/lib/python3.12/site-packages/airflow/example_dags/example_local_kubernetes_executor.py for tasks to queue
[2024-07-14T16:47:39.462+0000] {logging_mixin.py:188} INFO - [2024-07-14T16:47:39.461+0000] {dagbag.py:545} INFO - Filling up the DagBag from /home/airflow/.local/lib/python3.12/site-packages/airflow/example_dags/example_local_kubernetes_executor.py
[2024-07-14T16:47:39.476+0000] {processor.py:840} INFO - DAG(s) 'example_local_kubernetes_executor' retrieved from /home/airflow/.local/lib/python3.12/site-packages/airflow/example_dags/example_local_kubernetes_executor.py
[2024-07-14T16:47:39.559+0000] {logging_mixin.py:188} INFO - [2024-07-14T16:47:39.559+0000] {dag.py:3096} INFO - Sync 1 DAGs
[2024-07-14T16:47:39.595+0000] {logging_mixin.py:188} INFO - [2024-07-14T16:47:39.595+0000] {dag.py:3954} INFO - Setting next_dagrun for example_local_kubernetes_executor to None, run_after=None
[2024-07-14T16:47:39.663+0000] {processor.py:183} INFO - Processing /home/airflow/.local/lib/python3.12/site-packages/airflow/example_dags/example_local_kubernetes_executor.py took 0.216 seconds
[2024-07-14T16:48:09.790+0000] {processor.py:161} INFO - Started process (PID=1645) to work on /home/airflow/.local/lib/python3.12/site-packages/airflow/example_dags/example_local_kubernetes_executor.py
[2024-07-14T16:48:09.791+0000] {processor.py:830} INFO - Processing file /home/airflow/.local/lib/python3.12/site-packages/airflow/example_dags/example_local_kubernetes_executor.py for tasks to queue
[2024-07-14T16:48:09.793+0000] {logging_mixin.py:188} INFO - [2024-07-14T16:48:09.793+0000] {dagbag.py:545} INFO - Filling up the DagBag from /home/airflow/.local/lib/python3.12/site-packages/airflow/example_dags/example_local_kubernetes_executor.py
[2024-07-14T16:48:09.810+0000] {processor.py:840} INFO - DAG(s) 'example_local_kubernetes_executor' retrieved from /home/airflow/.local/lib/python3.12/site-packages/airflow/example_dags/example_local_kubernetes_executor.py
[2024-07-14T16:48:09.886+0000] {logging_mixin.py:188} INFO - [2024-07-14T16:48:09.885+0000] {dag.py:3096} INFO - Sync 1 DAGs
[2024-07-14T16:48:09.940+0000] {logging_mixin.py:188} INFO - [2024-07-14T16:48:09.939+0000] {dag.py:3954} INFO - Setting next_dagrun for example_local_kubernetes_executor to None, run_after=None
[2024-07-14T16:48:10.004+0000] {processor.py:183} INFO - Processing /home/airflow/.local/lib/python3.12/site-packages/airflow/example_dags/example_local_kubernetes_executor.py took 0.226 seconds
[2024-07-14T16:48:40.804+0000] {processor.py:161} INFO - Started process (PID=1704) to work on /home/airflow/.local/lib/python3.12/site-packages/airflow/example_dags/example_local_kubernetes_executor.py
[2024-07-14T16:48:40.807+0000] {processor.py:830} INFO - Processing file /home/airflow/.local/lib/python3.12/site-packages/airflow/example_dags/example_local_kubernetes_executor.py for tasks to queue
[2024-07-14T16:48:40.809+0000] {logging_mixin.py:188} INFO - [2024-07-14T16:48:40.808+0000] {dagbag.py:545} INFO - Filling up the DagBag from /home/airflow/.local/lib/python3.12/site-packages/airflow/example_dags/example_local_kubernetes_executor.py
[2024-07-14T16:48:40.822+0000] {processor.py:840} INFO - DAG(s) 'example_local_kubernetes_executor' retrieved from /home/airflow/.local/lib/python3.12/site-packages/airflow/example_dags/example_local_kubernetes_executor.py
[2024-07-14T16:48:40.897+0000] {logging_mixin.py:188} INFO - [2024-07-14T16:48:40.896+0000] {dag.py:3096} INFO - Sync 1 DAGs
[2024-07-14T16:48:40.916+0000] {logging_mixin.py:188} INFO - [2024-07-14T16:48:40.915+0000] {dag.py:3954} INFO - Setting next_dagrun for example_local_kubernetes_executor to None, run_after=None
[2024-07-14T16:48:40.959+0000] {processor.py:183} INFO - Processing /home/airflow/.local/lib/python3.12/site-packages/airflow/example_dags/example_local_kubernetes_executor.py took 0.164 seconds
[2024-07-14T16:49:11.033+0000] {processor.py:161} INFO - Started process (PID=1763) to work on /home/airflow/.local/lib/python3.12/site-packages/airflow/example_dags/example_local_kubernetes_executor.py
[2024-07-14T16:49:11.035+0000] {processor.py:830} INFO - Processing file /home/airflow/.local/lib/python3.12/site-packages/airflow/example_dags/example_local_kubernetes_executor.py for tasks to queue
[2024-07-14T16:49:11.037+0000] {logging_mixin.py:188} INFO - [2024-07-14T16:49:11.036+0000] {dagbag.py:545} INFO - Filling up the DagBag from /home/airflow/.local/lib/python3.12/site-packages/airflow/example_dags/example_local_kubernetes_executor.py
[2024-07-14T16:49:11.053+0000] {processor.py:840} INFO - DAG(s) 'example_local_kubernetes_executor' retrieved from /home/airflow/.local/lib/python3.12/site-packages/airflow/example_dags/example_local_kubernetes_executor.py
[2024-07-14T16:49:11.137+0000] {logging_mixin.py:188} INFO - [2024-07-14T16:49:11.136+0000] {dag.py:3096} INFO - Sync 1 DAGs
[2024-07-14T16:49:11.161+0000] {logging_mixin.py:188} INFO - [2024-07-14T16:49:11.160+0000] {dag.py:3954} INFO - Setting next_dagrun for example_local_kubernetes_executor to None, run_after=None
[2024-07-14T16:49:11.214+0000] {processor.py:183} INFO - Processing /home/airflow/.local/lib/python3.12/site-packages/airflow/example_dags/example_local_kubernetes_executor.py took 0.199 seconds
[2024-07-14T16:49:41.957+0000] {processor.py:161} INFO - Started process (PID=1822) to work on /home/airflow/.local/lib/python3.12/site-packages/airflow/example_dags/example_local_kubernetes_executor.py
[2024-07-14T16:49:41.959+0000] {processor.py:830} INFO - Processing file /home/airflow/.local/lib/python3.12/site-packages/airflow/example_dags/example_local_kubernetes_executor.py for tasks to queue
[2024-07-14T16:49:41.961+0000] {logging_mixin.py:188} INFO - [2024-07-14T16:49:41.960+0000] {dagbag.py:545} INFO - Filling up the DagBag from /home/airflow/.local/lib/python3.12/site-packages/airflow/example_dags/example_local_kubernetes_executor.py
[2024-07-14T16:49:41.985+0000] {processor.py:840} INFO - DAG(s) 'example_local_kubernetes_executor' retrieved from /home/airflow/.local/lib/python3.12/site-packages/airflow/example_dags/example_local_kubernetes_executor.py
[2024-07-14T16:49:42.054+0000] {logging_mixin.py:188} INFO - [2024-07-14T16:49:42.054+0000] {dag.py:3096} INFO - Sync 1 DAGs
[2024-07-14T16:49:42.085+0000] {logging_mixin.py:188} INFO - [2024-07-14T16:49:42.084+0000] {dag.py:3954} INFO - Setting next_dagrun for example_local_kubernetes_executor to None, run_after=None
[2024-07-14T16:49:42.146+0000] {processor.py:183} INFO - Processing /home/airflow/.local/lib/python3.12/site-packages/airflow/example_dags/example_local_kubernetes_executor.py took 0.201 seconds
[2024-07-14T16:50:13.270+0000] {processor.py:161} INFO - Started process (PID=1881) to work on /home/airflow/.local/lib/python3.12/site-packages/airflow/example_dags/example_local_kubernetes_executor.py
[2024-07-14T16:50:13.274+0000] {processor.py:830} INFO - Processing file /home/airflow/.local/lib/python3.12/site-packages/airflow/example_dags/example_local_kubernetes_executor.py for tasks to queue
[2024-07-14T16:50:13.280+0000] {logging_mixin.py:188} INFO - [2024-07-14T16:50:13.279+0000] {dagbag.py:545} INFO - Filling up the DagBag from /home/airflow/.local/lib/python3.12/site-packages/airflow/example_dags/example_local_kubernetes_executor.py
[2024-07-14T16:50:13.297+0000] {processor.py:840} INFO - DAG(s) 'example_local_kubernetes_executor' retrieved from /home/airflow/.local/lib/python3.12/site-packages/airflow/example_dags/example_local_kubernetes_executor.py
[2024-07-14T16:50:13.388+0000] {logging_mixin.py:188} INFO - [2024-07-14T16:50:13.387+0000] {dag.py:3096} INFO - Sync 1 DAGs
[2024-07-14T16:50:14.141+0000] {logging_mixin.py:188} INFO - [2024-07-14T16:50:14.141+0000] {dag.py:3954} INFO - Setting next_dagrun for example_local_kubernetes_executor to None, run_after=None
[2024-07-14T16:50:14.212+0000] {processor.py:183} INFO - Processing /home/airflow/.local/lib/python3.12/site-packages/airflow/example_dags/example_local_kubernetes_executor.py took 0.955 seconds
[2024-07-14T16:50:44.309+0000] {processor.py:161} INFO - Started process (PID=1939) to work on /home/airflow/.local/lib/python3.12/site-packages/airflow/example_dags/example_local_kubernetes_executor.py
[2024-07-14T16:50:44.311+0000] {processor.py:830} INFO - Processing file /home/airflow/.local/lib/python3.12/site-packages/airflow/example_dags/example_local_kubernetes_executor.py for tasks to queue
[2024-07-14T16:50:44.312+0000] {logging_mixin.py:188} INFO - [2024-07-14T16:50:44.312+0000] {dagbag.py:545} INFO - Filling up the DagBag from /home/airflow/.local/lib/python3.12/site-packages/airflow/example_dags/example_local_kubernetes_executor.py
[2024-07-14T16:50:44.328+0000] {processor.py:840} INFO - DAG(s) 'example_local_kubernetes_executor' retrieved from /home/airflow/.local/lib/python3.12/site-packages/airflow/example_dags/example_local_kubernetes_executor.py
[2024-07-14T16:50:44.386+0000] {logging_mixin.py:188} INFO - [2024-07-14T16:50:44.386+0000] {dag.py:3096} INFO - Sync 1 DAGs
[2024-07-14T16:50:44.406+0000] {logging_mixin.py:188} INFO - [2024-07-14T16:50:44.406+0000] {dag.py:3954} INFO - Setting next_dagrun for example_local_kubernetes_executor to None, run_after=None
[2024-07-14T16:50:44.443+0000] {processor.py:183} INFO - Processing /home/airflow/.local/lib/python3.12/site-packages/airflow/example_dags/example_local_kubernetes_executor.py took 0.142 seconds
[2024-07-14T16:51:14.811+0000] {processor.py:161} INFO - Started process (PID=1997) to work on /home/airflow/.local/lib/python3.12/site-packages/airflow/example_dags/example_local_kubernetes_executor.py
[2024-07-14T16:51:14.815+0000] {processor.py:830} INFO - Processing file /home/airflow/.local/lib/python3.12/site-packages/airflow/example_dags/example_local_kubernetes_executor.py for tasks to queue
[2024-07-14T16:51:14.827+0000] {logging_mixin.py:188} INFO - [2024-07-14T16:51:14.826+0000] {dagbag.py:545} INFO - Filling up the DagBag from /home/airflow/.local/lib/python3.12/site-packages/airflow/example_dags/example_local_kubernetes_executor.py
[2024-07-14T16:51:14.854+0000] {processor.py:840} INFO - DAG(s) 'example_local_kubernetes_executor' retrieved from /home/airflow/.local/lib/python3.12/site-packages/airflow/example_dags/example_local_kubernetes_executor.py
[2024-07-14T16:51:14.937+0000] {logging_mixin.py:188} INFO - [2024-07-14T16:51:14.936+0000] {dag.py:3096} INFO - Sync 1 DAGs
[2024-07-14T16:51:14.968+0000] {logging_mixin.py:188} INFO - [2024-07-14T16:51:14.966+0000] {dag.py:3954} INFO - Setting next_dagrun for example_local_kubernetes_executor to None, run_after=None
[2024-07-14T16:51:15.010+0000] {processor.py:183} INFO - Processing /home/airflow/.local/lib/python3.12/site-packages/airflow/example_dags/example_local_kubernetes_executor.py took 0.216 seconds
[2024-07-14T16:51:45.668+0000] {processor.py:161} INFO - Started process (PID=2056) to work on /home/airflow/.local/lib/python3.12/site-packages/airflow/example_dags/example_local_kubernetes_executor.py
[2024-07-14T16:51:45.670+0000] {processor.py:830} INFO - Processing file /home/airflow/.local/lib/python3.12/site-packages/airflow/example_dags/example_local_kubernetes_executor.py for tasks to queue
[2024-07-14T16:51:45.673+0000] {logging_mixin.py:188} INFO - [2024-07-14T16:51:45.672+0000] {dagbag.py:545} INFO - Filling up the DagBag from /home/airflow/.local/lib/python3.12/site-packages/airflow/example_dags/example_local_kubernetes_executor.py
[2024-07-14T16:51:45.701+0000] {processor.py:840} INFO - DAG(s) 'example_local_kubernetes_executor' retrieved from /home/airflow/.local/lib/python3.12/site-packages/airflow/example_dags/example_local_kubernetes_executor.py
[2024-07-14T16:51:45.851+0000] {logging_mixin.py:188} INFO - [2024-07-14T16:51:45.851+0000] {dag.py:3096} INFO - Sync 1 DAGs
[2024-07-14T16:51:45.882+0000] {logging_mixin.py:188} INFO - [2024-07-14T16:51:45.881+0000] {dag.py:3954} INFO - Setting next_dagrun for example_local_kubernetes_executor to None, run_after=None
[2024-07-14T16:51:45.925+0000] {processor.py:183} INFO - Processing /home/airflow/.local/lib/python3.12/site-packages/airflow/example_dags/example_local_kubernetes_executor.py took 0.272 seconds
[2024-07-14T16:55:45.326+0000] {processor.py:161} INFO - Started process (PID=69) to work on /home/airflow/.local/lib/python3.12/site-packages/airflow/example_dags/example_local_kubernetes_executor.py
[2024-07-14T16:55:45.331+0000] {processor.py:830} INFO - Processing file /home/airflow/.local/lib/python3.12/site-packages/airflow/example_dags/example_local_kubernetes_executor.py for tasks to queue
[2024-07-14T16:55:45.344+0000] {logging_mixin.py:188} INFO - [2024-07-14T16:55:45.344+0000] {dagbag.py:545} INFO - Filling up the DagBag from /home/airflow/.local/lib/python3.12/site-packages/airflow/example_dags/example_local_kubernetes_executor.py
[2024-07-14T16:55:45.602+0000] {processor.py:840} INFO - DAG(s) 'example_local_kubernetes_executor' retrieved from /home/airflow/.local/lib/python3.12/site-packages/airflow/example_dags/example_local_kubernetes_executor.py
[2024-07-14T16:55:47.821+0000] {logging_mixin.py:188} INFO - [2024-07-14T16:55:47.820+0000] {dag.py:3096} INFO - Sync 1 DAGs
[2024-07-14T16:55:48.115+0000] {logging_mixin.py:188} INFO - [2024-07-14T16:55:48.108+0000] {dag.py:3954} INFO - Setting next_dagrun for example_local_kubernetes_executor to None, run_after=None
[2024-07-14T16:55:48.338+0000] {processor.py:183} INFO - Processing /home/airflow/.local/lib/python3.12/site-packages/airflow/example_dags/example_local_kubernetes_executor.py took 3.032 seconds
[2024-07-14T16:56:30.131+0000] {processor.py:161} INFO - Started process (PID=128) to work on /home/airflow/.local/lib/python3.12/site-packages/airflow/example_dags/example_local_kubernetes_executor.py
[2024-07-14T16:56:30.134+0000] {processor.py:830} INFO - Processing file /home/airflow/.local/lib/python3.12/site-packages/airflow/example_dags/example_local_kubernetes_executor.py for tasks to queue
[2024-07-14T16:56:30.139+0000] {logging_mixin.py:188} INFO - [2024-07-14T16:56:30.138+0000] {dagbag.py:545} INFO - Filling up the DagBag from /home/airflow/.local/lib/python3.12/site-packages/airflow/example_dags/example_local_kubernetes_executor.py
[2024-07-14T16:56:30.162+0000] {processor.py:840} INFO - DAG(s) 'example_local_kubernetes_executor' retrieved from /home/airflow/.local/lib/python3.12/site-packages/airflow/example_dags/example_local_kubernetes_executor.py
[2024-07-14T16:56:30.243+0000] {logging_mixin.py:188} INFO - [2024-07-14T16:56:30.243+0000] {dag.py:3096} INFO - Sync 1 DAGs
[2024-07-14T16:56:30.280+0000] {logging_mixin.py:188} INFO - [2024-07-14T16:56:30.279+0000] {dag.py:3954} INFO - Setting next_dagrun for example_local_kubernetes_executor to None, run_after=None
[2024-07-14T16:56:30.324+0000] {processor.py:183} INFO - Processing /home/airflow/.local/lib/python3.12/site-packages/airflow/example_dags/example_local_kubernetes_executor.py took 0.206 seconds
