[2024-07-14T16:33:15.953+0000] {processor.py:161} INFO - Started process (PID=42) to work on /home/airflow/.local/lib/python3.12/site-packages/airflow/example_dags/example_short_circuit_decorator.py
[2024-07-14T16:33:15.955+0000] {processor.py:830} INFO - Processing file /home/airflow/.local/lib/python3.12/site-packages/airflow/example_dags/example_short_circuit_decorator.py for tasks to queue
[2024-07-14T16:33:15.959+0000] {logging_mixin.py:188} INFO - [2024-07-14T16:33:15.958+0000] {dagbag.py:545} INFO - Filling up the DagBag from /home/airflow/.local/lib/python3.12/site-packages/airflow/example_dags/example_short_circuit_decorator.py
[2024-07-14T16:33:16.014+0000] {processor.py:840} INFO - DAG(s) 'example_short_circuit_decorator' retrieved from /home/airflow/.local/lib/python3.12/site-packages/airflow/example_dags/example_short_circuit_decorator.py
[2024-07-14T16:33:16.418+0000] {logging_mixin.py:188} INFO - [2024-07-14T16:33:16.417+0000] {dag.py:3096} INFO - Sync 1 DAGs
[2024-07-14T16:33:16.501+0000] {logging_mixin.py:188} INFO - [2024-07-14T16:33:16.501+0000] {dag.py:3954} INFO - Setting next_dagrun for example_short_circuit_decorator to 2024-07-13 00:00:00+00:00, run_after=2024-07-14 00:00:00+00:00
[2024-07-14T16:33:16.566+0000] {processor.py:183} INFO - Processing /home/airflow/.local/lib/python3.12/site-packages/airflow/example_dags/example_short_circuit_decorator.py took 0.626 seconds
[2024-07-14T16:33:46.753+0000] {processor.py:161} INFO - Started process (PID=100) to work on /home/airflow/.local/lib/python3.12/site-packages/airflow/example_dags/example_short_circuit_decorator.py
[2024-07-14T16:33:46.755+0000] {processor.py:830} INFO - Processing file /home/airflow/.local/lib/python3.12/site-packages/airflow/example_dags/example_short_circuit_decorator.py for tasks to queue
[2024-07-14T16:33:46.758+0000] {logging_mixin.py:188} INFO - [2024-07-14T16:33:46.758+0000] {dagbag.py:545} INFO - Filling up the DagBag from /home/airflow/.local/lib/python3.12/site-packages/airflow/example_dags/example_short_circuit_decorator.py
[2024-07-14T16:33:46.780+0000] {processor.py:840} INFO - DAG(s) 'example_short_circuit_decorator' retrieved from /home/airflow/.local/lib/python3.12/site-packages/airflow/example_dags/example_short_circuit_decorator.py
[2024-07-14T16:33:46.824+0000] {logging_mixin.py:188} INFO - [2024-07-14T16:33:46.824+0000] {dag.py:3096} INFO - Sync 1 DAGs
[2024-07-14T16:33:46.860+0000] {logging_mixin.py:188} INFO - [2024-07-14T16:33:46.860+0000] {dag.py:3954} INFO - Setting next_dagrun for example_short_circuit_decorator to 2024-07-13 00:00:00+00:00, run_after=2024-07-14 00:00:00+00:00
[2024-07-14T16:33:46.904+0000] {processor.py:183} INFO - Processing /home/airflow/.local/lib/python3.12/site-packages/airflow/example_dags/example_short_circuit_decorator.py took 0.160 seconds
[2024-07-14T16:34:17.386+0000] {processor.py:161} INFO - Started process (PID=157) to work on /home/airflow/.local/lib/python3.12/site-packages/airflow/example_dags/example_short_circuit_decorator.py
[2024-07-14T16:34:17.388+0000] {processor.py:830} INFO - Processing file /home/airflow/.local/lib/python3.12/site-packages/airflow/example_dags/example_short_circuit_decorator.py for tasks to queue
[2024-07-14T16:34:17.391+0000] {logging_mixin.py:188} INFO - [2024-07-14T16:34:17.391+0000] {dagbag.py:545} INFO - Filling up the DagBag from /home/airflow/.local/lib/python3.12/site-packages/airflow/example_dags/example_short_circuit_decorator.py
[2024-07-14T16:34:17.407+0000] {processor.py:840} INFO - DAG(s) 'example_short_circuit_decorator' retrieved from /home/airflow/.local/lib/python3.12/site-packages/airflow/example_dags/example_short_circuit_decorator.py
[2024-07-14T16:34:17.459+0000] {logging_mixin.py:188} INFO - [2024-07-14T16:34:17.459+0000] {dag.py:3096} INFO - Sync 1 DAGs
[2024-07-14T16:34:17.501+0000] {logging_mixin.py:188} INFO - [2024-07-14T16:34:17.500+0000] {dag.py:3954} INFO - Setting next_dagrun for example_short_circuit_decorator to 2024-07-13 00:00:00+00:00, run_after=2024-07-14 00:00:00+00:00
[2024-07-14T16:34:17.541+0000] {processor.py:183} INFO - Processing /home/airflow/.local/lib/python3.12/site-packages/airflow/example_dags/example_short_circuit_decorator.py took 0.166 seconds
[2024-07-14T16:34:48.251+0000] {processor.py:161} INFO - Started process (PID=215) to work on /home/airflow/.local/lib/python3.12/site-packages/airflow/example_dags/example_short_circuit_decorator.py
[2024-07-14T16:34:48.253+0000] {processor.py:830} INFO - Processing file /home/airflow/.local/lib/python3.12/site-packages/airflow/example_dags/example_short_circuit_decorator.py for tasks to queue
[2024-07-14T16:34:48.256+0000] {logging_mixin.py:188} INFO - [2024-07-14T16:34:48.256+0000] {dagbag.py:545} INFO - Filling up the DagBag from /home/airflow/.local/lib/python3.12/site-packages/airflow/example_dags/example_short_circuit_decorator.py
[2024-07-14T16:34:48.300+0000] {processor.py:840} INFO - DAG(s) 'example_short_circuit_decorator' retrieved from /home/airflow/.local/lib/python3.12/site-packages/airflow/example_dags/example_short_circuit_decorator.py
[2024-07-14T16:34:48.384+0000] {logging_mixin.py:188} INFO - [2024-07-14T16:34:48.383+0000] {dag.py:3096} INFO - Sync 1 DAGs
[2024-07-14T16:34:48.438+0000] {logging_mixin.py:188} INFO - [2024-07-14T16:34:48.437+0000] {dag.py:3954} INFO - Setting next_dagrun for example_short_circuit_decorator to 2024-07-13 00:00:00+00:00, run_after=2024-07-14 00:00:00+00:00
[2024-07-14T16:34:48.495+0000] {processor.py:183} INFO - Processing /home/airflow/.local/lib/python3.12/site-packages/airflow/example_dags/example_short_circuit_decorator.py took 0.257 seconds
[2024-07-14T16:35:19.496+0000] {processor.py:161} INFO - Started process (PID=273) to work on /home/airflow/.local/lib/python3.12/site-packages/airflow/example_dags/example_short_circuit_decorator.py
[2024-07-14T16:35:19.498+0000] {processor.py:830} INFO - Processing file /home/airflow/.local/lib/python3.12/site-packages/airflow/example_dags/example_short_circuit_decorator.py for tasks to queue
[2024-07-14T16:35:19.501+0000] {logging_mixin.py:188} INFO - [2024-07-14T16:35:19.501+0000] {dagbag.py:545} INFO - Filling up the DagBag from /home/airflow/.local/lib/python3.12/site-packages/airflow/example_dags/example_short_circuit_decorator.py
[2024-07-14T16:35:19.528+0000] {processor.py:840} INFO - DAG(s) 'example_short_circuit_decorator' retrieved from /home/airflow/.local/lib/python3.12/site-packages/airflow/example_dags/example_short_circuit_decorator.py
[2024-07-14T16:35:19.614+0000] {logging_mixin.py:188} INFO - [2024-07-14T16:35:19.613+0000] {dag.py:3096} INFO - Sync 1 DAGs
[2024-07-14T16:35:19.758+0000] {logging_mixin.py:188} INFO - [2024-07-14T16:35:19.758+0000] {dag.py:3954} INFO - Setting next_dagrun for example_short_circuit_decorator to 2024-07-13 00:00:00+00:00, run_after=2024-07-14 00:00:00+00:00
[2024-07-14T16:35:19.852+0000] {processor.py:183} INFO - Processing /home/airflow/.local/lib/python3.12/site-packages/airflow/example_dags/example_short_circuit_decorator.py took 0.367 seconds
[2024-07-14T16:35:50.992+0000] {processor.py:161} INFO - Started process (PID=329) to work on /home/airflow/.local/lib/python3.12/site-packages/airflow/example_dags/example_short_circuit_decorator.py
[2024-07-14T16:35:50.993+0000] {processor.py:830} INFO - Processing file /home/airflow/.local/lib/python3.12/site-packages/airflow/example_dags/example_short_circuit_decorator.py for tasks to queue
[2024-07-14T16:35:50.997+0000] {logging_mixin.py:188} INFO - [2024-07-14T16:35:50.997+0000] {dagbag.py:545} INFO - Filling up the DagBag from /home/airflow/.local/lib/python3.12/site-packages/airflow/example_dags/example_short_circuit_decorator.py
[2024-07-14T16:35:51.021+0000] {processor.py:840} INFO - DAG(s) 'example_short_circuit_decorator' retrieved from /home/airflow/.local/lib/python3.12/site-packages/airflow/example_dags/example_short_circuit_decorator.py
[2024-07-14T16:35:51.079+0000] {logging_mixin.py:188} INFO - [2024-07-14T16:35:51.078+0000] {dag.py:3096} INFO - Sync 1 DAGs
[2024-07-14T16:35:51.141+0000] {logging_mixin.py:188} INFO - [2024-07-14T16:35:51.141+0000] {dag.py:3954} INFO - Setting next_dagrun for example_short_circuit_decorator to 2024-07-13 00:00:00+00:00, run_after=2024-07-14 00:00:00+00:00
[2024-07-14T16:35:51.244+0000] {processor.py:183} INFO - Processing /home/airflow/.local/lib/python3.12/site-packages/airflow/example_dags/example_short_circuit_decorator.py took 0.264 seconds
[2024-07-14T16:36:21.663+0000] {processor.py:161} INFO - Started process (PID=387) to work on /home/airflow/.local/lib/python3.12/site-packages/airflow/example_dags/example_short_circuit_decorator.py
[2024-07-14T16:36:21.666+0000] {processor.py:830} INFO - Processing file /home/airflow/.local/lib/python3.12/site-packages/airflow/example_dags/example_short_circuit_decorator.py for tasks to queue
[2024-07-14T16:36:21.670+0000] {logging_mixin.py:188} INFO - [2024-07-14T16:36:21.670+0000] {dagbag.py:545} INFO - Filling up the DagBag from /home/airflow/.local/lib/python3.12/site-packages/airflow/example_dags/example_short_circuit_decorator.py
[2024-07-14T16:36:21.685+0000] {processor.py:840} INFO - DAG(s) 'example_short_circuit_decorator' retrieved from /home/airflow/.local/lib/python3.12/site-packages/airflow/example_dags/example_short_circuit_decorator.py
[2024-07-14T16:36:21.730+0000] {logging_mixin.py:188} INFO - [2024-07-14T16:36:21.730+0000] {dag.py:3096} INFO - Sync 1 DAGs
[2024-07-14T16:36:21.764+0000] {logging_mixin.py:188} INFO - [2024-07-14T16:36:21.764+0000] {dag.py:3954} INFO - Setting next_dagrun for example_short_circuit_decorator to 2024-07-13 00:00:00+00:00, run_after=2024-07-14 00:00:00+00:00
[2024-07-14T16:36:21.804+0000] {processor.py:183} INFO - Processing /home/airflow/.local/lib/python3.12/site-packages/airflow/example_dags/example_short_circuit_decorator.py took 0.150 seconds
[2024-07-14T16:36:52.730+0000] {processor.py:161} INFO - Started process (PID=445) to work on /home/airflow/.local/lib/python3.12/site-packages/airflow/example_dags/example_short_circuit_decorator.py
[2024-07-14T16:36:52.732+0000] {processor.py:830} INFO - Processing file /home/airflow/.local/lib/python3.12/site-packages/airflow/example_dags/example_short_circuit_decorator.py for tasks to queue
[2024-07-14T16:36:52.739+0000] {logging_mixin.py:188} INFO - [2024-07-14T16:36:52.738+0000] {dagbag.py:545} INFO - Filling up the DagBag from /home/airflow/.local/lib/python3.12/site-packages/airflow/example_dags/example_short_circuit_decorator.py
[2024-07-14T16:36:52.759+0000] {processor.py:840} INFO - DAG(s) 'example_short_circuit_decorator' retrieved from /home/airflow/.local/lib/python3.12/site-packages/airflow/example_dags/example_short_circuit_decorator.py
[2024-07-14T16:36:52.832+0000] {logging_mixin.py:188} INFO - [2024-07-14T16:36:52.832+0000] {dag.py:3096} INFO - Sync 1 DAGs
[2024-07-14T16:36:52.973+0000] {logging_mixin.py:188} INFO - [2024-07-14T16:36:52.971+0000] {dag.py:3954} INFO - Setting next_dagrun for example_short_circuit_decorator to 2024-07-13 00:00:00+00:00, run_after=2024-07-14 00:00:00+00:00
[2024-07-14T16:36:53.051+0000] {processor.py:183} INFO - Processing /home/airflow/.local/lib/python3.12/site-packages/airflow/example_dags/example_short_circuit_decorator.py took 0.335 seconds
[2024-07-14T16:37:24.112+0000] {processor.py:161} INFO - Started process (PID=502) to work on /home/airflow/.local/lib/python3.12/site-packages/airflow/example_dags/example_short_circuit_decorator.py
[2024-07-14T16:37:24.124+0000] {processor.py:830} INFO - Processing file /home/airflow/.local/lib/python3.12/site-packages/airflow/example_dags/example_short_circuit_decorator.py for tasks to queue
[2024-07-14T16:37:24.127+0000] {logging_mixin.py:188} INFO - [2024-07-14T16:37:24.126+0000] {dagbag.py:545} INFO - Filling up the DagBag from /home/airflow/.local/lib/python3.12/site-packages/airflow/example_dags/example_short_circuit_decorator.py
[2024-07-14T16:37:24.188+0000] {processor.py:840} INFO - DAG(s) 'example_short_circuit_decorator' retrieved from /home/airflow/.local/lib/python3.12/site-packages/airflow/example_dags/example_short_circuit_decorator.py
[2024-07-14T16:37:24.256+0000] {logging_mixin.py:188} INFO - [2024-07-14T16:37:24.256+0000] {dag.py:3096} INFO - Sync 1 DAGs
[2024-07-14T16:37:24.378+0000] {logging_mixin.py:188} INFO - [2024-07-14T16:37:24.377+0000] {dag.py:3954} INFO - Setting next_dagrun for example_short_circuit_decorator to 2024-07-13 00:00:00+00:00, run_after=2024-07-14 00:00:00+00:00
[2024-07-14T16:37:24.501+0000] {processor.py:183} INFO - Processing /home/airflow/.local/lib/python3.12/site-packages/airflow/example_dags/example_short_circuit_decorator.py took 0.423 seconds
[2024-07-14T16:38:01.008+0000] {processor.py:161} INFO - Started process (PID=560) to work on /home/airflow/.local/lib/python3.12/site-packages/airflow/example_dags/example_short_circuit_decorator.py
[2024-07-14T16:38:01.027+0000] {processor.py:830} INFO - Processing file /home/airflow/.local/lib/python3.12/site-packages/airflow/example_dags/example_short_circuit_decorator.py for tasks to queue
[2024-07-14T16:38:01.036+0000] {logging_mixin.py:188} INFO - [2024-07-14T16:38:01.033+0000] {dagbag.py:545} INFO - Filling up the DagBag from /home/airflow/.local/lib/python3.12/site-packages/airflow/example_dags/example_short_circuit_decorator.py
[2024-07-14T16:38:01.122+0000] {processor.py:840} INFO - DAG(s) 'example_short_circuit_decorator' retrieved from /home/airflow/.local/lib/python3.12/site-packages/airflow/example_dags/example_short_circuit_decorator.py
[2024-07-14T16:38:01.286+0000] {logging_mixin.py:188} INFO - [2024-07-14T16:38:01.286+0000] {dag.py:3096} INFO - Sync 1 DAGs
[2024-07-14T16:38:01.589+0000] {logging_mixin.py:188} INFO - [2024-07-14T16:38:01.589+0000] {dag.py:3954} INFO - Setting next_dagrun for example_short_circuit_decorator to 2024-07-13 00:00:00+00:00, run_after=2024-07-14 00:00:00+00:00
[2024-07-14T16:38:02.080+0000] {processor.py:183} INFO - Processing /home/airflow/.local/lib/python3.12/site-packages/airflow/example_dags/example_short_circuit_decorator.py took 1.095 seconds
[2024-07-14T16:38:59.520+0000] {processor.py:161} INFO - Started process (PID=596) to work on /home/airflow/.local/lib/python3.12/site-packages/airflow/example_dags/example_short_circuit_decorator.py
[2024-07-14T16:38:59.546+0000] {processor.py:830} INFO - Processing file /home/airflow/.local/lib/python3.12/site-packages/airflow/example_dags/example_short_circuit_decorator.py for tasks to queue
[2024-07-14T16:38:59.698+0000] {logging_mixin.py:188} INFO - [2024-07-14T16:38:59.694+0000] {dagbag.py:545} INFO - Filling up the DagBag from /home/airflow/.local/lib/python3.12/site-packages/airflow/example_dags/example_short_circuit_decorator.py
[2024-07-14T16:39:00.202+0000] {processor.py:840} INFO - DAG(s) 'example_short_circuit_decorator' retrieved from /home/airflow/.local/lib/python3.12/site-packages/airflow/example_dags/example_short_circuit_decorator.py
[2024-07-14T16:39:00.783+0000] {logging_mixin.py:188} INFO - [2024-07-14T16:39:00.783+0000] {dag.py:3096} INFO - Sync 1 DAGs
[2024-07-14T16:39:01.693+0000] {logging_mixin.py:188} INFO - [2024-07-14T16:39:01.693+0000] {dag.py:3954} INFO - Setting next_dagrun for example_short_circuit_decorator to 2024-07-13 00:00:00+00:00, run_after=2024-07-14 00:00:00+00:00
[2024-07-14T16:39:01.880+0000] {processor.py:183} INFO - Processing /home/airflow/.local/lib/python3.12/site-packages/airflow/example_dags/example_short_circuit_decorator.py took 2.452 seconds
[2024-07-14T16:39:32.064+0000] {processor.py:161} INFO - Started process (PID=653) to work on /home/airflow/.local/lib/python3.12/site-packages/airflow/example_dags/example_short_circuit_decorator.py
[2024-07-14T16:39:32.066+0000] {processor.py:830} INFO - Processing file /home/airflow/.local/lib/python3.12/site-packages/airflow/example_dags/example_short_circuit_decorator.py for tasks to queue
[2024-07-14T16:39:32.069+0000] {logging_mixin.py:188} INFO - [2024-07-14T16:39:32.068+0000] {dagbag.py:545} INFO - Filling up the DagBag from /home/airflow/.local/lib/python3.12/site-packages/airflow/example_dags/example_short_circuit_decorator.py
[2024-07-14T16:39:32.090+0000] {processor.py:840} INFO - DAG(s) 'example_short_circuit_decorator' retrieved from /home/airflow/.local/lib/python3.12/site-packages/airflow/example_dags/example_short_circuit_decorator.py
[2024-07-14T16:39:32.141+0000] {logging_mixin.py:188} INFO - [2024-07-14T16:39:32.140+0000] {dag.py:3096} INFO - Sync 1 DAGs
[2024-07-14T16:39:32.191+0000] {logging_mixin.py:188} INFO - [2024-07-14T16:39:32.190+0000] {dag.py:3954} INFO - Setting next_dagrun for example_short_circuit_decorator to 2024-07-13 00:00:00+00:00, run_after=2024-07-14 00:00:00+00:00
[2024-07-14T16:39:32.235+0000] {processor.py:183} INFO - Processing /home/airflow/.local/lib/python3.12/site-packages/airflow/example_dags/example_short_circuit_decorator.py took 0.182 seconds
[2024-07-14T16:40:02.605+0000] {processor.py:161} INFO - Started process (PID=712) to work on /home/airflow/.local/lib/python3.12/site-packages/airflow/example_dags/example_short_circuit_decorator.py
[2024-07-14T16:40:02.610+0000] {processor.py:830} INFO - Processing file /home/airflow/.local/lib/python3.12/site-packages/airflow/example_dags/example_short_circuit_decorator.py for tasks to queue
[2024-07-14T16:40:02.619+0000] {logging_mixin.py:188} INFO - [2024-07-14T16:40:02.612+0000] {dagbag.py:545} INFO - Filling up the DagBag from /home/airflow/.local/lib/python3.12/site-packages/airflow/example_dags/example_short_circuit_decorator.py
[2024-07-14T16:40:02.653+0000] {processor.py:840} INFO - DAG(s) 'example_short_circuit_decorator' retrieved from /home/airflow/.local/lib/python3.12/site-packages/airflow/example_dags/example_short_circuit_decorator.py
[2024-07-14T16:40:02.737+0000] {logging_mixin.py:188} INFO - [2024-07-14T16:40:02.737+0000] {dag.py:3096} INFO - Sync 1 DAGs
[2024-07-14T16:40:02.803+0000] {logging_mixin.py:188} INFO - [2024-07-14T16:40:02.803+0000] {dag.py:3954} INFO - Setting next_dagrun for example_short_circuit_decorator to 2024-07-13 00:00:00+00:00, run_after=2024-07-14 00:00:00+00:00
[2024-07-14T16:40:02.878+0000] {processor.py:183} INFO - Processing /home/airflow/.local/lib/python3.12/site-packages/airflow/example_dags/example_short_circuit_decorator.py took 0.297 seconds
[2024-07-14T16:40:32.962+0000] {processor.py:161} INFO - Started process (PID=771) to work on /home/airflow/.local/lib/python3.12/site-packages/airflow/example_dags/example_short_circuit_decorator.py
[2024-07-14T16:40:32.966+0000] {processor.py:830} INFO - Processing file /home/airflow/.local/lib/python3.12/site-packages/airflow/example_dags/example_short_circuit_decorator.py for tasks to queue
[2024-07-14T16:40:32.978+0000] {logging_mixin.py:188} INFO - [2024-07-14T16:40:32.978+0000] {dagbag.py:545} INFO - Filling up the DagBag from /home/airflow/.local/lib/python3.12/site-packages/airflow/example_dags/example_short_circuit_decorator.py
[2024-07-14T16:40:32.993+0000] {processor.py:840} INFO - DAG(s) 'example_short_circuit_decorator' retrieved from /home/airflow/.local/lib/python3.12/site-packages/airflow/example_dags/example_short_circuit_decorator.py
[2024-07-14T16:40:33.044+0000] {logging_mixin.py:188} INFO - [2024-07-14T16:40:33.044+0000] {dag.py:3096} INFO - Sync 1 DAGs
[2024-07-14T16:40:33.087+0000] {logging_mixin.py:188} INFO - [2024-07-14T16:40:33.086+0000] {dag.py:3954} INFO - Setting next_dagrun for example_short_circuit_decorator to 2024-07-13 00:00:00+00:00, run_after=2024-07-14 00:00:00+00:00
[2024-07-14T16:40:33.128+0000] {processor.py:183} INFO - Processing /home/airflow/.local/lib/python3.12/site-packages/airflow/example_dags/example_short_circuit_decorator.py took 0.177 seconds
[2024-07-14T16:41:03.758+0000] {processor.py:161} INFO - Started process (PID=829) to work on /home/airflow/.local/lib/python3.12/site-packages/airflow/example_dags/example_short_circuit_decorator.py
[2024-07-14T16:41:03.760+0000] {processor.py:830} INFO - Processing file /home/airflow/.local/lib/python3.12/site-packages/airflow/example_dags/example_short_circuit_decorator.py for tasks to queue
[2024-07-14T16:41:03.762+0000] {logging_mixin.py:188} INFO - [2024-07-14T16:41:03.761+0000] {dagbag.py:545} INFO - Filling up the DagBag from /home/airflow/.local/lib/python3.12/site-packages/airflow/example_dags/example_short_circuit_decorator.py
[2024-07-14T16:41:03.781+0000] {processor.py:840} INFO - DAG(s) 'example_short_circuit_decorator' retrieved from /home/airflow/.local/lib/python3.12/site-packages/airflow/example_dags/example_short_circuit_decorator.py
[2024-07-14T16:41:03.820+0000] {logging_mixin.py:188} INFO - [2024-07-14T16:41:03.820+0000] {dag.py:3096} INFO - Sync 1 DAGs
[2024-07-14T16:41:03.855+0000] {logging_mixin.py:188} INFO - [2024-07-14T16:41:03.855+0000] {dag.py:3954} INFO - Setting next_dagrun for example_short_circuit_decorator to 2024-07-13 00:00:00+00:00, run_after=2024-07-14 00:00:00+00:00
[2024-07-14T16:41:03.891+0000] {processor.py:183} INFO - Processing /home/airflow/.local/lib/python3.12/site-packages/airflow/example_dags/example_short_circuit_decorator.py took 0.143 seconds
[2024-07-14T16:41:34.613+0000] {processor.py:161} INFO - Started process (PID=888) to work on /home/airflow/.local/lib/python3.12/site-packages/airflow/example_dags/example_short_circuit_decorator.py
[2024-07-14T16:41:34.626+0000] {processor.py:830} INFO - Processing file /home/airflow/.local/lib/python3.12/site-packages/airflow/example_dags/example_short_circuit_decorator.py for tasks to queue
[2024-07-14T16:41:34.629+0000] {logging_mixin.py:188} INFO - [2024-07-14T16:41:34.629+0000] {dagbag.py:545} INFO - Filling up the DagBag from /home/airflow/.local/lib/python3.12/site-packages/airflow/example_dags/example_short_circuit_decorator.py
[2024-07-14T16:41:34.644+0000] {processor.py:840} INFO - DAG(s) 'example_short_circuit_decorator' retrieved from /home/airflow/.local/lib/python3.12/site-packages/airflow/example_dags/example_short_circuit_decorator.py
[2024-07-14T16:41:34.691+0000] {logging_mixin.py:188} INFO - [2024-07-14T16:41:34.690+0000] {dag.py:3096} INFO - Sync 1 DAGs
[2024-07-14T16:41:34.852+0000] {logging_mixin.py:188} INFO - [2024-07-14T16:41:34.850+0000] {dag.py:3954} INFO - Setting next_dagrun for example_short_circuit_decorator to 2024-07-13 00:00:00+00:00, run_after=2024-07-14 00:00:00+00:00
[2024-07-14T16:41:34.912+0000] {processor.py:183} INFO - Processing /home/airflow/.local/lib/python3.12/site-packages/airflow/example_dags/example_short_circuit_decorator.py took 0.309 seconds
[2024-07-14T16:42:05.406+0000] {processor.py:161} INFO - Started process (PID=947) to work on /home/airflow/.local/lib/python3.12/site-packages/airflow/example_dags/example_short_circuit_decorator.py
[2024-07-14T16:42:05.426+0000] {processor.py:830} INFO - Processing file /home/airflow/.local/lib/python3.12/site-packages/airflow/example_dags/example_short_circuit_decorator.py for tasks to queue
[2024-07-14T16:42:05.429+0000] {logging_mixin.py:188} INFO - [2024-07-14T16:42:05.428+0000] {dagbag.py:545} INFO - Filling up the DagBag from /home/airflow/.local/lib/python3.12/site-packages/airflow/example_dags/example_short_circuit_decorator.py
[2024-07-14T16:42:05.501+0000] {processor.py:840} INFO - DAG(s) 'example_short_circuit_decorator' retrieved from /home/airflow/.local/lib/python3.12/site-packages/airflow/example_dags/example_short_circuit_decorator.py
[2024-07-14T16:42:05.589+0000] {logging_mixin.py:188} INFO - [2024-07-14T16:42:05.588+0000] {dag.py:3096} INFO - Sync 1 DAGs
[2024-07-14T16:42:05.657+0000] {logging_mixin.py:188} INFO - [2024-07-14T16:42:05.657+0000] {dag.py:3954} INFO - Setting next_dagrun for example_short_circuit_decorator to 2024-07-13 00:00:00+00:00, run_after=2024-07-14 00:00:00+00:00
[2024-07-14T16:42:05.710+0000] {processor.py:183} INFO - Processing /home/airflow/.local/lib/python3.12/site-packages/airflow/example_dags/example_short_circuit_decorator.py took 0.342 seconds
[2024-07-14T16:42:35.995+0000] {processor.py:161} INFO - Started process (PID=1005) to work on /home/airflow/.local/lib/python3.12/site-packages/airflow/example_dags/example_short_circuit_decorator.py
[2024-07-14T16:42:35.998+0000] {processor.py:830} INFO - Processing file /home/airflow/.local/lib/python3.12/site-packages/airflow/example_dags/example_short_circuit_decorator.py for tasks to queue
[2024-07-14T16:42:36.000+0000] {logging_mixin.py:188} INFO - [2024-07-14T16:42:35.999+0000] {dagbag.py:545} INFO - Filling up the DagBag from /home/airflow/.local/lib/python3.12/site-packages/airflow/example_dags/example_short_circuit_decorator.py
[2024-07-14T16:42:36.017+0000] {processor.py:840} INFO - DAG(s) 'example_short_circuit_decorator' retrieved from /home/airflow/.local/lib/python3.12/site-packages/airflow/example_dags/example_short_circuit_decorator.py
[2024-07-14T16:42:36.058+0000] {logging_mixin.py:188} INFO - [2024-07-14T16:42:36.057+0000] {dag.py:3096} INFO - Sync 1 DAGs
[2024-07-14T16:42:36.107+0000] {logging_mixin.py:188} INFO - [2024-07-14T16:42:36.107+0000] {dag.py:3954} INFO - Setting next_dagrun for example_short_circuit_decorator to 2024-07-13 00:00:00+00:00, run_after=2024-07-14 00:00:00+00:00
[2024-07-14T16:42:36.149+0000] {processor.py:183} INFO - Processing /home/airflow/.local/lib/python3.12/site-packages/airflow/example_dags/example_short_circuit_decorator.py took 0.164 seconds
[2024-07-14T16:43:06.511+0000] {processor.py:161} INFO - Started process (PID=1064) to work on /home/airflow/.local/lib/python3.12/site-packages/airflow/example_dags/example_short_circuit_decorator.py
[2024-07-14T16:43:06.521+0000] {processor.py:830} INFO - Processing file /home/airflow/.local/lib/python3.12/site-packages/airflow/example_dags/example_short_circuit_decorator.py for tasks to queue
[2024-07-14T16:43:06.523+0000] {logging_mixin.py:188} INFO - [2024-07-14T16:43:06.522+0000] {dagbag.py:545} INFO - Filling up the DagBag from /home/airflow/.local/lib/python3.12/site-packages/airflow/example_dags/example_short_circuit_decorator.py
[2024-07-14T16:43:06.543+0000] {processor.py:840} INFO - DAG(s) 'example_short_circuit_decorator' retrieved from /home/airflow/.local/lib/python3.12/site-packages/airflow/example_dags/example_short_circuit_decorator.py
[2024-07-14T16:43:06.598+0000] {logging_mixin.py:188} INFO - [2024-07-14T16:43:06.598+0000] {dag.py:3096} INFO - Sync 1 DAGs
[2024-07-14T16:43:06.646+0000] {logging_mixin.py:188} INFO - [2024-07-14T16:43:06.646+0000] {dag.py:3954} INFO - Setting next_dagrun for example_short_circuit_decorator to 2024-07-13 00:00:00+00:00, run_after=2024-07-14 00:00:00+00:00
[2024-07-14T16:43:06.687+0000] {processor.py:183} INFO - Processing /home/airflow/.local/lib/python3.12/site-packages/airflow/example_dags/example_short_circuit_decorator.py took 0.186 seconds
[2024-07-14T16:43:36.901+0000] {processor.py:161} INFO - Started process (PID=1123) to work on /home/airflow/.local/lib/python3.12/site-packages/airflow/example_dags/example_short_circuit_decorator.py
[2024-07-14T16:43:36.903+0000] {processor.py:830} INFO - Processing file /home/airflow/.local/lib/python3.12/site-packages/airflow/example_dags/example_short_circuit_decorator.py for tasks to queue
[2024-07-14T16:43:36.905+0000] {logging_mixin.py:188} INFO - [2024-07-14T16:43:36.904+0000] {dagbag.py:545} INFO - Filling up the DagBag from /home/airflow/.local/lib/python3.12/site-packages/airflow/example_dags/example_short_circuit_decorator.py
[2024-07-14T16:43:36.929+0000] {processor.py:840} INFO - DAG(s) 'example_short_circuit_decorator' retrieved from /home/airflow/.local/lib/python3.12/site-packages/airflow/example_dags/example_short_circuit_decorator.py
[2024-07-14T16:43:36.979+0000] {logging_mixin.py:188} INFO - [2024-07-14T16:43:36.978+0000] {dag.py:3096} INFO - Sync 1 DAGs
[2024-07-14T16:43:37.026+0000] {logging_mixin.py:188} INFO - [2024-07-14T16:43:37.026+0000] {dag.py:3954} INFO - Setting next_dagrun for example_short_circuit_decorator to 2024-07-13 00:00:00+00:00, run_after=2024-07-14 00:00:00+00:00
[2024-07-14T16:43:37.061+0000] {processor.py:183} INFO - Processing /home/airflow/.local/lib/python3.12/site-packages/airflow/example_dags/example_short_circuit_decorator.py took 0.168 seconds
[2024-07-14T16:44:07.546+0000] {processor.py:161} INFO - Started process (PID=1181) to work on /home/airflow/.local/lib/python3.12/site-packages/airflow/example_dags/example_short_circuit_decorator.py
[2024-07-14T16:44:07.548+0000] {processor.py:830} INFO - Processing file /home/airflow/.local/lib/python3.12/site-packages/airflow/example_dags/example_short_circuit_decorator.py for tasks to queue
[2024-07-14T16:44:07.550+0000] {logging_mixin.py:188} INFO - [2024-07-14T16:44:07.550+0000] {dagbag.py:545} INFO - Filling up the DagBag from /home/airflow/.local/lib/python3.12/site-packages/airflow/example_dags/example_short_circuit_decorator.py
[2024-07-14T16:44:07.601+0000] {processor.py:840} INFO - DAG(s) 'example_short_circuit_decorator' retrieved from /home/airflow/.local/lib/python3.12/site-packages/airflow/example_dags/example_short_circuit_decorator.py
[2024-07-14T16:44:07.687+0000] {logging_mixin.py:188} INFO - [2024-07-14T16:44:07.686+0000] {dag.py:3096} INFO - Sync 1 DAGs
[2024-07-14T16:44:07.727+0000] {logging_mixin.py:188} INFO - [2024-07-14T16:44:07.726+0000] {dag.py:3954} INFO - Setting next_dagrun for example_short_circuit_decorator to 2024-07-13 00:00:00+00:00, run_after=2024-07-14 00:00:00+00:00
[2024-07-14T16:44:07.757+0000] {processor.py:183} INFO - Processing /home/airflow/.local/lib/python3.12/site-packages/airflow/example_dags/example_short_circuit_decorator.py took 0.220 seconds
[2024-07-14T16:44:38.051+0000] {processor.py:161} INFO - Started process (PID=1240) to work on /home/airflow/.local/lib/python3.12/site-packages/airflow/example_dags/example_short_circuit_decorator.py
[2024-07-14T16:44:38.052+0000] {processor.py:830} INFO - Processing file /home/airflow/.local/lib/python3.12/site-packages/airflow/example_dags/example_short_circuit_decorator.py for tasks to queue
[2024-07-14T16:44:38.054+0000] {logging_mixin.py:188} INFO - [2024-07-14T16:44:38.054+0000] {dagbag.py:545} INFO - Filling up the DagBag from /home/airflow/.local/lib/python3.12/site-packages/airflow/example_dags/example_short_circuit_decorator.py
[2024-07-14T16:44:38.083+0000] {processor.py:840} INFO - DAG(s) 'example_short_circuit_decorator' retrieved from /home/airflow/.local/lib/python3.12/site-packages/airflow/example_dags/example_short_circuit_decorator.py
[2024-07-14T16:44:38.138+0000] {logging_mixin.py:188} INFO - [2024-07-14T16:44:38.137+0000] {dag.py:3096} INFO - Sync 1 DAGs
[2024-07-14T16:44:38.194+0000] {logging_mixin.py:188} INFO - [2024-07-14T16:44:38.194+0000] {dag.py:3954} INFO - Setting next_dagrun for example_short_circuit_decorator to 2024-07-13 00:00:00+00:00, run_after=2024-07-14 00:00:00+00:00
[2024-07-14T16:44:38.242+0000] {processor.py:183} INFO - Processing /home/airflow/.local/lib/python3.12/site-packages/airflow/example_dags/example_short_circuit_decorator.py took 0.203 seconds
[2024-07-14T16:45:08.741+0000] {processor.py:161} INFO - Started process (PID=1298) to work on /home/airflow/.local/lib/python3.12/site-packages/airflow/example_dags/example_short_circuit_decorator.py
[2024-07-14T16:45:08.743+0000] {processor.py:830} INFO - Processing file /home/airflow/.local/lib/python3.12/site-packages/airflow/example_dags/example_short_circuit_decorator.py for tasks to queue
[2024-07-14T16:45:08.745+0000] {logging_mixin.py:188} INFO - [2024-07-14T16:45:08.744+0000] {dagbag.py:545} INFO - Filling up the DagBag from /home/airflow/.local/lib/python3.12/site-packages/airflow/example_dags/example_short_circuit_decorator.py
[2024-07-14T16:45:08.775+0000] {processor.py:840} INFO - DAG(s) 'example_short_circuit_decorator' retrieved from /home/airflow/.local/lib/python3.12/site-packages/airflow/example_dags/example_short_circuit_decorator.py
[2024-07-14T16:45:08.838+0000] {logging_mixin.py:188} INFO - [2024-07-14T16:45:08.836+0000] {dag.py:3096} INFO - Sync 1 DAGs
[2024-07-14T16:45:08.880+0000] {logging_mixin.py:188} INFO - [2024-07-14T16:45:08.880+0000] {dag.py:3954} INFO - Setting next_dagrun for example_short_circuit_decorator to 2024-07-13 00:00:00+00:00, run_after=2024-07-14 00:00:00+00:00
[2024-07-14T16:45:08.933+0000] {processor.py:183} INFO - Processing /home/airflow/.local/lib/python3.12/site-packages/airflow/example_dags/example_short_circuit_decorator.py took 0.206 seconds
[2024-07-14T16:45:39.386+0000] {processor.py:161} INFO - Started process (PID=1357) to work on /home/airflow/.local/lib/python3.12/site-packages/airflow/example_dags/example_short_circuit_decorator.py
[2024-07-14T16:45:39.388+0000] {processor.py:830} INFO - Processing file /home/airflow/.local/lib/python3.12/site-packages/airflow/example_dags/example_short_circuit_decorator.py for tasks to queue
[2024-07-14T16:45:39.390+0000] {logging_mixin.py:188} INFO - [2024-07-14T16:45:39.389+0000] {dagbag.py:545} INFO - Filling up the DagBag from /home/airflow/.local/lib/python3.12/site-packages/airflow/example_dags/example_short_circuit_decorator.py
[2024-07-14T16:45:39.404+0000] {processor.py:840} INFO - DAG(s) 'example_short_circuit_decorator' retrieved from /home/airflow/.local/lib/python3.12/site-packages/airflow/example_dags/example_short_circuit_decorator.py
[2024-07-14T16:45:39.448+0000] {logging_mixin.py:188} INFO - [2024-07-14T16:45:39.447+0000] {dag.py:3096} INFO - Sync 1 DAGs
[2024-07-14T16:45:39.486+0000] {logging_mixin.py:188} INFO - [2024-07-14T16:45:39.486+0000] {dag.py:3954} INFO - Setting next_dagrun for example_short_circuit_decorator to 2024-07-13 00:00:00+00:00, run_after=2024-07-14 00:00:00+00:00
[2024-07-14T16:45:39.517+0000] {processor.py:183} INFO - Processing /home/airflow/.local/lib/python3.12/site-packages/airflow/example_dags/example_short_circuit_decorator.py took 0.144 seconds
[2024-07-14T16:46:09.761+0000] {processor.py:161} INFO - Started process (PID=1416) to work on /home/airflow/.local/lib/python3.12/site-packages/airflow/example_dags/example_short_circuit_decorator.py
[2024-07-14T16:46:09.764+0000] {processor.py:830} INFO - Processing file /home/airflow/.local/lib/python3.12/site-packages/airflow/example_dags/example_short_circuit_decorator.py for tasks to queue
[2024-07-14T16:46:09.768+0000] {logging_mixin.py:188} INFO - [2024-07-14T16:46:09.767+0000] {dagbag.py:545} INFO - Filling up the DagBag from /home/airflow/.local/lib/python3.12/site-packages/airflow/example_dags/example_short_circuit_decorator.py
[2024-07-14T16:46:09.795+0000] {processor.py:840} INFO - DAG(s) 'example_short_circuit_decorator' retrieved from /home/airflow/.local/lib/python3.12/site-packages/airflow/example_dags/example_short_circuit_decorator.py
[2024-07-14T16:46:09.842+0000] {logging_mixin.py:188} INFO - [2024-07-14T16:46:09.842+0000] {dag.py:3096} INFO - Sync 1 DAGs
[2024-07-14T16:46:09.893+0000] {logging_mixin.py:188} INFO - [2024-07-14T16:46:09.892+0000] {dag.py:3954} INFO - Setting next_dagrun for example_short_circuit_decorator to 2024-07-13 00:00:00+00:00, run_after=2024-07-14 00:00:00+00:00
[2024-07-14T16:46:09.931+0000] {processor.py:183} INFO - Processing /home/airflow/.local/lib/python3.12/site-packages/airflow/example_dags/example_short_circuit_decorator.py took 0.180 seconds
[2024-07-14T16:46:40.690+0000] {processor.py:161} INFO - Started process (PID=1475) to work on /home/airflow/.local/lib/python3.12/site-packages/airflow/example_dags/example_short_circuit_decorator.py
[2024-07-14T16:46:40.691+0000] {processor.py:830} INFO - Processing file /home/airflow/.local/lib/python3.12/site-packages/airflow/example_dags/example_short_circuit_decorator.py for tasks to queue
[2024-07-14T16:46:40.693+0000] {logging_mixin.py:188} INFO - [2024-07-14T16:46:40.692+0000] {dagbag.py:545} INFO - Filling up the DagBag from /home/airflow/.local/lib/python3.12/site-packages/airflow/example_dags/example_short_circuit_decorator.py
[2024-07-14T16:46:40.709+0000] {processor.py:840} INFO - DAG(s) 'example_short_circuit_decorator' retrieved from /home/airflow/.local/lib/python3.12/site-packages/airflow/example_dags/example_short_circuit_decorator.py
[2024-07-14T16:46:40.751+0000] {logging_mixin.py:188} INFO - [2024-07-14T16:46:40.751+0000] {dag.py:3096} INFO - Sync 1 DAGs
[2024-07-14T16:46:40.788+0000] {logging_mixin.py:188} INFO - [2024-07-14T16:46:40.788+0000] {dag.py:3954} INFO - Setting next_dagrun for example_short_circuit_decorator to 2024-07-13 00:00:00+00:00, run_after=2024-07-14 00:00:00+00:00
[2024-07-14T16:46:40.818+0000] {processor.py:183} INFO - Processing /home/airflow/.local/lib/python3.12/site-packages/airflow/example_dags/example_short_circuit_decorator.py took 0.138 seconds
[2024-07-14T16:47:11.397+0000] {processor.py:161} INFO - Started process (PID=1534) to work on /home/airflow/.local/lib/python3.12/site-packages/airflow/example_dags/example_short_circuit_decorator.py
[2024-07-14T16:47:11.398+0000] {processor.py:830} INFO - Processing file /home/airflow/.local/lib/python3.12/site-packages/airflow/example_dags/example_short_circuit_decorator.py for tasks to queue
[2024-07-14T16:47:11.400+0000] {logging_mixin.py:188} INFO - [2024-07-14T16:47:11.399+0000] {dagbag.py:545} INFO - Filling up the DagBag from /home/airflow/.local/lib/python3.12/site-packages/airflow/example_dags/example_short_circuit_decorator.py
[2024-07-14T16:47:11.414+0000] {processor.py:840} INFO - DAG(s) 'example_short_circuit_decorator' retrieved from /home/airflow/.local/lib/python3.12/site-packages/airflow/example_dags/example_short_circuit_decorator.py
[2024-07-14T16:47:11.478+0000] {logging_mixin.py:188} INFO - [2024-07-14T16:47:11.477+0000] {dag.py:3096} INFO - Sync 1 DAGs
[2024-07-14T16:47:11.513+0000] {logging_mixin.py:188} INFO - [2024-07-14T16:47:11.512+0000] {dag.py:3954} INFO - Setting next_dagrun for example_short_circuit_decorator to 2024-07-13 00:00:00+00:00, run_after=2024-07-14 00:00:00+00:00
[2024-07-14T16:47:11.548+0000] {processor.py:183} INFO - Processing /home/airflow/.local/lib/python3.12/site-packages/airflow/example_dags/example_short_circuit_decorator.py took 0.161 seconds
[2024-07-14T16:47:42.038+0000] {processor.py:161} INFO - Started process (PID=1593) to work on /home/airflow/.local/lib/python3.12/site-packages/airflow/example_dags/example_short_circuit_decorator.py
[2024-07-14T16:47:42.042+0000] {processor.py:830} INFO - Processing file /home/airflow/.local/lib/python3.12/site-packages/airflow/example_dags/example_short_circuit_decorator.py for tasks to queue
[2024-07-14T16:47:42.044+0000] {logging_mixin.py:188} INFO - [2024-07-14T16:47:42.043+0000] {dagbag.py:545} INFO - Filling up the DagBag from /home/airflow/.local/lib/python3.12/site-packages/airflow/example_dags/example_short_circuit_decorator.py
[2024-07-14T16:47:42.066+0000] {processor.py:840} INFO - DAG(s) 'example_short_circuit_decorator' retrieved from /home/airflow/.local/lib/python3.12/site-packages/airflow/example_dags/example_short_circuit_decorator.py
[2024-07-14T16:47:42.151+0000] {logging_mixin.py:188} INFO - [2024-07-14T16:47:42.151+0000] {dag.py:3096} INFO - Sync 1 DAGs
[2024-07-14T16:47:42.214+0000] {logging_mixin.py:188} INFO - [2024-07-14T16:47:42.214+0000] {dag.py:3954} INFO - Setting next_dagrun for example_short_circuit_decorator to 2024-07-13 00:00:00+00:00, run_after=2024-07-14 00:00:00+00:00
[2024-07-14T16:47:42.310+0000] {processor.py:183} INFO - Processing /home/airflow/.local/lib/python3.12/site-packages/airflow/example_dags/example_short_circuit_decorator.py took 0.294 seconds
[2024-07-14T16:48:12.786+0000] {processor.py:161} INFO - Started process (PID=1650) to work on /home/airflow/.local/lib/python3.12/site-packages/airflow/example_dags/example_short_circuit_decorator.py
[2024-07-14T16:48:12.789+0000] {processor.py:830} INFO - Processing file /home/airflow/.local/lib/python3.12/site-packages/airflow/example_dags/example_short_circuit_decorator.py for tasks to queue
[2024-07-14T16:48:12.792+0000] {logging_mixin.py:188} INFO - [2024-07-14T16:48:12.792+0000] {dagbag.py:545} INFO - Filling up the DagBag from /home/airflow/.local/lib/python3.12/site-packages/airflow/example_dags/example_short_circuit_decorator.py
[2024-07-14T16:48:12.827+0000] {processor.py:840} INFO - DAG(s) 'example_short_circuit_decorator' retrieved from /home/airflow/.local/lib/python3.12/site-packages/airflow/example_dags/example_short_circuit_decorator.py
[2024-07-14T16:48:12.927+0000] {logging_mixin.py:188} INFO - [2024-07-14T16:48:12.926+0000] {dag.py:3096} INFO - Sync 1 DAGs
[2024-07-14T16:48:13.066+0000] {logging_mixin.py:188} INFO - [2024-07-14T16:48:13.065+0000] {dag.py:3954} INFO - Setting next_dagrun for example_short_circuit_decorator to 2024-07-13 00:00:00+00:00, run_after=2024-07-14 00:00:00+00:00
[2024-07-14T16:48:13.133+0000] {processor.py:183} INFO - Processing /home/airflow/.local/lib/python3.12/site-packages/airflow/example_dags/example_short_circuit_decorator.py took 0.372 seconds
[2024-07-14T16:48:43.248+0000] {processor.py:161} INFO - Started process (PID=1708) to work on /home/airflow/.local/lib/python3.12/site-packages/airflow/example_dags/example_short_circuit_decorator.py
[2024-07-14T16:48:43.250+0000] {processor.py:830} INFO - Processing file /home/airflow/.local/lib/python3.12/site-packages/airflow/example_dags/example_short_circuit_decorator.py for tasks to queue
[2024-07-14T16:48:43.252+0000] {logging_mixin.py:188} INFO - [2024-07-14T16:48:43.251+0000] {dagbag.py:545} INFO - Filling up the DagBag from /home/airflow/.local/lib/python3.12/site-packages/airflow/example_dags/example_short_circuit_decorator.py
[2024-07-14T16:48:43.270+0000] {processor.py:840} INFO - DAG(s) 'example_short_circuit_decorator' retrieved from /home/airflow/.local/lib/python3.12/site-packages/airflow/example_dags/example_short_circuit_decorator.py
[2024-07-14T16:48:43.332+0000] {logging_mixin.py:188} INFO - [2024-07-14T16:48:43.331+0000] {dag.py:3096} INFO - Sync 1 DAGs
[2024-07-14T16:48:43.390+0000] {logging_mixin.py:188} INFO - [2024-07-14T16:48:43.390+0000] {dag.py:3954} INFO - Setting next_dagrun for example_short_circuit_decorator to 2024-07-13 00:00:00+00:00, run_after=2024-07-14 00:00:00+00:00
[2024-07-14T16:48:43.431+0000] {processor.py:183} INFO - Processing /home/airflow/.local/lib/python3.12/site-packages/airflow/example_dags/example_short_circuit_decorator.py took 0.191 seconds
[2024-07-14T16:49:13.567+0000] {processor.py:161} INFO - Started process (PID=1767) to work on /home/airflow/.local/lib/python3.12/site-packages/airflow/example_dags/example_short_circuit_decorator.py
[2024-07-14T16:49:13.581+0000] {processor.py:830} INFO - Processing file /home/airflow/.local/lib/python3.12/site-packages/airflow/example_dags/example_short_circuit_decorator.py for tasks to queue
[2024-07-14T16:49:13.583+0000] {logging_mixin.py:188} INFO - [2024-07-14T16:49:13.583+0000] {dagbag.py:545} INFO - Filling up the DagBag from /home/airflow/.local/lib/python3.12/site-packages/airflow/example_dags/example_short_circuit_decorator.py
[2024-07-14T16:49:13.603+0000] {processor.py:840} INFO - DAG(s) 'example_short_circuit_decorator' retrieved from /home/airflow/.local/lib/python3.12/site-packages/airflow/example_dags/example_short_circuit_decorator.py
[2024-07-14T16:49:13.663+0000] {logging_mixin.py:188} INFO - [2024-07-14T16:49:13.662+0000] {dag.py:3096} INFO - Sync 1 DAGs
[2024-07-14T16:49:13.707+0000] {logging_mixin.py:188} INFO - [2024-07-14T16:49:13.707+0000] {dag.py:3954} INFO - Setting next_dagrun for example_short_circuit_decorator to 2024-07-13 00:00:00+00:00, run_after=2024-07-14 00:00:00+00:00
[2024-07-14T16:49:13.748+0000] {processor.py:183} INFO - Processing /home/airflow/.local/lib/python3.12/site-packages/airflow/example_dags/example_short_circuit_decorator.py took 0.192 seconds
[2024-07-14T16:49:44.263+0000] {processor.py:161} INFO - Started process (PID=1826) to work on /home/airflow/.local/lib/python3.12/site-packages/airflow/example_dags/example_short_circuit_decorator.py
[2024-07-14T16:49:44.265+0000] {processor.py:830} INFO - Processing file /home/airflow/.local/lib/python3.12/site-packages/airflow/example_dags/example_short_circuit_decorator.py for tasks to queue
[2024-07-14T16:49:44.267+0000] {logging_mixin.py:188} INFO - [2024-07-14T16:49:44.266+0000] {dagbag.py:545} INFO - Filling up the DagBag from /home/airflow/.local/lib/python3.12/site-packages/airflow/example_dags/example_short_circuit_decorator.py
[2024-07-14T16:49:44.290+0000] {processor.py:840} INFO - DAG(s) 'example_short_circuit_decorator' retrieved from /home/airflow/.local/lib/python3.12/site-packages/airflow/example_dags/example_short_circuit_decorator.py
[2024-07-14T16:49:44.339+0000] {logging_mixin.py:188} INFO - [2024-07-14T16:49:44.338+0000] {dag.py:3096} INFO - Sync 1 DAGs
[2024-07-14T16:49:44.384+0000] {logging_mixin.py:188} INFO - [2024-07-14T16:49:44.384+0000] {dag.py:3954} INFO - Setting next_dagrun for example_short_circuit_decorator to 2024-07-13 00:00:00+00:00, run_after=2024-07-14 00:00:00+00:00
[2024-07-14T16:49:44.420+0000] {processor.py:183} INFO - Processing /home/airflow/.local/lib/python3.12/site-packages/airflow/example_dags/example_short_circuit_decorator.py took 0.166 seconds
[2024-07-14T16:50:15.242+0000] {processor.py:161} INFO - Started process (PID=1885) to work on /home/airflow/.local/lib/python3.12/site-packages/airflow/example_dags/example_short_circuit_decorator.py
[2024-07-14T16:50:15.244+0000] {processor.py:830} INFO - Processing file /home/airflow/.local/lib/python3.12/site-packages/airflow/example_dags/example_short_circuit_decorator.py for tasks to queue
[2024-07-14T16:50:15.248+0000] {logging_mixin.py:188} INFO - [2024-07-14T16:50:15.246+0000] {dagbag.py:545} INFO - Filling up the DagBag from /home/airflow/.local/lib/python3.12/site-packages/airflow/example_dags/example_short_circuit_decorator.py
[2024-07-14T16:50:15.285+0000] {processor.py:840} INFO - DAG(s) 'example_short_circuit_decorator' retrieved from /home/airflow/.local/lib/python3.12/site-packages/airflow/example_dags/example_short_circuit_decorator.py
[2024-07-14T16:50:15.415+0000] {logging_mixin.py:188} INFO - [2024-07-14T16:50:15.415+0000] {dag.py:3096} INFO - Sync 1 DAGs
[2024-07-14T16:50:16.352+0000] {logging_mixin.py:188} INFO - [2024-07-14T16:50:16.352+0000] {dag.py:3954} INFO - Setting next_dagrun for example_short_circuit_decorator to 2024-07-13 00:00:00+00:00, run_after=2024-07-14 00:00:00+00:00
[2024-07-14T16:50:16.393+0000] {processor.py:183} INFO - Processing /home/airflow/.local/lib/python3.12/site-packages/airflow/example_dags/example_short_circuit_decorator.py took 1.198 seconds
[2024-07-14T16:50:46.607+0000] {processor.py:161} INFO - Started process (PID=1943) to work on /home/airflow/.local/lib/python3.12/site-packages/airflow/example_dags/example_short_circuit_decorator.py
[2024-07-14T16:50:46.609+0000] {processor.py:830} INFO - Processing file /home/airflow/.local/lib/python3.12/site-packages/airflow/example_dags/example_short_circuit_decorator.py for tasks to queue
[2024-07-14T16:50:46.611+0000] {logging_mixin.py:188} INFO - [2024-07-14T16:50:46.610+0000] {dagbag.py:545} INFO - Filling up the DagBag from /home/airflow/.local/lib/python3.12/site-packages/airflow/example_dags/example_short_circuit_decorator.py
[2024-07-14T16:50:46.635+0000] {processor.py:840} INFO - DAG(s) 'example_short_circuit_decorator' retrieved from /home/airflow/.local/lib/python3.12/site-packages/airflow/example_dags/example_short_circuit_decorator.py
[2024-07-14T16:50:46.694+0000] {logging_mixin.py:188} INFO - [2024-07-14T16:50:46.693+0000] {dag.py:3096} INFO - Sync 1 DAGs
[2024-07-14T16:50:46.745+0000] {logging_mixin.py:188} INFO - [2024-07-14T16:50:46.744+0000] {dag.py:3954} INFO - Setting next_dagrun for example_short_circuit_decorator to 2024-07-13 00:00:00+00:00, run_after=2024-07-14 00:00:00+00:00
[2024-07-14T16:50:46.808+0000] {processor.py:183} INFO - Processing /home/airflow/.local/lib/python3.12/site-packages/airflow/example_dags/example_short_circuit_decorator.py took 0.211 seconds
[2024-07-14T16:51:17.130+0000] {processor.py:161} INFO - Started process (PID=2001) to work on /home/airflow/.local/lib/python3.12/site-packages/airflow/example_dags/example_short_circuit_decorator.py
[2024-07-14T16:51:17.131+0000] {processor.py:830} INFO - Processing file /home/airflow/.local/lib/python3.12/site-packages/airflow/example_dags/example_short_circuit_decorator.py for tasks to queue
[2024-07-14T16:51:17.134+0000] {logging_mixin.py:188} INFO - [2024-07-14T16:51:17.133+0000] {dagbag.py:545} INFO - Filling up the DagBag from /home/airflow/.local/lib/python3.12/site-packages/airflow/example_dags/example_short_circuit_decorator.py
[2024-07-14T16:51:17.169+0000] {processor.py:840} INFO - DAG(s) 'example_short_circuit_decorator' retrieved from /home/airflow/.local/lib/python3.12/site-packages/airflow/example_dags/example_short_circuit_decorator.py
[2024-07-14T16:51:17.227+0000] {logging_mixin.py:188} INFO - [2024-07-14T16:51:17.227+0000] {dag.py:3096} INFO - Sync 1 DAGs
[2024-07-14T16:51:17.289+0000] {logging_mixin.py:188} INFO - [2024-07-14T16:51:17.289+0000] {dag.py:3954} INFO - Setting next_dagrun for example_short_circuit_decorator to 2024-07-13 00:00:00+00:00, run_after=2024-07-14 00:00:00+00:00
[2024-07-14T16:51:17.347+0000] {processor.py:183} INFO - Processing /home/airflow/.local/lib/python3.12/site-packages/airflow/example_dags/example_short_circuit_decorator.py took 0.234 seconds
[2024-07-14T16:51:48.023+0000] {processor.py:161} INFO - Started process (PID=2060) to work on /home/airflow/.local/lib/python3.12/site-packages/airflow/example_dags/example_short_circuit_decorator.py
[2024-07-14T16:51:48.025+0000] {processor.py:830} INFO - Processing file /home/airflow/.local/lib/python3.12/site-packages/airflow/example_dags/example_short_circuit_decorator.py for tasks to queue
[2024-07-14T16:51:48.026+0000] {logging_mixin.py:188} INFO - [2024-07-14T16:51:48.026+0000] {dagbag.py:545} INFO - Filling up the DagBag from /home/airflow/.local/lib/python3.12/site-packages/airflow/example_dags/example_short_circuit_decorator.py
[2024-07-14T16:51:48.044+0000] {processor.py:840} INFO - DAG(s) 'example_short_circuit_decorator' retrieved from /home/airflow/.local/lib/python3.12/site-packages/airflow/example_dags/example_short_circuit_decorator.py
[2024-07-14T16:51:48.107+0000] {logging_mixin.py:188} INFO - [2024-07-14T16:51:48.107+0000] {dag.py:3096} INFO - Sync 1 DAGs
[2024-07-14T16:51:48.240+0000] {logging_mixin.py:188} INFO - [2024-07-14T16:51:48.239+0000] {dag.py:3954} INFO - Setting next_dagrun for example_short_circuit_decorator to 2024-07-13 00:00:00+00:00, run_after=2024-07-14 00:00:00+00:00
[2024-07-14T16:51:48.296+0000] {processor.py:183} INFO - Processing /home/airflow/.local/lib/python3.12/site-packages/airflow/example_dags/example_short_circuit_decorator.py took 0.288 seconds
[2024-07-14T16:55:11.034+0000] {processor.py:161} INFO - Started process (PID=50) to work on /home/airflow/.local/lib/python3.12/site-packages/airflow/example_dags/example_short_circuit_decorator.py
[2024-07-14T16:55:11.038+0000] {processor.py:830} INFO - Processing file /home/airflow/.local/lib/python3.12/site-packages/airflow/example_dags/example_short_circuit_decorator.py for tasks to queue
[2024-07-14T16:55:11.046+0000] {logging_mixin.py:188} INFO - [2024-07-14T16:55:11.042+0000] {dagbag.py:545} INFO - Filling up the DagBag from /home/airflow/.local/lib/python3.12/site-packages/airflow/example_dags/example_short_circuit_decorator.py
[2024-07-14T16:55:11.120+0000] {processor.py:840} INFO - DAG(s) 'example_short_circuit_decorator' retrieved from /home/airflow/.local/lib/python3.12/site-packages/airflow/example_dags/example_short_circuit_decorator.py
[2024-07-14T16:55:12.614+0000] {logging_mixin.py:188} INFO - [2024-07-14T16:55:12.613+0000] {dag.py:3096} INFO - Sync 1 DAGs
[2024-07-14T16:55:13.038+0000] {logging_mixin.py:188} INFO - [2024-07-14T16:55:13.037+0000] {dag.py:3954} INFO - Setting next_dagrun for example_short_circuit_decorator to 2024-07-13 00:00:00+00:00, run_after=2024-07-14 00:00:00+00:00
[2024-07-14T16:55:13.383+0000] {processor.py:183} INFO - Processing /home/airflow/.local/lib/python3.12/site-packages/airflow/example_dags/example_short_circuit_decorator.py took 2.363 seconds
[2024-07-14T16:56:25.029+0000] {processor.py:161} INFO - Started process (PID=115) to work on /home/airflow/.local/lib/python3.12/site-packages/airflow/example_dags/example_short_circuit_decorator.py
[2024-07-14T16:56:25.031+0000] {processor.py:830} INFO - Processing file /home/airflow/.local/lib/python3.12/site-packages/airflow/example_dags/example_short_circuit_decorator.py for tasks to queue
[2024-07-14T16:56:25.034+0000] {logging_mixin.py:188} INFO - [2024-07-14T16:56:25.034+0000] {dagbag.py:545} INFO - Filling up the DagBag from /home/airflow/.local/lib/python3.12/site-packages/airflow/example_dags/example_short_circuit_decorator.py
[2024-07-14T16:56:25.062+0000] {processor.py:840} INFO - DAG(s) 'example_short_circuit_decorator' retrieved from /home/airflow/.local/lib/python3.12/site-packages/airflow/example_dags/example_short_circuit_decorator.py
[2024-07-14T16:56:25.121+0000] {logging_mixin.py:188} INFO - [2024-07-14T16:56:25.120+0000] {dag.py:3096} INFO - Sync 1 DAGs
[2024-07-14T16:56:25.213+0000] {logging_mixin.py:188} INFO - [2024-07-14T16:56:25.213+0000] {dag.py:3954} INFO - Setting next_dagrun for example_short_circuit_decorator to 2024-07-13 00:00:00+00:00, run_after=2024-07-14 00:00:00+00:00
[2024-07-14T16:56:25.293+0000] {processor.py:183} INFO - Processing /home/airflow/.local/lib/python3.12/site-packages/airflow/example_dags/example_short_circuit_decorator.py took 0.275 seconds
[2024-07-14T16:56:55.741+0000] {processor.py:161} INFO - Started process (PID=172) to work on /home/airflow/.local/lib/python3.12/site-packages/airflow/example_dags/example_short_circuit_decorator.py
[2024-07-14T16:56:55.769+0000] {processor.py:830} INFO - Processing file /home/airflow/.local/lib/python3.12/site-packages/airflow/example_dags/example_short_circuit_decorator.py for tasks to queue
[2024-07-14T16:56:55.774+0000] {logging_mixin.py:188} INFO - [2024-07-14T16:56:55.773+0000] {dagbag.py:545} INFO - Filling up the DagBag from /home/airflow/.local/lib/python3.12/site-packages/airflow/example_dags/example_short_circuit_decorator.py
[2024-07-14T16:56:55.886+0000] {processor.py:840} INFO - DAG(s) 'example_short_circuit_decorator' retrieved from /home/airflow/.local/lib/python3.12/site-packages/airflow/example_dags/example_short_circuit_decorator.py
[2024-07-14T16:56:56.173+0000] {logging_mixin.py:188} INFO - [2024-07-14T16:56:56.173+0000] {dag.py:3096} INFO - Sync 1 DAGs
[2024-07-14T16:56:59.254+0000] {logging_mixin.py:188} INFO - [2024-07-14T16:56:59.254+0000] {process_utils.py:263} INFO - Waiting up to 5 seconds for processes to exit...
