[2024-07-14T16:33:37.648+0000] {processor.py:161} INFO - Started process (PID=79) to work on /home/airflow/.local/lib/python3.12/site-packages/airflow/example_dags/example_external_task_marker_dag.py
[2024-07-14T16:33:37.650+0000] {processor.py:830} INFO - Processing file /home/airflow/.local/lib/python3.12/site-packages/airflow/example_dags/example_external_task_marker_dag.py for tasks to queue
[2024-07-14T16:33:37.656+0000] {logging_mixin.py:188} INFO - [2024-07-14T16:33:37.655+0000] {dagbag.py:545} INFO - Filling up the DagBag from /home/airflow/.local/lib/python3.12/site-packages/airflow/example_dags/example_external_task_marker_dag.py
[2024-07-14T16:33:37.682+0000] {processor.py:840} INFO - DAG(s) 'example_external_task_marker_child', 'example_external_task_marker_parent' retrieved from /home/airflow/.local/lib/python3.12/site-packages/airflow/example_dags/example_external_task_marker_dag.py
[2024-07-14T16:33:38.057+0000] {logging_mixin.py:188} INFO - [2024-07-14T16:33:38.057+0000] {dag.py:3096} INFO - Sync 2 DAGs
[2024-07-14T16:33:38.084+0000] {logging_mixin.py:188} INFO - [2024-07-14T16:33:38.084+0000] {dag.py:3954} INFO - Setting next_dagrun for example_external_task_marker_child to None, run_after=None
[2024-07-14T16:33:38.090+0000] {logging_mixin.py:188} INFO - [2024-07-14T16:33:38.089+0000] {dag.py:3954} INFO - Setting next_dagrun for example_external_task_marker_parent to None, run_after=None
[2024-07-14T16:33:38.148+0000] {processor.py:183} INFO - Processing /home/airflow/.local/lib/python3.12/site-packages/airflow/example_dags/example_external_task_marker_dag.py took 0.514 seconds
[2024-07-14T16:34:09.940+0000] {processor.py:161} INFO - Started process (PID=142) to work on /home/airflow/.local/lib/python3.12/site-packages/airflow/example_dags/example_external_task_marker_dag.py
[2024-07-14T16:34:09.942+0000] {processor.py:830} INFO - Processing file /home/airflow/.local/lib/python3.12/site-packages/airflow/example_dags/example_external_task_marker_dag.py for tasks to queue
[2024-07-14T16:34:09.945+0000] {logging_mixin.py:188} INFO - [2024-07-14T16:34:09.945+0000] {dagbag.py:545} INFO - Filling up the DagBag from /home/airflow/.local/lib/python3.12/site-packages/airflow/example_dags/example_external_task_marker_dag.py
[2024-07-14T16:34:09.959+0000] {processor.py:840} INFO - DAG(s) 'example_external_task_marker_child', 'example_external_task_marker_parent' retrieved from /home/airflow/.local/lib/python3.12/site-packages/airflow/example_dags/example_external_task_marker_dag.py
[2024-07-14T16:34:10.021+0000] {logging_mixin.py:188} INFO - [2024-07-14T16:34:10.021+0000] {dag.py:3096} INFO - Sync 2 DAGs
[2024-07-14T16:34:10.050+0000] {logging_mixin.py:188} INFO - [2024-07-14T16:34:10.050+0000] {dag.py:3954} INFO - Setting next_dagrun for example_external_task_marker_child to None, run_after=None
[2024-07-14T16:34:10.056+0000] {logging_mixin.py:188} INFO - [2024-07-14T16:34:10.055+0000] {dag.py:3954} INFO - Setting next_dagrun for example_external_task_marker_parent to None, run_after=None
[2024-07-14T16:34:10.097+0000] {processor.py:183} INFO - Processing /home/airflow/.local/lib/python3.12/site-packages/airflow/example_dags/example_external_task_marker_dag.py took 0.167 seconds
[2024-07-14T16:34:40.861+0000] {processor.py:161} INFO - Started process (PID=200) to work on /home/airflow/.local/lib/python3.12/site-packages/airflow/example_dags/example_external_task_marker_dag.py
[2024-07-14T16:34:40.870+0000] {processor.py:830} INFO - Processing file /home/airflow/.local/lib/python3.12/site-packages/airflow/example_dags/example_external_task_marker_dag.py for tasks to queue
[2024-07-14T16:34:40.887+0000] {logging_mixin.py:188} INFO - [2024-07-14T16:34:40.887+0000] {dagbag.py:545} INFO - Filling up the DagBag from /home/airflow/.local/lib/python3.12/site-packages/airflow/example_dags/example_external_task_marker_dag.py
[2024-07-14T16:34:40.904+0000] {processor.py:840} INFO - DAG(s) 'example_external_task_marker_child', 'example_external_task_marker_parent' retrieved from /home/airflow/.local/lib/python3.12/site-packages/airflow/example_dags/example_external_task_marker_dag.py
[2024-07-14T16:34:40.993+0000] {logging_mixin.py:188} INFO - [2024-07-14T16:34:40.992+0000] {dag.py:3096} INFO - Sync 2 DAGs
[2024-07-14T16:34:41.045+0000] {logging_mixin.py:188} INFO - [2024-07-14T16:34:41.044+0000] {dag.py:3954} INFO - Setting next_dagrun for example_external_task_marker_child to None, run_after=None
[2024-07-14T16:34:41.052+0000] {logging_mixin.py:188} INFO - [2024-07-14T16:34:41.052+0000] {dag.py:3954} INFO - Setting next_dagrun for example_external_task_marker_parent to None, run_after=None
[2024-07-14T16:34:41.096+0000] {processor.py:183} INFO - Processing /home/airflow/.local/lib/python3.12/site-packages/airflow/example_dags/example_external_task_marker_dag.py took 0.246 seconds
[2024-07-14T16:35:11.194+0000] {processor.py:161} INFO - Started process (PID=258) to work on /home/airflow/.local/lib/python3.12/site-packages/airflow/example_dags/example_external_task_marker_dag.py
[2024-07-14T16:35:11.198+0000] {processor.py:830} INFO - Processing file /home/airflow/.local/lib/python3.12/site-packages/airflow/example_dags/example_external_task_marker_dag.py for tasks to queue
[2024-07-14T16:35:11.204+0000] {logging_mixin.py:188} INFO - [2024-07-14T16:35:11.203+0000] {dagbag.py:545} INFO - Filling up the DagBag from /home/airflow/.local/lib/python3.12/site-packages/airflow/example_dags/example_external_task_marker_dag.py
[2024-07-14T16:35:11.218+0000] {processor.py:840} INFO - DAG(s) 'example_external_task_marker_parent', 'example_external_task_marker_child' retrieved from /home/airflow/.local/lib/python3.12/site-packages/airflow/example_dags/example_external_task_marker_dag.py
[2024-07-14T16:35:11.271+0000] {logging_mixin.py:188} INFO - [2024-07-14T16:35:11.270+0000] {dag.py:3096} INFO - Sync 2 DAGs
[2024-07-14T16:35:11.299+0000] {logging_mixin.py:188} INFO - [2024-07-14T16:35:11.299+0000] {dag.py:3954} INFO - Setting next_dagrun for example_external_task_marker_child to None, run_after=None
[2024-07-14T16:35:11.306+0000] {logging_mixin.py:188} INFO - [2024-07-14T16:35:11.305+0000] {dag.py:3954} INFO - Setting next_dagrun for example_external_task_marker_parent to None, run_after=None
[2024-07-14T16:35:11.349+0000] {processor.py:183} INFO - Processing /home/airflow/.local/lib/python3.12/site-packages/airflow/example_dags/example_external_task_marker_dag.py took 0.168 seconds
[2024-07-14T16:35:41.945+0000] {processor.py:161} INFO - Started process (PID=316) to work on /home/airflow/.local/lib/python3.12/site-packages/airflow/example_dags/example_external_task_marker_dag.py
[2024-07-14T16:35:41.948+0000] {processor.py:830} INFO - Processing file /home/airflow/.local/lib/python3.12/site-packages/airflow/example_dags/example_external_task_marker_dag.py for tasks to queue
[2024-07-14T16:35:41.951+0000] {logging_mixin.py:188} INFO - [2024-07-14T16:35:41.951+0000] {dagbag.py:545} INFO - Filling up the DagBag from /home/airflow/.local/lib/python3.12/site-packages/airflow/example_dags/example_external_task_marker_dag.py
[2024-07-14T16:35:41.978+0000] {processor.py:840} INFO - DAG(s) 'example_external_task_marker_parent', 'example_external_task_marker_child' retrieved from /home/airflow/.local/lib/python3.12/site-packages/airflow/example_dags/example_external_task_marker_dag.py
[2024-07-14T16:35:42.041+0000] {logging_mixin.py:188} INFO - [2024-07-14T16:35:42.040+0000] {dag.py:3096} INFO - Sync 2 DAGs
[2024-07-14T16:35:42.071+0000] {logging_mixin.py:188} INFO - [2024-07-14T16:35:42.071+0000] {dag.py:3954} INFO - Setting next_dagrun for example_external_task_marker_child to None, run_after=None
[2024-07-14T16:35:42.082+0000] {logging_mixin.py:188} INFO - [2024-07-14T16:35:42.081+0000] {dag.py:3954} INFO - Setting next_dagrun for example_external_task_marker_parent to None, run_after=None
[2024-07-14T16:35:42.129+0000] {processor.py:183} INFO - Processing /home/airflow/.local/lib/python3.12/site-packages/airflow/example_dags/example_external_task_marker_dag.py took 0.196 seconds
[2024-07-14T16:36:12.505+0000] {processor.py:161} INFO - Started process (PID=374) to work on /home/airflow/.local/lib/python3.12/site-packages/airflow/example_dags/example_external_task_marker_dag.py
[2024-07-14T16:36:12.507+0000] {processor.py:830} INFO - Processing file /home/airflow/.local/lib/python3.12/site-packages/airflow/example_dags/example_external_task_marker_dag.py for tasks to queue
[2024-07-14T16:36:12.515+0000] {logging_mixin.py:188} INFO - [2024-07-14T16:36:12.510+0000] {dagbag.py:545} INFO - Filling up the DagBag from /home/airflow/.local/lib/python3.12/site-packages/airflow/example_dags/example_external_task_marker_dag.py
[2024-07-14T16:36:12.537+0000] {processor.py:840} INFO - DAG(s) 'example_external_task_marker_child', 'example_external_task_marker_parent' retrieved from /home/airflow/.local/lib/python3.12/site-packages/airflow/example_dags/example_external_task_marker_dag.py
[2024-07-14T16:36:12.582+0000] {logging_mixin.py:188} INFO - [2024-07-14T16:36:12.581+0000] {dag.py:3096} INFO - Sync 2 DAGs
[2024-07-14T16:36:12.604+0000] {logging_mixin.py:188} INFO - [2024-07-14T16:36:12.604+0000] {dag.py:3954} INFO - Setting next_dagrun for example_external_task_marker_child to None, run_after=None
[2024-07-14T16:36:12.627+0000] {logging_mixin.py:188} INFO - [2024-07-14T16:36:12.627+0000] {dag.py:3954} INFO - Setting next_dagrun for example_external_task_marker_parent to None, run_after=None
[2024-07-14T16:36:12.658+0000] {processor.py:183} INFO - Processing /home/airflow/.local/lib/python3.12/site-packages/airflow/example_dags/example_external_task_marker_dag.py took 0.163 seconds
[2024-07-14T16:36:47.252+0000] {processor.py:161} INFO - Started process (PID=432) to work on /home/airflow/.local/lib/python3.12/site-packages/airflow/example_dags/example_external_task_marker_dag.py
[2024-07-14T16:36:47.279+0000] {processor.py:830} INFO - Processing file /home/airflow/.local/lib/python3.12/site-packages/airflow/example_dags/example_external_task_marker_dag.py for tasks to queue
[2024-07-14T16:36:47.405+0000] {logging_mixin.py:188} INFO - [2024-07-14T16:36:47.303+0000] {dagbag.py:545} INFO - Filling up the DagBag from /home/airflow/.local/lib/python3.12/site-packages/airflow/example_dags/example_external_task_marker_dag.py
[2024-07-14T16:36:47.673+0000] {processor.py:840} INFO - DAG(s) 'example_external_task_marker_parent', 'example_external_task_marker_child' retrieved from /home/airflow/.local/lib/python3.12/site-packages/airflow/example_dags/example_external_task_marker_dag.py
[2024-07-14T16:36:47.857+0000] {logging_mixin.py:188} INFO - [2024-07-14T16:36:47.857+0000] {dag.py:3096} INFO - Sync 2 DAGs
[2024-07-14T16:36:48.060+0000] {logging_mixin.py:188} INFO - [2024-07-14T16:36:48.060+0000] {dag.py:3954} INFO - Setting next_dagrun for example_external_task_marker_child to None, run_after=None
[2024-07-14T16:36:48.101+0000] {logging_mixin.py:188} INFO - [2024-07-14T16:36:48.101+0000] {dag.py:3954} INFO - Setting next_dagrun for example_external_task_marker_parent to None, run_after=None
[2024-07-14T16:36:48.170+0000] {processor.py:183} INFO - Processing /home/airflow/.local/lib/python3.12/site-packages/airflow/example_dags/example_external_task_marker_dag.py took 1.038 seconds
[2024-07-14T16:37:19.202+0000] {processor.py:161} INFO - Started process (PID=489) to work on /home/airflow/.local/lib/python3.12/site-packages/airflow/example_dags/example_external_task_marker_dag.py
[2024-07-14T16:37:19.208+0000] {processor.py:830} INFO - Processing file /home/airflow/.local/lib/python3.12/site-packages/airflow/example_dags/example_external_task_marker_dag.py for tasks to queue
[2024-07-14T16:37:19.223+0000] {logging_mixin.py:188} INFO - [2024-07-14T16:37:19.222+0000] {dagbag.py:545} INFO - Filling up the DagBag from /home/airflow/.local/lib/python3.12/site-packages/airflow/example_dags/example_external_task_marker_dag.py
[2024-07-14T16:37:19.245+0000] {processor.py:840} INFO - DAG(s) 'example_external_task_marker_child', 'example_external_task_marker_parent' retrieved from /home/airflow/.local/lib/python3.12/site-packages/airflow/example_dags/example_external_task_marker_dag.py
[2024-07-14T16:37:19.334+0000] {logging_mixin.py:188} INFO - [2024-07-14T16:37:19.333+0000] {dag.py:3096} INFO - Sync 2 DAGs
[2024-07-14T16:37:19.386+0000] {logging_mixin.py:188} INFO - [2024-07-14T16:37:19.386+0000] {dag.py:3954} INFO - Setting next_dagrun for example_external_task_marker_child to None, run_after=None
[2024-07-14T16:37:19.396+0000] {logging_mixin.py:188} INFO - [2024-07-14T16:37:19.396+0000] {dag.py:3954} INFO - Setting next_dagrun for example_external_task_marker_parent to None, run_after=None
[2024-07-14T16:37:19.446+0000] {processor.py:183} INFO - Processing /home/airflow/.local/lib/python3.12/site-packages/airflow/example_dags/example_external_task_marker_dag.py took 0.266 seconds
[2024-07-14T16:37:51.199+0000] {processor.py:161} INFO - Started process (PID=547) to work on /home/airflow/.local/lib/python3.12/site-packages/airflow/example_dags/example_external_task_marker_dag.py
[2024-07-14T16:37:51.201+0000] {processor.py:830} INFO - Processing file /home/airflow/.local/lib/python3.12/site-packages/airflow/example_dags/example_external_task_marker_dag.py for tasks to queue
[2024-07-14T16:37:51.207+0000] {logging_mixin.py:188} INFO - [2024-07-14T16:37:51.206+0000] {dagbag.py:545} INFO - Filling up the DagBag from /home/airflow/.local/lib/python3.12/site-packages/airflow/example_dags/example_external_task_marker_dag.py
[2024-07-14T16:37:51.236+0000] {processor.py:840} INFO - DAG(s) 'example_external_task_marker_parent', 'example_external_task_marker_child' retrieved from /home/airflow/.local/lib/python3.12/site-packages/airflow/example_dags/example_external_task_marker_dag.py
[2024-07-14T16:37:51.420+0000] {logging_mixin.py:188} INFO - [2024-07-14T16:37:51.419+0000] {dag.py:3096} INFO - Sync 2 DAGs
[2024-07-14T16:37:51.555+0000] {logging_mixin.py:188} INFO - [2024-07-14T16:37:51.554+0000] {dag.py:3954} INFO - Setting next_dagrun for example_external_task_marker_child to None, run_after=None
[2024-07-14T16:37:51.619+0000] {logging_mixin.py:188} INFO - [2024-07-14T16:37:51.619+0000] {dag.py:3954} INFO - Setting next_dagrun for example_external_task_marker_parent to None, run_after=None
[2024-07-14T16:37:51.709+0000] {processor.py:183} INFO - Processing /home/airflow/.local/lib/python3.12/site-packages/airflow/example_dags/example_external_task_marker_dag.py took 0.534 seconds
[2024-07-14T16:39:19.247+0000] {processor.py:161} INFO - Started process (PID=621) to work on /home/airflow/.local/lib/python3.12/site-packages/airflow/example_dags/example_external_task_marker_dag.py
[2024-07-14T16:39:19.251+0000] {processor.py:830} INFO - Processing file /home/airflow/.local/lib/python3.12/site-packages/airflow/example_dags/example_external_task_marker_dag.py for tasks to queue
[2024-07-14T16:39:19.254+0000] {logging_mixin.py:188} INFO - [2024-07-14T16:39:19.253+0000] {dagbag.py:545} INFO - Filling up the DagBag from /home/airflow/.local/lib/python3.12/site-packages/airflow/example_dags/example_external_task_marker_dag.py
[2024-07-14T16:39:19.266+0000] {processor.py:840} INFO - DAG(s) 'example_external_task_marker_child', 'example_external_task_marker_parent' retrieved from /home/airflow/.local/lib/python3.12/site-packages/airflow/example_dags/example_external_task_marker_dag.py
[2024-07-14T16:39:19.357+0000] {logging_mixin.py:188} INFO - [2024-07-14T16:39:19.357+0000] {dag.py:3096} INFO - Sync 2 DAGs
[2024-07-14T16:39:19.416+0000] {logging_mixin.py:188} INFO - [2024-07-14T16:39:19.415+0000] {dag.py:3954} INFO - Setting next_dagrun for example_external_task_marker_child to None, run_after=None
[2024-07-14T16:39:19.441+0000] {logging_mixin.py:188} INFO - [2024-07-14T16:39:19.437+0000] {dag.py:3954} INFO - Setting next_dagrun for example_external_task_marker_parent to None, run_after=None
[2024-07-14T16:39:19.535+0000] {processor.py:183} INFO - Processing /home/airflow/.local/lib/python3.12/site-packages/airflow/example_dags/example_external_task_marker_dag.py took 0.308 seconds
[2024-07-14T16:39:50.247+0000] {processor.py:161} INFO - Started process (PID=680) to work on /home/airflow/.local/lib/python3.12/site-packages/airflow/example_dags/example_external_task_marker_dag.py
[2024-07-14T16:39:50.256+0000] {processor.py:830} INFO - Processing file /home/airflow/.local/lib/python3.12/site-packages/airflow/example_dags/example_external_task_marker_dag.py for tasks to queue
[2024-07-14T16:39:50.281+0000] {logging_mixin.py:188} INFO - [2024-07-14T16:39:50.262+0000] {dagbag.py:545} INFO - Filling up the DagBag from /home/airflow/.local/lib/python3.12/site-packages/airflow/example_dags/example_external_task_marker_dag.py
[2024-07-14T16:39:50.296+0000] {processor.py:840} INFO - DAG(s) 'example_external_task_marker_parent', 'example_external_task_marker_child' retrieved from /home/airflow/.local/lib/python3.12/site-packages/airflow/example_dags/example_external_task_marker_dag.py
[2024-07-14T16:39:50.360+0000] {logging_mixin.py:188} INFO - [2024-07-14T16:39:50.360+0000] {dag.py:3096} INFO - Sync 2 DAGs
[2024-07-14T16:39:50.394+0000] {logging_mixin.py:188} INFO - [2024-07-14T16:39:50.394+0000] {dag.py:3954} INFO - Setting next_dagrun for example_external_task_marker_child to None, run_after=None
[2024-07-14T16:39:50.404+0000] {logging_mixin.py:188} INFO - [2024-07-14T16:39:50.404+0000] {dag.py:3954} INFO - Setting next_dagrun for example_external_task_marker_parent to None, run_after=None
[2024-07-14T16:39:50.449+0000] {processor.py:183} INFO - Processing /home/airflow/.local/lib/python3.12/site-packages/airflow/example_dags/example_external_task_marker_dag.py took 0.215 seconds
[2024-07-14T16:40:20.779+0000] {processor.py:161} INFO - Started process (PID=739) to work on /home/airflow/.local/lib/python3.12/site-packages/airflow/example_dags/example_external_task_marker_dag.py
[2024-07-14T16:40:20.800+0000] {processor.py:830} INFO - Processing file /home/airflow/.local/lib/python3.12/site-packages/airflow/example_dags/example_external_task_marker_dag.py for tasks to queue
[2024-07-14T16:40:20.803+0000] {logging_mixin.py:188} INFO - [2024-07-14T16:40:20.802+0000] {dagbag.py:545} INFO - Filling up the DagBag from /home/airflow/.local/lib/python3.12/site-packages/airflow/example_dags/example_external_task_marker_dag.py
[2024-07-14T16:40:20.821+0000] {processor.py:840} INFO - DAG(s) 'example_external_task_marker_child', 'example_external_task_marker_parent' retrieved from /home/airflow/.local/lib/python3.12/site-packages/airflow/example_dags/example_external_task_marker_dag.py
[2024-07-14T16:40:20.897+0000] {logging_mixin.py:188} INFO - [2024-07-14T16:40:20.897+0000] {dag.py:3096} INFO - Sync 2 DAGs
[2024-07-14T16:40:20.934+0000] {logging_mixin.py:188} INFO - [2024-07-14T16:40:20.934+0000] {dag.py:3954} INFO - Setting next_dagrun for example_external_task_marker_child to None, run_after=None
[2024-07-14T16:40:20.948+0000] {logging_mixin.py:188} INFO - [2024-07-14T16:40:20.947+0000] {dag.py:3954} INFO - Setting next_dagrun for example_external_task_marker_parent to None, run_after=None
[2024-07-14T16:40:20.995+0000] {processor.py:183} INFO - Processing /home/airflow/.local/lib/python3.12/site-packages/airflow/example_dags/example_external_task_marker_dag.py took 0.246 seconds
[2024-07-14T16:40:51.517+0000] {processor.py:161} INFO - Started process (PID=798) to work on /home/airflow/.local/lib/python3.12/site-packages/airflow/example_dags/example_external_task_marker_dag.py
[2024-07-14T16:40:51.529+0000] {processor.py:830} INFO - Processing file /home/airflow/.local/lib/python3.12/site-packages/airflow/example_dags/example_external_task_marker_dag.py for tasks to queue
[2024-07-14T16:40:51.530+0000] {logging_mixin.py:188} INFO - [2024-07-14T16:40:51.530+0000] {dagbag.py:545} INFO - Filling up the DagBag from /home/airflow/.local/lib/python3.12/site-packages/airflow/example_dags/example_external_task_marker_dag.py
[2024-07-14T16:40:51.542+0000] {processor.py:840} INFO - DAG(s) 'example_external_task_marker_child', 'example_external_task_marker_parent' retrieved from /home/airflow/.local/lib/python3.12/site-packages/airflow/example_dags/example_external_task_marker_dag.py
[2024-07-14T16:40:51.617+0000] {logging_mixin.py:188} INFO - [2024-07-14T16:40:51.617+0000] {dag.py:3096} INFO - Sync 2 DAGs
[2024-07-14T16:40:51.654+0000] {logging_mixin.py:188} INFO - [2024-07-14T16:40:51.653+0000] {dag.py:3954} INFO - Setting next_dagrun for example_external_task_marker_child to None, run_after=None
[2024-07-14T16:40:51.660+0000] {logging_mixin.py:188} INFO - [2024-07-14T16:40:51.660+0000] {dag.py:3954} INFO - Setting next_dagrun for example_external_task_marker_parent to None, run_after=None
[2024-07-14T16:40:51.703+0000] {processor.py:183} INFO - Processing /home/airflow/.local/lib/python3.12/site-packages/airflow/example_dags/example_external_task_marker_dag.py took 0.202 seconds
[2024-07-14T16:41:22.700+0000] {processor.py:161} INFO - Started process (PID=856) to work on /home/airflow/.local/lib/python3.12/site-packages/airflow/example_dags/example_external_task_marker_dag.py
[2024-07-14T16:41:22.702+0000] {processor.py:830} INFO - Processing file /home/airflow/.local/lib/python3.12/site-packages/airflow/example_dags/example_external_task_marker_dag.py for tasks to queue
[2024-07-14T16:41:22.704+0000] {logging_mixin.py:188} INFO - [2024-07-14T16:41:22.703+0000] {dagbag.py:545} INFO - Filling up the DagBag from /home/airflow/.local/lib/python3.12/site-packages/airflow/example_dags/example_external_task_marker_dag.py
[2024-07-14T16:41:22.726+0000] {processor.py:840} INFO - DAG(s) 'example_external_task_marker_parent', 'example_external_task_marker_child' retrieved from /home/airflow/.local/lib/python3.12/site-packages/airflow/example_dags/example_external_task_marker_dag.py
[2024-07-14T16:41:22.853+0000] {logging_mixin.py:188} INFO - [2024-07-14T16:41:22.852+0000] {dag.py:3096} INFO - Sync 2 DAGs
[2024-07-14T16:41:22.913+0000] {logging_mixin.py:188} INFO - [2024-07-14T16:41:22.913+0000] {dag.py:3954} INFO - Setting next_dagrun for example_external_task_marker_child to None, run_after=None
[2024-07-14T16:41:22.922+0000] {logging_mixin.py:188} INFO - [2024-07-14T16:41:22.922+0000] {dag.py:3954} INFO - Setting next_dagrun for example_external_task_marker_parent to None, run_after=None
[2024-07-14T16:41:22.982+0000] {processor.py:183} INFO - Processing /home/airflow/.local/lib/python3.12/site-packages/airflow/example_dags/example_external_task_marker_dag.py took 0.300 seconds
[2024-07-14T16:41:53.702+0000] {processor.py:161} INFO - Started process (PID=915) to work on /home/airflow/.local/lib/python3.12/site-packages/airflow/example_dags/example_external_task_marker_dag.py
[2024-07-14T16:41:53.704+0000] {processor.py:830} INFO - Processing file /home/airflow/.local/lib/python3.12/site-packages/airflow/example_dags/example_external_task_marker_dag.py for tasks to queue
[2024-07-14T16:41:53.706+0000] {logging_mixin.py:188} INFO - [2024-07-14T16:41:53.705+0000] {dagbag.py:545} INFO - Filling up the DagBag from /home/airflow/.local/lib/python3.12/site-packages/airflow/example_dags/example_external_task_marker_dag.py
[2024-07-14T16:41:53.725+0000] {processor.py:840} INFO - DAG(s) 'example_external_task_marker_parent', 'example_external_task_marker_child' retrieved from /home/airflow/.local/lib/python3.12/site-packages/airflow/example_dags/example_external_task_marker_dag.py
[2024-07-14T16:41:53.785+0000] {logging_mixin.py:188} INFO - [2024-07-14T16:41:53.785+0000] {dag.py:3096} INFO - Sync 2 DAGs
[2024-07-14T16:41:53.813+0000] {logging_mixin.py:188} INFO - [2024-07-14T16:41:53.813+0000] {dag.py:3954} INFO - Setting next_dagrun for example_external_task_marker_child to None, run_after=None
[2024-07-14T16:41:53.830+0000] {logging_mixin.py:188} INFO - [2024-07-14T16:41:53.829+0000] {dag.py:3954} INFO - Setting next_dagrun for example_external_task_marker_parent to None, run_after=None
[2024-07-14T16:41:53.872+0000] {processor.py:183} INFO - Processing /home/airflow/.local/lib/python3.12/site-packages/airflow/example_dags/example_external_task_marker_dag.py took 0.181 seconds
[2024-07-14T16:42:24.144+0000] {processor.py:161} INFO - Started process (PID=974) to work on /home/airflow/.local/lib/python3.12/site-packages/airflow/example_dags/example_external_task_marker_dag.py
[2024-07-14T16:42:24.147+0000] {processor.py:830} INFO - Processing file /home/airflow/.local/lib/python3.12/site-packages/airflow/example_dags/example_external_task_marker_dag.py for tasks to queue
[2024-07-14T16:42:24.151+0000] {logging_mixin.py:188} INFO - [2024-07-14T16:42:24.150+0000] {dagbag.py:545} INFO - Filling up the DagBag from /home/airflow/.local/lib/python3.12/site-packages/airflow/example_dags/example_external_task_marker_dag.py
[2024-07-14T16:42:24.181+0000] {processor.py:840} INFO - DAG(s) 'example_external_task_marker_child', 'example_external_task_marker_parent' retrieved from /home/airflow/.local/lib/python3.12/site-packages/airflow/example_dags/example_external_task_marker_dag.py
[2024-07-14T16:42:24.245+0000] {logging_mixin.py:188} INFO - [2024-07-14T16:42:24.245+0000] {dag.py:3096} INFO - Sync 2 DAGs
[2024-07-14T16:42:24.283+0000] {logging_mixin.py:188} INFO - [2024-07-14T16:42:24.282+0000] {dag.py:3954} INFO - Setting next_dagrun for example_external_task_marker_child to None, run_after=None
[2024-07-14T16:42:24.290+0000] {logging_mixin.py:188} INFO - [2024-07-14T16:42:24.289+0000] {dag.py:3954} INFO - Setting next_dagrun for example_external_task_marker_parent to None, run_after=None
[2024-07-14T16:42:24.337+0000] {processor.py:183} INFO - Processing /home/airflow/.local/lib/python3.12/site-packages/airflow/example_dags/example_external_task_marker_dag.py took 0.206 seconds
[2024-07-14T16:42:54.799+0000] {processor.py:161} INFO - Started process (PID=1037) to work on /home/airflow/.local/lib/python3.12/site-packages/airflow/example_dags/example_external_task_marker_dag.py
[2024-07-14T16:42:54.802+0000] {processor.py:830} INFO - Processing file /home/airflow/.local/lib/python3.12/site-packages/airflow/example_dags/example_external_task_marker_dag.py for tasks to queue
[2024-07-14T16:42:54.804+0000] {logging_mixin.py:188} INFO - [2024-07-14T16:42:54.804+0000] {dagbag.py:545} INFO - Filling up the DagBag from /home/airflow/.local/lib/python3.12/site-packages/airflow/example_dags/example_external_task_marker_dag.py
[2024-07-14T16:42:54.814+0000] {processor.py:840} INFO - DAG(s) 'example_external_task_marker_child', 'example_external_task_marker_parent' retrieved from /home/airflow/.local/lib/python3.12/site-packages/airflow/example_dags/example_external_task_marker_dag.py
[2024-07-14T16:42:54.878+0000] {logging_mixin.py:188} INFO - [2024-07-14T16:42:54.877+0000] {dag.py:3096} INFO - Sync 2 DAGs
[2024-07-14T16:42:54.905+0000] {logging_mixin.py:188} INFO - [2024-07-14T16:42:54.905+0000] {dag.py:3954} INFO - Setting next_dagrun for example_external_task_marker_child to None, run_after=None
[2024-07-14T16:42:54.912+0000] {logging_mixin.py:188} INFO - [2024-07-14T16:42:54.911+0000] {dag.py:3954} INFO - Setting next_dagrun for example_external_task_marker_parent to None, run_after=None
[2024-07-14T16:42:54.946+0000] {processor.py:183} INFO - Processing /home/airflow/.local/lib/python3.12/site-packages/airflow/example_dags/example_external_task_marker_dag.py took 0.166 seconds
[2024-07-14T16:43:25.741+0000] {processor.py:161} INFO - Started process (PID=1096) to work on /home/airflow/.local/lib/python3.12/site-packages/airflow/example_dags/example_external_task_marker_dag.py
[2024-07-14T16:43:25.743+0000] {processor.py:830} INFO - Processing file /home/airflow/.local/lib/python3.12/site-packages/airflow/example_dags/example_external_task_marker_dag.py for tasks to queue
[2024-07-14T16:43:25.745+0000] {logging_mixin.py:188} INFO - [2024-07-14T16:43:25.744+0000] {dagbag.py:545} INFO - Filling up the DagBag from /home/airflow/.local/lib/python3.12/site-packages/airflow/example_dags/example_external_task_marker_dag.py
[2024-07-14T16:43:25.754+0000] {processor.py:840} INFO - DAG(s) 'example_external_task_marker_child', 'example_external_task_marker_parent' retrieved from /home/airflow/.local/lib/python3.12/site-packages/airflow/example_dags/example_external_task_marker_dag.py
[2024-07-14T16:43:25.826+0000] {logging_mixin.py:188} INFO - [2024-07-14T16:43:25.826+0000] {dag.py:3096} INFO - Sync 2 DAGs
[2024-07-14T16:43:25.856+0000] {logging_mixin.py:188} INFO - [2024-07-14T16:43:25.855+0000] {dag.py:3954} INFO - Setting next_dagrun for example_external_task_marker_child to None, run_after=None
[2024-07-14T16:43:25.914+0000] {logging_mixin.py:188} INFO - [2024-07-14T16:43:25.898+0000] {dag.py:3954} INFO - Setting next_dagrun for example_external_task_marker_parent to None, run_after=None
[2024-07-14T16:43:26.024+0000] {processor.py:183} INFO - Processing /home/airflow/.local/lib/python3.12/site-packages/airflow/example_dags/example_external_task_marker_dag.py took 0.293 seconds
[2024-07-14T16:43:56.749+0000] {processor.py:161} INFO - Started process (PID=1152) to work on /home/airflow/.local/lib/python3.12/site-packages/airflow/example_dags/example_external_task_marker_dag.py
[2024-07-14T16:43:56.751+0000] {processor.py:830} INFO - Processing file /home/airflow/.local/lib/python3.12/site-packages/airflow/example_dags/example_external_task_marker_dag.py for tasks to queue
[2024-07-14T16:43:56.753+0000] {logging_mixin.py:188} INFO - [2024-07-14T16:43:56.752+0000] {dagbag.py:545} INFO - Filling up the DagBag from /home/airflow/.local/lib/python3.12/site-packages/airflow/example_dags/example_external_task_marker_dag.py
[2024-07-14T16:43:56.768+0000] {processor.py:840} INFO - DAG(s) 'example_external_task_marker_parent', 'example_external_task_marker_child' retrieved from /home/airflow/.local/lib/python3.12/site-packages/airflow/example_dags/example_external_task_marker_dag.py
[2024-07-14T16:43:56.828+0000] {logging_mixin.py:188} INFO - [2024-07-14T16:43:56.828+0000] {dag.py:3096} INFO - Sync 2 DAGs
[2024-07-14T16:43:56.862+0000] {logging_mixin.py:188} INFO - [2024-07-14T16:43:56.862+0000] {dag.py:3954} INFO - Setting next_dagrun for example_external_task_marker_child to None, run_after=None
[2024-07-14T16:43:56.889+0000] {logging_mixin.py:188} INFO - [2024-07-14T16:43:56.888+0000] {dag.py:3954} INFO - Setting next_dagrun for example_external_task_marker_parent to None, run_after=None
[2024-07-14T16:43:56.945+0000] {processor.py:183} INFO - Processing /home/airflow/.local/lib/python3.12/site-packages/airflow/example_dags/example_external_task_marker_dag.py took 0.209 seconds
[2024-07-14T16:44:27.191+0000] {processor.py:161} INFO - Started process (PID=1211) to work on /home/airflow/.local/lib/python3.12/site-packages/airflow/example_dags/example_external_task_marker_dag.py
[2024-07-14T16:44:27.193+0000] {processor.py:830} INFO - Processing file /home/airflow/.local/lib/python3.12/site-packages/airflow/example_dags/example_external_task_marker_dag.py for tasks to queue
[2024-07-14T16:44:27.194+0000] {logging_mixin.py:188} INFO - [2024-07-14T16:44:27.194+0000] {dagbag.py:545} INFO - Filling up the DagBag from /home/airflow/.local/lib/python3.12/site-packages/airflow/example_dags/example_external_task_marker_dag.py
[2024-07-14T16:44:27.207+0000] {processor.py:840} INFO - DAG(s) 'example_external_task_marker_child', 'example_external_task_marker_parent' retrieved from /home/airflow/.local/lib/python3.12/site-packages/airflow/example_dags/example_external_task_marker_dag.py
[2024-07-14T16:44:27.283+0000] {logging_mixin.py:188} INFO - [2024-07-14T16:44:27.282+0000] {dag.py:3096} INFO - Sync 2 DAGs
[2024-07-14T16:44:27.310+0000] {logging_mixin.py:188} INFO - [2024-07-14T16:44:27.310+0000] {dag.py:3954} INFO - Setting next_dagrun for example_external_task_marker_child to None, run_after=None
[2024-07-14T16:44:27.329+0000] {logging_mixin.py:188} INFO - [2024-07-14T16:44:27.328+0000] {dag.py:3954} INFO - Setting next_dagrun for example_external_task_marker_parent to None, run_after=None
[2024-07-14T16:44:27.360+0000] {processor.py:183} INFO - Processing /home/airflow/.local/lib/python3.12/site-packages/airflow/example_dags/example_external_task_marker_dag.py took 0.181 seconds
[2024-07-14T16:44:57.756+0000] {processor.py:161} INFO - Started process (PID=1269) to work on /home/airflow/.local/lib/python3.12/site-packages/airflow/example_dags/example_external_task_marker_dag.py
[2024-07-14T16:44:57.758+0000] {processor.py:830} INFO - Processing file /home/airflow/.local/lib/python3.12/site-packages/airflow/example_dags/example_external_task_marker_dag.py for tasks to queue
[2024-07-14T16:44:57.763+0000] {logging_mixin.py:188} INFO - [2024-07-14T16:44:57.762+0000] {dagbag.py:545} INFO - Filling up the DagBag from /home/airflow/.local/lib/python3.12/site-packages/airflow/example_dags/example_external_task_marker_dag.py
[2024-07-14T16:44:57.773+0000] {processor.py:840} INFO - DAG(s) 'example_external_task_marker_child', 'example_external_task_marker_parent' retrieved from /home/airflow/.local/lib/python3.12/site-packages/airflow/example_dags/example_external_task_marker_dag.py
[2024-07-14T16:44:57.939+0000] {logging_mixin.py:188} INFO - [2024-07-14T16:44:57.939+0000] {dag.py:3096} INFO - Sync 2 DAGs
[2024-07-14T16:44:57.967+0000] {logging_mixin.py:188} INFO - [2024-07-14T16:44:57.967+0000] {dag.py:3954} INFO - Setting next_dagrun for example_external_task_marker_child to None, run_after=None
[2024-07-14T16:44:57.989+0000] {logging_mixin.py:188} INFO - [2024-07-14T16:44:57.989+0000] {dag.py:3954} INFO - Setting next_dagrun for example_external_task_marker_parent to None, run_after=None
[2024-07-14T16:44:58.017+0000] {processor.py:183} INFO - Processing /home/airflow/.local/lib/python3.12/site-packages/airflow/example_dags/example_external_task_marker_dag.py took 0.272 seconds
[2024-07-14T16:45:28.408+0000] {processor.py:161} INFO - Started process (PID=1328) to work on /home/airflow/.local/lib/python3.12/site-packages/airflow/example_dags/example_external_task_marker_dag.py
[2024-07-14T16:45:28.410+0000] {processor.py:830} INFO - Processing file /home/airflow/.local/lib/python3.12/site-packages/airflow/example_dags/example_external_task_marker_dag.py for tasks to queue
[2024-07-14T16:45:28.416+0000] {logging_mixin.py:188} INFO - [2024-07-14T16:45:28.415+0000] {dagbag.py:545} INFO - Filling up the DagBag from /home/airflow/.local/lib/python3.12/site-packages/airflow/example_dags/example_external_task_marker_dag.py
[2024-07-14T16:45:28.431+0000] {processor.py:840} INFO - DAG(s) 'example_external_task_marker_parent', 'example_external_task_marker_child' retrieved from /home/airflow/.local/lib/python3.12/site-packages/airflow/example_dags/example_external_task_marker_dag.py
[2024-07-14T16:45:28.491+0000] {logging_mixin.py:188} INFO - [2024-07-14T16:45:28.490+0000] {dag.py:3096} INFO - Sync 2 DAGs
[2024-07-14T16:45:28.515+0000] {logging_mixin.py:188} INFO - [2024-07-14T16:45:28.515+0000] {dag.py:3954} INFO - Setting next_dagrun for example_external_task_marker_child to None, run_after=None
[2024-07-14T16:45:28.526+0000] {logging_mixin.py:188} INFO - [2024-07-14T16:45:28.526+0000] {dag.py:3954} INFO - Setting next_dagrun for example_external_task_marker_parent to None, run_after=None
[2024-07-14T16:45:28.585+0000] {processor.py:183} INFO - Processing /home/airflow/.local/lib/python3.12/site-packages/airflow/example_dags/example_external_task_marker_dag.py took 0.190 seconds
[2024-07-14T16:45:58.909+0000] {processor.py:161} INFO - Started process (PID=1387) to work on /home/airflow/.local/lib/python3.12/site-packages/airflow/example_dags/example_external_task_marker_dag.py
[2024-07-14T16:45:58.910+0000] {processor.py:830} INFO - Processing file /home/airflow/.local/lib/python3.12/site-packages/airflow/example_dags/example_external_task_marker_dag.py for tasks to queue
[2024-07-14T16:45:58.912+0000] {logging_mixin.py:188} INFO - [2024-07-14T16:45:58.911+0000] {dagbag.py:545} INFO - Filling up the DagBag from /home/airflow/.local/lib/python3.12/site-packages/airflow/example_dags/example_external_task_marker_dag.py
[2024-07-14T16:45:58.929+0000] {processor.py:840} INFO - DAG(s) 'example_external_task_marker_parent', 'example_external_task_marker_child' retrieved from /home/airflow/.local/lib/python3.12/site-packages/airflow/example_dags/example_external_task_marker_dag.py
[2024-07-14T16:45:59.001+0000] {logging_mixin.py:188} INFO - [2024-07-14T16:45:59.001+0000] {dag.py:3096} INFO - Sync 2 DAGs
[2024-07-14T16:45:59.039+0000] {logging_mixin.py:188} INFO - [2024-07-14T16:45:59.039+0000] {dag.py:3954} INFO - Setting next_dagrun for example_external_task_marker_child to None, run_after=None
[2024-07-14T16:45:59.047+0000] {logging_mixin.py:188} INFO - [2024-07-14T16:45:59.047+0000] {dag.py:3954} INFO - Setting next_dagrun for example_external_task_marker_parent to None, run_after=None
[2024-07-14T16:45:59.093+0000] {processor.py:183} INFO - Processing /home/airflow/.local/lib/python3.12/site-packages/airflow/example_dags/example_external_task_marker_dag.py took 0.196 seconds
[2024-07-14T16:46:29.964+0000] {processor.py:161} INFO - Started process (PID=1446) to work on /home/airflow/.local/lib/python3.12/site-packages/airflow/example_dags/example_external_task_marker_dag.py
[2024-07-14T16:46:29.966+0000] {processor.py:830} INFO - Processing file /home/airflow/.local/lib/python3.12/site-packages/airflow/example_dags/example_external_task_marker_dag.py for tasks to queue
[2024-07-14T16:46:29.979+0000] {logging_mixin.py:188} INFO - [2024-07-14T16:46:29.968+0000] {dagbag.py:545} INFO - Filling up the DagBag from /home/airflow/.local/lib/python3.12/site-packages/airflow/example_dags/example_external_task_marker_dag.py
[2024-07-14T16:46:29.994+0000] {processor.py:840} INFO - DAG(s) 'example_external_task_marker_child', 'example_external_task_marker_parent' retrieved from /home/airflow/.local/lib/python3.12/site-packages/airflow/example_dags/example_external_task_marker_dag.py
[2024-07-14T16:46:30.084+0000] {logging_mixin.py:188} INFO - [2024-07-14T16:46:30.084+0000] {dag.py:3096} INFO - Sync 2 DAGs
[2024-07-14T16:46:30.137+0000] {logging_mixin.py:188} INFO - [2024-07-14T16:46:30.137+0000] {dag.py:3954} INFO - Setting next_dagrun for example_external_task_marker_child to None, run_after=None
[2024-07-14T16:46:30.152+0000] {logging_mixin.py:188} INFO - [2024-07-14T16:46:30.151+0000] {dag.py:3954} INFO - Setting next_dagrun for example_external_task_marker_parent to None, run_after=None
[2024-07-14T16:46:30.204+0000] {processor.py:183} INFO - Processing /home/airflow/.local/lib/python3.12/site-packages/airflow/example_dags/example_external_task_marker_dag.py took 0.258 seconds
[2024-07-14T16:47:00.499+0000] {processor.py:161} INFO - Started process (PID=1505) to work on /home/airflow/.local/lib/python3.12/site-packages/airflow/example_dags/example_external_task_marker_dag.py
[2024-07-14T16:47:00.502+0000] {processor.py:830} INFO - Processing file /home/airflow/.local/lib/python3.12/site-packages/airflow/example_dags/example_external_task_marker_dag.py for tasks to queue
[2024-07-14T16:47:00.504+0000] {logging_mixin.py:188} INFO - [2024-07-14T16:47:00.503+0000] {dagbag.py:545} INFO - Filling up the DagBag from /home/airflow/.local/lib/python3.12/site-packages/airflow/example_dags/example_external_task_marker_dag.py
[2024-07-14T16:47:00.514+0000] {processor.py:840} INFO - DAG(s) 'example_external_task_marker_parent', 'example_external_task_marker_child' retrieved from /home/airflow/.local/lib/python3.12/site-packages/airflow/example_dags/example_external_task_marker_dag.py
[2024-07-14T16:47:00.590+0000] {logging_mixin.py:188} INFO - [2024-07-14T16:47:00.590+0000] {dag.py:3096} INFO - Sync 2 DAGs
[2024-07-14T16:47:00.630+0000] {logging_mixin.py:188} INFO - [2024-07-14T16:47:00.629+0000] {dag.py:3954} INFO - Setting next_dagrun for example_external_task_marker_child to None, run_after=None
[2024-07-14T16:47:00.643+0000] {logging_mixin.py:188} INFO - [2024-07-14T16:47:00.643+0000] {dag.py:3954} INFO - Setting next_dagrun for example_external_task_marker_parent to None, run_after=None
[2024-07-14T16:47:00.689+0000] {processor.py:183} INFO - Processing /home/airflow/.local/lib/python3.12/site-packages/airflow/example_dags/example_external_task_marker_dag.py took 0.208 seconds
[2024-07-14T16:47:31.056+0000] {processor.py:161} INFO - Started process (PID=1564) to work on /home/airflow/.local/lib/python3.12/site-packages/airflow/example_dags/example_external_task_marker_dag.py
[2024-07-14T16:47:31.058+0000] {processor.py:830} INFO - Processing file /home/airflow/.local/lib/python3.12/site-packages/airflow/example_dags/example_external_task_marker_dag.py for tasks to queue
[2024-07-14T16:47:31.061+0000] {logging_mixin.py:188} INFO - [2024-07-14T16:47:31.060+0000] {dagbag.py:545} INFO - Filling up the DagBag from /home/airflow/.local/lib/python3.12/site-packages/airflow/example_dags/example_external_task_marker_dag.py
[2024-07-14T16:47:31.073+0000] {processor.py:840} INFO - DAG(s) 'example_external_task_marker_parent', 'example_external_task_marker_child' retrieved from /home/airflow/.local/lib/python3.12/site-packages/airflow/example_dags/example_external_task_marker_dag.py
[2024-07-14T16:47:31.128+0000] {logging_mixin.py:188} INFO - [2024-07-14T16:47:31.128+0000] {dag.py:3096} INFO - Sync 2 DAGs
[2024-07-14T16:47:31.152+0000] {logging_mixin.py:188} INFO - [2024-07-14T16:47:31.151+0000] {dag.py:3954} INFO - Setting next_dagrun for example_external_task_marker_child to None, run_after=None
[2024-07-14T16:47:31.158+0000] {logging_mixin.py:188} INFO - [2024-07-14T16:47:31.157+0000] {dag.py:3954} INFO - Setting next_dagrun for example_external_task_marker_parent to None, run_after=None
[2024-07-14T16:47:31.191+0000] {processor.py:183} INFO - Processing /home/airflow/.local/lib/python3.12/site-packages/airflow/example_dags/example_external_task_marker_dag.py took 0.146 seconds
[2024-07-14T16:48:01.513+0000] {processor.py:161} INFO - Started process (PID=1623) to work on /home/airflow/.local/lib/python3.12/site-packages/airflow/example_dags/example_external_task_marker_dag.py
[2024-07-14T16:48:01.515+0000] {processor.py:830} INFO - Processing file /home/airflow/.local/lib/python3.12/site-packages/airflow/example_dags/example_external_task_marker_dag.py for tasks to queue
[2024-07-14T16:48:01.517+0000] {logging_mixin.py:188} INFO - [2024-07-14T16:48:01.516+0000] {dagbag.py:545} INFO - Filling up the DagBag from /home/airflow/.local/lib/python3.12/site-packages/airflow/example_dags/example_external_task_marker_dag.py
[2024-07-14T16:48:01.534+0000] {processor.py:840} INFO - DAG(s) 'example_external_task_marker_parent', 'example_external_task_marker_child' retrieved from /home/airflow/.local/lib/python3.12/site-packages/airflow/example_dags/example_external_task_marker_dag.py
[2024-07-14T16:48:01.598+0000] {logging_mixin.py:188} INFO - [2024-07-14T16:48:01.598+0000] {dag.py:3096} INFO - Sync 2 DAGs
[2024-07-14T16:48:01.632+0000] {logging_mixin.py:188} INFO - [2024-07-14T16:48:01.631+0000] {dag.py:3954} INFO - Setting next_dagrun for example_external_task_marker_child to None, run_after=None
[2024-07-14T16:48:01.644+0000] {logging_mixin.py:188} INFO - [2024-07-14T16:48:01.644+0000] {dag.py:3954} INFO - Setting next_dagrun for example_external_task_marker_parent to None, run_after=None
[2024-07-14T16:48:01.697+0000] {processor.py:183} INFO - Processing /home/airflow/.local/lib/python3.12/site-packages/airflow/example_dags/example_external_task_marker_dag.py took 0.196 seconds
[2024-07-14T16:48:32.111+0000] {processor.py:161} INFO - Started process (PID=1682) to work on /home/airflow/.local/lib/python3.12/site-packages/airflow/example_dags/example_external_task_marker_dag.py
[2024-07-14T16:48:32.113+0000] {processor.py:830} INFO - Processing file /home/airflow/.local/lib/python3.12/site-packages/airflow/example_dags/example_external_task_marker_dag.py for tasks to queue
[2024-07-14T16:48:32.114+0000] {logging_mixin.py:188} INFO - [2024-07-14T16:48:32.114+0000] {dagbag.py:545} INFO - Filling up the DagBag from /home/airflow/.local/lib/python3.12/site-packages/airflow/example_dags/example_external_task_marker_dag.py
[2024-07-14T16:48:32.133+0000] {processor.py:840} INFO - DAG(s) 'example_external_task_marker_parent', 'example_external_task_marker_child' retrieved from /home/airflow/.local/lib/python3.12/site-packages/airflow/example_dags/example_external_task_marker_dag.py
[2024-07-14T16:48:32.186+0000] {logging_mixin.py:188} INFO - [2024-07-14T16:48:32.185+0000] {dag.py:3096} INFO - Sync 2 DAGs
[2024-07-14T16:48:32.207+0000] {logging_mixin.py:188} INFO - [2024-07-14T16:48:32.207+0000] {dag.py:3954} INFO - Setting next_dagrun for example_external_task_marker_child to None, run_after=None
[2024-07-14T16:48:32.215+0000] {logging_mixin.py:188} INFO - [2024-07-14T16:48:32.215+0000] {dag.py:3954} INFO - Setting next_dagrun for example_external_task_marker_parent to None, run_after=None
[2024-07-14T16:48:32.255+0000] {processor.py:183} INFO - Processing /home/airflow/.local/lib/python3.12/site-packages/airflow/example_dags/example_external_task_marker_dag.py took 0.154 seconds
[2024-07-14T16:49:02.828+0000] {processor.py:161} INFO - Started process (PID=1741) to work on /home/airflow/.local/lib/python3.12/site-packages/airflow/example_dags/example_external_task_marker_dag.py
[2024-07-14T16:49:02.833+0000] {processor.py:830} INFO - Processing file /home/airflow/.local/lib/python3.12/site-packages/airflow/example_dags/example_external_task_marker_dag.py for tasks to queue
[2024-07-14T16:49:02.835+0000] {logging_mixin.py:188} INFO - [2024-07-14T16:49:02.834+0000] {dagbag.py:545} INFO - Filling up the DagBag from /home/airflow/.local/lib/python3.12/site-packages/airflow/example_dags/example_external_task_marker_dag.py
[2024-07-14T16:49:02.849+0000] {processor.py:840} INFO - DAG(s) 'example_external_task_marker_child', 'example_external_task_marker_parent' retrieved from /home/airflow/.local/lib/python3.12/site-packages/airflow/example_dags/example_external_task_marker_dag.py
[2024-07-14T16:49:02.897+0000] {logging_mixin.py:188} INFO - [2024-07-14T16:49:02.897+0000] {dag.py:3096} INFO - Sync 2 DAGs
[2024-07-14T16:49:02.925+0000] {logging_mixin.py:188} INFO - [2024-07-14T16:49:02.925+0000] {dag.py:3954} INFO - Setting next_dagrun for example_external_task_marker_child to None, run_after=None
[2024-07-14T16:49:02.935+0000] {logging_mixin.py:188} INFO - [2024-07-14T16:49:02.935+0000] {dag.py:3954} INFO - Setting next_dagrun for example_external_task_marker_parent to None, run_after=None
[2024-07-14T16:49:02.967+0000] {processor.py:183} INFO - Processing /home/airflow/.local/lib/python3.12/site-packages/airflow/example_dags/example_external_task_marker_dag.py took 0.155 seconds
[2024-07-14T16:49:34.460+0000] {processor.py:161} INFO - Started process (PID=1800) to work on /home/airflow/.local/lib/python3.12/site-packages/airflow/example_dags/example_external_task_marker_dag.py
[2024-07-14T16:49:34.465+0000] {processor.py:830} INFO - Processing file /home/airflow/.local/lib/python3.12/site-packages/airflow/example_dags/example_external_task_marker_dag.py for tasks to queue
[2024-07-14T16:49:34.479+0000] {logging_mixin.py:188} INFO - [2024-07-14T16:49:34.476+0000] {dagbag.py:545} INFO - Filling up the DagBag from /home/airflow/.local/lib/python3.12/site-packages/airflow/example_dags/example_external_task_marker_dag.py
[2024-07-14T16:49:34.495+0000] {processor.py:840} INFO - DAG(s) 'example_external_task_marker_parent', 'example_external_task_marker_child' retrieved from /home/airflow/.local/lib/python3.12/site-packages/airflow/example_dags/example_external_task_marker_dag.py
[2024-07-14T16:49:34.563+0000] {logging_mixin.py:188} INFO - [2024-07-14T16:49:34.562+0000] {dag.py:3096} INFO - Sync 2 DAGs
[2024-07-14T16:49:34.599+0000] {logging_mixin.py:188} INFO - [2024-07-14T16:49:34.599+0000] {dag.py:3954} INFO - Setting next_dagrun for example_external_task_marker_child to None, run_after=None
[2024-07-14T16:49:34.996+0000] {logging_mixin.py:188} INFO - [2024-07-14T16:49:34.995+0000] {dag.py:3954} INFO - Setting next_dagrun for example_external_task_marker_parent to None, run_after=None
[2024-07-14T16:49:35.127+0000] {processor.py:183} INFO - Processing /home/airflow/.local/lib/python3.12/site-packages/airflow/example_dags/example_external_task_marker_dag.py took 0.678 seconds
[2024-07-14T16:50:06.188+0000] {processor.py:161} INFO - Started process (PID=1861) to work on /home/airflow/.local/lib/python3.12/site-packages/airflow/example_dags/example_external_task_marker_dag.py
[2024-07-14T16:50:06.189+0000] {processor.py:830} INFO - Processing file /home/airflow/.local/lib/python3.12/site-packages/airflow/example_dags/example_external_task_marker_dag.py for tasks to queue
[2024-07-14T16:50:06.192+0000] {logging_mixin.py:188} INFO - [2024-07-14T16:50:06.191+0000] {dagbag.py:545} INFO - Filling up the DagBag from /home/airflow/.local/lib/python3.12/site-packages/airflow/example_dags/example_external_task_marker_dag.py
[2024-07-14T16:50:06.205+0000] {processor.py:840} INFO - DAG(s) 'example_external_task_marker_child', 'example_external_task_marker_parent' retrieved from /home/airflow/.local/lib/python3.12/site-packages/airflow/example_dags/example_external_task_marker_dag.py
[2024-07-14T16:50:06.254+0000] {logging_mixin.py:188} INFO - [2024-07-14T16:50:06.254+0000] {dag.py:3096} INFO - Sync 2 DAGs
[2024-07-14T16:50:06.288+0000] {logging_mixin.py:188} INFO - [2024-07-14T16:50:06.288+0000] {dag.py:3954} INFO - Setting next_dagrun for example_external_task_marker_child to None, run_after=None
[2024-07-14T16:50:06.308+0000] {logging_mixin.py:188} INFO - [2024-07-14T16:50:06.308+0000] {dag.py:3954} INFO - Setting next_dagrun for example_external_task_marker_parent to None, run_after=None
[2024-07-14T16:50:06.353+0000] {processor.py:183} INFO - Processing /home/airflow/.local/lib/python3.12/site-packages/airflow/example_dags/example_external_task_marker_dag.py took 0.177 seconds
[2024-07-14T16:50:36.471+0000] {processor.py:161} INFO - Started process (PID=1919) to work on /home/airflow/.local/lib/python3.12/site-packages/airflow/example_dags/example_external_task_marker_dag.py
[2024-07-14T16:50:36.482+0000] {processor.py:830} INFO - Processing file /home/airflow/.local/lib/python3.12/site-packages/airflow/example_dags/example_external_task_marker_dag.py for tasks to queue
[2024-07-14T16:50:36.484+0000] {logging_mixin.py:188} INFO - [2024-07-14T16:50:36.484+0000] {dagbag.py:545} INFO - Filling up the DagBag from /home/airflow/.local/lib/python3.12/site-packages/airflow/example_dags/example_external_task_marker_dag.py
[2024-07-14T16:50:36.497+0000] {processor.py:840} INFO - DAG(s) 'example_external_task_marker_parent', 'example_external_task_marker_child' retrieved from /home/airflow/.local/lib/python3.12/site-packages/airflow/example_dags/example_external_task_marker_dag.py
[2024-07-14T16:50:36.542+0000] {logging_mixin.py:188} INFO - [2024-07-14T16:50:36.542+0000] {dag.py:3096} INFO - Sync 2 DAGs
[2024-07-14T16:50:36.572+0000] {logging_mixin.py:188} INFO - [2024-07-14T16:50:36.571+0000] {dag.py:3954} INFO - Setting next_dagrun for example_external_task_marker_child to None, run_after=None
[2024-07-14T16:50:36.582+0000] {logging_mixin.py:188} INFO - [2024-07-14T16:50:36.582+0000] {dag.py:3954} INFO - Setting next_dagrun for example_external_task_marker_parent to None, run_after=None
[2024-07-14T16:50:36.612+0000] {processor.py:183} INFO - Processing /home/airflow/.local/lib/python3.12/site-packages/airflow/example_dags/example_external_task_marker_dag.py took 0.153 seconds
[2024-07-14T16:51:07.109+0000] {processor.py:161} INFO - Started process (PID=1978) to work on /home/airflow/.local/lib/python3.12/site-packages/airflow/example_dags/example_external_task_marker_dag.py
[2024-07-14T16:51:07.113+0000] {processor.py:830} INFO - Processing file /home/airflow/.local/lib/python3.12/site-packages/airflow/example_dags/example_external_task_marker_dag.py for tasks to queue
[2024-07-14T16:51:07.118+0000] {logging_mixin.py:188} INFO - [2024-07-14T16:51:07.117+0000] {dagbag.py:545} INFO - Filling up the DagBag from /home/airflow/.local/lib/python3.12/site-packages/airflow/example_dags/example_external_task_marker_dag.py
[2024-07-14T16:51:07.135+0000] {processor.py:840} INFO - DAG(s) 'example_external_task_marker_parent', 'example_external_task_marker_child' retrieved from /home/airflow/.local/lib/python3.12/site-packages/airflow/example_dags/example_external_task_marker_dag.py
[2024-07-14T16:51:07.223+0000] {logging_mixin.py:188} INFO - [2024-07-14T16:51:07.220+0000] {dag.py:3096} INFO - Sync 2 DAGs
[2024-07-14T16:51:07.444+0000] {logging_mixin.py:188} INFO - [2024-07-14T16:51:07.443+0000] {dag.py:3954} INFO - Setting next_dagrun for example_external_task_marker_child to None, run_after=None
[2024-07-14T16:51:07.458+0000] {logging_mixin.py:188} INFO - [2024-07-14T16:51:07.457+0000] {dag.py:3954} INFO - Setting next_dagrun for example_external_task_marker_parent to None, run_after=None
[2024-07-14T16:51:07.542+0000] {processor.py:183} INFO - Processing /home/airflow/.local/lib/python3.12/site-packages/airflow/example_dags/example_external_task_marker_dag.py took 0.446 seconds
[2024-07-14T16:51:37.967+0000] {processor.py:161} INFO - Started process (PID=2037) to work on /home/airflow/.local/lib/python3.12/site-packages/airflow/example_dags/example_external_task_marker_dag.py
[2024-07-14T16:51:37.972+0000] {processor.py:830} INFO - Processing file /home/airflow/.local/lib/python3.12/site-packages/airflow/example_dags/example_external_task_marker_dag.py for tasks to queue
[2024-07-14T16:51:37.979+0000] {logging_mixin.py:188} INFO - [2024-07-14T16:51:37.978+0000] {dagbag.py:545} INFO - Filling up the DagBag from /home/airflow/.local/lib/python3.12/site-packages/airflow/example_dags/example_external_task_marker_dag.py
[2024-07-14T16:51:37.989+0000] {processor.py:840} INFO - DAG(s) 'example_external_task_marker_child', 'example_external_task_marker_parent' retrieved from /home/airflow/.local/lib/python3.12/site-packages/airflow/example_dags/example_external_task_marker_dag.py
[2024-07-14T16:51:38.042+0000] {logging_mixin.py:188} INFO - [2024-07-14T16:51:38.042+0000] {dag.py:3096} INFO - Sync 2 DAGs
[2024-07-14T16:51:38.067+0000] {logging_mixin.py:188} INFO - [2024-07-14T16:51:38.066+0000] {dag.py:3954} INFO - Setting next_dagrun for example_external_task_marker_child to None, run_after=None
[2024-07-14T16:51:38.089+0000] {logging_mixin.py:188} INFO - [2024-07-14T16:51:38.088+0000] {dag.py:3954} INFO - Setting next_dagrun for example_external_task_marker_parent to None, run_after=None
[2024-07-14T16:51:38.136+0000] {processor.py:183} INFO - Processing /home/airflow/.local/lib/python3.12/site-packages/airflow/example_dags/example_external_task_marker_dag.py took 0.181 seconds
[2024-07-14T16:56:19.875+0000] {processor.py:161} INFO - Started process (PID=99) to work on /home/airflow/.local/lib/python3.12/site-packages/airflow/example_dags/example_external_task_marker_dag.py
[2024-07-14T16:56:19.876+0000] {processor.py:830} INFO - Processing file /home/airflow/.local/lib/python3.12/site-packages/airflow/example_dags/example_external_task_marker_dag.py for tasks to queue
[2024-07-14T16:56:19.879+0000] {logging_mixin.py:188} INFO - [2024-07-14T16:56:19.879+0000] {dagbag.py:545} INFO - Filling up the DagBag from /home/airflow/.local/lib/python3.12/site-packages/airflow/example_dags/example_external_task_marker_dag.py
[2024-07-14T16:56:19.893+0000] {processor.py:840} INFO - DAG(s) 'example_external_task_marker_parent', 'example_external_task_marker_child' retrieved from /home/airflow/.local/lib/python3.12/site-packages/airflow/example_dags/example_external_task_marker_dag.py
[2024-07-14T16:56:20.432+0000] {logging_mixin.py:188} INFO - [2024-07-14T16:56:20.432+0000] {dag.py:3096} INFO - Sync 2 DAGs
[2024-07-14T16:56:20.458+0000] {logging_mixin.py:188} INFO - [2024-07-14T16:56:20.457+0000] {dag.py:3954} INFO - Setting next_dagrun for example_external_task_marker_child to None, run_after=None
[2024-07-14T16:56:20.465+0000] {logging_mixin.py:188} INFO - [2024-07-14T16:56:20.465+0000] {dag.py:3954} INFO - Setting next_dagrun for example_external_task_marker_parent to None, run_after=None
[2024-07-14T16:56:20.502+0000] {processor.py:183} INFO - Processing /home/airflow/.local/lib/python3.12/site-packages/airflow/example_dags/example_external_task_marker_dag.py took 0.644 seconds
[2024-07-14T16:56:50.716+0000] {processor.py:161} INFO - Started process (PID=158) to work on /home/airflow/.local/lib/python3.12/site-packages/airflow/example_dags/example_external_task_marker_dag.py
[2024-07-14T16:56:50.718+0000] {processor.py:830} INFO - Processing file /home/airflow/.local/lib/python3.12/site-packages/airflow/example_dags/example_external_task_marker_dag.py for tasks to queue
[2024-07-14T16:56:50.723+0000] {logging_mixin.py:188} INFO - [2024-07-14T16:56:50.723+0000] {dagbag.py:545} INFO - Filling up the DagBag from /home/airflow/.local/lib/python3.12/site-packages/airflow/example_dags/example_external_task_marker_dag.py
[2024-07-14T16:56:50.738+0000] {processor.py:840} INFO - DAG(s) 'example_external_task_marker_parent', 'example_external_task_marker_child' retrieved from /home/airflow/.local/lib/python3.12/site-packages/airflow/example_dags/example_external_task_marker_dag.py
[2024-07-14T16:56:50.812+0000] {logging_mixin.py:188} INFO - [2024-07-14T16:56:50.811+0000] {dag.py:3096} INFO - Sync 2 DAGs
[2024-07-14T16:56:50.837+0000] {logging_mixin.py:188} INFO - [2024-07-14T16:56:50.837+0000] {dag.py:3954} INFO - Setting next_dagrun for example_external_task_marker_child to None, run_after=None
[2024-07-14T16:56:50.844+0000] {logging_mixin.py:188} INFO - [2024-07-14T16:56:50.844+0000] {dag.py:3954} INFO - Setting next_dagrun for example_external_task_marker_parent to None, run_after=None
[2024-07-14T16:56:50.892+0000] {processor.py:183} INFO - Processing /home/airflow/.local/lib/python3.12/site-packages/airflow/example_dags/example_external_task_marker_dag.py took 0.187 seconds
