[2024-07-14T16:33:25.537+0000] {processor.py:161} INFO - Started process (PID=52) to work on /home/airflow/.local/lib/python3.12/site-packages/airflow/example_dags/example_short_circuit_operator.py
[2024-07-14T16:33:25.542+0000] {processor.py:830} INFO - Processing file /home/airflow/.local/lib/python3.12/site-packages/airflow/example_dags/example_short_circuit_operator.py for tasks to queue
[2024-07-14T16:33:25.553+0000] {logging_mixin.py:188} INFO - [2024-07-14T16:33:25.552+0000] {dagbag.py:545} INFO - Filling up the DagBag from /home/airflow/.local/lib/python3.12/site-packages/airflow/example_dags/example_short_circuit_operator.py
[2024-07-14T16:33:25.675+0000] {processor.py:840} INFO - DAG(s) 'example_short_circuit_operator' retrieved from /home/airflow/.local/lib/python3.12/site-packages/airflow/example_dags/example_short_circuit_operator.py
[2024-07-14T16:33:26.847+0000] {logging_mixin.py:188} INFO - [2024-07-14T16:33:26.843+0000] {dag.py:3096} INFO - Sync 1 DAGs
[2024-07-14T16:33:27.103+0000] {logging_mixin.py:188} INFO - [2024-07-14T16:33:27.090+0000] {dag.py:3954} INFO - Setting next_dagrun for example_short_circuit_operator to 2024-07-13 00:00:00+00:00, run_after=2024-07-14 00:00:00+00:00
[2024-07-14T16:33:27.339+0000] {processor.py:183} INFO - Processing /home/airflow/.local/lib/python3.12/site-packages/airflow/example_dags/example_short_circuit_operator.py took 1.831 seconds
[2024-07-14T16:33:58.113+0000] {processor.py:161} INFO - Started process (PID=111) to work on /home/airflow/.local/lib/python3.12/site-packages/airflow/example_dags/example_short_circuit_operator.py
[2024-07-14T16:33:58.126+0000] {processor.py:830} INFO - Processing file /home/airflow/.local/lib/python3.12/site-packages/airflow/example_dags/example_short_circuit_operator.py for tasks to queue
[2024-07-14T16:33:58.130+0000] {logging_mixin.py:188} INFO - [2024-07-14T16:33:58.129+0000] {dagbag.py:545} INFO - Filling up the DagBag from /home/airflow/.local/lib/python3.12/site-packages/airflow/example_dags/example_short_circuit_operator.py
[2024-07-14T16:33:58.151+0000] {processor.py:840} INFO - DAG(s) 'example_short_circuit_operator' retrieved from /home/airflow/.local/lib/python3.12/site-packages/airflow/example_dags/example_short_circuit_operator.py
[2024-07-14T16:33:58.231+0000] {logging_mixin.py:188} INFO - [2024-07-14T16:33:58.231+0000] {dag.py:3096} INFO - Sync 1 DAGs
[2024-07-14T16:33:58.314+0000] {logging_mixin.py:188} INFO - [2024-07-14T16:33:58.313+0000] {dag.py:3954} INFO - Setting next_dagrun for example_short_circuit_operator to 2024-07-13 00:00:00+00:00, run_after=2024-07-14 00:00:00+00:00
[2024-07-14T16:33:58.391+0000] {processor.py:183} INFO - Processing /home/airflow/.local/lib/python3.12/site-packages/airflow/example_dags/example_short_circuit_operator.py took 0.298 seconds
[2024-07-14T16:34:28.543+0000] {processor.py:161} INFO - Started process (PID=168) to work on /home/airflow/.local/lib/python3.12/site-packages/airflow/example_dags/example_short_circuit_operator.py
[2024-07-14T16:34:28.545+0000] {processor.py:830} INFO - Processing file /home/airflow/.local/lib/python3.12/site-packages/airflow/example_dags/example_short_circuit_operator.py for tasks to queue
[2024-07-14T16:34:28.548+0000] {logging_mixin.py:188} INFO - [2024-07-14T16:34:28.547+0000] {dagbag.py:545} INFO - Filling up the DagBag from /home/airflow/.local/lib/python3.12/site-packages/airflow/example_dags/example_short_circuit_operator.py
[2024-07-14T16:34:28.559+0000] {processor.py:840} INFO - DAG(s) 'example_short_circuit_operator' retrieved from /home/airflow/.local/lib/python3.12/site-packages/airflow/example_dags/example_short_circuit_operator.py
[2024-07-14T16:34:28.608+0000] {logging_mixin.py:188} INFO - [2024-07-14T16:34:28.608+0000] {dag.py:3096} INFO - Sync 1 DAGs
[2024-07-14T16:34:28.648+0000] {logging_mixin.py:188} INFO - [2024-07-14T16:34:28.647+0000] {dag.py:3954} INFO - Setting next_dagrun for example_short_circuit_operator to 2024-07-13 00:00:00+00:00, run_after=2024-07-14 00:00:00+00:00
[2024-07-14T16:34:28.685+0000] {processor.py:183} INFO - Processing /home/airflow/.local/lib/python3.12/site-packages/airflow/example_dags/example_short_circuit_operator.py took 0.150 seconds
[2024-07-14T16:34:58.857+0000] {processor.py:161} INFO - Started process (PID=226) to work on /home/airflow/.local/lib/python3.12/site-packages/airflow/example_dags/example_short_circuit_operator.py
[2024-07-14T16:34:58.860+0000] {processor.py:830} INFO - Processing file /home/airflow/.local/lib/python3.12/site-packages/airflow/example_dags/example_short_circuit_operator.py for tasks to queue
[2024-07-14T16:34:58.868+0000] {logging_mixin.py:188} INFO - [2024-07-14T16:34:58.867+0000] {dagbag.py:545} INFO - Filling up the DagBag from /home/airflow/.local/lib/python3.12/site-packages/airflow/example_dags/example_short_circuit_operator.py
[2024-07-14T16:34:58.886+0000] {processor.py:840} INFO - DAG(s) 'example_short_circuit_operator' retrieved from /home/airflow/.local/lib/python3.12/site-packages/airflow/example_dags/example_short_circuit_operator.py
[2024-07-14T16:34:58.932+0000] {logging_mixin.py:188} INFO - [2024-07-14T16:34:58.932+0000] {dag.py:3096} INFO - Sync 1 DAGs
[2024-07-14T16:34:58.985+0000] {logging_mixin.py:188} INFO - [2024-07-14T16:34:58.985+0000] {dag.py:3954} INFO - Setting next_dagrun for example_short_circuit_operator to 2024-07-13 00:00:00+00:00, run_after=2024-07-14 00:00:00+00:00
[2024-07-14T16:34:59.033+0000] {processor.py:183} INFO - Processing /home/airflow/.local/lib/python3.12/site-packages/airflow/example_dags/example_short_circuit_operator.py took 0.184 seconds
[2024-07-14T16:35:29.289+0000] {processor.py:161} INFO - Started process (PID=284) to work on /home/airflow/.local/lib/python3.12/site-packages/airflow/example_dags/example_short_circuit_operator.py
[2024-07-14T16:35:29.295+0000] {processor.py:830} INFO - Processing file /home/airflow/.local/lib/python3.12/site-packages/airflow/example_dags/example_short_circuit_operator.py for tasks to queue
[2024-07-14T16:35:29.298+0000] {logging_mixin.py:188} INFO - [2024-07-14T16:35:29.297+0000] {dagbag.py:545} INFO - Filling up the DagBag from /home/airflow/.local/lib/python3.12/site-packages/airflow/example_dags/example_short_circuit_operator.py
[2024-07-14T16:35:29.310+0000] {processor.py:840} INFO - DAG(s) 'example_short_circuit_operator' retrieved from /home/airflow/.local/lib/python3.12/site-packages/airflow/example_dags/example_short_circuit_operator.py
[2024-07-14T16:35:29.376+0000] {logging_mixin.py:188} INFO - [2024-07-14T16:35:29.375+0000] {dag.py:3096} INFO - Sync 1 DAGs
[2024-07-14T16:35:29.438+0000] {logging_mixin.py:188} INFO - [2024-07-14T16:35:29.437+0000] {dag.py:3954} INFO - Setting next_dagrun for example_short_circuit_operator to 2024-07-13 00:00:00+00:00, run_after=2024-07-14 00:00:00+00:00
[2024-07-14T16:35:29.486+0000] {processor.py:183} INFO - Processing /home/airflow/.local/lib/python3.12/site-packages/airflow/example_dags/example_short_circuit_operator.py took 0.207 seconds
[2024-07-14T16:35:59.789+0000] {processor.py:161} INFO - Started process (PID=342) to work on /home/airflow/.local/lib/python3.12/site-packages/airflow/example_dags/example_short_circuit_operator.py
[2024-07-14T16:35:59.791+0000] {processor.py:830} INFO - Processing file /home/airflow/.local/lib/python3.12/site-packages/airflow/example_dags/example_short_circuit_operator.py for tasks to queue
[2024-07-14T16:35:59.797+0000] {logging_mixin.py:188} INFO - [2024-07-14T16:35:59.796+0000] {dagbag.py:545} INFO - Filling up the DagBag from /home/airflow/.local/lib/python3.12/site-packages/airflow/example_dags/example_short_circuit_operator.py
[2024-07-14T16:35:59.826+0000] {processor.py:840} INFO - DAG(s) 'example_short_circuit_operator' retrieved from /home/airflow/.local/lib/python3.12/site-packages/airflow/example_dags/example_short_circuit_operator.py
[2024-07-14T16:35:59.905+0000] {logging_mixin.py:188} INFO - [2024-07-14T16:35:59.904+0000] {dag.py:3096} INFO - Sync 1 DAGs
[2024-07-14T16:35:59.982+0000] {logging_mixin.py:188} INFO - [2024-07-14T16:35:59.981+0000] {dag.py:3954} INFO - Setting next_dagrun for example_short_circuit_operator to 2024-07-13 00:00:00+00:00, run_after=2024-07-14 00:00:00+00:00
[2024-07-14T16:36:00.036+0000] {processor.py:183} INFO - Processing /home/airflow/.local/lib/python3.12/site-packages/airflow/example_dags/example_short_circuit_operator.py took 0.272 seconds
[2024-07-14T16:36:30.168+0000] {processor.py:161} INFO - Started process (PID=400) to work on /home/airflow/.local/lib/python3.12/site-packages/airflow/example_dags/example_short_circuit_operator.py
[2024-07-14T16:36:30.173+0000] {processor.py:830} INFO - Processing file /home/airflow/.local/lib/python3.12/site-packages/airflow/example_dags/example_short_circuit_operator.py for tasks to queue
[2024-07-14T16:36:30.182+0000] {logging_mixin.py:188} INFO - [2024-07-14T16:36:30.181+0000] {dagbag.py:545} INFO - Filling up the DagBag from /home/airflow/.local/lib/python3.12/site-packages/airflow/example_dags/example_short_circuit_operator.py
[2024-07-14T16:36:30.195+0000] {processor.py:840} INFO - DAG(s) 'example_short_circuit_operator' retrieved from /home/airflow/.local/lib/python3.12/site-packages/airflow/example_dags/example_short_circuit_operator.py
[2024-07-14T16:36:30.245+0000] {logging_mixin.py:188} INFO - [2024-07-14T16:36:30.244+0000] {dag.py:3096} INFO - Sync 1 DAGs
[2024-07-14T16:36:30.294+0000] {logging_mixin.py:188} INFO - [2024-07-14T16:36:30.293+0000] {dag.py:3954} INFO - Setting next_dagrun for example_short_circuit_operator to 2024-07-13 00:00:00+00:00, run_after=2024-07-14 00:00:00+00:00
[2024-07-14T16:36:30.341+0000] {processor.py:183} INFO - Processing /home/airflow/.local/lib/python3.12/site-packages/airflow/example_dags/example_short_circuit_operator.py took 0.188 seconds
[2024-07-14T16:37:00.521+0000] {processor.py:161} INFO - Started process (PID=459) to work on /home/airflow/.local/lib/python3.12/site-packages/airflow/example_dags/example_short_circuit_operator.py
[2024-07-14T16:37:00.525+0000] {processor.py:830} INFO - Processing file /home/airflow/.local/lib/python3.12/site-packages/airflow/example_dags/example_short_circuit_operator.py for tasks to queue
[2024-07-14T16:37:00.529+0000] {logging_mixin.py:188} INFO - [2024-07-14T16:37:00.529+0000] {dagbag.py:545} INFO - Filling up the DagBag from /home/airflow/.local/lib/python3.12/site-packages/airflow/example_dags/example_short_circuit_operator.py
[2024-07-14T16:37:00.542+0000] {processor.py:840} INFO - DAG(s) 'example_short_circuit_operator' retrieved from /home/airflow/.local/lib/python3.12/site-packages/airflow/example_dags/example_short_circuit_operator.py
[2024-07-14T16:37:00.586+0000] {logging_mixin.py:188} INFO - [2024-07-14T16:37:00.586+0000] {dag.py:3096} INFO - Sync 1 DAGs
[2024-07-14T16:37:00.624+0000] {logging_mixin.py:188} INFO - [2024-07-14T16:37:00.624+0000] {dag.py:3954} INFO - Setting next_dagrun for example_short_circuit_operator to 2024-07-13 00:00:00+00:00, run_after=2024-07-14 00:00:00+00:00
[2024-07-14T16:37:00.656+0000] {processor.py:183} INFO - Processing /home/airflow/.local/lib/python3.12/site-packages/airflow/example_dags/example_short_circuit_operator.py took 0.149 seconds
[2024-07-14T16:37:32.289+0000] {processor.py:161} INFO - Started process (PID=514) to work on /home/airflow/.local/lib/python3.12/site-packages/airflow/example_dags/example_short_circuit_operator.py
[2024-07-14T16:37:32.293+0000] {processor.py:830} INFO - Processing file /home/airflow/.local/lib/python3.12/site-packages/airflow/example_dags/example_short_circuit_operator.py for tasks to queue
[2024-07-14T16:37:32.298+0000] {logging_mixin.py:188} INFO - [2024-07-14T16:37:32.296+0000] {dagbag.py:545} INFO - Filling up the DagBag from /home/airflow/.local/lib/python3.12/site-packages/airflow/example_dags/example_short_circuit_operator.py
[2024-07-14T16:37:32.341+0000] {processor.py:840} INFO - DAG(s) 'example_short_circuit_operator' retrieved from /home/airflow/.local/lib/python3.12/site-packages/airflow/example_dags/example_short_circuit_operator.py
[2024-07-14T16:37:32.605+0000] {logging_mixin.py:188} INFO - [2024-07-14T16:37:32.604+0000] {dag.py:3096} INFO - Sync 1 DAGs
[2024-07-14T16:37:32.744+0000] {logging_mixin.py:188} INFO - [2024-07-14T16:37:32.744+0000] {dag.py:3954} INFO - Setting next_dagrun for example_short_circuit_operator to 2024-07-13 00:00:00+00:00, run_after=2024-07-14 00:00:00+00:00
[2024-07-14T16:37:32.947+0000] {processor.py:183} INFO - Processing /home/airflow/.local/lib/python3.12/site-packages/airflow/example_dags/example_short_circuit_operator.py took 0.761 seconds
[2024-07-14T16:38:33.155+0000] {processor.py:161} INFO - Started process (PID=577) to work on /home/airflow/.local/lib/python3.12/site-packages/airflow/example_dags/example_short_circuit_operator.py
[2024-07-14T16:38:33.349+0000] {processor.py:830} INFO - Processing file /home/airflow/.local/lib/python3.12/site-packages/airflow/example_dags/example_short_circuit_operator.py for tasks to queue
[2024-07-14T16:38:33.384+0000] {logging_mixin.py:188} INFO - [2024-07-14T16:38:33.384+0000] {dagbag.py:545} INFO - Filling up the DagBag from /home/airflow/.local/lib/python3.12/site-packages/airflow/example_dags/example_short_circuit_operator.py
[2024-07-14T16:38:33.900+0000] {processor.py:840} INFO - DAG(s) 'example_short_circuit_operator' retrieved from /home/airflow/.local/lib/python3.12/site-packages/airflow/example_dags/example_short_circuit_operator.py
[2024-07-14T16:38:34.148+0000] {logging_mixin.py:188} INFO - [2024-07-14T16:38:34.147+0000] {dag.py:3096} INFO - Sync 1 DAGs
[2024-07-14T16:38:34.377+0000] {logging_mixin.py:188} INFO - [2024-07-14T16:38:34.374+0000] {dag.py:3954} INFO - Setting next_dagrun for example_short_circuit_operator to 2024-07-13 00:00:00+00:00, run_after=2024-07-14 00:00:00+00:00
[2024-07-14T16:38:34.548+0000] {processor.py:183} INFO - Processing /home/airflow/.local/lib/python3.12/site-packages/airflow/example_dags/example_short_circuit_operator.py took 1.491 seconds
[2024-07-14T16:39:22.337+0000] {processor.py:161} INFO - Started process (PID=638) to work on /home/airflow/.local/lib/python3.12/site-packages/airflow/example_dags/example_short_circuit_operator.py
[2024-07-14T16:39:22.339+0000] {processor.py:830} INFO - Processing file /home/airflow/.local/lib/python3.12/site-packages/airflow/example_dags/example_short_circuit_operator.py for tasks to queue
[2024-07-14T16:39:22.341+0000] {logging_mixin.py:188} INFO - [2024-07-14T16:39:22.340+0000] {dagbag.py:545} INFO - Filling up the DagBag from /home/airflow/.local/lib/python3.12/site-packages/airflow/example_dags/example_short_circuit_operator.py
[2024-07-14T16:39:22.385+0000] {processor.py:840} INFO - DAG(s) 'example_short_circuit_operator' retrieved from /home/airflow/.local/lib/python3.12/site-packages/airflow/example_dags/example_short_circuit_operator.py
[2024-07-14T16:39:22.594+0000] {logging_mixin.py:188} INFO - [2024-07-14T16:39:22.592+0000] {dag.py:3096} INFO - Sync 1 DAGs
[2024-07-14T16:39:22.865+0000] {logging_mixin.py:188} INFO - [2024-07-14T16:39:22.863+0000] {dag.py:3954} INFO - Setting next_dagrun for example_short_circuit_operator to 2024-07-13 00:00:00+00:00, run_after=2024-07-14 00:00:00+00:00
[2024-07-14T16:39:23.045+0000] {processor.py:183} INFO - Processing /home/airflow/.local/lib/python3.12/site-packages/airflow/example_dags/example_short_circuit_operator.py took 0.742 seconds
[2024-07-14T16:39:55.080+0000] {processor.py:161} INFO - Started process (PID=704) to work on /home/airflow/.local/lib/python3.12/site-packages/airflow/example_dags/example_short_circuit_operator.py
[2024-07-14T16:39:55.088+0000] {processor.py:830} INFO - Processing file /home/airflow/.local/lib/python3.12/site-packages/airflow/example_dags/example_short_circuit_operator.py for tasks to queue
[2024-07-14T16:39:55.090+0000] {logging_mixin.py:188} INFO - [2024-07-14T16:39:55.089+0000] {dagbag.py:545} INFO - Filling up the DagBag from /home/airflow/.local/lib/python3.12/site-packages/airflow/example_dags/example_short_circuit_operator.py
[2024-07-14T16:39:55.119+0000] {processor.py:840} INFO - DAG(s) 'example_short_circuit_operator' retrieved from /home/airflow/.local/lib/python3.12/site-packages/airflow/example_dags/example_short_circuit_operator.py
[2024-07-14T16:39:55.453+0000] {logging_mixin.py:188} INFO - [2024-07-14T16:39:55.452+0000] {dag.py:3096} INFO - Sync 1 DAGs
[2024-07-14T16:39:55.595+0000] {logging_mixin.py:188} INFO - [2024-07-14T16:39:55.595+0000] {dag.py:3954} INFO - Setting next_dagrun for example_short_circuit_operator to 2024-07-13 00:00:00+00:00, run_after=2024-07-14 00:00:00+00:00
[2024-07-14T16:39:55.643+0000] {processor.py:183} INFO - Processing /home/airflow/.local/lib/python3.12/site-packages/airflow/example_dags/example_short_circuit_operator.py took 0.588 seconds
[2024-07-14T16:40:25.808+0000] {processor.py:161} INFO - Started process (PID=763) to work on /home/airflow/.local/lib/python3.12/site-packages/airflow/example_dags/example_short_circuit_operator.py
[2024-07-14T16:40:25.811+0000] {processor.py:830} INFO - Processing file /home/airflow/.local/lib/python3.12/site-packages/airflow/example_dags/example_short_circuit_operator.py for tasks to queue
[2024-07-14T16:40:25.813+0000] {logging_mixin.py:188} INFO - [2024-07-14T16:40:25.812+0000] {dagbag.py:545} INFO - Filling up the DagBag from /home/airflow/.local/lib/python3.12/site-packages/airflow/example_dags/example_short_circuit_operator.py
[2024-07-14T16:40:25.844+0000] {processor.py:840} INFO - DAG(s) 'example_short_circuit_operator' retrieved from /home/airflow/.local/lib/python3.12/site-packages/airflow/example_dags/example_short_circuit_operator.py
[2024-07-14T16:40:25.902+0000] {logging_mixin.py:188} INFO - [2024-07-14T16:40:25.901+0000] {dag.py:3096} INFO - Sync 1 DAGs
[2024-07-14T16:40:25.951+0000] {logging_mixin.py:188} INFO - [2024-07-14T16:40:25.951+0000] {dag.py:3954} INFO - Setting next_dagrun for example_short_circuit_operator to 2024-07-13 00:00:00+00:00, run_after=2024-07-14 00:00:00+00:00
[2024-07-14T16:40:25.988+0000] {processor.py:183} INFO - Processing /home/airflow/.local/lib/python3.12/site-packages/airflow/example_dags/example_short_circuit_operator.py took 0.191 seconds
[2024-07-14T16:40:56.440+0000] {processor.py:161} INFO - Started process (PID=821) to work on /home/airflow/.local/lib/python3.12/site-packages/airflow/example_dags/example_short_circuit_operator.py
[2024-07-14T16:40:56.442+0000] {processor.py:830} INFO - Processing file /home/airflow/.local/lib/python3.12/site-packages/airflow/example_dags/example_short_circuit_operator.py for tasks to queue
[2024-07-14T16:40:56.444+0000] {logging_mixin.py:188} INFO - [2024-07-14T16:40:56.444+0000] {dagbag.py:545} INFO - Filling up the DagBag from /home/airflow/.local/lib/python3.12/site-packages/airflow/example_dags/example_short_circuit_operator.py
[2024-07-14T16:40:56.457+0000] {processor.py:840} INFO - DAG(s) 'example_short_circuit_operator' retrieved from /home/airflow/.local/lib/python3.12/site-packages/airflow/example_dags/example_short_circuit_operator.py
[2024-07-14T16:40:56.539+0000] {logging_mixin.py:188} INFO - [2024-07-14T16:40:56.538+0000] {dag.py:3096} INFO - Sync 1 DAGs
[2024-07-14T16:40:56.593+0000] {logging_mixin.py:188} INFO - [2024-07-14T16:40:56.592+0000] {dag.py:3954} INFO - Setting next_dagrun for example_short_circuit_operator to 2024-07-13 00:00:00+00:00, run_after=2024-07-14 00:00:00+00:00
[2024-07-14T16:40:56.644+0000] {processor.py:183} INFO - Processing /home/airflow/.local/lib/python3.12/site-packages/airflow/example_dags/example_short_circuit_operator.py took 0.214 seconds
[2024-07-14T16:41:27.483+0000] {processor.py:161} INFO - Started process (PID=880) to work on /home/airflow/.local/lib/python3.12/site-packages/airflow/example_dags/example_short_circuit_operator.py
[2024-07-14T16:41:27.484+0000] {processor.py:830} INFO - Processing file /home/airflow/.local/lib/python3.12/site-packages/airflow/example_dags/example_short_circuit_operator.py for tasks to queue
[2024-07-14T16:41:27.486+0000] {logging_mixin.py:188} INFO - [2024-07-14T16:41:27.485+0000] {dagbag.py:545} INFO - Filling up the DagBag from /home/airflow/.local/lib/python3.12/site-packages/airflow/example_dags/example_short_circuit_operator.py
[2024-07-14T16:41:27.506+0000] {processor.py:840} INFO - DAG(s) 'example_short_circuit_operator' retrieved from /home/airflow/.local/lib/python3.12/site-packages/airflow/example_dags/example_short_circuit_operator.py
[2024-07-14T16:41:27.579+0000] {logging_mixin.py:188} INFO - [2024-07-14T16:41:27.579+0000] {dag.py:3096} INFO - Sync 1 DAGs
[2024-07-14T16:41:27.665+0000] {logging_mixin.py:188} INFO - [2024-07-14T16:41:27.664+0000] {dag.py:3954} INFO - Setting next_dagrun for example_short_circuit_operator to 2024-07-13 00:00:00+00:00, run_after=2024-07-14 00:00:00+00:00
[2024-07-14T16:41:27.708+0000] {processor.py:183} INFO - Processing /home/airflow/.local/lib/python3.12/site-packages/airflow/example_dags/example_short_circuit_operator.py took 0.251 seconds
[2024-07-14T16:41:58.882+0000] {processor.py:161} INFO - Started process (PID=940) to work on /home/airflow/.local/lib/python3.12/site-packages/airflow/example_dags/example_short_circuit_operator.py
[2024-07-14T16:41:58.889+0000] {processor.py:830} INFO - Processing file /home/airflow/.local/lib/python3.12/site-packages/airflow/example_dags/example_short_circuit_operator.py for tasks to queue
[2024-07-14T16:41:58.894+0000] {logging_mixin.py:188} INFO - [2024-07-14T16:41:58.893+0000] {dagbag.py:545} INFO - Filling up the DagBag from /home/airflow/.local/lib/python3.12/site-packages/airflow/example_dags/example_short_circuit_operator.py
[2024-07-14T16:41:58.927+0000] {processor.py:840} INFO - DAG(s) 'example_short_circuit_operator' retrieved from /home/airflow/.local/lib/python3.12/site-packages/airflow/example_dags/example_short_circuit_operator.py
[2024-07-14T16:41:59.041+0000] {logging_mixin.py:188} INFO - [2024-07-14T16:41:59.031+0000] {dag.py:3096} INFO - Sync 1 DAGs
[2024-07-14T16:41:59.139+0000] {logging_mixin.py:188} INFO - [2024-07-14T16:41:59.139+0000] {dag.py:3954} INFO - Setting next_dagrun for example_short_circuit_operator to 2024-07-13 00:00:00+00:00, run_after=2024-07-14 00:00:00+00:00
[2024-07-14T16:41:59.247+0000] {processor.py:183} INFO - Processing /home/airflow/.local/lib/python3.12/site-packages/airflow/example_dags/example_short_circuit_operator.py took 0.389 seconds
[2024-07-14T16:42:30.151+0000] {processor.py:161} INFO - Started process (PID=998) to work on /home/airflow/.local/lib/python3.12/site-packages/airflow/example_dags/example_short_circuit_operator.py
[2024-07-14T16:42:30.153+0000] {processor.py:830} INFO - Processing file /home/airflow/.local/lib/python3.12/site-packages/airflow/example_dags/example_short_circuit_operator.py for tasks to queue
[2024-07-14T16:42:30.154+0000] {logging_mixin.py:188} INFO - [2024-07-14T16:42:30.154+0000] {dagbag.py:545} INFO - Filling up the DagBag from /home/airflow/.local/lib/python3.12/site-packages/airflow/example_dags/example_short_circuit_operator.py
[2024-07-14T16:42:30.178+0000] {processor.py:840} INFO - DAG(s) 'example_short_circuit_operator' retrieved from /home/airflow/.local/lib/python3.12/site-packages/airflow/example_dags/example_short_circuit_operator.py
[2024-07-14T16:42:30.227+0000] {logging_mixin.py:188} INFO - [2024-07-14T16:42:30.223+0000] {dag.py:3096} INFO - Sync 1 DAGs
[2024-07-14T16:42:30.282+0000] {logging_mixin.py:188} INFO - [2024-07-14T16:42:30.281+0000] {dag.py:3954} INFO - Setting next_dagrun for example_short_circuit_operator to 2024-07-13 00:00:00+00:00, run_after=2024-07-14 00:00:00+00:00
[2024-07-14T16:42:30.336+0000] {processor.py:183} INFO - Processing /home/airflow/.local/lib/python3.12/site-packages/airflow/example_dags/example_short_circuit_operator.py took 0.197 seconds
[2024-07-14T16:43:00.440+0000] {processor.py:161} INFO - Started process (PID=1057) to work on /home/airflow/.local/lib/python3.12/site-packages/airflow/example_dags/example_short_circuit_operator.py
[2024-07-14T16:43:00.443+0000] {processor.py:830} INFO - Processing file /home/airflow/.local/lib/python3.12/site-packages/airflow/example_dags/example_short_circuit_operator.py for tasks to queue
[2024-07-14T16:43:00.445+0000] {logging_mixin.py:188} INFO - [2024-07-14T16:43:00.444+0000] {dagbag.py:545} INFO - Filling up the DagBag from /home/airflow/.local/lib/python3.12/site-packages/airflow/example_dags/example_short_circuit_operator.py
[2024-07-14T16:43:00.463+0000] {processor.py:840} INFO - DAG(s) 'example_short_circuit_operator' retrieved from /home/airflow/.local/lib/python3.12/site-packages/airflow/example_dags/example_short_circuit_operator.py
[2024-07-14T16:43:00.515+0000] {logging_mixin.py:188} INFO - [2024-07-14T16:43:00.515+0000] {dag.py:3096} INFO - Sync 1 DAGs
[2024-07-14T16:43:00.562+0000] {logging_mixin.py:188} INFO - [2024-07-14T16:43:00.561+0000] {dag.py:3954} INFO - Setting next_dagrun for example_short_circuit_operator to 2024-07-13 00:00:00+00:00, run_after=2024-07-14 00:00:00+00:00
[2024-07-14T16:43:00.602+0000] {processor.py:183} INFO - Processing /home/airflow/.local/lib/python3.12/site-packages/airflow/example_dags/example_short_circuit_operator.py took 0.172 seconds
[2024-07-14T16:43:30.747+0000] {processor.py:161} INFO - Started process (PID=1116) to work on /home/airflow/.local/lib/python3.12/site-packages/airflow/example_dags/example_short_circuit_operator.py
[2024-07-14T16:43:30.750+0000] {processor.py:830} INFO - Processing file /home/airflow/.local/lib/python3.12/site-packages/airflow/example_dags/example_short_circuit_operator.py for tasks to queue
[2024-07-14T16:43:30.751+0000] {logging_mixin.py:188} INFO - [2024-07-14T16:43:30.751+0000] {dagbag.py:545} INFO - Filling up the DagBag from /home/airflow/.local/lib/python3.12/site-packages/airflow/example_dags/example_short_circuit_operator.py
[2024-07-14T16:43:30.768+0000] {processor.py:840} INFO - DAG(s) 'example_short_circuit_operator' retrieved from /home/airflow/.local/lib/python3.12/site-packages/airflow/example_dags/example_short_circuit_operator.py
[2024-07-14T16:43:30.818+0000] {logging_mixin.py:188} INFO - [2024-07-14T16:43:30.817+0000] {dag.py:3096} INFO - Sync 1 DAGs
[2024-07-14T16:43:30.860+0000] {logging_mixin.py:188} INFO - [2024-07-14T16:43:30.859+0000] {dag.py:3954} INFO - Setting next_dagrun for example_short_circuit_operator to 2024-07-13 00:00:00+00:00, run_after=2024-07-14 00:00:00+00:00
[2024-07-14T16:43:30.898+0000] {processor.py:183} INFO - Processing /home/airflow/.local/lib/python3.12/site-packages/airflow/example_dags/example_short_circuit_operator.py took 0.163 seconds
[2024-07-14T16:44:01.304+0000] {processor.py:161} INFO - Started process (PID=1174) to work on /home/airflow/.local/lib/python3.12/site-packages/airflow/example_dags/example_short_circuit_operator.py
[2024-07-14T16:44:01.307+0000] {processor.py:830} INFO - Processing file /home/airflow/.local/lib/python3.12/site-packages/airflow/example_dags/example_short_circuit_operator.py for tasks to queue
[2024-07-14T16:44:01.309+0000] {logging_mixin.py:188} INFO - [2024-07-14T16:44:01.308+0000] {dagbag.py:545} INFO - Filling up the DagBag from /home/airflow/.local/lib/python3.12/site-packages/airflow/example_dags/example_short_circuit_operator.py
[2024-07-14T16:44:01.394+0000] {processor.py:840} INFO - DAG(s) 'example_short_circuit_operator' retrieved from /home/airflow/.local/lib/python3.12/site-packages/airflow/example_dags/example_short_circuit_operator.py
[2024-07-14T16:44:01.531+0000] {logging_mixin.py:188} INFO - [2024-07-14T16:44:01.530+0000] {dag.py:3096} INFO - Sync 1 DAGs
[2024-07-14T16:44:01.597+0000] {logging_mixin.py:188} INFO - [2024-07-14T16:44:01.597+0000] {dag.py:3954} INFO - Setting next_dagrun for example_short_circuit_operator to 2024-07-13 00:00:00+00:00, run_after=2024-07-14 00:00:00+00:00
[2024-07-14T16:44:01.642+0000] {processor.py:183} INFO - Processing /home/airflow/.local/lib/python3.12/site-packages/airflow/example_dags/example_short_circuit_operator.py took 0.351 seconds
[2024-07-14T16:44:31.952+0000] {processor.py:161} INFO - Started process (PID=1233) to work on /home/airflow/.local/lib/python3.12/site-packages/airflow/example_dags/example_short_circuit_operator.py
[2024-07-14T16:44:31.956+0000] {processor.py:830} INFO - Processing file /home/airflow/.local/lib/python3.12/site-packages/airflow/example_dags/example_short_circuit_operator.py for tasks to queue
[2024-07-14T16:44:31.959+0000] {logging_mixin.py:188} INFO - [2024-07-14T16:44:31.959+0000] {dagbag.py:545} INFO - Filling up the DagBag from /home/airflow/.local/lib/python3.12/site-packages/airflow/example_dags/example_short_circuit_operator.py
[2024-07-14T16:44:31.984+0000] {processor.py:840} INFO - DAG(s) 'example_short_circuit_operator' retrieved from /home/airflow/.local/lib/python3.12/site-packages/airflow/example_dags/example_short_circuit_operator.py
[2024-07-14T16:44:32.040+0000] {logging_mixin.py:188} INFO - [2024-07-14T16:44:32.039+0000] {dag.py:3096} INFO - Sync 1 DAGs
[2024-07-14T16:44:32.094+0000] {logging_mixin.py:188} INFO - [2024-07-14T16:44:32.094+0000] {dag.py:3954} INFO - Setting next_dagrun for example_short_circuit_operator to 2024-07-13 00:00:00+00:00, run_after=2024-07-14 00:00:00+00:00
[2024-07-14T16:44:32.134+0000] {processor.py:183} INFO - Processing /home/airflow/.local/lib/python3.12/site-packages/airflow/example_dags/example_short_circuit_operator.py took 0.194 seconds
[2024-07-14T16:45:02.964+0000] {processor.py:161} INFO - Started process (PID=1291) to work on /home/airflow/.local/lib/python3.12/site-packages/airflow/example_dags/example_short_circuit_operator.py
[2024-07-14T16:45:02.967+0000] {processor.py:830} INFO - Processing file /home/airflow/.local/lib/python3.12/site-packages/airflow/example_dags/example_short_circuit_operator.py for tasks to queue
[2024-07-14T16:45:02.969+0000] {logging_mixin.py:188} INFO - [2024-07-14T16:45:02.968+0000] {dagbag.py:545} INFO - Filling up the DagBag from /home/airflow/.local/lib/python3.12/site-packages/airflow/example_dags/example_short_circuit_operator.py
[2024-07-14T16:45:02.992+0000] {processor.py:840} INFO - DAG(s) 'example_short_circuit_operator' retrieved from /home/airflow/.local/lib/python3.12/site-packages/airflow/example_dags/example_short_circuit_operator.py
[2024-07-14T16:45:03.038+0000] {logging_mixin.py:188} INFO - [2024-07-14T16:45:03.037+0000] {dag.py:3096} INFO - Sync 1 DAGs
[2024-07-14T16:45:03.089+0000] {logging_mixin.py:188} INFO - [2024-07-14T16:45:03.089+0000] {dag.py:3954} INFO - Setting next_dagrun for example_short_circuit_operator to 2024-07-13 00:00:00+00:00, run_after=2024-07-14 00:00:00+00:00
[2024-07-14T16:45:03.118+0000] {processor.py:183} INFO - Processing /home/airflow/.local/lib/python3.12/site-packages/airflow/example_dags/example_short_circuit_operator.py took 0.165 seconds
[2024-07-14T16:45:34.549+0000] {processor.py:161} INFO - Started process (PID=1350) to work on /home/airflow/.local/lib/python3.12/site-packages/airflow/example_dags/example_short_circuit_operator.py
[2024-07-14T16:45:34.550+0000] {processor.py:830} INFO - Processing file /home/airflow/.local/lib/python3.12/site-packages/airflow/example_dags/example_short_circuit_operator.py for tasks to queue
[2024-07-14T16:45:34.552+0000] {logging_mixin.py:188} INFO - [2024-07-14T16:45:34.552+0000] {dagbag.py:545} INFO - Filling up the DagBag from /home/airflow/.local/lib/python3.12/site-packages/airflow/example_dags/example_short_circuit_operator.py
[2024-07-14T16:45:34.567+0000] {processor.py:840} INFO - DAG(s) 'example_short_circuit_operator' retrieved from /home/airflow/.local/lib/python3.12/site-packages/airflow/example_dags/example_short_circuit_operator.py
[2024-07-14T16:45:34.615+0000] {logging_mixin.py:188} INFO - [2024-07-14T16:45:34.615+0000] {dag.py:3096} INFO - Sync 1 DAGs
[2024-07-14T16:45:34.661+0000] {logging_mixin.py:188} INFO - [2024-07-14T16:45:34.660+0000] {dag.py:3954} INFO - Setting next_dagrun for example_short_circuit_operator to 2024-07-13 00:00:00+00:00, run_after=2024-07-14 00:00:00+00:00
[2024-07-14T16:45:34.707+0000] {processor.py:183} INFO - Processing /home/airflow/.local/lib/python3.12/site-packages/airflow/example_dags/example_short_circuit_operator.py took 0.169 seconds
[2024-07-14T16:46:05.750+0000] {processor.py:161} INFO - Started process (PID=1409) to work on /home/airflow/.local/lib/python3.12/site-packages/airflow/example_dags/example_short_circuit_operator.py
[2024-07-14T16:46:05.752+0000] {processor.py:830} INFO - Processing file /home/airflow/.local/lib/python3.12/site-packages/airflow/example_dags/example_short_circuit_operator.py for tasks to queue
[2024-07-14T16:46:05.754+0000] {logging_mixin.py:188} INFO - [2024-07-14T16:46:05.754+0000] {dagbag.py:545} INFO - Filling up the DagBag from /home/airflow/.local/lib/python3.12/site-packages/airflow/example_dags/example_short_circuit_operator.py
[2024-07-14T16:46:05.769+0000] {processor.py:840} INFO - DAG(s) 'example_short_circuit_operator' retrieved from /home/airflow/.local/lib/python3.12/site-packages/airflow/example_dags/example_short_circuit_operator.py
[2024-07-14T16:46:05.828+0000] {logging_mixin.py:188} INFO - [2024-07-14T16:46:05.828+0000] {dag.py:3096} INFO - Sync 1 DAGs
[2024-07-14T16:46:05.897+0000] {logging_mixin.py:188} INFO - [2024-07-14T16:46:05.896+0000] {dag.py:3954} INFO - Setting next_dagrun for example_short_circuit_operator to 2024-07-13 00:00:00+00:00, run_after=2024-07-14 00:00:00+00:00
[2024-07-14T16:46:05.941+0000] {processor.py:183} INFO - Processing /home/airflow/.local/lib/python3.12/site-packages/airflow/example_dags/example_short_circuit_operator.py took 0.201 seconds
[2024-07-14T16:46:36.805+0000] {processor.py:161} INFO - Started process (PID=1465) to work on /home/airflow/.local/lib/python3.12/site-packages/airflow/example_dags/example_short_circuit_operator.py
[2024-07-14T16:46:36.831+0000] {processor.py:830} INFO - Processing file /home/airflow/.local/lib/python3.12/site-packages/airflow/example_dags/example_short_circuit_operator.py for tasks to queue
[2024-07-14T16:46:36.843+0000] {logging_mixin.py:188} INFO - [2024-07-14T16:46:36.842+0000] {dagbag.py:545} INFO - Filling up the DagBag from /home/airflow/.local/lib/python3.12/site-packages/airflow/example_dags/example_short_circuit_operator.py
[2024-07-14T16:46:36.861+0000] {processor.py:840} INFO - DAG(s) 'example_short_circuit_operator' retrieved from /home/airflow/.local/lib/python3.12/site-packages/airflow/example_dags/example_short_circuit_operator.py
[2024-07-14T16:46:36.916+0000] {logging_mixin.py:188} INFO - [2024-07-14T16:46:36.915+0000] {dag.py:3096} INFO - Sync 1 DAGs
[2024-07-14T16:46:36.977+0000] {logging_mixin.py:188} INFO - [2024-07-14T16:46:36.976+0000] {dag.py:3954} INFO - Setting next_dagrun for example_short_circuit_operator to 2024-07-13 00:00:00+00:00, run_after=2024-07-14 00:00:00+00:00
[2024-07-14T16:46:37.009+0000] {processor.py:183} INFO - Processing /home/airflow/.local/lib/python3.12/site-packages/airflow/example_dags/example_short_circuit_operator.py took 0.226 seconds
[2024-07-14T16:47:07.339+0000] {processor.py:161} INFO - Started process (PID=1524) to work on /home/airflow/.local/lib/python3.12/site-packages/airflow/example_dags/example_short_circuit_operator.py
[2024-07-14T16:47:07.341+0000] {processor.py:830} INFO - Processing file /home/airflow/.local/lib/python3.12/site-packages/airflow/example_dags/example_short_circuit_operator.py for tasks to queue
[2024-07-14T16:47:07.345+0000] {logging_mixin.py:188} INFO - [2024-07-14T16:47:07.345+0000] {dagbag.py:545} INFO - Filling up the DagBag from /home/airflow/.local/lib/python3.12/site-packages/airflow/example_dags/example_short_circuit_operator.py
[2024-07-14T16:47:07.415+0000] {processor.py:840} INFO - DAG(s) 'example_short_circuit_operator' retrieved from /home/airflow/.local/lib/python3.12/site-packages/airflow/example_dags/example_short_circuit_operator.py
[2024-07-14T16:47:07.486+0000] {logging_mixin.py:188} INFO - [2024-07-14T16:47:07.486+0000] {dag.py:3096} INFO - Sync 1 DAGs
[2024-07-14T16:47:07.538+0000] {logging_mixin.py:188} INFO - [2024-07-14T16:47:07.538+0000] {dag.py:3954} INFO - Setting next_dagrun for example_short_circuit_operator to 2024-07-13 00:00:00+00:00, run_after=2024-07-14 00:00:00+00:00
[2024-07-14T16:47:07.589+0000] {processor.py:183} INFO - Processing /home/airflow/.local/lib/python3.12/site-packages/airflow/example_dags/example_short_circuit_operator.py took 0.292 seconds
[2024-07-14T16:47:38.159+0000] {processor.py:161} INFO - Started process (PID=1583) to work on /home/airflow/.local/lib/python3.12/site-packages/airflow/example_dags/example_short_circuit_operator.py
[2024-07-14T16:47:38.161+0000] {processor.py:830} INFO - Processing file /home/airflow/.local/lib/python3.12/site-packages/airflow/example_dags/example_short_circuit_operator.py for tasks to queue
[2024-07-14T16:47:38.164+0000] {logging_mixin.py:188} INFO - [2024-07-14T16:47:38.163+0000] {dagbag.py:545} INFO - Filling up the DagBag from /home/airflow/.local/lib/python3.12/site-packages/airflow/example_dags/example_short_circuit_operator.py
[2024-07-14T16:47:38.186+0000] {processor.py:840} INFO - DAG(s) 'example_short_circuit_operator' retrieved from /home/airflow/.local/lib/python3.12/site-packages/airflow/example_dags/example_short_circuit_operator.py
[2024-07-14T16:47:38.245+0000] {logging_mixin.py:188} INFO - [2024-07-14T16:47:38.244+0000] {dag.py:3096} INFO - Sync 1 DAGs
[2024-07-14T16:47:38.305+0000] {logging_mixin.py:188} INFO - [2024-07-14T16:47:38.305+0000] {dag.py:3954} INFO - Setting next_dagrun for example_short_circuit_operator to 2024-07-13 00:00:00+00:00, run_after=2024-07-14 00:00:00+00:00
[2024-07-14T16:47:38.359+0000] {processor.py:183} INFO - Processing /home/airflow/.local/lib/python3.12/site-packages/airflow/example_dags/example_short_circuit_operator.py took 0.213 seconds
[2024-07-14T16:48:08.543+0000] {processor.py:161} INFO - Started process (PID=1642) to work on /home/airflow/.local/lib/python3.12/site-packages/airflow/example_dags/example_short_circuit_operator.py
[2024-07-14T16:48:08.545+0000] {processor.py:830} INFO - Processing file /home/airflow/.local/lib/python3.12/site-packages/airflow/example_dags/example_short_circuit_operator.py for tasks to queue
[2024-07-14T16:48:08.547+0000] {logging_mixin.py:188} INFO - [2024-07-14T16:48:08.546+0000] {dagbag.py:545} INFO - Filling up the DagBag from /home/airflow/.local/lib/python3.12/site-packages/airflow/example_dags/example_short_circuit_operator.py
[2024-07-14T16:48:08.560+0000] {processor.py:840} INFO - DAG(s) 'example_short_circuit_operator' retrieved from /home/airflow/.local/lib/python3.12/site-packages/airflow/example_dags/example_short_circuit_operator.py
[2024-07-14T16:48:08.615+0000] {logging_mixin.py:188} INFO - [2024-07-14T16:48:08.614+0000] {dag.py:3096} INFO - Sync 1 DAGs
[2024-07-14T16:48:08.663+0000] {logging_mixin.py:188} INFO - [2024-07-14T16:48:08.663+0000] {dag.py:3954} INFO - Setting next_dagrun for example_short_circuit_operator to 2024-07-13 00:00:00+00:00, run_after=2024-07-14 00:00:00+00:00
[2024-07-14T16:48:08.723+0000] {processor.py:183} INFO - Processing /home/airflow/.local/lib/python3.12/site-packages/airflow/example_dags/example_short_circuit_operator.py took 0.193 seconds
[2024-07-14T16:48:39.555+0000] {processor.py:161} INFO - Started process (PID=1701) to work on /home/airflow/.local/lib/python3.12/site-packages/airflow/example_dags/example_short_circuit_operator.py
[2024-07-14T16:48:39.557+0000] {processor.py:830} INFO - Processing file /home/airflow/.local/lib/python3.12/site-packages/airflow/example_dags/example_short_circuit_operator.py for tasks to queue
[2024-07-14T16:48:39.559+0000] {logging_mixin.py:188} INFO - [2024-07-14T16:48:39.559+0000] {dagbag.py:545} INFO - Filling up the DagBag from /home/airflow/.local/lib/python3.12/site-packages/airflow/example_dags/example_short_circuit_operator.py
[2024-07-14T16:48:39.579+0000] {processor.py:840} INFO - DAG(s) 'example_short_circuit_operator' retrieved from /home/airflow/.local/lib/python3.12/site-packages/airflow/example_dags/example_short_circuit_operator.py
[2024-07-14T16:48:39.628+0000] {logging_mixin.py:188} INFO - [2024-07-14T16:48:39.628+0000] {dag.py:3096} INFO - Sync 1 DAGs
[2024-07-14T16:48:39.662+0000] {logging_mixin.py:188} INFO - [2024-07-14T16:48:39.662+0000] {dag.py:3954} INFO - Setting next_dagrun for example_short_circuit_operator to 2024-07-13 00:00:00+00:00, run_after=2024-07-14 00:00:00+00:00
[2024-07-14T16:48:39.719+0000] {processor.py:183} INFO - Processing /home/airflow/.local/lib/python3.12/site-packages/airflow/example_dags/example_short_circuit_operator.py took 0.177 seconds
[2024-07-14T16:49:09.796+0000] {processor.py:161} INFO - Started process (PID=1760) to work on /home/airflow/.local/lib/python3.12/site-packages/airflow/example_dags/example_short_circuit_operator.py
[2024-07-14T16:49:09.798+0000] {processor.py:830} INFO - Processing file /home/airflow/.local/lib/python3.12/site-packages/airflow/example_dags/example_short_circuit_operator.py for tasks to queue
[2024-07-14T16:49:09.800+0000] {logging_mixin.py:188} INFO - [2024-07-14T16:49:09.799+0000] {dagbag.py:545} INFO - Filling up the DagBag from /home/airflow/.local/lib/python3.12/site-packages/airflow/example_dags/example_short_circuit_operator.py
[2024-07-14T16:49:09.816+0000] {processor.py:840} INFO - DAG(s) 'example_short_circuit_operator' retrieved from /home/airflow/.local/lib/python3.12/site-packages/airflow/example_dags/example_short_circuit_operator.py
[2024-07-14T16:49:09.865+0000] {logging_mixin.py:188} INFO - [2024-07-14T16:49:09.864+0000] {dag.py:3096} INFO - Sync 1 DAGs
[2024-07-14T16:49:09.916+0000] {logging_mixin.py:188} INFO - [2024-07-14T16:49:09.916+0000] {dag.py:3954} INFO - Setting next_dagrun for example_short_circuit_operator to 2024-07-13 00:00:00+00:00, run_after=2024-07-14 00:00:00+00:00
[2024-07-14T16:49:09.955+0000] {processor.py:183} INFO - Processing /home/airflow/.local/lib/python3.12/site-packages/airflow/example_dags/example_short_circuit_operator.py took 0.168 seconds
[2024-07-14T16:49:40.504+0000] {processor.py:161} INFO - Started process (PID=1819) to work on /home/airflow/.local/lib/python3.12/site-packages/airflow/example_dags/example_short_circuit_operator.py
[2024-07-14T16:49:40.506+0000] {processor.py:830} INFO - Processing file /home/airflow/.local/lib/python3.12/site-packages/airflow/example_dags/example_short_circuit_operator.py for tasks to queue
[2024-07-14T16:49:40.511+0000] {logging_mixin.py:188} INFO - [2024-07-14T16:49:40.510+0000] {dagbag.py:545} INFO - Filling up the DagBag from /home/airflow/.local/lib/python3.12/site-packages/airflow/example_dags/example_short_circuit_operator.py
[2024-07-14T16:49:40.529+0000] {processor.py:840} INFO - DAG(s) 'example_short_circuit_operator' retrieved from /home/airflow/.local/lib/python3.12/site-packages/airflow/example_dags/example_short_circuit_operator.py
[2024-07-14T16:49:40.584+0000] {logging_mixin.py:188} INFO - [2024-07-14T16:49:40.583+0000] {dag.py:3096} INFO - Sync 1 DAGs
[2024-07-14T16:49:40.633+0000] {logging_mixin.py:188} INFO - [2024-07-14T16:49:40.632+0000] {dag.py:3954} INFO - Setting next_dagrun for example_short_circuit_operator to 2024-07-13 00:00:00+00:00, run_after=2024-07-14 00:00:00+00:00
[2024-07-14T16:49:40.671+0000] {processor.py:183} INFO - Processing /home/airflow/.local/lib/python3.12/site-packages/airflow/example_dags/example_short_circuit_operator.py took 0.179 seconds
[2024-07-14T16:50:12.372+0000] {processor.py:161} INFO - Started process (PID=1878) to work on /home/airflow/.local/lib/python3.12/site-packages/airflow/example_dags/example_short_circuit_operator.py
[2024-07-14T16:50:12.375+0000] {processor.py:830} INFO - Processing file /home/airflow/.local/lib/python3.12/site-packages/airflow/example_dags/example_short_circuit_operator.py for tasks to queue
[2024-07-14T16:50:12.378+0000] {logging_mixin.py:188} INFO - [2024-07-14T16:50:12.377+0000] {dagbag.py:545} INFO - Filling up the DagBag from /home/airflow/.local/lib/python3.12/site-packages/airflow/example_dags/example_short_circuit_operator.py
[2024-07-14T16:50:12.409+0000] {processor.py:840} INFO - DAG(s) 'example_short_circuit_operator' retrieved from /home/airflow/.local/lib/python3.12/site-packages/airflow/example_dags/example_short_circuit_operator.py
[2024-07-14T16:50:12.709+0000] {logging_mixin.py:188} INFO - [2024-07-14T16:50:12.709+0000] {dag.py:3096} INFO - Sync 1 DAGs
[2024-07-14T16:50:13.089+0000] {logging_mixin.py:188} INFO - [2024-07-14T16:50:13.088+0000] {dag.py:3954} INFO - Setting next_dagrun for example_short_circuit_operator to 2024-07-13 00:00:00+00:00, run_after=2024-07-14 00:00:00+00:00
[2024-07-14T16:50:13.145+0000] {processor.py:183} INFO - Processing /home/airflow/.local/lib/python3.12/site-packages/airflow/example_dags/example_short_circuit_operator.py took 0.787 seconds
[2024-07-14T16:50:43.994+0000] {processor.py:161} INFO - Started process (PID=1936) to work on /home/airflow/.local/lib/python3.12/site-packages/airflow/example_dags/example_short_circuit_operator.py
[2024-07-14T16:50:43.995+0000] {processor.py:830} INFO - Processing file /home/airflow/.local/lib/python3.12/site-packages/airflow/example_dags/example_short_circuit_operator.py for tasks to queue
[2024-07-14T16:50:43.997+0000] {logging_mixin.py:188} INFO - [2024-07-14T16:50:43.996+0000] {dagbag.py:545} INFO - Filling up the DagBag from /home/airflow/.local/lib/python3.12/site-packages/airflow/example_dags/example_short_circuit_operator.py
[2024-07-14T16:50:44.009+0000] {processor.py:840} INFO - DAG(s) 'example_short_circuit_operator' retrieved from /home/airflow/.local/lib/python3.12/site-packages/airflow/example_dags/example_short_circuit_operator.py
[2024-07-14T16:50:44.052+0000] {logging_mixin.py:188} INFO - [2024-07-14T16:50:44.052+0000] {dag.py:3096} INFO - Sync 1 DAGs
[2024-07-14T16:50:44.096+0000] {logging_mixin.py:188} INFO - [2024-07-14T16:50:44.095+0000] {dag.py:3954} INFO - Setting next_dagrun for example_short_circuit_operator to 2024-07-13 00:00:00+00:00, run_after=2024-07-14 00:00:00+00:00
[2024-07-14T16:50:44.134+0000] {processor.py:183} INFO - Processing /home/airflow/.local/lib/python3.12/site-packages/airflow/example_dags/example_short_circuit_operator.py took 0.151 seconds
[2024-07-14T16:51:14.321+0000] {processor.py:161} INFO - Started process (PID=1994) to work on /home/airflow/.local/lib/python3.12/site-packages/airflow/example_dags/example_short_circuit_operator.py
[2024-07-14T16:51:14.322+0000] {processor.py:830} INFO - Processing file /home/airflow/.local/lib/python3.12/site-packages/airflow/example_dags/example_short_circuit_operator.py for tasks to queue
[2024-07-14T16:51:14.324+0000] {logging_mixin.py:188} INFO - [2024-07-14T16:51:14.324+0000] {dagbag.py:545} INFO - Filling up the DagBag from /home/airflow/.local/lib/python3.12/site-packages/airflow/example_dags/example_short_circuit_operator.py
[2024-07-14T16:51:14.338+0000] {processor.py:840} INFO - DAG(s) 'example_short_circuit_operator' retrieved from /home/airflow/.local/lib/python3.12/site-packages/airflow/example_dags/example_short_circuit_operator.py
[2024-07-14T16:51:14.386+0000] {logging_mixin.py:188} INFO - [2024-07-14T16:51:14.385+0000] {dag.py:3096} INFO - Sync 1 DAGs
[2024-07-14T16:51:14.426+0000] {logging_mixin.py:188} INFO - [2024-07-14T16:51:14.426+0000] {dag.py:3954} INFO - Setting next_dagrun for example_short_circuit_operator to 2024-07-13 00:00:00+00:00, run_after=2024-07-14 00:00:00+00:00
[2024-07-14T16:51:14.473+0000] {processor.py:183} INFO - Processing /home/airflow/.local/lib/python3.12/site-packages/airflow/example_dags/example_short_circuit_operator.py took 0.167 seconds
[2024-07-14T16:51:45.238+0000] {processor.py:161} INFO - Started process (PID=2053) to work on /home/airflow/.local/lib/python3.12/site-packages/airflow/example_dags/example_short_circuit_operator.py
[2024-07-14T16:51:45.240+0000] {processor.py:830} INFO - Processing file /home/airflow/.local/lib/python3.12/site-packages/airflow/example_dags/example_short_circuit_operator.py for tasks to queue
[2024-07-14T16:51:45.242+0000] {logging_mixin.py:188} INFO - [2024-07-14T16:51:45.241+0000] {dagbag.py:545} INFO - Filling up the DagBag from /home/airflow/.local/lib/python3.12/site-packages/airflow/example_dags/example_short_circuit_operator.py
[2024-07-14T16:51:45.290+0000] {processor.py:840} INFO - DAG(s) 'example_short_circuit_operator' retrieved from /home/airflow/.local/lib/python3.12/site-packages/airflow/example_dags/example_short_circuit_operator.py
[2024-07-14T16:51:45.356+0000] {logging_mixin.py:188} INFO - [2024-07-14T16:51:45.356+0000] {dag.py:3096} INFO - Sync 1 DAGs
[2024-07-14T16:51:45.400+0000] {logging_mixin.py:188} INFO - [2024-07-14T16:51:45.400+0000] {dag.py:3954} INFO - Setting next_dagrun for example_short_circuit_operator to 2024-07-13 00:00:00+00:00, run_after=2024-07-14 00:00:00+00:00
[2024-07-14T16:51:45.440+0000] {processor.py:183} INFO - Processing /home/airflow/.local/lib/python3.12/site-packages/airflow/example_dags/example_short_circuit_operator.py took 0.212 seconds
[2024-07-14T16:55:38.641+0000] {processor.py:161} INFO - Started process (PID=66) to work on /home/airflow/.local/lib/python3.12/site-packages/airflow/example_dags/example_short_circuit_operator.py
[2024-07-14T16:55:38.698+0000] {processor.py:830} INFO - Processing file /home/airflow/.local/lib/python3.12/site-packages/airflow/example_dags/example_short_circuit_operator.py for tasks to queue
[2024-07-14T16:55:38.728+0000] {logging_mixin.py:188} INFO - [2024-07-14T16:55:38.721+0000] {dagbag.py:545} INFO - Filling up the DagBag from /home/airflow/.local/lib/python3.12/site-packages/airflow/example_dags/example_short_circuit_operator.py
[2024-07-14T16:55:38.866+0000] {processor.py:840} INFO - DAG(s) 'example_short_circuit_operator' retrieved from /home/airflow/.local/lib/python3.12/site-packages/airflow/example_dags/example_short_circuit_operator.py
[2024-07-14T16:55:42.287+0000] {logging_mixin.py:188} INFO - [2024-07-14T16:55:42.286+0000] {dag.py:3096} INFO - Sync 1 DAGs
[2024-07-14T16:55:43.390+0000] {logging_mixin.py:188} INFO - [2024-07-14T16:55:43.387+0000] {dag.py:3954} INFO - Setting next_dagrun for example_short_circuit_operator to 2024-07-13 00:00:00+00:00, run_after=2024-07-14 00:00:00+00:00
[2024-07-14T16:55:43.800+0000] {processor.py:183} INFO - Processing /home/airflow/.local/lib/python3.12/site-packages/airflow/example_dags/example_short_circuit_operator.py took 5.357 seconds
[2024-07-14T16:56:29.670+0000] {processor.py:161} INFO - Started process (PID=125) to work on /home/airflow/.local/lib/python3.12/site-packages/airflow/example_dags/example_short_circuit_operator.py
[2024-07-14T16:56:29.672+0000] {processor.py:830} INFO - Processing file /home/airflow/.local/lib/python3.12/site-packages/airflow/example_dags/example_short_circuit_operator.py for tasks to queue
[2024-07-14T16:56:29.676+0000] {logging_mixin.py:188} INFO - [2024-07-14T16:56:29.675+0000] {dagbag.py:545} INFO - Filling up the DagBag from /home/airflow/.local/lib/python3.12/site-packages/airflow/example_dags/example_short_circuit_operator.py
[2024-07-14T16:56:29.691+0000] {processor.py:840} INFO - DAG(s) 'example_short_circuit_operator' retrieved from /home/airflow/.local/lib/python3.12/site-packages/airflow/example_dags/example_short_circuit_operator.py
[2024-07-14T16:56:29.743+0000] {logging_mixin.py:188} INFO - [2024-07-14T16:56:29.742+0000] {dag.py:3096} INFO - Sync 1 DAGs
[2024-07-14T16:56:29.826+0000] {logging_mixin.py:188} INFO - [2024-07-14T16:56:29.826+0000] {dag.py:3954} INFO - Setting next_dagrun for example_short_circuit_operator to 2024-07-13 00:00:00+00:00, run_after=2024-07-14 00:00:00+00:00
[2024-07-14T16:56:29.879+0000] {processor.py:183} INFO - Processing /home/airflow/.local/lib/python3.12/site-packages/airflow/example_dags/example_short_circuit_operator.py took 0.222 seconds
