[2024-07-14T16:33:14.357+0000] {processor.py:161} INFO - Started process (PID=38) to work on /home/airflow/.local/lib/python3.12/site-packages/airflow/example_dags/example_python_decorator.py
[2024-07-14T16:33:14.391+0000] {processor.py:830} INFO - Processing file /home/airflow/.local/lib/python3.12/site-packages/airflow/example_dags/example_python_decorator.py for tasks to queue
[2024-07-14T16:33:14.416+0000] {logging_mixin.py:188} INFO - [2024-07-14T16:33:14.410+0000] {dagbag.py:545} INFO - Filling up the DagBag from /home/airflow/.local/lib/python3.12/site-packages/airflow/example_dags/example_python_decorator.py
[2024-07-14T16:33:14.499+0000] {processor.py:840} INFO - DAG(s) 'example_python_decorator' retrieved from /home/airflow/.local/lib/python3.12/site-packages/airflow/example_dags/example_python_decorator.py
[2024-07-14T16:33:15.081+0000] {logging_mixin.py:188} INFO - [2024-07-14T16:33:15.081+0000] {dag.py:3096} INFO - Sync 1 DAGs
[2024-07-14T16:33:15.170+0000] {logging_mixin.py:188} INFO - [2024-07-14T16:33:15.169+0000] {dag.py:3954} INFO - Setting next_dagrun for example_python_decorator to None, run_after=None
[2024-07-14T16:33:15.259+0000] {processor.py:183} INFO - Processing /home/airflow/.local/lib/python3.12/site-packages/airflow/example_dags/example_python_decorator.py took 0.965 seconds
[2024-07-14T16:33:45.920+0000] {processor.py:161} INFO - Started process (PID=96) to work on /home/airflow/.local/lib/python3.12/site-packages/airflow/example_dags/example_python_decorator.py
[2024-07-14T16:33:45.929+0000] {processor.py:830} INFO - Processing file /home/airflow/.local/lib/python3.12/site-packages/airflow/example_dags/example_python_decorator.py for tasks to queue
[2024-07-14T16:33:45.935+0000] {logging_mixin.py:188} INFO - [2024-07-14T16:33:45.935+0000] {dagbag.py:545} INFO - Filling up the DagBag from /home/airflow/.local/lib/python3.12/site-packages/airflow/example_dags/example_python_decorator.py
[2024-07-14T16:33:45.974+0000] {processor.py:840} INFO - DAG(s) 'example_python_decorator' retrieved from /home/airflow/.local/lib/python3.12/site-packages/airflow/example_dags/example_python_decorator.py
[2024-07-14T16:33:46.051+0000] {logging_mixin.py:188} INFO - [2024-07-14T16:33:46.050+0000] {dag.py:3096} INFO - Sync 1 DAGs
[2024-07-14T16:33:46.088+0000] {logging_mixin.py:188} INFO - [2024-07-14T16:33:46.088+0000] {dag.py:3954} INFO - Setting next_dagrun for example_python_decorator to None, run_after=None
[2024-07-14T16:33:46.139+0000] {processor.py:183} INFO - Processing /home/airflow/.local/lib/python3.12/site-packages/airflow/example_dags/example_python_decorator.py took 0.233 seconds
[2024-07-14T16:34:16.789+0000] {processor.py:161} INFO - Started process (PID=153) to work on /home/airflow/.local/lib/python3.12/site-packages/airflow/example_dags/example_python_decorator.py
[2024-07-14T16:34:16.791+0000] {processor.py:830} INFO - Processing file /home/airflow/.local/lib/python3.12/site-packages/airflow/example_dags/example_python_decorator.py for tasks to queue
[2024-07-14T16:34:16.795+0000] {logging_mixin.py:188} INFO - [2024-07-14T16:34:16.795+0000] {dagbag.py:545} INFO - Filling up the DagBag from /home/airflow/.local/lib/python3.12/site-packages/airflow/example_dags/example_python_decorator.py
[2024-07-14T16:34:16.825+0000] {processor.py:840} INFO - DAG(s) 'example_python_decorator' retrieved from /home/airflow/.local/lib/python3.12/site-packages/airflow/example_dags/example_python_decorator.py
[2024-07-14T16:34:16.879+0000] {logging_mixin.py:188} INFO - [2024-07-14T16:34:16.879+0000] {dag.py:3096} INFO - Sync 1 DAGs
[2024-07-14T16:34:16.901+0000] {logging_mixin.py:188} INFO - [2024-07-14T16:34:16.900+0000] {dag.py:3954} INFO - Setting next_dagrun for example_python_decorator to None, run_after=None
[2024-07-14T16:34:16.935+0000] {processor.py:183} INFO - Processing /home/airflow/.local/lib/python3.12/site-packages/airflow/example_dags/example_python_decorator.py took 0.154 seconds
[2024-07-14T16:34:47.405+0000] {processor.py:161} INFO - Started process (PID=211) to work on /home/airflow/.local/lib/python3.12/site-packages/airflow/example_dags/example_python_decorator.py
[2024-07-14T16:34:47.408+0000] {processor.py:830} INFO - Processing file /home/airflow/.local/lib/python3.12/site-packages/airflow/example_dags/example_python_decorator.py for tasks to queue
[2024-07-14T16:34:47.412+0000] {logging_mixin.py:188} INFO - [2024-07-14T16:34:47.411+0000] {dagbag.py:545} INFO - Filling up the DagBag from /home/airflow/.local/lib/python3.12/site-packages/airflow/example_dags/example_python_decorator.py
[2024-07-14T16:34:47.456+0000] {processor.py:840} INFO - DAG(s) 'example_python_decorator' retrieved from /home/airflow/.local/lib/python3.12/site-packages/airflow/example_dags/example_python_decorator.py
[2024-07-14T16:34:47.520+0000] {logging_mixin.py:188} INFO - [2024-07-14T16:34:47.519+0000] {dag.py:3096} INFO - Sync 1 DAGs
[2024-07-14T16:34:47.555+0000] {logging_mixin.py:188} INFO - [2024-07-14T16:34:47.554+0000] {dag.py:3954} INFO - Setting next_dagrun for example_python_decorator to None, run_after=None
[2024-07-14T16:34:47.601+0000] {processor.py:183} INFO - Processing /home/airflow/.local/lib/python3.12/site-packages/airflow/example_dags/example_python_decorator.py took 0.207 seconds
[2024-07-14T16:35:18.006+0000] {processor.py:161} INFO - Started process (PID=267) to work on /home/airflow/.local/lib/python3.12/site-packages/airflow/example_dags/example_python_decorator.py
[2024-07-14T16:35:18.009+0000] {processor.py:830} INFO - Processing file /home/airflow/.local/lib/python3.12/site-packages/airflow/example_dags/example_python_decorator.py for tasks to queue
[2024-07-14T16:35:18.014+0000] {logging_mixin.py:188} INFO - [2024-07-14T16:35:18.012+0000] {dagbag.py:545} INFO - Filling up the DagBag from /home/airflow/.local/lib/python3.12/site-packages/airflow/example_dags/example_python_decorator.py
[2024-07-14T16:35:18.048+0000] {processor.py:840} INFO - DAG(s) 'example_python_decorator' retrieved from /home/airflow/.local/lib/python3.12/site-packages/airflow/example_dags/example_python_decorator.py
[2024-07-14T16:35:18.101+0000] {logging_mixin.py:188} INFO - [2024-07-14T16:35:18.101+0000] {dag.py:3096} INFO - Sync 1 DAGs
[2024-07-14T16:35:18.139+0000] {logging_mixin.py:188} INFO - [2024-07-14T16:35:18.139+0000] {dag.py:3954} INFO - Setting next_dagrun for example_python_decorator to None, run_after=None
[2024-07-14T16:35:18.189+0000] {processor.py:183} INFO - Processing /home/airflow/.local/lib/python3.12/site-packages/airflow/example_dags/example_python_decorator.py took 0.196 seconds
[2024-07-14T16:35:48.650+0000] {processor.py:161} INFO - Started process (PID=325) to work on /home/airflow/.local/lib/python3.12/site-packages/airflow/example_dags/example_python_decorator.py
[2024-07-14T16:35:48.652+0000] {processor.py:830} INFO - Processing file /home/airflow/.local/lib/python3.12/site-packages/airflow/example_dags/example_python_decorator.py for tasks to queue
[2024-07-14T16:35:48.655+0000] {logging_mixin.py:188} INFO - [2024-07-14T16:35:48.654+0000] {dagbag.py:545} INFO - Filling up the DagBag from /home/airflow/.local/lib/python3.12/site-packages/airflow/example_dags/example_python_decorator.py
[2024-07-14T16:35:48.703+0000] {processor.py:840} INFO - DAG(s) 'example_python_decorator' retrieved from /home/airflow/.local/lib/python3.12/site-packages/airflow/example_dags/example_python_decorator.py
[2024-07-14T16:35:48.758+0000] {logging_mixin.py:188} INFO - [2024-07-14T16:35:48.757+0000] {dag.py:3096} INFO - Sync 1 DAGs
[2024-07-14T16:35:48.789+0000] {logging_mixin.py:188} INFO - [2024-07-14T16:35:48.788+0000] {dag.py:3954} INFO - Setting next_dagrun for example_python_decorator to None, run_after=None
[2024-07-14T16:35:48.835+0000] {processor.py:183} INFO - Processing /home/airflow/.local/lib/python3.12/site-packages/airflow/example_dags/example_python_decorator.py took 0.198 seconds
[2024-07-14T16:36:19.240+0000] {processor.py:161} INFO - Started process (PID=383) to work on /home/airflow/.local/lib/python3.12/site-packages/airflow/example_dags/example_python_decorator.py
[2024-07-14T16:36:19.242+0000] {processor.py:830} INFO - Processing file /home/airflow/.local/lib/python3.12/site-packages/airflow/example_dags/example_python_decorator.py for tasks to queue
[2024-07-14T16:36:19.245+0000] {logging_mixin.py:188} INFO - [2024-07-14T16:36:19.245+0000] {dagbag.py:545} INFO - Filling up the DagBag from /home/airflow/.local/lib/python3.12/site-packages/airflow/example_dags/example_python_decorator.py
[2024-07-14T16:36:19.270+0000] {processor.py:840} INFO - DAG(s) 'example_python_decorator' retrieved from /home/airflow/.local/lib/python3.12/site-packages/airflow/example_dags/example_python_decorator.py
[2024-07-14T16:36:19.306+0000] {logging_mixin.py:188} INFO - [2024-07-14T16:36:19.305+0000] {dag.py:3096} INFO - Sync 1 DAGs
[2024-07-14T16:36:19.344+0000] {logging_mixin.py:188} INFO - [2024-07-14T16:36:19.344+0000] {dag.py:3954} INFO - Setting next_dagrun for example_python_decorator to None, run_after=None
[2024-07-14T16:36:19.390+0000] {processor.py:183} INFO - Processing /home/airflow/.local/lib/python3.12/site-packages/airflow/example_dags/example_python_decorator.py took 0.161 seconds
[2024-07-14T16:36:50.215+0000] {processor.py:161} INFO - Started process (PID=441) to work on /home/airflow/.local/lib/python3.12/site-packages/airflow/example_dags/example_python_decorator.py
[2024-07-14T16:36:50.230+0000] {processor.py:830} INFO - Processing file /home/airflow/.local/lib/python3.12/site-packages/airflow/example_dags/example_python_decorator.py for tasks to queue
[2024-07-14T16:36:50.234+0000] {logging_mixin.py:188} INFO - [2024-07-14T16:36:50.233+0000] {dagbag.py:545} INFO - Filling up the DagBag from /home/airflow/.local/lib/python3.12/site-packages/airflow/example_dags/example_python_decorator.py
[2024-07-14T16:36:50.277+0000] {processor.py:840} INFO - DAG(s) 'example_python_decorator' retrieved from /home/airflow/.local/lib/python3.12/site-packages/airflow/example_dags/example_python_decorator.py
[2024-07-14T16:36:50.316+0000] {logging_mixin.py:188} INFO - [2024-07-14T16:36:50.316+0000] {dag.py:3096} INFO - Sync 1 DAGs
[2024-07-14T16:36:50.343+0000] {logging_mixin.py:188} INFO - [2024-07-14T16:36:50.343+0000] {dag.py:3954} INFO - Setting next_dagrun for example_python_decorator to None, run_after=None
[2024-07-14T16:36:50.385+0000] {processor.py:183} INFO - Processing /home/airflow/.local/lib/python3.12/site-packages/airflow/example_dags/example_python_decorator.py took 0.183 seconds
[2024-07-14T16:37:21.197+0000] {processor.py:161} INFO - Started process (PID=498) to work on /home/airflow/.local/lib/python3.12/site-packages/airflow/example_dags/example_python_decorator.py
[2024-07-14T16:37:21.202+0000] {processor.py:830} INFO - Processing file /home/airflow/.local/lib/python3.12/site-packages/airflow/example_dags/example_python_decorator.py for tasks to queue
[2024-07-14T16:37:21.207+0000] {logging_mixin.py:188} INFO - [2024-07-14T16:37:21.206+0000] {dagbag.py:545} INFO - Filling up the DagBag from /home/airflow/.local/lib/python3.12/site-packages/airflow/example_dags/example_python_decorator.py
[2024-07-14T16:37:21.253+0000] {processor.py:840} INFO - DAG(s) 'example_python_decorator' retrieved from /home/airflow/.local/lib/python3.12/site-packages/airflow/example_dags/example_python_decorator.py
[2024-07-14T16:37:21.329+0000] {logging_mixin.py:188} INFO - [2024-07-14T16:37:21.329+0000] {dag.py:3096} INFO - Sync 1 DAGs
[2024-07-14T16:37:21.375+0000] {logging_mixin.py:188} INFO - [2024-07-14T16:37:21.374+0000] {dag.py:3954} INFO - Setting next_dagrun for example_python_decorator to None, run_after=None
[2024-07-14T16:37:21.456+0000] {processor.py:183} INFO - Processing /home/airflow/.local/lib/python3.12/site-packages/airflow/example_dags/example_python_decorator.py took 0.276 seconds
[2024-07-14T16:37:53.788+0000] {processor.py:161} INFO - Started process (PID=556) to work on /home/airflow/.local/lib/python3.12/site-packages/airflow/example_dags/example_python_decorator.py
[2024-07-14T16:37:53.797+0000] {processor.py:830} INFO - Processing file /home/airflow/.local/lib/python3.12/site-packages/airflow/example_dags/example_python_decorator.py for tasks to queue
[2024-07-14T16:37:53.825+0000] {logging_mixin.py:188} INFO - [2024-07-14T16:37:53.814+0000] {dagbag.py:545} INFO - Filling up the DagBag from /home/airflow/.local/lib/python3.12/site-packages/airflow/example_dags/example_python_decorator.py
[2024-07-14T16:37:54.028+0000] {processor.py:840} INFO - DAG(s) 'example_python_decorator' retrieved from /home/airflow/.local/lib/python3.12/site-packages/airflow/example_dags/example_python_decorator.py
[2024-07-14T16:37:54.744+0000] {logging_mixin.py:188} INFO - [2024-07-14T16:37:54.743+0000] {dag.py:3096} INFO - Sync 1 DAGs
[2024-07-14T16:37:55.143+0000] {logging_mixin.py:188} INFO - [2024-07-14T16:37:55.142+0000] {dag.py:3954} INFO - Setting next_dagrun for example_python_decorator to None, run_after=None
[2024-07-14T16:37:57.518+0000] {processor.py:183} INFO - Processing /home/airflow/.local/lib/python3.12/site-packages/airflow/example_dags/example_python_decorator.py took 3.759 seconds
[2024-07-14T16:38:46.253+0000] {processor.py:161} INFO - Started process (PID=586) to work on /home/airflow/.local/lib/python3.12/site-packages/airflow/example_dags/example_python_decorator.py
[2024-07-14T16:38:46.263+0000] {processor.py:830} INFO - Processing file /home/airflow/.local/lib/python3.12/site-packages/airflow/example_dags/example_python_decorator.py for tasks to queue
[2024-07-14T16:38:46.267+0000] {logging_mixin.py:188} INFO - [2024-07-14T16:38:46.267+0000] {dagbag.py:545} INFO - Filling up the DagBag from /home/airflow/.local/lib/python3.12/site-packages/airflow/example_dags/example_python_decorator.py
[2024-07-14T16:38:47.194+0000] {processor.py:840} INFO - DAG(s) 'example_python_decorator' retrieved from /home/airflow/.local/lib/python3.12/site-packages/airflow/example_dags/example_python_decorator.py
[2024-07-14T16:38:48.123+0000] {logging_mixin.py:188} INFO - [2024-07-14T16:38:48.122+0000] {dag.py:3096} INFO - Sync 1 DAGs
[2024-07-14T16:38:48.480+0000] {logging_mixin.py:188} INFO - [2024-07-14T16:38:48.457+0000] {dag.py:3954} INFO - Setting next_dagrun for example_python_decorator to None, run_after=None
[2024-07-14T16:38:49.072+0000] {processor.py:183} INFO - Processing /home/airflow/.local/lib/python3.12/site-packages/airflow/example_dags/example_python_decorator.py took 2.991 seconds
[2024-07-14T16:39:21.052+0000] {processor.py:161} INFO - Started process (PID=631) to work on /home/airflow/.local/lib/python3.12/site-packages/airflow/example_dags/example_python_decorator.py
[2024-07-14T16:39:21.055+0000] {processor.py:830} INFO - Processing file /home/airflow/.local/lib/python3.12/site-packages/airflow/example_dags/example_python_decorator.py for tasks to queue
[2024-07-14T16:39:21.059+0000] {logging_mixin.py:188} INFO - [2024-07-14T16:39:21.058+0000] {dagbag.py:545} INFO - Filling up the DagBag from /home/airflow/.local/lib/python3.12/site-packages/airflow/example_dags/example_python_decorator.py
[2024-07-14T16:39:21.114+0000] {processor.py:840} INFO - DAG(s) 'example_python_decorator' retrieved from /home/airflow/.local/lib/python3.12/site-packages/airflow/example_dags/example_python_decorator.py
[2024-07-14T16:39:21.193+0000] {logging_mixin.py:188} INFO - [2024-07-14T16:39:21.192+0000] {dag.py:3096} INFO - Sync 1 DAGs
[2024-07-14T16:39:21.220+0000] {logging_mixin.py:188} INFO - [2024-07-14T16:39:21.220+0000] {dag.py:3954} INFO - Setting next_dagrun for example_python_decorator to None, run_after=None
[2024-07-14T16:39:21.284+0000] {processor.py:183} INFO - Processing /home/airflow/.local/lib/python3.12/site-packages/airflow/example_dags/example_python_decorator.py took 0.259 seconds
[2024-07-14T16:39:51.923+0000] {processor.py:161} INFO - Started process (PID=690) to work on /home/airflow/.local/lib/python3.12/site-packages/airflow/example_dags/example_python_decorator.py
[2024-07-14T16:39:51.926+0000] {processor.py:830} INFO - Processing file /home/airflow/.local/lib/python3.12/site-packages/airflow/example_dags/example_python_decorator.py for tasks to queue
[2024-07-14T16:39:51.928+0000] {logging_mixin.py:188} INFO - [2024-07-14T16:39:51.927+0000] {dagbag.py:545} INFO - Filling up the DagBag from /home/airflow/.local/lib/python3.12/site-packages/airflow/example_dags/example_python_decorator.py
[2024-07-14T16:39:52.716+0000] {processor.py:840} INFO - DAG(s) 'example_python_decorator' retrieved from /home/airflow/.local/lib/python3.12/site-packages/airflow/example_dags/example_python_decorator.py
[2024-07-14T16:39:53.251+0000] {logging_mixin.py:188} INFO - [2024-07-14T16:39:53.251+0000] {dag.py:3096} INFO - Sync 1 DAGs
[2024-07-14T16:39:53.342+0000] {logging_mixin.py:188} INFO - [2024-07-14T16:39:53.341+0000] {dag.py:3954} INFO - Setting next_dagrun for example_python_decorator to None, run_after=None
[2024-07-14T16:39:53.487+0000] {processor.py:183} INFO - Processing /home/airflow/.local/lib/python3.12/site-packages/airflow/example_dags/example_python_decorator.py took 1.582 seconds
[2024-07-14T16:40:23.855+0000] {processor.py:161} INFO - Started process (PID=755) to work on /home/airflow/.local/lib/python3.12/site-packages/airflow/example_dags/example_python_decorator.py
[2024-07-14T16:40:23.858+0000] {processor.py:830} INFO - Processing file /home/airflow/.local/lib/python3.12/site-packages/airflow/example_dags/example_python_decorator.py for tasks to queue
[2024-07-14T16:40:23.860+0000] {logging_mixin.py:188} INFO - [2024-07-14T16:40:23.859+0000] {dagbag.py:545} INFO - Filling up the DagBag from /home/airflow/.local/lib/python3.12/site-packages/airflow/example_dags/example_python_decorator.py
[2024-07-14T16:40:23.895+0000] {processor.py:840} INFO - DAG(s) 'example_python_decorator' retrieved from /home/airflow/.local/lib/python3.12/site-packages/airflow/example_dags/example_python_decorator.py
[2024-07-14T16:40:23.947+0000] {logging_mixin.py:188} INFO - [2024-07-14T16:40:23.947+0000] {dag.py:3096} INFO - Sync 1 DAGs
[2024-07-14T16:40:23.969+0000] {logging_mixin.py:188} INFO - [2024-07-14T16:40:23.968+0000] {dag.py:3954} INFO - Setting next_dagrun for example_python_decorator to None, run_after=None
[2024-07-14T16:40:24.088+0000] {processor.py:183} INFO - Processing /home/airflow/.local/lib/python3.12/site-packages/airflow/example_dags/example_python_decorator.py took 0.245 seconds
[2024-07-14T16:40:54.253+0000] {processor.py:161} INFO - Started process (PID=813) to work on /home/airflow/.local/lib/python3.12/site-packages/airflow/example_dags/example_python_decorator.py
[2024-07-14T16:40:54.259+0000] {processor.py:830} INFO - Processing file /home/airflow/.local/lib/python3.12/site-packages/airflow/example_dags/example_python_decorator.py for tasks to queue
[2024-07-14T16:40:54.261+0000] {logging_mixin.py:188} INFO - [2024-07-14T16:40:54.260+0000] {dagbag.py:545} INFO - Filling up the DagBag from /home/airflow/.local/lib/python3.12/site-packages/airflow/example_dags/example_python_decorator.py
[2024-07-14T16:40:54.305+0000] {processor.py:840} INFO - DAG(s) 'example_python_decorator' retrieved from /home/airflow/.local/lib/python3.12/site-packages/airflow/example_dags/example_python_decorator.py
[2024-07-14T16:40:54.393+0000] {logging_mixin.py:188} INFO - [2024-07-14T16:40:54.393+0000] {dag.py:3096} INFO - Sync 1 DAGs
[2024-07-14T16:40:54.433+0000] {logging_mixin.py:188} INFO - [2024-07-14T16:40:54.432+0000] {dag.py:3954} INFO - Setting next_dagrun for example_python_decorator to None, run_after=None
[2024-07-14T16:40:54.493+0000] {processor.py:183} INFO - Processing /home/airflow/.local/lib/python3.12/site-packages/airflow/example_dags/example_python_decorator.py took 0.263 seconds
[2024-07-14T16:41:24.793+0000] {processor.py:161} INFO - Started process (PID=872) to work on /home/airflow/.local/lib/python3.12/site-packages/airflow/example_dags/example_python_decorator.py
[2024-07-14T16:41:24.799+0000] {processor.py:830} INFO - Processing file /home/airflow/.local/lib/python3.12/site-packages/airflow/example_dags/example_python_decorator.py for tasks to queue
[2024-07-14T16:41:24.801+0000] {logging_mixin.py:188} INFO - [2024-07-14T16:41:24.801+0000] {dagbag.py:545} INFO - Filling up the DagBag from /home/airflow/.local/lib/python3.12/site-packages/airflow/example_dags/example_python_decorator.py
[2024-07-14T16:41:24.848+0000] {processor.py:840} INFO - DAG(s) 'example_python_decorator' retrieved from /home/airflow/.local/lib/python3.12/site-packages/airflow/example_dags/example_python_decorator.py
[2024-07-14T16:41:24.933+0000] {logging_mixin.py:188} INFO - [2024-07-14T16:41:24.933+0000] {dag.py:3096} INFO - Sync 1 DAGs
[2024-07-14T16:41:24.995+0000] {logging_mixin.py:188} INFO - [2024-07-14T16:41:24.991+0000] {dag.py:3954} INFO - Setting next_dagrun for example_python_decorator to None, run_after=None
[2024-07-14T16:41:25.206+0000] {processor.py:183} INFO - Processing /home/airflow/.local/lib/python3.12/site-packages/airflow/example_dags/example_python_decorator.py took 0.428 seconds
[2024-07-14T16:41:55.850+0000] {processor.py:161} INFO - Started process (PID=931) to work on /home/airflow/.local/lib/python3.12/site-packages/airflow/example_dags/example_python_decorator.py
[2024-07-14T16:41:55.852+0000] {processor.py:830} INFO - Processing file /home/airflow/.local/lib/python3.12/site-packages/airflow/example_dags/example_python_decorator.py for tasks to queue
[2024-07-14T16:41:55.854+0000] {logging_mixin.py:188} INFO - [2024-07-14T16:41:55.853+0000] {dagbag.py:545} INFO - Filling up the DagBag from /home/airflow/.local/lib/python3.12/site-packages/airflow/example_dags/example_python_decorator.py
[2024-07-14T16:41:55.885+0000] {processor.py:840} INFO - DAG(s) 'example_python_decorator' retrieved from /home/airflow/.local/lib/python3.12/site-packages/airflow/example_dags/example_python_decorator.py
[2024-07-14T16:41:55.935+0000] {logging_mixin.py:188} INFO - [2024-07-14T16:41:55.935+0000] {dag.py:3096} INFO - Sync 1 DAGs
[2024-07-14T16:41:55.962+0000] {logging_mixin.py:188} INFO - [2024-07-14T16:41:55.962+0000] {dag.py:3954} INFO - Setting next_dagrun for example_python_decorator to None, run_after=None
[2024-07-14T16:41:56.011+0000] {processor.py:183} INFO - Processing /home/airflow/.local/lib/python3.12/site-packages/airflow/example_dags/example_python_decorator.py took 0.172 seconds
[2024-07-14T16:42:26.472+0000] {processor.py:161} INFO - Started process (PID=989) to work on /home/airflow/.local/lib/python3.12/site-packages/airflow/example_dags/example_python_decorator.py
[2024-07-14T16:42:26.475+0000] {processor.py:830} INFO - Processing file /home/airflow/.local/lib/python3.12/site-packages/airflow/example_dags/example_python_decorator.py for tasks to queue
[2024-07-14T16:42:26.478+0000] {logging_mixin.py:188} INFO - [2024-07-14T16:42:26.477+0000] {dagbag.py:545} INFO - Filling up the DagBag from /home/airflow/.local/lib/python3.12/site-packages/airflow/example_dags/example_python_decorator.py
[2024-07-14T16:42:26.506+0000] {processor.py:840} INFO - DAG(s) 'example_python_decorator' retrieved from /home/airflow/.local/lib/python3.12/site-packages/airflow/example_dags/example_python_decorator.py
[2024-07-14T16:42:26.557+0000] {logging_mixin.py:188} INFO - [2024-07-14T16:42:26.557+0000] {dag.py:3096} INFO - Sync 1 DAGs
[2024-07-14T16:42:26.592+0000] {logging_mixin.py:188} INFO - [2024-07-14T16:42:26.591+0000] {dag.py:3954} INFO - Setting next_dagrun for example_python_decorator to None, run_after=None
[2024-07-14T16:42:26.653+0000] {processor.py:183} INFO - Processing /home/airflow/.local/lib/python3.12/site-packages/airflow/example_dags/example_python_decorator.py took 0.197 seconds
[2024-07-14T16:42:57.942+0000] {processor.py:161} INFO - Started process (PID=1048) to work on /home/airflow/.local/lib/python3.12/site-packages/airflow/example_dags/example_python_decorator.py
[2024-07-14T16:42:57.949+0000] {processor.py:830} INFO - Processing file /home/airflow/.local/lib/python3.12/site-packages/airflow/example_dags/example_python_decorator.py for tasks to queue
[2024-07-14T16:42:57.976+0000] {logging_mixin.py:188} INFO - [2024-07-14T16:42:57.954+0000] {dagbag.py:545} INFO - Filling up the DagBag from /home/airflow/.local/lib/python3.12/site-packages/airflow/example_dags/example_python_decorator.py
[2024-07-14T16:42:58.116+0000] {processor.py:840} INFO - DAG(s) 'example_python_decorator' retrieved from /home/airflow/.local/lib/python3.12/site-packages/airflow/example_dags/example_python_decorator.py
[2024-07-14T16:42:58.243+0000] {logging_mixin.py:188} INFO - [2024-07-14T16:42:58.243+0000] {dag.py:3096} INFO - Sync 1 DAGs
[2024-07-14T16:42:58.278+0000] {logging_mixin.py:188} INFO - [2024-07-14T16:42:58.278+0000] {dag.py:3954} INFO - Setting next_dagrun for example_python_decorator to None, run_after=None
[2024-07-14T16:42:58.331+0000] {processor.py:183} INFO - Processing /home/airflow/.local/lib/python3.12/site-packages/airflow/example_dags/example_python_decorator.py took 0.420 seconds
[2024-07-14T16:43:28.591+0000] {processor.py:161} INFO - Started process (PID=1108) to work on /home/airflow/.local/lib/python3.12/site-packages/airflow/example_dags/example_python_decorator.py
[2024-07-14T16:43:28.593+0000] {processor.py:830} INFO - Processing file /home/airflow/.local/lib/python3.12/site-packages/airflow/example_dags/example_python_decorator.py for tasks to queue
[2024-07-14T16:43:28.595+0000] {logging_mixin.py:188} INFO - [2024-07-14T16:43:28.595+0000] {dagbag.py:545} INFO - Filling up the DagBag from /home/airflow/.local/lib/python3.12/site-packages/airflow/example_dags/example_python_decorator.py
[2024-07-14T16:43:28.624+0000] {processor.py:840} INFO - DAG(s) 'example_python_decorator' retrieved from /home/airflow/.local/lib/python3.12/site-packages/airflow/example_dags/example_python_decorator.py
[2024-07-14T16:43:28.679+0000] {logging_mixin.py:188} INFO - [2024-07-14T16:43:28.679+0000] {dag.py:3096} INFO - Sync 1 DAGs
[2024-07-14T16:43:28.702+0000] {logging_mixin.py:188} INFO - [2024-07-14T16:43:28.702+0000] {dag.py:3954} INFO - Setting next_dagrun for example_python_decorator to None, run_after=None
[2024-07-14T16:43:28.739+0000] {processor.py:183} INFO - Processing /home/airflow/.local/lib/python3.12/site-packages/airflow/example_dags/example_python_decorator.py took 0.158 seconds
[2024-07-14T16:43:59.047+0000] {processor.py:161} INFO - Started process (PID=1166) to work on /home/airflow/.local/lib/python3.12/site-packages/airflow/example_dags/example_python_decorator.py
[2024-07-14T16:43:59.050+0000] {processor.py:830} INFO - Processing file /home/airflow/.local/lib/python3.12/site-packages/airflow/example_dags/example_python_decorator.py for tasks to queue
[2024-07-14T16:43:59.053+0000] {logging_mixin.py:188} INFO - [2024-07-14T16:43:59.052+0000] {dagbag.py:545} INFO - Filling up the DagBag from /home/airflow/.local/lib/python3.12/site-packages/airflow/example_dags/example_python_decorator.py
[2024-07-14T16:43:59.100+0000] {processor.py:840} INFO - DAG(s) 'example_python_decorator' retrieved from /home/airflow/.local/lib/python3.12/site-packages/airflow/example_dags/example_python_decorator.py
[2024-07-14T16:43:59.180+0000] {logging_mixin.py:188} INFO - [2024-07-14T16:43:59.179+0000] {dag.py:3096} INFO - Sync 1 DAGs
[2024-07-14T16:43:59.209+0000] {logging_mixin.py:188} INFO - [2024-07-14T16:43:59.209+0000] {dag.py:3954} INFO - Setting next_dagrun for example_python_decorator to None, run_after=None
[2024-07-14T16:43:59.344+0000] {processor.py:183} INFO - Processing /home/airflow/.local/lib/python3.12/site-packages/airflow/example_dags/example_python_decorator.py took 0.310 seconds
[2024-07-14T16:44:29.992+0000] {processor.py:161} INFO - Started process (PID=1224) to work on /home/airflow/.local/lib/python3.12/site-packages/airflow/example_dags/example_python_decorator.py
[2024-07-14T16:44:29.994+0000] {processor.py:830} INFO - Processing file /home/airflow/.local/lib/python3.12/site-packages/airflow/example_dags/example_python_decorator.py for tasks to queue
[2024-07-14T16:44:29.996+0000] {logging_mixin.py:188} INFO - [2024-07-14T16:44:29.995+0000] {dagbag.py:545} INFO - Filling up the DagBag from /home/airflow/.local/lib/python3.12/site-packages/airflow/example_dags/example_python_decorator.py
[2024-07-14T16:44:30.035+0000] {processor.py:840} INFO - DAG(s) 'example_python_decorator' retrieved from /home/airflow/.local/lib/python3.12/site-packages/airflow/example_dags/example_python_decorator.py
[2024-07-14T16:44:30.091+0000] {logging_mixin.py:188} INFO - [2024-07-14T16:44:30.091+0000] {dag.py:3096} INFO - Sync 1 DAGs
[2024-07-14T16:44:30.125+0000] {logging_mixin.py:188} INFO - [2024-07-14T16:44:30.125+0000] {dag.py:3954} INFO - Setting next_dagrun for example_python_decorator to None, run_after=None
[2024-07-14T16:44:30.185+0000] {processor.py:183} INFO - Processing /home/airflow/.local/lib/python3.12/site-packages/airflow/example_dags/example_python_decorator.py took 0.204 seconds
[2024-07-14T16:45:00.801+0000] {processor.py:161} INFO - Started process (PID=1280) to work on /home/airflow/.local/lib/python3.12/site-packages/airflow/example_dags/example_python_decorator.py
[2024-07-14T16:45:00.803+0000] {processor.py:830} INFO - Processing file /home/airflow/.local/lib/python3.12/site-packages/airflow/example_dags/example_python_decorator.py for tasks to queue
[2024-07-14T16:45:00.805+0000] {logging_mixin.py:188} INFO - [2024-07-14T16:45:00.804+0000] {dagbag.py:545} INFO - Filling up the DagBag from /home/airflow/.local/lib/python3.12/site-packages/airflow/example_dags/example_python_decorator.py
[2024-07-14T16:45:00.831+0000] {processor.py:840} INFO - DAG(s) 'example_python_decorator' retrieved from /home/airflow/.local/lib/python3.12/site-packages/airflow/example_dags/example_python_decorator.py
[2024-07-14T16:45:00.885+0000] {logging_mixin.py:188} INFO - [2024-07-14T16:45:00.884+0000] {dag.py:3096} INFO - Sync 1 DAGs
[2024-07-14T16:45:00.911+0000] {logging_mixin.py:188} INFO - [2024-07-14T16:45:00.911+0000] {dag.py:3954} INFO - Setting next_dagrun for example_python_decorator to None, run_after=None
[2024-07-14T16:45:01.017+0000] {processor.py:183} INFO - Processing /home/airflow/.local/lib/python3.12/site-packages/airflow/example_dags/example_python_decorator.py took 0.225 seconds
[2024-07-14T16:45:31.438+0000] {processor.py:161} INFO - Started process (PID=1339) to work on /home/airflow/.local/lib/python3.12/site-packages/airflow/example_dags/example_python_decorator.py
[2024-07-14T16:45:31.441+0000] {processor.py:830} INFO - Processing file /home/airflow/.local/lib/python3.12/site-packages/airflow/example_dags/example_python_decorator.py for tasks to queue
[2024-07-14T16:45:31.443+0000] {logging_mixin.py:188} INFO - [2024-07-14T16:45:31.443+0000] {dagbag.py:545} INFO - Filling up the DagBag from /home/airflow/.local/lib/python3.12/site-packages/airflow/example_dags/example_python_decorator.py
[2024-07-14T16:45:31.469+0000] {processor.py:840} INFO - DAG(s) 'example_python_decorator' retrieved from /home/airflow/.local/lib/python3.12/site-packages/airflow/example_dags/example_python_decorator.py
[2024-07-14T16:45:31.519+0000] {logging_mixin.py:188} INFO - [2024-07-14T16:45:31.518+0000] {dag.py:3096} INFO - Sync 1 DAGs
[2024-07-14T16:45:31.548+0000] {logging_mixin.py:188} INFO - [2024-07-14T16:45:31.547+0000] {dag.py:3954} INFO - Setting next_dagrun for example_python_decorator to None, run_after=None
[2024-07-14T16:45:31.596+0000] {processor.py:183} INFO - Processing /home/airflow/.local/lib/python3.12/site-packages/airflow/example_dags/example_python_decorator.py took 0.177 seconds
[2024-07-14T16:46:01.980+0000] {processor.py:161} INFO - Started process (PID=1398) to work on /home/airflow/.local/lib/python3.12/site-packages/airflow/example_dags/example_python_decorator.py
[2024-07-14T16:46:01.987+0000] {processor.py:830} INFO - Processing file /home/airflow/.local/lib/python3.12/site-packages/airflow/example_dags/example_python_decorator.py for tasks to queue
[2024-07-14T16:46:01.989+0000] {logging_mixin.py:188} INFO - [2024-07-14T16:46:01.988+0000] {dagbag.py:545} INFO - Filling up the DagBag from /home/airflow/.local/lib/python3.12/site-packages/airflow/example_dags/example_python_decorator.py
[2024-07-14T16:46:02.015+0000] {processor.py:840} INFO - DAG(s) 'example_python_decorator' retrieved from /home/airflow/.local/lib/python3.12/site-packages/airflow/example_dags/example_python_decorator.py
[2024-07-14T16:46:02.071+0000] {logging_mixin.py:188} INFO - [2024-07-14T16:46:02.071+0000] {dag.py:3096} INFO - Sync 1 DAGs
[2024-07-14T16:46:02.109+0000] {logging_mixin.py:188} INFO - [2024-07-14T16:46:02.108+0000] {dag.py:3954} INFO - Setting next_dagrun for example_python_decorator to None, run_after=None
[2024-07-14T16:46:02.156+0000] {processor.py:183} INFO - Processing /home/airflow/.local/lib/python3.12/site-packages/airflow/example_dags/example_python_decorator.py took 0.191 seconds
[2024-07-14T16:46:32.388+0000] {processor.py:161} INFO - Started process (PID=1457) to work on /home/airflow/.local/lib/python3.12/site-packages/airflow/example_dags/example_python_decorator.py
[2024-07-14T16:46:32.390+0000] {processor.py:830} INFO - Processing file /home/airflow/.local/lib/python3.12/site-packages/airflow/example_dags/example_python_decorator.py for tasks to queue
[2024-07-14T16:46:32.391+0000] {logging_mixin.py:188} INFO - [2024-07-14T16:46:32.391+0000] {dagbag.py:545} INFO - Filling up the DagBag from /home/airflow/.local/lib/python3.12/site-packages/airflow/example_dags/example_python_decorator.py
[2024-07-14T16:46:32.420+0000] {processor.py:840} INFO - DAG(s) 'example_python_decorator' retrieved from /home/airflow/.local/lib/python3.12/site-packages/airflow/example_dags/example_python_decorator.py
[2024-07-14T16:46:32.502+0000] {logging_mixin.py:188} INFO - [2024-07-14T16:46:32.502+0000] {dag.py:3096} INFO - Sync 1 DAGs
[2024-07-14T16:46:32.546+0000] {logging_mixin.py:188} INFO - [2024-07-14T16:46:32.545+0000] {dag.py:3954} INFO - Setting next_dagrun for example_python_decorator to None, run_after=None
[2024-07-14T16:46:32.616+0000] {processor.py:183} INFO - Processing /home/airflow/.local/lib/python3.12/site-packages/airflow/example_dags/example_python_decorator.py took 0.243 seconds
[2024-07-14T16:47:03.012+0000] {processor.py:161} INFO - Started process (PID=1516) to work on /home/airflow/.local/lib/python3.12/site-packages/airflow/example_dags/example_python_decorator.py
[2024-07-14T16:47:03.013+0000] {processor.py:830} INFO - Processing file /home/airflow/.local/lib/python3.12/site-packages/airflow/example_dags/example_python_decorator.py for tasks to queue
[2024-07-14T16:47:03.015+0000] {logging_mixin.py:188} INFO - [2024-07-14T16:47:03.014+0000] {dagbag.py:545} INFO - Filling up the DagBag from /home/airflow/.local/lib/python3.12/site-packages/airflow/example_dags/example_python_decorator.py
[2024-07-14T16:47:03.046+0000] {processor.py:840} INFO - DAG(s) 'example_python_decorator' retrieved from /home/airflow/.local/lib/python3.12/site-packages/airflow/example_dags/example_python_decorator.py
[2024-07-14T16:47:03.117+0000] {logging_mixin.py:188} INFO - [2024-07-14T16:47:03.116+0000] {dag.py:3096} INFO - Sync 1 DAGs
[2024-07-14T16:47:03.161+0000] {logging_mixin.py:188} INFO - [2024-07-14T16:47:03.161+0000] {dag.py:3954} INFO - Setting next_dagrun for example_python_decorator to None, run_after=None
[2024-07-14T16:47:03.223+0000] {processor.py:183} INFO - Processing /home/airflow/.local/lib/python3.12/site-packages/airflow/example_dags/example_python_decorator.py took 0.223 seconds
[2024-07-14T16:47:34.041+0000] {processor.py:161} INFO - Started process (PID=1575) to work on /home/airflow/.local/lib/python3.12/site-packages/airflow/example_dags/example_python_decorator.py
[2024-07-14T16:47:34.043+0000] {processor.py:830} INFO - Processing file /home/airflow/.local/lib/python3.12/site-packages/airflow/example_dags/example_python_decorator.py for tasks to queue
[2024-07-14T16:47:34.045+0000] {logging_mixin.py:188} INFO - [2024-07-14T16:47:34.044+0000] {dagbag.py:545} INFO - Filling up the DagBag from /home/airflow/.local/lib/python3.12/site-packages/airflow/example_dags/example_python_decorator.py
[2024-07-14T16:47:34.071+0000] {processor.py:840} INFO - DAG(s) 'example_python_decorator' retrieved from /home/airflow/.local/lib/python3.12/site-packages/airflow/example_dags/example_python_decorator.py
[2024-07-14T16:47:34.123+0000] {logging_mixin.py:188} INFO - [2024-07-14T16:47:34.122+0000] {dag.py:3096} INFO - Sync 1 DAGs
[2024-07-14T16:47:34.153+0000] {logging_mixin.py:188} INFO - [2024-07-14T16:47:34.152+0000] {dag.py:3954} INFO - Setting next_dagrun for example_python_decorator to None, run_after=None
[2024-07-14T16:47:34.206+0000] {processor.py:183} INFO - Processing /home/airflow/.local/lib/python3.12/site-packages/airflow/example_dags/example_python_decorator.py took 0.176 seconds
[2024-07-14T16:48:04.572+0000] {processor.py:161} INFO - Started process (PID=1634) to work on /home/airflow/.local/lib/python3.12/site-packages/airflow/example_dags/example_python_decorator.py
[2024-07-14T16:48:04.584+0000] {processor.py:830} INFO - Processing file /home/airflow/.local/lib/python3.12/site-packages/airflow/example_dags/example_python_decorator.py for tasks to queue
[2024-07-14T16:48:04.586+0000] {logging_mixin.py:188} INFO - [2024-07-14T16:48:04.586+0000] {dagbag.py:545} INFO - Filling up the DagBag from /home/airflow/.local/lib/python3.12/site-packages/airflow/example_dags/example_python_decorator.py
[2024-07-14T16:48:04.617+0000] {processor.py:840} INFO - DAG(s) 'example_python_decorator' retrieved from /home/airflow/.local/lib/python3.12/site-packages/airflow/example_dags/example_python_decorator.py
[2024-07-14T16:48:04.671+0000] {logging_mixin.py:188} INFO - [2024-07-14T16:48:04.670+0000] {dag.py:3096} INFO - Sync 1 DAGs
[2024-07-14T16:48:04.700+0000] {logging_mixin.py:188} INFO - [2024-07-14T16:48:04.700+0000] {dag.py:3954} INFO - Setting next_dagrun for example_python_decorator to None, run_after=None
[2024-07-14T16:48:04.743+0000] {processor.py:183} INFO - Processing /home/airflow/.local/lib/python3.12/site-packages/airflow/example_dags/example_python_decorator.py took 0.184 seconds
[2024-07-14T16:48:35.432+0000] {processor.py:161} INFO - Started process (PID=1693) to work on /home/airflow/.local/lib/python3.12/site-packages/airflow/example_dags/example_python_decorator.py
[2024-07-14T16:48:35.434+0000] {processor.py:830} INFO - Processing file /home/airflow/.local/lib/python3.12/site-packages/airflow/example_dags/example_python_decorator.py for tasks to queue
[2024-07-14T16:48:35.437+0000] {logging_mixin.py:188} INFO - [2024-07-14T16:48:35.436+0000] {dagbag.py:545} INFO - Filling up the DagBag from /home/airflow/.local/lib/python3.12/site-packages/airflow/example_dags/example_python_decorator.py
[2024-07-14T16:48:35.470+0000] {processor.py:840} INFO - DAG(s) 'example_python_decorator' retrieved from /home/airflow/.local/lib/python3.12/site-packages/airflow/example_dags/example_python_decorator.py
[2024-07-14T16:48:35.528+0000] {logging_mixin.py:188} INFO - [2024-07-14T16:48:35.527+0000] {dag.py:3096} INFO - Sync 1 DAGs
[2024-07-14T16:48:35.554+0000] {logging_mixin.py:188} INFO - [2024-07-14T16:48:35.554+0000] {dag.py:3954} INFO - Setting next_dagrun for example_python_decorator to None, run_after=None
[2024-07-14T16:48:35.597+0000] {processor.py:183} INFO - Processing /home/airflow/.local/lib/python3.12/site-packages/airflow/example_dags/example_python_decorator.py took 0.192 seconds
[2024-07-14T16:49:05.853+0000] {processor.py:161} INFO - Started process (PID=1752) to work on /home/airflow/.local/lib/python3.12/site-packages/airflow/example_dags/example_python_decorator.py
[2024-07-14T16:49:05.857+0000] {processor.py:830} INFO - Processing file /home/airflow/.local/lib/python3.12/site-packages/airflow/example_dags/example_python_decorator.py for tasks to queue
[2024-07-14T16:49:05.860+0000] {logging_mixin.py:188} INFO - [2024-07-14T16:49:05.859+0000] {dagbag.py:545} INFO - Filling up the DagBag from /home/airflow/.local/lib/python3.12/site-packages/airflow/example_dags/example_python_decorator.py
[2024-07-14T16:49:05.896+0000] {processor.py:840} INFO - DAG(s) 'example_python_decorator' retrieved from /home/airflow/.local/lib/python3.12/site-packages/airflow/example_dags/example_python_decorator.py
[2024-07-14T16:49:05.952+0000] {logging_mixin.py:188} INFO - [2024-07-14T16:49:05.951+0000] {dag.py:3096} INFO - Sync 1 DAGs
[2024-07-14T16:49:05.987+0000] {logging_mixin.py:188} INFO - [2024-07-14T16:49:05.987+0000] {dag.py:3954} INFO - Setting next_dagrun for example_python_decorator to None, run_after=None
[2024-07-14T16:49:06.037+0000] {processor.py:183} INFO - Processing /home/airflow/.local/lib/python3.12/site-packages/airflow/example_dags/example_python_decorator.py took 0.197 seconds
[2024-07-14T16:49:37.094+0000] {processor.py:161} INFO - Started process (PID=1811) to work on /home/airflow/.local/lib/python3.12/site-packages/airflow/example_dags/example_python_decorator.py
[2024-07-14T16:49:37.095+0000] {processor.py:830} INFO - Processing file /home/airflow/.local/lib/python3.12/site-packages/airflow/example_dags/example_python_decorator.py for tasks to queue
[2024-07-14T16:49:37.097+0000] {logging_mixin.py:188} INFO - [2024-07-14T16:49:37.096+0000] {dagbag.py:545} INFO - Filling up the DagBag from /home/airflow/.local/lib/python3.12/site-packages/airflow/example_dags/example_python_decorator.py
[2024-07-14T16:49:37.130+0000] {processor.py:840} INFO - DAG(s) 'example_python_decorator' retrieved from /home/airflow/.local/lib/python3.12/site-packages/airflow/example_dags/example_python_decorator.py
[2024-07-14T16:49:37.180+0000] {logging_mixin.py:188} INFO - [2024-07-14T16:49:37.180+0000] {dag.py:3096} INFO - Sync 1 DAGs
[2024-07-14T16:49:37.458+0000] {logging_mixin.py:188} INFO - [2024-07-14T16:49:37.458+0000] {dag.py:3954} INFO - Setting next_dagrun for example_python_decorator to None, run_after=None
[2024-07-14T16:49:37.501+0000] {processor.py:183} INFO - Processing /home/airflow/.local/lib/python3.12/site-packages/airflow/example_dags/example_python_decorator.py took 0.420 seconds
[2024-07-14T16:50:07.948+0000] {processor.py:161} INFO - Started process (PID=1867) to work on /home/airflow/.local/lib/python3.12/site-packages/airflow/example_dags/example_python_decorator.py
[2024-07-14T16:50:07.950+0000] {processor.py:830} INFO - Processing file /home/airflow/.local/lib/python3.12/site-packages/airflow/example_dags/example_python_decorator.py for tasks to queue
[2024-07-14T16:50:07.956+0000] {logging_mixin.py:188} INFO - [2024-07-14T16:50:07.955+0000] {dagbag.py:545} INFO - Filling up the DagBag from /home/airflow/.local/lib/python3.12/site-packages/airflow/example_dags/example_python_decorator.py
[2024-07-14T16:50:08.086+0000] {processor.py:840} INFO - DAG(s) 'example_python_decorator' retrieved from /home/airflow/.local/lib/python3.12/site-packages/airflow/example_dags/example_python_decorator.py
[2024-07-14T16:50:08.199+0000] {logging_mixin.py:188} INFO - [2024-07-14T16:50:08.199+0000] {dag.py:3096} INFO - Sync 1 DAGs
[2024-07-14T16:50:08.236+0000] {logging_mixin.py:188} INFO - [2024-07-14T16:50:08.235+0000] {dag.py:3954} INFO - Setting next_dagrun for example_python_decorator to None, run_after=None
[2024-07-14T16:50:08.298+0000] {processor.py:183} INFO - Processing /home/airflow/.local/lib/python3.12/site-packages/airflow/example_dags/example_python_decorator.py took 0.386 seconds
[2024-07-14T16:50:39.021+0000] {processor.py:161} INFO - Started process (PID=1925) to work on /home/airflow/.local/lib/python3.12/site-packages/airflow/example_dags/example_python_decorator.py
[2024-07-14T16:50:39.024+0000] {processor.py:830} INFO - Processing file /home/airflow/.local/lib/python3.12/site-packages/airflow/example_dags/example_python_decorator.py for tasks to queue
[2024-07-14T16:50:39.027+0000] {logging_mixin.py:188} INFO - [2024-07-14T16:50:39.025+0000] {dagbag.py:545} INFO - Filling up the DagBag from /home/airflow/.local/lib/python3.12/site-packages/airflow/example_dags/example_python_decorator.py
[2024-07-14T16:50:39.050+0000] {processor.py:840} INFO - DAG(s) 'example_python_decorator' retrieved from /home/airflow/.local/lib/python3.12/site-packages/airflow/example_dags/example_python_decorator.py
[2024-07-14T16:50:39.092+0000] {logging_mixin.py:188} INFO - [2024-07-14T16:50:39.091+0000] {dag.py:3096} INFO - Sync 1 DAGs
[2024-07-14T16:50:39.111+0000] {logging_mixin.py:188} INFO - [2024-07-14T16:50:39.111+0000] {dag.py:3954} INFO - Setting next_dagrun for example_python_decorator to None, run_after=None
[2024-07-14T16:50:39.147+0000] {processor.py:183} INFO - Processing /home/airflow/.local/lib/python3.12/site-packages/airflow/example_dags/example_python_decorator.py took 0.138 seconds
[2024-07-14T16:51:09.920+0000] {processor.py:161} INFO - Started process (PID=1983) to work on /home/airflow/.local/lib/python3.12/site-packages/airflow/example_dags/example_python_decorator.py
[2024-07-14T16:51:09.922+0000] {processor.py:830} INFO - Processing file /home/airflow/.local/lib/python3.12/site-packages/airflow/example_dags/example_python_decorator.py for tasks to queue
[2024-07-14T16:51:09.924+0000] {logging_mixin.py:188} INFO - [2024-07-14T16:51:09.923+0000] {dagbag.py:545} INFO - Filling up the DagBag from /home/airflow/.local/lib/python3.12/site-packages/airflow/example_dags/example_python_decorator.py
[2024-07-14T16:51:09.946+0000] {processor.py:840} INFO - DAG(s) 'example_python_decorator' retrieved from /home/airflow/.local/lib/python3.12/site-packages/airflow/example_dags/example_python_decorator.py
[2024-07-14T16:51:09.992+0000] {logging_mixin.py:188} INFO - [2024-07-14T16:51:09.992+0000] {dag.py:3096} INFO - Sync 1 DAGs
[2024-07-14T16:51:10.016+0000] {logging_mixin.py:188} INFO - [2024-07-14T16:51:10.016+0000] {dag.py:3954} INFO - Setting next_dagrun for example_python_decorator to None, run_after=None
[2024-07-14T16:51:10.073+0000] {processor.py:183} INFO - Processing /home/airflow/.local/lib/python3.12/site-packages/airflow/example_dags/example_python_decorator.py took 0.163 seconds
[2024-07-14T16:51:40.436+0000] {processor.py:161} INFO - Started process (PID=2042) to work on /home/airflow/.local/lib/python3.12/site-packages/airflow/example_dags/example_python_decorator.py
[2024-07-14T16:51:40.445+0000] {processor.py:830} INFO - Processing file /home/airflow/.local/lib/python3.12/site-packages/airflow/example_dags/example_python_decorator.py for tasks to queue
[2024-07-14T16:51:40.449+0000] {logging_mixin.py:188} INFO - [2024-07-14T16:51:40.448+0000] {dagbag.py:545} INFO - Filling up the DagBag from /home/airflow/.local/lib/python3.12/site-packages/airflow/example_dags/example_python_decorator.py
[2024-07-14T16:51:40.503+0000] {processor.py:840} INFO - DAG(s) 'example_python_decorator' retrieved from /home/airflow/.local/lib/python3.12/site-packages/airflow/example_dags/example_python_decorator.py
[2024-07-14T16:51:40.592+0000] {logging_mixin.py:188} INFO - [2024-07-14T16:51:40.592+0000] {dag.py:3096} INFO - Sync 1 DAGs
[2024-07-14T16:51:40.628+0000] {logging_mixin.py:188} INFO - [2024-07-14T16:51:40.627+0000] {dag.py:3954} INFO - Setting next_dagrun for example_python_decorator to None, run_after=None
[2024-07-14T16:51:40.700+0000] {processor.py:183} INFO - Processing /home/airflow/.local/lib/python3.12/site-packages/airflow/example_dags/example_python_decorator.py took 0.274 seconds
[2024-07-14T16:55:06.848+0000] {processor.py:161} INFO - Started process (PID=46) to work on /home/airflow/.local/lib/python3.12/site-packages/airflow/example_dags/example_python_decorator.py
[2024-07-14T16:55:06.856+0000] {processor.py:830} INFO - Processing file /home/airflow/.local/lib/python3.12/site-packages/airflow/example_dags/example_python_decorator.py for tasks to queue
[2024-07-14T16:55:06.897+0000] {logging_mixin.py:188} INFO - [2024-07-14T16:55:06.893+0000] {dagbag.py:545} INFO - Filling up the DagBag from /home/airflow/.local/lib/python3.12/site-packages/airflow/example_dags/example_python_decorator.py
[2024-07-14T16:55:07.191+0000] {processor.py:840} INFO - DAG(s) 'example_python_decorator' retrieved from /home/airflow/.local/lib/python3.12/site-packages/airflow/example_dags/example_python_decorator.py
[2024-07-14T16:55:09.292+0000] {logging_mixin.py:188} INFO - [2024-07-14T16:55:09.291+0000] {dag.py:3096} INFO - Sync 1 DAGs
[2024-07-14T16:55:09.376+0000] {logging_mixin.py:188} INFO - [2024-07-14T16:55:09.375+0000] {dag.py:3954} INFO - Setting next_dagrun for example_python_decorator to None, run_after=None
[2024-07-14T16:55:09.592+0000] {processor.py:183} INFO - Processing /home/airflow/.local/lib/python3.12/site-packages/airflow/example_dags/example_python_decorator.py took 2.918 seconds
[2024-07-14T16:56:23.487+0000] {processor.py:161} INFO - Started process (PID=111) to work on /home/airflow/.local/lib/python3.12/site-packages/airflow/example_dags/example_python_decorator.py
[2024-07-14T16:56:23.495+0000] {processor.py:830} INFO - Processing file /home/airflow/.local/lib/python3.12/site-packages/airflow/example_dags/example_python_decorator.py for tasks to queue
[2024-07-14T16:56:23.500+0000] {logging_mixin.py:188} INFO - [2024-07-14T16:56:23.499+0000] {dagbag.py:545} INFO - Filling up the DagBag from /home/airflow/.local/lib/python3.12/site-packages/airflow/example_dags/example_python_decorator.py
[2024-07-14T16:56:23.530+0000] {processor.py:840} INFO - DAG(s) 'example_python_decorator' retrieved from /home/airflow/.local/lib/python3.12/site-packages/airflow/example_dags/example_python_decorator.py
[2024-07-14T16:56:23.628+0000] {logging_mixin.py:188} INFO - [2024-07-14T16:56:23.627+0000] {dag.py:3096} INFO - Sync 1 DAGs
[2024-07-14T16:56:23.668+0000] {logging_mixin.py:188} INFO - [2024-07-14T16:56:23.668+0000] {dag.py:3954} INFO - Setting next_dagrun for example_python_decorator to None, run_after=None
[2024-07-14T16:56:23.733+0000] {processor.py:183} INFO - Processing /home/airflow/.local/lib/python3.12/site-packages/airflow/example_dags/example_python_decorator.py took 0.257 seconds
[2024-07-14T16:56:54.624+0000] {processor.py:161} INFO - Started process (PID=168) to work on /home/airflow/.local/lib/python3.12/site-packages/airflow/example_dags/example_python_decorator.py
[2024-07-14T16:56:54.627+0000] {processor.py:830} INFO - Processing file /home/airflow/.local/lib/python3.12/site-packages/airflow/example_dags/example_python_decorator.py for tasks to queue
[2024-07-14T16:56:54.631+0000] {logging_mixin.py:188} INFO - [2024-07-14T16:56:54.631+0000] {dagbag.py:545} INFO - Filling up the DagBag from /home/airflow/.local/lib/python3.12/site-packages/airflow/example_dags/example_python_decorator.py
[2024-07-14T16:56:54.677+0000] {processor.py:840} INFO - DAG(s) 'example_python_decorator' retrieved from /home/airflow/.local/lib/python3.12/site-packages/airflow/example_dags/example_python_decorator.py
[2024-07-14T16:56:54.818+0000] {logging_mixin.py:188} INFO - [2024-07-14T16:56:54.817+0000] {dag.py:3096} INFO - Sync 1 DAGs
[2024-07-14T16:56:54.892+0000] {logging_mixin.py:188} INFO - [2024-07-14T16:56:54.892+0000] {dag.py:3954} INFO - Setting next_dagrun for example_python_decorator to None, run_after=None
[2024-07-14T16:56:54.961+0000] {processor.py:183} INFO - Processing /home/airflow/.local/lib/python3.12/site-packages/airflow/example_dags/example_python_decorator.py took 0.353 seconds
