[2024-07-14T16:33:35.082+0000] {processor.py:161} INFO - Started process (PID=71) to work on /home/airflow/.local/lib/python3.12/site-packages/airflow/example_dags/example_python_operator.py
[2024-07-14T16:33:35.084+0000] {processor.py:830} INFO - Processing file /home/airflow/.local/lib/python3.12/site-packages/airflow/example_dags/example_python_operator.py for tasks to queue
[2024-07-14T16:33:35.089+0000] {logging_mixin.py:188} INFO - [2024-07-14T16:33:35.088+0000] {dagbag.py:545} INFO - Filling up the DagBag from /home/airflow/.local/lib/python3.12/site-packages/airflow/example_dags/example_python_operator.py
[2024-07-14T16:33:35.111+0000] {processor.py:840} INFO - DAG(s) 'example_python_operator' retrieved from /home/airflow/.local/lib/python3.12/site-packages/airflow/example_dags/example_python_operator.py
[2024-07-14T16:33:35.499+0000] {logging_mixin.py:188} INFO - [2024-07-14T16:33:35.499+0000] {dag.py:3096} INFO - Sync 1 DAGs
[2024-07-14T16:33:35.534+0000] {logging_mixin.py:188} INFO - [2024-07-14T16:33:35.534+0000] {dag.py:3954} INFO - Setting next_dagrun for example_python_operator to None, run_after=None
[2024-07-14T16:33:35.587+0000] {processor.py:183} INFO - Processing /home/airflow/.local/lib/python3.12/site-packages/airflow/example_dags/example_python_operator.py took 0.529 seconds
[2024-07-14T16:34:05.801+0000] {processor.py:161} INFO - Started process (PID=129) to work on /home/airflow/.local/lib/python3.12/site-packages/airflow/example_dags/example_python_operator.py
[2024-07-14T16:34:05.803+0000] {processor.py:830} INFO - Processing file /home/airflow/.local/lib/python3.12/site-packages/airflow/example_dags/example_python_operator.py for tasks to queue
[2024-07-14T16:34:05.806+0000] {logging_mixin.py:188} INFO - [2024-07-14T16:34:05.806+0000] {dagbag.py:545} INFO - Filling up the DagBag from /home/airflow/.local/lib/python3.12/site-packages/airflow/example_dags/example_python_operator.py
[2024-07-14T16:34:06.034+0000] {processor.py:840} INFO - DAG(s) 'example_python_operator' retrieved from /home/airflow/.local/lib/python3.12/site-packages/airflow/example_dags/example_python_operator.py
[2024-07-14T16:34:06.496+0000] {logging_mixin.py:188} INFO - [2024-07-14T16:34:06.496+0000] {dag.py:3096} INFO - Sync 1 DAGs
[2024-07-14T16:34:06.589+0000] {logging_mixin.py:188} INFO - [2024-07-14T16:34:06.588+0000] {dag.py:3954} INFO - Setting next_dagrun for example_python_operator to None, run_after=None
[2024-07-14T16:34:06.772+0000] {processor.py:183} INFO - Processing /home/airflow/.local/lib/python3.12/site-packages/airflow/example_dags/example_python_operator.py took 0.981 seconds
[2024-07-14T16:34:36.917+0000] {processor.py:161} INFO - Started process (PID=185) to work on /home/airflow/.local/lib/python3.12/site-packages/airflow/example_dags/example_python_operator.py
[2024-07-14T16:34:36.921+0000] {processor.py:830} INFO - Processing file /home/airflow/.local/lib/python3.12/site-packages/airflow/example_dags/example_python_operator.py for tasks to queue
[2024-07-14T16:34:36.925+0000] {logging_mixin.py:188} INFO - [2024-07-14T16:34:36.924+0000] {dagbag.py:545} INFO - Filling up the DagBag from /home/airflow/.local/lib/python3.12/site-packages/airflow/example_dags/example_python_operator.py
[2024-07-14T16:34:36.946+0000] {processor.py:840} INFO - DAG(s) 'example_python_operator' retrieved from /home/airflow/.local/lib/python3.12/site-packages/airflow/example_dags/example_python_operator.py
[2024-07-14T16:34:36.999+0000] {logging_mixin.py:188} INFO - [2024-07-14T16:34:36.999+0000] {dag.py:3096} INFO - Sync 1 DAGs
[2024-07-14T16:34:37.030+0000] {logging_mixin.py:188} INFO - [2024-07-14T16:34:37.030+0000] {dag.py:3954} INFO - Setting next_dagrun for example_python_operator to None, run_after=None
[2024-07-14T16:34:37.060+0000] {processor.py:183} INFO - Processing /home/airflow/.local/lib/python3.12/site-packages/airflow/example_dags/example_python_operator.py took 0.157 seconds
[2024-07-14T16:35:07.387+0000] {processor.py:161} INFO - Started process (PID=243) to work on /home/airflow/.local/lib/python3.12/site-packages/airflow/example_dags/example_python_operator.py
[2024-07-14T16:35:07.389+0000] {processor.py:830} INFO - Processing file /home/airflow/.local/lib/python3.12/site-packages/airflow/example_dags/example_python_operator.py for tasks to queue
[2024-07-14T16:35:07.392+0000] {logging_mixin.py:188} INFO - [2024-07-14T16:35:07.391+0000] {dagbag.py:545} INFO - Filling up the DagBag from /home/airflow/.local/lib/python3.12/site-packages/airflow/example_dags/example_python_operator.py
[2024-07-14T16:35:07.408+0000] {processor.py:840} INFO - DAG(s) 'example_python_operator' retrieved from /home/airflow/.local/lib/python3.12/site-packages/airflow/example_dags/example_python_operator.py
[2024-07-14T16:35:07.451+0000] {logging_mixin.py:188} INFO - [2024-07-14T16:35:07.451+0000] {dag.py:3096} INFO - Sync 1 DAGs
[2024-07-14T16:35:07.481+0000] {logging_mixin.py:188} INFO - [2024-07-14T16:35:07.480+0000] {dag.py:3954} INFO - Setting next_dagrun for example_python_operator to None, run_after=None
[2024-07-14T16:35:07.510+0000] {processor.py:183} INFO - Processing /home/airflow/.local/lib/python3.12/site-packages/airflow/example_dags/example_python_operator.py took 0.150 seconds
[2024-07-14T16:35:38.039+0000] {processor.py:161} INFO - Started process (PID=301) to work on /home/airflow/.local/lib/python3.12/site-packages/airflow/example_dags/example_python_operator.py
[2024-07-14T16:35:38.043+0000] {processor.py:830} INFO - Processing file /home/airflow/.local/lib/python3.12/site-packages/airflow/example_dags/example_python_operator.py for tasks to queue
[2024-07-14T16:35:38.046+0000] {logging_mixin.py:188} INFO - [2024-07-14T16:35:38.046+0000] {dagbag.py:545} INFO - Filling up the DagBag from /home/airflow/.local/lib/python3.12/site-packages/airflow/example_dags/example_python_operator.py
[2024-07-14T16:35:38.065+0000] {processor.py:840} INFO - DAG(s) 'example_python_operator' retrieved from /home/airflow/.local/lib/python3.12/site-packages/airflow/example_dags/example_python_operator.py
[2024-07-14T16:35:38.107+0000] {logging_mixin.py:188} INFO - [2024-07-14T16:35:38.107+0000] {dag.py:3096} INFO - Sync 1 DAGs
[2024-07-14T16:35:38.133+0000] {logging_mixin.py:188} INFO - [2024-07-14T16:35:38.133+0000] {dag.py:3954} INFO - Setting next_dagrun for example_python_operator to None, run_after=None
[2024-07-14T16:35:38.170+0000] {processor.py:183} INFO - Processing /home/airflow/.local/lib/python3.12/site-packages/airflow/example_dags/example_python_operator.py took 0.140 seconds
[2024-07-14T16:36:08.371+0000] {processor.py:161} INFO - Started process (PID=359) to work on /home/airflow/.local/lib/python3.12/site-packages/airflow/example_dags/example_python_operator.py
[2024-07-14T16:36:08.378+0000] {processor.py:830} INFO - Processing file /home/airflow/.local/lib/python3.12/site-packages/airflow/example_dags/example_python_operator.py for tasks to queue
[2024-07-14T16:36:08.382+0000] {logging_mixin.py:188} INFO - [2024-07-14T16:36:08.382+0000] {dagbag.py:545} INFO - Filling up the DagBag from /home/airflow/.local/lib/python3.12/site-packages/airflow/example_dags/example_python_operator.py
[2024-07-14T16:36:08.400+0000] {processor.py:840} INFO - DAG(s) 'example_python_operator' retrieved from /home/airflow/.local/lib/python3.12/site-packages/airflow/example_dags/example_python_operator.py
[2024-07-14T16:36:08.444+0000] {logging_mixin.py:188} INFO - [2024-07-14T16:36:08.443+0000] {dag.py:3096} INFO - Sync 1 DAGs
[2024-07-14T16:36:08.464+0000] {logging_mixin.py:188} INFO - [2024-07-14T16:36:08.464+0000] {dag.py:3954} INFO - Setting next_dagrun for example_python_operator to None, run_after=None
[2024-07-14T16:36:08.504+0000] {processor.py:183} INFO - Processing /home/airflow/.local/lib/python3.12/site-packages/airflow/example_dags/example_python_operator.py took 0.145 seconds
[2024-07-14T16:36:43.110+0000] {processor.py:161} INFO - Started process (PID=423) to work on /home/airflow/.local/lib/python3.12/site-packages/airflow/example_dags/example_python_operator.py
[2024-07-14T16:36:43.143+0000] {processor.py:830} INFO - Processing file /home/airflow/.local/lib/python3.12/site-packages/airflow/example_dags/example_python_operator.py for tasks to queue
[2024-07-14T16:36:43.160+0000] {logging_mixin.py:188} INFO - [2024-07-14T16:36:43.156+0000] {dagbag.py:545} INFO - Filling up the DagBag from /home/airflow/.local/lib/python3.12/site-packages/airflow/example_dags/example_python_operator.py
[2024-07-14T16:36:43.212+0000] {processor.py:840} INFO - DAG(s) 'example_python_operator' retrieved from /home/airflow/.local/lib/python3.12/site-packages/airflow/example_dags/example_python_operator.py
[2024-07-14T16:36:43.412+0000] {logging_mixin.py:188} INFO - [2024-07-14T16:36:43.408+0000] {dag.py:3096} INFO - Sync 1 DAGs
[2024-07-14T16:36:43.646+0000] {logging_mixin.py:188} INFO - [2024-07-14T16:36:43.645+0000] {dag.py:3954} INFO - Setting next_dagrun for example_python_operator to None, run_after=None
[2024-07-14T16:36:44.094+0000] {processor.py:183} INFO - Processing /home/airflow/.local/lib/python3.12/site-packages/airflow/example_dags/example_python_operator.py took 0.998 seconds
[2024-07-14T16:37:14.426+0000] {processor.py:161} INFO - Started process (PID=480) to work on /home/airflow/.local/lib/python3.12/site-packages/airflow/example_dags/example_python_operator.py
[2024-07-14T16:37:14.430+0000] {processor.py:830} INFO - Processing file /home/airflow/.local/lib/python3.12/site-packages/airflow/example_dags/example_python_operator.py for tasks to queue
[2024-07-14T16:37:14.438+0000] {logging_mixin.py:188} INFO - [2024-07-14T16:37:14.437+0000] {dagbag.py:545} INFO - Filling up the DagBag from /home/airflow/.local/lib/python3.12/site-packages/airflow/example_dags/example_python_operator.py
[2024-07-14T16:37:14.461+0000] {processor.py:840} INFO - DAG(s) 'example_python_operator' retrieved from /home/airflow/.local/lib/python3.12/site-packages/airflow/example_dags/example_python_operator.py
[2024-07-14T16:37:14.520+0000] {logging_mixin.py:188} INFO - [2024-07-14T16:37:14.519+0000] {dag.py:3096} INFO - Sync 1 DAGs
[2024-07-14T16:37:14.553+0000] {logging_mixin.py:188} INFO - [2024-07-14T16:37:14.553+0000] {dag.py:3954} INFO - Setting next_dagrun for example_python_operator to None, run_after=None
[2024-07-14T16:37:14.605+0000] {processor.py:183} INFO - Processing /home/airflow/.local/lib/python3.12/site-packages/airflow/example_dags/example_python_operator.py took 0.222 seconds
[2024-07-14T16:37:47.277+0000] {processor.py:161} INFO - Started process (PID=538) to work on /home/airflow/.local/lib/python3.12/site-packages/airflow/example_dags/example_python_operator.py
[2024-07-14T16:37:47.281+0000] {processor.py:830} INFO - Processing file /home/airflow/.local/lib/python3.12/site-packages/airflow/example_dags/example_python_operator.py for tasks to queue
[2024-07-14T16:37:47.284+0000] {logging_mixin.py:188} INFO - [2024-07-14T16:37:47.283+0000] {dagbag.py:545} INFO - Filling up the DagBag from /home/airflow/.local/lib/python3.12/site-packages/airflow/example_dags/example_python_operator.py
[2024-07-14T16:37:47.303+0000] {processor.py:840} INFO - DAG(s) 'example_python_operator' retrieved from /home/airflow/.local/lib/python3.12/site-packages/airflow/example_dags/example_python_operator.py
[2024-07-14T16:37:47.374+0000] {logging_mixin.py:188} INFO - [2024-07-14T16:37:47.374+0000] {dag.py:3096} INFO - Sync 1 DAGs
[2024-07-14T16:37:47.401+0000] {logging_mixin.py:188} INFO - [2024-07-14T16:37:47.400+0000] {dag.py:3954} INFO - Setting next_dagrun for example_python_operator to None, run_after=None
[2024-07-14T16:37:47.443+0000] {processor.py:183} INFO - Processing /home/airflow/.local/lib/python3.12/site-packages/airflow/example_dags/example_python_operator.py took 0.182 seconds
[2024-07-14T16:39:15.450+0000] {processor.py:161} INFO - Started process (PID=613) to work on /home/airflow/.local/lib/python3.12/site-packages/airflow/example_dags/example_python_operator.py
[2024-07-14T16:39:15.452+0000] {processor.py:830} INFO - Processing file /home/airflow/.local/lib/python3.12/site-packages/airflow/example_dags/example_python_operator.py for tasks to queue
[2024-07-14T16:39:15.454+0000] {logging_mixin.py:188} INFO - [2024-07-14T16:39:15.453+0000] {dagbag.py:545} INFO - Filling up the DagBag from /home/airflow/.local/lib/python3.12/site-packages/airflow/example_dags/example_python_operator.py
[2024-07-14T16:39:15.493+0000] {processor.py:840} INFO - DAG(s) 'example_python_operator' retrieved from /home/airflow/.local/lib/python3.12/site-packages/airflow/example_dags/example_python_operator.py
[2024-07-14T16:39:15.580+0000] {logging_mixin.py:188} INFO - [2024-07-14T16:39:15.579+0000] {dag.py:3096} INFO - Sync 1 DAGs
[2024-07-14T16:39:15.658+0000] {logging_mixin.py:188} INFO - [2024-07-14T16:39:15.657+0000] {dag.py:3954} INFO - Setting next_dagrun for example_python_operator to None, run_after=None
[2024-07-14T16:39:15.726+0000] {processor.py:183} INFO - Processing /home/airflow/.local/lib/python3.12/site-packages/airflow/example_dags/example_python_operator.py took 0.293 seconds
[2024-07-14T16:39:45.806+0000] {processor.py:161} INFO - Started process (PID=671) to work on /home/airflow/.local/lib/python3.12/site-packages/airflow/example_dags/example_python_operator.py
[2024-07-14T16:39:45.808+0000] {processor.py:830} INFO - Processing file /home/airflow/.local/lib/python3.12/site-packages/airflow/example_dags/example_python_operator.py for tasks to queue
[2024-07-14T16:39:45.810+0000] {logging_mixin.py:188} INFO - [2024-07-14T16:39:45.810+0000] {dagbag.py:545} INFO - Filling up the DagBag from /home/airflow/.local/lib/python3.12/site-packages/airflow/example_dags/example_python_operator.py
[2024-07-14T16:39:45.836+0000] {processor.py:840} INFO - DAG(s) 'example_python_operator' retrieved from /home/airflow/.local/lib/python3.12/site-packages/airflow/example_dags/example_python_operator.py
[2024-07-14T16:39:45.887+0000] {logging_mixin.py:188} INFO - [2024-07-14T16:39:45.886+0000] {dag.py:3096} INFO - Sync 1 DAGs
[2024-07-14T16:39:45.907+0000] {logging_mixin.py:188} INFO - [2024-07-14T16:39:45.906+0000] {dag.py:3954} INFO - Setting next_dagrun for example_python_operator to None, run_after=None
[2024-07-14T16:39:45.948+0000] {processor.py:183} INFO - Processing /home/airflow/.local/lib/python3.12/site-packages/airflow/example_dags/example_python_operator.py took 0.151 seconds
[2024-07-14T16:40:16.562+0000] {processor.py:161} INFO - Started process (PID=730) to work on /home/airflow/.local/lib/python3.12/site-packages/airflow/example_dags/example_python_operator.py
[2024-07-14T16:40:16.568+0000] {processor.py:830} INFO - Processing file /home/airflow/.local/lib/python3.12/site-packages/airflow/example_dags/example_python_operator.py for tasks to queue
[2024-07-14T16:40:16.578+0000] {logging_mixin.py:188} INFO - [2024-07-14T16:40:16.578+0000] {dagbag.py:545} INFO - Filling up the DagBag from /home/airflow/.local/lib/python3.12/site-packages/airflow/example_dags/example_python_operator.py
[2024-07-14T16:40:16.598+0000] {processor.py:840} INFO - DAG(s) 'example_python_operator' retrieved from /home/airflow/.local/lib/python3.12/site-packages/airflow/example_dags/example_python_operator.py
[2024-07-14T16:40:16.646+0000] {logging_mixin.py:188} INFO - [2024-07-14T16:40:16.646+0000] {dag.py:3096} INFO - Sync 1 DAGs
[2024-07-14T16:40:16.672+0000] {logging_mixin.py:188} INFO - [2024-07-14T16:40:16.670+0000] {dag.py:3954} INFO - Setting next_dagrun for example_python_operator to None, run_after=None
[2024-07-14T16:40:16.727+0000] {processor.py:183} INFO - Processing /home/airflow/.local/lib/python3.12/site-packages/airflow/example_dags/example_python_operator.py took 0.175 seconds
[2024-07-14T16:40:47.650+0000] {processor.py:161} INFO - Started process (PID=789) to work on /home/airflow/.local/lib/python3.12/site-packages/airflow/example_dags/example_python_operator.py
[2024-07-14T16:40:47.653+0000] {processor.py:830} INFO - Processing file /home/airflow/.local/lib/python3.12/site-packages/airflow/example_dags/example_python_operator.py for tasks to queue
[2024-07-14T16:40:47.655+0000] {logging_mixin.py:188} INFO - [2024-07-14T16:40:47.654+0000] {dagbag.py:545} INFO - Filling up the DagBag from /home/airflow/.local/lib/python3.12/site-packages/airflow/example_dags/example_python_operator.py
[2024-07-14T16:40:47.678+0000] {processor.py:840} INFO - DAG(s) 'example_python_operator' retrieved from /home/airflow/.local/lib/python3.12/site-packages/airflow/example_dags/example_python_operator.py
[2024-07-14T16:40:47.853+0000] {logging_mixin.py:188} INFO - [2024-07-14T16:40:47.851+0000] {dag.py:3096} INFO - Sync 1 DAGs
[2024-07-14T16:40:48.341+0000] {logging_mixin.py:188} INFO - [2024-07-14T16:40:48.341+0000] {dag.py:3954} INFO - Setting next_dagrun for example_python_operator to None, run_after=None
[2024-07-14T16:40:48.967+0000] {processor.py:183} INFO - Processing /home/airflow/.local/lib/python3.12/site-packages/airflow/example_dags/example_python_operator.py took 1.330 seconds
[2024-07-14T16:41:19.847+0000] {processor.py:161} INFO - Started process (PID=847) to work on /home/airflow/.local/lib/python3.12/site-packages/airflow/example_dags/example_python_operator.py
[2024-07-14T16:41:19.852+0000] {processor.py:830} INFO - Processing file /home/airflow/.local/lib/python3.12/site-packages/airflow/example_dags/example_python_operator.py for tasks to queue
[2024-07-14T16:41:19.853+0000] {logging_mixin.py:188} INFO - [2024-07-14T16:41:19.853+0000] {dagbag.py:545} INFO - Filling up the DagBag from /home/airflow/.local/lib/python3.12/site-packages/airflow/example_dags/example_python_operator.py
[2024-07-14T16:41:19.927+0000] {processor.py:840} INFO - DAG(s) 'example_python_operator' retrieved from /home/airflow/.local/lib/python3.12/site-packages/airflow/example_dags/example_python_operator.py
[2024-07-14T16:41:20.009+0000] {logging_mixin.py:188} INFO - [2024-07-14T16:41:20.008+0000] {dag.py:3096} INFO - Sync 1 DAGs
[2024-07-14T16:41:20.059+0000] {logging_mixin.py:188} INFO - [2024-07-14T16:41:20.056+0000] {dag.py:3954} INFO - Setting next_dagrun for example_python_operator to None, run_after=None
[2024-07-14T16:41:20.115+0000] {processor.py:183} INFO - Processing /home/airflow/.local/lib/python3.12/site-packages/airflow/example_dags/example_python_operator.py took 0.316 seconds
[2024-07-14T16:41:50.384+0000] {processor.py:161} INFO - Started process (PID=906) to work on /home/airflow/.local/lib/python3.12/site-packages/airflow/example_dags/example_python_operator.py
[2024-07-14T16:41:50.389+0000] {processor.py:830} INFO - Processing file /home/airflow/.local/lib/python3.12/site-packages/airflow/example_dags/example_python_operator.py for tasks to queue
[2024-07-14T16:41:50.395+0000] {logging_mixin.py:188} INFO - [2024-07-14T16:41:50.394+0000] {dagbag.py:545} INFO - Filling up the DagBag from /home/airflow/.local/lib/python3.12/site-packages/airflow/example_dags/example_python_operator.py
[2024-07-14T16:41:50.431+0000] {processor.py:840} INFO - DAG(s) 'example_python_operator' retrieved from /home/airflow/.local/lib/python3.12/site-packages/airflow/example_dags/example_python_operator.py
[2024-07-14T16:41:50.535+0000] {logging_mixin.py:188} INFO - [2024-07-14T16:41:50.534+0000] {dag.py:3096} INFO - Sync 1 DAGs
[2024-07-14T16:41:50.562+0000] {logging_mixin.py:188} INFO - [2024-07-14T16:41:50.562+0000] {dag.py:3954} INFO - Setting next_dagrun for example_python_operator to None, run_after=None
[2024-07-14T16:41:50.611+0000] {processor.py:183} INFO - Processing /home/airflow/.local/lib/python3.12/site-packages/airflow/example_dags/example_python_operator.py took 0.249 seconds
[2024-07-14T16:42:20.857+0000] {processor.py:161} INFO - Started process (PID=963) to work on /home/airflow/.local/lib/python3.12/site-packages/airflow/example_dags/example_python_operator.py
[2024-07-14T16:42:20.859+0000] {processor.py:830} INFO - Processing file /home/airflow/.local/lib/python3.12/site-packages/airflow/example_dags/example_python_operator.py for tasks to queue
[2024-07-14T16:42:20.861+0000] {logging_mixin.py:188} INFO - [2024-07-14T16:42:20.860+0000] {dagbag.py:545} INFO - Filling up the DagBag from /home/airflow/.local/lib/python3.12/site-packages/airflow/example_dags/example_python_operator.py
[2024-07-14T16:42:20.887+0000] {processor.py:840} INFO - DAG(s) 'example_python_operator' retrieved from /home/airflow/.local/lib/python3.12/site-packages/airflow/example_dags/example_python_operator.py
[2024-07-14T16:42:20.958+0000] {logging_mixin.py:188} INFO - [2024-07-14T16:42:20.958+0000] {dag.py:3096} INFO - Sync 1 DAGs
[2024-07-14T16:42:21.003+0000] {logging_mixin.py:188} INFO - [2024-07-14T16:42:21.003+0000] {dag.py:3954} INFO - Setting next_dagrun for example_python_operator to None, run_after=None
[2024-07-14T16:42:21.053+0000] {processor.py:183} INFO - Processing /home/airflow/.local/lib/python3.12/site-packages/airflow/example_dags/example_python_operator.py took 0.208 seconds
[2024-07-14T16:42:51.477+0000] {processor.py:161} INFO - Started process (PID=1021) to work on /home/airflow/.local/lib/python3.12/site-packages/airflow/example_dags/example_python_operator.py
[2024-07-14T16:42:51.479+0000] {processor.py:830} INFO - Processing file /home/airflow/.local/lib/python3.12/site-packages/airflow/example_dags/example_python_operator.py for tasks to queue
[2024-07-14T16:42:51.481+0000] {logging_mixin.py:188} INFO - [2024-07-14T16:42:51.480+0000] {dagbag.py:545} INFO - Filling up the DagBag from /home/airflow/.local/lib/python3.12/site-packages/airflow/example_dags/example_python_operator.py
[2024-07-14T16:42:51.505+0000] {processor.py:840} INFO - DAG(s) 'example_python_operator' retrieved from /home/airflow/.local/lib/python3.12/site-packages/airflow/example_dags/example_python_operator.py
[2024-07-14T16:42:51.560+0000] {logging_mixin.py:188} INFO - [2024-07-14T16:42:51.560+0000] {dag.py:3096} INFO - Sync 1 DAGs
[2024-07-14T16:42:51.587+0000] {logging_mixin.py:188} INFO - [2024-07-14T16:42:51.587+0000] {dag.py:3954} INFO - Setting next_dagrun for example_python_operator to None, run_after=None
[2024-07-14T16:42:51.638+0000] {processor.py:183} INFO - Processing /home/airflow/.local/lib/python3.12/site-packages/airflow/example_dags/example_python_operator.py took 0.184 seconds
[2024-07-14T16:43:21.762+0000] {processor.py:161} INFO - Started process (PID=1080) to work on /home/airflow/.local/lib/python3.12/site-packages/airflow/example_dags/example_python_operator.py
[2024-07-14T16:43:21.765+0000] {processor.py:830} INFO - Processing file /home/airflow/.local/lib/python3.12/site-packages/airflow/example_dags/example_python_operator.py for tasks to queue
[2024-07-14T16:43:21.782+0000] {logging_mixin.py:188} INFO - [2024-07-14T16:43:21.782+0000] {dagbag.py:545} INFO - Filling up the DagBag from /home/airflow/.local/lib/python3.12/site-packages/airflow/example_dags/example_python_operator.py
[2024-07-14T16:43:21.818+0000] {processor.py:840} INFO - DAG(s) 'example_python_operator' retrieved from /home/airflow/.local/lib/python3.12/site-packages/airflow/example_dags/example_python_operator.py
[2024-07-14T16:43:21.954+0000] {logging_mixin.py:188} INFO - [2024-07-14T16:43:21.954+0000] {dag.py:3096} INFO - Sync 1 DAGs
[2024-07-14T16:43:22.002+0000] {logging_mixin.py:188} INFO - [2024-07-14T16:43:22.002+0000] {dag.py:3954} INFO - Setting next_dagrun for example_python_operator to None, run_after=None
[2024-07-14T16:43:22.057+0000] {processor.py:183} INFO - Processing /home/airflow/.local/lib/python3.12/site-packages/airflow/example_dags/example_python_operator.py took 0.353 seconds
[2024-07-14T16:43:52.468+0000] {processor.py:161} INFO - Started process (PID=1139) to work on /home/airflow/.local/lib/python3.12/site-packages/airflow/example_dags/example_python_operator.py
[2024-07-14T16:43:52.476+0000] {processor.py:830} INFO - Processing file /home/airflow/.local/lib/python3.12/site-packages/airflow/example_dags/example_python_operator.py for tasks to queue
[2024-07-14T16:43:52.478+0000] {logging_mixin.py:188} INFO - [2024-07-14T16:43:52.477+0000] {dagbag.py:545} INFO - Filling up the DagBag from /home/airflow/.local/lib/python3.12/site-packages/airflow/example_dags/example_python_operator.py
[2024-07-14T16:43:52.532+0000] {processor.py:840} INFO - DAG(s) 'example_python_operator' retrieved from /home/airflow/.local/lib/python3.12/site-packages/airflow/example_dags/example_python_operator.py
[2024-07-14T16:43:52.649+0000] {logging_mixin.py:188} INFO - [2024-07-14T16:43:52.648+0000] {dag.py:3096} INFO - Sync 1 DAGs
[2024-07-14T16:43:52.711+0000] {logging_mixin.py:188} INFO - [2024-07-14T16:43:52.711+0000] {dag.py:3954} INFO - Setting next_dagrun for example_python_operator to None, run_after=None
[2024-07-14T16:43:52.856+0000] {processor.py:183} INFO - Processing /home/airflow/.local/lib/python3.12/site-packages/airflow/example_dags/example_python_operator.py took 0.406 seconds
[2024-07-14T16:44:22.957+0000] {processor.py:161} INFO - Started process (PID=1197) to work on /home/airflow/.local/lib/python3.12/site-packages/airflow/example_dags/example_python_operator.py
[2024-07-14T16:44:22.960+0000] {processor.py:830} INFO - Processing file /home/airflow/.local/lib/python3.12/site-packages/airflow/example_dags/example_python_operator.py for tasks to queue
[2024-07-14T16:44:22.974+0000] {logging_mixin.py:188} INFO - [2024-07-14T16:44:22.973+0000] {dagbag.py:545} INFO - Filling up the DagBag from /home/airflow/.local/lib/python3.12/site-packages/airflow/example_dags/example_python_operator.py
[2024-07-14T16:44:22.999+0000] {processor.py:840} INFO - DAG(s) 'example_python_operator' retrieved from /home/airflow/.local/lib/python3.12/site-packages/airflow/example_dags/example_python_operator.py
[2024-07-14T16:44:23.055+0000] {logging_mixin.py:188} INFO - [2024-07-14T16:44:23.055+0000] {dag.py:3096} INFO - Sync 1 DAGs
[2024-07-14T16:44:23.095+0000] {logging_mixin.py:188} INFO - [2024-07-14T16:44:23.094+0000] {dag.py:3954} INFO - Setting next_dagrun for example_python_operator to None, run_after=None
[2024-07-14T16:44:23.153+0000] {processor.py:183} INFO - Processing /home/airflow/.local/lib/python3.12/site-packages/airflow/example_dags/example_python_operator.py took 0.207 seconds
[2024-07-14T16:44:53.449+0000] {processor.py:161} INFO - Started process (PID=1256) to work on /home/airflow/.local/lib/python3.12/site-packages/airflow/example_dags/example_python_operator.py
[2024-07-14T16:44:53.450+0000] {processor.py:830} INFO - Processing file /home/airflow/.local/lib/python3.12/site-packages/airflow/example_dags/example_python_operator.py for tasks to queue
[2024-07-14T16:44:53.452+0000] {logging_mixin.py:188} INFO - [2024-07-14T16:44:53.451+0000] {dagbag.py:545} INFO - Filling up the DagBag from /home/airflow/.local/lib/python3.12/site-packages/airflow/example_dags/example_python_operator.py
[2024-07-14T16:44:53.472+0000] {processor.py:840} INFO - DAG(s) 'example_python_operator' retrieved from /home/airflow/.local/lib/python3.12/site-packages/airflow/example_dags/example_python_operator.py
[2024-07-14T16:44:53.527+0000] {logging_mixin.py:188} INFO - [2024-07-14T16:44:53.527+0000] {dag.py:3096} INFO - Sync 1 DAGs
[2024-07-14T16:44:53.549+0000] {logging_mixin.py:188} INFO - [2024-07-14T16:44:53.548+0000] {dag.py:3954} INFO - Setting next_dagrun for example_python_operator to None, run_after=None
[2024-07-14T16:44:53.830+0000] {processor.py:183} INFO - Processing /home/airflow/.local/lib/python3.12/site-packages/airflow/example_dags/example_python_operator.py took 0.397 seconds
[2024-07-14T16:45:24.230+0000] {processor.py:161} INFO - Started process (PID=1314) to work on /home/airflow/.local/lib/python3.12/site-packages/airflow/example_dags/example_python_operator.py
[2024-07-14T16:45:24.239+0000] {processor.py:830} INFO - Processing file /home/airflow/.local/lib/python3.12/site-packages/airflow/example_dags/example_python_operator.py for tasks to queue
[2024-07-14T16:45:24.240+0000] {logging_mixin.py:188} INFO - [2024-07-14T16:45:24.240+0000] {dagbag.py:545} INFO - Filling up the DagBag from /home/airflow/.local/lib/python3.12/site-packages/airflow/example_dags/example_python_operator.py
[2024-07-14T16:45:24.262+0000] {processor.py:840} INFO - DAG(s) 'example_python_operator' retrieved from /home/airflow/.local/lib/python3.12/site-packages/airflow/example_dags/example_python_operator.py
[2024-07-14T16:45:24.319+0000] {logging_mixin.py:188} INFO - [2024-07-14T16:45:24.319+0000] {dag.py:3096} INFO - Sync 1 DAGs
[2024-07-14T16:45:24.347+0000] {logging_mixin.py:188} INFO - [2024-07-14T16:45:24.347+0000] {dag.py:3954} INFO - Setting next_dagrun for example_python_operator to None, run_after=None
[2024-07-14T16:45:24.386+0000] {processor.py:183} INFO - Processing /home/airflow/.local/lib/python3.12/site-packages/airflow/example_dags/example_python_operator.py took 0.169 seconds
[2024-07-14T16:45:54.755+0000] {processor.py:161} INFO - Started process (PID=1373) to work on /home/airflow/.local/lib/python3.12/site-packages/airflow/example_dags/example_python_operator.py
[2024-07-14T16:45:54.760+0000] {processor.py:830} INFO - Processing file /home/airflow/.local/lib/python3.12/site-packages/airflow/example_dags/example_python_operator.py for tasks to queue
[2024-07-14T16:45:54.762+0000] {logging_mixin.py:188} INFO - [2024-07-14T16:45:54.761+0000] {dagbag.py:545} INFO - Filling up the DagBag from /home/airflow/.local/lib/python3.12/site-packages/airflow/example_dags/example_python_operator.py
[2024-07-14T16:45:54.801+0000] {processor.py:840} INFO - DAG(s) 'example_python_operator' retrieved from /home/airflow/.local/lib/python3.12/site-packages/airflow/example_dags/example_python_operator.py
[2024-07-14T16:45:54.863+0000] {logging_mixin.py:188} INFO - [2024-07-14T16:45:54.863+0000] {dag.py:3096} INFO - Sync 1 DAGs
[2024-07-14T16:45:54.892+0000] {logging_mixin.py:188} INFO - [2024-07-14T16:45:54.892+0000] {dag.py:3954} INFO - Setting next_dagrun for example_python_operator to None, run_after=None
[2024-07-14T16:45:54.944+0000] {processor.py:183} INFO - Processing /home/airflow/.local/lib/python3.12/site-packages/airflow/example_dags/example_python_operator.py took 0.201 seconds
[2024-07-14T16:46:26.074+0000] {processor.py:161} INFO - Started process (PID=1438) to work on /home/airflow/.local/lib/python3.12/site-packages/airflow/example_dags/example_python_operator.py
[2024-07-14T16:46:26.087+0000] {processor.py:830} INFO - Processing file /home/airflow/.local/lib/python3.12/site-packages/airflow/example_dags/example_python_operator.py for tasks to queue
[2024-07-14T16:46:26.089+0000] {logging_mixin.py:188} INFO - [2024-07-14T16:46:26.089+0000] {dagbag.py:545} INFO - Filling up the DagBag from /home/airflow/.local/lib/python3.12/site-packages/airflow/example_dags/example_python_operator.py
[2024-07-14T16:46:26.132+0000] {processor.py:840} INFO - DAG(s) 'example_python_operator' retrieved from /home/airflow/.local/lib/python3.12/site-packages/airflow/example_dags/example_python_operator.py
[2024-07-14T16:46:26.230+0000] {logging_mixin.py:188} INFO - [2024-07-14T16:46:26.229+0000] {dag.py:3096} INFO - Sync 1 DAGs
[2024-07-14T16:46:26.287+0000] {logging_mixin.py:188} INFO - [2024-07-14T16:46:26.286+0000] {dag.py:3954} INFO - Setting next_dagrun for example_python_operator to None, run_after=None
[2024-07-14T16:46:26.388+0000] {processor.py:183} INFO - Processing /home/airflow/.local/lib/python3.12/site-packages/airflow/example_dags/example_python_operator.py took 0.333 seconds
[2024-07-14T16:46:56.468+0000] {processor.py:161} INFO - Started process (PID=1497) to work on /home/airflow/.local/lib/python3.12/site-packages/airflow/example_dags/example_python_operator.py
[2024-07-14T16:46:56.473+0000] {processor.py:830} INFO - Processing file /home/airflow/.local/lib/python3.12/site-packages/airflow/example_dags/example_python_operator.py for tasks to queue
[2024-07-14T16:46:56.475+0000] {logging_mixin.py:188} INFO - [2024-07-14T16:46:56.474+0000] {dagbag.py:545} INFO - Filling up the DagBag from /home/airflow/.local/lib/python3.12/site-packages/airflow/example_dags/example_python_operator.py
[2024-07-14T16:46:56.492+0000] {processor.py:840} INFO - DAG(s) 'example_python_operator' retrieved from /home/airflow/.local/lib/python3.12/site-packages/airflow/example_dags/example_python_operator.py
[2024-07-14T16:46:56.535+0000] {logging_mixin.py:188} INFO - [2024-07-14T16:46:56.535+0000] {dag.py:3096} INFO - Sync 1 DAGs
[2024-07-14T16:46:56.555+0000] {logging_mixin.py:188} INFO - [2024-07-14T16:46:56.555+0000] {dag.py:3954} INFO - Setting next_dagrun for example_python_operator to None, run_after=None
[2024-07-14T16:46:56.592+0000] {processor.py:183} INFO - Processing /home/airflow/.local/lib/python3.12/site-packages/airflow/example_dags/example_python_operator.py took 0.136 seconds
[2024-07-14T16:47:26.707+0000] {processor.py:161} INFO - Started process (PID=1556) to work on /home/airflow/.local/lib/python3.12/site-packages/airflow/example_dags/example_python_operator.py
[2024-07-14T16:47:26.709+0000] {processor.py:830} INFO - Processing file /home/airflow/.local/lib/python3.12/site-packages/airflow/example_dags/example_python_operator.py for tasks to queue
[2024-07-14T16:47:26.710+0000] {logging_mixin.py:188} INFO - [2024-07-14T16:47:26.710+0000] {dagbag.py:545} INFO - Filling up the DagBag from /home/airflow/.local/lib/python3.12/site-packages/airflow/example_dags/example_python_operator.py
[2024-07-14T16:47:26.745+0000] {processor.py:840} INFO - DAG(s) 'example_python_operator' retrieved from /home/airflow/.local/lib/python3.12/site-packages/airflow/example_dags/example_python_operator.py
[2024-07-14T16:47:26.796+0000] {logging_mixin.py:188} INFO - [2024-07-14T16:47:26.796+0000] {dag.py:3096} INFO - Sync 1 DAGs
[2024-07-14T16:47:26.816+0000] {logging_mixin.py:188} INFO - [2024-07-14T16:47:26.816+0000] {dag.py:3954} INFO - Setting next_dagrun for example_python_operator to None, run_after=None
[2024-07-14T16:47:26.859+0000] {processor.py:183} INFO - Processing /home/airflow/.local/lib/python3.12/site-packages/airflow/example_dags/example_python_operator.py took 0.161 seconds
[2024-07-14T16:47:58.315+0000] {processor.py:161} INFO - Started process (PID=1615) to work on /home/airflow/.local/lib/python3.12/site-packages/airflow/example_dags/example_python_operator.py
[2024-07-14T16:47:58.317+0000] {processor.py:830} INFO - Processing file /home/airflow/.local/lib/python3.12/site-packages/airflow/example_dags/example_python_operator.py for tasks to queue
[2024-07-14T16:47:58.329+0000] {logging_mixin.py:188} INFO - [2024-07-14T16:47:58.318+0000] {dagbag.py:545} INFO - Filling up the DagBag from /home/airflow/.local/lib/python3.12/site-packages/airflow/example_dags/example_python_operator.py
[2024-07-14T16:47:58.380+0000] {processor.py:840} INFO - DAG(s) 'example_python_operator' retrieved from /home/airflow/.local/lib/python3.12/site-packages/airflow/example_dags/example_python_operator.py
[2024-07-14T16:47:58.452+0000] {logging_mixin.py:188} INFO - [2024-07-14T16:47:58.451+0000] {dag.py:3096} INFO - Sync 1 DAGs
[2024-07-14T16:47:58.502+0000] {logging_mixin.py:188} INFO - [2024-07-14T16:47:58.502+0000] {dag.py:3954} INFO - Setting next_dagrun for example_python_operator to None, run_after=None
[2024-07-14T16:47:58.555+0000] {processor.py:183} INFO - Processing /home/airflow/.local/lib/python3.12/site-packages/airflow/example_dags/example_python_operator.py took 0.252 seconds
[2024-07-14T16:48:28.714+0000] {processor.py:161} INFO - Started process (PID=1674) to work on /home/airflow/.local/lib/python3.12/site-packages/airflow/example_dags/example_python_operator.py
[2024-07-14T16:48:28.716+0000] {processor.py:830} INFO - Processing file /home/airflow/.local/lib/python3.12/site-packages/airflow/example_dags/example_python_operator.py for tasks to queue
[2024-07-14T16:48:28.733+0000] {logging_mixin.py:188} INFO - [2024-07-14T16:48:28.726+0000] {dagbag.py:545} INFO - Filling up the DagBag from /home/airflow/.local/lib/python3.12/site-packages/airflow/example_dags/example_python_operator.py
[2024-07-14T16:48:28.766+0000] {processor.py:840} INFO - DAG(s) 'example_python_operator' retrieved from /home/airflow/.local/lib/python3.12/site-packages/airflow/example_dags/example_python_operator.py
[2024-07-14T16:48:28.863+0000] {logging_mixin.py:188} INFO - [2024-07-14T16:48:28.862+0000] {dag.py:3096} INFO - Sync 1 DAGs
[2024-07-14T16:48:28.894+0000] {logging_mixin.py:188} INFO - [2024-07-14T16:48:28.894+0000] {dag.py:3954} INFO - Setting next_dagrun for example_python_operator to None, run_after=None
[2024-07-14T16:48:28.945+0000] {processor.py:183} INFO - Processing /home/airflow/.local/lib/python3.12/site-packages/airflow/example_dags/example_python_operator.py took 0.241 seconds
[2024-07-14T16:49:00.429+0000] {processor.py:161} INFO - Started process (PID=1733) to work on /home/airflow/.local/lib/python3.12/site-packages/airflow/example_dags/example_python_operator.py
[2024-07-14T16:49:00.433+0000] {processor.py:830} INFO - Processing file /home/airflow/.local/lib/python3.12/site-packages/airflow/example_dags/example_python_operator.py for tasks to queue
[2024-07-14T16:49:00.435+0000] {logging_mixin.py:188} INFO - [2024-07-14T16:49:00.435+0000] {dagbag.py:545} INFO - Filling up the DagBag from /home/airflow/.local/lib/python3.12/site-packages/airflow/example_dags/example_python_operator.py
[2024-07-14T16:49:00.460+0000] {processor.py:840} INFO - DAG(s) 'example_python_operator' retrieved from /home/airflow/.local/lib/python3.12/site-packages/airflow/example_dags/example_python_operator.py
[2024-07-14T16:49:00.535+0000] {logging_mixin.py:188} INFO - [2024-07-14T16:49:00.535+0000] {dag.py:3096} INFO - Sync 1 DAGs
[2024-07-14T16:49:00.832+0000] {logging_mixin.py:188} INFO - [2024-07-14T16:49:00.832+0000] {dag.py:3954} INFO - Setting next_dagrun for example_python_operator to None, run_after=None
[2024-07-14T16:49:00.890+0000] {processor.py:183} INFO - Processing /home/airflow/.local/lib/python3.12/site-packages/airflow/example_dags/example_python_operator.py took 0.475 seconds
[2024-07-14T16:49:30.952+0000] {processor.py:161} INFO - Started process (PID=1792) to work on /home/airflow/.local/lib/python3.12/site-packages/airflow/example_dags/example_python_operator.py
[2024-07-14T16:49:30.954+0000] {processor.py:830} INFO - Processing file /home/airflow/.local/lib/python3.12/site-packages/airflow/example_dags/example_python_operator.py for tasks to queue
[2024-07-14T16:49:30.957+0000] {logging_mixin.py:188} INFO - [2024-07-14T16:49:30.955+0000] {dagbag.py:545} INFO - Filling up the DagBag from /home/airflow/.local/lib/python3.12/site-packages/airflow/example_dags/example_python_operator.py
[2024-07-14T16:49:30.986+0000] {processor.py:840} INFO - DAG(s) 'example_python_operator' retrieved from /home/airflow/.local/lib/python3.12/site-packages/airflow/example_dags/example_python_operator.py
[2024-07-14T16:49:31.044+0000] {logging_mixin.py:188} INFO - [2024-07-14T16:49:31.043+0000] {dag.py:3096} INFO - Sync 1 DAGs
[2024-07-14T16:49:31.086+0000] {logging_mixin.py:188} INFO - [2024-07-14T16:49:31.085+0000] {dag.py:3954} INFO - Setting next_dagrun for example_python_operator to None, run_after=None
[2024-07-14T16:49:31.145+0000] {processor.py:183} INFO - Processing /home/airflow/.local/lib/python3.12/site-packages/airflow/example_dags/example_python_operator.py took 0.210 seconds
[2024-07-14T16:50:01.414+0000] {processor.py:161} INFO - Started process (PID=1851) to work on /home/airflow/.local/lib/python3.12/site-packages/airflow/example_dags/example_python_operator.py
[2024-07-14T16:50:01.416+0000] {processor.py:830} INFO - Processing file /home/airflow/.local/lib/python3.12/site-packages/airflow/example_dags/example_python_operator.py for tasks to queue
[2024-07-14T16:50:01.421+0000] {logging_mixin.py:188} INFO - [2024-07-14T16:50:01.420+0000] {dagbag.py:545} INFO - Filling up the DagBag from /home/airflow/.local/lib/python3.12/site-packages/airflow/example_dags/example_python_operator.py
[2024-07-14T16:50:01.442+0000] {processor.py:840} INFO - DAG(s) 'example_python_operator' retrieved from /home/airflow/.local/lib/python3.12/site-packages/airflow/example_dags/example_python_operator.py
[2024-07-14T16:50:01.503+0000] {logging_mixin.py:188} INFO - [2024-07-14T16:50:01.502+0000] {dag.py:3096} INFO - Sync 1 DAGs
[2024-07-14T16:50:01.533+0000] {logging_mixin.py:188} INFO - [2024-07-14T16:50:01.533+0000] {dag.py:3954} INFO - Setting next_dagrun for example_python_operator to None, run_after=None
[2024-07-14T16:50:01.563+0000] {processor.py:183} INFO - Processing /home/airflow/.local/lib/python3.12/site-packages/airflow/example_dags/example_python_operator.py took 0.159 seconds
[2024-07-14T16:50:32.649+0000] {processor.py:161} INFO - Started process (PID=1909) to work on /home/airflow/.local/lib/python3.12/site-packages/airflow/example_dags/example_python_operator.py
[2024-07-14T16:50:32.651+0000] {processor.py:830} INFO - Processing file /home/airflow/.local/lib/python3.12/site-packages/airflow/example_dags/example_python_operator.py for tasks to queue
[2024-07-14T16:50:32.653+0000] {logging_mixin.py:188} INFO - [2024-07-14T16:50:32.652+0000] {dagbag.py:545} INFO - Filling up the DagBag from /home/airflow/.local/lib/python3.12/site-packages/airflow/example_dags/example_python_operator.py
[2024-07-14T16:50:32.892+0000] {processor.py:840} INFO - DAG(s) 'example_python_operator' retrieved from /home/airflow/.local/lib/python3.12/site-packages/airflow/example_dags/example_python_operator.py
[2024-07-14T16:50:32.936+0000] {logging_mixin.py:188} INFO - [2024-07-14T16:50:32.935+0000] {dag.py:3096} INFO - Sync 1 DAGs
[2024-07-14T16:50:32.965+0000] {logging_mixin.py:188} INFO - [2024-07-14T16:50:32.964+0000] {dag.py:3954} INFO - Setting next_dagrun for example_python_operator to None, run_after=None
[2024-07-14T16:50:33.006+0000] {processor.py:183} INFO - Processing /home/airflow/.local/lib/python3.12/site-packages/airflow/example_dags/example_python_operator.py took 0.366 seconds
[2024-07-14T16:51:04.060+0000] {processor.py:161} INFO - Started process (PID=1967) to work on /home/airflow/.local/lib/python3.12/site-packages/airflow/example_dags/example_python_operator.py
[2024-07-14T16:51:04.062+0000] {processor.py:830} INFO - Processing file /home/airflow/.local/lib/python3.12/site-packages/airflow/example_dags/example_python_operator.py for tasks to queue
[2024-07-14T16:51:04.068+0000] {logging_mixin.py:188} INFO - [2024-07-14T16:51:04.067+0000] {dagbag.py:545} INFO - Filling up the DagBag from /home/airflow/.local/lib/python3.12/site-packages/airflow/example_dags/example_python_operator.py
[2024-07-14T16:51:04.091+0000] {processor.py:840} INFO - DAG(s) 'example_python_operator' retrieved from /home/airflow/.local/lib/python3.12/site-packages/airflow/example_dags/example_python_operator.py
[2024-07-14T16:51:04.139+0000] {logging_mixin.py:188} INFO - [2024-07-14T16:51:04.139+0000] {dag.py:3096} INFO - Sync 1 DAGs
[2024-07-14T16:51:04.175+0000] {logging_mixin.py:188} INFO - [2024-07-14T16:51:04.175+0000] {dag.py:3954} INFO - Setting next_dagrun for example_python_operator to None, run_after=None
[2024-07-14T16:51:04.224+0000] {processor.py:183} INFO - Processing /home/airflow/.local/lib/python3.12/site-packages/airflow/example_dags/example_python_operator.py took 0.176 seconds
[2024-07-14T16:51:34.971+0000] {processor.py:161} INFO - Started process (PID=2026) to work on /home/airflow/.local/lib/python3.12/site-packages/airflow/example_dags/example_python_operator.py
[2024-07-14T16:51:34.977+0000] {processor.py:830} INFO - Processing file /home/airflow/.local/lib/python3.12/site-packages/airflow/example_dags/example_python_operator.py for tasks to queue
[2024-07-14T16:51:34.979+0000] {logging_mixin.py:188} INFO - [2024-07-14T16:51:34.978+0000] {dagbag.py:545} INFO - Filling up the DagBag from /home/airflow/.local/lib/python3.12/site-packages/airflow/example_dags/example_python_operator.py
[2024-07-14T16:51:35.001+0000] {processor.py:840} INFO - DAG(s) 'example_python_operator' retrieved from /home/airflow/.local/lib/python3.12/site-packages/airflow/example_dags/example_python_operator.py
[2024-07-14T16:51:35.051+0000] {logging_mixin.py:188} INFO - [2024-07-14T16:51:35.051+0000] {dag.py:3096} INFO - Sync 1 DAGs
[2024-07-14T16:51:35.084+0000] {logging_mixin.py:188} INFO - [2024-07-14T16:51:35.084+0000] {dag.py:3954} INFO - Setting next_dagrun for example_python_operator to None, run_after=None
[2024-07-14T16:51:35.130+0000] {processor.py:183} INFO - Processing /home/airflow/.local/lib/python3.12/site-packages/airflow/example_dags/example_python_operator.py took 0.173 seconds
[2024-07-14T16:56:14.221+0000] {processor.py:161} INFO - Started process (PID=91) to work on /home/airflow/.local/lib/python3.12/site-packages/airflow/example_dags/example_python_operator.py
[2024-07-14T16:56:14.226+0000] {processor.py:830} INFO - Processing file /home/airflow/.local/lib/python3.12/site-packages/airflow/example_dags/example_python_operator.py for tasks to queue
[2024-07-14T16:56:14.259+0000] {logging_mixin.py:188} INFO - [2024-07-14T16:56:14.253+0000] {dagbag.py:545} INFO - Filling up the DagBag from /home/airflow/.local/lib/python3.12/site-packages/airflow/example_dags/example_python_operator.py
[2024-07-14T16:56:14.521+0000] {processor.py:840} INFO - DAG(s) 'example_python_operator' retrieved from /home/airflow/.local/lib/python3.12/site-packages/airflow/example_dags/example_python_operator.py
[2024-07-14T16:56:15.149+0000] {logging_mixin.py:188} INFO - [2024-07-14T16:56:15.148+0000] {dag.py:3096} INFO - Sync 1 DAGs
[2024-07-14T16:56:15.233+0000] {logging_mixin.py:188} INFO - [2024-07-14T16:56:15.233+0000] {dag.py:3954} INFO - Setting next_dagrun for example_python_operator to None, run_after=None
[2024-07-14T16:56:15.506+0000] {processor.py:183} INFO - Processing /home/airflow/.local/lib/python3.12/site-packages/airflow/example_dags/example_python_operator.py took 1.464 seconds
[2024-07-14T16:56:46.368+0000] {processor.py:161} INFO - Started process (PID=150) to work on /home/airflow/.local/lib/python3.12/site-packages/airflow/example_dags/example_python_operator.py
[2024-07-14T16:56:46.371+0000] {processor.py:830} INFO - Processing file /home/airflow/.local/lib/python3.12/site-packages/airflow/example_dags/example_python_operator.py for tasks to queue
[2024-07-14T16:56:46.378+0000] {logging_mixin.py:188} INFO - [2024-07-14T16:56:46.377+0000] {dagbag.py:545} INFO - Filling up the DagBag from /home/airflow/.local/lib/python3.12/site-packages/airflow/example_dags/example_python_operator.py
[2024-07-14T16:56:46.450+0000] {processor.py:840} INFO - DAG(s) 'example_python_operator' retrieved from /home/airflow/.local/lib/python3.12/site-packages/airflow/example_dags/example_python_operator.py
[2024-07-14T16:56:46.601+0000] {logging_mixin.py:188} INFO - [2024-07-14T16:56:46.600+0000] {dag.py:3096} INFO - Sync 1 DAGs
[2024-07-14T16:56:47.023+0000] {logging_mixin.py:188} INFO - [2024-07-14T16:56:47.023+0000] {dag.py:3954} INFO - Setting next_dagrun for example_python_operator to None, run_after=None
[2024-07-14T16:56:47.110+0000] {processor.py:183} INFO - Processing /home/airflow/.local/lib/python3.12/site-packages/airflow/example_dags/example_python_operator.py took 0.755 seconds
