[2024-07-14T16:33:36.680+0000] {processor.py:161} INFO - Started process (PID=76) to work on /home/airflow/.local/lib/python3.12/site-packages/airflow/example_dags/example_branch_labels.py
[2024-07-14T16:33:36.682+0000] {processor.py:830} INFO - Processing file /home/airflow/.local/lib/python3.12/site-packages/airflow/example_dags/example_branch_labels.py for tasks to queue
[2024-07-14T16:33:36.685+0000] {logging_mixin.py:188} INFO - [2024-07-14T16:33:36.685+0000] {dagbag.py:545} INFO - Filling up the DagBag from /home/airflow/.local/lib/python3.12/site-packages/airflow/example_dags/example_branch_labels.py
[2024-07-14T16:33:36.701+0000] {processor.py:840} INFO - DAG(s) 'example_branch_labels' retrieved from /home/airflow/.local/lib/python3.12/site-packages/airflow/example_dags/example_branch_labels.py
[2024-07-14T16:33:36.952+0000] {logging_mixin.py:188} INFO - [2024-07-14T16:33:36.951+0000] {dag.py:3096} INFO - Sync 1 DAGs
[2024-07-14T16:33:37.036+0000] {logging_mixin.py:188} INFO - [2024-07-14T16:33:37.036+0000] {dag.py:3954} INFO - Setting next_dagrun for example_branch_labels to 2024-07-13 00:00:00+00:00, run_after=2024-07-14 00:00:00+00:00
[2024-07-14T16:33:37.104+0000] {processor.py:183} INFO - Processing /home/airflow/.local/lib/python3.12/site-packages/airflow/example_dags/example_branch_labels.py took 0.447 seconds
[2024-07-14T16:34:08.445+0000] {processor.py:161} INFO - Started process (PID=134) to work on /home/airflow/.local/lib/python3.12/site-packages/airflow/example_dags/example_branch_labels.py
[2024-07-14T16:34:08.447+0000] {processor.py:830} INFO - Processing file /home/airflow/.local/lib/python3.12/site-packages/airflow/example_dags/example_branch_labels.py for tasks to queue
[2024-07-14T16:34:08.450+0000] {logging_mixin.py:188} INFO - [2024-07-14T16:34:08.450+0000] {dagbag.py:545} INFO - Filling up the DagBag from /home/airflow/.local/lib/python3.12/site-packages/airflow/example_dags/example_branch_labels.py
[2024-07-14T16:34:08.464+0000] {processor.py:840} INFO - DAG(s) 'example_branch_labels' retrieved from /home/airflow/.local/lib/python3.12/site-packages/airflow/example_dags/example_branch_labels.py
[2024-07-14T16:34:08.509+0000] {logging_mixin.py:188} INFO - [2024-07-14T16:34:08.508+0000] {dag.py:3096} INFO - Sync 1 DAGs
[2024-07-14T16:34:08.555+0000] {logging_mixin.py:188} INFO - [2024-07-14T16:34:08.555+0000] {dag.py:3954} INFO - Setting next_dagrun for example_branch_labels to 2024-07-13 00:00:00+00:00, run_after=2024-07-14 00:00:00+00:00
[2024-07-14T16:34:08.602+0000] {processor.py:183} INFO - Processing /home/airflow/.local/lib/python3.12/site-packages/airflow/example_dags/example_branch_labels.py took 0.166 seconds
[2024-07-14T16:34:39.127+0000] {processor.py:161} INFO - Started process (PID=191) to work on /home/airflow/.local/lib/python3.12/site-packages/airflow/example_dags/example_branch_labels.py
[2024-07-14T16:34:39.136+0000] {processor.py:830} INFO - Processing file /home/airflow/.local/lib/python3.12/site-packages/airflow/example_dags/example_branch_labels.py for tasks to queue
[2024-07-14T16:34:39.146+0000] {logging_mixin.py:188} INFO - [2024-07-14T16:34:39.145+0000] {dagbag.py:545} INFO - Filling up the DagBag from /home/airflow/.local/lib/python3.12/site-packages/airflow/example_dags/example_branch_labels.py
[2024-07-14T16:34:39.174+0000] {processor.py:840} INFO - DAG(s) 'example_branch_labels' retrieved from /home/airflow/.local/lib/python3.12/site-packages/airflow/example_dags/example_branch_labels.py
[2024-07-14T16:34:39.244+0000] {logging_mixin.py:188} INFO - [2024-07-14T16:34:39.244+0000] {dag.py:3096} INFO - Sync 1 DAGs
[2024-07-14T16:34:39.358+0000] {logging_mixin.py:188} INFO - [2024-07-14T16:34:39.357+0000] {dag.py:3954} INFO - Setting next_dagrun for example_branch_labels to 2024-07-13 00:00:00+00:00, run_after=2024-07-14 00:00:00+00:00
[2024-07-14T16:34:39.434+0000] {processor.py:183} INFO - Processing /home/airflow/.local/lib/python3.12/site-packages/airflow/example_dags/example_branch_labels.py took 0.333 seconds
[2024-07-14T16:35:10.594+0000] {processor.py:161} INFO - Started process (PID=255) to work on /home/airflow/.local/lib/python3.12/site-packages/airflow/example_dags/example_branch_labels.py
[2024-07-14T16:35:10.597+0000] {processor.py:830} INFO - Processing file /home/airflow/.local/lib/python3.12/site-packages/airflow/example_dags/example_branch_labels.py for tasks to queue
[2024-07-14T16:35:10.605+0000] {logging_mixin.py:188} INFO - [2024-07-14T16:35:10.604+0000] {dagbag.py:545} INFO - Filling up the DagBag from /home/airflow/.local/lib/python3.12/site-packages/airflow/example_dags/example_branch_labels.py
[2024-07-14T16:35:10.633+0000] {processor.py:840} INFO - DAG(s) 'example_branch_labels' retrieved from /home/airflow/.local/lib/python3.12/site-packages/airflow/example_dags/example_branch_labels.py
[2024-07-14T16:35:10.696+0000] {logging_mixin.py:188} INFO - [2024-07-14T16:35:10.695+0000] {dag.py:3096} INFO - Sync 1 DAGs
[2024-07-14T16:35:10.798+0000] {logging_mixin.py:188} INFO - [2024-07-14T16:35:10.797+0000] {dag.py:3954} INFO - Setting next_dagrun for example_branch_labels to 2024-07-13 00:00:00+00:00, run_after=2024-07-14 00:00:00+00:00
[2024-07-14T16:35:10.841+0000] {processor.py:183} INFO - Processing /home/airflow/.local/lib/python3.12/site-packages/airflow/example_dags/example_branch_labels.py took 0.257 seconds
[2024-07-14T16:35:41.504+0000] {processor.py:161} INFO - Started process (PID=313) to work on /home/airflow/.local/lib/python3.12/site-packages/airflow/example_dags/example_branch_labels.py
[2024-07-14T16:35:41.506+0000] {processor.py:830} INFO - Processing file /home/airflow/.local/lib/python3.12/site-packages/airflow/example_dags/example_branch_labels.py for tasks to queue
[2024-07-14T16:35:41.514+0000] {logging_mixin.py:188} INFO - [2024-07-14T16:35:41.513+0000] {dagbag.py:545} INFO - Filling up the DagBag from /home/airflow/.local/lib/python3.12/site-packages/airflow/example_dags/example_branch_labels.py
[2024-07-14T16:35:41.557+0000] {processor.py:840} INFO - DAG(s) 'example_branch_labels' retrieved from /home/airflow/.local/lib/python3.12/site-packages/airflow/example_dags/example_branch_labels.py
[2024-07-14T16:35:41.629+0000] {logging_mixin.py:188} INFO - [2024-07-14T16:35:41.629+0000] {dag.py:3096} INFO - Sync 1 DAGs
[2024-07-14T16:35:41.674+0000] {logging_mixin.py:188} INFO - [2024-07-14T16:35:41.673+0000] {dag.py:3954} INFO - Setting next_dagrun for example_branch_labels to 2024-07-13 00:00:00+00:00, run_after=2024-07-14 00:00:00+00:00
[2024-07-14T16:35:41.714+0000] {processor.py:183} INFO - Processing /home/airflow/.local/lib/python3.12/site-packages/airflow/example_dags/example_branch_labels.py took 0.224 seconds
[2024-07-14T16:36:12.020+0000] {processor.py:161} INFO - Started process (PID=371) to work on /home/airflow/.local/lib/python3.12/site-packages/airflow/example_dags/example_branch_labels.py
[2024-07-14T16:36:12.022+0000] {processor.py:830} INFO - Processing file /home/airflow/.local/lib/python3.12/site-packages/airflow/example_dags/example_branch_labels.py for tasks to queue
[2024-07-14T16:36:12.029+0000] {logging_mixin.py:188} INFO - [2024-07-14T16:36:12.028+0000] {dagbag.py:545} INFO - Filling up the DagBag from /home/airflow/.local/lib/python3.12/site-packages/airflow/example_dags/example_branch_labels.py
[2024-07-14T16:36:12.041+0000] {processor.py:840} INFO - DAG(s) 'example_branch_labels' retrieved from /home/airflow/.local/lib/python3.12/site-packages/airflow/example_dags/example_branch_labels.py
[2024-07-14T16:36:12.091+0000] {logging_mixin.py:188} INFO - [2024-07-14T16:36:12.091+0000] {dag.py:3096} INFO - Sync 1 DAGs
[2024-07-14T16:36:12.140+0000] {logging_mixin.py:188} INFO - [2024-07-14T16:36:12.140+0000] {dag.py:3954} INFO - Setting next_dagrun for example_branch_labels to 2024-07-13 00:00:00+00:00, run_after=2024-07-14 00:00:00+00:00
[2024-07-14T16:36:12.188+0000] {processor.py:183} INFO - Processing /home/airflow/.local/lib/python3.12/site-packages/airflow/example_dags/example_branch_labels.py took 0.180 seconds
[2024-07-14T16:36:46.274+0000] {processor.py:161} INFO - Started process (PID=429) to work on /home/airflow/.local/lib/python3.12/site-packages/airflow/example_dags/example_branch_labels.py
[2024-07-14T16:36:46.280+0000] {processor.py:830} INFO - Processing file /home/airflow/.local/lib/python3.12/site-packages/airflow/example_dags/example_branch_labels.py for tasks to queue
[2024-07-14T16:36:46.284+0000] {logging_mixin.py:188} INFO - [2024-07-14T16:36:46.284+0000] {dagbag.py:545} INFO - Filling up the DagBag from /home/airflow/.local/lib/python3.12/site-packages/airflow/example_dags/example_branch_labels.py
[2024-07-14T16:36:46.308+0000] {processor.py:840} INFO - DAG(s) 'example_branch_labels' retrieved from /home/airflow/.local/lib/python3.12/site-packages/airflow/example_dags/example_branch_labels.py
[2024-07-14T16:36:46.383+0000] {logging_mixin.py:188} INFO - [2024-07-14T16:36:46.383+0000] {dag.py:3096} INFO - Sync 1 DAGs
[2024-07-14T16:36:46.464+0000] {logging_mixin.py:188} INFO - [2024-07-14T16:36:46.464+0000] {dag.py:3954} INFO - Setting next_dagrun for example_branch_labels to 2024-07-13 00:00:00+00:00, run_after=2024-07-14 00:00:00+00:00
[2024-07-14T16:36:46.549+0000] {processor.py:183} INFO - Processing /home/airflow/.local/lib/python3.12/site-packages/airflow/example_dags/example_branch_labels.py took 0.287 seconds
[2024-07-14T16:37:18.216+0000] {processor.py:161} INFO - Started process (PID=486) to work on /home/airflow/.local/lib/python3.12/site-packages/airflow/example_dags/example_branch_labels.py
[2024-07-14T16:37:18.227+0000] {processor.py:830} INFO - Processing file /home/airflow/.local/lib/python3.12/site-packages/airflow/example_dags/example_branch_labels.py for tasks to queue
[2024-07-14T16:37:18.240+0000] {logging_mixin.py:188} INFO - [2024-07-14T16:37:18.235+0000] {dagbag.py:545} INFO - Filling up the DagBag from /home/airflow/.local/lib/python3.12/site-packages/airflow/example_dags/example_branch_labels.py
[2024-07-14T16:37:18.277+0000] {processor.py:840} INFO - DAG(s) 'example_branch_labels' retrieved from /home/airflow/.local/lib/python3.12/site-packages/airflow/example_dags/example_branch_labels.py
[2024-07-14T16:37:18.358+0000] {logging_mixin.py:188} INFO - [2024-07-14T16:37:18.357+0000] {dag.py:3096} INFO - Sync 1 DAGs
[2024-07-14T16:37:18.546+0000] {logging_mixin.py:188} INFO - [2024-07-14T16:37:18.546+0000] {dag.py:3954} INFO - Setting next_dagrun for example_branch_labels to 2024-07-13 00:00:00+00:00, run_after=2024-07-14 00:00:00+00:00
[2024-07-14T16:37:18.633+0000] {processor.py:183} INFO - Processing /home/airflow/.local/lib/python3.12/site-packages/airflow/example_dags/example_branch_labels.py took 0.453 seconds
[2024-07-14T16:37:50.173+0000] {processor.py:161} INFO - Started process (PID=544) to work on /home/airflow/.local/lib/python3.12/site-packages/airflow/example_dags/example_branch_labels.py
[2024-07-14T16:37:50.182+0000] {processor.py:830} INFO - Processing file /home/airflow/.local/lib/python3.12/site-packages/airflow/example_dags/example_branch_labels.py for tasks to queue
[2024-07-14T16:37:50.189+0000] {logging_mixin.py:188} INFO - [2024-07-14T16:37:50.188+0000] {dagbag.py:545} INFO - Filling up the DagBag from /home/airflow/.local/lib/python3.12/site-packages/airflow/example_dags/example_branch_labels.py
[2024-07-14T16:37:50.246+0000] {processor.py:840} INFO - DAG(s) 'example_branch_labels' retrieved from /home/airflow/.local/lib/python3.12/site-packages/airflow/example_dags/example_branch_labels.py
[2024-07-14T16:37:50.436+0000] {logging_mixin.py:188} INFO - [2024-07-14T16:37:50.427+0000] {dag.py:3096} INFO - Sync 1 DAGs
[2024-07-14T16:37:50.583+0000] {logging_mixin.py:188} INFO - [2024-07-14T16:37:50.583+0000] {dag.py:3954} INFO - Setting next_dagrun for example_branch_labels to 2024-07-13 00:00:00+00:00, run_after=2024-07-14 00:00:00+00:00
[2024-07-14T16:37:50.723+0000] {processor.py:183} INFO - Processing /home/airflow/.local/lib/python3.12/site-packages/airflow/example_dags/example_branch_labels.py took 0.570 seconds
[2024-07-14T16:39:18.554+0000] {processor.py:161} INFO - Started process (PID=618) to work on /home/airflow/.local/lib/python3.12/site-packages/airflow/example_dags/example_branch_labels.py
[2024-07-14T16:39:18.557+0000] {processor.py:830} INFO - Processing file /home/airflow/.local/lib/python3.12/site-packages/airflow/example_dags/example_branch_labels.py for tasks to queue
[2024-07-14T16:39:18.559+0000] {logging_mixin.py:188} INFO - [2024-07-14T16:39:18.558+0000] {dagbag.py:545} INFO - Filling up the DagBag from /home/airflow/.local/lib/python3.12/site-packages/airflow/example_dags/example_branch_labels.py
[2024-07-14T16:39:18.578+0000] {processor.py:840} INFO - DAG(s) 'example_branch_labels' retrieved from /home/airflow/.local/lib/python3.12/site-packages/airflow/example_dags/example_branch_labels.py
[2024-07-14T16:39:18.655+0000] {logging_mixin.py:188} INFO - [2024-07-14T16:39:18.655+0000] {dag.py:3096} INFO - Sync 1 DAGs
[2024-07-14T16:39:18.772+0000] {logging_mixin.py:188} INFO - [2024-07-14T16:39:18.772+0000] {dag.py:3954} INFO - Setting next_dagrun for example_branch_labels to 2024-07-13 00:00:00+00:00, run_after=2024-07-14 00:00:00+00:00
[2024-07-14T16:39:18.837+0000] {processor.py:183} INFO - Processing /home/airflow/.local/lib/python3.12/site-packages/airflow/example_dags/example_branch_labels.py took 0.304 seconds
[2024-07-14T16:39:48.943+0000] {processor.py:161} INFO - Started process (PID=677) to work on /home/airflow/.local/lib/python3.12/site-packages/airflow/example_dags/example_branch_labels.py
[2024-07-14T16:39:48.945+0000] {processor.py:830} INFO - Processing file /home/airflow/.local/lib/python3.12/site-packages/airflow/example_dags/example_branch_labels.py for tasks to queue
[2024-07-14T16:39:48.946+0000] {logging_mixin.py:188} INFO - [2024-07-14T16:39:48.946+0000] {dagbag.py:545} INFO - Filling up the DagBag from /home/airflow/.local/lib/python3.12/site-packages/airflow/example_dags/example_branch_labels.py
[2024-07-14T16:39:48.959+0000] {processor.py:840} INFO - DAG(s) 'example_branch_labels' retrieved from /home/airflow/.local/lib/python3.12/site-packages/airflow/example_dags/example_branch_labels.py
[2024-07-14T16:39:49.000+0000] {logging_mixin.py:188} INFO - [2024-07-14T16:39:49.000+0000] {dag.py:3096} INFO - Sync 1 DAGs
[2024-07-14T16:39:49.042+0000] {logging_mixin.py:188} INFO - [2024-07-14T16:39:49.042+0000] {dag.py:3954} INFO - Setting next_dagrun for example_branch_labels to 2024-07-13 00:00:00+00:00, run_after=2024-07-14 00:00:00+00:00
[2024-07-14T16:39:49.081+0000] {processor.py:183} INFO - Processing /home/airflow/.local/lib/python3.12/site-packages/airflow/example_dags/example_branch_labels.py took 0.151 seconds
[2024-07-14T16:40:19.384+0000] {processor.py:161} INFO - Started process (PID=736) to work on /home/airflow/.local/lib/python3.12/site-packages/airflow/example_dags/example_branch_labels.py
[2024-07-14T16:40:19.386+0000] {processor.py:830} INFO - Processing file /home/airflow/.local/lib/python3.12/site-packages/airflow/example_dags/example_branch_labels.py for tasks to queue
[2024-07-14T16:40:19.390+0000] {logging_mixin.py:188} INFO - [2024-07-14T16:40:19.390+0000] {dagbag.py:545} INFO - Filling up the DagBag from /home/airflow/.local/lib/python3.12/site-packages/airflow/example_dags/example_branch_labels.py
[2024-07-14T16:40:19.404+0000] {processor.py:840} INFO - DAG(s) 'example_branch_labels' retrieved from /home/airflow/.local/lib/python3.12/site-packages/airflow/example_dags/example_branch_labels.py
[2024-07-14T16:40:19.457+0000] {logging_mixin.py:188} INFO - [2024-07-14T16:40:19.457+0000] {dag.py:3096} INFO - Sync 1 DAGs
[2024-07-14T16:40:19.528+0000] {logging_mixin.py:188} INFO - [2024-07-14T16:40:19.527+0000] {dag.py:3954} INFO - Setting next_dagrun for example_branch_labels to 2024-07-13 00:00:00+00:00, run_after=2024-07-14 00:00:00+00:00
[2024-07-14T16:40:19.559+0000] {processor.py:183} INFO - Processing /home/airflow/.local/lib/python3.12/site-packages/airflow/example_dags/example_branch_labels.py took 0.188 seconds
[2024-07-14T16:40:50.788+0000] {processor.py:161} INFO - Started process (PID=795) to work on /home/airflow/.local/lib/python3.12/site-packages/airflow/example_dags/example_branch_labels.py
[2024-07-14T16:40:50.790+0000] {processor.py:830} INFO - Processing file /home/airflow/.local/lib/python3.12/site-packages/airflow/example_dags/example_branch_labels.py for tasks to queue
[2024-07-14T16:40:50.793+0000] {logging_mixin.py:188} INFO - [2024-07-14T16:40:50.792+0000] {dagbag.py:545} INFO - Filling up the DagBag from /home/airflow/.local/lib/python3.12/site-packages/airflow/example_dags/example_branch_labels.py
[2024-07-14T16:40:50.815+0000] {processor.py:840} INFO - DAG(s) 'example_branch_labels' retrieved from /home/airflow/.local/lib/python3.12/site-packages/airflow/example_dags/example_branch_labels.py
[2024-07-14T16:40:50.896+0000] {logging_mixin.py:188} INFO - [2024-07-14T16:40:50.895+0000] {dag.py:3096} INFO - Sync 1 DAGs
[2024-07-14T16:40:50.957+0000] {logging_mixin.py:188} INFO - [2024-07-14T16:40:50.956+0000] {dag.py:3954} INFO - Setting next_dagrun for example_branch_labels to 2024-07-13 00:00:00+00:00, run_after=2024-07-14 00:00:00+00:00
[2024-07-14T16:40:51.023+0000] {processor.py:183} INFO - Processing /home/airflow/.local/lib/python3.12/site-packages/airflow/example_dags/example_branch_labels.py took 0.267 seconds
[2024-07-14T16:41:21.194+0000] {processor.py:161} INFO - Started process (PID=853) to work on /home/airflow/.local/lib/python3.12/site-packages/airflow/example_dags/example_branch_labels.py
[2024-07-14T16:41:21.198+0000] {processor.py:830} INFO - Processing file /home/airflow/.local/lib/python3.12/site-packages/airflow/example_dags/example_branch_labels.py for tasks to queue
[2024-07-14T16:41:21.212+0000] {logging_mixin.py:188} INFO - [2024-07-14T16:41:21.208+0000] {dagbag.py:545} INFO - Filling up the DagBag from /home/airflow/.local/lib/python3.12/site-packages/airflow/example_dags/example_branch_labels.py
[2024-07-14T16:41:21.253+0000] {processor.py:840} INFO - DAG(s) 'example_branch_labels' retrieved from /home/airflow/.local/lib/python3.12/site-packages/airflow/example_dags/example_branch_labels.py
[2024-07-14T16:41:21.334+0000] {logging_mixin.py:188} INFO - [2024-07-14T16:41:21.333+0000] {dag.py:3096} INFO - Sync 1 DAGs
[2024-07-14T16:41:21.441+0000] {logging_mixin.py:188} INFO - [2024-07-14T16:41:21.440+0000] {dag.py:3954} INFO - Setting next_dagrun for example_branch_labels to 2024-07-13 00:00:00+00:00, run_after=2024-07-14 00:00:00+00:00
[2024-07-14T16:41:21.499+0000] {processor.py:183} INFO - Processing /home/airflow/.local/lib/python3.12/site-packages/airflow/example_dags/example_branch_labels.py took 0.320 seconds
[2024-07-14T16:41:52.042+0000] {processor.py:161} INFO - Started process (PID=911) to work on /home/airflow/.local/lib/python3.12/site-packages/airflow/example_dags/example_branch_labels.py
[2024-07-14T16:41:52.045+0000] {processor.py:830} INFO - Processing file /home/airflow/.local/lib/python3.12/site-packages/airflow/example_dags/example_branch_labels.py for tasks to queue
[2024-07-14T16:41:52.048+0000] {logging_mixin.py:188} INFO - [2024-07-14T16:41:52.048+0000] {dagbag.py:545} INFO - Filling up the DagBag from /home/airflow/.local/lib/python3.12/site-packages/airflow/example_dags/example_branch_labels.py
[2024-07-14T16:41:52.066+0000] {processor.py:840} INFO - DAG(s) 'example_branch_labels' retrieved from /home/airflow/.local/lib/python3.12/site-packages/airflow/example_dags/example_branch_labels.py
[2024-07-14T16:41:52.183+0000] {logging_mixin.py:188} INFO - [2024-07-14T16:41:52.182+0000] {dag.py:3096} INFO - Sync 1 DAGs
[2024-07-14T16:41:52.267+0000] {logging_mixin.py:188} INFO - [2024-07-14T16:41:52.267+0000] {dag.py:3954} INFO - Setting next_dagrun for example_branch_labels to 2024-07-13 00:00:00+00:00, run_after=2024-07-14 00:00:00+00:00
[2024-07-14T16:41:52.362+0000] {processor.py:183} INFO - Processing /home/airflow/.local/lib/python3.12/site-packages/airflow/example_dags/example_branch_labels.py took 0.346 seconds
[2024-07-14T16:42:22.656+0000] {processor.py:161} INFO - Started process (PID=970) to work on /home/airflow/.local/lib/python3.12/site-packages/airflow/example_dags/example_branch_labels.py
[2024-07-14T16:42:22.659+0000] {processor.py:830} INFO - Processing file /home/airflow/.local/lib/python3.12/site-packages/airflow/example_dags/example_branch_labels.py for tasks to queue
[2024-07-14T16:42:22.661+0000] {logging_mixin.py:188} INFO - [2024-07-14T16:42:22.661+0000] {dagbag.py:545} INFO - Filling up the DagBag from /home/airflow/.local/lib/python3.12/site-packages/airflow/example_dags/example_branch_labels.py
[2024-07-14T16:42:22.684+0000] {processor.py:840} INFO - DAG(s) 'example_branch_labels' retrieved from /home/airflow/.local/lib/python3.12/site-packages/airflow/example_dags/example_branch_labels.py
[2024-07-14T16:42:22.747+0000] {logging_mixin.py:188} INFO - [2024-07-14T16:42:22.747+0000] {dag.py:3096} INFO - Sync 1 DAGs
[2024-07-14T16:42:22.802+0000] {logging_mixin.py:188} INFO - [2024-07-14T16:42:22.802+0000] {dag.py:3954} INFO - Setting next_dagrun for example_branch_labels to 2024-07-13 00:00:00+00:00, run_after=2024-07-14 00:00:00+00:00
[2024-07-14T16:42:22.847+0000] {processor.py:183} INFO - Processing /home/airflow/.local/lib/python3.12/site-packages/airflow/example_dags/example_branch_labels.py took 0.217 seconds
[2024-07-14T16:42:54.070+0000] {processor.py:161} INFO - Started process (PID=1028) to work on /home/airflow/.local/lib/python3.12/site-packages/airflow/example_dags/example_branch_labels.py
[2024-07-14T16:42:54.076+0000] {processor.py:830} INFO - Processing file /home/airflow/.local/lib/python3.12/site-packages/airflow/example_dags/example_branch_labels.py for tasks to queue
[2024-07-14T16:42:54.078+0000] {logging_mixin.py:188} INFO - [2024-07-14T16:42:54.078+0000] {dagbag.py:545} INFO - Filling up the DagBag from /home/airflow/.local/lib/python3.12/site-packages/airflow/example_dags/example_branch_labels.py
[2024-07-14T16:42:54.097+0000] {processor.py:840} INFO - DAG(s) 'example_branch_labels' retrieved from /home/airflow/.local/lib/python3.12/site-packages/airflow/example_dags/example_branch_labels.py
[2024-07-14T16:42:54.150+0000] {logging_mixin.py:188} INFO - [2024-07-14T16:42:54.150+0000] {dag.py:3096} INFO - Sync 1 DAGs
[2024-07-14T16:42:54.208+0000] {logging_mixin.py:188} INFO - [2024-07-14T16:42:54.207+0000] {dag.py:3954} INFO - Setting next_dagrun for example_branch_labels to 2024-07-13 00:00:00+00:00, run_after=2024-07-14 00:00:00+00:00
[2024-07-14T16:42:54.252+0000] {processor.py:183} INFO - Processing /home/airflow/.local/lib/python3.12/site-packages/airflow/example_dags/example_branch_labels.py took 0.199 seconds
[2024-07-14T16:43:24.666+0000] {processor.py:161} INFO - Started process (PID=1085) to work on /home/airflow/.local/lib/python3.12/site-packages/airflow/example_dags/example_branch_labels.py
[2024-07-14T16:43:24.667+0000] {processor.py:830} INFO - Processing file /home/airflow/.local/lib/python3.12/site-packages/airflow/example_dags/example_branch_labels.py for tasks to queue
[2024-07-14T16:43:24.679+0000] {logging_mixin.py:188} INFO - [2024-07-14T16:43:24.679+0000] {dagbag.py:545} INFO - Filling up the DagBag from /home/airflow/.local/lib/python3.12/site-packages/airflow/example_dags/example_branch_labels.py
[2024-07-14T16:43:24.699+0000] {processor.py:840} INFO - DAG(s) 'example_branch_labels' retrieved from /home/airflow/.local/lib/python3.12/site-packages/airflow/example_dags/example_branch_labels.py
[2024-07-14T16:43:24.832+0000] {logging_mixin.py:188} INFO - [2024-07-14T16:43:24.831+0000] {dag.py:3096} INFO - Sync 1 DAGs
[2024-07-14T16:43:24.919+0000] {logging_mixin.py:188} INFO - [2024-07-14T16:43:24.918+0000] {dag.py:3954} INFO - Setting next_dagrun for example_branch_labels to 2024-07-13 00:00:00+00:00, run_after=2024-07-14 00:00:00+00:00
[2024-07-14T16:43:24.963+0000] {processor.py:183} INFO - Processing /home/airflow/.local/lib/python3.12/site-packages/airflow/example_dags/example_branch_labels.py took 0.324 seconds
[2024-07-14T16:43:55.984+0000] {processor.py:161} INFO - Started process (PID=1149) to work on /home/airflow/.local/lib/python3.12/site-packages/airflow/example_dags/example_branch_labels.py
[2024-07-14T16:43:55.998+0000] {processor.py:830} INFO - Processing file /home/airflow/.local/lib/python3.12/site-packages/airflow/example_dags/example_branch_labels.py for tasks to queue
[2024-07-14T16:43:56.011+0000] {logging_mixin.py:188} INFO - [2024-07-14T16:43:56.010+0000] {dagbag.py:545} INFO - Filling up the DagBag from /home/airflow/.local/lib/python3.12/site-packages/airflow/example_dags/example_branch_labels.py
[2024-07-14T16:43:56.113+0000] {processor.py:840} INFO - DAG(s) 'example_branch_labels' retrieved from /home/airflow/.local/lib/python3.12/site-packages/airflow/example_dags/example_branch_labels.py
[2024-07-14T16:43:56.203+0000] {logging_mixin.py:188} INFO - [2024-07-14T16:43:56.203+0000] {dag.py:3096} INFO - Sync 1 DAGs
[2024-07-14T16:43:56.337+0000] {logging_mixin.py:188} INFO - [2024-07-14T16:43:56.336+0000] {dag.py:3954} INFO - Setting next_dagrun for example_branch_labels to 2024-07-13 00:00:00+00:00, run_after=2024-07-14 00:00:00+00:00
[2024-07-14T16:43:56.418+0000] {processor.py:183} INFO - Processing /home/airflow/.local/lib/python3.12/site-packages/airflow/example_dags/example_branch_labels.py took 0.482 seconds
[2024-07-14T16:44:26.723+0000] {processor.py:161} INFO - Started process (PID=1208) to work on /home/airflow/.local/lib/python3.12/site-packages/airflow/example_dags/example_branch_labels.py
[2024-07-14T16:44:26.728+0000] {processor.py:830} INFO - Processing file /home/airflow/.local/lib/python3.12/site-packages/airflow/example_dags/example_branch_labels.py for tasks to queue
[2024-07-14T16:44:26.730+0000] {logging_mixin.py:188} INFO - [2024-07-14T16:44:26.730+0000] {dagbag.py:545} INFO - Filling up the DagBag from /home/airflow/.local/lib/python3.12/site-packages/airflow/example_dags/example_branch_labels.py
[2024-07-14T16:44:26.745+0000] {processor.py:840} INFO - DAG(s) 'example_branch_labels' retrieved from /home/airflow/.local/lib/python3.12/site-packages/airflow/example_dags/example_branch_labels.py
[2024-07-14T16:44:26.797+0000] {logging_mixin.py:188} INFO - [2024-07-14T16:44:26.796+0000] {dag.py:3096} INFO - Sync 1 DAGs
[2024-07-14T16:44:26.879+0000] {logging_mixin.py:188} INFO - [2024-07-14T16:44:26.878+0000] {dag.py:3954} INFO - Setting next_dagrun for example_branch_labels to 2024-07-13 00:00:00+00:00, run_after=2024-07-14 00:00:00+00:00
[2024-07-14T16:44:26.928+0000] {processor.py:183} INFO - Processing /home/airflow/.local/lib/python3.12/site-packages/airflow/example_dags/example_branch_labels.py took 0.224 seconds
[2024-07-14T16:44:57.253+0000] {processor.py:161} INFO - Started process (PID=1266) to work on /home/airflow/.local/lib/python3.12/site-packages/airflow/example_dags/example_branch_labels.py
[2024-07-14T16:44:57.254+0000] {processor.py:830} INFO - Processing file /home/airflow/.local/lib/python3.12/site-packages/airflow/example_dags/example_branch_labels.py for tasks to queue
[2024-07-14T16:44:57.256+0000] {logging_mixin.py:188} INFO - [2024-07-14T16:44:57.256+0000] {dagbag.py:545} INFO - Filling up the DagBag from /home/airflow/.local/lib/python3.12/site-packages/airflow/example_dags/example_branch_labels.py
[2024-07-14T16:44:57.269+0000] {processor.py:840} INFO - DAG(s) 'example_branch_labels' retrieved from /home/airflow/.local/lib/python3.12/site-packages/airflow/example_dags/example_branch_labels.py
[2024-07-14T16:44:57.312+0000] {logging_mixin.py:188} INFO - [2024-07-14T16:44:57.312+0000] {dag.py:3096} INFO - Sync 1 DAGs
[2024-07-14T16:44:57.365+0000] {logging_mixin.py:188} INFO - [2024-07-14T16:44:57.365+0000] {dag.py:3954} INFO - Setting next_dagrun for example_branch_labels to 2024-07-13 00:00:00+00:00, run_after=2024-07-14 00:00:00+00:00
[2024-07-14T16:44:57.404+0000] {processor.py:183} INFO - Processing /home/airflow/.local/lib/python3.12/site-packages/airflow/example_dags/example_branch_labels.py took 0.162 seconds
[2024-07-14T16:45:28.020+0000] {processor.py:161} INFO - Started process (PID=1325) to work on /home/airflow/.local/lib/python3.12/site-packages/airflow/example_dags/example_branch_labels.py
[2024-07-14T16:45:28.037+0000] {processor.py:830} INFO - Processing file /home/airflow/.local/lib/python3.12/site-packages/airflow/example_dags/example_branch_labels.py for tasks to queue
[2024-07-14T16:45:28.054+0000] {logging_mixin.py:188} INFO - [2024-07-14T16:45:28.053+0000] {dagbag.py:545} INFO - Filling up the DagBag from /home/airflow/.local/lib/python3.12/site-packages/airflow/example_dags/example_branch_labels.py
[2024-07-14T16:45:28.071+0000] {processor.py:840} INFO - DAG(s) 'example_branch_labels' retrieved from /home/airflow/.local/lib/python3.12/site-packages/airflow/example_dags/example_branch_labels.py
[2024-07-14T16:45:28.128+0000] {logging_mixin.py:188} INFO - [2024-07-14T16:45:28.123+0000] {dag.py:3096} INFO - Sync 1 DAGs
[2024-07-14T16:45:28.187+0000] {logging_mixin.py:188} INFO - [2024-07-14T16:45:28.186+0000] {dag.py:3954} INFO - Setting next_dagrun for example_branch_labels to 2024-07-13 00:00:00+00:00, run_after=2024-07-14 00:00:00+00:00
[2024-07-14T16:45:28.216+0000] {processor.py:183} INFO - Processing /home/airflow/.local/lib/python3.12/site-packages/airflow/example_dags/example_branch_labels.py took 0.211 seconds
[2024-07-14T16:45:58.463+0000] {processor.py:161} INFO - Started process (PID=1384) to work on /home/airflow/.local/lib/python3.12/site-packages/airflow/example_dags/example_branch_labels.py
[2024-07-14T16:45:58.465+0000] {processor.py:830} INFO - Processing file /home/airflow/.local/lib/python3.12/site-packages/airflow/example_dags/example_branch_labels.py for tasks to queue
[2024-07-14T16:45:58.468+0000] {logging_mixin.py:188} INFO - [2024-07-14T16:45:58.467+0000] {dagbag.py:545} INFO - Filling up the DagBag from /home/airflow/.local/lib/python3.12/site-packages/airflow/example_dags/example_branch_labels.py
[2024-07-14T16:45:58.492+0000] {processor.py:840} INFO - DAG(s) 'example_branch_labels' retrieved from /home/airflow/.local/lib/python3.12/site-packages/airflow/example_dags/example_branch_labels.py
[2024-07-14T16:45:58.548+0000] {logging_mixin.py:188} INFO - [2024-07-14T16:45:58.547+0000] {dag.py:3096} INFO - Sync 1 DAGs
[2024-07-14T16:45:58.611+0000] {logging_mixin.py:188} INFO - [2024-07-14T16:45:58.611+0000] {dag.py:3954} INFO - Setting next_dagrun for example_branch_labels to 2024-07-13 00:00:00+00:00, run_after=2024-07-14 00:00:00+00:00
[2024-07-14T16:45:58.656+0000] {processor.py:183} INFO - Processing /home/airflow/.local/lib/python3.12/site-packages/airflow/example_dags/example_branch_labels.py took 0.206 seconds
[2024-07-14T16:46:29.454+0000] {processor.py:161} INFO - Started process (PID=1443) to work on /home/airflow/.local/lib/python3.12/site-packages/airflow/example_dags/example_branch_labels.py
[2024-07-14T16:46:29.457+0000] {processor.py:830} INFO - Processing file /home/airflow/.local/lib/python3.12/site-packages/airflow/example_dags/example_branch_labels.py for tasks to queue
[2024-07-14T16:46:29.462+0000] {logging_mixin.py:188} INFO - [2024-07-14T16:46:29.461+0000] {dagbag.py:545} INFO - Filling up the DagBag from /home/airflow/.local/lib/python3.12/site-packages/airflow/example_dags/example_branch_labels.py
[2024-07-14T16:46:29.501+0000] {processor.py:840} INFO - DAG(s) 'example_branch_labels' retrieved from /home/airflow/.local/lib/python3.12/site-packages/airflow/example_dags/example_branch_labels.py
[2024-07-14T16:46:29.588+0000] {logging_mixin.py:188} INFO - [2024-07-14T16:46:29.588+0000] {dag.py:3096} INFO - Sync 1 DAGs
[2024-07-14T16:46:29.691+0000] {logging_mixin.py:188} INFO - [2024-07-14T16:46:29.690+0000] {dag.py:3954} INFO - Setting next_dagrun for example_branch_labels to 2024-07-13 00:00:00+00:00, run_after=2024-07-14 00:00:00+00:00
[2024-07-14T16:46:29.750+0000] {processor.py:183} INFO - Processing /home/airflow/.local/lib/python3.12/site-packages/airflow/example_dags/example_branch_labels.py took 0.313 seconds
[2024-07-14T16:47:00.063+0000] {processor.py:161} INFO - Started process (PID=1502) to work on /home/airflow/.local/lib/python3.12/site-packages/airflow/example_dags/example_branch_labels.py
[2024-07-14T16:47:00.065+0000] {processor.py:830} INFO - Processing file /home/airflow/.local/lib/python3.12/site-packages/airflow/example_dags/example_branch_labels.py for tasks to queue
[2024-07-14T16:47:00.067+0000] {logging_mixin.py:188} INFO - [2024-07-14T16:47:00.066+0000] {dagbag.py:545} INFO - Filling up the DagBag from /home/airflow/.local/lib/python3.12/site-packages/airflow/example_dags/example_branch_labels.py
[2024-07-14T16:47:00.088+0000] {processor.py:840} INFO - DAG(s) 'example_branch_labels' retrieved from /home/airflow/.local/lib/python3.12/site-packages/airflow/example_dags/example_branch_labels.py
[2024-07-14T16:47:00.137+0000] {logging_mixin.py:188} INFO - [2024-07-14T16:47:00.136+0000] {dag.py:3096} INFO - Sync 1 DAGs
[2024-07-14T16:47:00.194+0000] {logging_mixin.py:188} INFO - [2024-07-14T16:47:00.192+0000] {dag.py:3954} INFO - Setting next_dagrun for example_branch_labels to 2024-07-13 00:00:00+00:00, run_after=2024-07-14 00:00:00+00:00
[2024-07-14T16:47:00.257+0000] {processor.py:183} INFO - Processing /home/airflow/.local/lib/python3.12/site-packages/airflow/example_dags/example_branch_labels.py took 0.204 seconds
[2024-07-14T16:47:30.636+0000] {processor.py:161} INFO - Started process (PID=1561) to work on /home/airflow/.local/lib/python3.12/site-packages/airflow/example_dags/example_branch_labels.py
[2024-07-14T16:47:30.638+0000] {processor.py:830} INFO - Processing file /home/airflow/.local/lib/python3.12/site-packages/airflow/example_dags/example_branch_labels.py for tasks to queue
[2024-07-14T16:47:30.640+0000] {logging_mixin.py:188} INFO - [2024-07-14T16:47:30.640+0000] {dagbag.py:545} INFO - Filling up the DagBag from /home/airflow/.local/lib/python3.12/site-packages/airflow/example_dags/example_branch_labels.py
[2024-07-14T16:47:30.656+0000] {processor.py:840} INFO - DAG(s) 'example_branch_labels' retrieved from /home/airflow/.local/lib/python3.12/site-packages/airflow/example_dags/example_branch_labels.py
[2024-07-14T16:47:30.736+0000] {logging_mixin.py:188} INFO - [2024-07-14T16:47:30.734+0000] {dag.py:3096} INFO - Sync 1 DAGs
[2024-07-14T16:47:30.787+0000] {logging_mixin.py:188} INFO - [2024-07-14T16:47:30.787+0000] {dag.py:3954} INFO - Setting next_dagrun for example_branch_labels to 2024-07-13 00:00:00+00:00, run_after=2024-07-14 00:00:00+00:00
[2024-07-14T16:47:30.825+0000] {processor.py:183} INFO - Processing /home/airflow/.local/lib/python3.12/site-packages/airflow/example_dags/example_branch_labels.py took 0.202 seconds
[2024-07-14T16:48:01.168+0000] {processor.py:161} INFO - Started process (PID=1620) to work on /home/airflow/.local/lib/python3.12/site-packages/airflow/example_dags/example_branch_labels.py
[2024-07-14T16:48:01.170+0000] {processor.py:830} INFO - Processing file /home/airflow/.local/lib/python3.12/site-packages/airflow/example_dags/example_branch_labels.py for tasks to queue
[2024-07-14T16:48:01.176+0000] {logging_mixin.py:188} INFO - [2024-07-14T16:48:01.175+0000] {dagbag.py:545} INFO - Filling up the DagBag from /home/airflow/.local/lib/python3.12/site-packages/airflow/example_dags/example_branch_labels.py
[2024-07-14T16:48:01.198+0000] {processor.py:840} INFO - DAG(s) 'example_branch_labels' retrieved from /home/airflow/.local/lib/python3.12/site-packages/airflow/example_dags/example_branch_labels.py
[2024-07-14T16:48:01.242+0000] {logging_mixin.py:188} INFO - [2024-07-14T16:48:01.241+0000] {dag.py:3096} INFO - Sync 1 DAGs
[2024-07-14T16:48:01.296+0000] {logging_mixin.py:188} INFO - [2024-07-14T16:48:01.296+0000] {dag.py:3954} INFO - Setting next_dagrun for example_branch_labels to 2024-07-13 00:00:00+00:00, run_after=2024-07-14 00:00:00+00:00
[2024-07-14T16:48:01.352+0000] {processor.py:183} INFO - Processing /home/airflow/.local/lib/python3.12/site-packages/airflow/example_dags/example_branch_labels.py took 0.195 seconds
[2024-07-14T16:48:31.730+0000] {processor.py:161} INFO - Started process (PID=1679) to work on /home/airflow/.local/lib/python3.12/site-packages/airflow/example_dags/example_branch_labels.py
[2024-07-14T16:48:31.738+0000] {processor.py:830} INFO - Processing file /home/airflow/.local/lib/python3.12/site-packages/airflow/example_dags/example_branch_labels.py for tasks to queue
[2024-07-14T16:48:31.740+0000] {logging_mixin.py:188} INFO - [2024-07-14T16:48:31.740+0000] {dagbag.py:545} INFO - Filling up the DagBag from /home/airflow/.local/lib/python3.12/site-packages/airflow/example_dags/example_branch_labels.py
[2024-07-14T16:48:31.762+0000] {processor.py:840} INFO - DAG(s) 'example_branch_labels' retrieved from /home/airflow/.local/lib/python3.12/site-packages/airflow/example_dags/example_branch_labels.py
[2024-07-14T16:48:31.821+0000] {logging_mixin.py:188} INFO - [2024-07-14T16:48:31.819+0000] {dag.py:3096} INFO - Sync 1 DAGs
[2024-07-14T16:48:31.874+0000] {logging_mixin.py:188} INFO - [2024-07-14T16:48:31.874+0000] {dag.py:3954} INFO - Setting next_dagrun for example_branch_labels to 2024-07-13 00:00:00+00:00, run_after=2024-07-14 00:00:00+00:00
[2024-07-14T16:48:31.935+0000] {processor.py:183} INFO - Processing /home/airflow/.local/lib/python3.12/site-packages/airflow/example_dags/example_branch_labels.py took 0.227 seconds
[2024-07-14T16:49:02.352+0000] {processor.py:161} INFO - Started process (PID=1738) to work on /home/airflow/.local/lib/python3.12/site-packages/airflow/example_dags/example_branch_labels.py
[2024-07-14T16:49:02.354+0000] {processor.py:830} INFO - Processing file /home/airflow/.local/lib/python3.12/site-packages/airflow/example_dags/example_branch_labels.py for tasks to queue
[2024-07-14T16:49:02.356+0000] {logging_mixin.py:188} INFO - [2024-07-14T16:49:02.355+0000] {dagbag.py:545} INFO - Filling up the DagBag from /home/airflow/.local/lib/python3.12/site-packages/airflow/example_dags/example_branch_labels.py
[2024-07-14T16:49:02.371+0000] {processor.py:840} INFO - DAG(s) 'example_branch_labels' retrieved from /home/airflow/.local/lib/python3.12/site-packages/airflow/example_dags/example_branch_labels.py
[2024-07-14T16:49:02.438+0000] {logging_mixin.py:188} INFO - [2024-07-14T16:49:02.437+0000] {dag.py:3096} INFO - Sync 1 DAGs
[2024-07-14T16:49:02.511+0000] {logging_mixin.py:188} INFO - [2024-07-14T16:49:02.511+0000] {dag.py:3954} INFO - Setting next_dagrun for example_branch_labels to 2024-07-13 00:00:00+00:00, run_after=2024-07-14 00:00:00+00:00
[2024-07-14T16:49:02.555+0000] {processor.py:183} INFO - Processing /home/airflow/.local/lib/python3.12/site-packages/airflow/example_dags/example_branch_labels.py took 0.216 seconds
[2024-07-14T16:49:33.368+0000] {processor.py:161} INFO - Started process (PID=1797) to work on /home/airflow/.local/lib/python3.12/site-packages/airflow/example_dags/example_branch_labels.py
[2024-07-14T16:49:33.369+0000] {processor.py:830} INFO - Processing file /home/airflow/.local/lib/python3.12/site-packages/airflow/example_dags/example_branch_labels.py for tasks to queue
[2024-07-14T16:49:33.378+0000] {logging_mixin.py:188} INFO - [2024-07-14T16:49:33.378+0000] {dagbag.py:545} INFO - Filling up the DagBag from /home/airflow/.local/lib/python3.12/site-packages/airflow/example_dags/example_branch_labels.py
[2024-07-14T16:49:33.394+0000] {processor.py:840} INFO - DAG(s) 'example_branch_labels' retrieved from /home/airflow/.local/lib/python3.12/site-packages/airflow/example_dags/example_branch_labels.py
[2024-07-14T16:49:33.455+0000] {logging_mixin.py:188} INFO - [2024-07-14T16:49:33.454+0000] {dag.py:3096} INFO - Sync 1 DAGs
[2024-07-14T16:49:33.516+0000] {logging_mixin.py:188} INFO - [2024-07-14T16:49:33.515+0000] {dag.py:3954} INFO - Setting next_dagrun for example_branch_labels to 2024-07-13 00:00:00+00:00, run_after=2024-07-14 00:00:00+00:00
[2024-07-14T16:49:33.846+0000] {processor.py:183} INFO - Processing /home/airflow/.local/lib/python3.12/site-packages/airflow/example_dags/example_branch_labels.py took 0.490 seconds
[2024-07-14T16:50:04.430+0000] {processor.py:161} INFO - Started process (PID=1856) to work on /home/airflow/.local/lib/python3.12/site-packages/airflow/example_dags/example_branch_labels.py
[2024-07-14T16:50:04.436+0000] {processor.py:830} INFO - Processing file /home/airflow/.local/lib/python3.12/site-packages/airflow/example_dags/example_branch_labels.py for tasks to queue
[2024-07-14T16:50:04.438+0000] {logging_mixin.py:188} INFO - [2024-07-14T16:50:04.437+0000] {dagbag.py:545} INFO - Filling up the DagBag from /home/airflow/.local/lib/python3.12/site-packages/airflow/example_dags/example_branch_labels.py
[2024-07-14T16:50:04.460+0000] {processor.py:840} INFO - DAG(s) 'example_branch_labels' retrieved from /home/airflow/.local/lib/python3.12/site-packages/airflow/example_dags/example_branch_labels.py
[2024-07-14T16:50:04.551+0000] {logging_mixin.py:188} INFO - [2024-07-14T16:50:04.551+0000] {dag.py:3096} INFO - Sync 1 DAGs
[2024-07-14T16:50:04.618+0000] {logging_mixin.py:188} INFO - [2024-07-14T16:50:04.617+0000] {dag.py:3954} INFO - Setting next_dagrun for example_branch_labels to 2024-07-13 00:00:00+00:00, run_after=2024-07-14 00:00:00+00:00
[2024-07-14T16:50:04.654+0000] {processor.py:183} INFO - Processing /home/airflow/.local/lib/python3.12/site-packages/airflow/example_dags/example_branch_labels.py took 0.241 seconds
[2024-07-14T16:50:34.897+0000] {processor.py:161} INFO - Started process (PID=1914) to work on /home/airflow/.local/lib/python3.12/site-packages/airflow/example_dags/example_branch_labels.py
[2024-07-14T16:50:34.899+0000] {processor.py:830} INFO - Processing file /home/airflow/.local/lib/python3.12/site-packages/airflow/example_dags/example_branch_labels.py for tasks to queue
[2024-07-14T16:50:34.901+0000] {logging_mixin.py:188} INFO - [2024-07-14T16:50:34.900+0000] {dagbag.py:545} INFO - Filling up the DagBag from /home/airflow/.local/lib/python3.12/site-packages/airflow/example_dags/example_branch_labels.py
[2024-07-14T16:50:34.915+0000] {processor.py:840} INFO - DAG(s) 'example_branch_labels' retrieved from /home/airflow/.local/lib/python3.12/site-packages/airflow/example_dags/example_branch_labels.py
[2024-07-14T16:50:34.952+0000] {logging_mixin.py:188} INFO - [2024-07-14T16:50:34.952+0000] {dag.py:3096} INFO - Sync 1 DAGs
[2024-07-14T16:50:34.993+0000] {logging_mixin.py:188} INFO - [2024-07-14T16:50:34.992+0000] {dag.py:3954} INFO - Setting next_dagrun for example_branch_labels to 2024-07-13 00:00:00+00:00, run_after=2024-07-14 00:00:00+00:00
[2024-07-14T16:50:35.028+0000] {processor.py:183} INFO - Processing /home/airflow/.local/lib/python3.12/site-packages/airflow/example_dags/example_branch_labels.py took 0.140 seconds
[2024-07-14T16:51:05.440+0000] {processor.py:161} INFO - Started process (PID=1972) to work on /home/airflow/.local/lib/python3.12/site-packages/airflow/example_dags/example_branch_labels.py
[2024-07-14T16:51:05.442+0000] {processor.py:830} INFO - Processing file /home/airflow/.local/lib/python3.12/site-packages/airflow/example_dags/example_branch_labels.py for tasks to queue
[2024-07-14T16:51:05.444+0000] {logging_mixin.py:188} INFO - [2024-07-14T16:51:05.443+0000] {dagbag.py:545} INFO - Filling up the DagBag from /home/airflow/.local/lib/python3.12/site-packages/airflow/example_dags/example_branch_labels.py
[2024-07-14T16:51:05.471+0000] {processor.py:840} INFO - DAG(s) 'example_branch_labels' retrieved from /home/airflow/.local/lib/python3.12/site-packages/airflow/example_dags/example_branch_labels.py
[2024-07-14T16:51:05.528+0000] {logging_mixin.py:188} INFO - [2024-07-14T16:51:05.527+0000] {dag.py:3096} INFO - Sync 1 DAGs
[2024-07-14T16:51:05.575+0000] {logging_mixin.py:188} INFO - [2024-07-14T16:51:05.575+0000] {dag.py:3954} INFO - Setting next_dagrun for example_branch_labels to 2024-07-13 00:00:00+00:00, run_after=2024-07-14 00:00:00+00:00
[2024-07-14T16:51:05.613+0000] {processor.py:183} INFO - Processing /home/airflow/.local/lib/python3.12/site-packages/airflow/example_dags/example_branch_labels.py took 0.183 seconds
[2024-07-14T16:51:36.555+0000] {processor.py:161} INFO - Started process (PID=2031) to work on /home/airflow/.local/lib/python3.12/site-packages/airflow/example_dags/example_branch_labels.py
[2024-07-14T16:51:36.557+0000] {processor.py:830} INFO - Processing file /home/airflow/.local/lib/python3.12/site-packages/airflow/example_dags/example_branch_labels.py for tasks to queue
[2024-07-14T16:51:36.559+0000] {logging_mixin.py:188} INFO - [2024-07-14T16:51:36.558+0000] {dagbag.py:545} INFO - Filling up the DagBag from /home/airflow/.local/lib/python3.12/site-packages/airflow/example_dags/example_branch_labels.py
[2024-07-14T16:51:36.576+0000] {processor.py:840} INFO - DAG(s) 'example_branch_labels' retrieved from /home/airflow/.local/lib/python3.12/site-packages/airflow/example_dags/example_branch_labels.py
[2024-07-14T16:51:36.614+0000] {logging_mixin.py:188} INFO - [2024-07-14T16:51:36.614+0000] {dag.py:3096} INFO - Sync 1 DAGs
[2024-07-14T16:51:36.660+0000] {logging_mixin.py:188} INFO - [2024-07-14T16:51:36.659+0000] {dag.py:3954} INFO - Setting next_dagrun for example_branch_labels to 2024-07-13 00:00:00+00:00, run_after=2024-07-14 00:00:00+00:00
[2024-07-14T16:51:36.709+0000] {processor.py:183} INFO - Processing /home/airflow/.local/lib/python3.12/site-packages/airflow/example_dags/example_branch_labels.py took 0.163 seconds
[2024-07-14T16:56:18.840+0000] {processor.py:161} INFO - Started process (PID=96) to work on /home/airflow/.local/lib/python3.12/site-packages/airflow/example_dags/example_branch_labels.py
[2024-07-14T16:56:18.842+0000] {processor.py:830} INFO - Processing file /home/airflow/.local/lib/python3.12/site-packages/airflow/example_dags/example_branch_labels.py for tasks to queue
[2024-07-14T16:56:18.845+0000] {logging_mixin.py:188} INFO - [2024-07-14T16:56:18.845+0000] {dagbag.py:545} INFO - Filling up the DagBag from /home/airflow/.local/lib/python3.12/site-packages/airflow/example_dags/example_branch_labels.py
[2024-07-14T16:56:18.863+0000] {processor.py:840} INFO - DAG(s) 'example_branch_labels' retrieved from /home/airflow/.local/lib/python3.12/site-packages/airflow/example_dags/example_branch_labels.py
[2024-07-14T16:56:19.105+0000] {logging_mixin.py:188} INFO - [2024-07-14T16:56:19.104+0000] {dag.py:3096} INFO - Sync 1 DAGs
[2024-07-14T16:56:19.144+0000] {logging_mixin.py:188} INFO - [2024-07-14T16:56:19.144+0000] {dag.py:3954} INFO - Setting next_dagrun for example_branch_labels to 2024-07-13 00:00:00+00:00, run_after=2024-07-14 00:00:00+00:00
[2024-07-14T16:56:19.200+0000] {processor.py:183} INFO - Processing /home/airflow/.local/lib/python3.12/site-packages/airflow/example_dags/example_branch_labels.py took 0.370 seconds
[2024-07-14T16:56:49.448+0000] {processor.py:161} INFO - Started process (PID=155) to work on /home/airflow/.local/lib/python3.12/site-packages/airflow/example_dags/example_branch_labels.py
[2024-07-14T16:56:49.456+0000] {processor.py:830} INFO - Processing file /home/airflow/.local/lib/python3.12/site-packages/airflow/example_dags/example_branch_labels.py for tasks to queue
[2024-07-14T16:56:49.459+0000] {logging_mixin.py:188} INFO - [2024-07-14T16:56:49.459+0000] {dagbag.py:545} INFO - Filling up the DagBag from /home/airflow/.local/lib/python3.12/site-packages/airflow/example_dags/example_branch_labels.py
[2024-07-14T16:56:49.471+0000] {processor.py:840} INFO - DAG(s) 'example_branch_labels' retrieved from /home/airflow/.local/lib/python3.12/site-packages/airflow/example_dags/example_branch_labels.py
[2024-07-14T16:56:49.513+0000] {logging_mixin.py:188} INFO - [2024-07-14T16:56:49.513+0000] {dag.py:3096} INFO - Sync 1 DAGs
[2024-07-14T16:56:49.563+0000] {logging_mixin.py:188} INFO - [2024-07-14T16:56:49.563+0000] {dag.py:3954} INFO - Setting next_dagrun for example_branch_labels to 2024-07-13 00:00:00+00:00, run_after=2024-07-14 00:00:00+00:00
[2024-07-14T16:56:49.608+0000] {processor.py:183} INFO - Processing /home/airflow/.local/lib/python3.12/site-packages/airflow/example_dags/example_branch_labels.py took 0.185 seconds
