[2024-07-14T16:33:36.419+0000] {processor.py:161} INFO - Started process (PID=75) to work on /home/airflow/.local/lib/python3.12/site-packages/airflow/example_dags/example_complex.py
[2024-07-14T16:33:36.429+0000] {processor.py:830} INFO - Processing file /home/airflow/.local/lib/python3.12/site-packages/airflow/example_dags/example_complex.py for tasks to queue
[2024-07-14T16:33:36.434+0000] {logging_mixin.py:188} INFO - [2024-07-14T16:33:36.433+0000] {dagbag.py:545} INFO - Filling up the DagBag from /home/airflow/.local/lib/python3.12/site-packages/airflow/example_dags/example_complex.py
[2024-07-14T16:33:36.458+0000] {processor.py:840} INFO - DAG(s) 'example_complex' retrieved from /home/airflow/.local/lib/python3.12/site-packages/airflow/example_dags/example_complex.py
[2024-07-14T16:33:36.760+0000] {logging_mixin.py:188} INFO - [2024-07-14T16:33:36.759+0000] {dag.py:3096} INFO - Sync 1 DAGs
[2024-07-14T16:33:36.939+0000] {logging_mixin.py:188} INFO - [2024-07-14T16:33:36.939+0000] {dag.py:3954} INFO - Setting next_dagrun for example_complex to None, run_after=None
[2024-07-14T16:33:37.007+0000] {processor.py:183} INFO - Processing /home/airflow/.local/lib/python3.12/site-packages/airflow/example_dags/example_complex.py took 0.615 seconds
[2024-07-14T16:34:08.289+0000] {processor.py:161} INFO - Started process (PID=133) to work on /home/airflow/.local/lib/python3.12/site-packages/airflow/example_dags/example_complex.py
[2024-07-14T16:34:08.291+0000] {processor.py:830} INFO - Processing file /home/airflow/.local/lib/python3.12/site-packages/airflow/example_dags/example_complex.py for tasks to queue
[2024-07-14T16:34:08.295+0000] {logging_mixin.py:188} INFO - [2024-07-14T16:34:08.294+0000] {dagbag.py:545} INFO - Filling up the DagBag from /home/airflow/.local/lib/python3.12/site-packages/airflow/example_dags/example_complex.py
[2024-07-14T16:34:08.319+0000] {processor.py:840} INFO - DAG(s) 'example_complex' retrieved from /home/airflow/.local/lib/python3.12/site-packages/airflow/example_dags/example_complex.py
[2024-07-14T16:34:08.441+0000] {logging_mixin.py:188} INFO - [2024-07-14T16:34:08.441+0000] {dag.py:3096} INFO - Sync 1 DAGs
[2024-07-14T16:34:08.472+0000] {logging_mixin.py:188} INFO - [2024-07-14T16:34:08.462+0000] {dag.py:3954} INFO - Setting next_dagrun for example_complex to None, run_after=None
[2024-07-14T16:34:08.507+0000] {processor.py:183} INFO - Processing /home/airflow/.local/lib/python3.12/site-packages/airflow/example_dags/example_complex.py took 0.228 seconds
[2024-07-14T16:34:39.018+0000] {processor.py:161} INFO - Started process (PID=190) to work on /home/airflow/.local/lib/python3.12/site-packages/airflow/example_dags/example_complex.py
[2024-07-14T16:34:39.025+0000] {processor.py:830} INFO - Processing file /home/airflow/.local/lib/python3.12/site-packages/airflow/example_dags/example_complex.py for tasks to queue
[2024-07-14T16:34:39.031+0000] {logging_mixin.py:188} INFO - [2024-07-14T16:34:39.031+0000] {dagbag.py:545} INFO - Filling up the DagBag from /home/airflow/.local/lib/python3.12/site-packages/airflow/example_dags/example_complex.py
[2024-07-14T16:34:39.060+0000] {processor.py:840} INFO - DAG(s) 'example_complex' retrieved from /home/airflow/.local/lib/python3.12/site-packages/airflow/example_dags/example_complex.py
[2024-07-14T16:34:39.188+0000] {logging_mixin.py:188} INFO - [2024-07-14T16:34:39.187+0000] {dag.py:3096} INFO - Sync 1 DAGs
[2024-07-14T16:34:39.234+0000] {logging_mixin.py:188} INFO - [2024-07-14T16:34:39.234+0000] {dag.py:3954} INFO - Setting next_dagrun for example_complex to None, run_after=None
[2024-07-14T16:34:39.324+0000] {processor.py:183} INFO - Processing /home/airflow/.local/lib/python3.12/site-packages/airflow/example_dags/example_complex.py took 0.319 seconds
[2024-07-14T16:35:10.489+0000] {processor.py:161} INFO - Started process (PID=254) to work on /home/airflow/.local/lib/python3.12/site-packages/airflow/example_dags/example_complex.py
[2024-07-14T16:35:10.492+0000] {processor.py:830} INFO - Processing file /home/airflow/.local/lib/python3.12/site-packages/airflow/example_dags/example_complex.py for tasks to queue
[2024-07-14T16:35:10.495+0000] {logging_mixin.py:188} INFO - [2024-07-14T16:35:10.495+0000] {dagbag.py:545} INFO - Filling up the DagBag from /home/airflow/.local/lib/python3.12/site-packages/airflow/example_dags/example_complex.py
[2024-07-14T16:35:10.516+0000] {processor.py:840} INFO - DAG(s) 'example_complex' retrieved from /home/airflow/.local/lib/python3.12/site-packages/airflow/example_dags/example_complex.py
[2024-07-14T16:35:10.599+0000] {logging_mixin.py:188} INFO - [2024-07-14T16:35:10.598+0000] {dag.py:3096} INFO - Sync 1 DAGs
[2024-07-14T16:35:10.636+0000] {logging_mixin.py:188} INFO - [2024-07-14T16:35:10.635+0000] {dag.py:3954} INFO - Setting next_dagrun for example_complex to None, run_after=None
[2024-07-14T16:35:10.697+0000] {processor.py:183} INFO - Processing /home/airflow/.local/lib/python3.12/site-packages/airflow/example_dags/example_complex.py took 0.221 seconds
[2024-07-14T16:35:41.331+0000] {processor.py:161} INFO - Started process (PID=312) to work on /home/airflow/.local/lib/python3.12/site-packages/airflow/example_dags/example_complex.py
[2024-07-14T16:35:41.335+0000] {processor.py:830} INFO - Processing file /home/airflow/.local/lib/python3.12/site-packages/airflow/example_dags/example_complex.py for tasks to queue
[2024-07-14T16:35:41.338+0000] {logging_mixin.py:188} INFO - [2024-07-14T16:35:41.337+0000] {dagbag.py:545} INFO - Filling up the DagBag from /home/airflow/.local/lib/python3.12/site-packages/airflow/example_dags/example_complex.py
[2024-07-14T16:35:41.360+0000] {processor.py:840} INFO - DAG(s) 'example_complex' retrieved from /home/airflow/.local/lib/python3.12/site-packages/airflow/example_dags/example_complex.py
[2024-07-14T16:35:41.480+0000] {logging_mixin.py:188} INFO - [2024-07-14T16:35:41.479+0000] {dag.py:3096} INFO - Sync 1 DAGs
[2024-07-14T16:35:41.529+0000] {logging_mixin.py:188} INFO - [2024-07-14T16:35:41.528+0000] {dag.py:3954} INFO - Setting next_dagrun for example_complex to None, run_after=None
[2024-07-14T16:35:41.590+0000] {processor.py:183} INFO - Processing /home/airflow/.local/lib/python3.12/site-packages/airflow/example_dags/example_complex.py took 0.282 seconds
[2024-07-14T16:36:11.950+0000] {processor.py:161} INFO - Started process (PID=370) to work on /home/airflow/.local/lib/python3.12/site-packages/airflow/example_dags/example_complex.py
[2024-07-14T16:36:11.953+0000] {processor.py:830} INFO - Processing file /home/airflow/.local/lib/python3.12/site-packages/airflow/example_dags/example_complex.py for tasks to queue
[2024-07-14T16:36:11.959+0000] {logging_mixin.py:188} INFO - [2024-07-14T16:36:11.959+0000] {dagbag.py:545} INFO - Filling up the DagBag from /home/airflow/.local/lib/python3.12/site-packages/airflow/example_dags/example_complex.py
[2024-07-14T16:36:11.987+0000] {processor.py:840} INFO - DAG(s) 'example_complex' retrieved from /home/airflow/.local/lib/python3.12/site-packages/airflow/example_dags/example_complex.py
[2024-07-14T16:36:12.060+0000] {logging_mixin.py:188} INFO - [2024-07-14T16:36:12.059+0000] {dag.py:3096} INFO - Sync 1 DAGs
[2024-07-14T16:36:12.093+0000] {logging_mixin.py:188} INFO - [2024-07-14T16:36:12.093+0000] {dag.py:3954} INFO - Setting next_dagrun for example_complex to None, run_after=None
[2024-07-14T16:36:12.139+0000] {processor.py:183} INFO - Processing /home/airflow/.local/lib/python3.12/site-packages/airflow/example_dags/example_complex.py took 0.200 seconds
[2024-07-14T16:36:46.123+0000] {processor.py:161} INFO - Started process (PID=428) to work on /home/airflow/.local/lib/python3.12/site-packages/airflow/example_dags/example_complex.py
[2024-07-14T16:36:46.127+0000] {processor.py:830} INFO - Processing file /home/airflow/.local/lib/python3.12/site-packages/airflow/example_dags/example_complex.py for tasks to queue
[2024-07-14T16:36:46.132+0000] {logging_mixin.py:188} INFO - [2024-07-14T16:36:46.131+0000] {dagbag.py:545} INFO - Filling up the DagBag from /home/airflow/.local/lib/python3.12/site-packages/airflow/example_dags/example_complex.py
[2024-07-14T16:36:46.160+0000] {processor.py:840} INFO - DAG(s) 'example_complex' retrieved from /home/airflow/.local/lib/python3.12/site-packages/airflow/example_dags/example_complex.py
[2024-07-14T16:36:46.301+0000] {logging_mixin.py:188} INFO - [2024-07-14T16:36:46.299+0000] {dag.py:3096} INFO - Sync 1 DAGs
[2024-07-14T16:36:46.354+0000] {logging_mixin.py:188} INFO - [2024-07-14T16:36:46.353+0000] {dag.py:3954} INFO - Setting next_dagrun for example_complex to None, run_after=None
[2024-07-14T16:36:46.399+0000] {processor.py:183} INFO - Processing /home/airflow/.local/lib/python3.12/site-packages/airflow/example_dags/example_complex.py took 0.301 seconds
[2024-07-14T16:37:17.422+0000] {processor.py:161} INFO - Started process (PID=485) to work on /home/airflow/.local/lib/python3.12/site-packages/airflow/example_dags/example_complex.py
[2024-07-14T16:37:17.425+0000] {processor.py:830} INFO - Processing file /home/airflow/.local/lib/python3.12/site-packages/airflow/example_dags/example_complex.py for tasks to queue
[2024-07-14T16:37:17.433+0000] {logging_mixin.py:188} INFO - [2024-07-14T16:37:17.429+0000] {dagbag.py:545} INFO - Filling up the DagBag from /home/airflow/.local/lib/python3.12/site-packages/airflow/example_dags/example_complex.py
[2024-07-14T16:37:17.500+0000] {processor.py:840} INFO - DAG(s) 'example_complex' retrieved from /home/airflow/.local/lib/python3.12/site-packages/airflow/example_dags/example_complex.py
[2024-07-14T16:37:17.804+0000] {logging_mixin.py:188} INFO - [2024-07-14T16:37:17.803+0000] {dag.py:3096} INFO - Sync 1 DAGs
[2024-07-14T16:37:17.893+0000] {logging_mixin.py:188} INFO - [2024-07-14T16:37:17.891+0000] {dag.py:3954} INFO - Setting next_dagrun for example_complex to None, run_after=None
[2024-07-14T16:37:18.059+0000] {processor.py:183} INFO - Processing /home/airflow/.local/lib/python3.12/site-packages/airflow/example_dags/example_complex.py took 0.680 seconds
[2024-07-14T16:37:49.730+0000] {processor.py:161} INFO - Started process (PID=543) to work on /home/airflow/.local/lib/python3.12/site-packages/airflow/example_dags/example_complex.py
[2024-07-14T16:37:49.732+0000] {processor.py:830} INFO - Processing file /home/airflow/.local/lib/python3.12/site-packages/airflow/example_dags/example_complex.py for tasks to queue
[2024-07-14T16:37:49.736+0000] {logging_mixin.py:188} INFO - [2024-07-14T16:37:49.735+0000] {dagbag.py:545} INFO - Filling up the DagBag from /home/airflow/.local/lib/python3.12/site-packages/airflow/example_dags/example_complex.py
[2024-07-14T16:37:49.782+0000] {processor.py:840} INFO - DAG(s) 'example_complex' retrieved from /home/airflow/.local/lib/python3.12/site-packages/airflow/example_dags/example_complex.py
[2024-07-14T16:37:49.962+0000] {logging_mixin.py:188} INFO - [2024-07-14T16:37:49.961+0000] {dag.py:3096} INFO - Sync 1 DAGs
[2024-07-14T16:37:50.048+0000] {logging_mixin.py:188} INFO - [2024-07-14T16:37:50.047+0000] {dag.py:3954} INFO - Setting next_dagrun for example_complex to None, run_after=None
[2024-07-14T16:37:50.101+0000] {processor.py:183} INFO - Processing /home/airflow/.local/lib/python3.12/site-packages/airflow/example_dags/example_complex.py took 0.397 seconds
[2024-07-14T16:39:18.100+0000] {processor.py:161} INFO - Started process (PID=617) to work on /home/airflow/.local/lib/python3.12/site-packages/airflow/example_dags/example_complex.py
[2024-07-14T16:39:18.106+0000] {processor.py:830} INFO - Processing file /home/airflow/.local/lib/python3.12/site-packages/airflow/example_dags/example_complex.py for tasks to queue
[2024-07-14T16:39:18.109+0000] {logging_mixin.py:188} INFO - [2024-07-14T16:39:18.107+0000] {dagbag.py:545} INFO - Filling up the DagBag from /home/airflow/.local/lib/python3.12/site-packages/airflow/example_dags/example_complex.py
[2024-07-14T16:39:18.143+0000] {processor.py:840} INFO - DAG(s) 'example_complex' retrieved from /home/airflow/.local/lib/python3.12/site-packages/airflow/example_dags/example_complex.py
[2024-07-14T16:39:18.296+0000] {logging_mixin.py:188} INFO - [2024-07-14T16:39:18.295+0000] {dag.py:3096} INFO - Sync 1 DAGs
[2024-07-14T16:39:18.337+0000] {logging_mixin.py:188} INFO - [2024-07-14T16:39:18.337+0000] {dag.py:3954} INFO - Setting next_dagrun for example_complex to None, run_after=None
[2024-07-14T16:39:18.425+0000] {processor.py:183} INFO - Processing /home/airflow/.local/lib/python3.12/site-packages/airflow/example_dags/example_complex.py took 0.341 seconds
[2024-07-14T16:39:48.650+0000] {processor.py:161} INFO - Started process (PID=676) to work on /home/airflow/.local/lib/python3.12/site-packages/airflow/example_dags/example_complex.py
[2024-07-14T16:39:48.653+0000] {processor.py:830} INFO - Processing file /home/airflow/.local/lib/python3.12/site-packages/airflow/example_dags/example_complex.py for tasks to queue
[2024-07-14T16:39:48.656+0000] {logging_mixin.py:188} INFO - [2024-07-14T16:39:48.656+0000] {dagbag.py:545} INFO - Filling up the DagBag from /home/airflow/.local/lib/python3.12/site-packages/airflow/example_dags/example_complex.py
[2024-07-14T16:39:48.687+0000] {processor.py:840} INFO - DAG(s) 'example_complex' retrieved from /home/airflow/.local/lib/python3.12/site-packages/airflow/example_dags/example_complex.py
[2024-07-14T16:39:48.767+0000] {logging_mixin.py:188} INFO - [2024-07-14T16:39:48.767+0000] {dag.py:3096} INFO - Sync 1 DAGs
[2024-07-14T16:39:48.792+0000] {logging_mixin.py:188} INFO - [2024-07-14T16:39:48.792+0000] {dag.py:3954} INFO - Setting next_dagrun for example_complex to None, run_after=None
[2024-07-14T16:39:48.847+0000] {processor.py:183} INFO - Processing /home/airflow/.local/lib/python3.12/site-packages/airflow/example_dags/example_complex.py took 0.209 seconds
[2024-07-14T16:40:19.257+0000] {processor.py:161} INFO - Started process (PID=735) to work on /home/airflow/.local/lib/python3.12/site-packages/airflow/example_dags/example_complex.py
[2024-07-14T16:40:19.259+0000] {processor.py:830} INFO - Processing file /home/airflow/.local/lib/python3.12/site-packages/airflow/example_dags/example_complex.py for tasks to queue
[2024-07-14T16:40:19.260+0000] {logging_mixin.py:188} INFO - [2024-07-14T16:40:19.259+0000] {dagbag.py:545} INFO - Filling up the DagBag from /home/airflow/.local/lib/python3.12/site-packages/airflow/example_dags/example_complex.py
[2024-07-14T16:40:19.285+0000] {processor.py:840} INFO - DAG(s) 'example_complex' retrieved from /home/airflow/.local/lib/python3.12/site-packages/airflow/example_dags/example_complex.py
[2024-07-14T16:40:19.351+0000] {logging_mixin.py:188} INFO - [2024-07-14T16:40:19.351+0000] {dag.py:3096} INFO - Sync 1 DAGs
[2024-07-14T16:40:19.386+0000] {logging_mixin.py:188} INFO - [2024-07-14T16:40:19.385+0000] {dag.py:3954} INFO - Setting next_dagrun for example_complex to None, run_after=None
[2024-07-14T16:40:19.429+0000] {processor.py:183} INFO - Processing /home/airflow/.local/lib/python3.12/site-packages/airflow/example_dags/example_complex.py took 0.182 seconds
[2024-07-14T16:40:50.482+0000] {processor.py:161} INFO - Started process (PID=794) to work on /home/airflow/.local/lib/python3.12/site-packages/airflow/example_dags/example_complex.py
[2024-07-14T16:40:50.484+0000] {processor.py:830} INFO - Processing file /home/airflow/.local/lib/python3.12/site-packages/airflow/example_dags/example_complex.py for tasks to queue
[2024-07-14T16:40:50.485+0000] {logging_mixin.py:188} INFO - [2024-07-14T16:40:50.484+0000] {dagbag.py:545} INFO - Filling up the DagBag from /home/airflow/.local/lib/python3.12/site-packages/airflow/example_dags/example_complex.py
[2024-07-14T16:40:50.514+0000] {processor.py:840} INFO - DAG(s) 'example_complex' retrieved from /home/airflow/.local/lib/python3.12/site-packages/airflow/example_dags/example_complex.py
[2024-07-14T16:40:50.606+0000] {logging_mixin.py:188} INFO - [2024-07-14T16:40:50.605+0000] {dag.py:3096} INFO - Sync 1 DAGs
[2024-07-14T16:40:50.648+0000] {logging_mixin.py:188} INFO - [2024-07-14T16:40:50.648+0000] {dag.py:3954} INFO - Setting next_dagrun for example_complex to None, run_after=None
[2024-07-14T16:40:50.702+0000] {processor.py:183} INFO - Processing /home/airflow/.local/lib/python3.12/site-packages/airflow/example_dags/example_complex.py took 0.249 seconds
[2024-07-14T16:41:20.796+0000] {processor.py:161} INFO - Started process (PID=851) to work on /home/airflow/.local/lib/python3.12/site-packages/airflow/example_dags/example_complex.py
[2024-07-14T16:41:20.798+0000] {processor.py:830} INFO - Processing file /home/airflow/.local/lib/python3.12/site-packages/airflow/example_dags/example_complex.py for tasks to queue
[2024-07-14T16:41:20.800+0000] {logging_mixin.py:188} INFO - [2024-07-14T16:41:20.799+0000] {dagbag.py:545} INFO - Filling up the DagBag from /home/airflow/.local/lib/python3.12/site-packages/airflow/example_dags/example_complex.py
[2024-07-14T16:41:20.844+0000] {processor.py:840} INFO - DAG(s) 'example_complex' retrieved from /home/airflow/.local/lib/python3.12/site-packages/airflow/example_dags/example_complex.py
[2024-07-14T16:41:20.979+0000] {logging_mixin.py:188} INFO - [2024-07-14T16:41:20.965+0000] {dag.py:3096} INFO - Sync 1 DAGs
[2024-07-14T16:41:21.038+0000] {logging_mixin.py:188} INFO - [2024-07-14T16:41:21.038+0000] {dag.py:3954} INFO - Setting next_dagrun for example_complex to None, run_after=None
[2024-07-14T16:41:21.094+0000] {processor.py:183} INFO - Processing /home/airflow/.local/lib/python3.12/site-packages/airflow/example_dags/example_complex.py took 0.313 seconds
[2024-07-14T16:41:51.915+0000] {processor.py:161} INFO - Started process (PID=910) to work on /home/airflow/.local/lib/python3.12/site-packages/airflow/example_dags/example_complex.py
[2024-07-14T16:41:51.921+0000] {processor.py:830} INFO - Processing file /home/airflow/.local/lib/python3.12/site-packages/airflow/example_dags/example_complex.py for tasks to queue
[2024-07-14T16:41:51.926+0000] {logging_mixin.py:188} INFO - [2024-07-14T16:41:51.925+0000] {dagbag.py:545} INFO - Filling up the DagBag from /home/airflow/.local/lib/python3.12/site-packages/airflow/example_dags/example_complex.py
[2024-07-14T16:41:51.946+0000] {processor.py:840} INFO - DAG(s) 'example_complex' retrieved from /home/airflow/.local/lib/python3.12/site-packages/airflow/example_dags/example_complex.py
[2024-07-14T16:41:52.032+0000] {logging_mixin.py:188} INFO - [2024-07-14T16:41:52.031+0000] {dag.py:3096} INFO - Sync 1 DAGs
[2024-07-14T16:41:52.084+0000] {logging_mixin.py:188} INFO - [2024-07-14T16:41:52.084+0000] {dag.py:3954} INFO - Setting next_dagrun for example_complex to None, run_after=None
[2024-07-14T16:41:52.194+0000] {processor.py:183} INFO - Processing /home/airflow/.local/lib/python3.12/site-packages/airflow/example_dags/example_complex.py took 0.291 seconds
[2024-07-14T16:42:22.495+0000] {processor.py:161} INFO - Started process (PID=969) to work on /home/airflow/.local/lib/python3.12/site-packages/airflow/example_dags/example_complex.py
[2024-07-14T16:42:22.497+0000] {processor.py:830} INFO - Processing file /home/airflow/.local/lib/python3.12/site-packages/airflow/example_dags/example_complex.py for tasks to queue
[2024-07-14T16:42:22.501+0000] {logging_mixin.py:188} INFO - [2024-07-14T16:42:22.500+0000] {dagbag.py:545} INFO - Filling up the DagBag from /home/airflow/.local/lib/python3.12/site-packages/airflow/example_dags/example_complex.py
[2024-07-14T16:42:22.582+0000] {processor.py:840} INFO - DAG(s) 'example_complex' retrieved from /home/airflow/.local/lib/python3.12/site-packages/airflow/example_dags/example_complex.py
[2024-07-14T16:42:22.724+0000] {logging_mixin.py:188} INFO - [2024-07-14T16:42:22.724+0000] {dag.py:3096} INFO - Sync 1 DAGs
[2024-07-14T16:42:22.750+0000] {logging_mixin.py:188} INFO - [2024-07-14T16:42:22.750+0000] {dag.py:3954} INFO - Setting next_dagrun for example_complex to None, run_after=None
[2024-07-14T16:42:22.796+0000] {processor.py:183} INFO - Processing /home/airflow/.local/lib/python3.12/site-packages/airflow/example_dags/example_complex.py took 0.362 seconds
[2024-07-14T16:42:53.799+0000] {processor.py:161} INFO - Started process (PID=1027) to work on /home/airflow/.local/lib/python3.12/site-packages/airflow/example_dags/example_complex.py
[2024-07-14T16:42:53.801+0000] {processor.py:830} INFO - Processing file /home/airflow/.local/lib/python3.12/site-packages/airflow/example_dags/example_complex.py for tasks to queue
[2024-07-14T16:42:53.806+0000] {logging_mixin.py:188} INFO - [2024-07-14T16:42:53.805+0000] {dagbag.py:545} INFO - Filling up the DagBag from /home/airflow/.local/lib/python3.12/site-packages/airflow/example_dags/example_complex.py
[2024-07-14T16:42:53.839+0000] {processor.py:840} INFO - DAG(s) 'example_complex' retrieved from /home/airflow/.local/lib/python3.12/site-packages/airflow/example_dags/example_complex.py
[2024-07-14T16:42:53.936+0000] {logging_mixin.py:188} INFO - [2024-07-14T16:42:53.936+0000] {dag.py:3096} INFO - Sync 1 DAGs
[2024-07-14T16:42:53.963+0000] {logging_mixin.py:188} INFO - [2024-07-14T16:42:53.962+0000] {dag.py:3954} INFO - Setting next_dagrun for example_complex to None, run_after=None
[2024-07-14T16:42:54.017+0000] {processor.py:183} INFO - Processing /home/airflow/.local/lib/python3.12/site-packages/airflow/example_dags/example_complex.py took 0.235 seconds
[2024-07-14T16:43:24.502+0000] {processor.py:161} INFO - Started process (PID=1084) to work on /home/airflow/.local/lib/python3.12/site-packages/airflow/example_dags/example_complex.py
[2024-07-14T16:43:24.508+0000] {processor.py:830} INFO - Processing file /home/airflow/.local/lib/python3.12/site-packages/airflow/example_dags/example_complex.py for tasks to queue
[2024-07-14T16:43:24.510+0000] {logging_mixin.py:188} INFO - [2024-07-14T16:43:24.510+0000] {dagbag.py:545} INFO - Filling up the DagBag from /home/airflow/.local/lib/python3.12/site-packages/airflow/example_dags/example_complex.py
[2024-07-14T16:43:24.539+0000] {processor.py:840} INFO - DAG(s) 'example_complex' retrieved from /home/airflow/.local/lib/python3.12/site-packages/airflow/example_dags/example_complex.py
[2024-07-14T16:43:24.634+0000] {logging_mixin.py:188} INFO - [2024-07-14T16:43:24.633+0000] {dag.py:3096} INFO - Sync 1 DAGs
[2024-07-14T16:43:24.695+0000] {logging_mixin.py:188} INFO - [2024-07-14T16:43:24.694+0000] {dag.py:3954} INFO - Setting next_dagrun for example_complex to None, run_after=None
[2024-07-14T16:43:24.793+0000] {processor.py:183} INFO - Processing /home/airflow/.local/lib/python3.12/site-packages/airflow/example_dags/example_complex.py took 0.307 seconds
[2024-07-14T16:43:55.657+0000] {processor.py:161} INFO - Started process (PID=1148) to work on /home/airflow/.local/lib/python3.12/site-packages/airflow/example_dags/example_complex.py
[2024-07-14T16:43:55.659+0000] {processor.py:830} INFO - Processing file /home/airflow/.local/lib/python3.12/site-packages/airflow/example_dags/example_complex.py for tasks to queue
[2024-07-14T16:43:55.660+0000] {logging_mixin.py:188} INFO - [2024-07-14T16:43:55.660+0000] {dagbag.py:545} INFO - Filling up the DagBag from /home/airflow/.local/lib/python3.12/site-packages/airflow/example_dags/example_complex.py
[2024-07-14T16:43:55.700+0000] {processor.py:840} INFO - DAG(s) 'example_complex' retrieved from /home/airflow/.local/lib/python3.12/site-packages/airflow/example_dags/example_complex.py
[2024-07-14T16:43:55.896+0000] {logging_mixin.py:188} INFO - [2024-07-14T16:43:55.889+0000] {dag.py:3096} INFO - Sync 1 DAGs
[2024-07-14T16:43:56.009+0000] {logging_mixin.py:188} INFO - [2024-07-14T16:43:56.009+0000] {dag.py:3954} INFO - Setting next_dagrun for example_complex to None, run_after=None
[2024-07-14T16:43:56.148+0000] {processor.py:183} INFO - Processing /home/airflow/.local/lib/python3.12/site-packages/airflow/example_dags/example_complex.py took 0.505 seconds
[2024-07-14T16:44:26.591+0000] {processor.py:161} INFO - Started process (PID=1207) to work on /home/airflow/.local/lib/python3.12/site-packages/airflow/example_dags/example_complex.py
[2024-07-14T16:44:26.593+0000] {processor.py:830} INFO - Processing file /home/airflow/.local/lib/python3.12/site-packages/airflow/example_dags/example_complex.py for tasks to queue
[2024-07-14T16:44:26.594+0000] {logging_mixin.py:188} INFO - [2024-07-14T16:44:26.594+0000] {dagbag.py:545} INFO - Filling up the DagBag from /home/airflow/.local/lib/python3.12/site-packages/airflow/example_dags/example_complex.py
[2024-07-14T16:44:26.613+0000] {processor.py:840} INFO - DAG(s) 'example_complex' retrieved from /home/airflow/.local/lib/python3.12/site-packages/airflow/example_dags/example_complex.py
[2024-07-14T16:44:26.711+0000] {logging_mixin.py:188} INFO - [2024-07-14T16:44:26.711+0000] {dag.py:3096} INFO - Sync 1 DAGs
[2024-07-14T16:44:26.758+0000] {logging_mixin.py:188} INFO - [2024-07-14T16:44:26.758+0000] {dag.py:3954} INFO - Setting next_dagrun for example_complex to None, run_after=None
[2024-07-14T16:44:26.816+0000] {processor.py:183} INFO - Processing /home/airflow/.local/lib/python3.12/site-packages/airflow/example_dags/example_complex.py took 0.234 seconds
[2024-07-14T16:44:57.014+0000] {processor.py:161} INFO - Started process (PID=1265) to work on /home/airflow/.local/lib/python3.12/site-packages/airflow/example_dags/example_complex.py
[2024-07-14T16:44:57.016+0000] {processor.py:830} INFO - Processing file /home/airflow/.local/lib/python3.12/site-packages/airflow/example_dags/example_complex.py for tasks to queue
[2024-07-14T16:44:57.018+0000] {logging_mixin.py:188} INFO - [2024-07-14T16:44:57.017+0000] {dagbag.py:545} INFO - Filling up the DagBag from /home/airflow/.local/lib/python3.12/site-packages/airflow/example_dags/example_complex.py
[2024-07-14T16:44:57.046+0000] {processor.py:840} INFO - DAG(s) 'example_complex' retrieved from /home/airflow/.local/lib/python3.12/site-packages/airflow/example_dags/example_complex.py
[2024-07-14T16:44:57.119+0000] {logging_mixin.py:188} INFO - [2024-07-14T16:44:57.119+0000] {dag.py:3096} INFO - Sync 1 DAGs
[2024-07-14T16:44:57.161+0000] {logging_mixin.py:188} INFO - [2024-07-14T16:44:57.160+0000] {dag.py:3954} INFO - Setting next_dagrun for example_complex to None, run_after=None
[2024-07-14T16:44:57.207+0000] {processor.py:183} INFO - Processing /home/airflow/.local/lib/python3.12/site-packages/airflow/example_dags/example_complex.py took 0.210 seconds
[2024-07-14T16:45:27.835+0000] {processor.py:161} INFO - Started process (PID=1324) to work on /home/airflow/.local/lib/python3.12/site-packages/airflow/example_dags/example_complex.py
[2024-07-14T16:45:27.841+0000] {processor.py:830} INFO - Processing file /home/airflow/.local/lib/python3.12/site-packages/airflow/example_dags/example_complex.py for tasks to queue
[2024-07-14T16:45:27.843+0000] {logging_mixin.py:188} INFO - [2024-07-14T16:45:27.842+0000] {dagbag.py:545} INFO - Filling up the DagBag from /home/airflow/.local/lib/python3.12/site-packages/airflow/example_dags/example_complex.py
[2024-07-14T16:45:27.870+0000] {processor.py:840} INFO - DAG(s) 'example_complex' retrieved from /home/airflow/.local/lib/python3.12/site-packages/airflow/example_dags/example_complex.py
[2024-07-14T16:45:27.991+0000] {logging_mixin.py:188} INFO - [2024-07-14T16:45:27.991+0000] {dag.py:3096} INFO - Sync 1 DAGs
[2024-07-14T16:45:28.028+0000] {logging_mixin.py:188} INFO - [2024-07-14T16:45:28.027+0000] {dag.py:3954} INFO - Setting next_dagrun for example_complex to None, run_after=None
[2024-07-14T16:45:28.089+0000] {processor.py:183} INFO - Processing /home/airflow/.local/lib/python3.12/site-packages/airflow/example_dags/example_complex.py took 0.270 seconds
[2024-07-14T16:45:58.321+0000] {processor.py:161} INFO - Started process (PID=1383) to work on /home/airflow/.local/lib/python3.12/site-packages/airflow/example_dags/example_complex.py
[2024-07-14T16:45:58.325+0000] {processor.py:830} INFO - Processing file /home/airflow/.local/lib/python3.12/site-packages/airflow/example_dags/example_complex.py for tasks to queue
[2024-07-14T16:45:58.328+0000] {logging_mixin.py:188} INFO - [2024-07-14T16:45:58.327+0000] {dagbag.py:545} INFO - Filling up the DagBag from /home/airflow/.local/lib/python3.12/site-packages/airflow/example_dags/example_complex.py
[2024-07-14T16:45:58.352+0000] {processor.py:840} INFO - DAG(s) 'example_complex' retrieved from /home/airflow/.local/lib/python3.12/site-packages/airflow/example_dags/example_complex.py
[2024-07-14T16:45:58.441+0000] {logging_mixin.py:188} INFO - [2024-07-14T16:45:58.441+0000] {dag.py:3096} INFO - Sync 1 DAGs
[2024-07-14T16:45:58.471+0000] {logging_mixin.py:188} INFO - [2024-07-14T16:45:58.471+0000] {dag.py:3954} INFO - Setting next_dagrun for example_complex to None, run_after=None
[2024-07-14T16:45:58.519+0000] {processor.py:183} INFO - Processing /home/airflow/.local/lib/python3.12/site-packages/airflow/example_dags/example_complex.py took 0.209 seconds
[2024-07-14T16:46:29.119+0000] {processor.py:161} INFO - Started process (PID=1442) to work on /home/airflow/.local/lib/python3.12/site-packages/airflow/example_dags/example_complex.py
[2024-07-14T16:46:29.134+0000] {processor.py:830} INFO - Processing file /home/airflow/.local/lib/python3.12/site-packages/airflow/example_dags/example_complex.py for tasks to queue
[2024-07-14T16:46:29.137+0000] {logging_mixin.py:188} INFO - [2024-07-14T16:46:29.136+0000] {dagbag.py:545} INFO - Filling up the DagBag from /home/airflow/.local/lib/python3.12/site-packages/airflow/example_dags/example_complex.py
[2024-07-14T16:46:29.210+0000] {processor.py:840} INFO - DAG(s) 'example_complex' retrieved from /home/airflow/.local/lib/python3.12/site-packages/airflow/example_dags/example_complex.py
[2024-07-14T16:46:29.365+0000] {logging_mixin.py:188} INFO - [2024-07-14T16:46:29.364+0000] {dag.py:3096} INFO - Sync 1 DAGs
[2024-07-14T16:46:29.413+0000] {logging_mixin.py:188} INFO - [2024-07-14T16:46:29.412+0000] {dag.py:3954} INFO - Setting next_dagrun for example_complex to None, run_after=None
[2024-07-14T16:46:29.480+0000] {processor.py:183} INFO - Processing /home/airflow/.local/lib/python3.12/site-packages/airflow/example_dags/example_complex.py took 0.382 seconds
[2024-07-14T16:46:59.945+0000] {processor.py:161} INFO - Started process (PID=1501) to work on /home/airflow/.local/lib/python3.12/site-packages/airflow/example_dags/example_complex.py
[2024-07-14T16:46:59.948+0000] {processor.py:830} INFO - Processing file /home/airflow/.local/lib/python3.12/site-packages/airflow/example_dags/example_complex.py for tasks to queue
[2024-07-14T16:46:59.949+0000] {logging_mixin.py:188} INFO - [2024-07-14T16:46:59.949+0000] {dagbag.py:545} INFO - Filling up the DagBag from /home/airflow/.local/lib/python3.12/site-packages/airflow/example_dags/example_complex.py
[2024-07-14T16:46:59.968+0000] {processor.py:840} INFO - DAG(s) 'example_complex' retrieved from /home/airflow/.local/lib/python3.12/site-packages/airflow/example_dags/example_complex.py
[2024-07-14T16:47:00.071+0000] {logging_mixin.py:188} INFO - [2024-07-14T16:47:00.070+0000] {dag.py:3096} INFO - Sync 1 DAGs
[2024-07-14T16:47:00.098+0000] {logging_mixin.py:188} INFO - [2024-07-14T16:47:00.098+0000] {dag.py:3954} INFO - Setting next_dagrun for example_complex to None, run_after=None
[2024-07-14T16:47:00.143+0000] {processor.py:183} INFO - Processing /home/airflow/.local/lib/python3.12/site-packages/airflow/example_dags/example_complex.py took 0.208 seconds
[2024-07-14T16:47:30.381+0000] {processor.py:161} INFO - Started process (PID=1560) to work on /home/airflow/.local/lib/python3.12/site-packages/airflow/example_dags/example_complex.py
[2024-07-14T16:47:30.383+0000] {processor.py:830} INFO - Processing file /home/airflow/.local/lib/python3.12/site-packages/airflow/example_dags/example_complex.py for tasks to queue
[2024-07-14T16:47:30.385+0000] {logging_mixin.py:188} INFO - [2024-07-14T16:47:30.385+0000] {dagbag.py:545} INFO - Filling up the DagBag from /home/airflow/.local/lib/python3.12/site-packages/airflow/example_dags/example_complex.py
[2024-07-14T16:47:30.403+0000] {processor.py:840} INFO - DAG(s) 'example_complex' retrieved from /home/airflow/.local/lib/python3.12/site-packages/airflow/example_dags/example_complex.py
[2024-07-14T16:47:30.495+0000] {logging_mixin.py:188} INFO - [2024-07-14T16:47:30.494+0000] {dag.py:3096} INFO - Sync 1 DAGs
[2024-07-14T16:47:30.528+0000] {logging_mixin.py:188} INFO - [2024-07-14T16:47:30.527+0000] {dag.py:3954} INFO - Setting next_dagrun for example_complex to None, run_after=None
[2024-07-14T16:47:30.585+0000] {processor.py:183} INFO - Processing /home/airflow/.local/lib/python3.12/site-packages/airflow/example_dags/example_complex.py took 0.233 seconds
[2024-07-14T16:48:00.643+0000] {processor.py:161} INFO - Started process (PID=1618) to work on /home/airflow/.local/lib/python3.12/site-packages/airflow/example_dags/example_complex.py
[2024-07-14T16:48:00.646+0000] {processor.py:830} INFO - Processing file /home/airflow/.local/lib/python3.12/site-packages/airflow/example_dags/example_complex.py for tasks to queue
[2024-07-14T16:48:00.648+0000] {logging_mixin.py:188} INFO - [2024-07-14T16:48:00.648+0000] {dagbag.py:545} INFO - Filling up the DagBag from /home/airflow/.local/lib/python3.12/site-packages/airflow/example_dags/example_complex.py
[2024-07-14T16:48:00.667+0000] {processor.py:840} INFO - DAG(s) 'example_complex' retrieved from /home/airflow/.local/lib/python3.12/site-packages/airflow/example_dags/example_complex.py
[2024-07-14T16:48:00.744+0000] {logging_mixin.py:188} INFO - [2024-07-14T16:48:00.744+0000] {dag.py:3096} INFO - Sync 1 DAGs
[2024-07-14T16:48:00.767+0000] {logging_mixin.py:188} INFO - [2024-07-14T16:48:00.767+0000] {dag.py:3954} INFO - Setting next_dagrun for example_complex to None, run_after=None
[2024-07-14T16:48:00.813+0000] {processor.py:183} INFO - Processing /home/airflow/.local/lib/python3.12/site-packages/airflow/example_dags/example_complex.py took 0.179 seconds
[2024-07-14T16:48:31.037+0000] {processor.py:161} INFO - Started process (PID=1677) to work on /home/airflow/.local/lib/python3.12/site-packages/airflow/example_dags/example_complex.py
[2024-07-14T16:48:31.039+0000] {processor.py:830} INFO - Processing file /home/airflow/.local/lib/python3.12/site-packages/airflow/example_dags/example_complex.py for tasks to queue
[2024-07-14T16:48:31.041+0000] {logging_mixin.py:188} INFO - [2024-07-14T16:48:31.040+0000] {dagbag.py:545} INFO - Filling up the DagBag from /home/airflow/.local/lib/python3.12/site-packages/airflow/example_dags/example_complex.py
[2024-07-14T16:48:31.059+0000] {processor.py:840} INFO - DAG(s) 'example_complex' retrieved from /home/airflow/.local/lib/python3.12/site-packages/airflow/example_dags/example_complex.py
[2024-07-14T16:48:31.147+0000] {logging_mixin.py:188} INFO - [2024-07-14T16:48:31.147+0000] {dag.py:3096} INFO - Sync 1 DAGs
[2024-07-14T16:48:31.169+0000] {logging_mixin.py:188} INFO - [2024-07-14T16:48:31.169+0000] {dag.py:3954} INFO - Setting next_dagrun for example_complex to None, run_after=None
[2024-07-14T16:48:31.236+0000] {processor.py:183} INFO - Processing /home/airflow/.local/lib/python3.12/site-packages/airflow/example_dags/example_complex.py took 0.223 seconds
[2024-07-14T16:49:02.253+0000] {processor.py:161} INFO - Started process (PID=1737) to work on /home/airflow/.local/lib/python3.12/site-packages/airflow/example_dags/example_complex.py
[2024-07-14T16:49:02.255+0000] {processor.py:830} INFO - Processing file /home/airflow/.local/lib/python3.12/site-packages/airflow/example_dags/example_complex.py for tasks to queue
[2024-07-14T16:49:02.260+0000] {logging_mixin.py:188} INFO - [2024-07-14T16:49:02.259+0000] {dagbag.py:545} INFO - Filling up the DagBag from /home/airflow/.local/lib/python3.12/site-packages/airflow/example_dags/example_complex.py
[2024-07-14T16:49:02.293+0000] {processor.py:840} INFO - DAG(s) 'example_complex' retrieved from /home/airflow/.local/lib/python3.12/site-packages/airflow/example_dags/example_complex.py
[2024-07-14T16:49:02.366+0000] {logging_mixin.py:188} INFO - [2024-07-14T16:49:02.365+0000] {dag.py:3096} INFO - Sync 1 DAGs
[2024-07-14T16:49:02.405+0000] {logging_mixin.py:188} INFO - [2024-07-14T16:49:02.404+0000] {dag.py:3954} INFO - Setting next_dagrun for example_complex to None, run_after=None
[2024-07-14T16:49:02.454+0000] {processor.py:183} INFO - Processing /home/airflow/.local/lib/python3.12/site-packages/airflow/example_dags/example_complex.py took 0.214 seconds
[2024-07-14T16:49:33.199+0000] {processor.py:161} INFO - Started process (PID=1796) to work on /home/airflow/.local/lib/python3.12/site-packages/airflow/example_dags/example_complex.py
[2024-07-14T16:49:33.201+0000] {processor.py:830} INFO - Processing file /home/airflow/.local/lib/python3.12/site-packages/airflow/example_dags/example_complex.py for tasks to queue
[2024-07-14T16:49:33.203+0000] {logging_mixin.py:188} INFO - [2024-07-14T16:49:33.202+0000] {dagbag.py:545} INFO - Filling up the DagBag from /home/airflow/.local/lib/python3.12/site-packages/airflow/example_dags/example_complex.py
[2024-07-14T16:49:33.237+0000] {processor.py:840} INFO - DAG(s) 'example_complex' retrieved from /home/airflow/.local/lib/python3.12/site-packages/airflow/example_dags/example_complex.py
[2024-07-14T16:49:33.353+0000] {logging_mixin.py:188} INFO - [2024-07-14T16:49:33.352+0000] {dag.py:3096} INFO - Sync 1 DAGs
[2024-07-14T16:49:33.389+0000] {logging_mixin.py:188} INFO - [2024-07-14T16:49:33.388+0000] {dag.py:3954} INFO - Setting next_dagrun for example_complex to None, run_after=None
[2024-07-14T16:49:33.720+0000] {processor.py:183} INFO - Processing /home/airflow/.local/lib/python3.12/site-packages/airflow/example_dags/example_complex.py took 0.534 seconds
[2024-07-14T16:50:03.951+0000] {processor.py:161} INFO - Started process (PID=1855) to work on /home/airflow/.local/lib/python3.12/site-packages/airflow/example_dags/example_complex.py
[2024-07-14T16:50:03.953+0000] {processor.py:830} INFO - Processing file /home/airflow/.local/lib/python3.12/site-packages/airflow/example_dags/example_complex.py for tasks to queue
[2024-07-14T16:50:03.955+0000] {logging_mixin.py:188} INFO - [2024-07-14T16:50:03.954+0000] {dagbag.py:545} INFO - Filling up the DagBag from /home/airflow/.local/lib/python3.12/site-packages/airflow/example_dags/example_complex.py
[2024-07-14T16:50:04.000+0000] {processor.py:840} INFO - DAG(s) 'example_complex' retrieved from /home/airflow/.local/lib/python3.12/site-packages/airflow/example_dags/example_complex.py
[2024-07-14T16:50:04.202+0000] {logging_mixin.py:188} INFO - [2024-07-14T16:50:04.201+0000] {dag.py:3096} INFO - Sync 1 DAGs
[2024-07-14T16:50:04.298+0000] {logging_mixin.py:188} INFO - [2024-07-14T16:50:04.297+0000] {dag.py:3954} INFO - Setting next_dagrun for example_complex to None, run_after=None
[2024-07-14T16:50:04.363+0000] {processor.py:183} INFO - Processing /home/airflow/.local/lib/python3.12/site-packages/airflow/example_dags/example_complex.py took 0.426 seconds
[2024-07-14T16:50:34.463+0000] {processor.py:161} INFO - Started process (PID=1912) to work on /home/airflow/.local/lib/python3.12/site-packages/airflow/example_dags/example_complex.py
[2024-07-14T16:50:34.465+0000] {processor.py:830} INFO - Processing file /home/airflow/.local/lib/python3.12/site-packages/airflow/example_dags/example_complex.py for tasks to queue
[2024-07-14T16:50:34.467+0000] {logging_mixin.py:188} INFO - [2024-07-14T16:50:34.466+0000] {dagbag.py:545} INFO - Filling up the DagBag from /home/airflow/.local/lib/python3.12/site-packages/airflow/example_dags/example_complex.py
[2024-07-14T16:50:34.484+0000] {processor.py:840} INFO - DAG(s) 'example_complex' retrieved from /home/airflow/.local/lib/python3.12/site-packages/airflow/example_dags/example_complex.py
[2024-07-14T16:50:34.539+0000] {logging_mixin.py:188} INFO - [2024-07-14T16:50:34.539+0000] {dag.py:3096} INFO - Sync 1 DAGs
[2024-07-14T16:50:34.558+0000] {logging_mixin.py:188} INFO - [2024-07-14T16:50:34.558+0000] {dag.py:3954} INFO - Setting next_dagrun for example_complex to None, run_after=None
[2024-07-14T16:50:34.587+0000] {processor.py:183} INFO - Processing /home/airflow/.local/lib/python3.12/site-packages/airflow/example_dags/example_complex.py took 0.133 seconds
[2024-07-14T16:51:05.333+0000] {processor.py:161} INFO - Started process (PID=1971) to work on /home/airflow/.local/lib/python3.12/site-packages/airflow/example_dags/example_complex.py
[2024-07-14T16:51:05.335+0000] {processor.py:830} INFO - Processing file /home/airflow/.local/lib/python3.12/site-packages/airflow/example_dags/example_complex.py for tasks to queue
[2024-07-14T16:51:05.337+0000] {logging_mixin.py:188} INFO - [2024-07-14T16:51:05.336+0000] {dagbag.py:545} INFO - Filling up the DagBag from /home/airflow/.local/lib/python3.12/site-packages/airflow/example_dags/example_complex.py
[2024-07-14T16:51:05.357+0000] {processor.py:840} INFO - DAG(s) 'example_complex' retrieved from /home/airflow/.local/lib/python3.12/site-packages/airflow/example_dags/example_complex.py
[2024-07-14T16:51:05.427+0000] {logging_mixin.py:188} INFO - [2024-07-14T16:51:05.427+0000] {dag.py:3096} INFO - Sync 1 DAGs
[2024-07-14T16:51:05.448+0000] {logging_mixin.py:188} INFO - [2024-07-14T16:51:05.448+0000] {dag.py:3954} INFO - Setting next_dagrun for example_complex to None, run_after=None
[2024-07-14T16:51:05.502+0000] {processor.py:183} INFO - Processing /home/airflow/.local/lib/python3.12/site-packages/airflow/example_dags/example_complex.py took 0.180 seconds
[2024-07-14T16:51:36.446+0000] {processor.py:161} INFO - Started process (PID=2030) to work on /home/airflow/.local/lib/python3.12/site-packages/airflow/example_dags/example_complex.py
[2024-07-14T16:51:36.449+0000] {processor.py:830} INFO - Processing file /home/airflow/.local/lib/python3.12/site-packages/airflow/example_dags/example_complex.py for tasks to queue
[2024-07-14T16:51:36.450+0000] {logging_mixin.py:188} INFO - [2024-07-14T16:51:36.450+0000] {dagbag.py:545} INFO - Filling up the DagBag from /home/airflow/.local/lib/python3.12/site-packages/airflow/example_dags/example_complex.py
[2024-07-14T16:51:36.480+0000] {processor.py:840} INFO - DAG(s) 'example_complex' retrieved from /home/airflow/.local/lib/python3.12/site-packages/airflow/example_dags/example_complex.py
[2024-07-14T16:51:36.553+0000] {logging_mixin.py:188} INFO - [2024-07-14T16:51:36.553+0000] {dag.py:3096} INFO - Sync 1 DAGs
[2024-07-14T16:51:36.590+0000] {logging_mixin.py:188} INFO - [2024-07-14T16:51:36.590+0000] {dag.py:3954} INFO - Setting next_dagrun for example_complex to None, run_after=None
[2024-07-14T16:51:36.638+0000] {processor.py:183} INFO - Processing /home/airflow/.local/lib/python3.12/site-packages/airflow/example_dags/example_complex.py took 0.205 seconds
[2024-07-14T16:56:18.428+0000] {processor.py:161} INFO - Started process (PID=95) to work on /home/airflow/.local/lib/python3.12/site-packages/airflow/example_dags/example_complex.py
[2024-07-14T16:56:18.436+0000] {processor.py:830} INFO - Processing file /home/airflow/.local/lib/python3.12/site-packages/airflow/example_dags/example_complex.py for tasks to queue
[2024-07-14T16:56:18.442+0000] {logging_mixin.py:188} INFO - [2024-07-14T16:56:18.441+0000] {dagbag.py:545} INFO - Filling up the DagBag from /home/airflow/.local/lib/python3.12/site-packages/airflow/example_dags/example_complex.py
[2024-07-14T16:56:18.590+0000] {processor.py:840} INFO - DAG(s) 'example_complex' retrieved from /home/airflow/.local/lib/python3.12/site-packages/airflow/example_dags/example_complex.py
[2024-07-14T16:56:18.997+0000] {logging_mixin.py:188} INFO - [2024-07-14T16:56:18.997+0000] {dag.py:3096} INFO - Sync 1 DAGs
[2024-07-14T16:56:19.033+0000] {logging_mixin.py:188} INFO - [2024-07-14T16:56:19.032+0000] {dag.py:3954} INFO - Setting next_dagrun for example_complex to None, run_after=None
[2024-07-14T16:56:19.081+0000] {processor.py:183} INFO - Processing /home/airflow/.local/lib/python3.12/site-packages/airflow/example_dags/example_complex.py took 0.707 seconds
[2024-07-14T16:56:49.209+0000] {processor.py:161} INFO - Started process (PID=154) to work on /home/airflow/.local/lib/python3.12/site-packages/airflow/example_dags/example_complex.py
[2024-07-14T16:56:49.211+0000] {processor.py:830} INFO - Processing file /home/airflow/.local/lib/python3.12/site-packages/airflow/example_dags/example_complex.py for tasks to queue
[2024-07-14T16:56:49.215+0000] {logging_mixin.py:188} INFO - [2024-07-14T16:56:49.214+0000] {dagbag.py:545} INFO - Filling up the DagBag from /home/airflow/.local/lib/python3.12/site-packages/airflow/example_dags/example_complex.py
[2024-07-14T16:56:49.232+0000] {processor.py:840} INFO - DAG(s) 'example_complex' retrieved from /home/airflow/.local/lib/python3.12/site-packages/airflow/example_dags/example_complex.py
[2024-07-14T16:56:49.306+0000] {logging_mixin.py:188} INFO - [2024-07-14T16:56:49.305+0000] {dag.py:3096} INFO - Sync 1 DAGs
[2024-07-14T16:56:49.331+0000] {logging_mixin.py:188} INFO - [2024-07-14T16:56:49.331+0000] {dag.py:3954} INFO - Setting next_dagrun for example_complex to None, run_after=None
[2024-07-14T16:56:49.380+0000] {processor.py:183} INFO - Processing /home/airflow/.local/lib/python3.12/site-packages/airflow/example_dags/example_complex.py took 0.190 seconds
