[2024-07-14T16:33:26.887+0000] {processor.py:161} INFO - Started process (PID=54) to work on /home/airflow/.local/lib/python3.12/site-packages/airflow/example_dags/example_time_delta_sensor_async.py
[2024-07-14T16:33:26.894+0000] {processor.py:830} INFO - Processing file /home/airflow/.local/lib/python3.12/site-packages/airflow/example_dags/example_time_delta_sensor_async.py for tasks to queue
[2024-07-14T16:33:26.901+0000] {logging_mixin.py:188} INFO - [2024-07-14T16:33:26.900+0000] {dagbag.py:545} INFO - Filling up the DagBag from /home/airflow/.local/lib/python3.12/site-packages/airflow/example_dags/example_time_delta_sensor_async.py
[2024-07-14T16:33:26.929+0000] {processor.py:840} INFO - DAG(s) 'example_time_delta_sensor_async' retrieved from /home/airflow/.local/lib/python3.12/site-packages/airflow/example_dags/example_time_delta_sensor_async.py
[2024-07-14T16:33:27.731+0000] {logging_mixin.py:188} INFO - [2024-07-14T16:33:27.730+0000] {dag.py:3096} INFO - Sync 1 DAGs
[2024-07-14T16:33:27.836+0000] {logging_mixin.py:188} INFO - [2024-07-14T16:33:27.831+0000] {dag.py:3954} INFO - Setting next_dagrun for example_time_delta_sensor_async to None, run_after=None
[2024-07-14T16:33:28.003+0000] {processor.py:183} INFO - Processing /home/airflow/.local/lib/python3.12/site-packages/airflow/example_dags/example_time_delta_sensor_async.py took 1.137 seconds
[2024-07-14T16:33:58.223+0000] {processor.py:161} INFO - Started process (PID=112) to work on /home/airflow/.local/lib/python3.12/site-packages/airflow/example_dags/example_time_delta_sensor_async.py
[2024-07-14T16:33:58.234+0000] {processor.py:830} INFO - Processing file /home/airflow/.local/lib/python3.12/site-packages/airflow/example_dags/example_time_delta_sensor_async.py for tasks to queue
[2024-07-14T16:33:58.238+0000] {logging_mixin.py:188} INFO - [2024-07-14T16:33:58.237+0000] {dagbag.py:545} INFO - Filling up the DagBag from /home/airflow/.local/lib/python3.12/site-packages/airflow/example_dags/example_time_delta_sensor_async.py
[2024-07-14T16:33:58.254+0000] {processor.py:840} INFO - DAG(s) 'example_time_delta_sensor_async' retrieved from /home/airflow/.local/lib/python3.12/site-packages/airflow/example_dags/example_time_delta_sensor_async.py
[2024-07-14T16:33:58.369+0000] {logging_mixin.py:188} INFO - [2024-07-14T16:33:58.368+0000] {dag.py:3096} INFO - Sync 1 DAGs
[2024-07-14T16:33:58.415+0000] {logging_mixin.py:188} INFO - [2024-07-14T16:33:58.415+0000] {dag.py:3954} INFO - Setting next_dagrun for example_time_delta_sensor_async to None, run_after=None
[2024-07-14T16:33:58.500+0000] {processor.py:183} INFO - Processing /home/airflow/.local/lib/python3.12/site-packages/airflow/example_dags/example_time_delta_sensor_async.py took 0.301 seconds
[2024-07-14T16:34:28.727+0000] {processor.py:161} INFO - Started process (PID=169) to work on /home/airflow/.local/lib/python3.12/site-packages/airflow/example_dags/example_time_delta_sensor_async.py
[2024-07-14T16:34:28.736+0000] {processor.py:830} INFO - Processing file /home/airflow/.local/lib/python3.12/site-packages/airflow/example_dags/example_time_delta_sensor_async.py for tasks to queue
[2024-07-14T16:34:28.740+0000] {logging_mixin.py:188} INFO - [2024-07-14T16:34:28.740+0000] {dagbag.py:545} INFO - Filling up the DagBag from /home/airflow/.local/lib/python3.12/site-packages/airflow/example_dags/example_time_delta_sensor_async.py
[2024-07-14T16:34:28.748+0000] {processor.py:840} INFO - DAG(s) 'example_time_delta_sensor_async' retrieved from /home/airflow/.local/lib/python3.12/site-packages/airflow/example_dags/example_time_delta_sensor_async.py
[2024-07-14T16:34:28.788+0000] {logging_mixin.py:188} INFO - [2024-07-14T16:34:28.788+0000] {dag.py:3096} INFO - Sync 1 DAGs
[2024-07-14T16:34:28.810+0000] {logging_mixin.py:188} INFO - [2024-07-14T16:34:28.810+0000] {dag.py:3954} INFO - Setting next_dagrun for example_time_delta_sensor_async to None, run_after=None
[2024-07-14T16:34:28.851+0000] {processor.py:183} INFO - Processing /home/airflow/.local/lib/python3.12/site-packages/airflow/example_dags/example_time_delta_sensor_async.py took 0.139 seconds
[2024-07-14T16:34:59.084+0000] {processor.py:161} INFO - Started process (PID=227) to work on /home/airflow/.local/lib/python3.12/site-packages/airflow/example_dags/example_time_delta_sensor_async.py
[2024-07-14T16:34:59.086+0000] {processor.py:830} INFO - Processing file /home/airflow/.local/lib/python3.12/site-packages/airflow/example_dags/example_time_delta_sensor_async.py for tasks to queue
[2024-07-14T16:34:59.089+0000] {logging_mixin.py:188} INFO - [2024-07-14T16:34:59.088+0000] {dagbag.py:545} INFO - Filling up the DagBag from /home/airflow/.local/lib/python3.12/site-packages/airflow/example_dags/example_time_delta_sensor_async.py
[2024-07-14T16:34:59.096+0000] {processor.py:840} INFO - DAG(s) 'example_time_delta_sensor_async' retrieved from /home/airflow/.local/lib/python3.12/site-packages/airflow/example_dags/example_time_delta_sensor_async.py
[2024-07-14T16:34:59.137+0000] {logging_mixin.py:188} INFO - [2024-07-14T16:34:59.136+0000] {dag.py:3096} INFO - Sync 1 DAGs
[2024-07-14T16:34:59.160+0000] {logging_mixin.py:188} INFO - [2024-07-14T16:34:59.159+0000] {dag.py:3954} INFO - Setting next_dagrun for example_time_delta_sensor_async to None, run_after=None
[2024-07-14T16:34:59.204+0000] {processor.py:183} INFO - Processing /home/airflow/.local/lib/python3.12/site-packages/airflow/example_dags/example_time_delta_sensor_async.py took 0.141 seconds
[2024-07-14T16:35:29.298+0000] {processor.py:161} INFO - Started process (PID=285) to work on /home/airflow/.local/lib/python3.12/site-packages/airflow/example_dags/example_time_delta_sensor_async.py
[2024-07-14T16:35:29.300+0000] {processor.py:830} INFO - Processing file /home/airflow/.local/lib/python3.12/site-packages/airflow/example_dags/example_time_delta_sensor_async.py for tasks to queue
[2024-07-14T16:35:29.303+0000] {logging_mixin.py:188} INFO - [2024-07-14T16:35:29.302+0000] {dagbag.py:545} INFO - Filling up the DagBag from /home/airflow/.local/lib/python3.12/site-packages/airflow/example_dags/example_time_delta_sensor_async.py
[2024-07-14T16:35:29.309+0000] {processor.py:840} INFO - DAG(s) 'example_time_delta_sensor_async' retrieved from /home/airflow/.local/lib/python3.12/site-packages/airflow/example_dags/example_time_delta_sensor_async.py
[2024-07-14T16:35:29.361+0000] {logging_mixin.py:188} INFO - [2024-07-14T16:35:29.361+0000] {dag.py:3096} INFO - Sync 1 DAGs
[2024-07-14T16:35:29.402+0000] {logging_mixin.py:188} INFO - [2024-07-14T16:35:29.401+0000] {dag.py:3954} INFO - Setting next_dagrun for example_time_delta_sensor_async to None, run_after=None
[2024-07-14T16:35:29.450+0000] {processor.py:183} INFO - Processing /home/airflow/.local/lib/python3.12/site-packages/airflow/example_dags/example_time_delta_sensor_async.py took 0.163 seconds
[2024-07-14T16:35:59.806+0000] {processor.py:161} INFO - Started process (PID=343) to work on /home/airflow/.local/lib/python3.12/site-packages/airflow/example_dags/example_time_delta_sensor_async.py
[2024-07-14T16:35:59.809+0000] {processor.py:830} INFO - Processing file /home/airflow/.local/lib/python3.12/site-packages/airflow/example_dags/example_time_delta_sensor_async.py for tasks to queue
[2024-07-14T16:35:59.830+0000] {logging_mixin.py:188} INFO - [2024-07-14T16:35:59.828+0000] {dagbag.py:545} INFO - Filling up the DagBag from /home/airflow/.local/lib/python3.12/site-packages/airflow/example_dags/example_time_delta_sensor_async.py
[2024-07-14T16:35:59.846+0000] {processor.py:840} INFO - DAG(s) 'example_time_delta_sensor_async' retrieved from /home/airflow/.local/lib/python3.12/site-packages/airflow/example_dags/example_time_delta_sensor_async.py
[2024-07-14T16:35:59.932+0000] {logging_mixin.py:188} INFO - [2024-07-14T16:35:59.932+0000] {dag.py:3096} INFO - Sync 1 DAGs
[2024-07-14T16:35:59.983+0000] {logging_mixin.py:188} INFO - [2024-07-14T16:35:59.981+0000] {dag.py:3954} INFO - Setting next_dagrun for example_time_delta_sensor_async to None, run_after=None
[2024-07-14T16:36:00.051+0000] {processor.py:183} INFO - Processing /home/airflow/.local/lib/python3.12/site-packages/airflow/example_dags/example_time_delta_sensor_async.py took 0.262 seconds
[2024-07-14T16:36:30.187+0000] {processor.py:161} INFO - Started process (PID=401) to work on /home/airflow/.local/lib/python3.12/site-packages/airflow/example_dags/example_time_delta_sensor_async.py
[2024-07-14T16:36:30.189+0000] {processor.py:830} INFO - Processing file /home/airflow/.local/lib/python3.12/site-packages/airflow/example_dags/example_time_delta_sensor_async.py for tasks to queue
[2024-07-14T16:36:30.192+0000] {logging_mixin.py:188} INFO - [2024-07-14T16:36:30.192+0000] {dagbag.py:545} INFO - Filling up the DagBag from /home/airflow/.local/lib/python3.12/site-packages/airflow/example_dags/example_time_delta_sensor_async.py
[2024-07-14T16:36:30.200+0000] {processor.py:840} INFO - DAG(s) 'example_time_delta_sensor_async' retrieved from /home/airflow/.local/lib/python3.12/site-packages/airflow/example_dags/example_time_delta_sensor_async.py
[2024-07-14T16:36:30.244+0000] {logging_mixin.py:188} INFO - [2024-07-14T16:36:30.244+0000] {dag.py:3096} INFO - Sync 1 DAGs
[2024-07-14T16:36:30.268+0000] {logging_mixin.py:188} INFO - [2024-07-14T16:36:30.265+0000] {dag.py:3954} INFO - Setting next_dagrun for example_time_delta_sensor_async to None, run_after=None
[2024-07-14T16:36:30.307+0000] {processor.py:183} INFO - Processing /home/airflow/.local/lib/python3.12/site-packages/airflow/example_dags/example_time_delta_sensor_async.py took 0.132 seconds
[2024-07-14T16:37:00.356+0000] {processor.py:161} INFO - Started process (PID=458) to work on /home/airflow/.local/lib/python3.12/site-packages/airflow/example_dags/example_time_delta_sensor_async.py
[2024-07-14T16:37:00.358+0000] {processor.py:830} INFO - Processing file /home/airflow/.local/lib/python3.12/site-packages/airflow/example_dags/example_time_delta_sensor_async.py for tasks to queue
[2024-07-14T16:37:00.363+0000] {logging_mixin.py:188} INFO - [2024-07-14T16:37:00.360+0000] {dagbag.py:545} INFO - Filling up the DagBag from /home/airflow/.local/lib/python3.12/site-packages/airflow/example_dags/example_time_delta_sensor_async.py
[2024-07-14T16:37:00.374+0000] {processor.py:840} INFO - DAG(s) 'example_time_delta_sensor_async' retrieved from /home/airflow/.local/lib/python3.12/site-packages/airflow/example_dags/example_time_delta_sensor_async.py
[2024-07-14T16:37:00.408+0000] {logging_mixin.py:188} INFO - [2024-07-14T16:37:00.407+0000] {dag.py:3096} INFO - Sync 1 DAGs
[2024-07-14T16:37:00.438+0000] {logging_mixin.py:188} INFO - [2024-07-14T16:37:00.438+0000] {dag.py:3954} INFO - Setting next_dagrun for example_time_delta_sensor_async to None, run_after=None
[2024-07-14T16:37:00.480+0000] {processor.py:183} INFO - Processing /home/airflow/.local/lib/python3.12/site-packages/airflow/example_dags/example_time_delta_sensor_async.py took 0.133 seconds
[2024-07-14T16:37:33.035+0000] {processor.py:161} INFO - Started process (PID=516) to work on /home/airflow/.local/lib/python3.12/site-packages/airflow/example_dags/example_time_delta_sensor_async.py
[2024-07-14T16:37:33.138+0000] {processor.py:830} INFO - Processing file /home/airflow/.local/lib/python3.12/site-packages/airflow/example_dags/example_time_delta_sensor_async.py for tasks to queue
[2024-07-14T16:37:33.156+0000] {logging_mixin.py:188} INFO - [2024-07-14T16:37:33.144+0000] {dagbag.py:545} INFO - Filling up the DagBag from /home/airflow/.local/lib/python3.12/site-packages/airflow/example_dags/example_time_delta_sensor_async.py
[2024-07-14T16:37:33.166+0000] {processor.py:840} INFO - DAG(s) 'example_time_delta_sensor_async' retrieved from /home/airflow/.local/lib/python3.12/site-packages/airflow/example_dags/example_time_delta_sensor_async.py
[2024-07-14T16:37:33.312+0000] {logging_mixin.py:188} INFO - [2024-07-14T16:37:33.312+0000] {dag.py:3096} INFO - Sync 1 DAGs
[2024-07-14T16:37:33.466+0000] {logging_mixin.py:188} INFO - [2024-07-14T16:37:33.465+0000] {dag.py:3954} INFO - Setting next_dagrun for example_time_delta_sensor_async to None, run_after=None
[2024-07-14T16:37:33.705+0000] {processor.py:183} INFO - Processing /home/airflow/.local/lib/python3.12/site-packages/airflow/example_dags/example_time_delta_sensor_async.py took 0.692 seconds
[2024-07-14T16:38:35.023+0000] {processor.py:161} INFO - Started process (PID=579) to work on /home/airflow/.local/lib/python3.12/site-packages/airflow/example_dags/example_time_delta_sensor_async.py
[2024-07-14T16:38:35.081+0000] {processor.py:830} INFO - Processing file /home/airflow/.local/lib/python3.12/site-packages/airflow/example_dags/example_time_delta_sensor_async.py for tasks to queue
[2024-07-14T16:38:35.339+0000] {logging_mixin.py:188} INFO - [2024-07-14T16:38:35.267+0000] {dagbag.py:545} INFO - Filling up the DagBag from /home/airflow/.local/lib/python3.12/site-packages/airflow/example_dags/example_time_delta_sensor_async.py
[2024-07-14T16:38:35.550+0000] {processor.py:840} INFO - DAG(s) 'example_time_delta_sensor_async' retrieved from /home/airflow/.local/lib/python3.12/site-packages/airflow/example_dags/example_time_delta_sensor_async.py
[2024-07-14T16:38:36.496+0000] {logging_mixin.py:188} INFO - [2024-07-14T16:38:36.495+0000] {dag.py:3096} INFO - Sync 1 DAGs
[2024-07-14T16:38:36.755+0000] {logging_mixin.py:188} INFO - [2024-07-14T16:38:36.754+0000] {dag.py:3954} INFO - Setting next_dagrun for example_time_delta_sensor_async to None, run_after=None
[2024-07-14T16:38:37.099+0000] {processor.py:183} INFO - Processing /home/airflow/.local/lib/python3.12/site-packages/airflow/example_dags/example_time_delta_sensor_async.py took 2.196 seconds
[2024-07-14T16:39:23.154+0000] {processor.py:161} INFO - Started process (PID=646) to work on /home/airflow/.local/lib/python3.12/site-packages/airflow/example_dags/example_time_delta_sensor_async.py
[2024-07-14T16:39:23.156+0000] {processor.py:830} INFO - Processing file /home/airflow/.local/lib/python3.12/site-packages/airflow/example_dags/example_time_delta_sensor_async.py for tasks to queue
[2024-07-14T16:39:23.158+0000] {logging_mixin.py:188} INFO - [2024-07-14T16:39:23.157+0000] {dagbag.py:545} INFO - Filling up the DagBag from /home/airflow/.local/lib/python3.12/site-packages/airflow/example_dags/example_time_delta_sensor_async.py
[2024-07-14T16:39:23.179+0000] {processor.py:840} INFO - DAG(s) 'example_time_delta_sensor_async' retrieved from /home/airflow/.local/lib/python3.12/site-packages/airflow/example_dags/example_time_delta_sensor_async.py
[2024-07-14T16:39:23.232+0000] {logging_mixin.py:188} INFO - [2024-07-14T16:39:23.231+0000] {dag.py:3096} INFO - Sync 1 DAGs
[2024-07-14T16:39:23.277+0000] {logging_mixin.py:188} INFO - [2024-07-14T16:39:23.276+0000] {dag.py:3954} INFO - Setting next_dagrun for example_time_delta_sensor_async to None, run_after=None
[2024-07-14T16:39:23.325+0000] {processor.py:183} INFO - Processing /home/airflow/.local/lib/python3.12/site-packages/airflow/example_dags/example_time_delta_sensor_async.py took 0.184 seconds
[2024-07-14T16:39:55.740+0000] {processor.py:161} INFO - Started process (PID=706) to work on /home/airflow/.local/lib/python3.12/site-packages/airflow/example_dags/example_time_delta_sensor_async.py
[2024-07-14T16:39:55.742+0000] {processor.py:830} INFO - Processing file /home/airflow/.local/lib/python3.12/site-packages/airflow/example_dags/example_time_delta_sensor_async.py for tasks to queue
[2024-07-14T16:39:55.744+0000] {logging_mixin.py:188} INFO - [2024-07-14T16:39:55.744+0000] {dagbag.py:545} INFO - Filling up the DagBag from /home/airflow/.local/lib/python3.12/site-packages/airflow/example_dags/example_time_delta_sensor_async.py
[2024-07-14T16:39:55.753+0000] {processor.py:840} INFO - DAG(s) 'example_time_delta_sensor_async' retrieved from /home/airflow/.local/lib/python3.12/site-packages/airflow/example_dags/example_time_delta_sensor_async.py
[2024-07-14T16:39:55.852+0000] {logging_mixin.py:188} INFO - [2024-07-14T16:39:55.852+0000] {dag.py:3096} INFO - Sync 1 DAGs
[2024-07-14T16:39:55.896+0000] {logging_mixin.py:188} INFO - [2024-07-14T16:39:55.896+0000] {dag.py:3954} INFO - Setting next_dagrun for example_time_delta_sensor_async to None, run_after=None
[2024-07-14T16:39:55.945+0000] {processor.py:183} INFO - Processing /home/airflow/.local/lib/python3.12/site-packages/airflow/example_dags/example_time_delta_sensor_async.py took 0.248 seconds
[2024-07-14T16:40:26.039+0000] {processor.py:161} INFO - Started process (PID=765) to work on /home/airflow/.local/lib/python3.12/site-packages/airflow/example_dags/example_time_delta_sensor_async.py
[2024-07-14T16:40:26.041+0000] {processor.py:830} INFO - Processing file /home/airflow/.local/lib/python3.12/site-packages/airflow/example_dags/example_time_delta_sensor_async.py for tasks to queue
[2024-07-14T16:40:26.043+0000] {logging_mixin.py:188} INFO - [2024-07-14T16:40:26.042+0000] {dagbag.py:545} INFO - Filling up the DagBag from /home/airflow/.local/lib/python3.12/site-packages/airflow/example_dags/example_time_delta_sensor_async.py
[2024-07-14T16:40:26.050+0000] {processor.py:840} INFO - DAG(s) 'example_time_delta_sensor_async' retrieved from /home/airflow/.local/lib/python3.12/site-packages/airflow/example_dags/example_time_delta_sensor_async.py
[2024-07-14T16:40:26.106+0000] {logging_mixin.py:188} INFO - [2024-07-14T16:40:26.106+0000] {dag.py:3096} INFO - Sync 1 DAGs
[2024-07-14T16:40:26.137+0000] {logging_mixin.py:188} INFO - [2024-07-14T16:40:26.136+0000] {dag.py:3954} INFO - Setting next_dagrun for example_time_delta_sensor_async to None, run_after=None
[2024-07-14T16:40:26.183+0000] {processor.py:183} INFO - Processing /home/airflow/.local/lib/python3.12/site-packages/airflow/example_dags/example_time_delta_sensor_async.py took 0.153 seconds
[2024-07-14T16:40:56.688+0000] {processor.py:161} INFO - Started process (PID=823) to work on /home/airflow/.local/lib/python3.12/site-packages/airflow/example_dags/example_time_delta_sensor_async.py
[2024-07-14T16:40:56.691+0000] {processor.py:830} INFO - Processing file /home/airflow/.local/lib/python3.12/site-packages/airflow/example_dags/example_time_delta_sensor_async.py for tasks to queue
[2024-07-14T16:40:56.692+0000] {logging_mixin.py:188} INFO - [2024-07-14T16:40:56.691+0000] {dagbag.py:545} INFO - Filling up the DagBag from /home/airflow/.local/lib/python3.12/site-packages/airflow/example_dags/example_time_delta_sensor_async.py
[2024-07-14T16:40:56.699+0000] {processor.py:840} INFO - DAG(s) 'example_time_delta_sensor_async' retrieved from /home/airflow/.local/lib/python3.12/site-packages/airflow/example_dags/example_time_delta_sensor_async.py
[2024-07-14T16:40:56.753+0000] {logging_mixin.py:188} INFO - [2024-07-14T16:40:56.753+0000] {dag.py:3096} INFO - Sync 1 DAGs
[2024-07-14T16:40:56.788+0000] {logging_mixin.py:188} INFO - [2024-07-14T16:40:56.788+0000] {dag.py:3954} INFO - Setting next_dagrun for example_time_delta_sensor_async to None, run_after=None
[2024-07-14T16:40:56.835+0000] {processor.py:183} INFO - Processing /home/airflow/.local/lib/python3.12/site-packages/airflow/example_dags/example_time_delta_sensor_async.py took 0.156 seconds
[2024-07-14T16:41:27.786+0000] {processor.py:161} INFO - Started process (PID=882) to work on /home/airflow/.local/lib/python3.12/site-packages/airflow/example_dags/example_time_delta_sensor_async.py
[2024-07-14T16:41:27.787+0000] {processor.py:830} INFO - Processing file /home/airflow/.local/lib/python3.12/site-packages/airflow/example_dags/example_time_delta_sensor_async.py for tasks to queue
[2024-07-14T16:41:27.789+0000] {logging_mixin.py:188} INFO - [2024-07-14T16:41:27.789+0000] {dagbag.py:545} INFO - Filling up the DagBag from /home/airflow/.local/lib/python3.12/site-packages/airflow/example_dags/example_time_delta_sensor_async.py
[2024-07-14T16:41:27.797+0000] {processor.py:840} INFO - DAG(s) 'example_time_delta_sensor_async' retrieved from /home/airflow/.local/lib/python3.12/site-packages/airflow/example_dags/example_time_delta_sensor_async.py
[2024-07-14T16:41:27.871+0000] {logging_mixin.py:188} INFO - [2024-07-14T16:41:27.860+0000] {dag.py:3096} INFO - Sync 1 DAGs
[2024-07-14T16:41:27.901+0000] {logging_mixin.py:188} INFO - [2024-07-14T16:41:27.900+0000] {dag.py:3954} INFO - Setting next_dagrun for example_time_delta_sensor_async to None, run_after=None
[2024-07-14T16:41:27.942+0000] {processor.py:183} INFO - Processing /home/airflow/.local/lib/python3.12/site-packages/airflow/example_dags/example_time_delta_sensor_async.py took 0.173 seconds
[2024-07-14T16:41:59.342+0000] {processor.py:161} INFO - Started process (PID=942) to work on /home/airflow/.local/lib/python3.12/site-packages/airflow/example_dags/example_time_delta_sensor_async.py
[2024-07-14T16:41:59.344+0000] {processor.py:830} INFO - Processing file /home/airflow/.local/lib/python3.12/site-packages/airflow/example_dags/example_time_delta_sensor_async.py for tasks to queue
[2024-07-14T16:41:59.346+0000] {logging_mixin.py:188} INFO - [2024-07-14T16:41:59.345+0000] {dagbag.py:545} INFO - Filling up the DagBag from /home/airflow/.local/lib/python3.12/site-packages/airflow/example_dags/example_time_delta_sensor_async.py
[2024-07-14T16:41:59.357+0000] {processor.py:840} INFO - DAG(s) 'example_time_delta_sensor_async' retrieved from /home/airflow/.local/lib/python3.12/site-packages/airflow/example_dags/example_time_delta_sensor_async.py
[2024-07-14T16:41:59.429+0000] {logging_mixin.py:188} INFO - [2024-07-14T16:41:59.429+0000] {dag.py:3096} INFO - Sync 1 DAGs
[2024-07-14T16:41:59.464+0000] {logging_mixin.py:188} INFO - [2024-07-14T16:41:59.464+0000] {dag.py:3954} INFO - Setting next_dagrun for example_time_delta_sensor_async to None, run_after=None
[2024-07-14T16:41:59.561+0000] {processor.py:183} INFO - Processing /home/airflow/.local/lib/python3.12/site-packages/airflow/example_dags/example_time_delta_sensor_async.py took 0.232 seconds
[2024-07-14T16:42:30.393+0000] {processor.py:161} INFO - Started process (PID=1000) to work on /home/airflow/.local/lib/python3.12/site-packages/airflow/example_dags/example_time_delta_sensor_async.py
[2024-07-14T16:42:30.396+0000] {processor.py:830} INFO - Processing file /home/airflow/.local/lib/python3.12/site-packages/airflow/example_dags/example_time_delta_sensor_async.py for tasks to queue
[2024-07-14T16:42:30.398+0000] {logging_mixin.py:188} INFO - [2024-07-14T16:42:30.397+0000] {dagbag.py:545} INFO - Filling up the DagBag from /home/airflow/.local/lib/python3.12/site-packages/airflow/example_dags/example_time_delta_sensor_async.py
[2024-07-14T16:42:30.409+0000] {processor.py:840} INFO - DAG(s) 'example_time_delta_sensor_async' retrieved from /home/airflow/.local/lib/python3.12/site-packages/airflow/example_dags/example_time_delta_sensor_async.py
[2024-07-14T16:42:30.451+0000] {logging_mixin.py:188} INFO - [2024-07-14T16:42:30.450+0000] {dag.py:3096} INFO - Sync 1 DAGs
[2024-07-14T16:42:30.485+0000] {logging_mixin.py:188} INFO - [2024-07-14T16:42:30.485+0000] {dag.py:3954} INFO - Setting next_dagrun for example_time_delta_sensor_async to None, run_after=None
[2024-07-14T16:42:30.539+0000] {processor.py:183} INFO - Processing /home/airflow/.local/lib/python3.12/site-packages/airflow/example_dags/example_time_delta_sensor_async.py took 0.157 seconds
[2024-07-14T16:43:00.880+0000] {processor.py:161} INFO - Started process (PID=1059) to work on /home/airflow/.local/lib/python3.12/site-packages/airflow/example_dags/example_time_delta_sensor_async.py
[2024-07-14T16:43:00.883+0000] {processor.py:830} INFO - Processing file /home/airflow/.local/lib/python3.12/site-packages/airflow/example_dags/example_time_delta_sensor_async.py for tasks to queue
[2024-07-14T16:43:00.885+0000] {logging_mixin.py:188} INFO - [2024-07-14T16:43:00.884+0000] {dagbag.py:545} INFO - Filling up the DagBag from /home/airflow/.local/lib/python3.12/site-packages/airflow/example_dags/example_time_delta_sensor_async.py
[2024-07-14T16:43:00.905+0000] {processor.py:840} INFO - DAG(s) 'example_time_delta_sensor_async' retrieved from /home/airflow/.local/lib/python3.12/site-packages/airflow/example_dags/example_time_delta_sensor_async.py
[2024-07-14T16:43:00.963+0000] {logging_mixin.py:188} INFO - [2024-07-14T16:43:00.963+0000] {dag.py:3096} INFO - Sync 1 DAGs
[2024-07-14T16:43:00.995+0000] {logging_mixin.py:188} INFO - [2024-07-14T16:43:00.995+0000] {dag.py:3954} INFO - Setting next_dagrun for example_time_delta_sensor_async to None, run_after=None
[2024-07-14T16:43:01.044+0000] {processor.py:183} INFO - Processing /home/airflow/.local/lib/python3.12/site-packages/airflow/example_dags/example_time_delta_sensor_async.py took 0.185 seconds
[2024-07-14T16:43:31.309+0000] {processor.py:161} INFO - Started process (PID=1118) to work on /home/airflow/.local/lib/python3.12/site-packages/airflow/example_dags/example_time_delta_sensor_async.py
[2024-07-14T16:43:31.313+0000] {processor.py:830} INFO - Processing file /home/airflow/.local/lib/python3.12/site-packages/airflow/example_dags/example_time_delta_sensor_async.py for tasks to queue
[2024-07-14T16:43:31.322+0000] {logging_mixin.py:188} INFO - [2024-07-14T16:43:31.321+0000] {dagbag.py:545} INFO - Filling up the DagBag from /home/airflow/.local/lib/python3.12/site-packages/airflow/example_dags/example_time_delta_sensor_async.py
[2024-07-14T16:43:31.338+0000] {processor.py:840} INFO - DAG(s) 'example_time_delta_sensor_async' retrieved from /home/airflow/.local/lib/python3.12/site-packages/airflow/example_dags/example_time_delta_sensor_async.py
[2024-07-14T16:43:31.420+0000] {logging_mixin.py:188} INFO - [2024-07-14T16:43:31.419+0000] {dag.py:3096} INFO - Sync 1 DAGs
[2024-07-14T16:43:31.453+0000] {logging_mixin.py:188} INFO - [2024-07-14T16:43:31.453+0000] {dag.py:3954} INFO - Setting next_dagrun for example_time_delta_sensor_async to None, run_after=None
[2024-07-14T16:43:31.501+0000] {processor.py:183} INFO - Processing /home/airflow/.local/lib/python3.12/site-packages/airflow/example_dags/example_time_delta_sensor_async.py took 0.204 seconds
[2024-07-14T16:44:01.725+0000] {processor.py:161} INFO - Started process (PID=1176) to work on /home/airflow/.local/lib/python3.12/site-packages/airflow/example_dags/example_time_delta_sensor_async.py
[2024-07-14T16:44:01.729+0000] {processor.py:830} INFO - Processing file /home/airflow/.local/lib/python3.12/site-packages/airflow/example_dags/example_time_delta_sensor_async.py for tasks to queue
[2024-07-14T16:44:01.731+0000] {logging_mixin.py:188} INFO - [2024-07-14T16:44:01.731+0000] {dagbag.py:545} INFO - Filling up the DagBag from /home/airflow/.local/lib/python3.12/site-packages/airflow/example_dags/example_time_delta_sensor_async.py
[2024-07-14T16:44:01.742+0000] {processor.py:840} INFO - DAG(s) 'example_time_delta_sensor_async' retrieved from /home/airflow/.local/lib/python3.12/site-packages/airflow/example_dags/example_time_delta_sensor_async.py
[2024-07-14T16:44:01.833+0000] {logging_mixin.py:188} INFO - [2024-07-14T16:44:01.833+0000] {dag.py:3096} INFO - Sync 1 DAGs
[2024-07-14T16:44:01.868+0000] {logging_mixin.py:188} INFO - [2024-07-14T16:44:01.867+0000] {dag.py:3954} INFO - Setting next_dagrun for example_time_delta_sensor_async to None, run_after=None
[2024-07-14T16:44:01.935+0000] {processor.py:183} INFO - Processing /home/airflow/.local/lib/python3.12/site-packages/airflow/example_dags/example_time_delta_sensor_async.py took 0.235 seconds
[2024-07-14T16:44:32.178+0000] {processor.py:161} INFO - Started process (PID=1235) to work on /home/airflow/.local/lib/python3.12/site-packages/airflow/example_dags/example_time_delta_sensor_async.py
[2024-07-14T16:44:32.179+0000] {processor.py:830} INFO - Processing file /home/airflow/.local/lib/python3.12/site-packages/airflow/example_dags/example_time_delta_sensor_async.py for tasks to queue
[2024-07-14T16:44:32.181+0000] {logging_mixin.py:188} INFO - [2024-07-14T16:44:32.180+0000] {dagbag.py:545} INFO - Filling up the DagBag from /home/airflow/.local/lib/python3.12/site-packages/airflow/example_dags/example_time_delta_sensor_async.py
[2024-07-14T16:44:32.191+0000] {processor.py:840} INFO - DAG(s) 'example_time_delta_sensor_async' retrieved from /home/airflow/.local/lib/python3.12/site-packages/airflow/example_dags/example_time_delta_sensor_async.py
[2024-07-14T16:44:32.240+0000] {logging_mixin.py:188} INFO - [2024-07-14T16:44:32.239+0000] {dag.py:3096} INFO - Sync 1 DAGs
[2024-07-14T16:44:32.280+0000] {logging_mixin.py:188} INFO - [2024-07-14T16:44:32.280+0000] {dag.py:3954} INFO - Setting next_dagrun for example_time_delta_sensor_async to None, run_after=None
[2024-07-14T16:44:32.341+0000] {processor.py:183} INFO - Processing /home/airflow/.local/lib/python3.12/site-packages/airflow/example_dags/example_time_delta_sensor_async.py took 0.179 seconds
[2024-07-14T16:45:03.160+0000] {processor.py:161} INFO - Started process (PID=1293) to work on /home/airflow/.local/lib/python3.12/site-packages/airflow/example_dags/example_time_delta_sensor_async.py
[2024-07-14T16:45:03.163+0000] {processor.py:830} INFO - Processing file /home/airflow/.local/lib/python3.12/site-packages/airflow/example_dags/example_time_delta_sensor_async.py for tasks to queue
[2024-07-14T16:45:03.165+0000] {logging_mixin.py:188} INFO - [2024-07-14T16:45:03.165+0000] {dagbag.py:545} INFO - Filling up the DagBag from /home/airflow/.local/lib/python3.12/site-packages/airflow/example_dags/example_time_delta_sensor_async.py
[2024-07-14T16:45:03.177+0000] {processor.py:840} INFO - DAG(s) 'example_time_delta_sensor_async' retrieved from /home/airflow/.local/lib/python3.12/site-packages/airflow/example_dags/example_time_delta_sensor_async.py
[2024-07-14T16:45:03.221+0000] {logging_mixin.py:188} INFO - [2024-07-14T16:45:03.221+0000] {dag.py:3096} INFO - Sync 1 DAGs
[2024-07-14T16:45:03.258+0000] {logging_mixin.py:188} INFO - [2024-07-14T16:45:03.258+0000] {dag.py:3954} INFO - Setting next_dagrun for example_time_delta_sensor_async to None, run_after=None
[2024-07-14T16:45:03.298+0000] {processor.py:183} INFO - Processing /home/airflow/.local/lib/python3.12/site-packages/airflow/example_dags/example_time_delta_sensor_async.py took 0.148 seconds
[2024-07-14T16:45:34.758+0000] {processor.py:161} INFO - Started process (PID=1352) to work on /home/airflow/.local/lib/python3.12/site-packages/airflow/example_dags/example_time_delta_sensor_async.py
[2024-07-14T16:45:34.760+0000] {processor.py:830} INFO - Processing file /home/airflow/.local/lib/python3.12/site-packages/airflow/example_dags/example_time_delta_sensor_async.py for tasks to queue
[2024-07-14T16:45:34.762+0000] {logging_mixin.py:188} INFO - [2024-07-14T16:45:34.762+0000] {dagbag.py:545} INFO - Filling up the DagBag from /home/airflow/.local/lib/python3.12/site-packages/airflow/example_dags/example_time_delta_sensor_async.py
[2024-07-14T16:45:34.771+0000] {processor.py:840} INFO - DAG(s) 'example_time_delta_sensor_async' retrieved from /home/airflow/.local/lib/python3.12/site-packages/airflow/example_dags/example_time_delta_sensor_async.py
[2024-07-14T16:45:34.810+0000] {logging_mixin.py:188} INFO - [2024-07-14T16:45:34.810+0000] {dag.py:3096} INFO - Sync 1 DAGs
[2024-07-14T16:45:34.838+0000] {logging_mixin.py:188} INFO - [2024-07-14T16:45:34.838+0000] {dag.py:3954} INFO - Setting next_dagrun for example_time_delta_sensor_async to None, run_after=None
[2024-07-14T16:45:34.869+0000] {processor.py:183} INFO - Processing /home/airflow/.local/lib/python3.12/site-packages/airflow/example_dags/example_time_delta_sensor_async.py took 0.124 seconds
[2024-07-14T16:46:05.986+0000] {processor.py:161} INFO - Started process (PID=1411) to work on /home/airflow/.local/lib/python3.12/site-packages/airflow/example_dags/example_time_delta_sensor_async.py
[2024-07-14T16:46:05.989+0000] {processor.py:830} INFO - Processing file /home/airflow/.local/lib/python3.12/site-packages/airflow/example_dags/example_time_delta_sensor_async.py for tasks to queue
[2024-07-14T16:46:05.993+0000] {logging_mixin.py:188} INFO - [2024-07-14T16:46:05.992+0000] {dagbag.py:545} INFO - Filling up the DagBag from /home/airflow/.local/lib/python3.12/site-packages/airflow/example_dags/example_time_delta_sensor_async.py
[2024-07-14T16:46:06.001+0000] {processor.py:840} INFO - DAG(s) 'example_time_delta_sensor_async' retrieved from /home/airflow/.local/lib/python3.12/site-packages/airflow/example_dags/example_time_delta_sensor_async.py
[2024-07-14T16:46:06.060+0000] {logging_mixin.py:188} INFO - [2024-07-14T16:46:06.060+0000] {dag.py:3096} INFO - Sync 1 DAGs
[2024-07-14T16:46:06.092+0000] {logging_mixin.py:188} INFO - [2024-07-14T16:46:06.091+0000] {dag.py:3954} INFO - Setting next_dagrun for example_time_delta_sensor_async to None, run_after=None
[2024-07-14T16:46:06.144+0000] {processor.py:183} INFO - Processing /home/airflow/.local/lib/python3.12/site-packages/airflow/example_dags/example_time_delta_sensor_async.py took 0.176 seconds
[2024-07-14T16:46:37.072+0000] {processor.py:161} INFO - Started process (PID=1467) to work on /home/airflow/.local/lib/python3.12/site-packages/airflow/example_dags/example_time_delta_sensor_async.py
[2024-07-14T16:46:37.084+0000] {processor.py:830} INFO - Processing file /home/airflow/.local/lib/python3.12/site-packages/airflow/example_dags/example_time_delta_sensor_async.py for tasks to queue
[2024-07-14T16:46:37.086+0000] {logging_mixin.py:188} INFO - [2024-07-14T16:46:37.085+0000] {dagbag.py:545} INFO - Filling up the DagBag from /home/airflow/.local/lib/python3.12/site-packages/airflow/example_dags/example_time_delta_sensor_async.py
[2024-07-14T16:46:37.094+0000] {processor.py:840} INFO - DAG(s) 'example_time_delta_sensor_async' retrieved from /home/airflow/.local/lib/python3.12/site-packages/airflow/example_dags/example_time_delta_sensor_async.py
[2024-07-14T16:46:37.138+0000] {logging_mixin.py:188} INFO - [2024-07-14T16:46:37.137+0000] {dag.py:3096} INFO - Sync 1 DAGs
[2024-07-14T16:46:37.159+0000] {logging_mixin.py:188} INFO - [2024-07-14T16:46:37.159+0000] {dag.py:3954} INFO - Setting next_dagrun for example_time_delta_sensor_async to None, run_after=None
[2024-07-14T16:46:37.194+0000] {processor.py:183} INFO - Processing /home/airflow/.local/lib/python3.12/site-packages/airflow/example_dags/example_time_delta_sensor_async.py took 0.134 seconds
[2024-07-14T16:47:07.661+0000] {processor.py:161} INFO - Started process (PID=1526) to work on /home/airflow/.local/lib/python3.12/site-packages/airflow/example_dags/example_time_delta_sensor_async.py
[2024-07-14T16:47:07.665+0000] {processor.py:830} INFO - Processing file /home/airflow/.local/lib/python3.12/site-packages/airflow/example_dags/example_time_delta_sensor_async.py for tasks to queue
[2024-07-14T16:47:07.669+0000] {logging_mixin.py:188} INFO - [2024-07-14T16:47:07.668+0000] {dagbag.py:545} INFO - Filling up the DagBag from /home/airflow/.local/lib/python3.12/site-packages/airflow/example_dags/example_time_delta_sensor_async.py
[2024-07-14T16:47:07.683+0000] {processor.py:840} INFO - DAG(s) 'example_time_delta_sensor_async' retrieved from /home/airflow/.local/lib/python3.12/site-packages/airflow/example_dags/example_time_delta_sensor_async.py
[2024-07-14T16:47:07.742+0000] {logging_mixin.py:188} INFO - [2024-07-14T16:47:07.741+0000] {dag.py:3096} INFO - Sync 1 DAGs
[2024-07-14T16:47:07.779+0000] {logging_mixin.py:188} INFO - [2024-07-14T16:47:07.779+0000] {dag.py:3954} INFO - Setting next_dagrun for example_time_delta_sensor_async to None, run_after=None
[2024-07-14T16:47:07.813+0000] {processor.py:183} INFO - Processing /home/airflow/.local/lib/python3.12/site-packages/airflow/example_dags/example_time_delta_sensor_async.py took 0.174 seconds
[2024-07-14T16:47:38.408+0000] {processor.py:161} INFO - Started process (PID=1585) to work on /home/airflow/.local/lib/python3.12/site-packages/airflow/example_dags/example_time_delta_sensor_async.py
[2024-07-14T16:47:38.410+0000] {processor.py:830} INFO - Processing file /home/airflow/.local/lib/python3.12/site-packages/airflow/example_dags/example_time_delta_sensor_async.py for tasks to queue
[2024-07-14T16:47:38.412+0000] {logging_mixin.py:188} INFO - [2024-07-14T16:47:38.411+0000] {dagbag.py:545} INFO - Filling up the DagBag from /home/airflow/.local/lib/python3.12/site-packages/airflow/example_dags/example_time_delta_sensor_async.py
[2024-07-14T16:47:38.423+0000] {processor.py:840} INFO - DAG(s) 'example_time_delta_sensor_async' retrieved from /home/airflow/.local/lib/python3.12/site-packages/airflow/example_dags/example_time_delta_sensor_async.py
[2024-07-14T16:47:38.464+0000] {logging_mixin.py:188} INFO - [2024-07-14T16:47:38.463+0000] {dag.py:3096} INFO - Sync 1 DAGs
[2024-07-14T16:47:38.497+0000] {logging_mixin.py:188} INFO - [2024-07-14T16:47:38.497+0000] {dag.py:3954} INFO - Setting next_dagrun for example_time_delta_sensor_async to None, run_after=None
[2024-07-14T16:47:38.537+0000] {processor.py:183} INFO - Processing /home/airflow/.local/lib/python3.12/site-packages/airflow/example_dags/example_time_delta_sensor_async.py took 0.140 seconds
[2024-07-14T16:48:08.776+0000] {processor.py:161} INFO - Started process (PID=1644) to work on /home/airflow/.local/lib/python3.12/site-packages/airflow/example_dags/example_time_delta_sensor_async.py
[2024-07-14T16:48:08.779+0000] {processor.py:830} INFO - Processing file /home/airflow/.local/lib/python3.12/site-packages/airflow/example_dags/example_time_delta_sensor_async.py for tasks to queue
[2024-07-14T16:48:08.782+0000] {logging_mixin.py:188} INFO - [2024-07-14T16:48:08.782+0000] {dagbag.py:545} INFO - Filling up the DagBag from /home/airflow/.local/lib/python3.12/site-packages/airflow/example_dags/example_time_delta_sensor_async.py
[2024-07-14T16:48:08.800+0000] {processor.py:840} INFO - DAG(s) 'example_time_delta_sensor_async' retrieved from /home/airflow/.local/lib/python3.12/site-packages/airflow/example_dags/example_time_delta_sensor_async.py
[2024-07-14T16:48:08.858+0000] {logging_mixin.py:188} INFO - [2024-07-14T16:48:08.858+0000] {dag.py:3096} INFO - Sync 1 DAGs
[2024-07-14T16:48:08.921+0000] {logging_mixin.py:188} INFO - [2024-07-14T16:48:08.920+0000] {dag.py:3954} INFO - Setting next_dagrun for example_time_delta_sensor_async to None, run_after=None
[2024-07-14T16:48:08.990+0000] {processor.py:183} INFO - Processing /home/airflow/.local/lib/python3.12/site-packages/airflow/example_dags/example_time_delta_sensor_async.py took 0.233 seconds
[2024-07-14T16:48:39.790+0000] {processor.py:161} INFO - Started process (PID=1703) to work on /home/airflow/.local/lib/python3.12/site-packages/airflow/example_dags/example_time_delta_sensor_async.py
[2024-07-14T16:48:39.792+0000] {processor.py:830} INFO - Processing file /home/airflow/.local/lib/python3.12/site-packages/airflow/example_dags/example_time_delta_sensor_async.py for tasks to queue
[2024-07-14T16:48:39.794+0000] {logging_mixin.py:188} INFO - [2024-07-14T16:48:39.793+0000] {dagbag.py:545} INFO - Filling up the DagBag from /home/airflow/.local/lib/python3.12/site-packages/airflow/example_dags/example_time_delta_sensor_async.py
[2024-07-14T16:48:39.800+0000] {processor.py:840} INFO - DAG(s) 'example_time_delta_sensor_async' retrieved from /home/airflow/.local/lib/python3.12/site-packages/airflow/example_dags/example_time_delta_sensor_async.py
[2024-07-14T16:48:39.840+0000] {logging_mixin.py:188} INFO - [2024-07-14T16:48:39.839+0000] {dag.py:3096} INFO - Sync 1 DAGs
[2024-07-14T16:48:39.863+0000] {logging_mixin.py:188} INFO - [2024-07-14T16:48:39.863+0000] {dag.py:3954} INFO - Setting next_dagrun for example_time_delta_sensor_async to None, run_after=None
[2024-07-14T16:48:39.901+0000] {processor.py:183} INFO - Processing /home/airflow/.local/lib/python3.12/site-packages/airflow/example_dags/example_time_delta_sensor_async.py took 0.120 seconds
[2024-07-14T16:49:10.015+0000] {processor.py:161} INFO - Started process (PID=1762) to work on /home/airflow/.local/lib/python3.12/site-packages/airflow/example_dags/example_time_delta_sensor_async.py
[2024-07-14T16:49:10.019+0000] {processor.py:830} INFO - Processing file /home/airflow/.local/lib/python3.12/site-packages/airflow/example_dags/example_time_delta_sensor_async.py for tasks to queue
[2024-07-14T16:49:10.038+0000] {logging_mixin.py:188} INFO - [2024-07-14T16:49:10.037+0000] {dagbag.py:545} INFO - Filling up the DagBag from /home/airflow/.local/lib/python3.12/site-packages/airflow/example_dags/example_time_delta_sensor_async.py
[2024-07-14T16:49:10.052+0000] {processor.py:840} INFO - DAG(s) 'example_time_delta_sensor_async' retrieved from /home/airflow/.local/lib/python3.12/site-packages/airflow/example_dags/example_time_delta_sensor_async.py
[2024-07-14T16:49:10.101+0000] {logging_mixin.py:188} INFO - [2024-07-14T16:49:10.101+0000] {dag.py:3096} INFO - Sync 1 DAGs
[2024-07-14T16:49:10.141+0000] {logging_mixin.py:188} INFO - [2024-07-14T16:49:10.141+0000] {dag.py:3954} INFO - Setting next_dagrun for example_time_delta_sensor_async to None, run_after=None
[2024-07-14T16:49:10.191+0000] {processor.py:183} INFO - Processing /home/airflow/.local/lib/python3.12/site-packages/airflow/example_dags/example_time_delta_sensor_async.py took 0.188 seconds
[2024-07-14T16:49:40.746+0000] {processor.py:161} INFO - Started process (PID=1821) to work on /home/airflow/.local/lib/python3.12/site-packages/airflow/example_dags/example_time_delta_sensor_async.py
[2024-07-14T16:49:40.750+0000] {processor.py:830} INFO - Processing file /home/airflow/.local/lib/python3.12/site-packages/airflow/example_dags/example_time_delta_sensor_async.py for tasks to queue
[2024-07-14T16:49:40.756+0000] {logging_mixin.py:188} INFO - [2024-07-14T16:49:40.753+0000] {dagbag.py:545} INFO - Filling up the DagBag from /home/airflow/.local/lib/python3.12/site-packages/airflow/example_dags/example_time_delta_sensor_async.py
[2024-07-14T16:49:40.769+0000] {processor.py:840} INFO - DAG(s) 'example_time_delta_sensor_async' retrieved from /home/airflow/.local/lib/python3.12/site-packages/airflow/example_dags/example_time_delta_sensor_async.py
[2024-07-14T16:49:40.816+0000] {logging_mixin.py:188} INFO - [2024-07-14T16:49:40.815+0000] {dag.py:3096} INFO - Sync 1 DAGs
[2024-07-14T16:49:40.845+0000] {logging_mixin.py:188} INFO - [2024-07-14T16:49:40.845+0000] {dag.py:3954} INFO - Setting next_dagrun for example_time_delta_sensor_async to None, run_after=None
[2024-07-14T16:49:40.897+0000] {processor.py:183} INFO - Processing /home/airflow/.local/lib/python3.12/site-packages/airflow/example_dags/example_time_delta_sensor_async.py took 0.167 seconds
[2024-07-14T16:50:13.212+0000] {processor.py:161} INFO - Started process (PID=1880) to work on /home/airflow/.local/lib/python3.12/site-packages/airflow/example_dags/example_time_delta_sensor_async.py
[2024-07-14T16:50:13.216+0000] {processor.py:830} INFO - Processing file /home/airflow/.local/lib/python3.12/site-packages/airflow/example_dags/example_time_delta_sensor_async.py for tasks to queue
[2024-07-14T16:50:13.218+0000] {logging_mixin.py:188} INFO - [2024-07-14T16:50:13.217+0000] {dagbag.py:545} INFO - Filling up the DagBag from /home/airflow/.local/lib/python3.12/site-packages/airflow/example_dags/example_time_delta_sensor_async.py
[2024-07-14T16:50:13.233+0000] {processor.py:840} INFO - DAG(s) 'example_time_delta_sensor_async' retrieved from /home/airflow/.local/lib/python3.12/site-packages/airflow/example_dags/example_time_delta_sensor_async.py
[2024-07-14T16:50:13.289+0000] {logging_mixin.py:188} INFO - [2024-07-14T16:50:13.289+0000] {dag.py:3096} INFO - Sync 1 DAGs
[2024-07-14T16:50:13.333+0000] {logging_mixin.py:188} INFO - [2024-07-14T16:50:13.333+0000] {dag.py:3954} INFO - Setting next_dagrun for example_time_delta_sensor_async to None, run_after=None
[2024-07-14T16:50:14.053+0000] {processor.py:183} INFO - Processing /home/airflow/.local/lib/python3.12/site-packages/airflow/example_dags/example_time_delta_sensor_async.py took 0.853 seconds
[2024-07-14T16:50:44.173+0000] {processor.py:161} INFO - Started process (PID=1938) to work on /home/airflow/.local/lib/python3.12/site-packages/airflow/example_dags/example_time_delta_sensor_async.py
[2024-07-14T16:50:44.175+0000] {processor.py:830} INFO - Processing file /home/airflow/.local/lib/python3.12/site-packages/airflow/example_dags/example_time_delta_sensor_async.py for tasks to queue
[2024-07-14T16:50:44.177+0000] {logging_mixin.py:188} INFO - [2024-07-14T16:50:44.176+0000] {dagbag.py:545} INFO - Filling up the DagBag from /home/airflow/.local/lib/python3.12/site-packages/airflow/example_dags/example_time_delta_sensor_async.py
[2024-07-14T16:50:44.185+0000] {processor.py:840} INFO - DAG(s) 'example_time_delta_sensor_async' retrieved from /home/airflow/.local/lib/python3.12/site-packages/airflow/example_dags/example_time_delta_sensor_async.py
[2024-07-14T16:50:44.217+0000] {logging_mixin.py:188} INFO - [2024-07-14T16:50:44.217+0000] {dag.py:3096} INFO - Sync 1 DAGs
[2024-07-14T16:50:44.241+0000] {logging_mixin.py:188} INFO - [2024-07-14T16:50:44.241+0000] {dag.py:3954} INFO - Setting next_dagrun for example_time_delta_sensor_async to None, run_after=None
[2024-07-14T16:50:44.277+0000] {processor.py:183} INFO - Processing /home/airflow/.local/lib/python3.12/site-packages/airflow/example_dags/example_time_delta_sensor_async.py took 0.116 seconds
[2024-07-14T16:51:14.532+0000] {processor.py:161} INFO - Started process (PID=1996) to work on /home/airflow/.local/lib/python3.12/site-packages/airflow/example_dags/example_time_delta_sensor_async.py
[2024-07-14T16:51:14.534+0000] {processor.py:830} INFO - Processing file /home/airflow/.local/lib/python3.12/site-packages/airflow/example_dags/example_time_delta_sensor_async.py for tasks to queue
[2024-07-14T16:51:14.536+0000] {logging_mixin.py:188} INFO - [2024-07-14T16:51:14.535+0000] {dagbag.py:545} INFO - Filling up the DagBag from /home/airflow/.local/lib/python3.12/site-packages/airflow/example_dags/example_time_delta_sensor_async.py
[2024-07-14T16:51:14.553+0000] {processor.py:840} INFO - DAG(s) 'example_time_delta_sensor_async' retrieved from /home/airflow/.local/lib/python3.12/site-packages/airflow/example_dags/example_time_delta_sensor_async.py
[2024-07-14T16:51:14.642+0000] {logging_mixin.py:188} INFO - [2024-07-14T16:51:14.642+0000] {dag.py:3096} INFO - Sync 1 DAGs
[2024-07-14T16:51:14.682+0000] {logging_mixin.py:188} INFO - [2024-07-14T16:51:14.681+0000] {dag.py:3954} INFO - Setting next_dagrun for example_time_delta_sensor_async to None, run_after=None
[2024-07-14T16:51:14.742+0000] {processor.py:183} INFO - Processing /home/airflow/.local/lib/python3.12/site-packages/airflow/example_dags/example_time_delta_sensor_async.py took 0.227 seconds
[2024-07-14T16:51:45.491+0000] {processor.py:161} INFO - Started process (PID=2055) to work on /home/airflow/.local/lib/python3.12/site-packages/airflow/example_dags/example_time_delta_sensor_async.py
[2024-07-14T16:51:45.492+0000] {processor.py:830} INFO - Processing file /home/airflow/.local/lib/python3.12/site-packages/airflow/example_dags/example_time_delta_sensor_async.py for tasks to queue
[2024-07-14T16:51:45.494+0000] {logging_mixin.py:188} INFO - [2024-07-14T16:51:45.493+0000] {dagbag.py:545} INFO - Filling up the DagBag from /home/airflow/.local/lib/python3.12/site-packages/airflow/example_dags/example_time_delta_sensor_async.py
[2024-07-14T16:51:45.501+0000] {processor.py:840} INFO - DAG(s) 'example_time_delta_sensor_async' retrieved from /home/airflow/.local/lib/python3.12/site-packages/airflow/example_dags/example_time_delta_sensor_async.py
[2024-07-14T16:51:45.549+0000] {logging_mixin.py:188} INFO - [2024-07-14T16:51:45.549+0000] {dag.py:3096} INFO - Sync 1 DAGs
[2024-07-14T16:51:45.579+0000] {logging_mixin.py:188} INFO - [2024-07-14T16:51:45.579+0000] {dag.py:3954} INFO - Setting next_dagrun for example_time_delta_sensor_async to None, run_after=None
[2024-07-14T16:51:45.613+0000] {processor.py:183} INFO - Processing /home/airflow/.local/lib/python3.12/site-packages/airflow/example_dags/example_time_delta_sensor_async.py took 0.133 seconds
[2024-07-14T16:55:44.225+0000] {processor.py:161} INFO - Started process (PID=68) to work on /home/airflow/.local/lib/python3.12/site-packages/airflow/example_dags/example_time_delta_sensor_async.py
[2024-07-14T16:55:44.264+0000] {processor.py:830} INFO - Processing file /home/airflow/.local/lib/python3.12/site-packages/airflow/example_dags/example_time_delta_sensor_async.py for tasks to queue
[2024-07-14T16:55:44.303+0000] {logging_mixin.py:188} INFO - [2024-07-14T16:55:44.299+0000] {dagbag.py:545} INFO - Filling up the DagBag from /home/airflow/.local/lib/python3.12/site-packages/airflow/example_dags/example_time_delta_sensor_async.py
[2024-07-14T16:55:44.676+0000] {processor.py:840} INFO - DAG(s) 'example_time_delta_sensor_async' retrieved from /home/airflow/.local/lib/python3.12/site-packages/airflow/example_dags/example_time_delta_sensor_async.py
[2024-07-14T16:55:46.606+0000] {logging_mixin.py:188} INFO - [2024-07-14T16:55:46.605+0000] {dag.py:3096} INFO - Sync 1 DAGs
[2024-07-14T16:55:46.789+0000] {logging_mixin.py:188} INFO - [2024-07-14T16:55:46.789+0000] {dag.py:3954} INFO - Setting next_dagrun for example_time_delta_sensor_async to None, run_after=None
[2024-07-14T16:55:47.151+0000] {processor.py:183} INFO - Processing /home/airflow/.local/lib/python3.12/site-packages/airflow/example_dags/example_time_delta_sensor_async.py took 3.117 seconds
[2024-07-14T16:56:29.987+0000] {processor.py:161} INFO - Started process (PID=127) to work on /home/airflow/.local/lib/python3.12/site-packages/airflow/example_dags/example_time_delta_sensor_async.py
[2024-07-14T16:56:30.010+0000] {processor.py:830} INFO - Processing file /home/airflow/.local/lib/python3.12/site-packages/airflow/example_dags/example_time_delta_sensor_async.py for tasks to queue
[2024-07-14T16:56:30.017+0000] {logging_mixin.py:188} INFO - [2024-07-14T16:56:30.016+0000] {dagbag.py:545} INFO - Filling up the DagBag from /home/airflow/.local/lib/python3.12/site-packages/airflow/example_dags/example_time_delta_sensor_async.py
[2024-07-14T16:56:30.026+0000] {processor.py:840} INFO - DAG(s) 'example_time_delta_sensor_async' retrieved from /home/airflow/.local/lib/python3.12/site-packages/airflow/example_dags/example_time_delta_sensor_async.py
[2024-07-14T16:56:30.085+0000] {logging_mixin.py:188} INFO - [2024-07-14T16:56:30.085+0000] {dag.py:3096} INFO - Sync 1 DAGs
[2024-07-14T16:56:30.128+0000] {logging_mixin.py:188} INFO - [2024-07-14T16:56:30.127+0000] {dag.py:3954} INFO - Setting next_dagrun for example_time_delta_sensor_async to None, run_after=None
[2024-07-14T16:56:30.186+0000] {processor.py:183} INFO - Processing /home/airflow/.local/lib/python3.12/site-packages/airflow/example_dags/example_time_delta_sensor_async.py took 0.216 seconds
