[2024-07-14T16:33:18.053+0000] {processor.py:161} INFO - Started process (PID=46) to work on /home/airflow/.local/lib/python3.12/site-packages/airflow/example_dags/example_sensor_decorator.py
[2024-07-14T16:33:18.059+0000] {processor.py:830} INFO - Processing file /home/airflow/.local/lib/python3.12/site-packages/airflow/example_dags/example_sensor_decorator.py for tasks to queue
[2024-07-14T16:33:18.087+0000] {logging_mixin.py:188} INFO - [2024-07-14T16:33:18.076+0000] {dagbag.py:545} INFO - Filling up the DagBag from /home/airflow/.local/lib/python3.12/site-packages/airflow/example_dags/example_sensor_decorator.py
[2024-07-14T16:33:18.163+0000] {processor.py:840} INFO - DAG(s) 'example_sensor_decorator' retrieved from /home/airflow/.local/lib/python3.12/site-packages/airflow/example_dags/example_sensor_decorator.py
[2024-07-14T16:33:19.352+0000] {logging_mixin.py:188} INFO - [2024-07-14T16:33:19.351+0000] {dag.py:3096} INFO - Sync 1 DAGs
[2024-07-14T16:33:19.438+0000] {logging_mixin.py:188} INFO - [2024-07-14T16:33:19.438+0000] {dag.py:3954} INFO - Setting next_dagrun for example_sensor_decorator to None, run_after=None
[2024-07-14T16:33:19.559+0000] {processor.py:183} INFO - Processing /home/airflow/.local/lib/python3.12/site-packages/airflow/example_dags/example_sensor_decorator.py took 1.587 seconds
[2024-07-14T16:33:49.998+0000] {processor.py:161} INFO - Started process (PID=104) to work on /home/airflow/.local/lib/python3.12/site-packages/airflow/example_dags/example_sensor_decorator.py
[2024-07-14T16:33:50.000+0000] {processor.py:830} INFO - Processing file /home/airflow/.local/lib/python3.12/site-packages/airflow/example_dags/example_sensor_decorator.py for tasks to queue
[2024-07-14T16:33:50.028+0000] {logging_mixin.py:188} INFO - [2024-07-14T16:33:50.026+0000] {dagbag.py:545} INFO - Filling up the DagBag from /home/airflow/.local/lib/python3.12/site-packages/airflow/example_dags/example_sensor_decorator.py
[2024-07-14T16:33:50.062+0000] {processor.py:840} INFO - DAG(s) 'example_sensor_decorator' retrieved from /home/airflow/.local/lib/python3.12/site-packages/airflow/example_dags/example_sensor_decorator.py
[2024-07-14T16:33:50.193+0000] {logging_mixin.py:188} INFO - [2024-07-14T16:33:50.193+0000] {dag.py:3096} INFO - Sync 1 DAGs
[2024-07-14T16:33:50.229+0000] {logging_mixin.py:188} INFO - [2024-07-14T16:33:50.229+0000] {dag.py:3954} INFO - Setting next_dagrun for example_sensor_decorator to None, run_after=None
[2024-07-14T16:33:50.284+0000] {processor.py:183} INFO - Processing /home/airflow/.local/lib/python3.12/site-packages/airflow/example_dags/example_sensor_decorator.py took 0.297 seconds
[2024-07-14T16:34:20.726+0000] {processor.py:161} INFO - Started process (PID=161) to work on /home/airflow/.local/lib/python3.12/site-packages/airflow/example_dags/example_sensor_decorator.py
[2024-07-14T16:34:20.728+0000] {processor.py:830} INFO - Processing file /home/airflow/.local/lib/python3.12/site-packages/airflow/example_dags/example_sensor_decorator.py for tasks to queue
[2024-07-14T16:34:20.731+0000] {logging_mixin.py:188} INFO - [2024-07-14T16:34:20.731+0000] {dagbag.py:545} INFO - Filling up the DagBag from /home/airflow/.local/lib/python3.12/site-packages/airflow/example_dags/example_sensor_decorator.py
[2024-07-14T16:34:20.741+0000] {processor.py:840} INFO - DAG(s) 'example_sensor_decorator' retrieved from /home/airflow/.local/lib/python3.12/site-packages/airflow/example_dags/example_sensor_decorator.py
[2024-07-14T16:34:20.784+0000] {logging_mixin.py:188} INFO - [2024-07-14T16:34:20.783+0000] {dag.py:3096} INFO - Sync 1 DAGs
[2024-07-14T16:34:20.804+0000] {logging_mixin.py:188} INFO - [2024-07-14T16:34:20.803+0000] {dag.py:3954} INFO - Setting next_dagrun for example_sensor_decorator to None, run_after=None
[2024-07-14T16:34:20.854+0000] {processor.py:183} INFO - Processing /home/airflow/.local/lib/python3.12/site-packages/airflow/example_dags/example_sensor_decorator.py took 0.147 seconds
[2024-07-14T16:34:51.794+0000] {processor.py:161} INFO - Started process (PID=219) to work on /home/airflow/.local/lib/python3.12/site-packages/airflow/example_dags/example_sensor_decorator.py
[2024-07-14T16:34:51.796+0000] {processor.py:830} INFO - Processing file /home/airflow/.local/lib/python3.12/site-packages/airflow/example_dags/example_sensor_decorator.py for tasks to queue
[2024-07-14T16:34:51.799+0000] {logging_mixin.py:188} INFO - [2024-07-14T16:34:51.799+0000] {dagbag.py:545} INFO - Filling up the DagBag from /home/airflow/.local/lib/python3.12/site-packages/airflow/example_dags/example_sensor_decorator.py
[2024-07-14T16:34:51.809+0000] {processor.py:840} INFO - DAG(s) 'example_sensor_decorator' retrieved from /home/airflow/.local/lib/python3.12/site-packages/airflow/example_dags/example_sensor_decorator.py
[2024-07-14T16:34:51.855+0000] {logging_mixin.py:188} INFO - [2024-07-14T16:34:51.855+0000] {dag.py:3096} INFO - Sync 1 DAGs
[2024-07-14T16:34:51.886+0000] {logging_mixin.py:188} INFO - [2024-07-14T16:34:51.886+0000] {dag.py:3954} INFO - Setting next_dagrun for example_sensor_decorator to None, run_after=None
[2024-07-14T16:34:51.935+0000] {processor.py:183} INFO - Processing /home/airflow/.local/lib/python3.12/site-packages/airflow/example_dags/example_sensor_decorator.py took 0.153 seconds
[2024-07-14T16:35:22.145+0000] {processor.py:161} INFO - Started process (PID=277) to work on /home/airflow/.local/lib/python3.12/site-packages/airflow/example_dags/example_sensor_decorator.py
[2024-07-14T16:35:22.147+0000] {processor.py:830} INFO - Processing file /home/airflow/.local/lib/python3.12/site-packages/airflow/example_dags/example_sensor_decorator.py for tasks to queue
[2024-07-14T16:35:22.151+0000] {logging_mixin.py:188} INFO - [2024-07-14T16:35:22.150+0000] {dagbag.py:545} INFO - Filling up the DagBag from /home/airflow/.local/lib/python3.12/site-packages/airflow/example_dags/example_sensor_decorator.py
[2024-07-14T16:35:22.167+0000] {processor.py:840} INFO - DAG(s) 'example_sensor_decorator' retrieved from /home/airflow/.local/lib/python3.12/site-packages/airflow/example_dags/example_sensor_decorator.py
[2024-07-14T16:35:22.245+0000] {logging_mixin.py:188} INFO - [2024-07-14T16:35:22.245+0000] {dag.py:3096} INFO - Sync 1 DAGs
[2024-07-14T16:35:22.294+0000] {logging_mixin.py:188} INFO - [2024-07-14T16:35:22.294+0000] {dag.py:3954} INFO - Setting next_dagrun for example_sensor_decorator to None, run_after=None
[2024-07-14T16:35:22.348+0000] {processor.py:183} INFO - Processing /home/airflow/.local/lib/python3.12/site-packages/airflow/example_dags/example_sensor_decorator.py took 0.217 seconds
[2024-07-14T16:35:52.739+0000] {processor.py:161} INFO - Started process (PID=335) to work on /home/airflow/.local/lib/python3.12/site-packages/airflow/example_dags/example_sensor_decorator.py
[2024-07-14T16:35:52.741+0000] {processor.py:830} INFO - Processing file /home/airflow/.local/lib/python3.12/site-packages/airflow/example_dags/example_sensor_decorator.py for tasks to queue
[2024-07-14T16:35:52.743+0000] {logging_mixin.py:188} INFO - [2024-07-14T16:35:52.743+0000] {dagbag.py:545} INFO - Filling up the DagBag from /home/airflow/.local/lib/python3.12/site-packages/airflow/example_dags/example_sensor_decorator.py
[2024-07-14T16:35:52.752+0000] {processor.py:840} INFO - DAG(s) 'example_sensor_decorator' retrieved from /home/airflow/.local/lib/python3.12/site-packages/airflow/example_dags/example_sensor_decorator.py
[2024-07-14T16:35:52.793+0000] {logging_mixin.py:188} INFO - [2024-07-14T16:35:52.792+0000] {dag.py:3096} INFO - Sync 1 DAGs
[2024-07-14T16:35:52.828+0000] {logging_mixin.py:188} INFO - [2024-07-14T16:35:52.827+0000] {dag.py:3954} INFO - Setting next_dagrun for example_sensor_decorator to None, run_after=None
[2024-07-14T16:35:52.886+0000] {processor.py:183} INFO - Processing /home/airflow/.local/lib/python3.12/site-packages/airflow/example_dags/example_sensor_decorator.py took 0.156 seconds
[2024-07-14T16:36:23.389+0000] {processor.py:161} INFO - Started process (PID=393) to work on /home/airflow/.local/lib/python3.12/site-packages/airflow/example_dags/example_sensor_decorator.py
[2024-07-14T16:36:23.391+0000] {processor.py:830} INFO - Processing file /home/airflow/.local/lib/python3.12/site-packages/airflow/example_dags/example_sensor_decorator.py for tasks to queue
[2024-07-14T16:36:23.394+0000] {logging_mixin.py:188} INFO - [2024-07-14T16:36:23.394+0000] {dagbag.py:545} INFO - Filling up the DagBag from /home/airflow/.local/lib/python3.12/site-packages/airflow/example_dags/example_sensor_decorator.py
[2024-07-14T16:36:23.405+0000] {processor.py:840} INFO - DAG(s) 'example_sensor_decorator' retrieved from /home/airflow/.local/lib/python3.12/site-packages/airflow/example_dags/example_sensor_decorator.py
[2024-07-14T16:36:23.450+0000] {logging_mixin.py:188} INFO - [2024-07-14T16:36:23.450+0000] {dag.py:3096} INFO - Sync 1 DAGs
[2024-07-14T16:36:23.479+0000] {logging_mixin.py:188} INFO - [2024-07-14T16:36:23.479+0000] {dag.py:3954} INFO - Setting next_dagrun for example_sensor_decorator to None, run_after=None
[2024-07-14T16:36:23.511+0000] {processor.py:183} INFO - Processing /home/airflow/.local/lib/python3.12/site-packages/airflow/example_dags/example_sensor_decorator.py took 0.132 seconds
[2024-07-14T16:36:54.139+0000] {processor.py:161} INFO - Started process (PID=449) to work on /home/airflow/.local/lib/python3.12/site-packages/airflow/example_dags/example_sensor_decorator.py
[2024-07-14T16:36:54.141+0000] {processor.py:830} INFO - Processing file /home/airflow/.local/lib/python3.12/site-packages/airflow/example_dags/example_sensor_decorator.py for tasks to queue
[2024-07-14T16:36:54.145+0000] {logging_mixin.py:188} INFO - [2024-07-14T16:36:54.145+0000] {dagbag.py:545} INFO - Filling up the DagBag from /home/airflow/.local/lib/python3.12/site-packages/airflow/example_dags/example_sensor_decorator.py
[2024-07-14T16:36:54.158+0000] {processor.py:840} INFO - DAG(s) 'example_sensor_decorator' retrieved from /home/airflow/.local/lib/python3.12/site-packages/airflow/example_dags/example_sensor_decorator.py
[2024-07-14T16:36:54.202+0000] {logging_mixin.py:188} INFO - [2024-07-14T16:36:54.202+0000] {dag.py:3096} INFO - Sync 1 DAGs
[2024-07-14T16:36:54.230+0000] {logging_mixin.py:188} INFO - [2024-07-14T16:36:54.230+0000] {dag.py:3954} INFO - Setting next_dagrun for example_sensor_decorator to None, run_after=None
[2024-07-14T16:36:54.287+0000] {processor.py:183} INFO - Processing /home/airflow/.local/lib/python3.12/site-packages/airflow/example_dags/example_sensor_decorator.py took 0.157 seconds
[2024-07-14T16:37:25.616+0000] {processor.py:161} INFO - Started process (PID=506) to work on /home/airflow/.local/lib/python3.12/site-packages/airflow/example_dags/example_sensor_decorator.py
[2024-07-14T16:37:25.630+0000] {processor.py:830} INFO - Processing file /home/airflow/.local/lib/python3.12/site-packages/airflow/example_dags/example_sensor_decorator.py for tasks to queue
[2024-07-14T16:37:25.649+0000] {logging_mixin.py:188} INFO - [2024-07-14T16:37:25.648+0000] {dagbag.py:545} INFO - Filling up the DagBag from /home/airflow/.local/lib/python3.12/site-packages/airflow/example_dags/example_sensor_decorator.py
[2024-07-14T16:37:25.668+0000] {processor.py:840} INFO - DAG(s) 'example_sensor_decorator' retrieved from /home/airflow/.local/lib/python3.12/site-packages/airflow/example_dags/example_sensor_decorator.py
[2024-07-14T16:37:25.991+0000] {logging_mixin.py:188} INFO - [2024-07-14T16:37:25.990+0000] {dag.py:3096} INFO - Sync 1 DAGs
[2024-07-14T16:37:26.155+0000] {logging_mixin.py:188} INFO - [2024-07-14T16:37:26.154+0000] {dag.py:3954} INFO - Setting next_dagrun for example_sensor_decorator to None, run_after=None
[2024-07-14T16:37:26.628+0000] {processor.py:183} INFO - Processing /home/airflow/.local/lib/python3.12/site-packages/airflow/example_dags/example_sensor_decorator.py took 1.021 seconds
[2024-07-14T16:38:07.962+0000] {processor.py:161} INFO - Started process (PID=564) to work on /home/airflow/.local/lib/python3.12/site-packages/airflow/example_dags/example_sensor_decorator.py
[2024-07-14T16:38:08.255+0000] {processor.py:830} INFO - Processing file /home/airflow/.local/lib/python3.12/site-packages/airflow/example_dags/example_sensor_decorator.py for tasks to queue
[2024-07-14T16:38:08.365+0000] {logging_mixin.py:188} INFO - [2024-07-14T16:38:08.357+0000] {dagbag.py:545} INFO - Filling up the DagBag from /home/airflow/.local/lib/python3.12/site-packages/airflow/example_dags/example_sensor_decorator.py
[2024-07-14T16:38:08.640+0000] {processor.py:840} INFO - DAG(s) 'example_sensor_decorator' retrieved from /home/airflow/.local/lib/python3.12/site-packages/airflow/example_dags/example_sensor_decorator.py
[2024-07-14T16:38:10.455+0000] {logging_mixin.py:188} INFO - [2024-07-14T16:38:10.069+0000] {dag.py:3096} INFO - Sync 1 DAGs
[2024-07-14T16:38:11.913+0000] {logging_mixin.py:188} INFO - [2024-07-14T16:38:11.741+0000] {dag.py:3954} INFO - Setting next_dagrun for example_sensor_decorator to None, run_after=None
[2024-07-14T16:38:16.178+0000] {processor.py:183} INFO - Processing /home/airflow/.local/lib/python3.12/site-packages/airflow/example_dags/example_sensor_decorator.py took 8.465 seconds
[2024-07-14T16:39:21.190+0000] {processor.py:161} INFO - Started process (PID=632) to work on /home/airflow/.local/lib/python3.12/site-packages/airflow/example_dags/example_sensor_decorator.py
[2024-07-14T16:39:21.193+0000] {processor.py:830} INFO - Processing file /home/airflow/.local/lib/python3.12/site-packages/airflow/example_dags/example_sensor_decorator.py for tasks to queue
[2024-07-14T16:39:21.198+0000] {logging_mixin.py:188} INFO - [2024-07-14T16:39:21.197+0000] {dagbag.py:545} INFO - Filling up the DagBag from /home/airflow/.local/lib/python3.12/site-packages/airflow/example_dags/example_sensor_decorator.py
[2024-07-14T16:39:21.222+0000] {processor.py:840} INFO - DAG(s) 'example_sensor_decorator' retrieved from /home/airflow/.local/lib/python3.12/site-packages/airflow/example_dags/example_sensor_decorator.py
[2024-07-14T16:39:21.296+0000] {logging_mixin.py:188} INFO - [2024-07-14T16:39:21.295+0000] {dag.py:3096} INFO - Sync 1 DAGs
[2024-07-14T16:39:21.347+0000] {logging_mixin.py:188} INFO - [2024-07-14T16:39:21.346+0000] {dag.py:3954} INFO - Setting next_dagrun for example_sensor_decorator to None, run_after=None
[2024-07-14T16:39:21.451+0000] {processor.py:183} INFO - Processing /home/airflow/.local/lib/python3.12/site-packages/airflow/example_dags/example_sensor_decorator.py took 0.285 seconds
[2024-07-14T16:39:51.941+0000] {processor.py:161} INFO - Started process (PID=691) to work on /home/airflow/.local/lib/python3.12/site-packages/airflow/example_dags/example_sensor_decorator.py
[2024-07-14T16:39:52.330+0000] {processor.py:830} INFO - Processing file /home/airflow/.local/lib/python3.12/site-packages/airflow/example_dags/example_sensor_decorator.py for tasks to queue
[2024-07-14T16:39:52.403+0000] {logging_mixin.py:188} INFO - [2024-07-14T16:39:52.341+0000] {dagbag.py:545} INFO - Filling up the DagBag from /home/airflow/.local/lib/python3.12/site-packages/airflow/example_dags/example_sensor_decorator.py
[2024-07-14T16:39:52.670+0000] {processor.py:840} INFO - DAG(s) 'example_sensor_decorator' retrieved from /home/airflow/.local/lib/python3.12/site-packages/airflow/example_dags/example_sensor_decorator.py
[2024-07-14T16:39:53.015+0000] {logging_mixin.py:188} INFO - [2024-07-14T16:39:53.014+0000] {dag.py:3096} INFO - Sync 1 DAGs
[2024-07-14T16:39:53.282+0000] {logging_mixin.py:188} INFO - [2024-07-14T16:39:53.281+0000] {dag.py:3954} INFO - Setting next_dagrun for example_sensor_decorator to None, run_after=None
[2024-07-14T16:39:53.457+0000] {processor.py:183} INFO - Processing /home/airflow/.local/lib/python3.12/site-packages/airflow/example_dags/example_sensor_decorator.py took 1.526 seconds
[2024-07-14T16:40:23.860+0000] {processor.py:161} INFO - Started process (PID=756) to work on /home/airflow/.local/lib/python3.12/site-packages/airflow/example_dags/example_sensor_decorator.py
[2024-07-14T16:40:23.878+0000] {processor.py:830} INFO - Processing file /home/airflow/.local/lib/python3.12/site-packages/airflow/example_dags/example_sensor_decorator.py for tasks to queue
[2024-07-14T16:40:23.881+0000] {logging_mixin.py:188} INFO - [2024-07-14T16:40:23.880+0000] {dagbag.py:545} INFO - Filling up the DagBag from /home/airflow/.local/lib/python3.12/site-packages/airflow/example_dags/example_sensor_decorator.py
[2024-07-14T16:40:23.893+0000] {processor.py:840} INFO - DAG(s) 'example_sensor_decorator' retrieved from /home/airflow/.local/lib/python3.12/site-packages/airflow/example_dags/example_sensor_decorator.py
[2024-07-14T16:40:23.938+0000] {logging_mixin.py:188} INFO - [2024-07-14T16:40:23.938+0000] {dag.py:3096} INFO - Sync 1 DAGs
[2024-07-14T16:40:23.958+0000] {logging_mixin.py:188} INFO - [2024-07-14T16:40:23.958+0000] {dag.py:3954} INFO - Setting next_dagrun for example_sensor_decorator to None, run_after=None
[2024-07-14T16:40:24.055+0000] {processor.py:183} INFO - Processing /home/airflow/.local/lib/python3.12/site-packages/airflow/example_dags/example_sensor_decorator.py took 0.205 seconds
[2024-07-14T16:40:54.273+0000] {processor.py:161} INFO - Started process (PID=814) to work on /home/airflow/.local/lib/python3.12/site-packages/airflow/example_dags/example_sensor_decorator.py
[2024-07-14T16:40:54.282+0000] {processor.py:830} INFO - Processing file /home/airflow/.local/lib/python3.12/site-packages/airflow/example_dags/example_sensor_decorator.py for tasks to queue
[2024-07-14T16:40:54.285+0000] {logging_mixin.py:188} INFO - [2024-07-14T16:40:54.284+0000] {dagbag.py:545} INFO - Filling up the DagBag from /home/airflow/.local/lib/python3.12/site-packages/airflow/example_dags/example_sensor_decorator.py
[2024-07-14T16:40:54.307+0000] {processor.py:840} INFO - DAG(s) 'example_sensor_decorator' retrieved from /home/airflow/.local/lib/python3.12/site-packages/airflow/example_dags/example_sensor_decorator.py
[2024-07-14T16:40:54.387+0000] {logging_mixin.py:188} INFO - [2024-07-14T16:40:54.387+0000] {dag.py:3096} INFO - Sync 1 DAGs
[2024-07-14T16:40:54.410+0000] {logging_mixin.py:188} INFO - [2024-07-14T16:40:54.410+0000] {dag.py:3954} INFO - Setting next_dagrun for example_sensor_decorator to None, run_after=None
[2024-07-14T16:40:54.457+0000] {processor.py:183} INFO - Processing /home/airflow/.local/lib/python3.12/site-packages/airflow/example_dags/example_sensor_decorator.py took 0.220 seconds
[2024-07-14T16:41:24.810+0000] {processor.py:161} INFO - Started process (PID=873) to work on /home/airflow/.local/lib/python3.12/site-packages/airflow/example_dags/example_sensor_decorator.py
[2024-07-14T16:41:24.828+0000] {processor.py:830} INFO - Processing file /home/airflow/.local/lib/python3.12/site-packages/airflow/example_dags/example_sensor_decorator.py for tasks to queue
[2024-07-14T16:41:24.830+0000] {logging_mixin.py:188} INFO - [2024-07-14T16:41:24.829+0000] {dagbag.py:545} INFO - Filling up the DagBag from /home/airflow/.local/lib/python3.12/site-packages/airflow/example_dags/example_sensor_decorator.py
[2024-07-14T16:41:24.844+0000] {processor.py:840} INFO - DAG(s) 'example_sensor_decorator' retrieved from /home/airflow/.local/lib/python3.12/site-packages/airflow/example_dags/example_sensor_decorator.py
[2024-07-14T16:41:24.906+0000] {logging_mixin.py:188} INFO - [2024-07-14T16:41:24.906+0000] {dag.py:3096} INFO - Sync 1 DAGs
[2024-07-14T16:41:24.958+0000] {logging_mixin.py:188} INFO - [2024-07-14T16:41:24.958+0000] {dag.py:3954} INFO - Setting next_dagrun for example_sensor_decorator to None, run_after=None
[2024-07-14T16:41:25.106+0000] {processor.py:183} INFO - Processing /home/airflow/.local/lib/python3.12/site-packages/airflow/example_dags/example_sensor_decorator.py took 0.313 seconds
[2024-07-14T16:41:55.855+0000] {processor.py:161} INFO - Started process (PID=932) to work on /home/airflow/.local/lib/python3.12/site-packages/airflow/example_dags/example_sensor_decorator.py
[2024-07-14T16:41:55.858+0000] {processor.py:830} INFO - Processing file /home/airflow/.local/lib/python3.12/site-packages/airflow/example_dags/example_sensor_decorator.py for tasks to queue
[2024-07-14T16:41:55.861+0000] {logging_mixin.py:188} INFO - [2024-07-14T16:41:55.860+0000] {dagbag.py:545} INFO - Filling up the DagBag from /home/airflow/.local/lib/python3.12/site-packages/airflow/example_dags/example_sensor_decorator.py
[2024-07-14T16:41:55.887+0000] {processor.py:840} INFO - DAG(s) 'example_sensor_decorator' retrieved from /home/airflow/.local/lib/python3.12/site-packages/airflow/example_dags/example_sensor_decorator.py
[2024-07-14T16:41:55.936+0000] {logging_mixin.py:188} INFO - [2024-07-14T16:41:55.935+0000] {dag.py:3096} INFO - Sync 1 DAGs
[2024-07-14T16:41:55.969+0000] {logging_mixin.py:188} INFO - [2024-07-14T16:41:55.969+0000] {dag.py:3954} INFO - Setting next_dagrun for example_sensor_decorator to None, run_after=None
[2024-07-14T16:41:56.012+0000] {processor.py:183} INFO - Processing /home/airflow/.local/lib/python3.12/site-packages/airflow/example_dags/example_sensor_decorator.py took 0.166 seconds
[2024-07-14T16:42:26.488+0000] {processor.py:161} INFO - Started process (PID=990) to work on /home/airflow/.local/lib/python3.12/site-packages/airflow/example_dags/example_sensor_decorator.py
[2024-07-14T16:42:26.493+0000] {processor.py:830} INFO - Processing file /home/airflow/.local/lib/python3.12/site-packages/airflow/example_dags/example_sensor_decorator.py for tasks to queue
[2024-07-14T16:42:26.495+0000] {logging_mixin.py:188} INFO - [2024-07-14T16:42:26.494+0000] {dagbag.py:545} INFO - Filling up the DagBag from /home/airflow/.local/lib/python3.12/site-packages/airflow/example_dags/example_sensor_decorator.py
[2024-07-14T16:42:26.508+0000] {processor.py:840} INFO - DAG(s) 'example_sensor_decorator' retrieved from /home/airflow/.local/lib/python3.12/site-packages/airflow/example_dags/example_sensor_decorator.py
[2024-07-14T16:42:26.569+0000] {logging_mixin.py:188} INFO - [2024-07-14T16:42:26.568+0000] {dag.py:3096} INFO - Sync 1 DAGs
[2024-07-14T16:42:26.599+0000] {logging_mixin.py:188} INFO - [2024-07-14T16:42:26.599+0000] {dag.py:3954} INFO - Setting next_dagrun for example_sensor_decorator to None, run_after=None
[2024-07-14T16:42:26.679+0000] {processor.py:183} INFO - Processing /home/airflow/.local/lib/python3.12/site-packages/airflow/example_dags/example_sensor_decorator.py took 0.204 seconds
[2024-07-14T16:42:57.939+0000] {processor.py:161} INFO - Started process (PID=1049) to work on /home/airflow/.local/lib/python3.12/site-packages/airflow/example_dags/example_sensor_decorator.py
[2024-07-14T16:42:57.942+0000] {processor.py:830} INFO - Processing file /home/airflow/.local/lib/python3.12/site-packages/airflow/example_dags/example_sensor_decorator.py for tasks to queue
[2024-07-14T16:42:57.944+0000] {logging_mixin.py:188} INFO - [2024-07-14T16:42:57.944+0000] {dagbag.py:545} INFO - Filling up the DagBag from /home/airflow/.local/lib/python3.12/site-packages/airflow/example_dags/example_sensor_decorator.py
[2024-07-14T16:42:58.007+0000] {processor.py:840} INFO - DAG(s) 'example_sensor_decorator' retrieved from /home/airflow/.local/lib/python3.12/site-packages/airflow/example_dags/example_sensor_decorator.py
[2024-07-14T16:42:58.208+0000] {logging_mixin.py:188} INFO - [2024-07-14T16:42:58.207+0000] {dag.py:3096} INFO - Sync 1 DAGs
[2024-07-14T16:42:58.246+0000] {logging_mixin.py:188} INFO - [2024-07-14T16:42:58.245+0000] {dag.py:3954} INFO - Setting next_dagrun for example_sensor_decorator to None, run_after=None
[2024-07-14T16:42:58.305+0000] {processor.py:183} INFO - Processing /home/airflow/.local/lib/python3.12/site-packages/airflow/example_dags/example_sensor_decorator.py took 0.396 seconds
[2024-07-14T16:43:28.379+0000] {processor.py:161} INFO - Started process (PID=1107) to work on /home/airflow/.local/lib/python3.12/site-packages/airflow/example_dags/example_sensor_decorator.py
[2024-07-14T16:43:28.381+0000] {processor.py:830} INFO - Processing file /home/airflow/.local/lib/python3.12/site-packages/airflow/example_dags/example_sensor_decorator.py for tasks to queue
[2024-07-14T16:43:28.384+0000] {logging_mixin.py:188} INFO - [2024-07-14T16:43:28.383+0000] {dagbag.py:545} INFO - Filling up the DagBag from /home/airflow/.local/lib/python3.12/site-packages/airflow/example_dags/example_sensor_decorator.py
[2024-07-14T16:43:28.395+0000] {processor.py:840} INFO - DAG(s) 'example_sensor_decorator' retrieved from /home/airflow/.local/lib/python3.12/site-packages/airflow/example_dags/example_sensor_decorator.py
[2024-07-14T16:43:28.447+0000] {logging_mixin.py:188} INFO - [2024-07-14T16:43:28.447+0000] {dag.py:3096} INFO - Sync 1 DAGs
[2024-07-14T16:43:28.482+0000] {logging_mixin.py:188} INFO - [2024-07-14T16:43:28.482+0000] {dag.py:3954} INFO - Setting next_dagrun for example_sensor_decorator to None, run_after=None
[2024-07-14T16:43:28.535+0000] {processor.py:183} INFO - Processing /home/airflow/.local/lib/python3.12/site-packages/airflow/example_dags/example_sensor_decorator.py took 0.180 seconds
[2024-07-14T16:43:58.763+0000] {processor.py:161} INFO - Started process (PID=1164) to work on /home/airflow/.local/lib/python3.12/site-packages/airflow/example_dags/example_sensor_decorator.py
[2024-07-14T16:43:58.777+0000] {processor.py:830} INFO - Processing file /home/airflow/.local/lib/python3.12/site-packages/airflow/example_dags/example_sensor_decorator.py for tasks to queue
[2024-07-14T16:43:58.780+0000] {logging_mixin.py:188} INFO - [2024-07-14T16:43:58.778+0000] {dagbag.py:545} INFO - Filling up the DagBag from /home/airflow/.local/lib/python3.12/site-packages/airflow/example_dags/example_sensor_decorator.py
[2024-07-14T16:43:58.793+0000] {processor.py:840} INFO - DAG(s) 'example_sensor_decorator' retrieved from /home/airflow/.local/lib/python3.12/site-packages/airflow/example_dags/example_sensor_decorator.py
[2024-07-14T16:43:58.842+0000] {logging_mixin.py:188} INFO - [2024-07-14T16:43:58.842+0000] {dag.py:3096} INFO - Sync 1 DAGs
[2024-07-14T16:43:58.894+0000] {logging_mixin.py:188} INFO - [2024-07-14T16:43:58.892+0000] {dag.py:3954} INFO - Setting next_dagrun for example_sensor_decorator to None, run_after=None
[2024-07-14T16:43:58.952+0000] {processor.py:183} INFO - Processing /home/airflow/.local/lib/python3.12/site-packages/airflow/example_dags/example_sensor_decorator.py took 0.222 seconds
[2024-07-14T16:44:29.138+0000] {processor.py:161} INFO - Started process (PID=1223) to work on /home/airflow/.local/lib/python3.12/site-packages/airflow/example_dags/example_sensor_decorator.py
[2024-07-14T16:44:29.141+0000] {processor.py:830} INFO - Processing file /home/airflow/.local/lib/python3.12/site-packages/airflow/example_dags/example_sensor_decorator.py for tasks to queue
[2024-07-14T16:44:29.142+0000] {logging_mixin.py:188} INFO - [2024-07-14T16:44:29.142+0000] {dagbag.py:545} INFO - Filling up the DagBag from /home/airflow/.local/lib/python3.12/site-packages/airflow/example_dags/example_sensor_decorator.py
[2024-07-14T16:44:29.153+0000] {processor.py:840} INFO - DAG(s) 'example_sensor_decorator' retrieved from /home/airflow/.local/lib/python3.12/site-packages/airflow/example_dags/example_sensor_decorator.py
[2024-07-14T16:44:29.210+0000] {logging_mixin.py:188} INFO - [2024-07-14T16:44:29.210+0000] {dag.py:3096} INFO - Sync 1 DAGs
[2024-07-14T16:44:29.257+0000] {logging_mixin.py:188} INFO - [2024-07-14T16:44:29.257+0000] {dag.py:3954} INFO - Setting next_dagrun for example_sensor_decorator to None, run_after=None
[2024-07-14T16:44:29.347+0000] {processor.py:183} INFO - Processing /home/airflow/.local/lib/python3.12/site-packages/airflow/example_dags/example_sensor_decorator.py took 0.220 seconds
[2024-07-14T16:44:59.753+0000] {processor.py:161} INFO - Started process (PID=1279) to work on /home/airflow/.local/lib/python3.12/site-packages/airflow/example_dags/example_sensor_decorator.py
[2024-07-14T16:44:59.755+0000] {processor.py:830} INFO - Processing file /home/airflow/.local/lib/python3.12/site-packages/airflow/example_dags/example_sensor_decorator.py for tasks to queue
[2024-07-14T16:44:59.757+0000] {logging_mixin.py:188} INFO - [2024-07-14T16:44:59.756+0000] {dagbag.py:545} INFO - Filling up the DagBag from /home/airflow/.local/lib/python3.12/site-packages/airflow/example_dags/example_sensor_decorator.py
[2024-07-14T16:44:59.768+0000] {processor.py:840} INFO - DAG(s) 'example_sensor_decorator' retrieved from /home/airflow/.local/lib/python3.12/site-packages/airflow/example_dags/example_sensor_decorator.py
[2024-07-14T16:44:59.840+0000] {logging_mixin.py:188} INFO - [2024-07-14T16:44:59.840+0000] {dag.py:3096} INFO - Sync 1 DAGs
[2024-07-14T16:44:59.863+0000] {logging_mixin.py:188} INFO - [2024-07-14T16:44:59.862+0000] {dag.py:3954} INFO - Setting next_dagrun for example_sensor_decorator to None, run_after=None
[2024-07-14T16:44:59.906+0000] {processor.py:183} INFO - Processing /home/airflow/.local/lib/python3.12/site-packages/airflow/example_dags/example_sensor_decorator.py took 0.165 seconds
[2024-07-14T16:45:30.152+0000] {processor.py:161} INFO - Started process (PID=1334) to work on /home/airflow/.local/lib/python3.12/site-packages/airflow/example_dags/example_sensor_decorator.py
[2024-07-14T16:45:30.153+0000] {processor.py:830} INFO - Processing file /home/airflow/.local/lib/python3.12/site-packages/airflow/example_dags/example_sensor_decorator.py for tasks to queue
[2024-07-14T16:45:30.155+0000] {logging_mixin.py:188} INFO - [2024-07-14T16:45:30.155+0000] {dagbag.py:545} INFO - Filling up the DagBag from /home/airflow/.local/lib/python3.12/site-packages/airflow/example_dags/example_sensor_decorator.py
[2024-07-14T16:45:30.165+0000] {processor.py:840} INFO - DAG(s) 'example_sensor_decorator' retrieved from /home/airflow/.local/lib/python3.12/site-packages/airflow/example_dags/example_sensor_decorator.py
[2024-07-14T16:45:30.202+0000] {logging_mixin.py:188} INFO - [2024-07-14T16:45:30.202+0000] {dag.py:3096} INFO - Sync 1 DAGs
[2024-07-14T16:45:30.238+0000] {logging_mixin.py:188} INFO - [2024-07-14T16:45:30.237+0000] {dag.py:3954} INFO - Setting next_dagrun for example_sensor_decorator to None, run_after=None
[2024-07-14T16:45:30.288+0000] {processor.py:183} INFO - Processing /home/airflow/.local/lib/python3.12/site-packages/airflow/example_dags/example_sensor_decorator.py took 0.146 seconds
[2024-07-14T16:46:00.638+0000] {processor.py:161} INFO - Started process (PID=1393) to work on /home/airflow/.local/lib/python3.12/site-packages/airflow/example_dags/example_sensor_decorator.py
[2024-07-14T16:46:00.642+0000] {processor.py:830} INFO - Processing file /home/airflow/.local/lib/python3.12/site-packages/airflow/example_dags/example_sensor_decorator.py for tasks to queue
[2024-07-14T16:46:00.643+0000] {logging_mixin.py:188} INFO - [2024-07-14T16:46:00.643+0000] {dagbag.py:545} INFO - Filling up the DagBag from /home/airflow/.local/lib/python3.12/site-packages/airflow/example_dags/example_sensor_decorator.py
[2024-07-14T16:46:00.656+0000] {processor.py:840} INFO - DAG(s) 'example_sensor_decorator' retrieved from /home/airflow/.local/lib/python3.12/site-packages/airflow/example_dags/example_sensor_decorator.py
[2024-07-14T16:46:00.707+0000] {logging_mixin.py:188} INFO - [2024-07-14T16:46:00.706+0000] {dag.py:3096} INFO - Sync 1 DAGs
[2024-07-14T16:46:00.744+0000] {logging_mixin.py:188} INFO - [2024-07-14T16:46:00.743+0000] {dag.py:3954} INFO - Setting next_dagrun for example_sensor_decorator to None, run_after=None
[2024-07-14T16:46:00.796+0000] {processor.py:183} INFO - Processing /home/airflow/.local/lib/python3.12/site-packages/airflow/example_dags/example_sensor_decorator.py took 0.176 seconds
[2024-07-14T16:46:30.992+0000] {processor.py:161} INFO - Started process (PID=1452) to work on /home/airflow/.local/lib/python3.12/site-packages/airflow/example_dags/example_sensor_decorator.py
[2024-07-14T16:46:31.002+0000] {processor.py:830} INFO - Processing file /home/airflow/.local/lib/python3.12/site-packages/airflow/example_dags/example_sensor_decorator.py for tasks to queue
[2024-07-14T16:46:31.005+0000] {logging_mixin.py:188} INFO - [2024-07-14T16:46:31.004+0000] {dagbag.py:545} INFO - Filling up the DagBag from /home/airflow/.local/lib/python3.12/site-packages/airflow/example_dags/example_sensor_decorator.py
[2024-07-14T16:46:31.027+0000] {processor.py:840} INFO - DAG(s) 'example_sensor_decorator' retrieved from /home/airflow/.local/lib/python3.12/site-packages/airflow/example_dags/example_sensor_decorator.py
[2024-07-14T16:46:31.084+0000] {logging_mixin.py:188} INFO - [2024-07-14T16:46:31.084+0000] {dag.py:3096} INFO - Sync 1 DAGs
[2024-07-14T16:46:31.126+0000] {logging_mixin.py:188} INFO - [2024-07-14T16:46:31.125+0000] {dag.py:3954} INFO - Setting next_dagrun for example_sensor_decorator to None, run_after=None
[2024-07-14T16:46:31.185+0000] {processor.py:183} INFO - Processing /home/airflow/.local/lib/python3.12/site-packages/airflow/example_dags/example_sensor_decorator.py took 0.247 seconds
[2024-07-14T16:47:01.659+0000] {processor.py:161} INFO - Started process (PID=1512) to work on /home/airflow/.local/lib/python3.12/site-packages/airflow/example_dags/example_sensor_decorator.py
[2024-07-14T16:47:01.660+0000] {processor.py:830} INFO - Processing file /home/airflow/.local/lib/python3.12/site-packages/airflow/example_dags/example_sensor_decorator.py for tasks to queue
[2024-07-14T16:47:01.662+0000] {logging_mixin.py:188} INFO - [2024-07-14T16:47:01.662+0000] {dagbag.py:545} INFO - Filling up the DagBag from /home/airflow/.local/lib/python3.12/site-packages/airflow/example_dags/example_sensor_decorator.py
[2024-07-14T16:47:01.695+0000] {processor.py:840} INFO - DAG(s) 'example_sensor_decorator' retrieved from /home/airflow/.local/lib/python3.12/site-packages/airflow/example_dags/example_sensor_decorator.py
[2024-07-14T16:47:01.761+0000] {logging_mixin.py:188} INFO - [2024-07-14T16:47:01.761+0000] {dag.py:3096} INFO - Sync 1 DAGs
[2024-07-14T16:47:01.853+0000] {logging_mixin.py:188} INFO - [2024-07-14T16:47:01.852+0000] {dag.py:3954} INFO - Setting next_dagrun for example_sensor_decorator to None, run_after=None
[2024-07-14T16:47:01.931+0000] {processor.py:183} INFO - Processing /home/airflow/.local/lib/python3.12/site-packages/airflow/example_dags/example_sensor_decorator.py took 0.291 seconds
[2024-07-14T16:47:32.690+0000] {processor.py:161} INFO - Started process (PID=1570) to work on /home/airflow/.local/lib/python3.12/site-packages/airflow/example_dags/example_sensor_decorator.py
[2024-07-14T16:47:32.692+0000] {processor.py:830} INFO - Processing file /home/airflow/.local/lib/python3.12/site-packages/airflow/example_dags/example_sensor_decorator.py for tasks to queue
[2024-07-14T16:47:32.696+0000] {logging_mixin.py:188} INFO - [2024-07-14T16:47:32.694+0000] {dagbag.py:545} INFO - Filling up the DagBag from /home/airflow/.local/lib/python3.12/site-packages/airflow/example_dags/example_sensor_decorator.py
[2024-07-14T16:47:32.708+0000] {processor.py:840} INFO - DAG(s) 'example_sensor_decorator' retrieved from /home/airflow/.local/lib/python3.12/site-packages/airflow/example_dags/example_sensor_decorator.py
[2024-07-14T16:47:32.760+0000] {logging_mixin.py:188} INFO - [2024-07-14T16:47:32.760+0000] {dag.py:3096} INFO - Sync 1 DAGs
[2024-07-14T16:47:32.802+0000] {logging_mixin.py:188} INFO - [2024-07-14T16:47:32.802+0000] {dag.py:3954} INFO - Setting next_dagrun for example_sensor_decorator to None, run_after=None
[2024-07-14T16:47:32.857+0000] {processor.py:183} INFO - Processing /home/airflow/.local/lib/python3.12/site-packages/airflow/example_dags/example_sensor_decorator.py took 0.181 seconds
[2024-07-14T16:48:03.210+0000] {processor.py:161} INFO - Started process (PID=1629) to work on /home/airflow/.local/lib/python3.12/site-packages/airflow/example_dags/example_sensor_decorator.py
[2024-07-14T16:48:03.212+0000] {processor.py:830} INFO - Processing file /home/airflow/.local/lib/python3.12/site-packages/airflow/example_dags/example_sensor_decorator.py for tasks to queue
[2024-07-14T16:48:03.214+0000] {logging_mixin.py:188} INFO - [2024-07-14T16:48:03.213+0000] {dagbag.py:545} INFO - Filling up the DagBag from /home/airflow/.local/lib/python3.12/site-packages/airflow/example_dags/example_sensor_decorator.py
[2024-07-14T16:48:03.231+0000] {processor.py:840} INFO - DAG(s) 'example_sensor_decorator' retrieved from /home/airflow/.local/lib/python3.12/site-packages/airflow/example_dags/example_sensor_decorator.py
[2024-07-14T16:48:03.270+0000] {logging_mixin.py:188} INFO - [2024-07-14T16:48:03.270+0000] {dag.py:3096} INFO - Sync 1 DAGs
[2024-07-14T16:48:03.297+0000] {logging_mixin.py:188} INFO - [2024-07-14T16:48:03.297+0000] {dag.py:3954} INFO - Setting next_dagrun for example_sensor_decorator to None, run_after=None
[2024-07-14T16:48:03.340+0000] {processor.py:183} INFO - Processing /home/airflow/.local/lib/python3.12/site-packages/airflow/example_dags/example_sensor_decorator.py took 0.143 seconds
[2024-07-14T16:48:34.085+0000] {processor.py:161} INFO - Started process (PID=1688) to work on /home/airflow/.local/lib/python3.12/site-packages/airflow/example_dags/example_sensor_decorator.py
[2024-07-14T16:48:34.087+0000] {processor.py:830} INFO - Processing file /home/airflow/.local/lib/python3.12/site-packages/airflow/example_dags/example_sensor_decorator.py for tasks to queue
[2024-07-14T16:48:34.089+0000] {logging_mixin.py:188} INFO - [2024-07-14T16:48:34.089+0000] {dagbag.py:545} INFO - Filling up the DagBag from /home/airflow/.local/lib/python3.12/site-packages/airflow/example_dags/example_sensor_decorator.py
[2024-07-14T16:48:34.100+0000] {processor.py:840} INFO - DAG(s) 'example_sensor_decorator' retrieved from /home/airflow/.local/lib/python3.12/site-packages/airflow/example_dags/example_sensor_decorator.py
[2024-07-14T16:48:34.142+0000] {logging_mixin.py:188} INFO - [2024-07-14T16:48:34.141+0000] {dag.py:3096} INFO - Sync 1 DAGs
[2024-07-14T16:48:34.164+0000] {logging_mixin.py:188} INFO - [2024-07-14T16:48:34.163+0000] {dag.py:3954} INFO - Setting next_dagrun for example_sensor_decorator to None, run_after=None
[2024-07-14T16:48:34.200+0000] {processor.py:183} INFO - Processing /home/airflow/.local/lib/python3.12/site-packages/airflow/example_dags/example_sensor_decorator.py took 0.129 seconds
[2024-07-14T16:49:04.490+0000] {processor.py:161} INFO - Started process (PID=1747) to work on /home/airflow/.local/lib/python3.12/site-packages/airflow/example_dags/example_sensor_decorator.py
[2024-07-14T16:49:04.491+0000] {processor.py:830} INFO - Processing file /home/airflow/.local/lib/python3.12/site-packages/airflow/example_dags/example_sensor_decorator.py for tasks to queue
[2024-07-14T16:49:04.495+0000] {logging_mixin.py:188} INFO - [2024-07-14T16:49:04.494+0000] {dagbag.py:545} INFO - Filling up the DagBag from /home/airflow/.local/lib/python3.12/site-packages/airflow/example_dags/example_sensor_decorator.py
[2024-07-14T16:49:04.507+0000] {processor.py:840} INFO - DAG(s) 'example_sensor_decorator' retrieved from /home/airflow/.local/lib/python3.12/site-packages/airflow/example_dags/example_sensor_decorator.py
[2024-07-14T16:49:04.585+0000] {logging_mixin.py:188} INFO - [2024-07-14T16:49:04.584+0000] {dag.py:3096} INFO - Sync 1 DAGs
[2024-07-14T16:49:04.619+0000] {logging_mixin.py:188} INFO - [2024-07-14T16:49:04.619+0000] {dag.py:3954} INFO - Setting next_dagrun for example_sensor_decorator to None, run_after=None
[2024-07-14T16:49:04.685+0000] {processor.py:183} INFO - Processing /home/airflow/.local/lib/python3.12/site-packages/airflow/example_dags/example_sensor_decorator.py took 0.214 seconds
[2024-07-14T16:49:35.798+0000] {processor.py:161} INFO - Started process (PID=1804) to work on /home/airflow/.local/lib/python3.12/site-packages/airflow/example_dags/example_sensor_decorator.py
[2024-07-14T16:49:35.799+0000] {processor.py:830} INFO - Processing file /home/airflow/.local/lib/python3.12/site-packages/airflow/example_dags/example_sensor_decorator.py for tasks to queue
[2024-07-14T16:49:35.801+0000] {logging_mixin.py:188} INFO - [2024-07-14T16:49:35.801+0000] {dagbag.py:545} INFO - Filling up the DagBag from /home/airflow/.local/lib/python3.12/site-packages/airflow/example_dags/example_sensor_decorator.py
[2024-07-14T16:49:35.816+0000] {processor.py:840} INFO - DAG(s) 'example_sensor_decorator' retrieved from /home/airflow/.local/lib/python3.12/site-packages/airflow/example_dags/example_sensor_decorator.py
[2024-07-14T16:49:35.878+0000] {logging_mixin.py:188} INFO - [2024-07-14T16:49:35.877+0000] {dag.py:3096} INFO - Sync 1 DAGs
[2024-07-14T16:49:35.915+0000] {logging_mixin.py:188} INFO - [2024-07-14T16:49:35.915+0000] {dag.py:3954} INFO - Setting next_dagrun for example_sensor_decorator to None, run_after=None
[2024-07-14T16:49:36.390+0000] {processor.py:183} INFO - Processing /home/airflow/.local/lib/python3.12/site-packages/airflow/example_dags/example_sensor_decorator.py took 0.605 seconds
[2024-07-14T16:50:06.456+0000] {processor.py:161} INFO - Started process (PID=1863) to work on /home/airflow/.local/lib/python3.12/site-packages/airflow/example_dags/example_sensor_decorator.py
[2024-07-14T16:50:06.457+0000] {processor.py:830} INFO - Processing file /home/airflow/.local/lib/python3.12/site-packages/airflow/example_dags/example_sensor_decorator.py for tasks to queue
[2024-07-14T16:50:06.459+0000] {logging_mixin.py:188} INFO - [2024-07-14T16:50:06.458+0000] {dagbag.py:545} INFO - Filling up the DagBag from /home/airflow/.local/lib/python3.12/site-packages/airflow/example_dags/example_sensor_decorator.py
[2024-07-14T16:50:06.472+0000] {processor.py:840} INFO - DAG(s) 'example_sensor_decorator' retrieved from /home/airflow/.local/lib/python3.12/site-packages/airflow/example_dags/example_sensor_decorator.py
[2024-07-14T16:50:06.506+0000] {logging_mixin.py:188} INFO - [2024-07-14T16:50:06.506+0000] {dag.py:3096} INFO - Sync 1 DAGs
[2024-07-14T16:50:06.533+0000] {logging_mixin.py:188} INFO - [2024-07-14T16:50:06.532+0000] {dag.py:3954} INFO - Setting next_dagrun for example_sensor_decorator to None, run_after=None
[2024-07-14T16:50:06.565+0000] {processor.py:183} INFO - Processing /home/airflow/.local/lib/python3.12/site-packages/airflow/example_dags/example_sensor_decorator.py took 0.120 seconds
[2024-07-14T16:50:36.653+0000] {processor.py:161} INFO - Started process (PID=1921) to work on /home/airflow/.local/lib/python3.12/site-packages/airflow/example_dags/example_sensor_decorator.py
[2024-07-14T16:50:36.655+0000] {processor.py:830} INFO - Processing file /home/airflow/.local/lib/python3.12/site-packages/airflow/example_dags/example_sensor_decorator.py for tasks to queue
[2024-07-14T16:50:36.657+0000] {logging_mixin.py:188} INFO - [2024-07-14T16:50:36.656+0000] {dagbag.py:545} INFO - Filling up the DagBag from /home/airflow/.local/lib/python3.12/site-packages/airflow/example_dags/example_sensor_decorator.py
[2024-07-14T16:50:36.681+0000] {processor.py:840} INFO - DAG(s) 'example_sensor_decorator' retrieved from /home/airflow/.local/lib/python3.12/site-packages/airflow/example_dags/example_sensor_decorator.py
[2024-07-14T16:50:36.714+0000] {logging_mixin.py:188} INFO - [2024-07-14T16:50:36.714+0000] {dag.py:3096} INFO - Sync 1 DAGs
[2024-07-14T16:50:36.749+0000] {logging_mixin.py:188} INFO - [2024-07-14T16:50:36.748+0000] {dag.py:3954} INFO - Setting next_dagrun for example_sensor_decorator to None, run_after=None
[2024-07-14T16:50:36.787+0000] {processor.py:183} INFO - Processing /home/airflow/.local/lib/python3.12/site-packages/airflow/example_dags/example_sensor_decorator.py took 0.143 seconds
[2024-07-14T16:51:07.089+0000] {processor.py:161} INFO - Started process (PID=1977) to work on /home/airflow/.local/lib/python3.12/site-packages/airflow/example_dags/example_sensor_decorator.py
[2024-07-14T16:51:07.093+0000] {processor.py:830} INFO - Processing file /home/airflow/.local/lib/python3.12/site-packages/airflow/example_dags/example_sensor_decorator.py for tasks to queue
[2024-07-14T16:51:07.095+0000] {logging_mixin.py:188} INFO - [2024-07-14T16:51:07.094+0000] {dagbag.py:545} INFO - Filling up the DagBag from /home/airflow/.local/lib/python3.12/site-packages/airflow/example_dags/example_sensor_decorator.py
[2024-07-14T16:51:07.111+0000] {processor.py:840} INFO - DAG(s) 'example_sensor_decorator' retrieved from /home/airflow/.local/lib/python3.12/site-packages/airflow/example_dags/example_sensor_decorator.py
[2024-07-14T16:51:07.164+0000] {logging_mixin.py:188} INFO - [2024-07-14T16:51:07.163+0000] {dag.py:3096} INFO - Sync 1 DAGs
[2024-07-14T16:51:07.196+0000] {logging_mixin.py:188} INFO - [2024-07-14T16:51:07.196+0000] {dag.py:3954} INFO - Setting next_dagrun for example_sensor_decorator to None, run_after=None
[2024-07-14T16:51:07.430+0000] {processor.py:183} INFO - Processing /home/airflow/.local/lib/python3.12/site-packages/airflow/example_dags/example_sensor_decorator.py took 0.351 seconds
[2024-07-14T16:51:37.935+0000] {processor.py:161} INFO - Started process (PID=2036) to work on /home/airflow/.local/lib/python3.12/site-packages/airflow/example_dags/example_sensor_decorator.py
[2024-07-14T16:51:37.936+0000] {processor.py:830} INFO - Processing file /home/airflow/.local/lib/python3.12/site-packages/airflow/example_dags/example_sensor_decorator.py for tasks to queue
[2024-07-14T16:51:37.938+0000] {logging_mixin.py:188} INFO - [2024-07-14T16:51:37.937+0000] {dagbag.py:545} INFO - Filling up the DagBag from /home/airflow/.local/lib/python3.12/site-packages/airflow/example_dags/example_sensor_decorator.py
[2024-07-14T16:51:37.948+0000] {processor.py:840} INFO - DAG(s) 'example_sensor_decorator' retrieved from /home/airflow/.local/lib/python3.12/site-packages/airflow/example_dags/example_sensor_decorator.py
[2024-07-14T16:51:37.990+0000] {logging_mixin.py:188} INFO - [2024-07-14T16:51:37.990+0000] {dag.py:3096} INFO - Sync 1 DAGs
[2024-07-14T16:51:38.028+0000] {logging_mixin.py:188} INFO - [2024-07-14T16:51:38.028+0000] {dag.py:3954} INFO - Setting next_dagrun for example_sensor_decorator to None, run_after=None
[2024-07-14T16:51:38.077+0000] {processor.py:183} INFO - Processing /home/airflow/.local/lib/python3.12/site-packages/airflow/example_dags/example_sensor_decorator.py took 0.155 seconds
[2024-07-14T16:55:18.594+0000] {processor.py:161} INFO - Started process (PID=54) to work on /home/airflow/.local/lib/python3.12/site-packages/airflow/example_dags/example_sensor_decorator.py
[2024-07-14T16:55:18.674+0000] {processor.py:830} INFO - Processing file /home/airflow/.local/lib/python3.12/site-packages/airflow/example_dags/example_sensor_decorator.py for tasks to queue
[2024-07-14T16:55:18.738+0000] {logging_mixin.py:188} INFO - [2024-07-14T16:55:18.699+0000] {dagbag.py:545} INFO - Filling up the DagBag from /home/airflow/.local/lib/python3.12/site-packages/airflow/example_dags/example_sensor_decorator.py
[2024-07-14T16:55:18.943+0000] {processor.py:840} INFO - DAG(s) 'example_sensor_decorator' retrieved from /home/airflow/.local/lib/python3.12/site-packages/airflow/example_dags/example_sensor_decorator.py
[2024-07-14T16:55:23.279+0000] {logging_mixin.py:188} INFO - [2024-07-14T16:55:23.278+0000] {dag.py:3096} INFO - Sync 1 DAGs
[2024-07-14T16:55:23.445+0000] {logging_mixin.py:188} INFO - [2024-07-14T16:55:23.444+0000] {dag.py:3954} INFO - Setting next_dagrun for example_sensor_decorator to None, run_after=None
[2024-07-14T16:55:24.478+0000] {processor.py:183} INFO - Processing /home/airflow/.local/lib/python3.12/site-packages/airflow/example_dags/example_sensor_decorator.py took 6.116 seconds
[2024-07-14T16:56:26.331+0000] {processor.py:161} INFO - Started process (PID=119) to work on /home/airflow/.local/lib/python3.12/site-packages/airflow/example_dags/example_sensor_decorator.py
[2024-07-14T16:56:26.333+0000] {processor.py:830} INFO - Processing file /home/airflow/.local/lib/python3.12/site-packages/airflow/example_dags/example_sensor_decorator.py for tasks to queue
[2024-07-14T16:56:26.338+0000] {logging_mixin.py:188} INFO - [2024-07-14T16:56:26.337+0000] {dagbag.py:545} INFO - Filling up the DagBag from /home/airflow/.local/lib/python3.12/site-packages/airflow/example_dags/example_sensor_decorator.py
[2024-07-14T16:56:26.359+0000] {processor.py:840} INFO - DAG(s) 'example_sensor_decorator' retrieved from /home/airflow/.local/lib/python3.12/site-packages/airflow/example_dags/example_sensor_decorator.py
[2024-07-14T16:56:26.446+0000] {logging_mixin.py:188} INFO - [2024-07-14T16:56:26.445+0000] {dag.py:3096} INFO - Sync 1 DAGs
[2024-07-14T16:56:26.473+0000] {logging_mixin.py:188} INFO - [2024-07-14T16:56:26.472+0000] {dag.py:3954} INFO - Setting next_dagrun for example_sensor_decorator to None, run_after=None
[2024-07-14T16:56:26.523+0000] {processor.py:183} INFO - Processing /home/airflow/.local/lib/python3.12/site-packages/airflow/example_dags/example_sensor_decorator.py took 0.242 seconds
