[2024-07-14T16:33:28.708+0000] {processor.py:161} INFO - Started process (PID=57) to work on /home/airflow/.local/lib/python3.12/site-packages/airflow/example_dags/example_task_group_decorator.py
[2024-07-14T16:33:28.735+0000] {processor.py:830} INFO - Processing file /home/airflow/.local/lib/python3.12/site-packages/airflow/example_dags/example_task_group_decorator.py for tasks to queue
[2024-07-14T16:33:28.783+0000] {logging_mixin.py:188} INFO - [2024-07-14T16:33:28.779+0000] {dagbag.py:545} INFO - Filling up the DagBag from /home/airflow/.local/lib/python3.12/site-packages/airflow/example_dags/example_task_group_decorator.py
[2024-07-14T16:33:29.045+0000] {processor.py:840} INFO - DAG(s) 'example_task_group_decorator' retrieved from /home/airflow/.local/lib/python3.12/site-packages/airflow/example_dags/example_task_group_decorator.py
[2024-07-14T16:33:29.564+0000] {logging_mixin.py:188} INFO - [2024-07-14T16:33:29.563+0000] {dag.py:3096} INFO - Sync 1 DAGs
[2024-07-14T16:33:29.730+0000] {logging_mixin.py:188} INFO - [2024-07-14T16:33:29.729+0000] {dag.py:3954} INFO - Setting next_dagrun for example_task_group_decorator to 2024-07-13 00:00:00+00:00, run_after=2024-07-14 00:00:00+00:00
[2024-07-14T16:33:29.853+0000] {processor.py:183} INFO - Processing /home/airflow/.local/lib/python3.12/site-packages/airflow/example_dags/example_task_group_decorator.py took 1.196 seconds
[2024-07-14T16:34:00.225+0000] {processor.py:161} INFO - Started process (PID=115) to work on /home/airflow/.local/lib/python3.12/site-packages/airflow/example_dags/example_task_group_decorator.py
[2024-07-14T16:34:00.227+0000] {processor.py:830} INFO - Processing file /home/airflow/.local/lib/python3.12/site-packages/airflow/example_dags/example_task_group_decorator.py for tasks to queue
[2024-07-14T16:34:00.233+0000] {logging_mixin.py:188} INFO - [2024-07-14T16:34:00.232+0000] {dagbag.py:545} INFO - Filling up the DagBag from /home/airflow/.local/lib/python3.12/site-packages/airflow/example_dags/example_task_group_decorator.py
[2024-07-14T16:34:00.278+0000] {processor.py:840} INFO - DAG(s) 'example_task_group_decorator' retrieved from /home/airflow/.local/lib/python3.12/site-packages/airflow/example_dags/example_task_group_decorator.py
[2024-07-14T16:34:00.352+0000] {logging_mixin.py:188} INFO - [2024-07-14T16:34:00.351+0000] {dag.py:3096} INFO - Sync 1 DAGs
[2024-07-14T16:34:00.434+0000] {logging_mixin.py:188} INFO - [2024-07-14T16:34:00.434+0000] {dag.py:3954} INFO - Setting next_dagrun for example_task_group_decorator to 2024-07-13 00:00:00+00:00, run_after=2024-07-14 00:00:00+00:00
[2024-07-14T16:34:00.501+0000] {processor.py:183} INFO - Processing /home/airflow/.local/lib/python3.12/site-packages/airflow/example_dags/example_task_group_decorator.py took 0.297 seconds
[2024-07-14T16:34:30.934+0000] {processor.py:161} INFO - Started process (PID=172) to work on /home/airflow/.local/lib/python3.12/site-packages/airflow/example_dags/example_task_group_decorator.py
[2024-07-14T16:34:30.943+0000] {processor.py:830} INFO - Processing file /home/airflow/.local/lib/python3.12/site-packages/airflow/example_dags/example_task_group_decorator.py for tasks to queue
[2024-07-14T16:34:30.949+0000] {logging_mixin.py:188} INFO - [2024-07-14T16:34:30.947+0000] {dagbag.py:545} INFO - Filling up the DagBag from /home/airflow/.local/lib/python3.12/site-packages/airflow/example_dags/example_task_group_decorator.py
[2024-07-14T16:34:30.996+0000] {processor.py:840} INFO - DAG(s) 'example_task_group_decorator' retrieved from /home/airflow/.local/lib/python3.12/site-packages/airflow/example_dags/example_task_group_decorator.py
[2024-07-14T16:34:31.073+0000] {logging_mixin.py:188} INFO - [2024-07-14T16:34:31.062+0000] {dag.py:3096} INFO - Sync 1 DAGs
[2024-07-14T16:34:31.130+0000] {logging_mixin.py:188} INFO - [2024-07-14T16:34:31.130+0000] {dag.py:3954} INFO - Setting next_dagrun for example_task_group_decorator to 2024-07-13 00:00:00+00:00, run_after=2024-07-14 00:00:00+00:00
[2024-07-14T16:34:31.184+0000] {processor.py:183} INFO - Processing /home/airflow/.local/lib/python3.12/site-packages/airflow/example_dags/example_task_group_decorator.py took 0.270 seconds
[2024-07-14T16:35:01.296+0000] {processor.py:161} INFO - Started process (PID=230) to work on /home/airflow/.local/lib/python3.12/site-packages/airflow/example_dags/example_task_group_decorator.py
[2024-07-14T16:35:01.300+0000] {processor.py:830} INFO - Processing file /home/airflow/.local/lib/python3.12/site-packages/airflow/example_dags/example_task_group_decorator.py for tasks to queue
[2024-07-14T16:35:01.304+0000] {logging_mixin.py:188} INFO - [2024-07-14T16:35:01.303+0000] {dagbag.py:545} INFO - Filling up the DagBag from /home/airflow/.local/lib/python3.12/site-packages/airflow/example_dags/example_task_group_decorator.py
[2024-07-14T16:35:01.357+0000] {processor.py:840} INFO - DAG(s) 'example_task_group_decorator' retrieved from /home/airflow/.local/lib/python3.12/site-packages/airflow/example_dags/example_task_group_decorator.py
[2024-07-14T16:35:01.530+0000] {logging_mixin.py:188} INFO - [2024-07-14T16:35:01.529+0000] {dag.py:3096} INFO - Sync 1 DAGs
[2024-07-14T16:35:01.646+0000] {logging_mixin.py:188} INFO - [2024-07-14T16:35:01.645+0000] {dag.py:3954} INFO - Setting next_dagrun for example_task_group_decorator to 2024-07-13 00:00:00+00:00, run_after=2024-07-14 00:00:00+00:00
[2024-07-14T16:35:01.789+0000] {processor.py:183} INFO - Processing /home/airflow/.local/lib/python3.12/site-packages/airflow/example_dags/example_task_group_decorator.py took 0.510 seconds
[2024-07-14T16:35:32.556+0000] {processor.py:161} INFO - Started process (PID=288) to work on /home/airflow/.local/lib/python3.12/site-packages/airflow/example_dags/example_task_group_decorator.py
[2024-07-14T16:35:32.558+0000] {processor.py:830} INFO - Processing file /home/airflow/.local/lib/python3.12/site-packages/airflow/example_dags/example_task_group_decorator.py for tasks to queue
[2024-07-14T16:35:32.579+0000] {logging_mixin.py:188} INFO - [2024-07-14T16:35:32.578+0000] {dagbag.py:545} INFO - Filling up the DagBag from /home/airflow/.local/lib/python3.12/site-packages/airflow/example_dags/example_task_group_decorator.py
[2024-07-14T16:35:32.605+0000] {processor.py:840} INFO - DAG(s) 'example_task_group_decorator' retrieved from /home/airflow/.local/lib/python3.12/site-packages/airflow/example_dags/example_task_group_decorator.py
[2024-07-14T16:35:32.659+0000] {logging_mixin.py:188} INFO - [2024-07-14T16:35:32.658+0000] {dag.py:3096} INFO - Sync 1 DAGs
[2024-07-14T16:35:32.712+0000] {logging_mixin.py:188} INFO - [2024-07-14T16:35:32.711+0000] {dag.py:3954} INFO - Setting next_dagrun for example_task_group_decorator to 2024-07-13 00:00:00+00:00, run_after=2024-07-14 00:00:00+00:00
[2024-07-14T16:35:32.755+0000] {processor.py:183} INFO - Processing /home/airflow/.local/lib/python3.12/site-packages/airflow/example_dags/example_task_group_decorator.py took 0.208 seconds
[2024-07-14T16:36:03.290+0000] {processor.py:161} INFO - Started process (PID=346) to work on /home/airflow/.local/lib/python3.12/site-packages/airflow/example_dags/example_task_group_decorator.py
[2024-07-14T16:36:03.293+0000] {processor.py:830} INFO - Processing file /home/airflow/.local/lib/python3.12/site-packages/airflow/example_dags/example_task_group_decorator.py for tasks to queue
[2024-07-14T16:36:03.299+0000] {logging_mixin.py:188} INFO - [2024-07-14T16:36:03.298+0000] {dagbag.py:545} INFO - Filling up the DagBag from /home/airflow/.local/lib/python3.12/site-packages/airflow/example_dags/example_task_group_decorator.py
[2024-07-14T16:36:03.360+0000] {processor.py:840} INFO - DAG(s) 'example_task_group_decorator' retrieved from /home/airflow/.local/lib/python3.12/site-packages/airflow/example_dags/example_task_group_decorator.py
[2024-07-14T16:36:03.620+0000] {logging_mixin.py:188} INFO - [2024-07-14T16:36:03.620+0000] {dag.py:3096} INFO - Sync 1 DAGs
[2024-07-14T16:36:03.781+0000] {logging_mixin.py:188} INFO - [2024-07-14T16:36:03.781+0000] {dag.py:3954} INFO - Setting next_dagrun for example_task_group_decorator to 2024-07-13 00:00:00+00:00, run_after=2024-07-14 00:00:00+00:00
[2024-07-14T16:36:03.860+0000] {processor.py:183} INFO - Processing /home/airflow/.local/lib/python3.12/site-packages/airflow/example_dags/example_task_group_decorator.py took 0.606 seconds
[2024-07-14T16:36:34.435+0000] {processor.py:161} INFO - Started process (PID=404) to work on /home/airflow/.local/lib/python3.12/site-packages/airflow/example_dags/example_task_group_decorator.py
[2024-07-14T16:36:34.438+0000] {processor.py:830} INFO - Processing file /home/airflow/.local/lib/python3.12/site-packages/airflow/example_dags/example_task_group_decorator.py for tasks to queue
[2024-07-14T16:36:34.447+0000] {logging_mixin.py:188} INFO - [2024-07-14T16:36:34.445+0000] {dagbag.py:545} INFO - Filling up the DagBag from /home/airflow/.local/lib/python3.12/site-packages/airflow/example_dags/example_task_group_decorator.py
[2024-07-14T16:36:34.583+0000] {processor.py:840} INFO - DAG(s) 'example_task_group_decorator' retrieved from /home/airflow/.local/lib/python3.12/site-packages/airflow/example_dags/example_task_group_decorator.py
[2024-07-14T16:36:34.700+0000] {logging_mixin.py:188} INFO - [2024-07-14T16:36:34.690+0000] {dag.py:3096} INFO - Sync 1 DAGs
[2024-07-14T16:36:34.836+0000] {logging_mixin.py:188} INFO - [2024-07-14T16:36:34.835+0000] {dag.py:3954} INFO - Setting next_dagrun for example_task_group_decorator to 2024-07-13 00:00:00+00:00, run_after=2024-07-14 00:00:00+00:00
[2024-07-14T16:36:35.004+0000] {processor.py:183} INFO - Processing /home/airflow/.local/lib/python3.12/site-packages/airflow/example_dags/example_task_group_decorator.py took 0.582 seconds
[2024-07-14T16:37:05.758+0000] {processor.py:161} INFO - Started process (PID=462) to work on /home/airflow/.local/lib/python3.12/site-packages/airflow/example_dags/example_task_group_decorator.py
[2024-07-14T16:37:05.760+0000] {processor.py:830} INFO - Processing file /home/airflow/.local/lib/python3.12/site-packages/airflow/example_dags/example_task_group_decorator.py for tasks to queue
[2024-07-14T16:37:05.781+0000] {logging_mixin.py:188} INFO - [2024-07-14T16:37:05.779+0000] {dagbag.py:545} INFO - Filling up the DagBag from /home/airflow/.local/lib/python3.12/site-packages/airflow/example_dags/example_task_group_decorator.py
[2024-07-14T16:37:05.903+0000] {processor.py:840} INFO - DAG(s) 'example_task_group_decorator' retrieved from /home/airflow/.local/lib/python3.12/site-packages/airflow/example_dags/example_task_group_decorator.py
[2024-07-14T16:37:06.018+0000] {logging_mixin.py:188} INFO - [2024-07-14T16:37:06.018+0000] {dag.py:3096} INFO - Sync 1 DAGs
[2024-07-14T16:37:06.200+0000] {logging_mixin.py:188} INFO - [2024-07-14T16:37:06.200+0000] {dag.py:3954} INFO - Setting next_dagrun for example_task_group_decorator to 2024-07-13 00:00:00+00:00, run_after=2024-07-14 00:00:00+00:00
[2024-07-14T16:37:06.291+0000] {processor.py:183} INFO - Processing /home/airflow/.local/lib/python3.12/site-packages/airflow/example_dags/example_task_group_decorator.py took 0.542 seconds
[2024-07-14T16:37:36.708+0000] {processor.py:161} INFO - Started process (PID=519) to work on /home/airflow/.local/lib/python3.12/site-packages/airflow/example_dags/example_task_group_decorator.py
[2024-07-14T16:37:36.781+0000] {processor.py:830} INFO - Processing file /home/airflow/.local/lib/python3.12/site-packages/airflow/example_dags/example_task_group_decorator.py for tasks to queue
[2024-07-14T16:37:36.826+0000] {logging_mixin.py:188} INFO - [2024-07-14T16:37:36.824+0000] {dagbag.py:545} INFO - Filling up the DagBag from /home/airflow/.local/lib/python3.12/site-packages/airflow/example_dags/example_task_group_decorator.py
[2024-07-14T16:37:36.921+0000] {processor.py:840} INFO - DAG(s) 'example_task_group_decorator' retrieved from /home/airflow/.local/lib/python3.12/site-packages/airflow/example_dags/example_task_group_decorator.py
[2024-07-14T16:37:37.249+0000] {logging_mixin.py:188} INFO - [2024-07-14T16:37:37.249+0000] {dag.py:3096} INFO - Sync 1 DAGs
[2024-07-14T16:37:37.385+0000] {logging_mixin.py:188} INFO - [2024-07-14T16:37:37.384+0000] {dag.py:3954} INFO - Setting next_dagrun for example_task_group_decorator to 2024-07-13 00:00:00+00:00, run_after=2024-07-14 00:00:00+00:00
[2024-07-14T16:37:37.507+0000] {processor.py:183} INFO - Processing /home/airflow/.local/lib/python3.12/site-packages/airflow/example_dags/example_task_group_decorator.py took 0.858 seconds
[2024-07-14T16:38:40.242+0000] {processor.py:161} INFO - Started process (PID=582) to work on /home/airflow/.local/lib/python3.12/site-packages/airflow/example_dags/example_task_group_decorator.py
[2024-07-14T16:38:40.374+0000] {processor.py:830} INFO - Processing file /home/airflow/.local/lib/python3.12/site-packages/airflow/example_dags/example_task_group_decorator.py for tasks to queue
[2024-07-14T16:38:40.540+0000] {logging_mixin.py:188} INFO - [2024-07-14T16:38:40.486+0000] {dagbag.py:545} INFO - Filling up the DagBag from /home/airflow/.local/lib/python3.12/site-packages/airflow/example_dags/example_task_group_decorator.py
[2024-07-14T16:38:41.055+0000] {processor.py:840} INFO - DAG(s) 'example_task_group_decorator' retrieved from /home/airflow/.local/lib/python3.12/site-packages/airflow/example_dags/example_task_group_decorator.py
[2024-07-14T16:38:41.616+0000] {logging_mixin.py:188} INFO - [2024-07-14T16:38:41.615+0000] {dag.py:3096} INFO - Sync 1 DAGs
[2024-07-14T16:38:42.748+0000] {logging_mixin.py:188} INFO - [2024-07-14T16:38:42.747+0000] {dag.py:3954} INFO - Setting next_dagrun for example_task_group_decorator to 2024-07-13 00:00:00+00:00, run_after=2024-07-14 00:00:00+00:00
[2024-07-14T16:38:43.472+0000] {processor.py:183} INFO - Processing /home/airflow/.local/lib/python3.12/site-packages/airflow/example_dags/example_task_group_decorator.py took 3.270 seconds
[2024-07-14T16:39:24.064+0000] {processor.py:161} INFO - Started process (PID=649) to work on /home/airflow/.local/lib/python3.12/site-packages/airflow/example_dags/example_task_group_decorator.py
[2024-07-14T16:39:24.075+0000] {processor.py:830} INFO - Processing file /home/airflow/.local/lib/python3.12/site-packages/airflow/example_dags/example_task_group_decorator.py for tasks to queue
[2024-07-14T16:39:24.078+0000] {logging_mixin.py:188} INFO - [2024-07-14T16:39:24.077+0000] {dagbag.py:545} INFO - Filling up the DagBag from /home/airflow/.local/lib/python3.12/site-packages/airflow/example_dags/example_task_group_decorator.py
[2024-07-14T16:39:24.186+0000] {processor.py:840} INFO - DAG(s) 'example_task_group_decorator' retrieved from /home/airflow/.local/lib/python3.12/site-packages/airflow/example_dags/example_task_group_decorator.py
[2024-07-14T16:39:24.330+0000] {logging_mixin.py:188} INFO - [2024-07-14T16:39:24.329+0000] {dag.py:3096} INFO - Sync 1 DAGs
[2024-07-14T16:39:24.443+0000] {logging_mixin.py:188} INFO - [2024-07-14T16:39:24.443+0000] {dag.py:3954} INFO - Setting next_dagrun for example_task_group_decorator to 2024-07-13 00:00:00+00:00, run_after=2024-07-14 00:00:00+00:00
[2024-07-14T16:39:24.542+0000] {processor.py:183} INFO - Processing /home/airflow/.local/lib/python3.12/site-packages/airflow/example_dags/example_task_group_decorator.py took 0.530 seconds
[2024-07-14T16:39:56.139+0000] {processor.py:161} INFO - Started process (PID=709) to work on /home/airflow/.local/lib/python3.12/site-packages/airflow/example_dags/example_task_group_decorator.py
[2024-07-14T16:39:56.141+0000] {processor.py:830} INFO - Processing file /home/airflow/.local/lib/python3.12/site-packages/airflow/example_dags/example_task_group_decorator.py for tasks to queue
[2024-07-14T16:39:56.143+0000] {logging_mixin.py:188} INFO - [2024-07-14T16:39:56.143+0000] {dagbag.py:545} INFO - Filling up the DagBag from /home/airflow/.local/lib/python3.12/site-packages/airflow/example_dags/example_task_group_decorator.py
[2024-07-14T16:39:56.185+0000] {processor.py:840} INFO - DAG(s) 'example_task_group_decorator' retrieved from /home/airflow/.local/lib/python3.12/site-packages/airflow/example_dags/example_task_group_decorator.py
[2024-07-14T16:39:56.241+0000] {logging_mixin.py:188} INFO - [2024-07-14T16:39:56.240+0000] {dag.py:3096} INFO - Sync 1 DAGs
[2024-07-14T16:39:56.289+0000] {logging_mixin.py:188} INFO - [2024-07-14T16:39:56.289+0000] {dag.py:3954} INFO - Setting next_dagrun for example_task_group_decorator to 2024-07-13 00:00:00+00:00, run_after=2024-07-14 00:00:00+00:00
[2024-07-14T16:39:56.334+0000] {processor.py:183} INFO - Processing /home/airflow/.local/lib/python3.12/site-packages/airflow/example_dags/example_task_group_decorator.py took 0.205 seconds
[2024-07-14T16:40:26.555+0000] {processor.py:161} INFO - Started process (PID=769) to work on /home/airflow/.local/lib/python3.12/site-packages/airflow/example_dags/example_task_group_decorator.py
[2024-07-14T16:40:26.556+0000] {processor.py:830} INFO - Processing file /home/airflow/.local/lib/python3.12/site-packages/airflow/example_dags/example_task_group_decorator.py for tasks to queue
[2024-07-14T16:40:26.558+0000] {logging_mixin.py:188} INFO - [2024-07-14T16:40:26.558+0000] {dagbag.py:545} INFO - Filling up the DagBag from /home/airflow/.local/lib/python3.12/site-packages/airflow/example_dags/example_task_group_decorator.py
[2024-07-14T16:40:26.592+0000] {processor.py:840} INFO - DAG(s) 'example_task_group_decorator' retrieved from /home/airflow/.local/lib/python3.12/site-packages/airflow/example_dags/example_task_group_decorator.py
[2024-07-14T16:40:26.653+0000] {logging_mixin.py:188} INFO - [2024-07-14T16:40:26.653+0000] {dag.py:3096} INFO - Sync 1 DAGs
[2024-07-14T16:40:26.700+0000] {logging_mixin.py:188} INFO - [2024-07-14T16:40:26.699+0000] {dag.py:3954} INFO - Setting next_dagrun for example_task_group_decorator to 2024-07-13 00:00:00+00:00, run_after=2024-07-14 00:00:00+00:00
[2024-07-14T16:40:26.756+0000] {processor.py:183} INFO - Processing /home/airflow/.local/lib/python3.12/site-packages/airflow/example_dags/example_task_group_decorator.py took 0.211 seconds
[2024-07-14T16:40:57.214+0000] {processor.py:161} INFO - Started process (PID=827) to work on /home/airflow/.local/lib/python3.12/site-packages/airflow/example_dags/example_task_group_decorator.py
[2024-07-14T16:40:57.219+0000] {processor.py:830} INFO - Processing file /home/airflow/.local/lib/python3.12/site-packages/airflow/example_dags/example_task_group_decorator.py for tasks to queue
[2024-07-14T16:40:57.221+0000] {logging_mixin.py:188} INFO - [2024-07-14T16:40:57.221+0000] {dagbag.py:545} INFO - Filling up the DagBag from /home/airflow/.local/lib/python3.12/site-packages/airflow/example_dags/example_task_group_decorator.py
[2024-07-14T16:40:57.297+0000] {processor.py:840} INFO - DAG(s) 'example_task_group_decorator' retrieved from /home/airflow/.local/lib/python3.12/site-packages/airflow/example_dags/example_task_group_decorator.py
[2024-07-14T16:40:57.392+0000] {logging_mixin.py:188} INFO - [2024-07-14T16:40:57.392+0000] {dag.py:3096} INFO - Sync 1 DAGs
[2024-07-14T16:40:57.449+0000] {logging_mixin.py:188} INFO - [2024-07-14T16:40:57.449+0000] {dag.py:3954} INFO - Setting next_dagrun for example_task_group_decorator to 2024-07-13 00:00:00+00:00, run_after=2024-07-14 00:00:00+00:00
[2024-07-14T16:40:57.500+0000] {processor.py:183} INFO - Processing /home/airflow/.local/lib/python3.12/site-packages/airflow/example_dags/example_task_group_decorator.py took 0.310 seconds
[2024-07-14T16:41:28.207+0000] {processor.py:161} INFO - Started process (PID=886) to work on /home/airflow/.local/lib/python3.12/site-packages/airflow/example_dags/example_task_group_decorator.py
[2024-07-14T16:41:28.228+0000] {processor.py:830} INFO - Processing file /home/airflow/.local/lib/python3.12/site-packages/airflow/example_dags/example_task_group_decorator.py for tasks to queue
[2024-07-14T16:41:28.236+0000] {logging_mixin.py:188} INFO - [2024-07-14T16:41:28.234+0000] {dagbag.py:545} INFO - Filling up the DagBag from /home/airflow/.local/lib/python3.12/site-packages/airflow/example_dags/example_task_group_decorator.py
[2024-07-14T16:41:28.330+0000] {processor.py:840} INFO - DAG(s) 'example_task_group_decorator' retrieved from /home/airflow/.local/lib/python3.12/site-packages/airflow/example_dags/example_task_group_decorator.py
[2024-07-14T16:41:28.390+0000] {logging_mixin.py:188} INFO - [2024-07-14T16:41:28.390+0000] {dag.py:3096} INFO - Sync 1 DAGs
[2024-07-14T16:41:28.441+0000] {logging_mixin.py:188} INFO - [2024-07-14T16:41:28.440+0000] {dag.py:3954} INFO - Setting next_dagrun for example_task_group_decorator to 2024-07-13 00:00:00+00:00, run_after=2024-07-14 00:00:00+00:00
[2024-07-14T16:41:28.481+0000] {processor.py:183} INFO - Processing /home/airflow/.local/lib/python3.12/site-packages/airflow/example_dags/example_task_group_decorator.py took 0.287 seconds
[2024-07-14T16:42:00.386+0000] {processor.py:161} INFO - Started process (PID=945) to work on /home/airflow/.local/lib/python3.12/site-packages/airflow/example_dags/example_task_group_decorator.py
[2024-07-14T16:42:00.414+0000] {processor.py:830} INFO - Processing file /home/airflow/.local/lib/python3.12/site-packages/airflow/example_dags/example_task_group_decorator.py for tasks to queue
[2024-07-14T16:42:00.429+0000] {logging_mixin.py:188} INFO - [2024-07-14T16:42:00.428+0000] {dagbag.py:545} INFO - Filling up the DagBag from /home/airflow/.local/lib/python3.12/site-packages/airflow/example_dags/example_task_group_decorator.py
[2024-07-14T16:42:00.478+0000] {processor.py:840} INFO - DAG(s) 'example_task_group_decorator' retrieved from /home/airflow/.local/lib/python3.12/site-packages/airflow/example_dags/example_task_group_decorator.py
[2024-07-14T16:42:00.585+0000] {logging_mixin.py:188} INFO - [2024-07-14T16:42:00.584+0000] {dag.py:3096} INFO - Sync 1 DAGs
[2024-07-14T16:42:00.696+0000] {logging_mixin.py:188} INFO - [2024-07-14T16:42:00.695+0000] {dag.py:3954} INFO - Setting next_dagrun for example_task_group_decorator to 2024-07-13 00:00:00+00:00, run_after=2024-07-14 00:00:00+00:00
[2024-07-14T16:42:00.807+0000] {processor.py:183} INFO - Processing /home/airflow/.local/lib/python3.12/site-packages/airflow/example_dags/example_task_group_decorator.py took 0.456 seconds
[2024-07-14T16:42:31.709+0000] {processor.py:161} INFO - Started process (PID=1003) to work on /home/airflow/.local/lib/python3.12/site-packages/airflow/example_dags/example_task_group_decorator.py
[2024-07-14T16:42:31.727+0000] {processor.py:830} INFO - Processing file /home/airflow/.local/lib/python3.12/site-packages/airflow/example_dags/example_task_group_decorator.py for tasks to queue
[2024-07-14T16:42:31.729+0000] {logging_mixin.py:188} INFO - [2024-07-14T16:42:31.729+0000] {dagbag.py:545} INFO - Filling up the DagBag from /home/airflow/.local/lib/python3.12/site-packages/airflow/example_dags/example_task_group_decorator.py
[2024-07-14T16:42:31.756+0000] {processor.py:840} INFO - DAG(s) 'example_task_group_decorator' retrieved from /home/airflow/.local/lib/python3.12/site-packages/airflow/example_dags/example_task_group_decorator.py
[2024-07-14T16:42:31.828+0000] {logging_mixin.py:188} INFO - [2024-07-14T16:42:31.828+0000] {dag.py:3096} INFO - Sync 1 DAGs
[2024-07-14T16:42:31.866+0000] {logging_mixin.py:188} INFO - [2024-07-14T16:42:31.865+0000] {dag.py:3954} INFO - Setting next_dagrun for example_task_group_decorator to 2024-07-13 00:00:00+00:00, run_after=2024-07-14 00:00:00+00:00
[2024-07-14T16:42:31.911+0000] {processor.py:183} INFO - Processing /home/airflow/.local/lib/python3.12/site-packages/airflow/example_dags/example_task_group_decorator.py took 0.214 seconds
[2024-07-14T16:43:02.249+0000] {processor.py:161} INFO - Started process (PID=1062) to work on /home/airflow/.local/lib/python3.12/site-packages/airflow/example_dags/example_task_group_decorator.py
[2024-07-14T16:43:02.250+0000] {processor.py:830} INFO - Processing file /home/airflow/.local/lib/python3.12/site-packages/airflow/example_dags/example_task_group_decorator.py for tasks to queue
[2024-07-14T16:43:02.252+0000] {logging_mixin.py:188} INFO - [2024-07-14T16:43:02.251+0000] {dagbag.py:545} INFO - Filling up the DagBag from /home/airflow/.local/lib/python3.12/site-packages/airflow/example_dags/example_task_group_decorator.py
[2024-07-14T16:43:02.286+0000] {processor.py:840} INFO - DAG(s) 'example_task_group_decorator' retrieved from /home/airflow/.local/lib/python3.12/site-packages/airflow/example_dags/example_task_group_decorator.py
[2024-07-14T16:43:02.343+0000] {logging_mixin.py:188} INFO - [2024-07-14T16:43:02.343+0000] {dag.py:3096} INFO - Sync 1 DAGs
[2024-07-14T16:43:02.397+0000] {logging_mixin.py:188} INFO - [2024-07-14T16:43:02.396+0000] {dag.py:3954} INFO - Setting next_dagrun for example_task_group_decorator to 2024-07-13 00:00:00+00:00, run_after=2024-07-14 00:00:00+00:00
[2024-07-14T16:43:02.438+0000] {processor.py:183} INFO - Processing /home/airflow/.local/lib/python3.12/site-packages/airflow/example_dags/example_task_group_decorator.py took 0.198 seconds
[2024-07-14T16:43:32.643+0000] {processor.py:161} INFO - Started process (PID=1121) to work on /home/airflow/.local/lib/python3.12/site-packages/airflow/example_dags/example_task_group_decorator.py
[2024-07-14T16:43:32.644+0000] {processor.py:830} INFO - Processing file /home/airflow/.local/lib/python3.12/site-packages/airflow/example_dags/example_task_group_decorator.py for tasks to queue
[2024-07-14T16:43:32.646+0000] {logging_mixin.py:188} INFO - [2024-07-14T16:43:32.646+0000] {dagbag.py:545} INFO - Filling up the DagBag from /home/airflow/.local/lib/python3.12/site-packages/airflow/example_dags/example_task_group_decorator.py
[2024-07-14T16:43:32.683+0000] {processor.py:840} INFO - DAG(s) 'example_task_group_decorator' retrieved from /home/airflow/.local/lib/python3.12/site-packages/airflow/example_dags/example_task_group_decorator.py
[2024-07-14T16:43:32.743+0000] {logging_mixin.py:188} INFO - [2024-07-14T16:43:32.742+0000] {dag.py:3096} INFO - Sync 1 DAGs
[2024-07-14T16:43:32.785+0000] {logging_mixin.py:188} INFO - [2024-07-14T16:43:32.785+0000] {dag.py:3954} INFO - Setting next_dagrun for example_task_group_decorator to 2024-07-13 00:00:00+00:00, run_after=2024-07-14 00:00:00+00:00
[2024-07-14T16:43:32.832+0000] {processor.py:183} INFO - Processing /home/airflow/.local/lib/python3.12/site-packages/airflow/example_dags/example_task_group_decorator.py took 0.200 seconds
[2024-07-14T16:44:03.345+0000] {processor.py:161} INFO - Started process (PID=1179) to work on /home/airflow/.local/lib/python3.12/site-packages/airflow/example_dags/example_task_group_decorator.py
[2024-07-14T16:44:03.347+0000] {processor.py:830} INFO - Processing file /home/airflow/.local/lib/python3.12/site-packages/airflow/example_dags/example_task_group_decorator.py for tasks to queue
[2024-07-14T16:44:03.349+0000] {logging_mixin.py:188} INFO - [2024-07-14T16:44:03.349+0000] {dagbag.py:545} INFO - Filling up the DagBag from /home/airflow/.local/lib/python3.12/site-packages/airflow/example_dags/example_task_group_decorator.py
[2024-07-14T16:44:03.393+0000] {processor.py:840} INFO - DAG(s) 'example_task_group_decorator' retrieved from /home/airflow/.local/lib/python3.12/site-packages/airflow/example_dags/example_task_group_decorator.py
[2024-07-14T16:44:03.589+0000] {logging_mixin.py:188} INFO - [2024-07-14T16:44:03.589+0000] {dag.py:3096} INFO - Sync 1 DAGs
[2024-07-14T16:44:03.680+0000] {logging_mixin.py:188} INFO - [2024-07-14T16:44:03.679+0000] {dag.py:3954} INFO - Setting next_dagrun for example_task_group_decorator to 2024-07-13 00:00:00+00:00, run_after=2024-07-14 00:00:00+00:00
[2024-07-14T16:44:03.779+0000] {processor.py:183} INFO - Processing /home/airflow/.local/lib/python3.12/site-packages/airflow/example_dags/example_task_group_decorator.py took 0.447 seconds
[2024-07-14T16:44:34.667+0000] {processor.py:161} INFO - Started process (PID=1238) to work on /home/airflow/.local/lib/python3.12/site-packages/airflow/example_dags/example_task_group_decorator.py
[2024-07-14T16:44:34.671+0000] {processor.py:830} INFO - Processing file /home/airflow/.local/lib/python3.12/site-packages/airflow/example_dags/example_task_group_decorator.py for tasks to queue
[2024-07-14T16:44:34.676+0000] {logging_mixin.py:188} INFO - [2024-07-14T16:44:34.674+0000] {dagbag.py:545} INFO - Filling up the DagBag from /home/airflow/.local/lib/python3.12/site-packages/airflow/example_dags/example_task_group_decorator.py
[2024-07-14T16:44:34.752+0000] {processor.py:840} INFO - DAG(s) 'example_task_group_decorator' retrieved from /home/airflow/.local/lib/python3.12/site-packages/airflow/example_dags/example_task_group_decorator.py
[2024-07-14T16:44:34.838+0000] {logging_mixin.py:188} INFO - [2024-07-14T16:44:34.838+0000] {dag.py:3096} INFO - Sync 1 DAGs
[2024-07-14T16:44:34.910+0000] {logging_mixin.py:188} INFO - [2024-07-14T16:44:34.909+0000] {dag.py:3954} INFO - Setting next_dagrun for example_task_group_decorator to 2024-07-13 00:00:00+00:00, run_after=2024-07-14 00:00:00+00:00
[2024-07-14T16:44:34.960+0000] {processor.py:183} INFO - Processing /home/airflow/.local/lib/python3.12/site-packages/airflow/example_dags/example_task_group_decorator.py took 0.313 seconds
[2024-07-14T16:45:05.461+0000] {processor.py:161} INFO - Started process (PID=1296) to work on /home/airflow/.local/lib/python3.12/site-packages/airflow/example_dags/example_task_group_decorator.py
[2024-07-14T16:45:05.463+0000] {processor.py:830} INFO - Processing file /home/airflow/.local/lib/python3.12/site-packages/airflow/example_dags/example_task_group_decorator.py for tasks to queue
[2024-07-14T16:45:05.465+0000] {logging_mixin.py:188} INFO - [2024-07-14T16:45:05.465+0000] {dagbag.py:545} INFO - Filling up the DagBag from /home/airflow/.local/lib/python3.12/site-packages/airflow/example_dags/example_task_group_decorator.py
[2024-07-14T16:45:05.505+0000] {processor.py:840} INFO - DAG(s) 'example_task_group_decorator' retrieved from /home/airflow/.local/lib/python3.12/site-packages/airflow/example_dags/example_task_group_decorator.py
[2024-07-14T16:45:05.568+0000] {logging_mixin.py:188} INFO - [2024-07-14T16:45:05.567+0000] {dag.py:3096} INFO - Sync 1 DAGs
[2024-07-14T16:45:05.615+0000] {logging_mixin.py:188} INFO - [2024-07-14T16:45:05.615+0000] {dag.py:3954} INFO - Setting next_dagrun for example_task_group_decorator to 2024-07-13 00:00:00+00:00, run_after=2024-07-14 00:00:00+00:00
[2024-07-14T16:45:05.661+0000] {processor.py:183} INFO - Processing /home/airflow/.local/lib/python3.12/site-packages/airflow/example_dags/example_task_group_decorator.py took 0.218 seconds
[2024-07-14T16:45:36.166+0000] {processor.py:161} INFO - Started process (PID=1355) to work on /home/airflow/.local/lib/python3.12/site-packages/airflow/example_dags/example_task_group_decorator.py
[2024-07-14T16:45:36.168+0000] {processor.py:830} INFO - Processing file /home/airflow/.local/lib/python3.12/site-packages/airflow/example_dags/example_task_group_decorator.py for tasks to queue
[2024-07-14T16:45:36.169+0000] {logging_mixin.py:188} INFO - [2024-07-14T16:45:36.168+0000] {dagbag.py:545} INFO - Filling up the DagBag from /home/airflow/.local/lib/python3.12/site-packages/airflow/example_dags/example_task_group_decorator.py
[2024-07-14T16:45:36.196+0000] {processor.py:840} INFO - DAG(s) 'example_task_group_decorator' retrieved from /home/airflow/.local/lib/python3.12/site-packages/airflow/example_dags/example_task_group_decorator.py
[2024-07-14T16:45:36.242+0000] {logging_mixin.py:188} INFO - [2024-07-14T16:45:36.242+0000] {dag.py:3096} INFO - Sync 1 DAGs
[2024-07-14T16:45:36.282+0000] {logging_mixin.py:188} INFO - [2024-07-14T16:45:36.281+0000] {dag.py:3954} INFO - Setting next_dagrun for example_task_group_decorator to 2024-07-13 00:00:00+00:00, run_after=2024-07-14 00:00:00+00:00
[2024-07-14T16:45:36.326+0000] {processor.py:183} INFO - Processing /home/airflow/.local/lib/python3.12/site-packages/airflow/example_dags/example_task_group_decorator.py took 0.168 seconds
[2024-07-14T16:46:06.517+0000] {processor.py:161} INFO - Started process (PID=1414) to work on /home/airflow/.local/lib/python3.12/site-packages/airflow/example_dags/example_task_group_decorator.py
[2024-07-14T16:46:06.519+0000] {processor.py:830} INFO - Processing file /home/airflow/.local/lib/python3.12/site-packages/airflow/example_dags/example_task_group_decorator.py for tasks to queue
[2024-07-14T16:46:06.520+0000] {logging_mixin.py:188} INFO - [2024-07-14T16:46:06.520+0000] {dagbag.py:545} INFO - Filling up the DagBag from /home/airflow/.local/lib/python3.12/site-packages/airflow/example_dags/example_task_group_decorator.py
[2024-07-14T16:46:06.556+0000] {processor.py:840} INFO - DAG(s) 'example_task_group_decorator' retrieved from /home/airflow/.local/lib/python3.12/site-packages/airflow/example_dags/example_task_group_decorator.py
[2024-07-14T16:46:06.610+0000] {logging_mixin.py:188} INFO - [2024-07-14T16:46:06.609+0000] {dag.py:3096} INFO - Sync 1 DAGs
[2024-07-14T16:46:06.649+0000] {logging_mixin.py:188} INFO - [2024-07-14T16:46:06.649+0000] {dag.py:3954} INFO - Setting next_dagrun for example_task_group_decorator to 2024-07-13 00:00:00+00:00, run_after=2024-07-14 00:00:00+00:00
[2024-07-14T16:46:06.692+0000] {processor.py:183} INFO - Processing /home/airflow/.local/lib/python3.12/site-packages/airflow/example_dags/example_task_group_decorator.py took 0.187 seconds
[2024-07-14T16:46:38.377+0000] {processor.py:161} INFO - Started process (PID=1473) to work on /home/airflow/.local/lib/python3.12/site-packages/airflow/example_dags/example_task_group_decorator.py
[2024-07-14T16:46:38.379+0000] {processor.py:830} INFO - Processing file /home/airflow/.local/lib/python3.12/site-packages/airflow/example_dags/example_task_group_decorator.py for tasks to queue
[2024-07-14T16:46:38.382+0000] {logging_mixin.py:188} INFO - [2024-07-14T16:46:38.381+0000] {dagbag.py:545} INFO - Filling up the DagBag from /home/airflow/.local/lib/python3.12/site-packages/airflow/example_dags/example_task_group_decorator.py
[2024-07-14T16:46:38.408+0000] {processor.py:840} INFO - DAG(s) 'example_task_group_decorator' retrieved from /home/airflow/.local/lib/python3.12/site-packages/airflow/example_dags/example_task_group_decorator.py
[2024-07-14T16:46:38.500+0000] {logging_mixin.py:188} INFO - [2024-07-14T16:46:38.499+0000] {dag.py:3096} INFO - Sync 1 DAGs
[2024-07-14T16:46:38.568+0000] {logging_mixin.py:188} INFO - [2024-07-14T16:46:38.568+0000] {dag.py:3954} INFO - Setting next_dagrun for example_task_group_decorator to 2024-07-13 00:00:00+00:00, run_after=2024-07-14 00:00:00+00:00
[2024-07-14T16:46:38.637+0000] {processor.py:183} INFO - Processing /home/airflow/.local/lib/python3.12/site-packages/airflow/example_dags/example_task_group_decorator.py took 0.275 seconds
[2024-07-14T16:47:09.028+0000] {processor.py:161} INFO - Started process (PID=1529) to work on /home/airflow/.local/lib/python3.12/site-packages/airflow/example_dags/example_task_group_decorator.py
[2024-07-14T16:47:09.030+0000] {processor.py:830} INFO - Processing file /home/airflow/.local/lib/python3.12/site-packages/airflow/example_dags/example_task_group_decorator.py for tasks to queue
[2024-07-14T16:47:09.032+0000] {logging_mixin.py:188} INFO - [2024-07-14T16:47:09.031+0000] {dagbag.py:545} INFO - Filling up the DagBag from /home/airflow/.local/lib/python3.12/site-packages/airflow/example_dags/example_task_group_decorator.py
[2024-07-14T16:47:09.061+0000] {processor.py:840} INFO - DAG(s) 'example_task_group_decorator' retrieved from /home/airflow/.local/lib/python3.12/site-packages/airflow/example_dags/example_task_group_decorator.py
[2024-07-14T16:47:09.134+0000] {logging_mixin.py:188} INFO - [2024-07-14T16:47:09.129+0000] {dag.py:3096} INFO - Sync 1 DAGs
[2024-07-14T16:47:09.187+0000] {logging_mixin.py:188} INFO - [2024-07-14T16:47:09.187+0000] {dag.py:3954} INFO - Setting next_dagrun for example_task_group_decorator to 2024-07-13 00:00:00+00:00, run_after=2024-07-14 00:00:00+00:00
[2024-07-14T16:47:09.236+0000] {processor.py:183} INFO - Processing /home/airflow/.local/lib/python3.12/site-packages/airflow/example_dags/example_task_group_decorator.py took 0.228 seconds
[2024-07-14T16:47:39.744+0000] {processor.py:161} INFO - Started process (PID=1588) to work on /home/airflow/.local/lib/python3.12/site-packages/airflow/example_dags/example_task_group_decorator.py
[2024-07-14T16:47:39.745+0000] {processor.py:830} INFO - Processing file /home/airflow/.local/lib/python3.12/site-packages/airflow/example_dags/example_task_group_decorator.py for tasks to queue
[2024-07-14T16:47:39.747+0000] {logging_mixin.py:188} INFO - [2024-07-14T16:47:39.746+0000] {dagbag.py:545} INFO - Filling up the DagBag from /home/airflow/.local/lib/python3.12/site-packages/airflow/example_dags/example_task_group_decorator.py
[2024-07-14T16:47:39.773+0000] {processor.py:840} INFO - DAG(s) 'example_task_group_decorator' retrieved from /home/airflow/.local/lib/python3.12/site-packages/airflow/example_dags/example_task_group_decorator.py
[2024-07-14T16:47:39.829+0000] {logging_mixin.py:188} INFO - [2024-07-14T16:47:39.828+0000] {dag.py:3096} INFO - Sync 1 DAGs
[2024-07-14T16:47:39.883+0000] {logging_mixin.py:188} INFO - [2024-07-14T16:47:39.881+0000] {dag.py:3954} INFO - Setting next_dagrun for example_task_group_decorator to 2024-07-13 00:00:00+00:00, run_after=2024-07-14 00:00:00+00:00
[2024-07-14T16:47:39.915+0000] {processor.py:183} INFO - Processing /home/airflow/.local/lib/python3.12/site-packages/airflow/example_dags/example_task_group_decorator.py took 0.185 seconds
[2024-07-14T16:48:10.072+0000] {processor.py:161} INFO - Started process (PID=1647) to work on /home/airflow/.local/lib/python3.12/site-packages/airflow/example_dags/example_task_group_decorator.py
[2024-07-14T16:48:10.075+0000] {processor.py:830} INFO - Processing file /home/airflow/.local/lib/python3.12/site-packages/airflow/example_dags/example_task_group_decorator.py for tasks to queue
[2024-07-14T16:48:10.077+0000] {logging_mixin.py:188} INFO - [2024-07-14T16:48:10.076+0000] {dagbag.py:545} INFO - Filling up the DagBag from /home/airflow/.local/lib/python3.12/site-packages/airflow/example_dags/example_task_group_decorator.py
[2024-07-14T16:48:10.107+0000] {processor.py:840} INFO - DAG(s) 'example_task_group_decorator' retrieved from /home/airflow/.local/lib/python3.12/site-packages/airflow/example_dags/example_task_group_decorator.py
[2024-07-14T16:48:10.159+0000] {logging_mixin.py:188} INFO - [2024-07-14T16:48:10.159+0000] {dag.py:3096} INFO - Sync 1 DAGs
[2024-07-14T16:48:10.205+0000] {logging_mixin.py:188} INFO - [2024-07-14T16:48:10.205+0000] {dag.py:3954} INFO - Setting next_dagrun for example_task_group_decorator to 2024-07-13 00:00:00+00:00, run_after=2024-07-14 00:00:00+00:00
[2024-07-14T16:48:10.248+0000] {processor.py:183} INFO - Processing /home/airflow/.local/lib/python3.12/site-packages/airflow/example_dags/example_task_group_decorator.py took 0.187 seconds
[2024-07-14T16:48:41.001+0000] {processor.py:161} INFO - Started process (PID=1706) to work on /home/airflow/.local/lib/python3.12/site-packages/airflow/example_dags/example_task_group_decorator.py
[2024-07-14T16:48:41.003+0000] {processor.py:830} INFO - Processing file /home/airflow/.local/lib/python3.12/site-packages/airflow/example_dags/example_task_group_decorator.py for tasks to queue
[2024-07-14T16:48:41.005+0000] {logging_mixin.py:188} INFO - [2024-07-14T16:48:41.004+0000] {dagbag.py:545} INFO - Filling up the DagBag from /home/airflow/.local/lib/python3.12/site-packages/airflow/example_dags/example_task_group_decorator.py
[2024-07-14T16:48:41.044+0000] {processor.py:840} INFO - DAG(s) 'example_task_group_decorator' retrieved from /home/airflow/.local/lib/python3.12/site-packages/airflow/example_dags/example_task_group_decorator.py
[2024-07-14T16:48:41.100+0000] {logging_mixin.py:188} INFO - [2024-07-14T16:48:41.100+0000] {dag.py:3096} INFO - Sync 1 DAGs
[2024-07-14T16:48:41.146+0000] {logging_mixin.py:188} INFO - [2024-07-14T16:48:41.145+0000] {dag.py:3954} INFO - Setting next_dagrun for example_task_group_decorator to 2024-07-13 00:00:00+00:00, run_after=2024-07-14 00:00:00+00:00
[2024-07-14T16:48:41.184+0000] {processor.py:183} INFO - Processing /home/airflow/.local/lib/python3.12/site-packages/airflow/example_dags/example_task_group_decorator.py took 0.193 seconds
[2024-07-14T16:49:11.347+0000] {processor.py:161} INFO - Started process (PID=1765) to work on /home/airflow/.local/lib/python3.12/site-packages/airflow/example_dags/example_task_group_decorator.py
[2024-07-14T16:49:11.349+0000] {processor.py:830} INFO - Processing file /home/airflow/.local/lib/python3.12/site-packages/airflow/example_dags/example_task_group_decorator.py for tasks to queue
[2024-07-14T16:49:11.350+0000] {logging_mixin.py:188} INFO - [2024-07-14T16:49:11.350+0000] {dagbag.py:545} INFO - Filling up the DagBag from /home/airflow/.local/lib/python3.12/site-packages/airflow/example_dags/example_task_group_decorator.py
[2024-07-14T16:49:11.385+0000] {processor.py:840} INFO - DAG(s) 'example_task_group_decorator' retrieved from /home/airflow/.local/lib/python3.12/site-packages/airflow/example_dags/example_task_group_decorator.py
[2024-07-14T16:49:11.435+0000] {logging_mixin.py:188} INFO - [2024-07-14T16:49:11.434+0000] {dag.py:3096} INFO - Sync 1 DAGs
[2024-07-14T16:49:11.479+0000] {logging_mixin.py:188} INFO - [2024-07-14T16:49:11.476+0000] {dag.py:3954} INFO - Setting next_dagrun for example_task_group_decorator to 2024-07-13 00:00:00+00:00, run_after=2024-07-14 00:00:00+00:00
[2024-07-14T16:49:11.507+0000] {processor.py:183} INFO - Processing /home/airflow/.local/lib/python3.12/site-packages/airflow/example_dags/example_task_group_decorator.py took 0.174 seconds
[2024-07-14T16:49:42.199+0000] {processor.py:161} INFO - Started process (PID=1824) to work on /home/airflow/.local/lib/python3.12/site-packages/airflow/example_dags/example_task_group_decorator.py
[2024-07-14T16:49:42.201+0000] {processor.py:830} INFO - Processing file /home/airflow/.local/lib/python3.12/site-packages/airflow/example_dags/example_task_group_decorator.py for tasks to queue
[2024-07-14T16:49:42.202+0000] {logging_mixin.py:188} INFO - [2024-07-14T16:49:42.202+0000] {dagbag.py:545} INFO - Filling up the DagBag from /home/airflow/.local/lib/python3.12/site-packages/airflow/example_dags/example_task_group_decorator.py
[2024-07-14T16:49:42.245+0000] {processor.py:840} INFO - DAG(s) 'example_task_group_decorator' retrieved from /home/airflow/.local/lib/python3.12/site-packages/airflow/example_dags/example_task_group_decorator.py
[2024-07-14T16:49:42.299+0000] {logging_mixin.py:188} INFO - [2024-07-14T16:49:42.299+0000] {dag.py:3096} INFO - Sync 1 DAGs
[2024-07-14T16:49:42.348+0000] {logging_mixin.py:188} INFO - [2024-07-14T16:49:42.348+0000] {dag.py:3954} INFO - Setting next_dagrun for example_task_group_decorator to 2024-07-13 00:00:00+00:00, run_after=2024-07-14 00:00:00+00:00
[2024-07-14T16:49:42.397+0000] {processor.py:183} INFO - Processing /home/airflow/.local/lib/python3.12/site-packages/airflow/example_dags/example_task_group_decorator.py took 0.209 seconds
[2024-07-14T16:50:14.294+0000] {processor.py:161} INFO - Started process (PID=1883) to work on /home/airflow/.local/lib/python3.12/site-packages/airflow/example_dags/example_task_group_decorator.py
[2024-07-14T16:50:14.296+0000] {processor.py:830} INFO - Processing file /home/airflow/.local/lib/python3.12/site-packages/airflow/example_dags/example_task_group_decorator.py for tasks to queue
[2024-07-14T16:50:14.297+0000] {logging_mixin.py:188} INFO - [2024-07-14T16:50:14.297+0000] {dagbag.py:545} INFO - Filling up the DagBag from /home/airflow/.local/lib/python3.12/site-packages/airflow/example_dags/example_task_group_decorator.py
[2024-07-14T16:50:14.343+0000] {processor.py:840} INFO - DAG(s) 'example_task_group_decorator' retrieved from /home/airflow/.local/lib/python3.12/site-packages/airflow/example_dags/example_task_group_decorator.py
[2024-07-14T16:50:14.409+0000] {logging_mixin.py:188} INFO - [2024-07-14T16:50:14.407+0000] {dag.py:3096} INFO - Sync 1 DAGs
[2024-07-14T16:50:15.090+0000] {logging_mixin.py:188} INFO - [2024-07-14T16:50:15.090+0000] {dag.py:3954} INFO - Setting next_dagrun for example_task_group_decorator to 2024-07-13 00:00:00+00:00, run_after=2024-07-14 00:00:00+00:00
[2024-07-14T16:50:15.125+0000] {processor.py:183} INFO - Processing /home/airflow/.local/lib/python3.12/site-packages/airflow/example_dags/example_task_group_decorator.py took 0.846 seconds
[2024-07-14T16:50:45.352+0000] {processor.py:161} INFO - Started process (PID=1941) to work on /home/airflow/.local/lib/python3.12/site-packages/airflow/example_dags/example_task_group_decorator.py
[2024-07-14T16:50:45.353+0000] {processor.py:830} INFO - Processing file /home/airflow/.local/lib/python3.12/site-packages/airflow/example_dags/example_task_group_decorator.py for tasks to queue
[2024-07-14T16:50:45.356+0000] {logging_mixin.py:188} INFO - [2024-07-14T16:50:45.356+0000] {dagbag.py:545} INFO - Filling up the DagBag from /home/airflow/.local/lib/python3.12/site-packages/airflow/example_dags/example_task_group_decorator.py
[2024-07-14T16:50:45.396+0000] {processor.py:840} INFO - DAG(s) 'example_task_group_decorator' retrieved from /home/airflow/.local/lib/python3.12/site-packages/airflow/example_dags/example_task_group_decorator.py
[2024-07-14T16:50:45.447+0000] {logging_mixin.py:188} INFO - [2024-07-14T16:50:45.446+0000] {dag.py:3096} INFO - Sync 1 DAGs
[2024-07-14T16:50:45.508+0000] {logging_mixin.py:188} INFO - [2024-07-14T16:50:45.508+0000] {dag.py:3954} INFO - Setting next_dagrun for example_task_group_decorator to 2024-07-13 00:00:00+00:00, run_after=2024-07-14 00:00:00+00:00
[2024-07-14T16:50:45.561+0000] {processor.py:183} INFO - Processing /home/airflow/.local/lib/python3.12/site-packages/airflow/example_dags/example_task_group_decorator.py took 0.222 seconds
[2024-07-14T16:51:15.856+0000] {processor.py:161} INFO - Started process (PID=1999) to work on /home/airflow/.local/lib/python3.12/site-packages/airflow/example_dags/example_task_group_decorator.py
[2024-07-14T16:51:15.859+0000] {processor.py:830} INFO - Processing file /home/airflow/.local/lib/python3.12/site-packages/airflow/example_dags/example_task_group_decorator.py for tasks to queue
[2024-07-14T16:51:15.865+0000] {logging_mixin.py:188} INFO - [2024-07-14T16:51:15.864+0000] {dagbag.py:545} INFO - Filling up the DagBag from /home/airflow/.local/lib/python3.12/site-packages/airflow/example_dags/example_task_group_decorator.py
[2024-07-14T16:51:15.919+0000] {processor.py:840} INFO - DAG(s) 'example_task_group_decorator' retrieved from /home/airflow/.local/lib/python3.12/site-packages/airflow/example_dags/example_task_group_decorator.py
[2024-07-14T16:51:15.978+0000] {logging_mixin.py:188} INFO - [2024-07-14T16:51:15.978+0000] {dag.py:3096} INFO - Sync 1 DAGs
[2024-07-14T16:51:16.037+0000] {logging_mixin.py:188} INFO - [2024-07-14T16:51:16.037+0000] {dag.py:3954} INFO - Setting next_dagrun for example_task_group_decorator to 2024-07-13 00:00:00+00:00, run_after=2024-07-14 00:00:00+00:00
[2024-07-14T16:51:16.083+0000] {processor.py:183} INFO - Processing /home/airflow/.local/lib/python3.12/site-packages/airflow/example_dags/example_task_group_decorator.py took 0.245 seconds
[2024-07-14T16:51:46.747+0000] {processor.py:161} INFO - Started process (PID=2058) to work on /home/airflow/.local/lib/python3.12/site-packages/airflow/example_dags/example_task_group_decorator.py
[2024-07-14T16:51:46.759+0000] {processor.py:830} INFO - Processing file /home/airflow/.local/lib/python3.12/site-packages/airflow/example_dags/example_task_group_decorator.py for tasks to queue
[2024-07-14T16:51:46.762+0000] {logging_mixin.py:188} INFO - [2024-07-14T16:51:46.761+0000] {dagbag.py:545} INFO - Filling up the DagBag from /home/airflow/.local/lib/python3.12/site-packages/airflow/example_dags/example_task_group_decorator.py
[2024-07-14T16:51:46.801+0000] {processor.py:840} INFO - DAG(s) 'example_task_group_decorator' retrieved from /home/airflow/.local/lib/python3.12/site-packages/airflow/example_dags/example_task_group_decorator.py
[2024-07-14T16:51:46.872+0000] {logging_mixin.py:188} INFO - [2024-07-14T16:51:46.869+0000] {dag.py:3096} INFO - Sync 1 DAGs
[2024-07-14T16:51:46.942+0000] {logging_mixin.py:188} INFO - [2024-07-14T16:51:46.942+0000] {dag.py:3954} INFO - Setting next_dagrun for example_task_group_decorator to 2024-07-13 00:00:00+00:00, run_after=2024-07-14 00:00:00+00:00
[2024-07-14T16:51:47.002+0000] {processor.py:183} INFO - Processing /home/airflow/.local/lib/python3.12/site-packages/airflow/example_dags/example_task_group_decorator.py took 0.269 seconds
[2024-07-14T16:55:49.373+0000] {processor.py:161} INFO - Started process (PID=71) to work on /home/airflow/.local/lib/python3.12/site-packages/airflow/example_dags/example_task_group_decorator.py
[2024-07-14T16:55:49.400+0000] {processor.py:830} INFO - Processing file /home/airflow/.local/lib/python3.12/site-packages/airflow/example_dags/example_task_group_decorator.py for tasks to queue
[2024-07-14T16:55:49.455+0000] {logging_mixin.py:188} INFO - [2024-07-14T16:55:49.453+0000] {dagbag.py:545} INFO - Filling up the DagBag from /home/airflow/.local/lib/python3.12/site-packages/airflow/example_dags/example_task_group_decorator.py
[2024-07-14T16:55:50.175+0000] {processor.py:840} INFO - DAG(s) 'example_task_group_decorator' retrieved from /home/airflow/.local/lib/python3.12/site-packages/airflow/example_dags/example_task_group_decorator.py
[2024-07-14T16:55:53.999+0000] {logging_mixin.py:188} INFO - [2024-07-14T16:55:53.996+0000] {dag.py:3096} INFO - Sync 1 DAGs
[2024-07-14T16:55:54.443+0000] {logging_mixin.py:188} INFO - [2024-07-14T16:55:54.442+0000] {dag.py:3954} INFO - Setting next_dagrun for example_task_group_decorator to 2024-07-13 00:00:00+00:00, run_after=2024-07-14 00:00:00+00:00
[2024-07-14T16:55:55.006+0000] {processor.py:183} INFO - Processing /home/airflow/.local/lib/python3.12/site-packages/airflow/example_dags/example_task_group_decorator.py took 5.728 seconds
[2024-07-14T16:56:30.381+0000] {processor.py:161} INFO - Started process (PID=130) to work on /home/airflow/.local/lib/python3.12/site-packages/airflow/example_dags/example_task_group_decorator.py
[2024-07-14T16:56:30.383+0000] {processor.py:830} INFO - Processing file /home/airflow/.local/lib/python3.12/site-packages/airflow/example_dags/example_task_group_decorator.py for tasks to queue
[2024-07-14T16:56:30.386+0000] {logging_mixin.py:188} INFO - [2024-07-14T16:56:30.386+0000] {dagbag.py:545} INFO - Filling up the DagBag from /home/airflow/.local/lib/python3.12/site-packages/airflow/example_dags/example_task_group_decorator.py
[2024-07-14T16:56:30.429+0000] {processor.py:840} INFO - DAG(s) 'example_task_group_decorator' retrieved from /home/airflow/.local/lib/python3.12/site-packages/airflow/example_dags/example_task_group_decorator.py
[2024-07-14T16:56:30.644+0000] {logging_mixin.py:188} INFO - [2024-07-14T16:56:30.643+0000] {dag.py:3096} INFO - Sync 1 DAGs
[2024-07-14T16:56:30.863+0000] {logging_mixin.py:188} INFO - [2024-07-14T16:56:30.863+0000] {dag.py:3954} INFO - Setting next_dagrun for example_task_group_decorator to 2024-07-13 00:00:00+00:00, run_after=2024-07-14 00:00:00+00:00
[2024-07-14T16:56:30.951+0000] {processor.py:183} INFO - Processing /home/airflow/.local/lib/python3.12/site-packages/airflow/example_dags/example_task_group_decorator.py took 0.580 seconds
