[2024-07-14T16:33:14.092+0000] {processor.py:161} INFO - Started process (PID=37) to work on /home/airflow/.local/lib/python3.12/site-packages/airflow/example_dags/example_dynamic_task_mapping_with_no_taskflow_operators.py
[2024-07-14T16:33:14.100+0000] {processor.py:830} INFO - Processing file /home/airflow/.local/lib/python3.12/site-packages/airflow/example_dags/example_dynamic_task_mapping_with_no_taskflow_operators.py for tasks to queue
[2024-07-14T16:33:14.116+0000] {logging_mixin.py:188} INFO - [2024-07-14T16:33:14.113+0000] {dagbag.py:545} INFO - Filling up the DagBag from /home/airflow/.local/lib/python3.12/site-packages/airflow/example_dags/example_dynamic_task_mapping_with_no_taskflow_operators.py
[2024-07-14T16:33:14.190+0000] {processor.py:840} INFO - DAG(s) 'example_dynamic_task_mapping_with_no_taskflow_operators' retrieved from /home/airflow/.local/lib/python3.12/site-packages/airflow/example_dags/example_dynamic_task_mapping_with_no_taskflow_operators.py
[2024-07-14T16:33:15.112+0000] {logging_mixin.py:188} INFO - [2024-07-14T16:33:15.111+0000] {dag.py:3096} INFO - Sync 1 DAGs
[2024-07-14T16:33:15.242+0000] {logging_mixin.py:188} INFO - [2024-07-14T16:33:15.242+0000] {dag.py:3954} INFO - Setting next_dagrun for example_dynamic_task_mapping_with_no_taskflow_operators to 2024-07-13 00:00:00+00:00, run_after=2024-07-14 00:00:00+00:00
[2024-07-14T16:33:15.306+0000] {processor.py:183} INFO - Processing /home/airflow/.local/lib/python3.12/site-packages/airflow/example_dags/example_dynamic_task_mapping_with_no_taskflow_operators.py took 1.253 seconds
[2024-07-14T16:33:45.924+0000] {processor.py:161} INFO - Started process (PID=95) to work on /home/airflow/.local/lib/python3.12/site-packages/airflow/example_dags/example_dynamic_task_mapping_with_no_taskflow_operators.py
[2024-07-14T16:33:45.933+0000] {processor.py:830} INFO - Processing file /home/airflow/.local/lib/python3.12/site-packages/airflow/example_dags/example_dynamic_task_mapping_with_no_taskflow_operators.py for tasks to queue
[2024-07-14T16:33:45.937+0000] {logging_mixin.py:188} INFO - [2024-07-14T16:33:45.936+0000] {dagbag.py:545} INFO - Filling up the DagBag from /home/airflow/.local/lib/python3.12/site-packages/airflow/example_dags/example_dynamic_task_mapping_with_no_taskflow_operators.py
[2024-07-14T16:33:45.950+0000] {processor.py:840} INFO - DAG(s) 'example_dynamic_task_mapping_with_no_taskflow_operators' retrieved from /home/airflow/.local/lib/python3.12/site-packages/airflow/example_dags/example_dynamic_task_mapping_with_no_taskflow_operators.py
[2024-07-14T16:33:46.014+0000] {logging_mixin.py:188} INFO - [2024-07-14T16:33:46.013+0000] {dag.py:3096} INFO - Sync 1 DAGs
[2024-07-14T16:33:46.103+0000] {logging_mixin.py:188} INFO - [2024-07-14T16:33:46.103+0000] {dag.py:3954} INFO - Setting next_dagrun for example_dynamic_task_mapping_with_no_taskflow_operators to 2024-07-13 00:00:00+00:00, run_after=2024-07-14 00:00:00+00:00
[2024-07-14T16:33:46.134+0000] {processor.py:183} INFO - Processing /home/airflow/.local/lib/python3.12/site-packages/airflow/example_dags/example_dynamic_task_mapping_with_no_taskflow_operators.py took 0.238 seconds
[2024-07-14T16:34:16.768+0000] {processor.py:161} INFO - Started process (PID=152) to work on /home/airflow/.local/lib/python3.12/site-packages/airflow/example_dags/example_dynamic_task_mapping_with_no_taskflow_operators.py
[2024-07-14T16:34:16.778+0000] {processor.py:830} INFO - Processing file /home/airflow/.local/lib/python3.12/site-packages/airflow/example_dags/example_dynamic_task_mapping_with_no_taskflow_operators.py for tasks to queue
[2024-07-14T16:34:16.783+0000] {logging_mixin.py:188} INFO - [2024-07-14T16:34:16.782+0000] {dagbag.py:545} INFO - Filling up the DagBag from /home/airflow/.local/lib/python3.12/site-packages/airflow/example_dags/example_dynamic_task_mapping_with_no_taskflow_operators.py
[2024-07-14T16:34:16.794+0000] {processor.py:840} INFO - DAG(s) 'example_dynamic_task_mapping_with_no_taskflow_operators' retrieved from /home/airflow/.local/lib/python3.12/site-packages/airflow/example_dags/example_dynamic_task_mapping_with_no_taskflow_operators.py
[2024-07-14T16:34:16.837+0000] {logging_mixin.py:188} INFO - [2024-07-14T16:34:16.836+0000] {dag.py:3096} INFO - Sync 1 DAGs
[2024-07-14T16:34:16.896+0000] {logging_mixin.py:188} INFO - [2024-07-14T16:34:16.896+0000] {dag.py:3954} INFO - Setting next_dagrun for example_dynamic_task_mapping_with_no_taskflow_operators to 2024-07-13 00:00:00+00:00, run_after=2024-07-14 00:00:00+00:00
[2024-07-14T16:34:16.933+0000] {processor.py:183} INFO - Processing /home/airflow/.local/lib/python3.12/site-packages/airflow/example_dags/example_dynamic_task_mapping_with_no_taskflow_operators.py took 0.177 seconds
[2024-07-14T16:34:47.394+0000] {processor.py:161} INFO - Started process (PID=210) to work on /home/airflow/.local/lib/python3.12/site-packages/airflow/example_dags/example_dynamic_task_mapping_with_no_taskflow_operators.py
[2024-07-14T16:34:47.396+0000] {processor.py:830} INFO - Processing file /home/airflow/.local/lib/python3.12/site-packages/airflow/example_dags/example_dynamic_task_mapping_with_no_taskflow_operators.py for tasks to queue
[2024-07-14T16:34:47.400+0000] {logging_mixin.py:188} INFO - [2024-07-14T16:34:47.399+0000] {dagbag.py:545} INFO - Filling up the DagBag from /home/airflow/.local/lib/python3.12/site-packages/airflow/example_dags/example_dynamic_task_mapping_with_no_taskflow_operators.py
[2024-07-14T16:34:47.419+0000] {processor.py:840} INFO - DAG(s) 'example_dynamic_task_mapping_with_no_taskflow_operators' retrieved from /home/airflow/.local/lib/python3.12/site-packages/airflow/example_dags/example_dynamic_task_mapping_with_no_taskflow_operators.py
[2024-07-14T16:34:47.477+0000] {logging_mixin.py:188} INFO - [2024-07-14T16:34:47.476+0000] {dag.py:3096} INFO - Sync 1 DAGs
[2024-07-14T16:34:47.543+0000] {logging_mixin.py:188} INFO - [2024-07-14T16:34:47.542+0000] {dag.py:3954} INFO - Setting next_dagrun for example_dynamic_task_mapping_with_no_taskflow_operators to 2024-07-13 00:00:00+00:00, run_after=2024-07-14 00:00:00+00:00
[2024-07-14T16:34:47.592+0000] {processor.py:183} INFO - Processing /home/airflow/.local/lib/python3.12/site-packages/airflow/example_dags/example_dynamic_task_mapping_with_no_taskflow_operators.py took 0.210 seconds
[2024-07-14T16:35:17.999+0000] {processor.py:161} INFO - Started process (PID=266) to work on /home/airflow/.local/lib/python3.12/site-packages/airflow/example_dags/example_dynamic_task_mapping_with_no_taskflow_operators.py
[2024-07-14T16:35:18.004+0000] {processor.py:830} INFO - Processing file /home/airflow/.local/lib/python3.12/site-packages/airflow/example_dags/example_dynamic_task_mapping_with_no_taskflow_operators.py for tasks to queue
[2024-07-14T16:35:18.008+0000] {logging_mixin.py:188} INFO - [2024-07-14T16:35:18.007+0000] {dagbag.py:545} INFO - Filling up the DagBag from /home/airflow/.local/lib/python3.12/site-packages/airflow/example_dags/example_dynamic_task_mapping_with_no_taskflow_operators.py
[2024-07-14T16:35:18.025+0000] {processor.py:840} INFO - DAG(s) 'example_dynamic_task_mapping_with_no_taskflow_operators' retrieved from /home/airflow/.local/lib/python3.12/site-packages/airflow/example_dags/example_dynamic_task_mapping_with_no_taskflow_operators.py
[2024-07-14T16:35:18.069+0000] {logging_mixin.py:188} INFO - [2024-07-14T16:35:18.061+0000] {dag.py:3096} INFO - Sync 1 DAGs
[2024-07-14T16:35:18.131+0000] {logging_mixin.py:188} INFO - [2024-07-14T16:35:18.130+0000] {dag.py:3954} INFO - Setting next_dagrun for example_dynamic_task_mapping_with_no_taskflow_operators to 2024-07-13 00:00:00+00:00, run_after=2024-07-14 00:00:00+00:00
[2024-07-14T16:35:18.177+0000] {processor.py:183} INFO - Processing /home/airflow/.local/lib/python3.12/site-packages/airflow/example_dags/example_dynamic_task_mapping_with_no_taskflow_operators.py took 0.192 seconds
[2024-07-14T16:35:48.641+0000] {processor.py:161} INFO - Started process (PID=324) to work on /home/airflow/.local/lib/python3.12/site-packages/airflow/example_dags/example_dynamic_task_mapping_with_no_taskflow_operators.py
[2024-07-14T16:35:48.645+0000] {processor.py:830} INFO - Processing file /home/airflow/.local/lib/python3.12/site-packages/airflow/example_dags/example_dynamic_task_mapping_with_no_taskflow_operators.py for tasks to queue
[2024-07-14T16:35:48.649+0000] {logging_mixin.py:188} INFO - [2024-07-14T16:35:48.648+0000] {dagbag.py:545} INFO - Filling up the DagBag from /home/airflow/.local/lib/python3.12/site-packages/airflow/example_dags/example_dynamic_task_mapping_with_no_taskflow_operators.py
[2024-07-14T16:35:48.685+0000] {processor.py:840} INFO - DAG(s) 'example_dynamic_task_mapping_with_no_taskflow_operators' retrieved from /home/airflow/.local/lib/python3.12/site-packages/airflow/example_dags/example_dynamic_task_mapping_with_no_taskflow_operators.py
[2024-07-14T16:35:48.741+0000] {logging_mixin.py:188} INFO - [2024-07-14T16:35:48.741+0000] {dag.py:3096} INFO - Sync 1 DAGs
[2024-07-14T16:35:48.806+0000] {logging_mixin.py:188} INFO - [2024-07-14T16:35:48.806+0000] {dag.py:3954} INFO - Setting next_dagrun for example_dynamic_task_mapping_with_no_taskflow_operators to 2024-07-13 00:00:00+00:00, run_after=2024-07-14 00:00:00+00:00
[2024-07-14T16:35:48.853+0000] {processor.py:183} INFO - Processing /home/airflow/.local/lib/python3.12/site-packages/airflow/example_dags/example_dynamic_task_mapping_with_no_taskflow_operators.py took 0.227 seconds
[2024-07-14T16:36:19.237+0000] {processor.py:161} INFO - Started process (PID=382) to work on /home/airflow/.local/lib/python3.12/site-packages/airflow/example_dags/example_dynamic_task_mapping_with_no_taskflow_operators.py
[2024-07-14T16:36:19.239+0000] {processor.py:830} INFO - Processing file /home/airflow/.local/lib/python3.12/site-packages/airflow/example_dags/example_dynamic_task_mapping_with_no_taskflow_operators.py for tasks to queue
[2024-07-14T16:36:19.242+0000] {logging_mixin.py:188} INFO - [2024-07-14T16:36:19.242+0000] {dagbag.py:545} INFO - Filling up the DagBag from /home/airflow/.local/lib/python3.12/site-packages/airflow/example_dags/example_dynamic_task_mapping_with_no_taskflow_operators.py
[2024-07-14T16:36:19.253+0000] {processor.py:840} INFO - DAG(s) 'example_dynamic_task_mapping_with_no_taskflow_operators' retrieved from /home/airflow/.local/lib/python3.12/site-packages/airflow/example_dags/example_dynamic_task_mapping_with_no_taskflow_operators.py
[2024-07-14T16:36:19.296+0000] {logging_mixin.py:188} INFO - [2024-07-14T16:36:19.296+0000] {dag.py:3096} INFO - Sync 1 DAGs
[2024-07-14T16:36:19.336+0000] {logging_mixin.py:188} INFO - [2024-07-14T16:36:19.336+0000] {dag.py:3954} INFO - Setting next_dagrun for example_dynamic_task_mapping_with_no_taskflow_operators to 2024-07-13 00:00:00+00:00, run_after=2024-07-14 00:00:00+00:00
[2024-07-14T16:36:19.380+0000] {processor.py:183} INFO - Processing /home/airflow/.local/lib/python3.12/site-packages/airflow/example_dags/example_dynamic_task_mapping_with_no_taskflow_operators.py took 0.156 seconds
[2024-07-14T16:36:50.203+0000] {processor.py:161} INFO - Started process (PID=440) to work on /home/airflow/.local/lib/python3.12/site-packages/airflow/example_dags/example_dynamic_task_mapping_with_no_taskflow_operators.py
[2024-07-14T16:36:50.206+0000] {processor.py:830} INFO - Processing file /home/airflow/.local/lib/python3.12/site-packages/airflow/example_dags/example_dynamic_task_mapping_with_no_taskflow_operators.py for tasks to queue
[2024-07-14T16:36:50.224+0000] {logging_mixin.py:188} INFO - [2024-07-14T16:36:50.212+0000] {dagbag.py:545} INFO - Filling up the DagBag from /home/airflow/.local/lib/python3.12/site-packages/airflow/example_dags/example_dynamic_task_mapping_with_no_taskflow_operators.py
[2024-07-14T16:36:50.241+0000] {processor.py:840} INFO - DAG(s) 'example_dynamic_task_mapping_with_no_taskflow_operators' retrieved from /home/airflow/.local/lib/python3.12/site-packages/airflow/example_dags/example_dynamic_task_mapping_with_no_taskflow_operators.py
[2024-07-14T16:36:50.294+0000] {logging_mixin.py:188} INFO - [2024-07-14T16:36:50.294+0000] {dag.py:3096} INFO - Sync 1 DAGs
[2024-07-14T16:36:50.344+0000] {logging_mixin.py:188} INFO - [2024-07-14T16:36:50.344+0000] {dag.py:3954} INFO - Setting next_dagrun for example_dynamic_task_mapping_with_no_taskflow_operators to 2024-07-13 00:00:00+00:00, run_after=2024-07-14 00:00:00+00:00
[2024-07-14T16:36:50.385+0000] {processor.py:183} INFO - Processing /home/airflow/.local/lib/python3.12/site-packages/airflow/example_dags/example_dynamic_task_mapping_with_no_taskflow_operators.py took 0.194 seconds
[2024-07-14T16:37:21.183+0000] {processor.py:161} INFO - Started process (PID=497) to work on /home/airflow/.local/lib/python3.12/site-packages/airflow/example_dags/example_dynamic_task_mapping_with_no_taskflow_operators.py
[2024-07-14T16:37:21.188+0000] {processor.py:830} INFO - Processing file /home/airflow/.local/lib/python3.12/site-packages/airflow/example_dags/example_dynamic_task_mapping_with_no_taskflow_operators.py for tasks to queue
[2024-07-14T16:37:21.193+0000] {logging_mixin.py:188} INFO - [2024-07-14T16:37:21.192+0000] {dagbag.py:545} INFO - Filling up the DagBag from /home/airflow/.local/lib/python3.12/site-packages/airflow/example_dags/example_dynamic_task_mapping_with_no_taskflow_operators.py
[2024-07-14T16:37:21.209+0000] {processor.py:840} INFO - DAG(s) 'example_dynamic_task_mapping_with_no_taskflow_operators' retrieved from /home/airflow/.local/lib/python3.12/site-packages/airflow/example_dags/example_dynamic_task_mapping_with_no_taskflow_operators.py
[2024-07-14T16:37:21.269+0000] {logging_mixin.py:188} INFO - [2024-07-14T16:37:21.268+0000] {dag.py:3096} INFO - Sync 1 DAGs
[2024-07-14T16:37:21.363+0000] {logging_mixin.py:188} INFO - [2024-07-14T16:37:21.363+0000] {dag.py:3954} INFO - Setting next_dagrun for example_dynamic_task_mapping_with_no_taskflow_operators to 2024-07-13 00:00:00+00:00, run_after=2024-07-14 00:00:00+00:00
[2024-07-14T16:37:21.458+0000] {processor.py:183} INFO - Processing /home/airflow/.local/lib/python3.12/site-packages/airflow/example_dags/example_dynamic_task_mapping_with_no_taskflow_operators.py took 0.302 seconds
[2024-07-14T16:37:53.765+0000] {processor.py:161} INFO - Started process (PID=555) to work on /home/airflow/.local/lib/python3.12/site-packages/airflow/example_dags/example_dynamic_task_mapping_with_no_taskflow_operators.py
[2024-07-14T16:37:53.779+0000] {processor.py:830} INFO - Processing file /home/airflow/.local/lib/python3.12/site-packages/airflow/example_dags/example_dynamic_task_mapping_with_no_taskflow_operators.py for tasks to queue
[2024-07-14T16:37:53.795+0000] {logging_mixin.py:188} INFO - [2024-07-14T16:37:53.795+0000] {dagbag.py:545} INFO - Filling up the DagBag from /home/airflow/.local/lib/python3.12/site-packages/airflow/example_dags/example_dynamic_task_mapping_with_no_taskflow_operators.py
[2024-07-14T16:37:53.820+0000] {processor.py:840} INFO - DAG(s) 'example_dynamic_task_mapping_with_no_taskflow_operators' retrieved from /home/airflow/.local/lib/python3.12/site-packages/airflow/example_dags/example_dynamic_task_mapping_with_no_taskflow_operators.py
[2024-07-14T16:37:54.064+0000] {logging_mixin.py:188} INFO - [2024-07-14T16:37:54.063+0000] {dag.py:3096} INFO - Sync 1 DAGs
[2024-07-14T16:37:54.712+0000] {logging_mixin.py:188} INFO - [2024-07-14T16:37:54.711+0000] {dag.py:3954} INFO - Setting next_dagrun for example_dynamic_task_mapping_with_no_taskflow_operators to 2024-07-13 00:00:00+00:00, run_after=2024-07-14 00:00:00+00:00
[2024-07-14T16:37:55.332+0000] {processor.py:183} INFO - Processing /home/airflow/.local/lib/python3.12/site-packages/airflow/example_dags/example_dynamic_task_mapping_with_no_taskflow_operators.py took 1.596 seconds
[2024-07-14T16:38:44.066+0000] {processor.py:161} INFO - Started process (PID=584) to work on /home/airflow/.local/lib/python3.12/site-packages/airflow/example_dags/example_dynamic_task_mapping_with_no_taskflow_operators.py
[2024-07-14T16:38:44.075+0000] {processor.py:830} INFO - Processing file /home/airflow/.local/lib/python3.12/site-packages/airflow/example_dags/example_dynamic_task_mapping_with_no_taskflow_operators.py for tasks to queue
[2024-07-14T16:38:44.082+0000] {logging_mixin.py:188} INFO - [2024-07-14T16:38:44.077+0000] {dagbag.py:545} INFO - Filling up the DagBag from /home/airflow/.local/lib/python3.12/site-packages/airflow/example_dags/example_dynamic_task_mapping_with_no_taskflow_operators.py
[2024-07-14T16:38:44.320+0000] {processor.py:840} INFO - DAG(s) 'example_dynamic_task_mapping_with_no_taskflow_operators' retrieved from /home/airflow/.local/lib/python3.12/site-packages/airflow/example_dags/example_dynamic_task_mapping_with_no_taskflow_operators.py
[2024-07-14T16:38:44.575+0000] {logging_mixin.py:188} INFO - [2024-07-14T16:38:44.575+0000] {dag.py:3096} INFO - Sync 1 DAGs
[2024-07-14T16:38:44.884+0000] {logging_mixin.py:188} INFO - [2024-07-14T16:38:44.883+0000] {dag.py:3954} INFO - Setting next_dagrun for example_dynamic_task_mapping_with_no_taskflow_operators to 2024-07-13 00:00:00+00:00, run_after=2024-07-14 00:00:00+00:00
[2024-07-14T16:38:45.562+0000] {processor.py:183} INFO - Processing /home/airflow/.local/lib/python3.12/site-packages/airflow/example_dags/example_dynamic_task_mapping_with_no_taskflow_operators.py took 1.623 seconds
[2024-07-14T16:39:20.798+0000] {processor.py:161} INFO - Started process (PID=630) to work on /home/airflow/.local/lib/python3.12/site-packages/airflow/example_dags/example_dynamic_task_mapping_with_no_taskflow_operators.py
[2024-07-14T16:39:20.801+0000] {processor.py:830} INFO - Processing file /home/airflow/.local/lib/python3.12/site-packages/airflow/example_dags/example_dynamic_task_mapping_with_no_taskflow_operators.py for tasks to queue
[2024-07-14T16:39:20.804+0000] {logging_mixin.py:188} INFO - [2024-07-14T16:39:20.803+0000] {dagbag.py:545} INFO - Filling up the DagBag from /home/airflow/.local/lib/python3.12/site-packages/airflow/example_dags/example_dynamic_task_mapping_with_no_taskflow_operators.py
[2024-07-14T16:39:20.834+0000] {processor.py:840} INFO - DAG(s) 'example_dynamic_task_mapping_with_no_taskflow_operators' retrieved from /home/airflow/.local/lib/python3.12/site-packages/airflow/example_dags/example_dynamic_task_mapping_with_no_taskflow_operators.py
[2024-07-14T16:39:20.896+0000] {logging_mixin.py:188} INFO - [2024-07-14T16:39:20.896+0000] {dag.py:3096} INFO - Sync 1 DAGs
[2024-07-14T16:39:20.968+0000] {logging_mixin.py:188} INFO - [2024-07-14T16:39:20.967+0000] {dag.py:3954} INFO - Setting next_dagrun for example_dynamic_task_mapping_with_no_taskflow_operators to 2024-07-13 00:00:00+00:00, run_after=2024-07-14 00:00:00+00:00
[2024-07-14T16:39:21.060+0000] {processor.py:183} INFO - Processing /home/airflow/.local/lib/python3.12/site-packages/airflow/example_dags/example_dynamic_task_mapping_with_no_taskflow_operators.py took 0.277 seconds
[2024-07-14T16:39:51.753+0000] {processor.py:161} INFO - Started process (PID=689) to work on /home/airflow/.local/lib/python3.12/site-packages/airflow/example_dags/example_dynamic_task_mapping_with_no_taskflow_operators.py
[2024-07-14T16:39:51.756+0000] {processor.py:830} INFO - Processing file /home/airflow/.local/lib/python3.12/site-packages/airflow/example_dags/example_dynamic_task_mapping_with_no_taskflow_operators.py for tasks to queue
[2024-07-14T16:39:51.758+0000] {logging_mixin.py:188} INFO - [2024-07-14T16:39:51.757+0000] {dagbag.py:545} INFO - Filling up the DagBag from /home/airflow/.local/lib/python3.12/site-packages/airflow/example_dags/example_dynamic_task_mapping_with_no_taskflow_operators.py
[2024-07-14T16:39:51.774+0000] {processor.py:840} INFO - DAG(s) 'example_dynamic_task_mapping_with_no_taskflow_operators' retrieved from /home/airflow/.local/lib/python3.12/site-packages/airflow/example_dags/example_dynamic_task_mapping_with_no_taskflow_operators.py
[2024-07-14T16:39:51.805+0000] {logging_mixin.py:188} INFO - [2024-07-14T16:39:51.804+0000] {dag.py:3096} INFO - Sync 1 DAGs
[2024-07-14T16:39:51.844+0000] {logging_mixin.py:188} INFO - [2024-07-14T16:39:51.844+0000] {dag.py:3954} INFO - Setting next_dagrun for example_dynamic_task_mapping_with_no_taskflow_operators to 2024-07-13 00:00:00+00:00, run_after=2024-07-14 00:00:00+00:00
[2024-07-14T16:39:51.880+0000] {processor.py:183} INFO - Processing /home/airflow/.local/lib/python3.12/site-packages/airflow/example_dags/example_dynamic_task_mapping_with_no_taskflow_operators.py took 0.136 seconds
[2024-07-14T16:40:22.616+0000] {processor.py:161} INFO - Started process (PID=748) to work on /home/airflow/.local/lib/python3.12/site-packages/airflow/example_dags/example_dynamic_task_mapping_with_no_taskflow_operators.py
[2024-07-14T16:40:22.620+0000] {processor.py:830} INFO - Processing file /home/airflow/.local/lib/python3.12/site-packages/airflow/example_dags/example_dynamic_task_mapping_with_no_taskflow_operators.py for tasks to queue
[2024-07-14T16:40:22.631+0000] {logging_mixin.py:188} INFO - [2024-07-14T16:40:22.630+0000] {dagbag.py:545} INFO - Filling up the DagBag from /home/airflow/.local/lib/python3.12/site-packages/airflow/example_dags/example_dynamic_task_mapping_with_no_taskflow_operators.py
[2024-07-14T16:40:22.652+0000] {processor.py:840} INFO - DAG(s) 'example_dynamic_task_mapping_with_no_taskflow_operators' retrieved from /home/airflow/.local/lib/python3.12/site-packages/airflow/example_dags/example_dynamic_task_mapping_with_no_taskflow_operators.py
[2024-07-14T16:40:22.730+0000] {logging_mixin.py:188} INFO - [2024-07-14T16:40:22.729+0000] {dag.py:3096} INFO - Sync 1 DAGs
[2024-07-14T16:40:22.802+0000] {logging_mixin.py:188} INFO - [2024-07-14T16:40:22.801+0000] {dag.py:3954} INFO - Setting next_dagrun for example_dynamic_task_mapping_with_no_taskflow_operators to 2024-07-13 00:00:00+00:00, run_after=2024-07-14 00:00:00+00:00
[2024-07-14T16:40:22.857+0000] {processor.py:183} INFO - Processing /home/airflow/.local/lib/python3.12/site-packages/airflow/example_dags/example_dynamic_task_mapping_with_no_taskflow_operators.py took 0.266 seconds
[2024-07-14T16:40:53.697+0000] {processor.py:161} INFO - Started process (PID=812) to work on /home/airflow/.local/lib/python3.12/site-packages/airflow/example_dags/example_dynamic_task_mapping_with_no_taskflow_operators.py
[2024-07-14T16:40:53.702+0000] {processor.py:830} INFO - Processing file /home/airflow/.local/lib/python3.12/site-packages/airflow/example_dags/example_dynamic_task_mapping_with_no_taskflow_operators.py for tasks to queue
[2024-07-14T16:40:53.709+0000] {logging_mixin.py:188} INFO - [2024-07-14T16:40:53.707+0000] {dagbag.py:545} INFO - Filling up the DagBag from /home/airflow/.local/lib/python3.12/site-packages/airflow/example_dags/example_dynamic_task_mapping_with_no_taskflow_operators.py
[2024-07-14T16:40:53.774+0000] {processor.py:840} INFO - DAG(s) 'example_dynamic_task_mapping_with_no_taskflow_operators' retrieved from /home/airflow/.local/lib/python3.12/site-packages/airflow/example_dags/example_dynamic_task_mapping_with_no_taskflow_operators.py
[2024-07-14T16:40:53.831+0000] {logging_mixin.py:188} INFO - [2024-07-14T16:40:53.831+0000] {dag.py:3096} INFO - Sync 1 DAGs
[2024-07-14T16:40:53.897+0000] {logging_mixin.py:188} INFO - [2024-07-14T16:40:53.897+0000] {dag.py:3954} INFO - Setting next_dagrun for example_dynamic_task_mapping_with_no_taskflow_operators to 2024-07-13 00:00:00+00:00, run_after=2024-07-14 00:00:00+00:00
[2024-07-14T16:40:53.952+0000] {processor.py:183} INFO - Processing /home/airflow/.local/lib/python3.12/site-packages/airflow/example_dags/example_dynamic_task_mapping_with_no_taskflow_operators.py took 0.287 seconds
[2024-07-14T16:41:24.509+0000] {processor.py:161} INFO - Started process (PID=871) to work on /home/airflow/.local/lib/python3.12/site-packages/airflow/example_dags/example_dynamic_task_mapping_with_no_taskflow_operators.py
[2024-07-14T16:41:24.511+0000] {processor.py:830} INFO - Processing file /home/airflow/.local/lib/python3.12/site-packages/airflow/example_dags/example_dynamic_task_mapping_with_no_taskflow_operators.py for tasks to queue
[2024-07-14T16:41:24.514+0000] {logging_mixin.py:188} INFO - [2024-07-14T16:41:24.513+0000] {dagbag.py:545} INFO - Filling up the DagBag from /home/airflow/.local/lib/python3.12/site-packages/airflow/example_dags/example_dynamic_task_mapping_with_no_taskflow_operators.py
[2024-07-14T16:41:24.531+0000] {processor.py:840} INFO - DAG(s) 'example_dynamic_task_mapping_with_no_taskflow_operators' retrieved from /home/airflow/.local/lib/python3.12/site-packages/airflow/example_dags/example_dynamic_task_mapping_with_no_taskflow_operators.py
[2024-07-14T16:41:24.585+0000] {logging_mixin.py:188} INFO - [2024-07-14T16:41:24.585+0000] {dag.py:3096} INFO - Sync 1 DAGs
[2024-07-14T16:41:24.649+0000] {logging_mixin.py:188} INFO - [2024-07-14T16:41:24.648+0000] {dag.py:3954} INFO - Setting next_dagrun for example_dynamic_task_mapping_with_no_taskflow_operators to 2024-07-13 00:00:00+00:00, run_after=2024-07-14 00:00:00+00:00
[2024-07-14T16:41:24.701+0000] {processor.py:183} INFO - Processing /home/airflow/.local/lib/python3.12/site-packages/airflow/example_dags/example_dynamic_task_mapping_with_no_taskflow_operators.py took 0.202 seconds
[2024-07-14T16:41:54.837+0000] {processor.py:161} INFO - Started process (PID=930) to work on /home/airflow/.local/lib/python3.12/site-packages/airflow/example_dags/example_dynamic_task_mapping_with_no_taskflow_operators.py
[2024-07-14T16:41:54.839+0000] {processor.py:830} INFO - Processing file /home/airflow/.local/lib/python3.12/site-packages/airflow/example_dags/example_dynamic_task_mapping_with_no_taskflow_operators.py for tasks to queue
[2024-07-14T16:41:54.841+0000] {logging_mixin.py:188} INFO - [2024-07-14T16:41:54.841+0000] {dagbag.py:545} INFO - Filling up the DagBag from /home/airflow/.local/lib/python3.12/site-packages/airflow/example_dags/example_dynamic_task_mapping_with_no_taskflow_operators.py
[2024-07-14T16:41:54.853+0000] {processor.py:840} INFO - DAG(s) 'example_dynamic_task_mapping_with_no_taskflow_operators' retrieved from /home/airflow/.local/lib/python3.12/site-packages/airflow/example_dags/example_dynamic_task_mapping_with_no_taskflow_operators.py
[2024-07-14T16:41:54.901+0000] {logging_mixin.py:188} INFO - [2024-07-14T16:41:54.900+0000] {dag.py:3096} INFO - Sync 1 DAGs
[2024-07-14T16:41:54.946+0000] {logging_mixin.py:188} INFO - [2024-07-14T16:41:54.946+0000] {dag.py:3954} INFO - Setting next_dagrun for example_dynamic_task_mapping_with_no_taskflow_operators to 2024-07-13 00:00:00+00:00, run_after=2024-07-14 00:00:00+00:00
[2024-07-14T16:41:54.990+0000] {processor.py:183} INFO - Processing /home/airflow/.local/lib/python3.12/site-packages/airflow/example_dags/example_dynamic_task_mapping_with_no_taskflow_operators.py took 0.161 seconds
[2024-07-14T16:42:25.189+0000] {processor.py:161} INFO - Started process (PID=986) to work on /home/airflow/.local/lib/python3.12/site-packages/airflow/example_dags/example_dynamic_task_mapping_with_no_taskflow_operators.py
[2024-07-14T16:42:25.191+0000] {processor.py:830} INFO - Processing file /home/airflow/.local/lib/python3.12/site-packages/airflow/example_dags/example_dynamic_task_mapping_with_no_taskflow_operators.py for tasks to queue
[2024-07-14T16:42:25.193+0000] {logging_mixin.py:188} INFO - [2024-07-14T16:42:25.192+0000] {dagbag.py:545} INFO - Filling up the DagBag from /home/airflow/.local/lib/python3.12/site-packages/airflow/example_dags/example_dynamic_task_mapping_with_no_taskflow_operators.py
[2024-07-14T16:42:25.207+0000] {processor.py:840} INFO - DAG(s) 'example_dynamic_task_mapping_with_no_taskflow_operators' retrieved from /home/airflow/.local/lib/python3.12/site-packages/airflow/example_dags/example_dynamic_task_mapping_with_no_taskflow_operators.py
[2024-07-14T16:42:25.255+0000] {logging_mixin.py:188} INFO - [2024-07-14T16:42:25.255+0000] {dag.py:3096} INFO - Sync 1 DAGs
[2024-07-14T16:42:25.297+0000] {logging_mixin.py:188} INFO - [2024-07-14T16:42:25.296+0000] {dag.py:3954} INFO - Setting next_dagrun for example_dynamic_task_mapping_with_no_taskflow_operators to 2024-07-13 00:00:00+00:00, run_after=2024-07-14 00:00:00+00:00
[2024-07-14T16:42:25.341+0000] {processor.py:183} INFO - Processing /home/airflow/.local/lib/python3.12/site-packages/airflow/example_dags/example_dynamic_task_mapping_with_no_taskflow_operators.py took 0.161 seconds
[2024-07-14T16:42:56.297+0000] {processor.py:161} INFO - Started process (PID=1045) to work on /home/airflow/.local/lib/python3.12/site-packages/airflow/example_dags/example_dynamic_task_mapping_with_no_taskflow_operators.py
[2024-07-14T16:42:56.300+0000] {processor.py:830} INFO - Processing file /home/airflow/.local/lib/python3.12/site-packages/airflow/example_dags/example_dynamic_task_mapping_with_no_taskflow_operators.py for tasks to queue
[2024-07-14T16:42:56.302+0000] {logging_mixin.py:188} INFO - [2024-07-14T16:42:56.302+0000] {dagbag.py:545} INFO - Filling up the DagBag from /home/airflow/.local/lib/python3.12/site-packages/airflow/example_dags/example_dynamic_task_mapping_with_no_taskflow_operators.py
[2024-07-14T16:42:56.327+0000] {processor.py:840} INFO - DAG(s) 'example_dynamic_task_mapping_with_no_taskflow_operators' retrieved from /home/airflow/.local/lib/python3.12/site-packages/airflow/example_dags/example_dynamic_task_mapping_with_no_taskflow_operators.py
[2024-07-14T16:42:56.379+0000] {logging_mixin.py:188} INFO - [2024-07-14T16:42:56.378+0000] {dag.py:3096} INFO - Sync 1 DAGs
[2024-07-14T16:42:56.448+0000] {logging_mixin.py:188} INFO - [2024-07-14T16:42:56.448+0000] {dag.py:3954} INFO - Setting next_dagrun for example_dynamic_task_mapping_with_no_taskflow_operators to 2024-07-13 00:00:00+00:00, run_after=2024-07-14 00:00:00+00:00
[2024-07-14T16:42:56.534+0000] {processor.py:183} INFO - Processing /home/airflow/.local/lib/python3.12/site-packages/airflow/example_dags/example_dynamic_task_mapping_with_no_taskflow_operators.py took 0.253 seconds
[2024-07-14T16:43:26.886+0000] {processor.py:161} INFO - Started process (PID=1103) to work on /home/airflow/.local/lib/python3.12/site-packages/airflow/example_dags/example_dynamic_task_mapping_with_no_taskflow_operators.py
[2024-07-14T16:43:26.890+0000] {processor.py:830} INFO - Processing file /home/airflow/.local/lib/python3.12/site-packages/airflow/example_dags/example_dynamic_task_mapping_with_no_taskflow_operators.py for tasks to queue
[2024-07-14T16:43:26.894+0000] {logging_mixin.py:188} INFO - [2024-07-14T16:43:26.892+0000] {dagbag.py:545} INFO - Filling up the DagBag from /home/airflow/.local/lib/python3.12/site-packages/airflow/example_dags/example_dynamic_task_mapping_with_no_taskflow_operators.py
[2024-07-14T16:43:26.911+0000] {processor.py:840} INFO - DAG(s) 'example_dynamic_task_mapping_with_no_taskflow_operators' retrieved from /home/airflow/.local/lib/python3.12/site-packages/airflow/example_dags/example_dynamic_task_mapping_with_no_taskflow_operators.py
[2024-07-14T16:43:26.983+0000] {logging_mixin.py:188} INFO - [2024-07-14T16:43:26.982+0000] {dag.py:3096} INFO - Sync 1 DAGs
[2024-07-14T16:43:27.031+0000] {logging_mixin.py:188} INFO - [2024-07-14T16:43:27.030+0000] {dag.py:3954} INFO - Setting next_dagrun for example_dynamic_task_mapping_with_no_taskflow_operators to 2024-07-13 00:00:00+00:00, run_after=2024-07-14 00:00:00+00:00
[2024-07-14T16:43:27.089+0000] {processor.py:183} INFO - Processing /home/airflow/.local/lib/python3.12/site-packages/airflow/example_dags/example_dynamic_task_mapping_with_no_taskflow_operators.py took 0.235 seconds
[2024-07-14T16:43:57.933+0000] {processor.py:161} INFO - Started process (PID=1159) to work on /home/airflow/.local/lib/python3.12/site-packages/airflow/example_dags/example_dynamic_task_mapping_with_no_taskflow_operators.py
[2024-07-14T16:43:57.936+0000] {processor.py:830} INFO - Processing file /home/airflow/.local/lib/python3.12/site-packages/airflow/example_dags/example_dynamic_task_mapping_with_no_taskflow_operators.py for tasks to queue
[2024-07-14T16:43:57.938+0000] {logging_mixin.py:188} INFO - [2024-07-14T16:43:57.937+0000] {dagbag.py:545} INFO - Filling up the DagBag from /home/airflow/.local/lib/python3.12/site-packages/airflow/example_dags/example_dynamic_task_mapping_with_no_taskflow_operators.py
[2024-07-14T16:43:57.956+0000] {processor.py:840} INFO - DAG(s) 'example_dynamic_task_mapping_with_no_taskflow_operators' retrieved from /home/airflow/.local/lib/python3.12/site-packages/airflow/example_dags/example_dynamic_task_mapping_with_no_taskflow_operators.py
[2024-07-14T16:43:58.046+0000] {logging_mixin.py:188} INFO - [2024-07-14T16:43:58.045+0000] {dag.py:3096} INFO - Sync 1 DAGs
[2024-07-14T16:43:58.104+0000] {logging_mixin.py:188} INFO - [2024-07-14T16:43:58.103+0000] {dag.py:3954} INFO - Setting next_dagrun for example_dynamic_task_mapping_with_no_taskflow_operators to 2024-07-13 00:00:00+00:00, run_after=2024-07-14 00:00:00+00:00
[2024-07-14T16:43:58.149+0000] {processor.py:183} INFO - Processing /home/airflow/.local/lib/python3.12/site-packages/airflow/example_dags/example_dynamic_task_mapping_with_no_taskflow_operators.py took 0.238 seconds
[2024-07-14T16:44:28.684+0000] {processor.py:161} INFO - Started process (PID=1216) to work on /home/airflow/.local/lib/python3.12/site-packages/airflow/example_dags/example_dynamic_task_mapping_with_no_taskflow_operators.py
[2024-07-14T16:44:28.686+0000] {processor.py:830} INFO - Processing file /home/airflow/.local/lib/python3.12/site-packages/airflow/example_dags/example_dynamic_task_mapping_with_no_taskflow_operators.py for tasks to queue
[2024-07-14T16:44:28.688+0000] {logging_mixin.py:188} INFO - [2024-07-14T16:44:28.687+0000] {dagbag.py:545} INFO - Filling up the DagBag from /home/airflow/.local/lib/python3.12/site-packages/airflow/example_dags/example_dynamic_task_mapping_with_no_taskflow_operators.py
[2024-07-14T16:44:28.700+0000] {processor.py:840} INFO - DAG(s) 'example_dynamic_task_mapping_with_no_taskflow_operators' retrieved from /home/airflow/.local/lib/python3.12/site-packages/airflow/example_dags/example_dynamic_task_mapping_with_no_taskflow_operators.py
[2024-07-14T16:44:28.748+0000] {logging_mixin.py:188} INFO - [2024-07-14T16:44:28.747+0000] {dag.py:3096} INFO - Sync 1 DAGs
[2024-07-14T16:44:28.798+0000] {logging_mixin.py:188} INFO - [2024-07-14T16:44:28.798+0000] {dag.py:3954} INFO - Setting next_dagrun for example_dynamic_task_mapping_with_no_taskflow_operators to 2024-07-13 00:00:00+00:00, run_after=2024-07-14 00:00:00+00:00
[2024-07-14T16:44:28.850+0000] {processor.py:183} INFO - Processing /home/airflow/.local/lib/python3.12/site-packages/airflow/example_dags/example_dynamic_task_mapping_with_no_taskflow_operators.py took 0.177 seconds
[2024-07-14T16:44:59.366+0000] {processor.py:161} INFO - Started process (PID=1274) to work on /home/airflow/.local/lib/python3.12/site-packages/airflow/example_dags/example_dynamic_task_mapping_with_no_taskflow_operators.py
[2024-07-14T16:44:59.371+0000] {processor.py:830} INFO - Processing file /home/airflow/.local/lib/python3.12/site-packages/airflow/example_dags/example_dynamic_task_mapping_with_no_taskflow_operators.py for tasks to queue
[2024-07-14T16:44:59.375+0000] {logging_mixin.py:188} INFO - [2024-07-14T16:44:59.374+0000] {dagbag.py:545} INFO - Filling up the DagBag from /home/airflow/.local/lib/python3.12/site-packages/airflow/example_dags/example_dynamic_task_mapping_with_no_taskflow_operators.py
[2024-07-14T16:44:59.399+0000] {processor.py:840} INFO - DAG(s) 'example_dynamic_task_mapping_with_no_taskflow_operators' retrieved from /home/airflow/.local/lib/python3.12/site-packages/airflow/example_dags/example_dynamic_task_mapping_with_no_taskflow_operators.py
[2024-07-14T16:44:59.446+0000] {logging_mixin.py:188} INFO - [2024-07-14T16:44:59.445+0000] {dag.py:3096} INFO - Sync 1 DAGs
[2024-07-14T16:44:59.492+0000] {logging_mixin.py:188} INFO - [2024-07-14T16:44:59.492+0000] {dag.py:3954} INFO - Setting next_dagrun for example_dynamic_task_mapping_with_no_taskflow_operators to 2024-07-13 00:00:00+00:00, run_after=2024-07-14 00:00:00+00:00
[2024-07-14T16:44:59.537+0000] {processor.py:183} INFO - Processing /home/airflow/.local/lib/python3.12/site-packages/airflow/example_dags/example_dynamic_task_mapping_with_no_taskflow_operators.py took 0.185 seconds
[2024-07-14T16:45:29.975+0000] {processor.py:161} INFO - Started process (PID=1333) to work on /home/airflow/.local/lib/python3.12/site-packages/airflow/example_dags/example_dynamic_task_mapping_with_no_taskflow_operators.py
[2024-07-14T16:45:29.977+0000] {processor.py:830} INFO - Processing file /home/airflow/.local/lib/python3.12/site-packages/airflow/example_dags/example_dynamic_task_mapping_with_no_taskflow_operators.py for tasks to queue
[2024-07-14T16:45:29.982+0000] {logging_mixin.py:188} INFO - [2024-07-14T16:45:29.982+0000] {dagbag.py:545} INFO - Filling up the DagBag from /home/airflow/.local/lib/python3.12/site-packages/airflow/example_dags/example_dynamic_task_mapping_with_no_taskflow_operators.py
[2024-07-14T16:45:29.997+0000] {processor.py:840} INFO - DAG(s) 'example_dynamic_task_mapping_with_no_taskflow_operators' retrieved from /home/airflow/.local/lib/python3.12/site-packages/airflow/example_dags/example_dynamic_task_mapping_with_no_taskflow_operators.py
[2024-07-14T16:45:30.038+0000] {logging_mixin.py:188} INFO - [2024-07-14T16:45:30.038+0000] {dag.py:3096} INFO - Sync 1 DAGs
[2024-07-14T16:45:30.074+0000] {logging_mixin.py:188} INFO - [2024-07-14T16:45:30.073+0000] {dag.py:3954} INFO - Setting next_dagrun for example_dynamic_task_mapping_with_no_taskflow_operators to 2024-07-13 00:00:00+00:00, run_after=2024-07-14 00:00:00+00:00
[2024-07-14T16:45:30.116+0000] {processor.py:183} INFO - Processing /home/airflow/.local/lib/python3.12/site-packages/airflow/example_dags/example_dynamic_task_mapping_with_no_taskflow_operators.py took 0.154 seconds
[2024-07-14T16:46:00.450+0000] {processor.py:161} INFO - Started process (PID=1392) to work on /home/airflow/.local/lib/python3.12/site-packages/airflow/example_dags/example_dynamic_task_mapping_with_no_taskflow_operators.py
[2024-07-14T16:46:00.452+0000] {processor.py:830} INFO - Processing file /home/airflow/.local/lib/python3.12/site-packages/airflow/example_dags/example_dynamic_task_mapping_with_no_taskflow_operators.py for tasks to queue
[2024-07-14T16:46:00.458+0000] {logging_mixin.py:188} INFO - [2024-07-14T16:46:00.455+0000] {dagbag.py:545} INFO - Filling up the DagBag from /home/airflow/.local/lib/python3.12/site-packages/airflow/example_dags/example_dynamic_task_mapping_with_no_taskflow_operators.py
[2024-07-14T16:46:00.477+0000] {processor.py:840} INFO - DAG(s) 'example_dynamic_task_mapping_with_no_taskflow_operators' retrieved from /home/airflow/.local/lib/python3.12/site-packages/airflow/example_dags/example_dynamic_task_mapping_with_no_taskflow_operators.py
[2024-07-14T16:46:00.519+0000] {logging_mixin.py:188} INFO - [2024-07-14T16:46:00.518+0000] {dag.py:3096} INFO - Sync 1 DAGs
[2024-07-14T16:46:00.571+0000] {logging_mixin.py:188} INFO - [2024-07-14T16:46:00.570+0000] {dag.py:3954} INFO - Setting next_dagrun for example_dynamic_task_mapping_with_no_taskflow_operators to 2024-07-13 00:00:00+00:00, run_after=2024-07-14 00:00:00+00:00
[2024-07-14T16:46:00.621+0000] {processor.py:183} INFO - Processing /home/airflow/.local/lib/python3.12/site-packages/airflow/example_dags/example_dynamic_task_mapping_with_no_taskflow_operators.py took 0.190 seconds
[2024-07-14T16:46:30.713+0000] {processor.py:161} INFO - Started process (PID=1451) to work on /home/airflow/.local/lib/python3.12/site-packages/airflow/example_dags/example_dynamic_task_mapping_with_no_taskflow_operators.py
[2024-07-14T16:46:30.716+0000] {processor.py:830} INFO - Processing file /home/airflow/.local/lib/python3.12/site-packages/airflow/example_dags/example_dynamic_task_mapping_with_no_taskflow_operators.py for tasks to queue
[2024-07-14T16:46:30.718+0000] {logging_mixin.py:188} INFO - [2024-07-14T16:46:30.717+0000] {dagbag.py:545} INFO - Filling up the DagBag from /home/airflow/.local/lib/python3.12/site-packages/airflow/example_dags/example_dynamic_task_mapping_with_no_taskflow_operators.py
[2024-07-14T16:46:30.731+0000] {processor.py:840} INFO - DAG(s) 'example_dynamic_task_mapping_with_no_taskflow_operators' retrieved from /home/airflow/.local/lib/python3.12/site-packages/airflow/example_dags/example_dynamic_task_mapping_with_no_taskflow_operators.py
[2024-07-14T16:46:30.778+0000] {logging_mixin.py:188} INFO - [2024-07-14T16:46:30.777+0000] {dag.py:3096} INFO - Sync 1 DAGs
[2024-07-14T16:46:30.840+0000] {logging_mixin.py:188} INFO - [2024-07-14T16:46:30.840+0000] {dag.py:3954} INFO - Setting next_dagrun for example_dynamic_task_mapping_with_no_taskflow_operators to 2024-07-13 00:00:00+00:00, run_after=2024-07-14 00:00:00+00:00
[2024-07-14T16:46:30.889+0000] {processor.py:183} INFO - Processing /home/airflow/.local/lib/python3.12/site-packages/airflow/example_dags/example_dynamic_task_mapping_with_no_taskflow_operators.py took 0.193 seconds
[2024-07-14T16:47:01.303+0000] {processor.py:161} INFO - Started process (PID=1510) to work on /home/airflow/.local/lib/python3.12/site-packages/airflow/example_dags/example_dynamic_task_mapping_with_no_taskflow_operators.py
[2024-07-14T16:47:01.305+0000] {processor.py:830} INFO - Processing file /home/airflow/.local/lib/python3.12/site-packages/airflow/example_dags/example_dynamic_task_mapping_with_no_taskflow_operators.py for tasks to queue
[2024-07-14T16:47:01.309+0000] {logging_mixin.py:188} INFO - [2024-07-14T16:47:01.308+0000] {dagbag.py:545} INFO - Filling up the DagBag from /home/airflow/.local/lib/python3.12/site-packages/airflow/example_dags/example_dynamic_task_mapping_with_no_taskflow_operators.py
[2024-07-14T16:47:01.347+0000] {processor.py:840} INFO - DAG(s) 'example_dynamic_task_mapping_with_no_taskflow_operators' retrieved from /home/airflow/.local/lib/python3.12/site-packages/airflow/example_dags/example_dynamic_task_mapping_with_no_taskflow_operators.py
[2024-07-14T16:47:01.406+0000] {logging_mixin.py:188} INFO - [2024-07-14T16:47:01.406+0000] {dag.py:3096} INFO - Sync 1 DAGs
[2024-07-14T16:47:01.507+0000] {logging_mixin.py:188} INFO - [2024-07-14T16:47:01.507+0000] {dag.py:3954} INFO - Setting next_dagrun for example_dynamic_task_mapping_with_no_taskflow_operators to 2024-07-13 00:00:00+00:00, run_after=2024-07-14 00:00:00+00:00
[2024-07-14T16:47:01.566+0000] {processor.py:183} INFO - Processing /home/airflow/.local/lib/python3.12/site-packages/airflow/example_dags/example_dynamic_task_mapping_with_no_taskflow_operators.py took 0.275 seconds
[2024-07-14T16:47:32.498+0000] {processor.py:161} INFO - Started process (PID=1569) to work on /home/airflow/.local/lib/python3.12/site-packages/airflow/example_dags/example_dynamic_task_mapping_with_no_taskflow_operators.py
[2024-07-14T16:47:32.500+0000] {processor.py:830} INFO - Processing file /home/airflow/.local/lib/python3.12/site-packages/airflow/example_dags/example_dynamic_task_mapping_with_no_taskflow_operators.py for tasks to queue
[2024-07-14T16:47:32.504+0000] {logging_mixin.py:188} INFO - [2024-07-14T16:47:32.502+0000] {dagbag.py:545} INFO - Filling up the DagBag from /home/airflow/.local/lib/python3.12/site-packages/airflow/example_dags/example_dynamic_task_mapping_with_no_taskflow_operators.py
[2024-07-14T16:47:32.519+0000] {processor.py:840} INFO - DAG(s) 'example_dynamic_task_mapping_with_no_taskflow_operators' retrieved from /home/airflow/.local/lib/python3.12/site-packages/airflow/example_dags/example_dynamic_task_mapping_with_no_taskflow_operators.py
[2024-07-14T16:47:32.561+0000] {logging_mixin.py:188} INFO - [2024-07-14T16:47:32.561+0000] {dag.py:3096} INFO - Sync 1 DAGs
[2024-07-14T16:47:32.610+0000] {logging_mixin.py:188} INFO - [2024-07-14T16:47:32.610+0000] {dag.py:3954} INFO - Setting next_dagrun for example_dynamic_task_mapping_with_no_taskflow_operators to 2024-07-13 00:00:00+00:00, run_after=2024-07-14 00:00:00+00:00
[2024-07-14T16:47:32.657+0000] {processor.py:183} INFO - Processing /home/airflow/.local/lib/python3.12/site-packages/airflow/example_dags/example_dynamic_task_mapping_with_no_taskflow_operators.py took 0.170 seconds
[2024-07-14T16:48:03.004+0000] {processor.py:161} INFO - Started process (PID=1628) to work on /home/airflow/.local/lib/python3.12/site-packages/airflow/example_dags/example_dynamic_task_mapping_with_no_taskflow_operators.py
[2024-07-14T16:48:03.005+0000] {processor.py:830} INFO - Processing file /home/airflow/.local/lib/python3.12/site-packages/airflow/example_dags/example_dynamic_task_mapping_with_no_taskflow_operators.py for tasks to queue
[2024-07-14T16:48:03.007+0000] {logging_mixin.py:188} INFO - [2024-07-14T16:48:03.006+0000] {dagbag.py:545} INFO - Filling up the DagBag from /home/airflow/.local/lib/python3.12/site-packages/airflow/example_dags/example_dynamic_task_mapping_with_no_taskflow_operators.py
[2024-07-14T16:48:03.020+0000] {processor.py:840} INFO - DAG(s) 'example_dynamic_task_mapping_with_no_taskflow_operators' retrieved from /home/airflow/.local/lib/python3.12/site-packages/airflow/example_dags/example_dynamic_task_mapping_with_no_taskflow_operators.py
[2024-07-14T16:48:03.064+0000] {logging_mixin.py:188} INFO - [2024-07-14T16:48:03.064+0000] {dag.py:3096} INFO - Sync 1 DAGs
[2024-07-14T16:48:03.112+0000] {logging_mixin.py:188} INFO - [2024-07-14T16:48:03.111+0000] {dag.py:3954} INFO - Setting next_dagrun for example_dynamic_task_mapping_with_no_taskflow_operators to 2024-07-13 00:00:00+00:00, run_after=2024-07-14 00:00:00+00:00
[2024-07-14T16:48:03.169+0000] {processor.py:183} INFO - Processing /home/airflow/.local/lib/python3.12/site-packages/airflow/example_dags/example_dynamic_task_mapping_with_no_taskflow_operators.py took 0.176 seconds
[2024-07-14T16:48:33.789+0000] {processor.py:161} INFO - Started process (PID=1687) to work on /home/airflow/.local/lib/python3.12/site-packages/airflow/example_dags/example_dynamic_task_mapping_with_no_taskflow_operators.py
[2024-07-14T16:48:33.791+0000] {processor.py:830} INFO - Processing file /home/airflow/.local/lib/python3.12/site-packages/airflow/example_dags/example_dynamic_task_mapping_with_no_taskflow_operators.py for tasks to queue
[2024-07-14T16:48:33.794+0000] {logging_mixin.py:188} INFO - [2024-07-14T16:48:33.793+0000] {dagbag.py:545} INFO - Filling up the DagBag from /home/airflow/.local/lib/python3.12/site-packages/airflow/example_dags/example_dynamic_task_mapping_with_no_taskflow_operators.py
[2024-07-14T16:48:33.817+0000] {processor.py:840} INFO - DAG(s) 'example_dynamic_task_mapping_with_no_taskflow_operators' retrieved from /home/airflow/.local/lib/python3.12/site-packages/airflow/example_dags/example_dynamic_task_mapping_with_no_taskflow_operators.py
[2024-07-14T16:48:33.898+0000] {logging_mixin.py:188} INFO - [2024-07-14T16:48:33.897+0000] {dag.py:3096} INFO - Sync 1 DAGs
[2024-07-14T16:48:33.967+0000] {logging_mixin.py:188} INFO - [2024-07-14T16:48:33.966+0000] {dag.py:3954} INFO - Setting next_dagrun for example_dynamic_task_mapping_with_no_taskflow_operators to 2024-07-13 00:00:00+00:00, run_after=2024-07-14 00:00:00+00:00
[2024-07-14T16:48:34.045+0000] {processor.py:183} INFO - Processing /home/airflow/.local/lib/python3.12/site-packages/airflow/example_dags/example_dynamic_task_mapping_with_no_taskflow_operators.py took 0.276 seconds
[2024-07-14T16:49:04.299+0000] {processor.py:161} INFO - Started process (PID=1746) to work on /home/airflow/.local/lib/python3.12/site-packages/airflow/example_dags/example_dynamic_task_mapping_with_no_taskflow_operators.py
[2024-07-14T16:49:04.301+0000] {processor.py:830} INFO - Processing file /home/airflow/.local/lib/python3.12/site-packages/airflow/example_dags/example_dynamic_task_mapping_with_no_taskflow_operators.py for tasks to queue
[2024-07-14T16:49:04.303+0000] {logging_mixin.py:188} INFO - [2024-07-14T16:49:04.302+0000] {dagbag.py:545} INFO - Filling up the DagBag from /home/airflow/.local/lib/python3.12/site-packages/airflow/example_dags/example_dynamic_task_mapping_with_no_taskflow_operators.py
[2024-07-14T16:49:04.318+0000] {processor.py:840} INFO - DAG(s) 'example_dynamic_task_mapping_with_no_taskflow_operators' retrieved from /home/airflow/.local/lib/python3.12/site-packages/airflow/example_dags/example_dynamic_task_mapping_with_no_taskflow_operators.py
[2024-07-14T16:49:04.361+0000] {logging_mixin.py:188} INFO - [2024-07-14T16:49:04.361+0000] {dag.py:3096} INFO - Sync 1 DAGs
[2024-07-14T16:49:04.406+0000] {logging_mixin.py:188} INFO - [2024-07-14T16:49:04.406+0000] {dag.py:3954} INFO - Setting next_dagrun for example_dynamic_task_mapping_with_no_taskflow_operators to 2024-07-13 00:00:00+00:00, run_after=2024-07-14 00:00:00+00:00
[2024-07-14T16:49:04.456+0000] {processor.py:183} INFO - Processing /home/airflow/.local/lib/python3.12/site-packages/airflow/example_dags/example_dynamic_task_mapping_with_no_taskflow_operators.py took 0.166 seconds
[2024-07-14T16:49:35.281+0000] {processor.py:161} INFO - Started process (PID=1803) to work on /home/airflow/.local/lib/python3.12/site-packages/airflow/example_dags/example_dynamic_task_mapping_with_no_taskflow_operators.py
[2024-07-14T16:49:35.284+0000] {processor.py:830} INFO - Processing file /home/airflow/.local/lib/python3.12/site-packages/airflow/example_dags/example_dynamic_task_mapping_with_no_taskflow_operators.py for tasks to queue
[2024-07-14T16:49:35.286+0000] {logging_mixin.py:188} INFO - [2024-07-14T16:49:35.285+0000] {dagbag.py:545} INFO - Filling up the DagBag from /home/airflow/.local/lib/python3.12/site-packages/airflow/example_dags/example_dynamic_task_mapping_with_no_taskflow_operators.py
[2024-07-14T16:49:35.300+0000] {processor.py:840} INFO - DAG(s) 'example_dynamic_task_mapping_with_no_taskflow_operators' retrieved from /home/airflow/.local/lib/python3.12/site-packages/airflow/example_dags/example_dynamic_task_mapping_with_no_taskflow_operators.py
[2024-07-14T16:49:35.357+0000] {logging_mixin.py:188} INFO - [2024-07-14T16:49:35.356+0000] {dag.py:3096} INFO - Sync 1 DAGs
[2024-07-14T16:49:35.737+0000] {logging_mixin.py:188} INFO - [2024-07-14T16:49:35.736+0000] {dag.py:3954} INFO - Setting next_dagrun for example_dynamic_task_mapping_with_no_taskflow_operators to 2024-07-13 00:00:00+00:00, run_after=2024-07-14 00:00:00+00:00
[2024-07-14T16:49:35.792+0000] {processor.py:183} INFO - Processing /home/airflow/.local/lib/python3.12/site-packages/airflow/example_dags/example_dynamic_task_mapping_with_no_taskflow_operators.py took 0.533 seconds
[2024-07-14T16:50:05.988+0000] {processor.py:161} INFO - Started process (PID=1860) to work on /home/airflow/.local/lib/python3.12/site-packages/airflow/example_dags/example_dynamic_task_mapping_with_no_taskflow_operators.py
[2024-07-14T16:50:05.990+0000] {processor.py:830} INFO - Processing file /home/airflow/.local/lib/python3.12/site-packages/airflow/example_dags/example_dynamic_task_mapping_with_no_taskflow_operators.py for tasks to queue
[2024-07-14T16:50:05.992+0000] {logging_mixin.py:188} INFO - [2024-07-14T16:50:05.991+0000] {dagbag.py:545} INFO - Filling up the DagBag from /home/airflow/.local/lib/python3.12/site-packages/airflow/example_dags/example_dynamic_task_mapping_with_no_taskflow_operators.py
[2024-07-14T16:50:06.008+0000] {processor.py:840} INFO - DAG(s) 'example_dynamic_task_mapping_with_no_taskflow_operators' retrieved from /home/airflow/.local/lib/python3.12/site-packages/airflow/example_dags/example_dynamic_task_mapping_with_no_taskflow_operators.py
[2024-07-14T16:50:06.062+0000] {logging_mixin.py:188} INFO - [2024-07-14T16:50:06.062+0000] {dag.py:3096} INFO - Sync 1 DAGs
[2024-07-14T16:50:06.129+0000] {logging_mixin.py:188} INFO - [2024-07-14T16:50:06.129+0000] {dag.py:3954} INFO - Setting next_dagrun for example_dynamic_task_mapping_with_no_taskflow_operators to 2024-07-13 00:00:00+00:00, run_after=2024-07-14 00:00:00+00:00
[2024-07-14T16:50:06.182+0000] {processor.py:183} INFO - Processing /home/airflow/.local/lib/python3.12/site-packages/airflow/example_dags/example_dynamic_task_mapping_with_no_taskflow_operators.py took 0.205 seconds
[2024-07-14T16:50:36.323+0000] {processor.py:161} INFO - Started process (PID=1918) to work on /home/airflow/.local/lib/python3.12/site-packages/airflow/example_dags/example_dynamic_task_mapping_with_no_taskflow_operators.py
[2024-07-14T16:50:36.328+0000] {processor.py:830} INFO - Processing file /home/airflow/.local/lib/python3.12/site-packages/airflow/example_dags/example_dynamic_task_mapping_with_no_taskflow_operators.py for tasks to queue
[2024-07-14T16:50:36.330+0000] {logging_mixin.py:188} INFO - [2024-07-14T16:50:36.329+0000] {dagbag.py:545} INFO - Filling up the DagBag from /home/airflow/.local/lib/python3.12/site-packages/airflow/example_dags/example_dynamic_task_mapping_with_no_taskflow_operators.py
[2024-07-14T16:50:36.342+0000] {processor.py:840} INFO - DAG(s) 'example_dynamic_task_mapping_with_no_taskflow_operators' retrieved from /home/airflow/.local/lib/python3.12/site-packages/airflow/example_dags/example_dynamic_task_mapping_with_no_taskflow_operators.py
[2024-07-14T16:50:36.378+0000] {logging_mixin.py:188} INFO - [2024-07-14T16:50:36.377+0000] {dag.py:3096} INFO - Sync 1 DAGs
[2024-07-14T16:50:36.413+0000] {logging_mixin.py:188} INFO - [2024-07-14T16:50:36.413+0000] {dag.py:3954} INFO - Setting next_dagrun for example_dynamic_task_mapping_with_no_taskflow_operators to 2024-07-13 00:00:00+00:00, run_after=2024-07-14 00:00:00+00:00
[2024-07-14T16:50:36.455+0000] {processor.py:183} INFO - Processing /home/airflow/.local/lib/python3.12/site-packages/airflow/example_dags/example_dynamic_task_mapping_with_no_taskflow_operators.py took 0.153 seconds
[2024-07-14T16:51:06.849+0000] {processor.py:161} INFO - Started process (PID=1976) to work on /home/airflow/.local/lib/python3.12/site-packages/airflow/example_dags/example_dynamic_task_mapping_with_no_taskflow_operators.py
[2024-07-14T16:51:06.873+0000] {processor.py:830} INFO - Processing file /home/airflow/.local/lib/python3.12/site-packages/airflow/example_dags/example_dynamic_task_mapping_with_no_taskflow_operators.py for tasks to queue
[2024-07-14T16:51:06.879+0000] {logging_mixin.py:188} INFO - [2024-07-14T16:51:06.879+0000] {dagbag.py:545} INFO - Filling up the DagBag from /home/airflow/.local/lib/python3.12/site-packages/airflow/example_dags/example_dynamic_task_mapping_with_no_taskflow_operators.py
[2024-07-14T16:51:06.895+0000] {processor.py:840} INFO - DAG(s) 'example_dynamic_task_mapping_with_no_taskflow_operators' retrieved from /home/airflow/.local/lib/python3.12/site-packages/airflow/example_dags/example_dynamic_task_mapping_with_no_taskflow_operators.py
[2024-07-14T16:51:06.942+0000] {logging_mixin.py:188} INFO - [2024-07-14T16:51:06.942+0000] {dag.py:3096} INFO - Sync 1 DAGs
[2024-07-14T16:51:06.993+0000] {logging_mixin.py:188} INFO - [2024-07-14T16:51:06.993+0000] {dag.py:3954} INFO - Setting next_dagrun for example_dynamic_task_mapping_with_no_taskflow_operators to 2024-07-13 00:00:00+00:00, run_after=2024-07-14 00:00:00+00:00
[2024-07-14T16:51:07.041+0000] {processor.py:183} INFO - Processing /home/airflow/.local/lib/python3.12/site-packages/airflow/example_dags/example_dynamic_task_mapping_with_no_taskflow_operators.py took 0.203 seconds
[2024-07-14T16:51:37.780+0000] {processor.py:161} INFO - Started process (PID=2035) to work on /home/airflow/.local/lib/python3.12/site-packages/airflow/example_dags/example_dynamic_task_mapping_with_no_taskflow_operators.py
[2024-07-14T16:51:37.782+0000] {processor.py:830} INFO - Processing file /home/airflow/.local/lib/python3.12/site-packages/airflow/example_dags/example_dynamic_task_mapping_with_no_taskflow_operators.py for tasks to queue
[2024-07-14T16:51:37.784+0000] {logging_mixin.py:188} INFO - [2024-07-14T16:51:37.783+0000] {dagbag.py:545} INFO - Filling up the DagBag from /home/airflow/.local/lib/python3.12/site-packages/airflow/example_dags/example_dynamic_task_mapping_with_no_taskflow_operators.py
[2024-07-14T16:51:37.795+0000] {processor.py:840} INFO - DAG(s) 'example_dynamic_task_mapping_with_no_taskflow_operators' retrieved from /home/airflow/.local/lib/python3.12/site-packages/airflow/example_dags/example_dynamic_task_mapping_with_no_taskflow_operators.py
[2024-07-14T16:51:37.834+0000] {logging_mixin.py:188} INFO - [2024-07-14T16:51:37.834+0000] {dag.py:3096} INFO - Sync 1 DAGs
[2024-07-14T16:51:37.876+0000] {logging_mixin.py:188} INFO - [2024-07-14T16:51:37.875+0000] {dag.py:3954} INFO - Setting next_dagrun for example_dynamic_task_mapping_with_no_taskflow_operators to 2024-07-13 00:00:00+00:00, run_after=2024-07-14 00:00:00+00:00
[2024-07-14T16:51:37.907+0000] {processor.py:183} INFO - Processing /home/airflow/.local/lib/python3.12/site-packages/airflow/example_dags/example_dynamic_task_mapping_with_no_taskflow_operators.py took 0.139 seconds
[2024-07-14T16:55:01.070+0000] {processor.py:161} INFO - Started process (PID=45) to work on /home/airflow/.local/lib/python3.12/site-packages/airflow/example_dags/example_dynamic_task_mapping_with_no_taskflow_operators.py
[2024-07-14T16:55:01.085+0000] {processor.py:830} INFO - Processing file /home/airflow/.local/lib/python3.12/site-packages/airflow/example_dags/example_dynamic_task_mapping_with_no_taskflow_operators.py for tasks to queue
[2024-07-14T16:55:01.116+0000] {logging_mixin.py:188} INFO - [2024-07-14T16:55:01.115+0000] {dagbag.py:545} INFO - Filling up the DagBag from /home/airflow/.local/lib/python3.12/site-packages/airflow/example_dags/example_dynamic_task_mapping_with_no_taskflow_operators.py
[2024-07-14T16:55:01.228+0000] {processor.py:840} INFO - DAG(s) 'example_dynamic_task_mapping_with_no_taskflow_operators' retrieved from /home/airflow/.local/lib/python3.12/site-packages/airflow/example_dags/example_dynamic_task_mapping_with_no_taskflow_operators.py
[2024-07-14T16:55:04.219+0000] {logging_mixin.py:188} INFO - [2024-07-14T16:55:04.218+0000] {dag.py:3096} INFO - Sync 1 DAGs
[2024-07-14T16:55:04.651+0000] {logging_mixin.py:188} INFO - [2024-07-14T16:55:04.650+0000] {dag.py:3954} INFO - Setting next_dagrun for example_dynamic_task_mapping_with_no_taskflow_operators to 2024-07-13 00:00:00+00:00, run_after=2024-07-14 00:00:00+00:00
[2024-07-14T16:55:06.174+0000] {processor.py:183} INFO - Processing /home/airflow/.local/lib/python3.12/site-packages/airflow/example_dags/example_dynamic_task_mapping_with_no_taskflow_operators.py took 5.145 seconds
[2024-07-14T16:56:23.220+0000] {processor.py:161} INFO - Started process (PID=110) to work on /home/airflow/.local/lib/python3.12/site-packages/airflow/example_dags/example_dynamic_task_mapping_with_no_taskflow_operators.py
[2024-07-14T16:56:23.223+0000] {processor.py:830} INFO - Processing file /home/airflow/.local/lib/python3.12/site-packages/airflow/example_dags/example_dynamic_task_mapping_with_no_taskflow_operators.py for tasks to queue
[2024-07-14T16:56:23.226+0000] {logging_mixin.py:188} INFO - [2024-07-14T16:56:23.226+0000] {dagbag.py:545} INFO - Filling up the DagBag from /home/airflow/.local/lib/python3.12/site-packages/airflow/example_dags/example_dynamic_task_mapping_with_no_taskflow_operators.py
[2024-07-14T16:56:23.241+0000] {processor.py:840} INFO - DAG(s) 'example_dynamic_task_mapping_with_no_taskflow_operators' retrieved from /home/airflow/.local/lib/python3.12/site-packages/airflow/example_dags/example_dynamic_task_mapping_with_no_taskflow_operators.py
[2024-07-14T16:56:23.319+0000] {logging_mixin.py:188} INFO - [2024-07-14T16:56:23.318+0000] {dag.py:3096} INFO - Sync 1 DAGs
[2024-07-14T16:56:23.376+0000] {logging_mixin.py:188} INFO - [2024-07-14T16:56:23.375+0000] {dag.py:3954} INFO - Setting next_dagrun for example_dynamic_task_mapping_with_no_taskflow_operators to 2024-07-13 00:00:00+00:00, run_after=2024-07-14 00:00:00+00:00
[2024-07-14T16:56:23.438+0000] {processor.py:183} INFO - Processing /home/airflow/.local/lib/python3.12/site-packages/airflow/example_dags/example_dynamic_task_mapping_with_no_taskflow_operators.py took 0.232 seconds
[2024-07-14T16:56:53.527+0000] {processor.py:161} INFO - Started process (PID=167) to work on /home/airflow/.local/lib/python3.12/site-packages/airflow/example_dags/example_dynamic_task_mapping_with_no_taskflow_operators.py
[2024-07-14T16:56:53.529+0000] {processor.py:830} INFO - Processing file /home/airflow/.local/lib/python3.12/site-packages/airflow/example_dags/example_dynamic_task_mapping_with_no_taskflow_operators.py for tasks to queue
[2024-07-14T16:56:53.532+0000] {logging_mixin.py:188} INFO - [2024-07-14T16:56:53.531+0000] {dagbag.py:545} INFO - Filling up the DagBag from /home/airflow/.local/lib/python3.12/site-packages/airflow/example_dags/example_dynamic_task_mapping_with_no_taskflow_operators.py
[2024-07-14T16:56:53.541+0000] {processor.py:840} INFO - DAG(s) 'example_dynamic_task_mapping_with_no_taskflow_operators' retrieved from /home/airflow/.local/lib/python3.12/site-packages/airflow/example_dags/example_dynamic_task_mapping_with_no_taskflow_operators.py
[2024-07-14T16:56:53.588+0000] {logging_mixin.py:188} INFO - [2024-07-14T16:56:53.588+0000] {dag.py:3096} INFO - Sync 1 DAGs
[2024-07-14T16:56:53.645+0000] {logging_mixin.py:188} INFO - [2024-07-14T16:56:53.644+0000] {dag.py:3954} INFO - Setting next_dagrun for example_dynamic_task_mapping_with_no_taskflow_operators to 2024-07-13 00:00:00+00:00, run_after=2024-07-14 00:00:00+00:00
[2024-07-14T16:56:53.690+0000] {processor.py:183} INFO - Processing /home/airflow/.local/lib/python3.12/site-packages/airflow/example_dags/example_dynamic_task_mapping_with_no_taskflow_operators.py took 0.171 seconds
