[2024-07-14T16:33:38.293+0000] {processor.py:161} INFO - Started process (PID=82) to work on /home/airflow/.local/lib/python3.12/site-packages/airflow/example_dags/tutorial_taskflow_api.py
[2024-07-14T16:33:38.297+0000] {processor.py:830} INFO - Processing file /home/airflow/.local/lib/python3.12/site-packages/airflow/example_dags/tutorial_taskflow_api.py for tasks to queue
[2024-07-14T16:33:38.301+0000] {logging_mixin.py:188} INFO - [2024-07-14T16:33:38.300+0000] {dagbag.py:545} INFO - Filling up the DagBag from /home/airflow/.local/lib/python3.12/site-packages/airflow/example_dags/tutorial_taskflow_api.py
[2024-07-14T16:33:38.329+0000] {processor.py:840} INFO - DAG(s) 'tutorial_taskflow_api' retrieved from /home/airflow/.local/lib/python3.12/site-packages/airflow/example_dags/tutorial_taskflow_api.py
[2024-07-14T16:33:39.181+0000] {logging_mixin.py:188} INFO - [2024-07-14T16:33:39.160+0000] {dag.py:3096} INFO - Sync 1 DAGs
[2024-07-14T16:33:39.252+0000] {logging_mixin.py:188} INFO - [2024-07-14T16:33:39.251+0000] {dag.py:3954} INFO - Setting next_dagrun for tutorial_taskflow_api to None, run_after=None
[2024-07-14T16:33:39.302+0000] {processor.py:183} INFO - Processing /home/airflow/.local/lib/python3.12/site-packages/airflow/example_dags/tutorial_taskflow_api.py took 1.022 seconds
[2024-07-14T16:34:10.209+0000] {processor.py:161} INFO - Started process (PID=145) to work on /home/airflow/.local/lib/python3.12/site-packages/airflow/example_dags/tutorial_taskflow_api.py
[2024-07-14T16:34:10.211+0000] {processor.py:830} INFO - Processing file /home/airflow/.local/lib/python3.12/site-packages/airflow/example_dags/tutorial_taskflow_api.py for tasks to queue
[2024-07-14T16:34:10.215+0000] {logging_mixin.py:188} INFO - [2024-07-14T16:34:10.214+0000] {dagbag.py:545} INFO - Filling up the DagBag from /home/airflow/.local/lib/python3.12/site-packages/airflow/example_dags/tutorial_taskflow_api.py
[2024-07-14T16:34:10.232+0000] {processor.py:840} INFO - DAG(s) 'tutorial_taskflow_api' retrieved from /home/airflow/.local/lib/python3.12/site-packages/airflow/example_dags/tutorial_taskflow_api.py
[2024-07-14T16:34:10.283+0000] {logging_mixin.py:188} INFO - [2024-07-14T16:34:10.283+0000] {dag.py:3096} INFO - Sync 1 DAGs
[2024-07-14T16:34:10.307+0000] {logging_mixin.py:188} INFO - [2024-07-14T16:34:10.307+0000] {dag.py:3954} INFO - Setting next_dagrun for tutorial_taskflow_api to None, run_after=None
[2024-07-14T16:34:10.356+0000] {processor.py:183} INFO - Processing /home/airflow/.local/lib/python3.12/site-packages/airflow/example_dags/tutorial_taskflow_api.py took 0.157 seconds
[2024-07-14T16:34:41.458+0000] {processor.py:161} INFO - Started process (PID=203) to work on /home/airflow/.local/lib/python3.12/site-packages/airflow/example_dags/tutorial_taskflow_api.py
[2024-07-14T16:34:41.460+0000] {processor.py:830} INFO - Processing file /home/airflow/.local/lib/python3.12/site-packages/airflow/example_dags/tutorial_taskflow_api.py for tasks to queue
[2024-07-14T16:34:41.464+0000] {logging_mixin.py:188} INFO - [2024-07-14T16:34:41.463+0000] {dagbag.py:545} INFO - Filling up the DagBag from /home/airflow/.local/lib/python3.12/site-packages/airflow/example_dags/tutorial_taskflow_api.py
[2024-07-14T16:34:41.492+0000] {processor.py:840} INFO - DAG(s) 'tutorial_taskflow_api' retrieved from /home/airflow/.local/lib/python3.12/site-packages/airflow/example_dags/tutorial_taskflow_api.py
[2024-07-14T16:34:41.543+0000] {logging_mixin.py:188} INFO - [2024-07-14T16:34:41.542+0000] {dag.py:3096} INFO - Sync 1 DAGs
[2024-07-14T16:34:41.582+0000] {logging_mixin.py:188} INFO - [2024-07-14T16:34:41.582+0000] {dag.py:3954} INFO - Setting next_dagrun for tutorial_taskflow_api to None, run_after=None
[2024-07-14T16:34:41.658+0000] {processor.py:183} INFO - Processing /home/airflow/.local/lib/python3.12/site-packages/airflow/example_dags/tutorial_taskflow_api.py took 0.212 seconds
[2024-07-14T16:35:12.439+0000] {processor.py:161} INFO - Started process (PID=261) to work on /home/airflow/.local/lib/python3.12/site-packages/airflow/example_dags/tutorial_taskflow_api.py
[2024-07-14T16:35:12.442+0000] {processor.py:830} INFO - Processing file /home/airflow/.local/lib/python3.12/site-packages/airflow/example_dags/tutorial_taskflow_api.py for tasks to queue
[2024-07-14T16:35:12.446+0000] {logging_mixin.py:188} INFO - [2024-07-14T16:35:12.445+0000] {dagbag.py:545} INFO - Filling up the DagBag from /home/airflow/.local/lib/python3.12/site-packages/airflow/example_dags/tutorial_taskflow_api.py
[2024-07-14T16:35:12.458+0000] {processor.py:840} INFO - DAG(s) 'tutorial_taskflow_api' retrieved from /home/airflow/.local/lib/python3.12/site-packages/airflow/example_dags/tutorial_taskflow_api.py
[2024-07-14T16:35:12.504+0000] {logging_mixin.py:188} INFO - [2024-07-14T16:35:12.503+0000] {dag.py:3096} INFO - Sync 1 DAGs
[2024-07-14T16:35:12.533+0000] {logging_mixin.py:188} INFO - [2024-07-14T16:35:12.533+0000] {dag.py:3954} INFO - Setting next_dagrun for tutorial_taskflow_api to None, run_after=None
[2024-07-14T16:35:12.607+0000] {processor.py:183} INFO - Processing /home/airflow/.local/lib/python3.12/site-packages/airflow/example_dags/tutorial_taskflow_api.py took 0.178 seconds
[2024-07-14T16:35:43.191+0000] {processor.py:161} INFO - Started process (PID=319) to work on /home/airflow/.local/lib/python3.12/site-packages/airflow/example_dags/tutorial_taskflow_api.py
[2024-07-14T16:35:43.193+0000] {processor.py:830} INFO - Processing file /home/airflow/.local/lib/python3.12/site-packages/airflow/example_dags/tutorial_taskflow_api.py for tasks to queue
[2024-07-14T16:35:43.196+0000] {logging_mixin.py:188} INFO - [2024-07-14T16:35:43.196+0000] {dagbag.py:545} INFO - Filling up the DagBag from /home/airflow/.local/lib/python3.12/site-packages/airflow/example_dags/tutorial_taskflow_api.py
[2024-07-14T16:35:43.206+0000] {processor.py:840} INFO - DAG(s) 'tutorial_taskflow_api' retrieved from /home/airflow/.local/lib/python3.12/site-packages/airflow/example_dags/tutorial_taskflow_api.py
[2024-07-14T16:35:43.257+0000] {logging_mixin.py:188} INFO - [2024-07-14T16:35:43.256+0000] {dag.py:3096} INFO - Sync 1 DAGs
[2024-07-14T16:35:43.291+0000] {logging_mixin.py:188} INFO - [2024-07-14T16:35:43.291+0000] {dag.py:3954} INFO - Setting next_dagrun for tutorial_taskflow_api to None, run_after=None
[2024-07-14T16:35:43.336+0000] {processor.py:183} INFO - Processing /home/airflow/.local/lib/python3.12/site-packages/airflow/example_dags/tutorial_taskflow_api.py took 0.155 seconds
[2024-07-14T16:36:13.721+0000] {processor.py:161} INFO - Started process (PID=377) to work on /home/airflow/.local/lib/python3.12/site-packages/airflow/example_dags/tutorial_taskflow_api.py
[2024-07-14T16:36:13.724+0000] {processor.py:830} INFO - Processing file /home/airflow/.local/lib/python3.12/site-packages/airflow/example_dags/tutorial_taskflow_api.py for tasks to queue
[2024-07-14T16:36:13.730+0000] {logging_mixin.py:188} INFO - [2024-07-14T16:36:13.730+0000] {dagbag.py:545} INFO - Filling up the DagBag from /home/airflow/.local/lib/python3.12/site-packages/airflow/example_dags/tutorial_taskflow_api.py
[2024-07-14T16:36:13.741+0000] {processor.py:840} INFO - DAG(s) 'tutorial_taskflow_api' retrieved from /home/airflow/.local/lib/python3.12/site-packages/airflow/example_dags/tutorial_taskflow_api.py
[2024-07-14T16:36:13.778+0000] {logging_mixin.py:188} INFO - [2024-07-14T16:36:13.777+0000] {dag.py:3096} INFO - Sync 1 DAGs
[2024-07-14T16:36:13.807+0000] {logging_mixin.py:188} INFO - [2024-07-14T16:36:13.807+0000] {dag.py:3954} INFO - Setting next_dagrun for tutorial_taskflow_api to None, run_after=None
[2024-07-14T16:36:13.859+0000] {processor.py:183} INFO - Processing /home/airflow/.local/lib/python3.12/site-packages/airflow/example_dags/tutorial_taskflow_api.py took 0.150 seconds
[2024-07-14T16:36:48.509+0000] {processor.py:161} INFO - Started process (PID=435) to work on /home/airflow/.local/lib/python3.12/site-packages/airflow/example_dags/tutorial_taskflow_api.py
[2024-07-14T16:36:48.512+0000] {processor.py:830} INFO - Processing file /home/airflow/.local/lib/python3.12/site-packages/airflow/example_dags/tutorial_taskflow_api.py for tasks to queue
[2024-07-14T16:36:48.531+0000] {logging_mixin.py:188} INFO - [2024-07-14T16:36:48.530+0000] {dagbag.py:545} INFO - Filling up the DagBag from /home/airflow/.local/lib/python3.12/site-packages/airflow/example_dags/tutorial_taskflow_api.py
[2024-07-14T16:36:48.546+0000] {processor.py:840} INFO - DAG(s) 'tutorial_taskflow_api' retrieved from /home/airflow/.local/lib/python3.12/site-packages/airflow/example_dags/tutorial_taskflow_api.py
[2024-07-14T16:36:48.613+0000] {logging_mixin.py:188} INFO - [2024-07-14T16:36:48.613+0000] {dag.py:3096} INFO - Sync 1 DAGs
[2024-07-14T16:36:48.684+0000] {logging_mixin.py:188} INFO - [2024-07-14T16:36:48.678+0000] {dag.py:3954} INFO - Setting next_dagrun for tutorial_taskflow_api to None, run_after=None
[2024-07-14T16:36:48.907+0000] {processor.py:183} INFO - Processing /home/airflow/.local/lib/python3.12/site-packages/airflow/example_dags/tutorial_taskflow_api.py took 0.412 seconds
[2024-07-14T16:37:19.601+0000] {processor.py:161} INFO - Started process (PID=492) to work on /home/airflow/.local/lib/python3.12/site-packages/airflow/example_dags/tutorial_taskflow_api.py
[2024-07-14T16:37:19.603+0000] {processor.py:830} INFO - Processing file /home/airflow/.local/lib/python3.12/site-packages/airflow/example_dags/tutorial_taskflow_api.py for tasks to queue
[2024-07-14T16:37:19.608+0000] {logging_mixin.py:188} INFO - [2024-07-14T16:37:19.607+0000] {dagbag.py:545} INFO - Filling up the DagBag from /home/airflow/.local/lib/python3.12/site-packages/airflow/example_dags/tutorial_taskflow_api.py
[2024-07-14T16:37:19.634+0000] {processor.py:840} INFO - DAG(s) 'tutorial_taskflow_api' retrieved from /home/airflow/.local/lib/python3.12/site-packages/airflow/example_dags/tutorial_taskflow_api.py
[2024-07-14T16:37:19.691+0000] {logging_mixin.py:188} INFO - [2024-07-14T16:37:19.691+0000] {dag.py:3096} INFO - Sync 1 DAGs
[2024-07-14T16:37:19.737+0000] {logging_mixin.py:188} INFO - [2024-07-14T16:37:19.736+0000] {dag.py:3954} INFO - Setting next_dagrun for tutorial_taskflow_api to None, run_after=None
[2024-07-14T16:37:19.810+0000] {processor.py:183} INFO - Processing /home/airflow/.local/lib/python3.12/site-packages/airflow/example_dags/tutorial_taskflow_api.py took 0.222 seconds
[2024-07-14T16:37:52.232+0000] {processor.py:161} INFO - Started process (PID=550) to work on /home/airflow/.local/lib/python3.12/site-packages/airflow/example_dags/tutorial_taskflow_api.py
[2024-07-14T16:37:52.236+0000] {processor.py:830} INFO - Processing file /home/airflow/.local/lib/python3.12/site-packages/airflow/example_dags/tutorial_taskflow_api.py for tasks to queue
[2024-07-14T16:37:52.239+0000] {logging_mixin.py:188} INFO - [2024-07-14T16:37:52.239+0000] {dagbag.py:545} INFO - Filling up the DagBag from /home/airflow/.local/lib/python3.12/site-packages/airflow/example_dags/tutorial_taskflow_api.py
[2024-07-14T16:37:52.256+0000] {processor.py:840} INFO - DAG(s) 'tutorial_taskflow_api' retrieved from /home/airflow/.local/lib/python3.12/site-packages/airflow/example_dags/tutorial_taskflow_api.py
[2024-07-14T16:37:52.337+0000] {logging_mixin.py:188} INFO - [2024-07-14T16:37:52.337+0000] {dag.py:3096} INFO - Sync 1 DAGs
[2024-07-14T16:37:52.686+0000] {logging_mixin.py:188} INFO - [2024-07-14T16:37:52.685+0000] {dag.py:3954} INFO - Setting next_dagrun for tutorial_taskflow_api to None, run_after=None
[2024-07-14T16:37:52.779+0000] {processor.py:183} INFO - Processing /home/airflow/.local/lib/python3.12/site-packages/airflow/example_dags/tutorial_taskflow_api.py took 0.577 seconds
[2024-07-14T16:39:19.881+0000] {processor.py:161} INFO - Started process (PID=624) to work on /home/airflow/.local/lib/python3.12/site-packages/airflow/example_dags/tutorial_taskflow_api.py
[2024-07-14T16:39:19.883+0000] {processor.py:830} INFO - Processing file /home/airflow/.local/lib/python3.12/site-packages/airflow/example_dags/tutorial_taskflow_api.py for tasks to queue
[2024-07-14T16:39:19.885+0000] {logging_mixin.py:188} INFO - [2024-07-14T16:39:19.885+0000] {dagbag.py:545} INFO - Filling up the DagBag from /home/airflow/.local/lib/python3.12/site-packages/airflow/example_dags/tutorial_taskflow_api.py
[2024-07-14T16:39:19.899+0000] {processor.py:840} INFO - DAG(s) 'tutorial_taskflow_api' retrieved from /home/airflow/.local/lib/python3.12/site-packages/airflow/example_dags/tutorial_taskflow_api.py
[2024-07-14T16:39:20.079+0000] {logging_mixin.py:188} INFO - [2024-07-14T16:39:20.079+0000] {dag.py:3096} INFO - Sync 1 DAGs
[2024-07-14T16:39:20.137+0000] {logging_mixin.py:188} INFO - [2024-07-14T16:39:20.137+0000] {dag.py:3954} INFO - Setting next_dagrun for tutorial_taskflow_api to None, run_after=None
[2024-07-14T16:39:20.213+0000] {processor.py:183} INFO - Processing /home/airflow/.local/lib/python3.12/site-packages/airflow/example_dags/tutorial_taskflow_api.py took 0.355 seconds
[2024-07-14T16:39:50.524+0000] {processor.py:161} INFO - Started process (PID=683) to work on /home/airflow/.local/lib/python3.12/site-packages/airflow/example_dags/tutorial_taskflow_api.py
[2024-07-14T16:39:50.530+0000] {processor.py:830} INFO - Processing file /home/airflow/.local/lib/python3.12/site-packages/airflow/example_dags/tutorial_taskflow_api.py for tasks to queue
[2024-07-14T16:39:50.533+0000] {logging_mixin.py:188} INFO - [2024-07-14T16:39:50.532+0000] {dagbag.py:545} INFO - Filling up the DagBag from /home/airflow/.local/lib/python3.12/site-packages/airflow/example_dags/tutorial_taskflow_api.py
[2024-07-14T16:39:50.551+0000] {processor.py:840} INFO - DAG(s) 'tutorial_taskflow_api' retrieved from /home/airflow/.local/lib/python3.12/site-packages/airflow/example_dags/tutorial_taskflow_api.py
[2024-07-14T16:39:50.607+0000] {logging_mixin.py:188} INFO - [2024-07-14T16:39:50.606+0000] {dag.py:3096} INFO - Sync 1 DAGs
[2024-07-14T16:39:50.644+0000] {logging_mixin.py:188} INFO - [2024-07-14T16:39:50.643+0000] {dag.py:3954} INFO - Setting next_dagrun for tutorial_taskflow_api to None, run_after=None
[2024-07-14T16:39:50.690+0000] {processor.py:183} INFO - Processing /home/airflow/.local/lib/python3.12/site-packages/airflow/example_dags/tutorial_taskflow_api.py took 0.180 seconds
[2024-07-14T16:40:21.080+0000] {processor.py:161} INFO - Started process (PID=742) to work on /home/airflow/.local/lib/python3.12/site-packages/airflow/example_dags/tutorial_taskflow_api.py
[2024-07-14T16:40:21.082+0000] {processor.py:830} INFO - Processing file /home/airflow/.local/lib/python3.12/site-packages/airflow/example_dags/tutorial_taskflow_api.py for tasks to queue
[2024-07-14T16:40:21.084+0000] {logging_mixin.py:188} INFO - [2024-07-14T16:40:21.083+0000] {dagbag.py:545} INFO - Filling up the DagBag from /home/airflow/.local/lib/python3.12/site-packages/airflow/example_dags/tutorial_taskflow_api.py
[2024-07-14T16:40:21.094+0000] {processor.py:840} INFO - DAG(s) 'tutorial_taskflow_api' retrieved from /home/airflow/.local/lib/python3.12/site-packages/airflow/example_dags/tutorial_taskflow_api.py
[2024-07-14T16:40:21.143+0000] {logging_mixin.py:188} INFO - [2024-07-14T16:40:21.142+0000] {dag.py:3096} INFO - Sync 1 DAGs
[2024-07-14T16:40:21.162+0000] {logging_mixin.py:188} INFO - [2024-07-14T16:40:21.162+0000] {dag.py:3954} INFO - Setting next_dagrun for tutorial_taskflow_api to None, run_after=None
[2024-07-14T16:40:21.211+0000] {processor.py:183} INFO - Processing /home/airflow/.local/lib/python3.12/site-packages/airflow/example_dags/tutorial_taskflow_api.py took 0.154 seconds
[2024-07-14T16:40:52.102+0000] {processor.py:161} INFO - Started process (PID=801) to work on /home/airflow/.local/lib/python3.12/site-packages/airflow/example_dags/tutorial_taskflow_api.py
[2024-07-14T16:40:52.109+0000] {processor.py:830} INFO - Processing file /home/airflow/.local/lib/python3.12/site-packages/airflow/example_dags/tutorial_taskflow_api.py for tasks to queue
[2024-07-14T16:40:52.112+0000] {logging_mixin.py:188} INFO - [2024-07-14T16:40:52.110+0000] {dagbag.py:545} INFO - Filling up the DagBag from /home/airflow/.local/lib/python3.12/site-packages/airflow/example_dags/tutorial_taskflow_api.py
[2024-07-14T16:40:52.145+0000] {processor.py:840} INFO - DAG(s) 'tutorial_taskflow_api' retrieved from /home/airflow/.local/lib/python3.12/site-packages/airflow/example_dags/tutorial_taskflow_api.py
[2024-07-14T16:40:52.200+0000] {logging_mixin.py:188} INFO - [2024-07-14T16:40:52.198+0000] {dag.py:3096} INFO - Sync 1 DAGs
[2024-07-14T16:40:52.232+0000] {logging_mixin.py:188} INFO - [2024-07-14T16:40:52.231+0000] {dag.py:3954} INFO - Setting next_dagrun for tutorial_taskflow_api to None, run_after=None
[2024-07-14T16:40:52.267+0000] {processor.py:183} INFO - Processing /home/airflow/.local/lib/python3.12/site-packages/airflow/example_dags/tutorial_taskflow_api.py took 0.188 seconds
[2024-07-14T16:41:23.253+0000] {processor.py:161} INFO - Started process (PID=859) to work on /home/airflow/.local/lib/python3.12/site-packages/airflow/example_dags/tutorial_taskflow_api.py
[2024-07-14T16:41:23.260+0000] {processor.py:830} INFO - Processing file /home/airflow/.local/lib/python3.12/site-packages/airflow/example_dags/tutorial_taskflow_api.py for tasks to queue
[2024-07-14T16:41:23.278+0000] {logging_mixin.py:188} INFO - [2024-07-14T16:41:23.278+0000] {dagbag.py:545} INFO - Filling up the DagBag from /home/airflow/.local/lib/python3.12/site-packages/airflow/example_dags/tutorial_taskflow_api.py
[2024-07-14T16:41:23.293+0000] {processor.py:840} INFO - DAG(s) 'tutorial_taskflow_api' retrieved from /home/airflow/.local/lib/python3.12/site-packages/airflow/example_dags/tutorial_taskflow_api.py
[2024-07-14T16:41:23.360+0000] {logging_mixin.py:188} INFO - [2024-07-14T16:41:23.359+0000] {dag.py:3096} INFO - Sync 1 DAGs
[2024-07-14T16:41:23.422+0000] {logging_mixin.py:188} INFO - [2024-07-14T16:41:23.422+0000] {dag.py:3954} INFO - Setting next_dagrun for tutorial_taskflow_api to None, run_after=None
[2024-07-14T16:41:23.529+0000] {processor.py:183} INFO - Processing /home/airflow/.local/lib/python3.12/site-packages/airflow/example_dags/tutorial_taskflow_api.py took 0.297 seconds
[2024-07-14T16:41:54.027+0000] {processor.py:161} INFO - Started process (PID=918) to work on /home/airflow/.local/lib/python3.12/site-packages/airflow/example_dags/tutorial_taskflow_api.py
[2024-07-14T16:41:54.030+0000] {processor.py:830} INFO - Processing file /home/airflow/.local/lib/python3.12/site-packages/airflow/example_dags/tutorial_taskflow_api.py for tasks to queue
[2024-07-14T16:41:54.032+0000] {logging_mixin.py:188} INFO - [2024-07-14T16:41:54.031+0000] {dagbag.py:545} INFO - Filling up the DagBag from /home/airflow/.local/lib/python3.12/site-packages/airflow/example_dags/tutorial_taskflow_api.py
[2024-07-14T16:41:54.045+0000] {processor.py:840} INFO - DAG(s) 'tutorial_taskflow_api' retrieved from /home/airflow/.local/lib/python3.12/site-packages/airflow/example_dags/tutorial_taskflow_api.py
[2024-07-14T16:41:54.178+0000] {logging_mixin.py:188} INFO - [2024-07-14T16:41:54.173+0000] {dag.py:3096} INFO - Sync 1 DAGs
[2024-07-14T16:41:54.239+0000] {logging_mixin.py:188} INFO - [2024-07-14T16:41:54.239+0000] {dag.py:3954} INFO - Setting next_dagrun for tutorial_taskflow_api to None, run_after=None
[2024-07-14T16:41:54.358+0000] {processor.py:183} INFO - Processing /home/airflow/.local/lib/python3.12/site-packages/airflow/example_dags/tutorial_taskflow_api.py took 0.357 seconds
[2024-07-14T16:42:24.911+0000] {processor.py:161} INFO - Started process (PID=982) to work on /home/airflow/.local/lib/python3.12/site-packages/airflow/example_dags/tutorial_taskflow_api.py
[2024-07-14T16:42:24.914+0000] {processor.py:830} INFO - Processing file /home/airflow/.local/lib/python3.12/site-packages/airflow/example_dags/tutorial_taskflow_api.py for tasks to queue
[2024-07-14T16:42:24.920+0000] {logging_mixin.py:188} INFO - [2024-07-14T16:42:24.916+0000] {dagbag.py:545} INFO - Filling up the DagBag from /home/airflow/.local/lib/python3.12/site-packages/airflow/example_dags/tutorial_taskflow_api.py
[2024-07-14T16:42:24.936+0000] {processor.py:840} INFO - DAG(s) 'tutorial_taskflow_api' retrieved from /home/airflow/.local/lib/python3.12/site-packages/airflow/example_dags/tutorial_taskflow_api.py
[2024-07-14T16:42:24.979+0000] {logging_mixin.py:188} INFO - [2024-07-14T16:42:24.978+0000] {dag.py:3096} INFO - Sync 1 DAGs
[2024-07-14T16:42:25.001+0000] {logging_mixin.py:188} INFO - [2024-07-14T16:42:25.000+0000] {dag.py:3954} INFO - Setting next_dagrun for tutorial_taskflow_api to None, run_after=None
[2024-07-14T16:42:25.047+0000] {processor.py:183} INFO - Processing /home/airflow/.local/lib/python3.12/site-packages/airflow/example_dags/tutorial_taskflow_api.py took 0.145 seconds
[2024-07-14T16:42:55.507+0000] {processor.py:161} INFO - Started process (PID=1041) to work on /home/airflow/.local/lib/python3.12/site-packages/airflow/example_dags/tutorial_taskflow_api.py
[2024-07-14T16:42:55.509+0000] {processor.py:830} INFO - Processing file /home/airflow/.local/lib/python3.12/site-packages/airflow/example_dags/tutorial_taskflow_api.py for tasks to queue
[2024-07-14T16:42:55.512+0000] {logging_mixin.py:188} INFO - [2024-07-14T16:42:55.512+0000] {dagbag.py:545} INFO - Filling up the DagBag from /home/airflow/.local/lib/python3.12/site-packages/airflow/example_dags/tutorial_taskflow_api.py
[2024-07-14T16:42:55.530+0000] {processor.py:840} INFO - DAG(s) 'tutorial_taskflow_api' retrieved from /home/airflow/.local/lib/python3.12/site-packages/airflow/example_dags/tutorial_taskflow_api.py
[2024-07-14T16:42:55.586+0000] {logging_mixin.py:188} INFO - [2024-07-14T16:42:55.585+0000] {dag.py:3096} INFO - Sync 1 DAGs
[2024-07-14T16:42:55.617+0000] {logging_mixin.py:188} INFO - [2024-07-14T16:42:55.616+0000] {dag.py:3954} INFO - Setting next_dagrun for tutorial_taskflow_api to None, run_after=None
[2024-07-14T16:42:55.683+0000] {processor.py:183} INFO - Processing /home/airflow/.local/lib/python3.12/site-packages/airflow/example_dags/tutorial_taskflow_api.py took 0.185 seconds
[2024-07-14T16:43:26.391+0000] {processor.py:161} INFO - Started process (PID=1099) to work on /home/airflow/.local/lib/python3.12/site-packages/airflow/example_dags/tutorial_taskflow_api.py
[2024-07-14T16:43:26.396+0000] {processor.py:830} INFO - Processing file /home/airflow/.local/lib/python3.12/site-packages/airflow/example_dags/tutorial_taskflow_api.py for tasks to queue
[2024-07-14T16:43:26.398+0000] {logging_mixin.py:188} INFO - [2024-07-14T16:43:26.398+0000] {dagbag.py:545} INFO - Filling up the DagBag from /home/airflow/.local/lib/python3.12/site-packages/airflow/example_dags/tutorial_taskflow_api.py
[2024-07-14T16:43:26.433+0000] {processor.py:840} INFO - DAG(s) 'tutorial_taskflow_api' retrieved from /home/airflow/.local/lib/python3.12/site-packages/airflow/example_dags/tutorial_taskflow_api.py
[2024-07-14T16:43:26.501+0000] {logging_mixin.py:188} INFO - [2024-07-14T16:43:26.501+0000] {dag.py:3096} INFO - Sync 1 DAGs
[2024-07-14T16:43:26.537+0000] {logging_mixin.py:188} INFO - [2024-07-14T16:43:26.536+0000] {dag.py:3954} INFO - Setting next_dagrun for tutorial_taskflow_api to None, run_after=None
[2024-07-14T16:43:26.672+0000] {processor.py:183} INFO - Processing /home/airflow/.local/lib/python3.12/site-packages/airflow/example_dags/tutorial_taskflow_api.py took 0.292 seconds
[2024-07-14T16:43:57.145+0000] {processor.py:161} INFO - Started process (PID=1155) to work on /home/airflow/.local/lib/python3.12/site-packages/airflow/example_dags/tutorial_taskflow_api.py
[2024-07-14T16:43:57.147+0000] {processor.py:830} INFO - Processing file /home/airflow/.local/lib/python3.12/site-packages/airflow/example_dags/tutorial_taskflow_api.py for tasks to queue
[2024-07-14T16:43:57.149+0000] {logging_mixin.py:188} INFO - [2024-07-14T16:43:57.148+0000] {dagbag.py:545} INFO - Filling up the DagBag from /home/airflow/.local/lib/python3.12/site-packages/airflow/example_dags/tutorial_taskflow_api.py
[2024-07-14T16:43:57.177+0000] {processor.py:840} INFO - DAG(s) 'tutorial_taskflow_api' retrieved from /home/airflow/.local/lib/python3.12/site-packages/airflow/example_dags/tutorial_taskflow_api.py
[2024-07-14T16:43:57.278+0000] {logging_mixin.py:188} INFO - [2024-07-14T16:43:57.277+0000] {dag.py:3096} INFO - Sync 1 DAGs
[2024-07-14T16:43:57.327+0000] {logging_mixin.py:188} INFO - [2024-07-14T16:43:57.326+0000] {dag.py:3954} INFO - Setting next_dagrun for tutorial_taskflow_api to None, run_after=None
[2024-07-14T16:43:57.386+0000] {processor.py:183} INFO - Processing /home/airflow/.local/lib/python3.12/site-packages/airflow/example_dags/tutorial_taskflow_api.py took 0.257 seconds
[2024-07-14T16:44:27.490+0000] {processor.py:161} INFO - Started process (PID=1214) to work on /home/airflow/.local/lib/python3.12/site-packages/airflow/example_dags/tutorial_taskflow_api.py
[2024-07-14T16:44:27.492+0000] {processor.py:830} INFO - Processing file /home/airflow/.local/lib/python3.12/site-packages/airflow/example_dags/tutorial_taskflow_api.py for tasks to queue
[2024-07-14T16:44:27.494+0000] {logging_mixin.py:188} INFO - [2024-07-14T16:44:27.493+0000] {dagbag.py:545} INFO - Filling up the DagBag from /home/airflow/.local/lib/python3.12/site-packages/airflow/example_dags/tutorial_taskflow_api.py
[2024-07-14T16:44:27.504+0000] {processor.py:840} INFO - DAG(s) 'tutorial_taskflow_api' retrieved from /home/airflow/.local/lib/python3.12/site-packages/airflow/example_dags/tutorial_taskflow_api.py
[2024-07-14T16:44:27.551+0000] {logging_mixin.py:188} INFO - [2024-07-14T16:44:27.551+0000] {dag.py:3096} INFO - Sync 1 DAGs
[2024-07-14T16:44:27.581+0000] {logging_mixin.py:188} INFO - [2024-07-14T16:44:27.581+0000] {dag.py:3954} INFO - Setting next_dagrun for tutorial_taskflow_api to None, run_after=None
[2024-07-14T16:44:27.630+0000] {processor.py:183} INFO - Processing /home/airflow/.local/lib/python3.12/site-packages/airflow/example_dags/tutorial_taskflow_api.py took 0.178 seconds
[2024-07-14T16:44:58.345+0000] {processor.py:161} INFO - Started process (PID=1272) to work on /home/airflow/.local/lib/python3.12/site-packages/airflow/example_dags/tutorial_taskflow_api.py
[2024-07-14T16:44:58.347+0000] {processor.py:830} INFO - Processing file /home/airflow/.local/lib/python3.12/site-packages/airflow/example_dags/tutorial_taskflow_api.py for tasks to queue
[2024-07-14T16:44:58.350+0000] {logging_mixin.py:188} INFO - [2024-07-14T16:44:58.350+0000] {dagbag.py:545} INFO - Filling up the DagBag from /home/airflow/.local/lib/python3.12/site-packages/airflow/example_dags/tutorial_taskflow_api.py
[2024-07-14T16:44:58.362+0000] {processor.py:840} INFO - DAG(s) 'tutorial_taskflow_api' retrieved from /home/airflow/.local/lib/python3.12/site-packages/airflow/example_dags/tutorial_taskflow_api.py
[2024-07-14T16:44:58.438+0000] {logging_mixin.py:188} INFO - [2024-07-14T16:44:58.437+0000] {dag.py:3096} INFO - Sync 1 DAGs
[2024-07-14T16:44:58.467+0000] {logging_mixin.py:188} INFO - [2024-07-14T16:44:58.466+0000] {dag.py:3954} INFO - Setting next_dagrun for tutorial_taskflow_api to None, run_after=None
[2024-07-14T16:44:58.515+0000] {processor.py:183} INFO - Processing /home/airflow/.local/lib/python3.12/site-packages/airflow/example_dags/tutorial_taskflow_api.py took 0.194 seconds
[2024-07-14T16:45:28.775+0000] {processor.py:161} INFO - Started process (PID=1331) to work on /home/airflow/.local/lib/python3.12/site-packages/airflow/example_dags/tutorial_taskflow_api.py
[2024-07-14T16:45:28.803+0000] {processor.py:830} INFO - Processing file /home/airflow/.local/lib/python3.12/site-packages/airflow/example_dags/tutorial_taskflow_api.py for tasks to queue
[2024-07-14T16:45:28.806+0000] {logging_mixin.py:188} INFO - [2024-07-14T16:45:28.805+0000] {dagbag.py:545} INFO - Filling up the DagBag from /home/airflow/.local/lib/python3.12/site-packages/airflow/example_dags/tutorial_taskflow_api.py
[2024-07-14T16:45:28.818+0000] {processor.py:840} INFO - DAG(s) 'tutorial_taskflow_api' retrieved from /home/airflow/.local/lib/python3.12/site-packages/airflow/example_dags/tutorial_taskflow_api.py
[2024-07-14T16:45:28.883+0000] {logging_mixin.py:188} INFO - [2024-07-14T16:45:28.882+0000] {dag.py:3096} INFO - Sync 1 DAGs
[2024-07-14T16:45:28.920+0000] {logging_mixin.py:188} INFO - [2024-07-14T16:45:28.915+0000] {dag.py:3954} INFO - Setting next_dagrun for tutorial_taskflow_api to None, run_after=None
[2024-07-14T16:45:28.968+0000] {processor.py:183} INFO - Processing /home/airflow/.local/lib/python3.12/site-packages/airflow/example_dags/tutorial_taskflow_api.py took 0.207 seconds
[2024-07-14T16:45:59.293+0000] {processor.py:161} INFO - Started process (PID=1390) to work on /home/airflow/.local/lib/python3.12/site-packages/airflow/example_dags/tutorial_taskflow_api.py
[2024-07-14T16:45:59.295+0000] {processor.py:830} INFO - Processing file /home/airflow/.local/lib/python3.12/site-packages/airflow/example_dags/tutorial_taskflow_api.py for tasks to queue
[2024-07-14T16:45:59.299+0000] {logging_mixin.py:188} INFO - [2024-07-14T16:45:59.298+0000] {dagbag.py:545} INFO - Filling up the DagBag from /home/airflow/.local/lib/python3.12/site-packages/airflow/example_dags/tutorial_taskflow_api.py
[2024-07-14T16:45:59.309+0000] {processor.py:840} INFO - DAG(s) 'tutorial_taskflow_api' retrieved from /home/airflow/.local/lib/python3.12/site-packages/airflow/example_dags/tutorial_taskflow_api.py
[2024-07-14T16:45:59.367+0000] {logging_mixin.py:188} INFO - [2024-07-14T16:45:59.366+0000] {dag.py:3096} INFO - Sync 1 DAGs
[2024-07-14T16:45:59.404+0000] {logging_mixin.py:188} INFO - [2024-07-14T16:45:59.404+0000] {dag.py:3954} INFO - Setting next_dagrun for tutorial_taskflow_api to None, run_after=None
[2024-07-14T16:45:59.442+0000] {processor.py:183} INFO - Processing /home/airflow/.local/lib/python3.12/site-packages/airflow/example_dags/tutorial_taskflow_api.py took 0.173 seconds
[2024-07-14T16:46:30.462+0000] {processor.py:161} INFO - Started process (PID=1449) to work on /home/airflow/.local/lib/python3.12/site-packages/airflow/example_dags/tutorial_taskflow_api.py
[2024-07-14T16:46:30.464+0000] {processor.py:830} INFO - Processing file /home/airflow/.local/lib/python3.12/site-packages/airflow/example_dags/tutorial_taskflow_api.py for tasks to queue
[2024-07-14T16:46:30.466+0000] {logging_mixin.py:188} INFO - [2024-07-14T16:46:30.465+0000] {dagbag.py:545} INFO - Filling up the DagBag from /home/airflow/.local/lib/python3.12/site-packages/airflow/example_dags/tutorial_taskflow_api.py
[2024-07-14T16:46:30.479+0000] {processor.py:840} INFO - DAG(s) 'tutorial_taskflow_api' retrieved from /home/airflow/.local/lib/python3.12/site-packages/airflow/example_dags/tutorial_taskflow_api.py
[2024-07-14T16:46:30.524+0000] {logging_mixin.py:188} INFO - [2024-07-14T16:46:30.523+0000] {dag.py:3096} INFO - Sync 1 DAGs
[2024-07-14T16:46:30.592+0000] {logging_mixin.py:188} INFO - [2024-07-14T16:46:30.592+0000] {dag.py:3954} INFO - Setting next_dagrun for tutorial_taskflow_api to None, run_after=None
[2024-07-14T16:46:30.647+0000] {processor.py:183} INFO - Processing /home/airflow/.local/lib/python3.12/site-packages/airflow/example_dags/tutorial_taskflow_api.py took 0.198 seconds
[2024-07-14T16:47:01.053+0000] {processor.py:161} INFO - Started process (PID=1508) to work on /home/airflow/.local/lib/python3.12/site-packages/airflow/example_dags/tutorial_taskflow_api.py
[2024-07-14T16:47:01.055+0000] {processor.py:830} INFO - Processing file /home/airflow/.local/lib/python3.12/site-packages/airflow/example_dags/tutorial_taskflow_api.py for tasks to queue
[2024-07-14T16:47:01.057+0000] {logging_mixin.py:188} INFO - [2024-07-14T16:47:01.057+0000] {dagbag.py:545} INFO - Filling up the DagBag from /home/airflow/.local/lib/python3.12/site-packages/airflow/example_dags/tutorial_taskflow_api.py
[2024-07-14T16:47:01.067+0000] {processor.py:840} INFO - DAG(s) 'tutorial_taskflow_api' retrieved from /home/airflow/.local/lib/python3.12/site-packages/airflow/example_dags/tutorial_taskflow_api.py
[2024-07-14T16:47:01.110+0000] {logging_mixin.py:188} INFO - [2024-07-14T16:47:01.110+0000] {dag.py:3096} INFO - Sync 1 DAGs
[2024-07-14T16:47:01.159+0000] {logging_mixin.py:188} INFO - [2024-07-14T16:47:01.159+0000] {dag.py:3954} INFO - Setting next_dagrun for tutorial_taskflow_api to None, run_after=None
[2024-07-14T16:47:01.245+0000] {processor.py:183} INFO - Processing /home/airflow/.local/lib/python3.12/site-packages/airflow/example_dags/tutorial_taskflow_api.py took 0.201 seconds
[2024-07-14T16:47:31.299+0000] {processor.py:161} INFO - Started process (PID=1567) to work on /home/airflow/.local/lib/python3.12/site-packages/airflow/example_dags/tutorial_taskflow_api.py
[2024-07-14T16:47:31.303+0000] {processor.py:830} INFO - Processing file /home/airflow/.local/lib/python3.12/site-packages/airflow/example_dags/tutorial_taskflow_api.py for tasks to queue
[2024-07-14T16:47:31.307+0000] {logging_mixin.py:188} INFO - [2024-07-14T16:47:31.306+0000] {dagbag.py:545} INFO - Filling up the DagBag from /home/airflow/.local/lib/python3.12/site-packages/airflow/example_dags/tutorial_taskflow_api.py
[2024-07-14T16:47:31.322+0000] {processor.py:840} INFO - DAG(s) 'tutorial_taskflow_api' retrieved from /home/airflow/.local/lib/python3.12/site-packages/airflow/example_dags/tutorial_taskflow_api.py
[2024-07-14T16:47:31.369+0000] {logging_mixin.py:188} INFO - [2024-07-14T16:47:31.368+0000] {dag.py:3096} INFO - Sync 1 DAGs
[2024-07-14T16:47:31.402+0000] {logging_mixin.py:188} INFO - [2024-07-14T16:47:31.402+0000] {dag.py:3954} INFO - Setting next_dagrun for tutorial_taskflow_api to None, run_after=None
[2024-07-14T16:47:31.449+0000] {processor.py:183} INFO - Processing /home/airflow/.local/lib/python3.12/site-packages/airflow/example_dags/tutorial_taskflow_api.py took 0.158 seconds
[2024-07-14T16:48:01.907+0000] {processor.py:161} INFO - Started process (PID=1626) to work on /home/airflow/.local/lib/python3.12/site-packages/airflow/example_dags/tutorial_taskflow_api.py
[2024-07-14T16:48:01.909+0000] {processor.py:830} INFO - Processing file /home/airflow/.local/lib/python3.12/site-packages/airflow/example_dags/tutorial_taskflow_api.py for tasks to queue
[2024-07-14T16:48:01.912+0000] {logging_mixin.py:188} INFO - [2024-07-14T16:48:01.911+0000] {dagbag.py:545} INFO - Filling up the DagBag from /home/airflow/.local/lib/python3.12/site-packages/airflow/example_dags/tutorial_taskflow_api.py
[2024-07-14T16:48:01.926+0000] {processor.py:840} INFO - DAG(s) 'tutorial_taskflow_api' retrieved from /home/airflow/.local/lib/python3.12/site-packages/airflow/example_dags/tutorial_taskflow_api.py
[2024-07-14T16:48:01.989+0000] {logging_mixin.py:188} INFO - [2024-07-14T16:48:01.988+0000] {dag.py:3096} INFO - Sync 1 DAGs
[2024-07-14T16:48:02.014+0000] {logging_mixin.py:188} INFO - [2024-07-14T16:48:02.014+0000] {dag.py:3954} INFO - Setting next_dagrun for tutorial_taskflow_api to None, run_after=None
[2024-07-14T16:48:02.071+0000] {processor.py:183} INFO - Processing /home/airflow/.local/lib/python3.12/site-packages/airflow/example_dags/tutorial_taskflow_api.py took 0.175 seconds
[2024-07-14T16:48:32.758+0000] {processor.py:161} INFO - Started process (PID=1685) to work on /home/airflow/.local/lib/python3.12/site-packages/airflow/example_dags/tutorial_taskflow_api.py
[2024-07-14T16:48:32.785+0000] {processor.py:830} INFO - Processing file /home/airflow/.local/lib/python3.12/site-packages/airflow/example_dags/tutorial_taskflow_api.py for tasks to queue
[2024-07-14T16:48:32.787+0000] {logging_mixin.py:188} INFO - [2024-07-14T16:48:32.787+0000] {dagbag.py:545} INFO - Filling up the DagBag from /home/airflow/.local/lib/python3.12/site-packages/airflow/example_dags/tutorial_taskflow_api.py
[2024-07-14T16:48:32.808+0000] {processor.py:840} INFO - DAG(s) 'tutorial_taskflow_api' retrieved from /home/airflow/.local/lib/python3.12/site-packages/airflow/example_dags/tutorial_taskflow_api.py
[2024-07-14T16:48:32.861+0000] {logging_mixin.py:188} INFO - [2024-07-14T16:48:32.861+0000] {dag.py:3096} INFO - Sync 1 DAGs
[2024-07-14T16:48:32.893+0000] {logging_mixin.py:188} INFO - [2024-07-14T16:48:32.893+0000] {dag.py:3954} INFO - Setting next_dagrun for tutorial_taskflow_api to None, run_after=None
[2024-07-14T16:48:32.929+0000] {processor.py:183} INFO - Processing /home/airflow/.local/lib/python3.12/site-packages/airflow/example_dags/tutorial_taskflow_api.py took 0.213 seconds
[2024-07-14T16:49:03.095+0000] {processor.py:161} INFO - Started process (PID=1744) to work on /home/airflow/.local/lib/python3.12/site-packages/airflow/example_dags/tutorial_taskflow_api.py
[2024-07-14T16:49:03.097+0000] {processor.py:830} INFO - Processing file /home/airflow/.local/lib/python3.12/site-packages/airflow/example_dags/tutorial_taskflow_api.py for tasks to queue
[2024-07-14T16:49:03.102+0000] {logging_mixin.py:188} INFO - [2024-07-14T16:49:03.101+0000] {dagbag.py:545} INFO - Filling up the DagBag from /home/airflow/.local/lib/python3.12/site-packages/airflow/example_dags/tutorial_taskflow_api.py
[2024-07-14T16:49:03.114+0000] {processor.py:840} INFO - DAG(s) 'tutorial_taskflow_api' retrieved from /home/airflow/.local/lib/python3.12/site-packages/airflow/example_dags/tutorial_taskflow_api.py
[2024-07-14T16:49:03.166+0000] {logging_mixin.py:188} INFO - [2024-07-14T16:49:03.166+0000] {dag.py:3096} INFO - Sync 1 DAGs
[2024-07-14T16:49:03.203+0000] {logging_mixin.py:188} INFO - [2024-07-14T16:49:03.203+0000] {dag.py:3954} INFO - Setting next_dagrun for tutorial_taskflow_api to None, run_after=None
[2024-07-14T16:49:03.247+0000] {processor.py:183} INFO - Processing /home/airflow/.local/lib/python3.12/site-packages/airflow/example_dags/tutorial_taskflow_api.py took 0.161 seconds
[2024-07-14T16:49:36.463+0000] {processor.py:161} INFO - Started process (PID=1806) to work on /home/airflow/.local/lib/python3.12/site-packages/airflow/example_dags/tutorial_taskflow_api.py
[2024-07-14T16:49:36.465+0000] {processor.py:830} INFO - Processing file /home/airflow/.local/lib/python3.12/site-packages/airflow/example_dags/tutorial_taskflow_api.py for tasks to queue
[2024-07-14T16:49:36.471+0000] {logging_mixin.py:188} INFO - [2024-07-14T16:49:36.470+0000] {dagbag.py:545} INFO - Filling up the DagBag from /home/airflow/.local/lib/python3.12/site-packages/airflow/example_dags/tutorial_taskflow_api.py
[2024-07-14T16:49:36.497+0000] {processor.py:840} INFO - DAG(s) 'tutorial_taskflow_api' retrieved from /home/airflow/.local/lib/python3.12/site-packages/airflow/example_dags/tutorial_taskflow_api.py
[2024-07-14T16:49:36.584+0000] {logging_mixin.py:188} INFO - [2024-07-14T16:49:36.584+0000] {dag.py:3096} INFO - Sync 1 DAGs
[2024-07-14T16:49:36.639+0000] {logging_mixin.py:188} INFO - [2024-07-14T16:49:36.638+0000] {dag.py:3954} INFO - Setting next_dagrun for tutorial_taskflow_api to None, run_after=None
[2024-07-14T16:49:37.029+0000] {processor.py:183} INFO - Processing /home/airflow/.local/lib/python3.12/site-packages/airflow/example_dags/tutorial_taskflow_api.py took 0.585 seconds
[2024-07-14T16:50:07.959+0000] {processor.py:161} INFO - Started process (PID=1868) to work on /home/airflow/.local/lib/python3.12/site-packages/airflow/example_dags/tutorial_taskflow_api.py
[2024-07-14T16:50:07.963+0000] {processor.py:830} INFO - Processing file /home/airflow/.local/lib/python3.12/site-packages/airflow/example_dags/tutorial_taskflow_api.py for tasks to queue
[2024-07-14T16:50:07.968+0000] {logging_mixin.py:188} INFO - [2024-07-14T16:50:07.967+0000] {dagbag.py:545} INFO - Filling up the DagBag from /home/airflow/.local/lib/python3.12/site-packages/airflow/example_dags/tutorial_taskflow_api.py
[2024-07-14T16:50:07.992+0000] {processor.py:840} INFO - DAG(s) 'tutorial_taskflow_api' retrieved from /home/airflow/.local/lib/python3.12/site-packages/airflow/example_dags/tutorial_taskflow_api.py
[2024-07-14T16:50:08.171+0000] {logging_mixin.py:188} INFO - [2024-07-14T16:50:08.170+0000] {dag.py:3096} INFO - Sync 1 DAGs
[2024-07-14T16:50:08.244+0000] {logging_mixin.py:188} INFO - [2024-07-14T16:50:08.243+0000] {dag.py:3954} INFO - Setting next_dagrun for tutorial_taskflow_api to None, run_after=None
[2024-07-14T16:50:08.306+0000] {processor.py:183} INFO - Processing /home/airflow/.local/lib/python3.12/site-packages/airflow/example_dags/tutorial_taskflow_api.py took 0.366 seconds
[2024-07-14T16:50:39.032+0000] {processor.py:161} INFO - Started process (PID=1926) to work on /home/airflow/.local/lib/python3.12/site-packages/airflow/example_dags/tutorial_taskflow_api.py
[2024-07-14T16:50:39.036+0000] {processor.py:830} INFO - Processing file /home/airflow/.local/lib/python3.12/site-packages/airflow/example_dags/tutorial_taskflow_api.py for tasks to queue
[2024-07-14T16:50:39.038+0000] {logging_mixin.py:188} INFO - [2024-07-14T16:50:39.037+0000] {dagbag.py:545} INFO - Filling up the DagBag from /home/airflow/.local/lib/python3.12/site-packages/airflow/example_dags/tutorial_taskflow_api.py
[2024-07-14T16:50:39.048+0000] {processor.py:840} INFO - DAG(s) 'tutorial_taskflow_api' retrieved from /home/airflow/.local/lib/python3.12/site-packages/airflow/example_dags/tutorial_taskflow_api.py
[2024-07-14T16:50:39.088+0000] {logging_mixin.py:188} INFO - [2024-07-14T16:50:39.088+0000] {dag.py:3096} INFO - Sync 1 DAGs
[2024-07-14T16:50:39.108+0000] {logging_mixin.py:188} INFO - [2024-07-14T16:50:39.108+0000] {dag.py:3954} INFO - Setting next_dagrun for tutorial_taskflow_api to None, run_after=None
[2024-07-14T16:50:39.145+0000] {processor.py:183} INFO - Processing /home/airflow/.local/lib/python3.12/site-packages/airflow/example_dags/tutorial_taskflow_api.py took 0.125 seconds
[2024-07-14T16:51:09.931+0000] {processor.py:161} INFO - Started process (PID=1984) to work on /home/airflow/.local/lib/python3.12/site-packages/airflow/example_dags/tutorial_taskflow_api.py
[2024-07-14T16:51:09.936+0000] {processor.py:830} INFO - Processing file /home/airflow/.local/lib/python3.12/site-packages/airflow/example_dags/tutorial_taskflow_api.py for tasks to queue
[2024-07-14T16:51:09.938+0000] {logging_mixin.py:188} INFO - [2024-07-14T16:51:09.938+0000] {dagbag.py:545} INFO - Filling up the DagBag from /home/airflow/.local/lib/python3.12/site-packages/airflow/example_dags/tutorial_taskflow_api.py
[2024-07-14T16:51:09.949+0000] {processor.py:840} INFO - DAG(s) 'tutorial_taskflow_api' retrieved from /home/airflow/.local/lib/python3.12/site-packages/airflow/example_dags/tutorial_taskflow_api.py
[2024-07-14T16:51:09.992+0000] {logging_mixin.py:188} INFO - [2024-07-14T16:51:09.992+0000] {dag.py:3096} INFO - Sync 1 DAGs
[2024-07-14T16:51:10.016+0000] {logging_mixin.py:188} INFO - [2024-07-14T16:51:10.016+0000] {dag.py:3954} INFO - Setting next_dagrun for tutorial_taskflow_api to None, run_after=None
[2024-07-14T16:51:10.073+0000] {processor.py:183} INFO - Processing /home/airflow/.local/lib/python3.12/site-packages/airflow/example_dags/tutorial_taskflow_api.py took 0.153 seconds
[2024-07-14T16:51:40.441+0000] {processor.py:161} INFO - Started process (PID=2043) to work on /home/airflow/.local/lib/python3.12/site-packages/airflow/example_dags/tutorial_taskflow_api.py
[2024-07-14T16:51:40.448+0000] {processor.py:830} INFO - Processing file /home/airflow/.local/lib/python3.12/site-packages/airflow/example_dags/tutorial_taskflow_api.py for tasks to queue
[2024-07-14T16:51:40.450+0000] {logging_mixin.py:188} INFO - [2024-07-14T16:51:40.450+0000] {dagbag.py:545} INFO - Filling up the DagBag from /home/airflow/.local/lib/python3.12/site-packages/airflow/example_dags/tutorial_taskflow_api.py
[2024-07-14T16:51:40.465+0000] {processor.py:840} INFO - DAG(s) 'tutorial_taskflow_api' retrieved from /home/airflow/.local/lib/python3.12/site-packages/airflow/example_dags/tutorial_taskflow_api.py
[2024-07-14T16:51:40.536+0000] {logging_mixin.py:188} INFO - [2024-07-14T16:51:40.536+0000] {dag.py:3096} INFO - Sync 1 DAGs
[2024-07-14T16:51:40.582+0000] {logging_mixin.py:188} INFO - [2024-07-14T16:51:40.581+0000] {dag.py:3954} INFO - Setting next_dagrun for tutorial_taskflow_api to None, run_after=None
[2024-07-14T16:51:40.634+0000] {processor.py:183} INFO - Processing /home/airflow/.local/lib/python3.12/site-packages/airflow/example_dags/tutorial_taskflow_api.py took 0.203 seconds
[2024-07-14T16:56:20.666+0000] {processor.py:161} INFO - Started process (PID=102) to work on /home/airflow/.local/lib/python3.12/site-packages/airflow/example_dags/tutorial_taskflow_api.py
[2024-07-14T16:56:20.671+0000] {processor.py:830} INFO - Processing file /home/airflow/.local/lib/python3.12/site-packages/airflow/example_dags/tutorial_taskflow_api.py for tasks to queue
[2024-07-14T16:56:20.681+0000] {logging_mixin.py:188} INFO - [2024-07-14T16:56:20.680+0000] {dagbag.py:545} INFO - Filling up the DagBag from /home/airflow/.local/lib/python3.12/site-packages/airflow/example_dags/tutorial_taskflow_api.py
[2024-07-14T16:56:20.709+0000] {processor.py:840} INFO - DAG(s) 'tutorial_taskflow_api' retrieved from /home/airflow/.local/lib/python3.12/site-packages/airflow/example_dags/tutorial_taskflow_api.py
[2024-07-14T16:56:21.082+0000] {logging_mixin.py:188} INFO - [2024-07-14T16:56:21.082+0000] {dag.py:3096} INFO - Sync 1 DAGs
[2024-07-14T16:56:21.131+0000] {logging_mixin.py:188} INFO - [2024-07-14T16:56:21.130+0000] {dag.py:3954} INFO - Setting next_dagrun for tutorial_taskflow_api to None, run_after=None
[2024-07-14T16:56:21.198+0000] {processor.py:183} INFO - Processing /home/airflow/.local/lib/python3.12/site-packages/airflow/example_dags/tutorial_taskflow_api.py took 0.549 seconds
[2024-07-14T16:56:51.961+0000] {processor.py:161} INFO - Started process (PID=161) to work on /home/airflow/.local/lib/python3.12/site-packages/airflow/example_dags/tutorial_taskflow_api.py
[2024-07-14T16:56:51.963+0000] {processor.py:830} INFO - Processing file /home/airflow/.local/lib/python3.12/site-packages/airflow/example_dags/tutorial_taskflow_api.py for tasks to queue
[2024-07-14T16:56:51.967+0000] {logging_mixin.py:188} INFO - [2024-07-14T16:56:51.966+0000] {dagbag.py:545} INFO - Filling up the DagBag from /home/airflow/.local/lib/python3.12/site-packages/airflow/example_dags/tutorial_taskflow_api.py
[2024-07-14T16:56:51.980+0000] {processor.py:840} INFO - DAG(s) 'tutorial_taskflow_api' retrieved from /home/airflow/.local/lib/python3.12/site-packages/airflow/example_dags/tutorial_taskflow_api.py
[2024-07-14T16:56:52.029+0000] {logging_mixin.py:188} INFO - [2024-07-14T16:56:52.028+0000] {dag.py:3096} INFO - Sync 1 DAGs
[2024-07-14T16:56:52.064+0000] {logging_mixin.py:188} INFO - [2024-07-14T16:56:52.064+0000] {dag.py:3954} INFO - Setting next_dagrun for tutorial_taskflow_api to None, run_after=None
[2024-07-14T16:56:52.118+0000] {processor.py:183} INFO - Processing /home/airflow/.local/lib/python3.12/site-packages/airflow/example_dags/tutorial_taskflow_api.py took 0.176 seconds
