[2024-07-14T16:33:19.436+0000] {processor.py:161} INFO - Started process (PID=47) to work on /home/airflow/.local/lib/python3.12/site-packages/airflow/example_dags/tutorial_dag.py
[2024-07-14T16:33:19.443+0000] {processor.py:830} INFO - Processing file /home/airflow/.local/lib/python3.12/site-packages/airflow/example_dags/tutorial_dag.py for tasks to queue
[2024-07-14T16:33:19.449+0000] {logging_mixin.py:188} INFO - [2024-07-14T16:33:19.448+0000] {dagbag.py:545} INFO - Filling up the DagBag from /home/airflow/.local/lib/python3.12/site-packages/airflow/example_dags/tutorial_dag.py
[2024-07-14T16:33:19.470+0000] {processor.py:840} INFO - DAG(s) 'tutorial_dag' retrieved from /home/airflow/.local/lib/python3.12/site-packages/airflow/example_dags/tutorial_dag.py
[2024-07-14T16:33:20.499+0000] {logging_mixin.py:188} INFO - [2024-07-14T16:33:20.498+0000] {dag.py:3096} INFO - Sync 1 DAGs
[2024-07-14T16:33:20.585+0000] {logging_mixin.py:188} INFO - [2024-07-14T16:33:20.585+0000] {dag.py:3954} INFO - Setting next_dagrun for tutorial_dag to None, run_after=None
[2024-07-14T16:33:20.702+0000] {processor.py:183} INFO - Processing /home/airflow/.local/lib/python3.12/site-packages/airflow/example_dags/tutorial_dag.py took 1.307 seconds
[2024-07-14T16:33:51.159+0000] {processor.py:161} INFO - Started process (PID=105) to work on /home/airflow/.local/lib/python3.12/site-packages/airflow/example_dags/tutorial_dag.py
[2024-07-14T16:33:51.160+0000] {processor.py:830} INFO - Processing file /home/airflow/.local/lib/python3.12/site-packages/airflow/example_dags/tutorial_dag.py for tasks to queue
[2024-07-14T16:33:51.178+0000] {logging_mixin.py:188} INFO - [2024-07-14T16:33:51.173+0000] {dagbag.py:545} INFO - Filling up the DagBag from /home/airflow/.local/lib/python3.12/site-packages/airflow/example_dags/tutorial_dag.py
[2024-07-14T16:33:51.188+0000] {processor.py:840} INFO - DAG(s) 'tutorial_dag' retrieved from /home/airflow/.local/lib/python3.12/site-packages/airflow/example_dags/tutorial_dag.py
[2024-07-14T16:33:51.233+0000] {logging_mixin.py:188} INFO - [2024-07-14T16:33:51.232+0000] {dag.py:3096} INFO - Sync 1 DAGs
[2024-07-14T16:33:51.254+0000] {logging_mixin.py:188} INFO - [2024-07-14T16:33:51.254+0000] {dag.py:3954} INFO - Setting next_dagrun for tutorial_dag to None, run_after=None
[2024-07-14T16:33:51.294+0000] {processor.py:183} INFO - Processing /home/airflow/.local/lib/python3.12/site-packages/airflow/example_dags/tutorial_dag.py took 0.144 seconds
[2024-07-14T16:34:21.923+0000] {processor.py:161} INFO - Started process (PID=162) to work on /home/airflow/.local/lib/python3.12/site-packages/airflow/example_dags/tutorial_dag.py
[2024-07-14T16:34:21.926+0000] {processor.py:830} INFO - Processing file /home/airflow/.local/lib/python3.12/site-packages/airflow/example_dags/tutorial_dag.py for tasks to queue
[2024-07-14T16:34:21.930+0000] {logging_mixin.py:188} INFO - [2024-07-14T16:34:21.930+0000] {dagbag.py:545} INFO - Filling up the DagBag from /home/airflow/.local/lib/python3.12/site-packages/airflow/example_dags/tutorial_dag.py
[2024-07-14T16:34:21.939+0000] {processor.py:840} INFO - DAG(s) 'tutorial_dag' retrieved from /home/airflow/.local/lib/python3.12/site-packages/airflow/example_dags/tutorial_dag.py
[2024-07-14T16:34:21.979+0000] {logging_mixin.py:188} INFO - [2024-07-14T16:34:21.978+0000] {dag.py:3096} INFO - Sync 1 DAGs
[2024-07-14T16:34:21.999+0000] {logging_mixin.py:188} INFO - [2024-07-14T16:34:21.999+0000] {dag.py:3954} INFO - Setting next_dagrun for tutorial_dag to None, run_after=None
[2024-07-14T16:34:22.037+0000] {processor.py:183} INFO - Processing /home/airflow/.local/lib/python3.12/site-packages/airflow/example_dags/tutorial_dag.py took 0.126 seconds
[2024-07-14T16:34:52.993+0000] {processor.py:161} INFO - Started process (PID=220) to work on /home/airflow/.local/lib/python3.12/site-packages/airflow/example_dags/tutorial_dag.py
[2024-07-14T16:34:52.995+0000] {processor.py:830} INFO - Processing file /home/airflow/.local/lib/python3.12/site-packages/airflow/example_dags/tutorial_dag.py for tasks to queue
[2024-07-14T16:34:52.998+0000] {logging_mixin.py:188} INFO - [2024-07-14T16:34:52.997+0000] {dagbag.py:545} INFO - Filling up the DagBag from /home/airflow/.local/lib/python3.12/site-packages/airflow/example_dags/tutorial_dag.py
[2024-07-14T16:34:53.006+0000] {processor.py:840} INFO - DAG(s) 'tutorial_dag' retrieved from /home/airflow/.local/lib/python3.12/site-packages/airflow/example_dags/tutorial_dag.py
[2024-07-14T16:34:53.085+0000] {logging_mixin.py:188} INFO - [2024-07-14T16:34:53.079+0000] {dag.py:3096} INFO - Sync 1 DAGs
[2024-07-14T16:34:53.205+0000] {logging_mixin.py:188} INFO - [2024-07-14T16:34:53.204+0000] {dag.py:3954} INFO - Setting next_dagrun for tutorial_dag to None, run_after=None
[2024-07-14T16:34:53.282+0000] {processor.py:183} INFO - Processing /home/airflow/.local/lib/python3.12/site-packages/airflow/example_dags/tutorial_dag.py took 0.301 seconds
[2024-07-14T16:35:23.410+0000] {processor.py:161} INFO - Started process (PID=278) to work on /home/airflow/.local/lib/python3.12/site-packages/airflow/example_dags/tutorial_dag.py
[2024-07-14T16:35:23.417+0000] {processor.py:830} INFO - Processing file /home/airflow/.local/lib/python3.12/site-packages/airflow/example_dags/tutorial_dag.py for tasks to queue
[2024-07-14T16:35:23.423+0000] {logging_mixin.py:188} INFO - [2024-07-14T16:35:23.422+0000] {dagbag.py:545} INFO - Filling up the DagBag from /home/airflow/.local/lib/python3.12/site-packages/airflow/example_dags/tutorial_dag.py
[2024-07-14T16:35:23.437+0000] {processor.py:840} INFO - DAG(s) 'tutorial_dag' retrieved from /home/airflow/.local/lib/python3.12/site-packages/airflow/example_dags/tutorial_dag.py
[2024-07-14T16:35:23.495+0000] {logging_mixin.py:188} INFO - [2024-07-14T16:35:23.495+0000] {dag.py:3096} INFO - Sync 1 DAGs
[2024-07-14T16:35:23.528+0000] {logging_mixin.py:188} INFO - [2024-07-14T16:35:23.528+0000] {dag.py:3954} INFO - Setting next_dagrun for tutorial_dag to None, run_after=None
[2024-07-14T16:35:23.581+0000] {processor.py:183} INFO - Processing /home/airflow/.local/lib/python3.12/site-packages/airflow/example_dags/tutorial_dag.py took 0.184 seconds
[2024-07-14T16:35:53.940+0000] {processor.py:161} INFO - Started process (PID=336) to work on /home/airflow/.local/lib/python3.12/site-packages/airflow/example_dags/tutorial_dag.py
[2024-07-14T16:35:53.942+0000] {processor.py:830} INFO - Processing file /home/airflow/.local/lib/python3.12/site-packages/airflow/example_dags/tutorial_dag.py for tasks to queue
[2024-07-14T16:35:53.945+0000] {logging_mixin.py:188} INFO - [2024-07-14T16:35:53.944+0000] {dagbag.py:545} INFO - Filling up the DagBag from /home/airflow/.local/lib/python3.12/site-packages/airflow/example_dags/tutorial_dag.py
[2024-07-14T16:35:53.953+0000] {processor.py:840} INFO - DAG(s) 'tutorial_dag' retrieved from /home/airflow/.local/lib/python3.12/site-packages/airflow/example_dags/tutorial_dag.py
[2024-07-14T16:35:53.996+0000] {logging_mixin.py:188} INFO - [2024-07-14T16:35:53.996+0000] {dag.py:3096} INFO - Sync 1 DAGs
[2024-07-14T16:35:54.019+0000] {logging_mixin.py:188} INFO - [2024-07-14T16:35:54.019+0000] {dag.py:3954} INFO - Setting next_dagrun for tutorial_dag to None, run_after=None
[2024-07-14T16:35:54.055+0000] {processor.py:183} INFO - Processing /home/airflow/.local/lib/python3.12/site-packages/airflow/example_dags/tutorial_dag.py took 0.124 seconds
[2024-07-14T16:36:24.287+0000] {processor.py:161} INFO - Started process (PID=394) to work on /home/airflow/.local/lib/python3.12/site-packages/airflow/example_dags/tutorial_dag.py
[2024-07-14T16:36:24.289+0000] {processor.py:830} INFO - Processing file /home/airflow/.local/lib/python3.12/site-packages/airflow/example_dags/tutorial_dag.py for tasks to queue
[2024-07-14T16:36:24.292+0000] {logging_mixin.py:188} INFO - [2024-07-14T16:36:24.292+0000] {dagbag.py:545} INFO - Filling up the DagBag from /home/airflow/.local/lib/python3.12/site-packages/airflow/example_dags/tutorial_dag.py
[2024-07-14T16:36:24.301+0000] {processor.py:840} INFO - DAG(s) 'tutorial_dag' retrieved from /home/airflow/.local/lib/python3.12/site-packages/airflow/example_dags/tutorial_dag.py
[2024-07-14T16:36:24.349+0000] {logging_mixin.py:188} INFO - [2024-07-14T16:36:24.348+0000] {dag.py:3096} INFO - Sync 1 DAGs
[2024-07-14T16:36:24.378+0000] {logging_mixin.py:188} INFO - [2024-07-14T16:36:24.377+0000] {dag.py:3954} INFO - Setting next_dagrun for tutorial_dag to None, run_after=None
[2024-07-14T16:36:24.434+0000] {processor.py:183} INFO - Processing /home/airflow/.local/lib/python3.12/site-packages/airflow/example_dags/tutorial_dag.py took 0.157 seconds
[2024-07-14T16:36:55.362+0000] {processor.py:161} INFO - Started process (PID=452) to work on /home/airflow/.local/lib/python3.12/site-packages/airflow/example_dags/tutorial_dag.py
[2024-07-14T16:36:55.376+0000] {processor.py:830} INFO - Processing file /home/airflow/.local/lib/python3.12/site-packages/airflow/example_dags/tutorial_dag.py for tasks to queue
[2024-07-14T16:36:55.380+0000] {logging_mixin.py:188} INFO - [2024-07-14T16:36:55.379+0000] {dagbag.py:545} INFO - Filling up the DagBag from /home/airflow/.local/lib/python3.12/site-packages/airflow/example_dags/tutorial_dag.py
[2024-07-14T16:36:55.394+0000] {processor.py:840} INFO - DAG(s) 'tutorial_dag' retrieved from /home/airflow/.local/lib/python3.12/site-packages/airflow/example_dags/tutorial_dag.py
[2024-07-14T16:36:55.453+0000] {logging_mixin.py:188} INFO - [2024-07-14T16:36:55.453+0000] {dag.py:3096} INFO - Sync 1 DAGs
[2024-07-14T16:36:55.486+0000] {logging_mixin.py:188} INFO - [2024-07-14T16:36:55.485+0000] {dag.py:3954} INFO - Setting next_dagrun for tutorial_dag to None, run_after=None
[2024-07-14T16:36:55.535+0000] {processor.py:183} INFO - Processing /home/airflow/.local/lib/python3.12/site-packages/airflow/example_dags/tutorial_dag.py took 0.185 seconds
[2024-07-14T16:37:26.196+0000] {processor.py:161} INFO - Started process (PID=507) to work on /home/airflow/.local/lib/python3.12/site-packages/airflow/example_dags/tutorial_dag.py
[2024-07-14T16:37:26.267+0000] {processor.py:830} INFO - Processing file /home/airflow/.local/lib/python3.12/site-packages/airflow/example_dags/tutorial_dag.py for tasks to queue
[2024-07-14T16:37:26.301+0000] {logging_mixin.py:188} INFO - [2024-07-14T16:37:26.299+0000] {dagbag.py:545} INFO - Filling up the DagBag from /home/airflow/.local/lib/python3.12/site-packages/airflow/example_dags/tutorial_dag.py
[2024-07-14T16:37:26.323+0000] {processor.py:840} INFO - DAG(s) 'tutorial_dag' retrieved from /home/airflow/.local/lib/python3.12/site-packages/airflow/example_dags/tutorial_dag.py
[2024-07-14T16:37:26.634+0000] {logging_mixin.py:188} INFO - [2024-07-14T16:37:26.633+0000] {dag.py:3096} INFO - Sync 1 DAGs
[2024-07-14T16:37:27.014+0000] {logging_mixin.py:188} INFO - [2024-07-14T16:37:27.013+0000] {dag.py:3954} INFO - Setting next_dagrun for tutorial_dag to None, run_after=None
[2024-07-14T16:37:27.298+0000] {processor.py:183} INFO - Processing /home/airflow/.local/lib/python3.12/site-packages/airflow/example_dags/tutorial_dag.py took 1.135 seconds
[2024-07-14T16:38:12.374+0000] {processor.py:161} INFO - Started process (PID=565) to work on /home/airflow/.local/lib/python3.12/site-packages/airflow/example_dags/tutorial_dag.py
[2024-07-14T16:38:12.415+0000] {processor.py:830} INFO - Processing file /home/airflow/.local/lib/python3.12/site-packages/airflow/example_dags/tutorial_dag.py for tasks to queue
[2024-07-14T16:38:12.520+0000] {logging_mixin.py:188} INFO - [2024-07-14T16:38:12.506+0000] {dagbag.py:545} INFO - Filling up the DagBag from /home/airflow/.local/lib/python3.12/site-packages/airflow/example_dags/tutorial_dag.py
[2024-07-14T16:38:12.550+0000] {processor.py:840} INFO - DAG(s) 'tutorial_dag' retrieved from /home/airflow/.local/lib/python3.12/site-packages/airflow/example_dags/tutorial_dag.py
[2024-07-14T16:38:16.210+0000] {logging_mixin.py:188} INFO - [2024-07-14T16:38:16.208+0000] {dag.py:3096} INFO - Sync 1 DAGs
[2024-07-14T16:38:17.889+0000] {logging_mixin.py:188} INFO - [2024-07-14T16:38:17.888+0000] {dag.py:3954} INFO - Setting next_dagrun for tutorial_dag to None, run_after=None
[2024-07-14T16:38:20.671+0000] {processor.py:183} INFO - Processing /home/airflow/.local/lib/python3.12/site-packages/airflow/example_dags/tutorial_dag.py took 8.361 seconds
[2024-07-14T16:39:21.356+0000] {processor.py:161} INFO - Started process (PID=633) to work on /home/airflow/.local/lib/python3.12/site-packages/airflow/example_dags/tutorial_dag.py
[2024-07-14T16:39:21.359+0000] {processor.py:830} INFO - Processing file /home/airflow/.local/lib/python3.12/site-packages/airflow/example_dags/tutorial_dag.py for tasks to queue
[2024-07-14T16:39:21.361+0000] {logging_mixin.py:188} INFO - [2024-07-14T16:39:21.361+0000] {dagbag.py:545} INFO - Filling up the DagBag from /home/airflow/.local/lib/python3.12/site-packages/airflow/example_dags/tutorial_dag.py
[2024-07-14T16:39:21.376+0000] {processor.py:840} INFO - DAG(s) 'tutorial_dag' retrieved from /home/airflow/.local/lib/python3.12/site-packages/airflow/example_dags/tutorial_dag.py
[2024-07-14T16:39:21.479+0000] {logging_mixin.py:188} INFO - [2024-07-14T16:39:21.479+0000] {dag.py:3096} INFO - Sync 1 DAGs
[2024-07-14T16:39:21.515+0000] {logging_mixin.py:188} INFO - [2024-07-14T16:39:21.515+0000] {dag.py:3954} INFO - Setting next_dagrun for tutorial_dag to None, run_after=None
[2024-07-14T16:39:21.581+0000] {processor.py:183} INFO - Processing /home/airflow/.local/lib/python3.12/site-packages/airflow/example_dags/tutorial_dag.py took 0.248 seconds
[2024-07-14T16:39:53.699+0000] {processor.py:161} INFO - Started process (PID=698) to work on /home/airflow/.local/lib/python3.12/site-packages/airflow/example_dags/tutorial_dag.py
[2024-07-14T16:39:53.703+0000] {processor.py:830} INFO - Processing file /home/airflow/.local/lib/python3.12/site-packages/airflow/example_dags/tutorial_dag.py for tasks to queue
[2024-07-14T16:39:53.710+0000] {logging_mixin.py:188} INFO - [2024-07-14T16:39:53.709+0000] {dagbag.py:545} INFO - Filling up the DagBag from /home/airflow/.local/lib/python3.12/site-packages/airflow/example_dags/tutorial_dag.py
[2024-07-14T16:39:53.745+0000] {processor.py:840} INFO - DAG(s) 'tutorial_dag' retrieved from /home/airflow/.local/lib/python3.12/site-packages/airflow/example_dags/tutorial_dag.py
[2024-07-14T16:39:53.864+0000] {logging_mixin.py:188} INFO - [2024-07-14T16:39:53.864+0000] {dag.py:3096} INFO - Sync 1 DAGs
[2024-07-14T16:39:53.957+0000] {logging_mixin.py:188} INFO - [2024-07-14T16:39:53.935+0000] {dag.py:3954} INFO - Setting next_dagrun for tutorial_dag to None, run_after=None
[2024-07-14T16:39:54.068+0000] {processor.py:183} INFO - Processing /home/airflow/.local/lib/python3.12/site-packages/airflow/example_dags/tutorial_dag.py took 0.511 seconds
[2024-07-14T16:40:25.130+0000] {processor.py:161} INFO - Started process (PID=758) to work on /home/airflow/.local/lib/python3.12/site-packages/airflow/example_dags/tutorial_dag.py
[2024-07-14T16:40:25.132+0000] {processor.py:830} INFO - Processing file /home/airflow/.local/lib/python3.12/site-packages/airflow/example_dags/tutorial_dag.py for tasks to queue
[2024-07-14T16:40:25.133+0000] {logging_mixin.py:188} INFO - [2024-07-14T16:40:25.133+0000] {dagbag.py:545} INFO - Filling up the DagBag from /home/airflow/.local/lib/python3.12/site-packages/airflow/example_dags/tutorial_dag.py
[2024-07-14T16:40:25.142+0000] {processor.py:840} INFO - DAG(s) 'tutorial_dag' retrieved from /home/airflow/.local/lib/python3.12/site-packages/airflow/example_dags/tutorial_dag.py
[2024-07-14T16:40:25.181+0000] {logging_mixin.py:188} INFO - [2024-07-14T16:40:25.180+0000] {dag.py:3096} INFO - Sync 1 DAGs
[2024-07-14T16:40:25.203+0000] {logging_mixin.py:188} INFO - [2024-07-14T16:40:25.203+0000] {dag.py:3954} INFO - Setting next_dagrun for tutorial_dag to None, run_after=None
[2024-07-14T16:40:25.246+0000] {processor.py:183} INFO - Processing /home/airflow/.local/lib/python3.12/site-packages/airflow/example_dags/tutorial_dag.py took 0.139 seconds
[2024-07-14T16:40:55.549+0000] {processor.py:161} INFO - Started process (PID=816) to work on /home/airflow/.local/lib/python3.12/site-packages/airflow/example_dags/tutorial_dag.py
[2024-07-14T16:40:55.553+0000] {processor.py:830} INFO - Processing file /home/airflow/.local/lib/python3.12/site-packages/airflow/example_dags/tutorial_dag.py for tasks to queue
[2024-07-14T16:40:55.555+0000] {logging_mixin.py:188} INFO - [2024-07-14T16:40:55.554+0000] {dagbag.py:545} INFO - Filling up the DagBag from /home/airflow/.local/lib/python3.12/site-packages/airflow/example_dags/tutorial_dag.py
[2024-07-14T16:40:55.566+0000] {processor.py:840} INFO - DAG(s) 'tutorial_dag' retrieved from /home/airflow/.local/lib/python3.12/site-packages/airflow/example_dags/tutorial_dag.py
[2024-07-14T16:40:55.804+0000] {logging_mixin.py:188} INFO - [2024-07-14T16:40:55.804+0000] {dag.py:3096} INFO - Sync 1 DAGs
[2024-07-14T16:40:55.848+0000] {logging_mixin.py:188} INFO - [2024-07-14T16:40:55.848+0000] {dag.py:3954} INFO - Setting next_dagrun for tutorial_dag to None, run_after=None
[2024-07-14T16:40:55.899+0000] {processor.py:183} INFO - Processing /home/airflow/.local/lib/python3.12/site-packages/airflow/example_dags/tutorial_dag.py took 0.358 seconds
[2024-07-14T16:41:26.367+0000] {processor.py:161} INFO - Started process (PID=875) to work on /home/airflow/.local/lib/python3.12/site-packages/airflow/example_dags/tutorial_dag.py
[2024-07-14T16:41:26.378+0000] {processor.py:830} INFO - Processing file /home/airflow/.local/lib/python3.12/site-packages/airflow/example_dags/tutorial_dag.py for tasks to queue
[2024-07-14T16:41:26.380+0000] {logging_mixin.py:188} INFO - [2024-07-14T16:41:26.379+0000] {dagbag.py:545} INFO - Filling up the DagBag from /home/airflow/.local/lib/python3.12/site-packages/airflow/example_dags/tutorial_dag.py
[2024-07-14T16:41:26.396+0000] {processor.py:840} INFO - DAG(s) 'tutorial_dag' retrieved from /home/airflow/.local/lib/python3.12/site-packages/airflow/example_dags/tutorial_dag.py
[2024-07-14T16:41:26.480+0000] {logging_mixin.py:188} INFO - [2024-07-14T16:41:26.480+0000] {dag.py:3096} INFO - Sync 1 DAGs
[2024-07-14T16:41:26.529+0000] {logging_mixin.py:188} INFO - [2024-07-14T16:41:26.528+0000] {dag.py:3954} INFO - Setting next_dagrun for tutorial_dag to None, run_after=None
[2024-07-14T16:41:26.591+0000] {processor.py:183} INFO - Processing /home/airflow/.local/lib/python3.12/site-packages/airflow/example_dags/tutorial_dag.py took 0.269 seconds
[2024-07-14T16:41:57.088+0000] {processor.py:161} INFO - Started process (PID=934) to work on /home/airflow/.local/lib/python3.12/site-packages/airflow/example_dags/tutorial_dag.py
[2024-07-14T16:41:57.089+0000] {processor.py:830} INFO - Processing file /home/airflow/.local/lib/python3.12/site-packages/airflow/example_dags/tutorial_dag.py for tasks to queue
[2024-07-14T16:41:57.092+0000] {logging_mixin.py:188} INFO - [2024-07-14T16:41:57.091+0000] {dagbag.py:545} INFO - Filling up the DagBag from /home/airflow/.local/lib/python3.12/site-packages/airflow/example_dags/tutorial_dag.py
[2024-07-14T16:41:57.102+0000] {processor.py:840} INFO - DAG(s) 'tutorial_dag' retrieved from /home/airflow/.local/lib/python3.12/site-packages/airflow/example_dags/tutorial_dag.py
[2024-07-14T16:41:57.180+0000] {logging_mixin.py:188} INFO - [2024-07-14T16:41:57.179+0000] {dag.py:3096} INFO - Sync 1 DAGs
[2024-07-14T16:41:57.204+0000] {logging_mixin.py:188} INFO - [2024-07-14T16:41:57.204+0000] {dag.py:3954} INFO - Setting next_dagrun for tutorial_dag to None, run_after=None
[2024-07-14T16:41:57.253+0000] {processor.py:183} INFO - Processing /home/airflow/.local/lib/python3.12/site-packages/airflow/example_dags/tutorial_dag.py took 0.176 seconds
[2024-07-14T16:42:27.741+0000] {processor.py:161} INFO - Started process (PID=992) to work on /home/airflow/.local/lib/python3.12/site-packages/airflow/example_dags/tutorial_dag.py
[2024-07-14T16:42:27.745+0000] {processor.py:830} INFO - Processing file /home/airflow/.local/lib/python3.12/site-packages/airflow/example_dags/tutorial_dag.py for tasks to queue
[2024-07-14T16:42:27.747+0000] {logging_mixin.py:188} INFO - [2024-07-14T16:42:27.746+0000] {dagbag.py:545} INFO - Filling up the DagBag from /home/airflow/.local/lib/python3.12/site-packages/airflow/example_dags/tutorial_dag.py
[2024-07-14T16:42:27.756+0000] {processor.py:840} INFO - DAG(s) 'tutorial_dag' retrieved from /home/airflow/.local/lib/python3.12/site-packages/airflow/example_dags/tutorial_dag.py
[2024-07-14T16:42:27.814+0000] {logging_mixin.py:188} INFO - [2024-07-14T16:42:27.814+0000] {dag.py:3096} INFO - Sync 1 DAGs
[2024-07-14T16:42:27.856+0000] {logging_mixin.py:188} INFO - [2024-07-14T16:42:27.856+0000] {dag.py:3954} INFO - Setting next_dagrun for tutorial_dag to None, run_after=None
[2024-07-14T16:42:27.930+0000] {processor.py:183} INFO - Processing /home/airflow/.local/lib/python3.12/site-packages/airflow/example_dags/tutorial_dag.py took 0.198 seconds
[2024-07-14T16:42:58.403+0000] {processor.py:161} INFO - Started process (PID=1051) to work on /home/airflow/.local/lib/python3.12/site-packages/airflow/example_dags/tutorial_dag.py
[2024-07-14T16:42:58.406+0000] {processor.py:830} INFO - Processing file /home/airflow/.local/lib/python3.12/site-packages/airflow/example_dags/tutorial_dag.py for tasks to queue
[2024-07-14T16:42:58.408+0000] {logging_mixin.py:188} INFO - [2024-07-14T16:42:58.407+0000] {dagbag.py:545} INFO - Filling up the DagBag from /home/airflow/.local/lib/python3.12/site-packages/airflow/example_dags/tutorial_dag.py
[2024-07-14T16:42:58.434+0000] {processor.py:840} INFO - DAG(s) 'tutorial_dag' retrieved from /home/airflow/.local/lib/python3.12/site-packages/airflow/example_dags/tutorial_dag.py
[2024-07-14T16:42:58.483+0000] {logging_mixin.py:188} INFO - [2024-07-14T16:42:58.482+0000] {dag.py:3096} INFO - Sync 1 DAGs
[2024-07-14T16:42:58.511+0000] {logging_mixin.py:188} INFO - [2024-07-14T16:42:58.511+0000] {dag.py:3954} INFO - Setting next_dagrun for tutorial_dag to None, run_after=None
[2024-07-14T16:42:58.567+0000] {processor.py:183} INFO - Processing /home/airflow/.local/lib/python3.12/site-packages/airflow/example_dags/tutorial_dag.py took 0.181 seconds
[2024-07-14T16:43:28.807+0000] {processor.py:161} INFO - Started process (PID=1110) to work on /home/airflow/.local/lib/python3.12/site-packages/airflow/example_dags/tutorial_dag.py
[2024-07-14T16:43:28.810+0000] {processor.py:830} INFO - Processing file /home/airflow/.local/lib/python3.12/site-packages/airflow/example_dags/tutorial_dag.py for tasks to queue
[2024-07-14T16:43:28.811+0000] {logging_mixin.py:188} INFO - [2024-07-14T16:43:28.811+0000] {dagbag.py:545} INFO - Filling up the DagBag from /home/airflow/.local/lib/python3.12/site-packages/airflow/example_dags/tutorial_dag.py
[2024-07-14T16:43:28.832+0000] {processor.py:840} INFO - DAG(s) 'tutorial_dag' retrieved from /home/airflow/.local/lib/python3.12/site-packages/airflow/example_dags/tutorial_dag.py
[2024-07-14T16:43:28.899+0000] {logging_mixin.py:188} INFO - [2024-07-14T16:43:28.898+0000] {dag.py:3096} INFO - Sync 1 DAGs
[2024-07-14T16:43:28.936+0000] {logging_mixin.py:188} INFO - [2024-07-14T16:43:28.936+0000] {dag.py:3954} INFO - Setting next_dagrun for tutorial_dag to None, run_after=None
[2024-07-14T16:43:28.988+0000] {processor.py:183} INFO - Processing /home/airflow/.local/lib/python3.12/site-packages/airflow/example_dags/tutorial_dag.py took 0.191 seconds
[2024-07-14T16:43:59.738+0000] {processor.py:161} INFO - Started process (PID=1168) to work on /home/airflow/.local/lib/python3.12/site-packages/airflow/example_dags/tutorial_dag.py
[2024-07-14T16:43:59.742+0000] {processor.py:830} INFO - Processing file /home/airflow/.local/lib/python3.12/site-packages/airflow/example_dags/tutorial_dag.py for tasks to queue
[2024-07-14T16:43:59.747+0000] {logging_mixin.py:188} INFO - [2024-07-14T16:43:59.744+0000] {dagbag.py:545} INFO - Filling up the DagBag from /home/airflow/.local/lib/python3.12/site-packages/airflow/example_dags/tutorial_dag.py
[2024-07-14T16:43:59.781+0000] {processor.py:840} INFO - DAG(s) 'tutorial_dag' retrieved from /home/airflow/.local/lib/python3.12/site-packages/airflow/example_dags/tutorial_dag.py
[2024-07-14T16:43:59.883+0000] {logging_mixin.py:188} INFO - [2024-07-14T16:43:59.882+0000] {dag.py:3096} INFO - Sync 1 DAGs
[2024-07-14T16:43:59.945+0000] {logging_mixin.py:188} INFO - [2024-07-14T16:43:59.943+0000] {dag.py:3954} INFO - Setting next_dagrun for tutorial_dag to None, run_after=None
[2024-07-14T16:43:59.998+0000] {processor.py:183} INFO - Processing /home/airflow/.local/lib/python3.12/site-packages/airflow/example_dags/tutorial_dag.py took 0.289 seconds
[2024-07-14T16:44:30.240+0000] {processor.py:161} INFO - Started process (PID=1226) to work on /home/airflow/.local/lib/python3.12/site-packages/airflow/example_dags/tutorial_dag.py
[2024-07-14T16:44:30.242+0000] {processor.py:830} INFO - Processing file /home/airflow/.local/lib/python3.12/site-packages/airflow/example_dags/tutorial_dag.py for tasks to queue
[2024-07-14T16:44:30.243+0000] {logging_mixin.py:188} INFO - [2024-07-14T16:44:30.243+0000] {dagbag.py:545} INFO - Filling up the DagBag from /home/airflow/.local/lib/python3.12/site-packages/airflow/example_dags/tutorial_dag.py
[2024-07-14T16:44:30.252+0000] {processor.py:840} INFO - DAG(s) 'tutorial_dag' retrieved from /home/airflow/.local/lib/python3.12/site-packages/airflow/example_dags/tutorial_dag.py
[2024-07-14T16:44:30.304+0000] {logging_mixin.py:188} INFO - [2024-07-14T16:44:30.304+0000] {dag.py:3096} INFO - Sync 1 DAGs
[2024-07-14T16:44:30.343+0000] {logging_mixin.py:188} INFO - [2024-07-14T16:44:30.343+0000] {dag.py:3954} INFO - Setting next_dagrun for tutorial_dag to None, run_after=None
[2024-07-14T16:44:30.392+0000] {processor.py:183} INFO - Processing /home/airflow/.local/lib/python3.12/site-packages/airflow/example_dags/tutorial_dag.py took 0.162 seconds
[2024-07-14T16:45:01.183+0000] {processor.py:161} INFO - Started process (PID=1282) to work on /home/airflow/.local/lib/python3.12/site-packages/airflow/example_dags/tutorial_dag.py
[2024-07-14T16:45:01.189+0000] {processor.py:830} INFO - Processing file /home/airflow/.local/lib/python3.12/site-packages/airflow/example_dags/tutorial_dag.py for tasks to queue
[2024-07-14T16:45:01.192+0000] {logging_mixin.py:188} INFO - [2024-07-14T16:45:01.191+0000] {dagbag.py:545} INFO - Filling up the DagBag from /home/airflow/.local/lib/python3.12/site-packages/airflow/example_dags/tutorial_dag.py
[2024-07-14T16:45:01.204+0000] {processor.py:840} INFO - DAG(s) 'tutorial_dag' retrieved from /home/airflow/.local/lib/python3.12/site-packages/airflow/example_dags/tutorial_dag.py
[2024-07-14T16:45:01.254+0000] {logging_mixin.py:188} INFO - [2024-07-14T16:45:01.254+0000] {dag.py:3096} INFO - Sync 1 DAGs
[2024-07-14T16:45:01.278+0000] {logging_mixin.py:188} INFO - [2024-07-14T16:45:01.277+0000] {dag.py:3954} INFO - Setting next_dagrun for tutorial_dag to None, run_after=None
[2024-07-14T16:45:01.362+0000] {processor.py:183} INFO - Processing /home/airflow/.local/lib/python3.12/site-packages/airflow/example_dags/tutorial_dag.py took 0.222 seconds
[2024-07-14T16:45:31.635+0000] {processor.py:161} INFO - Started process (PID=1341) to work on /home/airflow/.local/lib/python3.12/site-packages/airflow/example_dags/tutorial_dag.py
[2024-07-14T16:45:31.638+0000] {processor.py:830} INFO - Processing file /home/airflow/.local/lib/python3.12/site-packages/airflow/example_dags/tutorial_dag.py for tasks to queue
[2024-07-14T16:45:31.640+0000] {logging_mixin.py:188} INFO - [2024-07-14T16:45:31.639+0000] {dagbag.py:545} INFO - Filling up the DagBag from /home/airflow/.local/lib/python3.12/site-packages/airflow/example_dags/tutorial_dag.py
[2024-07-14T16:45:31.648+0000] {processor.py:840} INFO - DAG(s) 'tutorial_dag' retrieved from /home/airflow/.local/lib/python3.12/site-packages/airflow/example_dags/tutorial_dag.py
[2024-07-14T16:45:31.688+0000] {logging_mixin.py:188} INFO - [2024-07-14T16:45:31.687+0000] {dag.py:3096} INFO - Sync 1 DAGs
[2024-07-14T16:45:31.714+0000] {logging_mixin.py:188} INFO - [2024-07-14T16:45:31.713+0000] {dag.py:3954} INFO - Setting next_dagrun for tutorial_dag to None, run_after=None
[2024-07-14T16:45:31.759+0000] {processor.py:183} INFO - Processing /home/airflow/.local/lib/python3.12/site-packages/airflow/example_dags/tutorial_dag.py took 0.137 seconds
[2024-07-14T16:46:02.206+0000] {processor.py:161} INFO - Started process (PID=1400) to work on /home/airflow/.local/lib/python3.12/site-packages/airflow/example_dags/tutorial_dag.py
[2024-07-14T16:46:02.208+0000] {processor.py:830} INFO - Processing file /home/airflow/.local/lib/python3.12/site-packages/airflow/example_dags/tutorial_dag.py for tasks to queue
[2024-07-14T16:46:02.210+0000] {logging_mixin.py:188} INFO - [2024-07-14T16:46:02.209+0000] {dagbag.py:545} INFO - Filling up the DagBag from /home/airflow/.local/lib/python3.12/site-packages/airflow/example_dags/tutorial_dag.py
[2024-07-14T16:46:02.218+0000] {processor.py:840} INFO - DAG(s) 'tutorial_dag' retrieved from /home/airflow/.local/lib/python3.12/site-packages/airflow/example_dags/tutorial_dag.py
[2024-07-14T16:46:02.264+0000] {logging_mixin.py:188} INFO - [2024-07-14T16:46:02.264+0000] {dag.py:3096} INFO - Sync 1 DAGs
[2024-07-14T16:46:02.296+0000] {logging_mixin.py:188} INFO - [2024-07-14T16:46:02.296+0000] {dag.py:3954} INFO - Setting next_dagrun for tutorial_dag to None, run_after=None
[2024-07-14T16:46:02.345+0000] {processor.py:183} INFO - Processing /home/airflow/.local/lib/python3.12/site-packages/airflow/example_dags/tutorial_dag.py took 0.149 seconds
[2024-07-14T16:46:32.744+0000] {processor.py:161} INFO - Started process (PID=1459) to work on /home/airflow/.local/lib/python3.12/site-packages/airflow/example_dags/tutorial_dag.py
[2024-07-14T16:46:32.746+0000] {processor.py:830} INFO - Processing file /home/airflow/.local/lib/python3.12/site-packages/airflow/example_dags/tutorial_dag.py for tasks to queue
[2024-07-14T16:46:32.750+0000] {logging_mixin.py:188} INFO - [2024-07-14T16:46:32.749+0000] {dagbag.py:545} INFO - Filling up the DagBag from /home/airflow/.local/lib/python3.12/site-packages/airflow/example_dags/tutorial_dag.py
[2024-07-14T16:46:32.763+0000] {processor.py:840} INFO - DAG(s) 'tutorial_dag' retrieved from /home/airflow/.local/lib/python3.12/site-packages/airflow/example_dags/tutorial_dag.py
[2024-07-14T16:46:32.814+0000] {logging_mixin.py:188} INFO - [2024-07-14T16:46:32.814+0000] {dag.py:3096} INFO - Sync 1 DAGs
[2024-07-14T16:46:32.841+0000] {logging_mixin.py:188} INFO - [2024-07-14T16:46:32.841+0000] {dag.py:3954} INFO - Setting next_dagrun for tutorial_dag to None, run_after=None
[2024-07-14T16:46:32.888+0000] {processor.py:183} INFO - Processing /home/airflow/.local/lib/python3.12/site-packages/airflow/example_dags/tutorial_dag.py took 0.178 seconds
[2024-07-14T16:47:03.288+0000] {processor.py:161} INFO - Started process (PID=1518) to work on /home/airflow/.local/lib/python3.12/site-packages/airflow/example_dags/tutorial_dag.py
[2024-07-14T16:47:03.289+0000] {processor.py:830} INFO - Processing file /home/airflow/.local/lib/python3.12/site-packages/airflow/example_dags/tutorial_dag.py for tasks to queue
[2024-07-14T16:47:03.292+0000] {logging_mixin.py:188} INFO - [2024-07-14T16:47:03.291+0000] {dagbag.py:545} INFO - Filling up the DagBag from /home/airflow/.local/lib/python3.12/site-packages/airflow/example_dags/tutorial_dag.py
[2024-07-14T16:47:03.301+0000] {processor.py:840} INFO - DAG(s) 'tutorial_dag' retrieved from /home/airflow/.local/lib/python3.12/site-packages/airflow/example_dags/tutorial_dag.py
[2024-07-14T16:47:03.354+0000] {logging_mixin.py:188} INFO - [2024-07-14T16:47:03.354+0000] {dag.py:3096} INFO - Sync 1 DAGs
[2024-07-14T16:47:03.393+0000] {logging_mixin.py:188} INFO - [2024-07-14T16:47:03.392+0000] {dag.py:3954} INFO - Setting next_dagrun for tutorial_dag to None, run_after=None
[2024-07-14T16:47:03.439+0000] {processor.py:183} INFO - Processing /home/airflow/.local/lib/python3.12/site-packages/airflow/example_dags/tutorial_dag.py took 0.173 seconds
[2024-07-14T16:47:34.256+0000] {processor.py:161} INFO - Started process (PID=1577) to work on /home/airflow/.local/lib/python3.12/site-packages/airflow/example_dags/tutorial_dag.py
[2024-07-14T16:47:34.260+0000] {processor.py:830} INFO - Processing file /home/airflow/.local/lib/python3.12/site-packages/airflow/example_dags/tutorial_dag.py for tasks to queue
[2024-07-14T16:47:34.262+0000] {logging_mixin.py:188} INFO - [2024-07-14T16:47:34.261+0000] {dagbag.py:545} INFO - Filling up the DagBag from /home/airflow/.local/lib/python3.12/site-packages/airflow/example_dags/tutorial_dag.py
[2024-07-14T16:47:34.284+0000] {processor.py:840} INFO - DAG(s) 'tutorial_dag' retrieved from /home/airflow/.local/lib/python3.12/site-packages/airflow/example_dags/tutorial_dag.py
[2024-07-14T16:47:34.337+0000] {logging_mixin.py:188} INFO - [2024-07-14T16:47:34.337+0000] {dag.py:3096} INFO - Sync 1 DAGs
[2024-07-14T16:47:34.359+0000] {logging_mixin.py:188} INFO - [2024-07-14T16:47:34.359+0000] {dag.py:3954} INFO - Setting next_dagrun for tutorial_dag to None, run_after=None
[2024-07-14T16:47:34.406+0000] {processor.py:183} INFO - Processing /home/airflow/.local/lib/python3.12/site-packages/airflow/example_dags/tutorial_dag.py took 0.161 seconds
[2024-07-14T16:48:04.786+0000] {processor.py:161} INFO - Started process (PID=1636) to work on /home/airflow/.local/lib/python3.12/site-packages/airflow/example_dags/tutorial_dag.py
[2024-07-14T16:48:04.787+0000] {processor.py:830} INFO - Processing file /home/airflow/.local/lib/python3.12/site-packages/airflow/example_dags/tutorial_dag.py for tasks to queue
[2024-07-14T16:48:04.789+0000] {logging_mixin.py:188} INFO - [2024-07-14T16:48:04.789+0000] {dagbag.py:545} INFO - Filling up the DagBag from /home/airflow/.local/lib/python3.12/site-packages/airflow/example_dags/tutorial_dag.py
[2024-07-14T16:48:04.799+0000] {processor.py:840} INFO - DAG(s) 'tutorial_dag' retrieved from /home/airflow/.local/lib/python3.12/site-packages/airflow/example_dags/tutorial_dag.py
[2024-07-14T16:48:04.838+0000] {logging_mixin.py:188} INFO - [2024-07-14T16:48:04.838+0000] {dag.py:3096} INFO - Sync 1 DAGs
[2024-07-14T16:48:04.860+0000] {logging_mixin.py:188} INFO - [2024-07-14T16:48:04.860+0000] {dag.py:3954} INFO - Setting next_dagrun for tutorial_dag to None, run_after=None
[2024-07-14T16:48:04.900+0000] {processor.py:183} INFO - Processing /home/airflow/.local/lib/python3.12/site-packages/airflow/example_dags/tutorial_dag.py took 0.126 seconds
[2024-07-14T16:48:35.639+0000] {processor.py:161} INFO - Started process (PID=1695) to work on /home/airflow/.local/lib/python3.12/site-packages/airflow/example_dags/tutorial_dag.py
[2024-07-14T16:48:35.641+0000] {processor.py:830} INFO - Processing file /home/airflow/.local/lib/python3.12/site-packages/airflow/example_dags/tutorial_dag.py for tasks to queue
[2024-07-14T16:48:35.642+0000] {logging_mixin.py:188} INFO - [2024-07-14T16:48:35.642+0000] {dagbag.py:545} INFO - Filling up the DagBag from /home/airflow/.local/lib/python3.12/site-packages/airflow/example_dags/tutorial_dag.py
[2024-07-14T16:48:35.652+0000] {processor.py:840} INFO - DAG(s) 'tutorial_dag' retrieved from /home/airflow/.local/lib/python3.12/site-packages/airflow/example_dags/tutorial_dag.py
[2024-07-14T16:48:35.691+0000] {logging_mixin.py:188} INFO - [2024-07-14T16:48:35.691+0000] {dag.py:3096} INFO - Sync 1 DAGs
[2024-07-14T16:48:35.713+0000] {logging_mixin.py:188} INFO - [2024-07-14T16:48:35.712+0000] {dag.py:3954} INFO - Setting next_dagrun for tutorial_dag to None, run_after=None
[2024-07-14T16:48:35.758+0000] {processor.py:183} INFO - Processing /home/airflow/.local/lib/python3.12/site-packages/airflow/example_dags/tutorial_dag.py took 0.134 seconds
[2024-07-14T16:49:06.079+0000] {processor.py:161} INFO - Started process (PID=1754) to work on /home/airflow/.local/lib/python3.12/site-packages/airflow/example_dags/tutorial_dag.py
[2024-07-14T16:49:06.081+0000] {processor.py:830} INFO - Processing file /home/airflow/.local/lib/python3.12/site-packages/airflow/example_dags/tutorial_dag.py for tasks to queue
[2024-07-14T16:49:06.083+0000] {logging_mixin.py:188} INFO - [2024-07-14T16:49:06.082+0000] {dagbag.py:545} INFO - Filling up the DagBag from /home/airflow/.local/lib/python3.12/site-packages/airflow/example_dags/tutorial_dag.py
[2024-07-14T16:49:06.092+0000] {processor.py:840} INFO - DAG(s) 'tutorial_dag' retrieved from /home/airflow/.local/lib/python3.12/site-packages/airflow/example_dags/tutorial_dag.py
[2024-07-14T16:49:06.133+0000] {logging_mixin.py:188} INFO - [2024-07-14T16:49:06.132+0000] {dag.py:3096} INFO - Sync 1 DAGs
[2024-07-14T16:49:06.157+0000] {logging_mixin.py:188} INFO - [2024-07-14T16:49:06.157+0000] {dag.py:3954} INFO - Setting next_dagrun for tutorial_dag to None, run_after=None
[2024-07-14T16:49:06.196+0000] {processor.py:183} INFO - Processing /home/airflow/.local/lib/python3.12/site-packages/airflow/example_dags/tutorial_dag.py took 0.131 seconds
[2024-07-14T16:49:37.554+0000] {processor.py:161} INFO - Started process (PID=1813) to work on /home/airflow/.local/lib/python3.12/site-packages/airflow/example_dags/tutorial_dag.py
[2024-07-14T16:49:37.558+0000] {processor.py:830} INFO - Processing file /home/airflow/.local/lib/python3.12/site-packages/airflow/example_dags/tutorial_dag.py for tasks to queue
[2024-07-14T16:49:37.559+0000] {logging_mixin.py:188} INFO - [2024-07-14T16:49:37.559+0000] {dagbag.py:545} INFO - Filling up the DagBag from /home/airflow/.local/lib/python3.12/site-packages/airflow/example_dags/tutorial_dag.py
[2024-07-14T16:49:37.569+0000] {processor.py:840} INFO - DAG(s) 'tutorial_dag' retrieved from /home/airflow/.local/lib/python3.12/site-packages/airflow/example_dags/tutorial_dag.py
[2024-07-14T16:49:37.612+0000] {logging_mixin.py:188} INFO - [2024-07-14T16:49:37.611+0000] {dag.py:3096} INFO - Sync 1 DAGs
[2024-07-14T16:49:37.935+0000] {logging_mixin.py:188} INFO - [2024-07-14T16:49:37.935+0000] {dag.py:3954} INFO - Setting next_dagrun for tutorial_dag to None, run_after=None
[2024-07-14T16:49:37.988+0000] {processor.py:183} INFO - Processing /home/airflow/.local/lib/python3.12/site-packages/airflow/example_dags/tutorial_dag.py took 0.445 seconds
[2024-07-14T16:50:09.530+0000] {processor.py:161} INFO - Started process (PID=1873) to work on /home/airflow/.local/lib/python3.12/site-packages/airflow/example_dags/tutorial_dag.py
[2024-07-14T16:50:09.533+0000] {processor.py:830} INFO - Processing file /home/airflow/.local/lib/python3.12/site-packages/airflow/example_dags/tutorial_dag.py for tasks to queue
[2024-07-14T16:50:09.537+0000] {logging_mixin.py:188} INFO - [2024-07-14T16:50:09.536+0000] {dagbag.py:545} INFO - Filling up the DagBag from /home/airflow/.local/lib/python3.12/site-packages/airflow/example_dags/tutorial_dag.py
[2024-07-14T16:50:09.551+0000] {processor.py:840} INFO - DAG(s) 'tutorial_dag' retrieved from /home/airflow/.local/lib/python3.12/site-packages/airflow/example_dags/tutorial_dag.py
[2024-07-14T16:50:09.608+0000] {logging_mixin.py:188} INFO - [2024-07-14T16:50:09.608+0000] {dag.py:3096} INFO - Sync 1 DAGs
[2024-07-14T16:50:09.640+0000] {logging_mixin.py:188} INFO - [2024-07-14T16:50:09.640+0000] {dag.py:3954} INFO - Setting next_dagrun for tutorial_dag to None, run_after=None
[2024-07-14T16:50:09.687+0000] {processor.py:183} INFO - Processing /home/airflow/.local/lib/python3.12/site-packages/airflow/example_dags/tutorial_dag.py took 0.181 seconds
[2024-07-14T16:50:40.512+0000] {processor.py:161} INFO - Started process (PID=1931) to work on /home/airflow/.local/lib/python3.12/site-packages/airflow/example_dags/tutorial_dag.py
[2024-07-14T16:50:40.524+0000] {processor.py:830} INFO - Processing file /home/airflow/.local/lib/python3.12/site-packages/airflow/example_dags/tutorial_dag.py for tasks to queue
[2024-07-14T16:50:40.528+0000] {logging_mixin.py:188} INFO - [2024-07-14T16:50:40.527+0000] {dagbag.py:545} INFO - Filling up the DagBag from /home/airflow/.local/lib/python3.12/site-packages/airflow/example_dags/tutorial_dag.py
[2024-07-14T16:50:40.539+0000] {processor.py:840} INFO - DAG(s) 'tutorial_dag' retrieved from /home/airflow/.local/lib/python3.12/site-packages/airflow/example_dags/tutorial_dag.py
[2024-07-14T16:50:40.584+0000] {logging_mixin.py:188} INFO - [2024-07-14T16:50:40.584+0000] {dag.py:3096} INFO - Sync 1 DAGs
[2024-07-14T16:50:40.650+0000] {logging_mixin.py:188} INFO - [2024-07-14T16:50:40.649+0000] {dag.py:3954} INFO - Setting next_dagrun for tutorial_dag to None, run_after=None
[2024-07-14T16:50:40.712+0000] {processor.py:183} INFO - Processing /home/airflow/.local/lib/python3.12/site-packages/airflow/example_dags/tutorial_dag.py took 0.211 seconds
[2024-07-14T16:51:11.574+0000] {processor.py:161} INFO - Started process (PID=1989) to work on /home/airflow/.local/lib/python3.12/site-packages/airflow/example_dags/tutorial_dag.py
[2024-07-14T16:51:11.576+0000] {processor.py:830} INFO - Processing file /home/airflow/.local/lib/python3.12/site-packages/airflow/example_dags/tutorial_dag.py for tasks to queue
[2024-07-14T16:51:11.578+0000] {logging_mixin.py:188} INFO - [2024-07-14T16:51:11.577+0000] {dagbag.py:545} INFO - Filling up the DagBag from /home/airflow/.local/lib/python3.12/site-packages/airflow/example_dags/tutorial_dag.py
[2024-07-14T16:51:11.588+0000] {processor.py:840} INFO - DAG(s) 'tutorial_dag' retrieved from /home/airflow/.local/lib/python3.12/site-packages/airflow/example_dags/tutorial_dag.py
[2024-07-14T16:51:11.653+0000] {logging_mixin.py:188} INFO - [2024-07-14T16:51:11.653+0000] {dag.py:3096} INFO - Sync 1 DAGs
[2024-07-14T16:51:11.687+0000] {logging_mixin.py:188} INFO - [2024-07-14T16:51:11.687+0000] {dag.py:3954} INFO - Setting next_dagrun for tutorial_dag to None, run_after=None
[2024-07-14T16:51:11.745+0000] {processor.py:183} INFO - Processing /home/airflow/.local/lib/python3.12/site-packages/airflow/example_dags/tutorial_dag.py took 0.201 seconds
[2024-07-14T16:51:42.242+0000] {processor.py:161} INFO - Started process (PID=2048) to work on /home/airflow/.local/lib/python3.12/site-packages/airflow/example_dags/tutorial_dag.py
[2024-07-14T16:51:42.245+0000] {processor.py:830} INFO - Processing file /home/airflow/.local/lib/python3.12/site-packages/airflow/example_dags/tutorial_dag.py for tasks to queue
[2024-07-14T16:51:42.247+0000] {logging_mixin.py:188} INFO - [2024-07-14T16:51:42.246+0000] {dagbag.py:545} INFO - Filling up the DagBag from /home/airflow/.local/lib/python3.12/site-packages/airflow/example_dags/tutorial_dag.py
[2024-07-14T16:51:42.260+0000] {processor.py:840} INFO - DAG(s) 'tutorial_dag' retrieved from /home/airflow/.local/lib/python3.12/site-packages/airflow/example_dags/tutorial_dag.py
[2024-07-14T16:51:42.308+0000] {logging_mixin.py:188} INFO - [2024-07-14T16:51:42.308+0000] {dag.py:3096} INFO - Sync 1 DAGs
[2024-07-14T16:51:42.460+0000] {logging_mixin.py:188} INFO - [2024-07-14T16:51:42.459+0000] {dag.py:3954} INFO - Setting next_dagrun for tutorial_dag to None, run_after=None
[2024-07-14T16:51:42.590+0000] {processor.py:183} INFO - Processing /home/airflow/.local/lib/python3.12/site-packages/airflow/example_dags/tutorial_dag.py took 0.360 seconds
[2024-07-14T16:55:20.461+0000] {processor.py:161} INFO - Started process (PID=55) to work on /home/airflow/.local/lib/python3.12/site-packages/airflow/example_dags/tutorial_dag.py
[2024-07-14T16:55:20.473+0000] {processor.py:830} INFO - Processing file /home/airflow/.local/lib/python3.12/site-packages/airflow/example_dags/tutorial_dag.py for tasks to queue
[2024-07-14T16:55:20.530+0000] {logging_mixin.py:188} INFO - [2024-07-14T16:55:20.500+0000] {dagbag.py:545} INFO - Filling up the DagBag from /home/airflow/.local/lib/python3.12/site-packages/airflow/example_dags/tutorial_dag.py
[2024-07-14T16:55:20.830+0000] {processor.py:840} INFO - DAG(s) 'tutorial_dag' retrieved from /home/airflow/.local/lib/python3.12/site-packages/airflow/example_dags/tutorial_dag.py
[2024-07-14T16:55:25.177+0000] {logging_mixin.py:188} INFO - [2024-07-14T16:55:25.176+0000] {dag.py:3096} INFO - Sync 1 DAGs
[2024-07-14T16:55:25.870+0000] {logging_mixin.py:188} INFO - [2024-07-14T16:55:25.862+0000] {dag.py:3954} INFO - Setting next_dagrun for tutorial_dag to None, run_after=None
[2024-07-14T16:55:26.626+0000] {processor.py:183} INFO - Processing /home/airflow/.local/lib/python3.12/site-packages/airflow/example_dags/tutorial_dag.py took 6.223 seconds
[2024-07-14T16:56:26.578+0000] {processor.py:161} INFO - Started process (PID=120) to work on /home/airflow/.local/lib/python3.12/site-packages/airflow/example_dags/tutorial_dag.py
[2024-07-14T16:56:26.581+0000] {processor.py:830} INFO - Processing file /home/airflow/.local/lib/python3.12/site-packages/airflow/example_dags/tutorial_dag.py for tasks to queue
[2024-07-14T16:56:26.588+0000] {logging_mixin.py:188} INFO - [2024-07-14T16:56:26.587+0000] {dagbag.py:545} INFO - Filling up the DagBag from /home/airflow/.local/lib/python3.12/site-packages/airflow/example_dags/tutorial_dag.py
[2024-07-14T16:56:26.604+0000] {processor.py:840} INFO - DAG(s) 'tutorial_dag' retrieved from /home/airflow/.local/lib/python3.12/site-packages/airflow/example_dags/tutorial_dag.py
[2024-07-14T16:56:26.669+0000] {logging_mixin.py:188} INFO - [2024-07-14T16:56:26.669+0000] {dag.py:3096} INFO - Sync 1 DAGs
[2024-07-14T16:56:26.726+0000] {logging_mixin.py:188} INFO - [2024-07-14T16:56:26.726+0000] {dag.py:3954} INFO - Setting next_dagrun for tutorial_dag to None, run_after=None
[2024-07-14T16:56:26.914+0000] {processor.py:183} INFO - Processing /home/airflow/.local/lib/python3.12/site-packages/airflow/example_dags/tutorial_dag.py took 0.345 seconds
