[2024-07-14T16:33:22.359+0000] {processor.py:161} INFO - Started process (PID=49) to work on /home/airflow/.local/lib/python3.12/site-packages/airflow/example_dags/tutorial_objectstorage.py
[2024-07-14T16:33:22.362+0000] {processor.py:830} INFO - Processing file /home/airflow/.local/lib/python3.12/site-packages/airflow/example_dags/tutorial_objectstorage.py for tasks to queue
[2024-07-14T16:33:22.379+0000] {logging_mixin.py:188} INFO - [2024-07-14T16:33:22.378+0000] {dagbag.py:545} INFO - Filling up the DagBag from /home/airflow/.local/lib/python3.12/site-packages/airflow/example_dags/tutorial_objectstorage.py
[2024-07-14T16:33:22.409+0000] {processor.py:840} INFO - DAG(s) 'tutorial_objectstorage' retrieved from /home/airflow/.local/lib/python3.12/site-packages/airflow/example_dags/tutorial_objectstorage.py
[2024-07-14T16:33:23.295+0000] {logging_mixin.py:188} INFO - [2024-07-14T16:33:23.295+0000] {dag.py:3096} INFO - Sync 1 DAGs
[2024-07-14T16:33:23.444+0000] {logging_mixin.py:188} INFO - [2024-07-14T16:33:23.438+0000] {dag.py:3954} INFO - Setting next_dagrun for tutorial_objectstorage to None, run_after=None
[2024-07-14T16:33:23.689+0000] {processor.py:183} INFO - Processing /home/airflow/.local/lib/python3.12/site-packages/airflow/example_dags/tutorial_objectstorage.py took 1.343 seconds
[2024-07-14T16:33:54.514+0000] {processor.py:161} INFO - Started process (PID=107) to work on /home/airflow/.local/lib/python3.12/site-packages/airflow/example_dags/tutorial_objectstorage.py
[2024-07-14T16:33:54.549+0000] {processor.py:830} INFO - Processing file /home/airflow/.local/lib/python3.12/site-packages/airflow/example_dags/tutorial_objectstorage.py for tasks to queue
[2024-07-14T16:33:54.582+0000] {logging_mixin.py:188} INFO - [2024-07-14T16:33:54.581+0000] {dagbag.py:545} INFO - Filling up the DagBag from /home/airflow/.local/lib/python3.12/site-packages/airflow/example_dags/tutorial_objectstorage.py
[2024-07-14T16:33:54.707+0000] {processor.py:840} INFO - DAG(s) 'tutorial_objectstorage' retrieved from /home/airflow/.local/lib/python3.12/site-packages/airflow/example_dags/tutorial_objectstorage.py
[2024-07-14T16:33:54.817+0000] {logging_mixin.py:188} INFO - [2024-07-14T16:33:54.814+0000] {dag.py:3096} INFO - Sync 1 DAGs
[2024-07-14T16:33:54.897+0000] {logging_mixin.py:188} INFO - [2024-07-14T16:33:54.897+0000] {dag.py:3954} INFO - Setting next_dagrun for tutorial_objectstorage to None, run_after=None
[2024-07-14T16:33:55.079+0000] {processor.py:183} INFO - Processing /home/airflow/.local/lib/python3.12/site-packages/airflow/example_dags/tutorial_objectstorage.py took 0.617 seconds
[2024-07-14T16:34:25.242+0000] {processor.py:161} INFO - Started process (PID=164) to work on /home/airflow/.local/lib/python3.12/site-packages/airflow/example_dags/tutorial_objectstorage.py
[2024-07-14T16:34:25.245+0000] {processor.py:830} INFO - Processing file /home/airflow/.local/lib/python3.12/site-packages/airflow/example_dags/tutorial_objectstorage.py for tasks to queue
[2024-07-14T16:34:25.250+0000] {logging_mixin.py:188} INFO - [2024-07-14T16:34:25.249+0000] {dagbag.py:545} INFO - Filling up the DagBag from /home/airflow/.local/lib/python3.12/site-packages/airflow/example_dags/tutorial_objectstorage.py
[2024-07-14T16:34:25.263+0000] {processor.py:840} INFO - DAG(s) 'tutorial_objectstorage' retrieved from /home/airflow/.local/lib/python3.12/site-packages/airflow/example_dags/tutorial_objectstorage.py
[2024-07-14T16:34:25.311+0000] {logging_mixin.py:188} INFO - [2024-07-14T16:34:25.311+0000] {dag.py:3096} INFO - Sync 1 DAGs
[2024-07-14T16:34:25.343+0000] {logging_mixin.py:188} INFO - [2024-07-14T16:34:25.342+0000] {dag.py:3954} INFO - Setting next_dagrun for tutorial_objectstorage to None, run_after=None
[2024-07-14T16:34:25.394+0000] {processor.py:183} INFO - Processing /home/airflow/.local/lib/python3.12/site-packages/airflow/example_dags/tutorial_objectstorage.py took 0.162 seconds
[2024-07-14T16:34:55.592+0000] {processor.py:161} INFO - Started process (PID=222) to work on /home/airflow/.local/lib/python3.12/site-packages/airflow/example_dags/tutorial_objectstorage.py
[2024-07-14T16:34:55.594+0000] {processor.py:830} INFO - Processing file /home/airflow/.local/lib/python3.12/site-packages/airflow/example_dags/tutorial_objectstorage.py for tasks to queue
[2024-07-14T16:34:55.597+0000] {logging_mixin.py:188} INFO - [2024-07-14T16:34:55.597+0000] {dagbag.py:545} INFO - Filling up the DagBag from /home/airflow/.local/lib/python3.12/site-packages/airflow/example_dags/tutorial_objectstorage.py
[2024-07-14T16:34:55.608+0000] {processor.py:840} INFO - DAG(s) 'tutorial_objectstorage' retrieved from /home/airflow/.local/lib/python3.12/site-packages/airflow/example_dags/tutorial_objectstorage.py
[2024-07-14T16:34:55.652+0000] {logging_mixin.py:188} INFO - [2024-07-14T16:34:55.651+0000] {dag.py:3096} INFO - Sync 1 DAGs
[2024-07-14T16:34:55.703+0000] {logging_mixin.py:188} INFO - [2024-07-14T16:34:55.703+0000] {dag.py:3954} INFO - Setting next_dagrun for tutorial_objectstorage to None, run_after=None
[2024-07-14T16:34:55.754+0000] {processor.py:183} INFO - Processing /home/airflow/.local/lib/python3.12/site-packages/airflow/example_dags/tutorial_objectstorage.py took 0.172 seconds
[2024-07-14T16:35:26.043+0000] {processor.py:161} INFO - Started process (PID=280) to work on /home/airflow/.local/lib/python3.12/site-packages/airflow/example_dags/tutorial_objectstorage.py
[2024-07-14T16:35:26.045+0000] {processor.py:830} INFO - Processing file /home/airflow/.local/lib/python3.12/site-packages/airflow/example_dags/tutorial_objectstorage.py for tasks to queue
[2024-07-14T16:35:26.050+0000] {logging_mixin.py:188} INFO - [2024-07-14T16:35:26.049+0000] {dagbag.py:545} INFO - Filling up the DagBag from /home/airflow/.local/lib/python3.12/site-packages/airflow/example_dags/tutorial_objectstorage.py
[2024-07-14T16:35:26.070+0000] {processor.py:840} INFO - DAG(s) 'tutorial_objectstorage' retrieved from /home/airflow/.local/lib/python3.12/site-packages/airflow/example_dags/tutorial_objectstorage.py
[2024-07-14T16:35:26.140+0000] {logging_mixin.py:188} INFO - [2024-07-14T16:35:26.140+0000] {dag.py:3096} INFO - Sync 1 DAGs
[2024-07-14T16:35:26.191+0000] {logging_mixin.py:188} INFO - [2024-07-14T16:35:26.190+0000] {dag.py:3954} INFO - Setting next_dagrun for tutorial_objectstorage to None, run_after=None
[2024-07-14T16:35:26.242+0000] {processor.py:183} INFO - Processing /home/airflow/.local/lib/python3.12/site-packages/airflow/example_dags/tutorial_objectstorage.py took 0.211 seconds
[2024-07-14T16:35:56.350+0000] {processor.py:161} INFO - Started process (PID=338) to work on /home/airflow/.local/lib/python3.12/site-packages/airflow/example_dags/tutorial_objectstorage.py
[2024-07-14T16:35:56.353+0000] {processor.py:830} INFO - Processing file /home/airflow/.local/lib/python3.12/site-packages/airflow/example_dags/tutorial_objectstorage.py for tasks to queue
[2024-07-14T16:35:56.357+0000] {logging_mixin.py:188} INFO - [2024-07-14T16:35:56.356+0000] {dagbag.py:545} INFO - Filling up the DagBag from /home/airflow/.local/lib/python3.12/site-packages/airflow/example_dags/tutorial_objectstorage.py
[2024-07-14T16:35:56.374+0000] {processor.py:840} INFO - DAG(s) 'tutorial_objectstorage' retrieved from /home/airflow/.local/lib/python3.12/site-packages/airflow/example_dags/tutorial_objectstorage.py
[2024-07-14T16:35:56.443+0000] {logging_mixin.py:188} INFO - [2024-07-14T16:35:56.442+0000] {dag.py:3096} INFO - Sync 1 DAGs
[2024-07-14T16:35:56.466+0000] {logging_mixin.py:188} INFO - [2024-07-14T16:35:56.466+0000] {dag.py:3954} INFO - Setting next_dagrun for tutorial_objectstorage to None, run_after=None
[2024-07-14T16:35:56.529+0000] {processor.py:183} INFO - Processing /home/airflow/.local/lib/python3.12/site-packages/airflow/example_dags/tutorial_objectstorage.py took 0.199 seconds
[2024-07-14T16:36:26.740+0000] {processor.py:161} INFO - Started process (PID=396) to work on /home/airflow/.local/lib/python3.12/site-packages/airflow/example_dags/tutorial_objectstorage.py
[2024-07-14T16:36:26.742+0000] {processor.py:830} INFO - Processing file /home/airflow/.local/lib/python3.12/site-packages/airflow/example_dags/tutorial_objectstorage.py for tasks to queue
[2024-07-14T16:36:26.745+0000] {logging_mixin.py:188} INFO - [2024-07-14T16:36:26.745+0000] {dagbag.py:545} INFO - Filling up the DagBag from /home/airflow/.local/lib/python3.12/site-packages/airflow/example_dags/tutorial_objectstorage.py
[2024-07-14T16:36:26.757+0000] {processor.py:840} INFO - DAG(s) 'tutorial_objectstorage' retrieved from /home/airflow/.local/lib/python3.12/site-packages/airflow/example_dags/tutorial_objectstorage.py
[2024-07-14T16:36:26.802+0000] {logging_mixin.py:188} INFO - [2024-07-14T16:36:26.802+0000] {dag.py:3096} INFO - Sync 1 DAGs
[2024-07-14T16:36:26.828+0000] {logging_mixin.py:188} INFO - [2024-07-14T16:36:26.827+0000] {dag.py:3954} INFO - Setting next_dagrun for tutorial_objectstorage to None, run_after=None
[2024-07-14T16:36:26.871+0000] {processor.py:183} INFO - Processing /home/airflow/.local/lib/python3.12/site-packages/airflow/example_dags/tutorial_objectstorage.py took 0.140 seconds
[2024-07-14T16:36:56.938+0000] {processor.py:161} INFO - Started process (PID=454) to work on /home/airflow/.local/lib/python3.12/site-packages/airflow/example_dags/tutorial_objectstorage.py
[2024-07-14T16:36:56.941+0000] {processor.py:830} INFO - Processing file /home/airflow/.local/lib/python3.12/site-packages/airflow/example_dags/tutorial_objectstorage.py for tasks to queue
[2024-07-14T16:36:56.944+0000] {logging_mixin.py:188} INFO - [2024-07-14T16:36:56.943+0000] {dagbag.py:545} INFO - Filling up the DagBag from /home/airflow/.local/lib/python3.12/site-packages/airflow/example_dags/tutorial_objectstorage.py
[2024-07-14T16:36:56.955+0000] {processor.py:840} INFO - DAG(s) 'tutorial_objectstorage' retrieved from /home/airflow/.local/lib/python3.12/site-packages/airflow/example_dags/tutorial_objectstorage.py
[2024-07-14T16:36:56.993+0000] {logging_mixin.py:188} INFO - [2024-07-14T16:36:56.992+0000] {dag.py:3096} INFO - Sync 1 DAGs
[2024-07-14T16:36:57.019+0000] {logging_mixin.py:188} INFO - [2024-07-14T16:36:57.018+0000] {dag.py:3954} INFO - Setting next_dagrun for tutorial_objectstorage to None, run_after=None
[2024-07-14T16:36:57.052+0000] {processor.py:183} INFO - Processing /home/airflow/.local/lib/python3.12/site-packages/airflow/example_dags/tutorial_objectstorage.py took 0.125 seconds
[2024-07-14T16:37:28.786+0000] {processor.py:161} INFO - Started process (PID=511) to work on /home/airflow/.local/lib/python3.12/site-packages/airflow/example_dags/tutorial_objectstorage.py
[2024-07-14T16:37:28.802+0000] {processor.py:830} INFO - Processing file /home/airflow/.local/lib/python3.12/site-packages/airflow/example_dags/tutorial_objectstorage.py for tasks to queue
[2024-07-14T16:37:28.821+0000] {logging_mixin.py:188} INFO - [2024-07-14T16:37:28.820+0000] {dagbag.py:545} INFO - Filling up the DagBag from /home/airflow/.local/lib/python3.12/site-packages/airflow/example_dags/tutorial_objectstorage.py
[2024-07-14T16:37:28.885+0000] {processor.py:840} INFO - DAG(s) 'tutorial_objectstorage' retrieved from /home/airflow/.local/lib/python3.12/site-packages/airflow/example_dags/tutorial_objectstorage.py
[2024-07-14T16:37:28.980+0000] {logging_mixin.py:188} INFO - [2024-07-14T16:37:28.951+0000] {dag.py:3096} INFO - Sync 1 DAGs
[2024-07-14T16:37:29.058+0000] {logging_mixin.py:188} INFO - [2024-07-14T16:37:29.058+0000] {dag.py:3954} INFO - Setting next_dagrun for tutorial_objectstorage to None, run_after=None
[2024-07-14T16:37:29.185+0000] {processor.py:183} INFO - Processing /home/airflow/.local/lib/python3.12/site-packages/airflow/example_dags/tutorial_objectstorage.py took 0.433 seconds
[2024-07-14T16:38:24.528+0000] {processor.py:161} INFO - Started process (PID=574) to work on /home/airflow/.local/lib/python3.12/site-packages/airflow/example_dags/tutorial_objectstorage.py
[2024-07-14T16:38:24.546+0000] {processor.py:830} INFO - Processing file /home/airflow/.local/lib/python3.12/site-packages/airflow/example_dags/tutorial_objectstorage.py for tasks to queue
[2024-07-14T16:38:24.564+0000] {logging_mixin.py:188} INFO - [2024-07-14T16:38:24.552+0000] {dagbag.py:545} INFO - Filling up the DagBag from /home/airflow/.local/lib/python3.12/site-packages/airflow/example_dags/tutorial_objectstorage.py
[2024-07-14T16:38:24.710+0000] {processor.py:840} INFO - DAG(s) 'tutorial_objectstorage' retrieved from /home/airflow/.local/lib/python3.12/site-packages/airflow/example_dags/tutorial_objectstorage.py
[2024-07-14T16:38:24.915+0000] {logging_mixin.py:188} INFO - [2024-07-14T16:38:24.914+0000] {dag.py:3096} INFO - Sync 1 DAGs
[2024-07-14T16:38:25.125+0000] {logging_mixin.py:188} INFO - [2024-07-14T16:38:25.124+0000] {dag.py:3954} INFO - Setting next_dagrun for tutorial_objectstorage to None, run_after=None
[2024-07-14T16:38:25.466+0000] {processor.py:183} INFO - Processing /home/airflow/.local/lib/python3.12/site-packages/airflow/example_dags/tutorial_objectstorage.py took 1.049 seconds
[2024-07-14T16:39:21.643+0000] {processor.py:161} INFO - Started process (PID=635) to work on /home/airflow/.local/lib/python3.12/site-packages/airflow/example_dags/tutorial_objectstorage.py
[2024-07-14T16:39:21.645+0000] {processor.py:830} INFO - Processing file /home/airflow/.local/lib/python3.12/site-packages/airflow/example_dags/tutorial_objectstorage.py for tasks to queue
[2024-07-14T16:39:21.647+0000] {logging_mixin.py:188} INFO - [2024-07-14T16:39:21.646+0000] {dagbag.py:545} INFO - Filling up the DagBag from /home/airflow/.local/lib/python3.12/site-packages/airflow/example_dags/tutorial_objectstorage.py
[2024-07-14T16:39:21.682+0000] {processor.py:840} INFO - DAG(s) 'tutorial_objectstorage' retrieved from /home/airflow/.local/lib/python3.12/site-packages/airflow/example_dags/tutorial_objectstorage.py
[2024-07-14T16:39:21.738+0000] {logging_mixin.py:188} INFO - [2024-07-14T16:39:21.738+0000] {dag.py:3096} INFO - Sync 1 DAGs
[2024-07-14T16:39:21.772+0000] {logging_mixin.py:188} INFO - [2024-07-14T16:39:21.772+0000] {dag.py:3954} INFO - Setting next_dagrun for tutorial_objectstorage to None, run_after=None
[2024-07-14T16:39:21.844+0000] {processor.py:183} INFO - Processing /home/airflow/.local/lib/python3.12/site-packages/airflow/example_dags/tutorial_objectstorage.py took 0.223 seconds
[2024-07-14T16:39:54.253+0000] {processor.py:161} INFO - Started process (PID=700) to work on /home/airflow/.local/lib/python3.12/site-packages/airflow/example_dags/tutorial_objectstorage.py
[2024-07-14T16:39:54.256+0000] {processor.py:830} INFO - Processing file /home/airflow/.local/lib/python3.12/site-packages/airflow/example_dags/tutorial_objectstorage.py for tasks to queue
[2024-07-14T16:39:54.257+0000] {logging_mixin.py:188} INFO - [2024-07-14T16:39:54.257+0000] {dagbag.py:545} INFO - Filling up the DagBag from /home/airflow/.local/lib/python3.12/site-packages/airflow/example_dags/tutorial_objectstorage.py
[2024-07-14T16:39:54.294+0000] {processor.py:840} INFO - DAG(s) 'tutorial_objectstorage' retrieved from /home/airflow/.local/lib/python3.12/site-packages/airflow/example_dags/tutorial_objectstorage.py
[2024-07-14T16:39:54.564+0000] {logging_mixin.py:188} INFO - [2024-07-14T16:39:54.553+0000] {dag.py:3096} INFO - Sync 1 DAGs
[2024-07-14T16:39:54.628+0000] {logging_mixin.py:188} INFO - [2024-07-14T16:39:54.627+0000] {dag.py:3954} INFO - Setting next_dagrun for tutorial_objectstorage to None, run_after=None
[2024-07-14T16:39:54.682+0000] {processor.py:183} INFO - Processing /home/airflow/.local/lib/python3.12/site-packages/airflow/example_dags/tutorial_objectstorage.py took 0.445 seconds
[2024-07-14T16:40:25.362+0000] {processor.py:161} INFO - Started process (PID=760) to work on /home/airflow/.local/lib/python3.12/site-packages/airflow/example_dags/tutorial_objectstorage.py
[2024-07-14T16:40:25.365+0000] {processor.py:830} INFO - Processing file /home/airflow/.local/lib/python3.12/site-packages/airflow/example_dags/tutorial_objectstorage.py for tasks to queue
[2024-07-14T16:40:25.367+0000] {logging_mixin.py:188} INFO - [2024-07-14T16:40:25.366+0000] {dagbag.py:545} INFO - Filling up the DagBag from /home/airflow/.local/lib/python3.12/site-packages/airflow/example_dags/tutorial_objectstorage.py
[2024-07-14T16:40:25.385+0000] {processor.py:840} INFO - DAG(s) 'tutorial_objectstorage' retrieved from /home/airflow/.local/lib/python3.12/site-packages/airflow/example_dags/tutorial_objectstorage.py
[2024-07-14T16:40:25.420+0000] {logging_mixin.py:188} INFO - [2024-07-14T16:40:25.420+0000] {dag.py:3096} INFO - Sync 1 DAGs
[2024-07-14T16:40:25.449+0000] {logging_mixin.py:188} INFO - [2024-07-14T16:40:25.448+0000] {dag.py:3954} INFO - Setting next_dagrun for tutorial_objectstorage to None, run_after=None
[2024-07-14T16:40:25.491+0000] {processor.py:183} INFO - Processing /home/airflow/.local/lib/python3.12/site-packages/airflow/example_dags/tutorial_objectstorage.py took 0.141 seconds
[2024-07-14T16:40:55.971+0000] {processor.py:161} INFO - Started process (PID=817) to work on /home/airflow/.local/lib/python3.12/site-packages/airflow/example_dags/tutorial_objectstorage.py
[2024-07-14T16:40:55.980+0000] {processor.py:830} INFO - Processing file /home/airflow/.local/lib/python3.12/site-packages/airflow/example_dags/tutorial_objectstorage.py for tasks to queue
[2024-07-14T16:40:55.983+0000] {logging_mixin.py:188} INFO - [2024-07-14T16:40:55.982+0000] {dagbag.py:545} INFO - Filling up the DagBag from /home/airflow/.local/lib/python3.12/site-packages/airflow/example_dags/tutorial_objectstorage.py
[2024-07-14T16:40:56.034+0000] {processor.py:840} INFO - DAG(s) 'tutorial_objectstorage' retrieved from /home/airflow/.local/lib/python3.12/site-packages/airflow/example_dags/tutorial_objectstorage.py
[2024-07-14T16:40:56.108+0000] {logging_mixin.py:188} INFO - [2024-07-14T16:40:56.107+0000] {dag.py:3096} INFO - Sync 1 DAGs
[2024-07-14T16:40:56.144+0000] {logging_mixin.py:188} INFO - [2024-07-14T16:40:56.144+0000] {dag.py:3954} INFO - Setting next_dagrun for tutorial_objectstorage to None, run_after=None
[2024-07-14T16:40:56.192+0000] {processor.py:183} INFO - Processing /home/airflow/.local/lib/python3.12/site-packages/airflow/example_dags/tutorial_objectstorage.py took 0.267 seconds
[2024-07-14T16:41:26.692+0000] {processor.py:161} INFO - Started process (PID=876) to work on /home/airflow/.local/lib/python3.12/site-packages/airflow/example_dags/tutorial_objectstorage.py
[2024-07-14T16:41:26.694+0000] {processor.py:830} INFO - Processing file /home/airflow/.local/lib/python3.12/site-packages/airflow/example_dags/tutorial_objectstorage.py for tasks to queue
[2024-07-14T16:41:26.699+0000] {logging_mixin.py:188} INFO - [2024-07-14T16:41:26.698+0000] {dagbag.py:545} INFO - Filling up the DagBag from /home/airflow/.local/lib/python3.12/site-packages/airflow/example_dags/tutorial_objectstorage.py
[2024-07-14T16:41:26.717+0000] {processor.py:840} INFO - DAG(s) 'tutorial_objectstorage' retrieved from /home/airflow/.local/lib/python3.12/site-packages/airflow/example_dags/tutorial_objectstorage.py
[2024-07-14T16:41:26.775+0000] {logging_mixin.py:188} INFO - [2024-07-14T16:41:26.775+0000] {dag.py:3096} INFO - Sync 1 DAGs
[2024-07-14T16:41:26.805+0000] {logging_mixin.py:188} INFO - [2024-07-14T16:41:26.805+0000] {dag.py:3954} INFO - Setting next_dagrun for tutorial_objectstorage to None, run_after=None
[2024-07-14T16:41:26.851+0000] {processor.py:183} INFO - Processing /home/airflow/.local/lib/python3.12/site-packages/airflow/example_dags/tutorial_objectstorage.py took 0.171 seconds
[2024-07-14T16:41:57.305+0000] {processor.py:161} INFO - Started process (PID=935) to work on /home/airflow/.local/lib/python3.12/site-packages/airflow/example_dags/tutorial_objectstorage.py
[2024-07-14T16:41:57.308+0000] {processor.py:830} INFO - Processing file /home/airflow/.local/lib/python3.12/site-packages/airflow/example_dags/tutorial_objectstorage.py for tasks to queue
[2024-07-14T16:41:57.311+0000] {logging_mixin.py:188} INFO - [2024-07-14T16:41:57.310+0000] {dagbag.py:545} INFO - Filling up the DagBag from /home/airflow/.local/lib/python3.12/site-packages/airflow/example_dags/tutorial_objectstorage.py
[2024-07-14T16:41:57.333+0000] {processor.py:840} INFO - DAG(s) 'tutorial_objectstorage' retrieved from /home/airflow/.local/lib/python3.12/site-packages/airflow/example_dags/tutorial_objectstorage.py
[2024-07-14T16:41:57.454+0000] {logging_mixin.py:188} INFO - [2024-07-14T16:41:57.454+0000] {dag.py:3096} INFO - Sync 1 DAGs
[2024-07-14T16:41:57.488+0000] {logging_mixin.py:188} INFO - [2024-07-14T16:41:57.488+0000] {dag.py:3954} INFO - Setting next_dagrun for tutorial_objectstorage to None, run_after=None
[2024-07-14T16:41:57.538+0000] {processor.py:183} INFO - Processing /home/airflow/.local/lib/python3.12/site-packages/airflow/example_dags/tutorial_objectstorage.py took 0.245 seconds
[2024-07-14T16:42:27.970+0000] {processor.py:161} INFO - Started process (PID=993) to work on /home/airflow/.local/lib/python3.12/site-packages/airflow/example_dags/tutorial_objectstorage.py
[2024-07-14T16:42:27.980+0000] {processor.py:830} INFO - Processing file /home/airflow/.local/lib/python3.12/site-packages/airflow/example_dags/tutorial_objectstorage.py for tasks to queue
[2024-07-14T16:42:27.983+0000] {logging_mixin.py:188} INFO - [2024-07-14T16:42:27.982+0000] {dagbag.py:545} INFO - Filling up the DagBag from /home/airflow/.local/lib/python3.12/site-packages/airflow/example_dags/tutorial_objectstorage.py
[2024-07-14T16:42:28.003+0000] {processor.py:840} INFO - DAG(s) 'tutorial_objectstorage' retrieved from /home/airflow/.local/lib/python3.12/site-packages/airflow/example_dags/tutorial_objectstorage.py
[2024-07-14T16:42:28.057+0000] {logging_mixin.py:188} INFO - [2024-07-14T16:42:28.056+0000] {dag.py:3096} INFO - Sync 1 DAGs
[2024-07-14T16:42:28.084+0000] {logging_mixin.py:188} INFO - [2024-07-14T16:42:28.083+0000] {dag.py:3954} INFO - Setting next_dagrun for tutorial_objectstorage to None, run_after=None
[2024-07-14T16:42:28.135+0000] {processor.py:183} INFO - Processing /home/airflow/.local/lib/python3.12/site-packages/airflow/example_dags/tutorial_objectstorage.py took 0.178 seconds
[2024-07-14T16:42:58.638+0000] {processor.py:161} INFO - Started process (PID=1052) to work on /home/airflow/.local/lib/python3.12/site-packages/airflow/example_dags/tutorial_objectstorage.py
[2024-07-14T16:42:58.677+0000] {processor.py:830} INFO - Processing file /home/airflow/.local/lib/python3.12/site-packages/airflow/example_dags/tutorial_objectstorage.py for tasks to queue
[2024-07-14T16:42:58.679+0000] {logging_mixin.py:188} INFO - [2024-07-14T16:42:58.679+0000] {dagbag.py:545} INFO - Filling up the DagBag from /home/airflow/.local/lib/python3.12/site-packages/airflow/example_dags/tutorial_objectstorage.py
[2024-07-14T16:42:58.701+0000] {processor.py:840} INFO - DAG(s) 'tutorial_objectstorage' retrieved from /home/airflow/.local/lib/python3.12/site-packages/airflow/example_dags/tutorial_objectstorage.py
[2024-07-14T16:42:58.750+0000] {logging_mixin.py:188} INFO - [2024-07-14T16:42:58.749+0000] {dag.py:3096} INFO - Sync 1 DAGs
[2024-07-14T16:42:58.780+0000] {logging_mixin.py:188} INFO - [2024-07-14T16:42:58.780+0000] {dag.py:3954} INFO - Setting next_dagrun for tutorial_objectstorage to None, run_after=None
[2024-07-14T16:42:58.817+0000] {processor.py:183} INFO - Processing /home/airflow/.local/lib/python3.12/site-packages/airflow/example_dags/tutorial_objectstorage.py took 0.197 seconds
[2024-07-14T16:43:29.045+0000] {processor.py:161} INFO - Started process (PID=1111) to work on /home/airflow/.local/lib/python3.12/site-packages/airflow/example_dags/tutorial_objectstorage.py
[2024-07-14T16:43:29.047+0000] {processor.py:830} INFO - Processing file /home/airflow/.local/lib/python3.12/site-packages/airflow/example_dags/tutorial_objectstorage.py for tasks to queue
[2024-07-14T16:43:29.049+0000] {logging_mixin.py:188} INFO - [2024-07-14T16:43:29.048+0000] {dagbag.py:545} INFO - Filling up the DagBag from /home/airflow/.local/lib/python3.12/site-packages/airflow/example_dags/tutorial_objectstorage.py
[2024-07-14T16:43:29.063+0000] {processor.py:840} INFO - DAG(s) 'tutorial_objectstorage' retrieved from /home/airflow/.local/lib/python3.12/site-packages/airflow/example_dags/tutorial_objectstorage.py
[2024-07-14T16:43:29.108+0000] {logging_mixin.py:188} INFO - [2024-07-14T16:43:29.108+0000] {dag.py:3096} INFO - Sync 1 DAGs
[2024-07-14T16:43:29.136+0000] {logging_mixin.py:188} INFO - [2024-07-14T16:43:29.136+0000] {dag.py:3954} INFO - Setting next_dagrun for tutorial_objectstorage to None, run_after=None
[2024-07-14T16:43:29.183+0000] {processor.py:183} INFO - Processing /home/airflow/.local/lib/python3.12/site-packages/airflow/example_dags/tutorial_objectstorage.py took 0.148 seconds
[2024-07-14T16:44:00.076+0000] {processor.py:161} INFO - Started process (PID=1169) to work on /home/airflow/.local/lib/python3.12/site-packages/airflow/example_dags/tutorial_objectstorage.py
[2024-07-14T16:44:00.079+0000] {processor.py:830} INFO - Processing file /home/airflow/.local/lib/python3.12/site-packages/airflow/example_dags/tutorial_objectstorage.py for tasks to queue
[2024-07-14T16:44:00.082+0000] {logging_mixin.py:188} INFO - [2024-07-14T16:44:00.082+0000] {dagbag.py:545} INFO - Filling up the DagBag from /home/airflow/.local/lib/python3.12/site-packages/airflow/example_dags/tutorial_objectstorage.py
[2024-07-14T16:44:00.243+0000] {processor.py:840} INFO - DAG(s) 'tutorial_objectstorage' retrieved from /home/airflow/.local/lib/python3.12/site-packages/airflow/example_dags/tutorial_objectstorage.py
[2024-07-14T16:44:00.302+0000] {logging_mixin.py:188} INFO - [2024-07-14T16:44:00.302+0000] {dag.py:3096} INFO - Sync 1 DAGs
[2024-07-14T16:44:00.352+0000] {logging_mixin.py:188} INFO - [2024-07-14T16:44:00.351+0000] {dag.py:3954} INFO - Setting next_dagrun for tutorial_objectstorage to None, run_after=None
[2024-07-14T16:44:00.408+0000] {processor.py:183} INFO - Processing /home/airflow/.local/lib/python3.12/site-packages/airflow/example_dags/tutorial_objectstorage.py took 0.353 seconds
[2024-07-14T16:44:31.649+0000] {processor.py:161} INFO - Started process (PID=1230) to work on /home/airflow/.local/lib/python3.12/site-packages/airflow/example_dags/tutorial_objectstorage.py
[2024-07-14T16:44:31.652+0000] {processor.py:830} INFO - Processing file /home/airflow/.local/lib/python3.12/site-packages/airflow/example_dags/tutorial_objectstorage.py for tasks to queue
[2024-07-14T16:44:31.654+0000] {logging_mixin.py:188} INFO - [2024-07-14T16:44:31.653+0000] {dagbag.py:545} INFO - Filling up the DagBag from /home/airflow/.local/lib/python3.12/site-packages/airflow/example_dags/tutorial_objectstorage.py
[2024-07-14T16:44:31.670+0000] {processor.py:840} INFO - DAG(s) 'tutorial_objectstorage' retrieved from /home/airflow/.local/lib/python3.12/site-packages/airflow/example_dags/tutorial_objectstorage.py
[2024-07-14T16:44:31.711+0000] {logging_mixin.py:188} INFO - [2024-07-14T16:44:31.710+0000] {dag.py:3096} INFO - Sync 1 DAGs
[2024-07-14T16:44:31.752+0000] {logging_mixin.py:188} INFO - [2024-07-14T16:44:31.751+0000] {dag.py:3954} INFO - Setting next_dagrun for tutorial_objectstorage to None, run_after=None
[2024-07-14T16:44:31.796+0000] {processor.py:183} INFO - Processing /home/airflow/.local/lib/python3.12/site-packages/airflow/example_dags/tutorial_objectstorage.py took 0.158 seconds
[2024-07-14T16:45:02.519+0000] {processor.py:161} INFO - Started process (PID=1288) to work on /home/airflow/.local/lib/python3.12/site-packages/airflow/example_dags/tutorial_objectstorage.py
[2024-07-14T16:45:02.521+0000] {processor.py:830} INFO - Processing file /home/airflow/.local/lib/python3.12/site-packages/airflow/example_dags/tutorial_objectstorage.py for tasks to queue
[2024-07-14T16:45:02.523+0000] {logging_mixin.py:188} INFO - [2024-07-14T16:45:02.522+0000] {dagbag.py:545} INFO - Filling up the DagBag from /home/airflow/.local/lib/python3.12/site-packages/airflow/example_dags/tutorial_objectstorage.py
[2024-07-14T16:45:02.548+0000] {processor.py:840} INFO - DAG(s) 'tutorial_objectstorage' retrieved from /home/airflow/.local/lib/python3.12/site-packages/airflow/example_dags/tutorial_objectstorage.py
[2024-07-14T16:45:02.602+0000] {logging_mixin.py:188} INFO - [2024-07-14T16:45:02.602+0000] {dag.py:3096} INFO - Sync 1 DAGs
[2024-07-14T16:45:02.630+0000] {logging_mixin.py:188} INFO - [2024-07-14T16:45:02.629+0000] {dag.py:3954} INFO - Setting next_dagrun for tutorial_objectstorage to None, run_after=None
[2024-07-14T16:45:02.705+0000] {processor.py:183} INFO - Processing /home/airflow/.local/lib/python3.12/site-packages/airflow/example_dags/tutorial_objectstorage.py took 0.196 seconds
[2024-07-14T16:45:34.214+0000] {processor.py:161} INFO - Started process (PID=1347) to work on /home/airflow/.local/lib/python3.12/site-packages/airflow/example_dags/tutorial_objectstorage.py
[2024-07-14T16:45:34.215+0000] {processor.py:830} INFO - Processing file /home/airflow/.local/lib/python3.12/site-packages/airflow/example_dags/tutorial_objectstorage.py for tasks to queue
[2024-07-14T16:45:34.217+0000] {logging_mixin.py:188} INFO - [2024-07-14T16:45:34.217+0000] {dagbag.py:545} INFO - Filling up the DagBag from /home/airflow/.local/lib/python3.12/site-packages/airflow/example_dags/tutorial_objectstorage.py
[2024-07-14T16:45:34.233+0000] {processor.py:840} INFO - DAG(s) 'tutorial_objectstorage' retrieved from /home/airflow/.local/lib/python3.12/site-packages/airflow/example_dags/tutorial_objectstorage.py
[2024-07-14T16:45:34.266+0000] {logging_mixin.py:188} INFO - [2024-07-14T16:45:34.266+0000] {dag.py:3096} INFO - Sync 1 DAGs
[2024-07-14T16:45:34.292+0000] {logging_mixin.py:188} INFO - [2024-07-14T16:45:34.291+0000] {dag.py:3954} INFO - Setting next_dagrun for tutorial_objectstorage to None, run_after=None
[2024-07-14T16:45:34.327+0000] {processor.py:183} INFO - Processing /home/airflow/.local/lib/python3.12/site-packages/airflow/example_dags/tutorial_objectstorage.py took 0.125 seconds
[2024-07-14T16:46:04.430+0000] {processor.py:161} INFO - Started process (PID=1403) to work on /home/airflow/.local/lib/python3.12/site-packages/airflow/example_dags/tutorial_objectstorage.py
[2024-07-14T16:46:04.439+0000] {processor.py:830} INFO - Processing file /home/airflow/.local/lib/python3.12/site-packages/airflow/example_dags/tutorial_objectstorage.py for tasks to queue
[2024-07-14T16:46:04.441+0000] {logging_mixin.py:188} INFO - [2024-07-14T16:46:04.440+0000] {dagbag.py:545} INFO - Filling up the DagBag from /home/airflow/.local/lib/python3.12/site-packages/airflow/example_dags/tutorial_objectstorage.py
[2024-07-14T16:46:04.458+0000] {processor.py:840} INFO - DAG(s) 'tutorial_objectstorage' retrieved from /home/airflow/.local/lib/python3.12/site-packages/airflow/example_dags/tutorial_objectstorage.py
[2024-07-14T16:46:04.505+0000] {logging_mixin.py:188} INFO - [2024-07-14T16:46:04.505+0000] {dag.py:3096} INFO - Sync 1 DAGs
[2024-07-14T16:46:04.530+0000] {logging_mixin.py:188} INFO - [2024-07-14T16:46:04.530+0000] {dag.py:3954} INFO - Setting next_dagrun for tutorial_objectstorage to None, run_after=None
[2024-07-14T16:46:04.588+0000] {processor.py:183} INFO - Processing /home/airflow/.local/lib/python3.12/site-packages/airflow/example_dags/tutorial_objectstorage.py took 0.174 seconds
[2024-07-14T16:46:34.821+0000] {processor.py:161} INFO - Started process (PID=1462) to work on /home/airflow/.local/lib/python3.12/site-packages/airflow/example_dags/tutorial_objectstorage.py
[2024-07-14T16:46:34.823+0000] {processor.py:830} INFO - Processing file /home/airflow/.local/lib/python3.12/site-packages/airflow/example_dags/tutorial_objectstorage.py for tasks to queue
[2024-07-14T16:46:34.826+0000] {logging_mixin.py:188} INFO - [2024-07-14T16:46:34.825+0000] {dagbag.py:545} INFO - Filling up the DagBag from /home/airflow/.local/lib/python3.12/site-packages/airflow/example_dags/tutorial_objectstorage.py
[2024-07-14T16:46:34.846+0000] {processor.py:840} INFO - DAG(s) 'tutorial_objectstorage' retrieved from /home/airflow/.local/lib/python3.12/site-packages/airflow/example_dags/tutorial_objectstorage.py
[2024-07-14T16:46:34.893+0000] {logging_mixin.py:188} INFO - [2024-07-14T16:46:34.892+0000] {dag.py:3096} INFO - Sync 1 DAGs
[2024-07-14T16:46:34.946+0000] {logging_mixin.py:188} INFO - [2024-07-14T16:46:34.946+0000] {dag.py:3954} INFO - Setting next_dagrun for tutorial_objectstorage to None, run_after=None
[2024-07-14T16:46:35.059+0000] {processor.py:183} INFO - Processing /home/airflow/.local/lib/python3.12/site-packages/airflow/example_dags/tutorial_objectstorage.py took 0.251 seconds
[2024-07-14T16:47:05.510+0000] {processor.py:161} INFO - Started process (PID=1521) to work on /home/airflow/.local/lib/python3.12/site-packages/airflow/example_dags/tutorial_objectstorage.py
[2024-07-14T16:47:05.515+0000] {processor.py:830} INFO - Processing file /home/airflow/.local/lib/python3.12/site-packages/airflow/example_dags/tutorial_objectstorage.py for tasks to queue
[2024-07-14T16:47:05.518+0000] {logging_mixin.py:188} INFO - [2024-07-14T16:47:05.518+0000] {dagbag.py:545} INFO - Filling up the DagBag from /home/airflow/.local/lib/python3.12/site-packages/airflow/example_dags/tutorial_objectstorage.py
[2024-07-14T16:47:05.538+0000] {processor.py:840} INFO - DAG(s) 'tutorial_objectstorage' retrieved from /home/airflow/.local/lib/python3.12/site-packages/airflow/example_dags/tutorial_objectstorage.py
[2024-07-14T16:47:05.616+0000] {logging_mixin.py:188} INFO - [2024-07-14T16:47:05.609+0000] {dag.py:3096} INFO - Sync 1 DAGs
[2024-07-14T16:47:05.658+0000] {logging_mixin.py:188} INFO - [2024-07-14T16:47:05.658+0000] {dag.py:3954} INFO - Setting next_dagrun for tutorial_objectstorage to None, run_after=None
[2024-07-14T16:47:05.710+0000] {processor.py:183} INFO - Processing /home/airflow/.local/lib/python3.12/site-packages/airflow/example_dags/tutorial_objectstorage.py took 0.213 seconds
[2024-07-14T16:47:36.684+0000] {processor.py:161} INFO - Started process (PID=1580) to work on /home/airflow/.local/lib/python3.12/site-packages/airflow/example_dags/tutorial_objectstorage.py
[2024-07-14T16:47:36.687+0000] {processor.py:830} INFO - Processing file /home/airflow/.local/lib/python3.12/site-packages/airflow/example_dags/tutorial_objectstorage.py for tasks to queue
[2024-07-14T16:47:36.692+0000] {logging_mixin.py:188} INFO - [2024-07-14T16:47:36.688+0000] {dagbag.py:545} INFO - Filling up the DagBag from /home/airflow/.local/lib/python3.12/site-packages/airflow/example_dags/tutorial_objectstorage.py
[2024-07-14T16:47:36.717+0000] {processor.py:840} INFO - DAG(s) 'tutorial_objectstorage' retrieved from /home/airflow/.local/lib/python3.12/site-packages/airflow/example_dags/tutorial_objectstorage.py
[2024-07-14T16:47:36.775+0000] {logging_mixin.py:188} INFO - [2024-07-14T16:47:36.774+0000] {dag.py:3096} INFO - Sync 1 DAGs
[2024-07-14T16:47:36.813+0000] {logging_mixin.py:188} INFO - [2024-07-14T16:47:36.813+0000] {dag.py:3954} INFO - Setting next_dagrun for tutorial_objectstorage to None, run_after=None
[2024-07-14T16:47:36.861+0000] {processor.py:183} INFO - Processing /home/airflow/.local/lib/python3.12/site-packages/airflow/example_dags/tutorial_objectstorage.py took 0.194 seconds
[2024-07-14T16:48:06.965+0000] {processor.py:161} INFO - Started process (PID=1638) to work on /home/airflow/.local/lib/python3.12/site-packages/airflow/example_dags/tutorial_objectstorage.py
[2024-07-14T16:48:06.967+0000] {processor.py:830} INFO - Processing file /home/airflow/.local/lib/python3.12/site-packages/airflow/example_dags/tutorial_objectstorage.py for tasks to queue
[2024-07-14T16:48:06.970+0000] {logging_mixin.py:188} INFO - [2024-07-14T16:48:06.969+0000] {dagbag.py:545} INFO - Filling up the DagBag from /home/airflow/.local/lib/python3.12/site-packages/airflow/example_dags/tutorial_objectstorage.py
[2024-07-14T16:48:06.986+0000] {processor.py:840} INFO - DAG(s) 'tutorial_objectstorage' retrieved from /home/airflow/.local/lib/python3.12/site-packages/airflow/example_dags/tutorial_objectstorage.py
[2024-07-14T16:48:07.022+0000] {logging_mixin.py:188} INFO - [2024-07-14T16:48:07.021+0000] {dag.py:3096} INFO - Sync 1 DAGs
[2024-07-14T16:48:07.052+0000] {logging_mixin.py:188} INFO - [2024-07-14T16:48:07.052+0000] {dag.py:3954} INFO - Setting next_dagrun for tutorial_objectstorage to None, run_after=None
[2024-07-14T16:48:07.098+0000] {processor.py:183} INFO - Processing /home/airflow/.local/lib/python3.12/site-packages/airflow/example_dags/tutorial_objectstorage.py took 0.143 seconds
[2024-07-14T16:48:37.848+0000] {processor.py:161} INFO - Started process (PID=1698) to work on /home/airflow/.local/lib/python3.12/site-packages/airflow/example_dags/tutorial_objectstorage.py
[2024-07-14T16:48:37.849+0000] {processor.py:830} INFO - Processing file /home/airflow/.local/lib/python3.12/site-packages/airflow/example_dags/tutorial_objectstorage.py for tasks to queue
[2024-07-14T16:48:37.851+0000] {logging_mixin.py:188} INFO - [2024-07-14T16:48:37.851+0000] {dagbag.py:545} INFO - Filling up the DagBag from /home/airflow/.local/lib/python3.12/site-packages/airflow/example_dags/tutorial_objectstorage.py
[2024-07-14T16:48:37.865+0000] {processor.py:840} INFO - DAG(s) 'tutorial_objectstorage' retrieved from /home/airflow/.local/lib/python3.12/site-packages/airflow/example_dags/tutorial_objectstorage.py
[2024-07-14T16:48:37.908+0000] {logging_mixin.py:188} INFO - [2024-07-14T16:48:37.907+0000] {dag.py:3096} INFO - Sync 1 DAGs
[2024-07-14T16:48:37.937+0000] {logging_mixin.py:188} INFO - [2024-07-14T16:48:37.937+0000] {dag.py:3954} INFO - Setting next_dagrun for tutorial_objectstorage to None, run_after=None
[2024-07-14T16:48:37.986+0000] {processor.py:183} INFO - Processing /home/airflow/.local/lib/python3.12/site-packages/airflow/example_dags/tutorial_objectstorage.py took 0.149 seconds
[2024-07-14T16:49:08.291+0000] {processor.py:161} INFO - Started process (PID=1757) to work on /home/airflow/.local/lib/python3.12/site-packages/airflow/example_dags/tutorial_objectstorage.py
[2024-07-14T16:49:08.293+0000] {processor.py:830} INFO - Processing file /home/airflow/.local/lib/python3.12/site-packages/airflow/example_dags/tutorial_objectstorage.py for tasks to queue
[2024-07-14T16:49:08.295+0000] {logging_mixin.py:188} INFO - [2024-07-14T16:49:08.294+0000] {dagbag.py:545} INFO - Filling up the DagBag from /home/airflow/.local/lib/python3.12/site-packages/airflow/example_dags/tutorial_objectstorage.py
[2024-07-14T16:49:08.312+0000] {processor.py:840} INFO - DAG(s) 'tutorial_objectstorage' retrieved from /home/airflow/.local/lib/python3.12/site-packages/airflow/example_dags/tutorial_objectstorage.py
[2024-07-14T16:49:08.360+0000] {logging_mixin.py:188} INFO - [2024-07-14T16:49:08.360+0000] {dag.py:3096} INFO - Sync 1 DAGs
[2024-07-14T16:49:08.394+0000] {logging_mixin.py:188} INFO - [2024-07-14T16:49:08.394+0000] {dag.py:3954} INFO - Setting next_dagrun for tutorial_objectstorage to None, run_after=None
[2024-07-14T16:49:08.441+0000] {processor.py:183} INFO - Processing /home/airflow/.local/lib/python3.12/site-packages/airflow/example_dags/tutorial_objectstorage.py took 0.168 seconds
[2024-07-14T16:49:39.077+0000] {processor.py:161} INFO - Started process (PID=1816) to work on /home/airflow/.local/lib/python3.12/site-packages/airflow/example_dags/tutorial_objectstorage.py
[2024-07-14T16:49:39.080+0000] {processor.py:830} INFO - Processing file /home/airflow/.local/lib/python3.12/site-packages/airflow/example_dags/tutorial_objectstorage.py for tasks to queue
[2024-07-14T16:49:39.083+0000] {logging_mixin.py:188} INFO - [2024-07-14T16:49:39.082+0000] {dagbag.py:545} INFO - Filling up the DagBag from /home/airflow/.local/lib/python3.12/site-packages/airflow/example_dags/tutorial_objectstorage.py
[2024-07-14T16:49:39.096+0000] {processor.py:840} INFO - DAG(s) 'tutorial_objectstorage' retrieved from /home/airflow/.local/lib/python3.12/site-packages/airflow/example_dags/tutorial_objectstorage.py
[2024-07-14T16:49:39.140+0000] {logging_mixin.py:188} INFO - [2024-07-14T16:49:39.139+0000] {dag.py:3096} INFO - Sync 1 DAGs
[2024-07-14T16:49:39.171+0000] {logging_mixin.py:188} INFO - [2024-07-14T16:49:39.171+0000] {dag.py:3954} INFO - Setting next_dagrun for tutorial_objectstorage to None, run_after=None
[2024-07-14T16:49:39.213+0000] {processor.py:183} INFO - Processing /home/airflow/.local/lib/python3.12/site-packages/airflow/example_dags/tutorial_objectstorage.py took 0.150 seconds
[2024-07-14T16:50:09.744+0000] {processor.py:161} INFO - Started process (PID=1875) to work on /home/airflow/.local/lib/python3.12/site-packages/airflow/example_dags/tutorial_objectstorage.py
[2024-07-14T16:50:09.747+0000] {processor.py:830} INFO - Processing file /home/airflow/.local/lib/python3.12/site-packages/airflow/example_dags/tutorial_objectstorage.py for tasks to queue
[2024-07-14T16:50:09.753+0000] {logging_mixin.py:188} INFO - [2024-07-14T16:50:09.752+0000] {dagbag.py:545} INFO - Filling up the DagBag from /home/airflow/.local/lib/python3.12/site-packages/airflow/example_dags/tutorial_objectstorage.py
[2024-07-14T16:50:09.784+0000] {processor.py:840} INFO - DAG(s) 'tutorial_objectstorage' retrieved from /home/airflow/.local/lib/python3.12/site-packages/airflow/example_dags/tutorial_objectstorage.py
[2024-07-14T16:50:09.933+0000] {logging_mixin.py:188} INFO - [2024-07-14T16:50:09.932+0000] {dag.py:3096} INFO - Sync 1 DAGs
[2024-07-14T16:50:09.995+0000] {logging_mixin.py:188} INFO - [2024-07-14T16:50:09.994+0000] {dag.py:3954} INFO - Setting next_dagrun for tutorial_objectstorage to None, run_after=None
[2024-07-14T16:50:10.440+0000] {processor.py:183} INFO - Processing /home/airflow/.local/lib/python3.12/site-packages/airflow/example_dags/tutorial_objectstorage.py took 0.708 seconds
[2024-07-14T16:50:40.786+0000] {processor.py:161} INFO - Started process (PID=1933) to work on /home/airflow/.local/lib/python3.12/site-packages/airflow/example_dags/tutorial_objectstorage.py
[2024-07-14T16:50:40.790+0000] {processor.py:830} INFO - Processing file /home/airflow/.local/lib/python3.12/site-packages/airflow/example_dags/tutorial_objectstorage.py for tasks to queue
[2024-07-14T16:50:40.795+0000] {logging_mixin.py:188} INFO - [2024-07-14T16:50:40.793+0000] {dagbag.py:545} INFO - Filling up the DagBag from /home/airflow/.local/lib/python3.12/site-packages/airflow/example_dags/tutorial_objectstorage.py
[2024-07-14T16:50:40.812+0000] {processor.py:840} INFO - DAG(s) 'tutorial_objectstorage' retrieved from /home/airflow/.local/lib/python3.12/site-packages/airflow/example_dags/tutorial_objectstorage.py
[2024-07-14T16:50:40.856+0000] {logging_mixin.py:188} INFO - [2024-07-14T16:50:40.856+0000] {dag.py:3096} INFO - Sync 1 DAGs
[2024-07-14T16:50:40.889+0000] {logging_mixin.py:188} INFO - [2024-07-14T16:50:40.889+0000] {dag.py:3954} INFO - Setting next_dagrun for tutorial_objectstorage to None, run_after=None
[2024-07-14T16:50:40.930+0000] {processor.py:183} INFO - Processing /home/airflow/.local/lib/python3.12/site-packages/airflow/example_dags/tutorial_objectstorage.py took 0.168 seconds
[2024-07-14T16:51:11.805+0000] {processor.py:161} INFO - Started process (PID=1991) to work on /home/airflow/.local/lib/python3.12/site-packages/airflow/example_dags/tutorial_objectstorage.py
[2024-07-14T16:51:11.808+0000] {processor.py:830} INFO - Processing file /home/airflow/.local/lib/python3.12/site-packages/airflow/example_dags/tutorial_objectstorage.py for tasks to queue
[2024-07-14T16:51:11.810+0000] {logging_mixin.py:188} INFO - [2024-07-14T16:51:11.809+0000] {dagbag.py:545} INFO - Filling up the DagBag from /home/airflow/.local/lib/python3.12/site-packages/airflow/example_dags/tutorial_objectstorage.py
[2024-07-14T16:51:11.830+0000] {processor.py:840} INFO - DAG(s) 'tutorial_objectstorage' retrieved from /home/airflow/.local/lib/python3.12/site-packages/airflow/example_dags/tutorial_objectstorage.py
[2024-07-14T16:51:11.888+0000] {logging_mixin.py:188} INFO - [2024-07-14T16:51:11.888+0000] {dag.py:3096} INFO - Sync 1 DAGs
[2024-07-14T16:51:11.923+0000] {logging_mixin.py:188} INFO - [2024-07-14T16:51:11.922+0000] {dag.py:3954} INFO - Setting next_dagrun for tutorial_objectstorage to None, run_after=None
[2024-07-14T16:51:11.970+0000] {processor.py:183} INFO - Processing /home/airflow/.local/lib/python3.12/site-packages/airflow/example_dags/tutorial_objectstorage.py took 0.177 seconds
[2024-07-14T16:51:42.671+0000] {processor.py:161} INFO - Started process (PID=2050) to work on /home/airflow/.local/lib/python3.12/site-packages/airflow/example_dags/tutorial_objectstorage.py
[2024-07-14T16:51:42.678+0000] {processor.py:830} INFO - Processing file /home/airflow/.local/lib/python3.12/site-packages/airflow/example_dags/tutorial_objectstorage.py for tasks to queue
[2024-07-14T16:51:42.680+0000] {logging_mixin.py:188} INFO - [2024-07-14T16:51:42.680+0000] {dagbag.py:545} INFO - Filling up the DagBag from /home/airflow/.local/lib/python3.12/site-packages/airflow/example_dags/tutorial_objectstorage.py
[2024-07-14T16:51:42.696+0000] {processor.py:840} INFO - DAG(s) 'tutorial_objectstorage' retrieved from /home/airflow/.local/lib/python3.12/site-packages/airflow/example_dags/tutorial_objectstorage.py
[2024-07-14T16:51:42.749+0000] {logging_mixin.py:188} INFO - [2024-07-14T16:51:42.748+0000] {dag.py:3096} INFO - Sync 1 DAGs
[2024-07-14T16:51:42.784+0000] {logging_mixin.py:188} INFO - [2024-07-14T16:51:42.784+0000] {dag.py:3954} INFO - Setting next_dagrun for tutorial_objectstorage to None, run_after=None
[2024-07-14T16:51:42.835+0000] {processor.py:183} INFO - Processing /home/airflow/.local/lib/python3.12/site-packages/airflow/example_dags/tutorial_objectstorage.py took 0.176 seconds
[2024-07-14T16:55:32.566+0000] {processor.py:161} INFO - Started process (PID=63) to work on /home/airflow/.local/lib/python3.12/site-packages/airflow/example_dags/tutorial_objectstorage.py
[2024-07-14T16:55:32.570+0000] {processor.py:830} INFO - Processing file /home/airflow/.local/lib/python3.12/site-packages/airflow/example_dags/tutorial_objectstorage.py for tasks to queue
[2024-07-14T16:55:32.793+0000] {logging_mixin.py:188} INFO - [2024-07-14T16:55:32.787+0000] {dagbag.py:545} INFO - Filling up the DagBag from /home/airflow/.local/lib/python3.12/site-packages/airflow/example_dags/tutorial_objectstorage.py
[2024-07-14T16:55:32.957+0000] {processor.py:840} INFO - DAG(s) 'tutorial_objectstorage' retrieved from /home/airflow/.local/lib/python3.12/site-packages/airflow/example_dags/tutorial_objectstorage.py
[2024-07-14T16:55:35.053+0000] {logging_mixin.py:188} INFO - [2024-07-14T16:55:35.052+0000] {dag.py:3096} INFO - Sync 1 DAGs
[2024-07-14T16:55:35.311+0000] {logging_mixin.py:188} INFO - [2024-07-14T16:55:35.311+0000] {dag.py:3954} INFO - Setting next_dagrun for tutorial_objectstorage to None, run_after=None
[2024-07-14T16:55:36.013+0000] {processor.py:183} INFO - Processing /home/airflow/.local/lib/python3.12/site-packages/airflow/example_dags/tutorial_objectstorage.py took 3.705 seconds
[2024-07-14T16:56:28.064+0000] {processor.py:161} INFO - Started process (PID=122) to work on /home/airflow/.local/lib/python3.12/site-packages/airflow/example_dags/tutorial_objectstorage.py
[2024-07-14T16:56:28.066+0000] {processor.py:830} INFO - Processing file /home/airflow/.local/lib/python3.12/site-packages/airflow/example_dags/tutorial_objectstorage.py for tasks to queue
[2024-07-14T16:56:28.069+0000] {logging_mixin.py:188} INFO - [2024-07-14T16:56:28.068+0000] {dagbag.py:545} INFO - Filling up the DagBag from /home/airflow/.local/lib/python3.12/site-packages/airflow/example_dags/tutorial_objectstorage.py
[2024-07-14T16:56:28.081+0000] {processor.py:840} INFO - DAG(s) 'tutorial_objectstorage' retrieved from /home/airflow/.local/lib/python3.12/site-packages/airflow/example_dags/tutorial_objectstorage.py
[2024-07-14T16:56:28.127+0000] {logging_mixin.py:188} INFO - [2024-07-14T16:56:28.127+0000] {dag.py:3096} INFO - Sync 1 DAGs
[2024-07-14T16:56:28.246+0000] {logging_mixin.py:188} INFO - [2024-07-14T16:56:28.245+0000] {dag.py:3954} INFO - Setting next_dagrun for tutorial_objectstorage to None, run_after=None
[2024-07-14T16:56:28.691+0000] {processor.py:183} INFO - Processing /home/airflow/.local/lib/python3.12/site-packages/airflow/example_dags/tutorial_objectstorage.py took 0.638 seconds
