[2024-07-14T18:52:18.559+0000] {local_task_job_runner.py:120} INFO - ::group::Pre task execution logs
[2024-07-14T18:52:18.588+0000] {taskinstance.py:2076} INFO - Dependencies all met for dep_context=non-requeueable deps ti=<TaskInstance: db_and_http.log_response manual__2024-07-14T18:52:08.275879+00:00 [queued]>
[2024-07-14T18:52:18.603+0000] {taskinstance.py:2076} INFO - Dependencies all met for dep_context=requeueable deps ti=<TaskInstance: db_and_http.log_response manual__2024-07-14T18:52:08.275879+00:00 [queued]>
[2024-07-14T18:52:18.604+0000] {taskinstance.py:2306} INFO - Starting attempt 1 of 1
[2024-07-14T18:52:18.627+0000] {taskinstance.py:2330} INFO - Executing <Task(PythonOperator): log_response> on 2024-07-14 18:52:08.275879+00:00
[2024-07-14T18:52:18.635+0000] {warnings.py:112} WARNING - /home/***/.local/lib/python3.12/site-packages/***/task/task_runner/standard_task_runner.py:61: DeprecationWarning: This process (pid=995) is multi-threaded, use of fork() may lead to deadlocks in the child.
  pid = os.fork()

[2024-07-14T18:52:18.638+0000] {standard_task_runner.py:63} INFO - Started process 996 to run task
[2024-07-14T18:52:18.639+0000] {standard_task_runner.py:90} INFO - Running: ['***', 'tasks', 'run', 'db_and_http', 'log_response', 'manual__2024-07-14T18:52:08.275879+00:00', '--job-id', '19', '--raw', '--subdir', 'DAGS_FOLDER/db_and_http_dag.py', '--cfg-path', '/tmp/tmpwyjtz6be']
[2024-07-14T18:52:18.643+0000] {standard_task_runner.py:91} INFO - Job 19: Subtask log_response
[2024-07-14T18:52:18.771+0000] {task_command.py:426} INFO - Running <TaskInstance: db_and_http.log_response manual__2024-07-14T18:52:08.275879+00:00 [running]> on host 26fab3728191
[2024-07-14T18:52:20.377+0000] {taskinstance.py:2648} INFO - Exporting env vars: AIRFLOW_CTX_DAG_OWNER='***' AIRFLOW_CTX_DAG_ID='db_and_http' AIRFLOW_CTX_TASK_ID='log_response' AIRFLOW_CTX_EXECUTION_DATE='2024-07-14T18:52:08.275879+00:00' AIRFLOW_CTX_TRY_NUMBER='1' AIRFLOW_CTX_DAG_RUN_ID='manual__2024-07-14T18:52:08.275879+00:00'
[2024-07-14T18:52:20.390+0000] {taskinstance.py:430} INFO - ::endgroup::
[2024-07-14T18:52:20.493+0000] {logging_mixin.py:188} INFO - HTTP Response: {
  "title": "foo",
  "body": "bar",
  "userId": 4,
  "id": 101
}
[2024-07-14T18:52:20.495+0000] {python.py:237} INFO - Done. Returned value was: {
  "title": "foo",
  "body": "bar",
  "userId": 4,
  "id": 101
}
[2024-07-14T18:52:20.505+0000] {taskinstance.py:441} INFO - ::group::Post task execution logs
[2024-07-14T18:52:20.636+0000] {taskinstance.py:1206} INFO - Marking task as SUCCESS. dag_id=db_and_http, task_id=log_response, run_id=manual__2024-07-14T18:52:08.275879+00:00, execution_date=20240714T185208, start_date=20240714T185218, end_date=20240714T185220
[2024-07-14T18:52:20.711+0000] {local_task_job_runner.py:240} INFO - Task exited with return code 0
[2024-07-14T18:52:20.824+0000] {taskinstance.py:3503} INFO - 1 downstream tasks scheduled from follow-on schedule check
[2024-07-14T18:52:20.827+0000] {local_task_job_runner.py:222} INFO - ::endgroup::
