[2024-07-14T18:50:09.507+0000] {local_task_job_runner.py:120} INFO - ::group::Pre task execution logs
[2024-07-14T18:50:09.565+0000] {taskinstance.py:2076} INFO - Dependencies all met for dep_context=non-requeueable deps ti=<TaskInstance: db_and_http.read_firestore_data manual__2024-07-14T18:50:02.242490+00:00 [queued]>
[2024-07-14T18:50:09.588+0000] {taskinstance.py:2076} INFO - Dependencies all met for dep_context=requeueable deps ti=<TaskInstance: db_and_http.read_firestore_data manual__2024-07-14T18:50:02.242490+00:00 [queued]>
[2024-07-14T18:50:09.590+0000] {taskinstance.py:2306} INFO - Starting attempt 1 of 1
[2024-07-14T18:50:09.627+0000] {taskinstance.py:2330} INFO - Executing <Task(PythonOperator): read_firestore_data> on 2024-07-14 18:50:02.242490+00:00
[2024-07-14T18:50:09.637+0000] {warnings.py:112} WARNING - /home/***/.local/lib/python3.12/site-packages/***/task/task_runner/standard_task_runner.py:61: DeprecationWarning: This process (pid=948) is multi-threaded, use of fork() may lead to deadlocks in the child.
  pid = os.fork()

[2024-07-14T18:50:09.641+0000] {standard_task_runner.py:63} INFO - Started process 949 to run task
[2024-07-14T18:50:09.641+0000] {standard_task_runner.py:90} INFO - Running: ['***', 'tasks', 'run', 'db_and_http', 'read_firestore_data', 'manual__2024-07-14T18:50:02.242490+00:00', '--job-id', '15', '--raw', '--subdir', 'DAGS_FOLDER/db_and_http_dag.py', '--cfg-path', '/tmp/tmp7re0nm28']
[2024-07-14T18:50:09.648+0000] {standard_task_runner.py:91} INFO - Job 15: Subtask read_firestore_data
[2024-07-14T18:50:09.745+0000] {task_command.py:426} INFO - Running <TaskInstance: db_and_http.read_firestore_data manual__2024-07-14T18:50:02.242490+00:00 [running]> on host 26fab3728191
[2024-07-14T18:50:09.964+0000] {taskinstance.py:2648} INFO - Exporting env vars: AIRFLOW_CTX_DAG_OWNER='***' AIRFLOW_CTX_DAG_ID='db_and_http' AIRFLOW_CTX_TASK_ID='read_firestore_data' AIRFLOW_CTX_EXECUTION_DATE='2024-07-14T18:50:02.242490+00:00' AIRFLOW_CTX_TRY_NUMBER='1' AIRFLOW_CTX_DAG_RUN_ID='manual__2024-07-14T18:50:02.242490+00:00'
[2024-07-14T18:50:09.974+0000] {taskinstance.py:430} INFO - ::endgroup::
[2024-07-14T18:50:12.188+0000] {logging_mixin.py:188} INFO - Doc => {'uid': 'tuIl2hls8AQ8XCCzAVmUpGXx3zw1', 'added_at': '2024-07-04T13:47:22.332896+00:00', 'catalog_id': 'N4Z4qTOQTfxgJbnHcrPt', 'description': 'Specify the details to upload a video to Youtube.', 'display_name': 'Upload to Youtube', 'endpoint_url': 'http://localhost:8081/api/v1/uploads/upload-video/', 'properties': [{'display_name': 'Audio Url', 'key': 'audio_url', 'type': 'string', 'help_text': 'The url pointing to the audio file. Eg "https://cdn.com/audio.mp4"'}, {'display_name': 'Video Url', 'key': 'video_url', 'type': 'string', 'help_text': 'The url pointing to the video file. Eg "https://cdn.com/video.mp4"'}, {'display_name': 'IG Source', 'key': 'ig_source', 'type': 'string', 'help_text': ''}, {'display_name': 'Channel Name', 'key': 'channel_name', 'type': 'string', 'help_text': 'Eg "MyChannel"'}, {'display_name': 'Title', 'key': 'title', 'type': 'string', 'help_text': 'The title of the video.'}, {'display_name': 'Description', 'key': 'description', 'type': 'string', 'help_text': 'The description of the video.'}, {'display_name': 'Tags', 'key': 'tags', 'type': 'string', 'help_text': 'Tags related to the video. Eg "summer, sun, etc."'}, {'display_name': 'Profile', 'key': 'profile', 'type': 'string', 'help_text': ''}], 'id': 'N4Z4qTOQTfxgJbnHcrPt'}
[2024-07-14T18:50:12.189+0000] {logging_mixin.py:188} INFO - Doc => {'uid': 'tuIl2hls8AQ8XCCzAVmUpGXx3zw1', 'added_at': '2024-07-04T08:06:03.171020+00:00', 'catalog_id': 'XfJu8rGlosefzpXGpgPt', 'description': 'The most recent Reels from this account will be collected. New reels will be automatically tracked.', 'display_name': 'Collecting Reels', 'endpoint_url': 'http://localhost:8081/api/v1/automation/collect-reels', 'properties': [{'display_name': 'Username OR Url', 'key': 'url', 'type': 'string', 'help_text': 'E.g. "username" or "https://www.instagram.com/username/"'}, {'display_name': 'Reels Quantity', 'key': 'reel_qty', 'type': 'number', 'help_text': 'Eg. 12 for twelve reels'}], 'id': 'XfJu8rGlosefzpXGpgPt'}
[2024-07-14T18:50:12.190+0000] {logging_mixin.py:188} INFO - Doc => {'uid': 'tuIl2hls8AQ8XCCzAVmUpGXx3zw1', 'added_at': '2024-07-04T15:51:21.840123+00:00', 'catalog_id': 'Z84vSmq8v1Ca1s9FTFeR', 'description': 'Replaces all the images with the image of a cat.', 'display_name': 'Catify Website', 'endpoint_url': 'http://localhost:8081/api/v1/automation/catify-webpage', 'properties': [{'display_name': 'Website', 'key': 'url', 'type': 'string', 'help_text': 'Eg. https://website.com'}], 'id': 'Z84vSmq8v1Ca1s9FTFeR'}
[2024-07-14T18:50:12.192+0000] {logging_mixin.py:188} INFO - Doc => {'uid': 'tuIl2hls8AQ8XCCzAVmUpGXx3zw1', 'added_at': '2024-07-04T08:25:55.214352+00:00', 'catalog_id': 'fD7xVJGKZry6CokRjYLr', 'description': 'Allows you to collect the information on reels. Eg publisher name, comment, like count, etc.', 'display_name': 'Analysing Reels', 'endpoint_url': 'http://localhost:8081/api/v1/automation/batch-analyse-ig-reel', 'properties': [{'display_name': 'Reels', 'key': 'urls', 'type': 'array', 'help_text': 'A list of urls. Eg "https://www.instagram.com/p/123456"'}], 'id': 'fD7xVJGKZry6CokRjYLr'}
[2024-07-14T18:50:12.193+0000] {python.py:237} INFO - Done. Returned value was: 4
[2024-07-14T18:50:12.194+0000] {taskinstance.py:441} INFO - ::group::Post task execution logs
[2024-07-14T18:50:12.262+0000] {taskinstance.py:1206} INFO - Marking task as SUCCESS. dag_id=db_and_http, task_id=read_firestore_data, run_id=manual__2024-07-14T18:50:02.242490+00:00, execution_date=20240714T185002, start_date=20240714T185009, end_date=20240714T185012
[2024-07-14T18:50:12.453+0000] {local_task_job_runner.py:240} INFO - Task exited with return code 0
[2024-07-14T18:50:12.496+0000] {warnings.py:112} WARNING - /home/***/.local/lib/python3.12/site-packages/***/models/baseoperator.py:1297: AirflowProviderDeprecationWarning: Call to deprecated class SimpleHttpOperator. (Class `SimpleHttpOperator` is deprecated and will be removed in a future release. Please use `HttpOperator` instead.)
  result = cls.__new__(cls)

[2024-07-14T18:50:12.560+0000] {taskinstance.py:3503} INFO - 1 downstream tasks scheduled from follow-on schedule check
[2024-07-14T18:50:12.563+0000] {local_task_job_runner.py:222} INFO - ::endgroup::
