[2024-07-14T18:52:26.713+0000] {local_task_job_runner.py:120} INFO - ::group::Pre task execution logs
[2024-07-14T18:52:26.755+0000] {taskinstance.py:2076} INFO - Dependencies all met for dep_context=non-requeueable deps ti=<TaskInstance: db_and_http.more_than_hundred manual__2024-07-14T18:52:08.275879+00:00 [queued]>
[2024-07-14T18:52:26.776+0000] {taskinstance.py:2076} INFO - Dependencies all met for dep_context=requeueable deps ti=<TaskInstance: db_and_http.more_than_hundred manual__2024-07-14T18:52:08.275879+00:00 [queued]>
[2024-07-14T18:52:26.778+0000] {taskinstance.py:2306} INFO - Starting attempt 1 of 1
[2024-07-14T18:52:26.808+0000] {taskinstance.py:2330} INFO - Executing <Task(PythonOperator): more_than_hundred> on 2024-07-14 18:52:08.275879+00:00
[2024-07-14T18:52:26.819+0000] {warnings.py:112} WARNING - /home/***/.local/lib/python3.12/site-packages/***/task/task_runner/standard_task_runner.py:61: DeprecationWarning: This process (pid=1006) is multi-threaded, use of fork() may lead to deadlocks in the child.
  pid = os.fork()

[2024-07-14T18:52:26.822+0000] {standard_task_runner.py:63} INFO - Started process 1007 to run task
[2024-07-14T18:52:26.825+0000] {standard_task_runner.py:90} INFO - Running: ['***', 'tasks', 'run', 'db_and_http', 'more_than_hundred', 'manual__2024-07-14T18:52:08.275879+00:00', '--job-id', '21', '--raw', '--subdir', 'DAGS_FOLDER/db_and_http_dag.py', '--cfg-path', '/tmp/tmpujdpmb2x']
[2024-07-14T18:52:26.828+0000] {standard_task_runner.py:91} INFO - Job 21: Subtask more_than_hundred
[2024-07-14T18:52:26.910+0000] {task_command.py:426} INFO - Running <TaskInstance: db_and_http.more_than_hundred manual__2024-07-14T18:52:08.275879+00:00 [running]> on host 26fab3728191
[2024-07-14T18:52:27.130+0000] {taskinstance.py:2648} INFO - Exporting env vars: AIRFLOW_CTX_DAG_OWNER='***' AIRFLOW_CTX_DAG_ID='db_and_http' AIRFLOW_CTX_TASK_ID='more_than_hundred' AIRFLOW_CTX_EXECUTION_DATE='2024-07-14T18:52:08.275879+00:00' AIRFLOW_CTX_TRY_NUMBER='1' AIRFLOW_CTX_DAG_RUN_ID='manual__2024-07-14T18:52:08.275879+00:00'
[2024-07-14T18:52:27.135+0000] {taskinstance.py:430} INFO - ::endgroup::
[2024-07-14T18:52:27.159+0000] {logging_mixin.py:188} INFO - ID is more than 100
[2024-07-14T18:52:27.160+0000] {python.py:237} INFO - Done. Returned value was: None
[2024-07-14T18:52:27.161+0000] {taskinstance.py:441} INFO - ::group::Post task execution logs
[2024-07-14T18:52:27.177+0000] {taskinstance.py:1206} INFO - Marking task as SUCCESS. dag_id=db_and_http, task_id=more_than_hundred, run_id=manual__2024-07-14T18:52:08.275879+00:00, execution_date=20240714T185208, start_date=20240714T185226, end_date=20240714T185227
[2024-07-14T18:52:27.221+0000] {local_task_job_runner.py:240} INFO - Task exited with return code 0
[2024-07-14T18:52:27.250+0000] {taskinstance.py:3503} INFO - 0 downstream tasks scheduled from follow-on schedule check
[2024-07-14T18:52:27.253+0000] {local_task_job_runner.py:222} INFO - ::endgroup::
