[2024-07-14T18:52:14.967+0000] {local_task_job_runner.py:120} INFO - ::group::Pre task execution logs
[2024-07-14T18:52:15.054+0000] {taskinstance.py:2076} INFO - Dependencies all met for dep_context=non-requeueable deps ti=<TaskInstance: db_and_http.post_request manual__2024-07-14T18:52:08.275879+00:00 [queued]>
[2024-07-14T18:52:15.079+0000] {taskinstance.py:2076} INFO - Dependencies all met for dep_context=requeueable deps ti=<TaskInstance: db_and_http.post_request manual__2024-07-14T18:52:08.275879+00:00 [queued]>
[2024-07-14T18:52:15.081+0000] {taskinstance.py:2306} INFO - Starting attempt 1 of 1
[2024-07-14T18:52:15.116+0000] {taskinstance.py:2330} INFO - Executing <Task(SimpleHttpOperator): post_request> on 2024-07-14 18:52:08.275879+00:00
[2024-07-14T18:52:15.126+0000] {warnings.py:112} WARNING - /home/***/.local/lib/python3.12/site-packages/***/task/task_runner/standard_task_runner.py:61: DeprecationWarning: This process (pid=993) is multi-threaded, use of fork() may lead to deadlocks in the child.
  pid = os.fork()

[2024-07-14T18:52:15.129+0000] {standard_task_runner.py:63} INFO - Started process 994 to run task
[2024-07-14T18:52:15.129+0000] {standard_task_runner.py:90} INFO - Running: ['***', 'tasks', 'run', 'db_and_http', 'post_request', 'manual__2024-07-14T18:52:08.275879+00:00', '--job-id', '18', '--raw', '--subdir', 'DAGS_FOLDER/db_and_http_dag.py', '--cfg-path', '/tmp/tmpts83g45b']
[2024-07-14T18:52:15.136+0000] {standard_task_runner.py:91} INFO - Job 18: Subtask post_request
[2024-07-14T18:52:15.228+0000] {task_command.py:426} INFO - Running <TaskInstance: db_and_http.post_request manual__2024-07-14T18:52:08.275879+00:00 [running]> on host 26fab3728191
[2024-07-14T18:52:15.663+0000] {taskinstance.py:2648} INFO - Exporting env vars: AIRFLOW_CTX_DAG_OWNER='***' AIRFLOW_CTX_DAG_ID='db_and_http' AIRFLOW_CTX_TASK_ID='post_request' AIRFLOW_CTX_EXECUTION_DATE='2024-07-14T18:52:08.275879+00:00' AIRFLOW_CTX_TRY_NUMBER='1' AIRFLOW_CTX_DAG_RUN_ID='manual__2024-07-14T18:52:08.275879+00:00'
[2024-07-14T18:52:15.669+0000] {taskinstance.py:430} INFO - ::endgroup::
[2024-07-14T18:52:15.694+0000] {http.py:169} INFO - Calling HTTP method
[2024-07-14T18:52:15.720+0000] {base.py:84} INFO - Using connection ID 'api_conn' for task execution.
[2024-07-14T18:52:15.796+0000] {base.py:84} INFO - Using connection ID 'api_conn' for task execution.
[2024-07-14T18:52:16.887+0000] {http.py:208} INFO - {
  "title": "foo",
  "body": "bar",
  "userId": 4,
  "id": 101
}
[2024-07-14T18:52:16.893+0000] {taskinstance.py:441} INFO - ::group::Post task execution logs
[2024-07-14T18:52:16.962+0000] {taskinstance.py:1206} INFO - Marking task as SUCCESS. dag_id=db_and_http, task_id=post_request, run_id=manual__2024-07-14T18:52:08.275879+00:00, execution_date=20240714T185208, start_date=20240714T185215, end_date=20240714T185216
[2024-07-14T18:52:17.006+0000] {local_task_job_runner.py:240} INFO - Task exited with return code 0
[2024-07-14T18:52:17.028+0000] {warnings.py:112} WARNING - /home/***/.local/lib/python3.12/site-packages/***/models/baseoperator.py:1297: AirflowProviderDeprecationWarning: Call to deprecated class SimpleHttpOperator. (Class `SimpleHttpOperator` is deprecated and will be removed in a future release. Please use `HttpOperator` instead.)
  result = cls.__new__(cls)

[2024-07-14T18:52:17.068+0000] {taskinstance.py:3503} INFO - 1 downstream tasks scheduled from follow-on schedule check
[2024-07-14T18:52:17.071+0000] {local_task_job_runner.py:222} INFO - ::endgroup::
